* EvoSuite 1.0.7-SNAPSHOT
* Going to generate test cases for class: org.ow2.proactive.scripting.TaskScript
* Starting Client-0
* Connecting to master process on port 6818
* Analyzing classpath: 
  - bins/proactive/common-api-8.5.0-SNAPSHOT-tests.jar
  - bins/proactive/common-api-all-8.5.0-SNAPSHOT.jar
* Finished analyzing classpath
* Generating tests for class org.ow2.proactive.scripting.TaskScript
* Test criteria:
  - Line Coverage
  - Branch Coverage
  - Exception
  - Mutation testing (weak)
  - Method-Output Coverage
  - Top-Level Method Coverage
  - No-Exception Top-Level Method Coverage
  - Context Branch Coverage
* Total number of test goals for DYNAMOSA: 94
* Using seed 1550512394250
* Starting evolution
* Initialsss Number of Goals in DynMOSA = 38 / 94
Current fitness function value: class org.evosuite.coverage.line.LineCoverageSuiteFitness ** 0.7647058823529411
Current fitness function value: class org.evosuite.coverage.branch.BranchCoverageSuiteFitness ** 0.8
Current fitness function value: class org.evosuite.coverage.exception.ExceptionCoverageSuiteFitness ** 1.0
Current fitness function value: class org.evosuite.coverage.mutation.WeakMutationSuiteFitness ** 0.75
Current fitness function value: class org.evosuite.coverage.io.output.OutputCoverageSuiteFitness ** 0.5454545454545454
Current fitness function value: class org.evosuite.coverage.method.MethodCoverageSuiteFitness ** 1.0
Current fitness function value: class org.evosuite.coverage.method.MethodNoExceptionCoverageSuiteFitness ** 1.0
Current fitness function value: class org.evosuite.coverage.cbranch.CBranchSuiteFitness ** 0.8
* naaame: 
* naaame: org.evosuite.ga.stoppingconditions.MaxFitnessEvaluationsStoppingCondition
Current fitness evaluations: 200
* naaame: org.evosuite.ShutdownTestWriter
* naaame: org.evosuite.ga.stoppingconditions.GlobalTimeStoppingCondition
* naaame: org.evosuite.ga.stoppingconditions.RMIStoppingCondition
* naaame: org.evosuite.ga.stoppingconditions.ZeroFitnessStoppingCondition
[MASTER] 18:53:48.337 [logback-1] WARN  TestChromosome - Functional mock problem: org.evosuite.ga.ConstructionFailedException: Max recursion depth reached
[MASTER] 18:53:50.210 [logback-1] WARN  TestChromosome - Functional mock problem: org.evosuite.ga.ConstructionFailedException: Failed to add constructor for javax.management.relation.RelationTypeSupport due to org.evosuite.ga.ConstructionFailedException: Have no generator for class javax.management.relation.RelationTypeSupport canUseFunctionalMocks=false, canBeMocked: true
[MASTER] 18:53:50.566 [logback-1] WARN  TestChromosome - Functional mock problem: org.evosuite.ga.ConstructionFailedException: Failed to add constructor for org.ow2.proactive.scripting.SelectionScript due to org.evosuite.ga.ConstructionFailedException: Found no variables of type class java.net.URL
[MASTER] 18:53:51.304 [logback-1] WARN  TestChromosome - Functional mock problem: org.evosuite.ga.ConstructionFailedException: Failed to add constructor for javax.management.relation.Role due to org.evosuite.ga.ConstructionFailedException: Have no generator for class javax.management.relation.Role canUseFunctionalMocks=false, canBeMocked: true
[MASTER] 18:53:54.247 [logback-1] WARN  TestChromosome - Functional mock problem: org.evosuite.ga.ConstructionFailedException: Have no generator for class java.time.chrono.HijrahChronology canUseFunctionalMocks=true, canBeMocked: false
[MASTER] 18:53:54.360 [logback-1] WARN  TestChromosome - Functional mock problem: org.evosuite.ga.ConstructionFailedException: Failed to add constructor for java.util.PropertyResourceBundle due to org.evosuite.ga.ConstructionFailedException: Found no variables of type class java.io.InputStream
[MASTER] 18:53:55.702 [logback-1] WARN  TestChromosome - Functional mock problem: org.evosuite.ga.ConstructionFailedException: Found no variables of type class java.util.regex.Pattern
[MASTER] 18:53:56.368 [logback-1] WARN  TestChromosome - Functional mock problem: org.evosuite.ga.ConstructionFailedException: Found no variables of type class java.net.URI
* naaame: 
* naaame: org.evosuite.ga.stoppingconditions.MaxFitnessEvaluationsStoppingCondition
Current fitness evaluations: 303
* naaame: org.evosuite.ShutdownTestWriter
* naaame: org.evosuite.ga.stoppingconditions.GlobalTimeStoppingCondition
* naaame: org.evosuite.ga.stoppingconditions.RMIStoppingCondition
* naaame: org.evosuite.ga.stoppingconditions.ZeroFitnessStoppingCondition
Current fitness function value: class org.evosuite.coverage.line.LineCoverageSuiteFitness ** 0.7647058823529411
Current fitness function value: class org.evosuite.coverage.branch.BranchCoverageSuiteFitness ** 0.8
Current fitness function value: class org.evosuite.coverage.exception.ExceptionCoverageSuiteFitness ** 1.0
Current fitness function value: class org.evosuite.coverage.mutation.WeakMutationSuiteFitness ** 0.7916666666666666
Current fitness function value: class org.evosuite.coverage.io.output.OutputCoverageSuiteFitness ** 0.5454545454545454
Current fitness function value: class org.evosuite.coverage.method.MethodCoverageSuiteFitness ** 1.0
Current fitness function value: class org.evosuite.coverage.method.MethodNoExceptionCoverageSuiteFitness ** 1.0
Current fitness function value: class org.evosuite.coverage.cbranch.CBranchSuiteFitness ** 0.8
[MASTER] 18:54:04.185 [logback-1] WARN  TestChromosome - Functional mock problem: org.evosuite.ga.ConstructionFailedException: Have no generator for class java.time.chrono.JapaneseChronology canUseFunctionalMocks=true, canBeMocked: false
[MASTER] 18:54:05.014 [logback-1] WARN  TestChromosome - Functional mock problem: org.evosuite.ga.ConstructionFailedException: Have no generator for class org.ow2.proactive.scripting.TaskScript canUseFunctionalMocks=false, canBeMocked: false
[MASTER] 18:54:06.252 [logback-1] WARN  TestChromosome - Functional mock problem: org.evosuite.ga.ConstructionFailedException: Failed to add constructor for org.apache.commons.io.filefilter.RegexFileFilter due to org.evosuite.ga.ConstructionFailedException: Found no variables of type class java.util.regex.Pattern
* naaame: 
* naaame: org.evosuite.ga.stoppingconditions.MaxFitnessEvaluationsStoppingCondition
Current fitness evaluations: 405
* naaame: org.evosuite.ShutdownTestWriter
* naaame: org.evosuite.ga.stoppingconditions.GlobalTimeStoppingCondition
* naaame: org.evosuite.ga.stoppingconditions.RMIStoppingCondition
* naaame: org.evosuite.ga.stoppingconditions.ZeroFitnessStoppingCondition
Current fitness function value: class org.evosuite.coverage.line.LineCoverageSuiteFitness ** 0.8823529411764706
Current fitness function value: class org.evosuite.coverage.branch.BranchCoverageSuiteFitness ** 0.9333333333333333
Current fitness function value: class org.evosuite.coverage.exception.ExceptionCoverageSuiteFitness ** 1.0
Current fitness function value: class org.evosuite.coverage.mutation.WeakMutationSuiteFitness ** 0.9166666666666666
Current fitness function value: class org.evosuite.coverage.io.output.OutputCoverageSuiteFitness ** 0.5454545454545454
Current fitness function value: class org.evosuite.coverage.method.MethodCoverageSuiteFitness ** 1.0
Current fitness function value: class org.evosuite.coverage.method.MethodNoExceptionCoverageSuiteFitness ** 1.0
Current fitness function value: class org.evosuite.coverage.cbranch.CBranchSuiteFitness ** 0.9333333333333333
[MASTER] 18:54:08.780 [logback-1] WARN  TestChromosome - Functional mock problem: org.evosuite.ga.ConstructionFailedException: Have no generator for class java.time.chrono.MinguoChronology canUseFunctionalMocks=true, canBeMocked: false
* naaame: 
* naaame: org.evosuite.ga.stoppingconditions.MaxFitnessEvaluationsStoppingCondition
Current fitness evaluations: 505
* naaame: org.evosuite.ShutdownTestWriter
* naaame: org.evosuite.ga.stoppingconditions.GlobalTimeStoppingCondition
* naaame: org.evosuite.ga.stoppingconditions.RMIStoppingCondition
* naaame: org.evosuite.ga.stoppingconditions.ZeroFitnessStoppingCondition
[MASTER] 18:54:11.122 [logback-1] WARN  TestChromosome - Functional mock problem: org.evosuite.ga.ConstructionFailedException: Have no generator for class java.time.chrono.ThaiBuddhistChronology canUseFunctionalMocks=true, canBeMocked: false
* naaame: 
* naaame: org.evosuite.ga.stoppingconditions.MaxFitnessEvaluationsStoppingCondition
Current fitness evaluations: 615
* naaame: org.evosuite.ShutdownTestWriter
* naaame: org.evosuite.ga.stoppingconditions.GlobalTimeStoppingCondition
* naaame: org.evosuite.ga.stoppingconditions.RMIStoppingCondition
* naaame: org.evosuite.ga.stoppingconditions.ZeroFitnessStoppingCondition
Current fitness function value: class org.evosuite.coverage.line.LineCoverageSuiteFitness ** 0.8823529411764706
Current fitness function value: class org.evosuite.coverage.branch.BranchCoverageSuiteFitness ** 0.9333333333333333
Current fitness function value: class org.evosuite.coverage.exception.ExceptionCoverageSuiteFitness ** 1.0
Current fitness function value: class org.evosuite.coverage.mutation.WeakMutationSuiteFitness ** 0.9166666666666666
Current fitness function value: class org.evosuite.coverage.io.output.OutputCoverageSuiteFitness ** 0.5454545454545454
Current fitness function value: class org.evosuite.coverage.method.MethodCoverageSuiteFitness ** 1.0
Current fitness function value: class org.evosuite.coverage.method.MethodNoExceptionCoverageSuiteFitness ** 1.0
Current fitness function value: class org.evosuite.coverage.cbranch.CBranchSuiteFitness ** 0.9333333333333333
* naaame: 
* naaame: org.evosuite.ga.stoppingconditions.MaxFitnessEvaluationsStoppingCondition
Current fitness evaluations: 723
* naaame: org.evosuite.ShutdownTestWriter
* naaame: org.evosuite.ga.stoppingconditions.GlobalTimeStoppingCondition
* naaame: org.evosuite.ga.stoppingconditions.RMIStoppingCondition
* naaame: org.evosuite.ga.stoppingconditions.ZeroFitnessStoppingCondition
* naaame: 
* naaame: org.evosuite.ga.stoppingconditions.MaxFitnessEvaluationsStoppingCondition
Current fitness evaluations: 833
* naaame: org.evosuite.ShutdownTestWriter
* naaame: org.evosuite.ga.stoppingconditions.GlobalTimeStoppingCondition
* naaame: org.evosuite.ga.stoppingconditions.RMIStoppingCondition
* naaame: org.evosuite.ga.stoppingconditions.ZeroFitnessStoppingCondition
[MASTER] 18:54:21.198 [logback-1] WARN  TestChromosome - Functional mock problem: org.evosuite.ga.ConstructionFailedException: Failed to add constructor for org.evosuite.runtime.mock.java.lang.MockException due to org.evosuite.ga.ConstructionFailedException: Found no variables of type class java.lang.Throwable
* naaame: 
* naaame: org.evosuite.ga.stoppingconditions.MaxFitnessEvaluationsStoppingCondition
Current fitness evaluations: 940
* naaame: org.evosuite.ShutdownTestWriter
* naaame: org.evosuite.ga.stoppingconditions.GlobalTimeStoppingCondition
* naaame: org.evosuite.ga.stoppingconditions.RMIStoppingCondition
* naaame: org.evosuite.ga.stoppingconditions.ZeroFitnessStoppingCondition
Current fitness function value: class org.evosuite.coverage.line.LineCoverageSuiteFitness ** 0.8823529411764706
Current fitness function value: class org.evosuite.coverage.branch.BranchCoverageSuiteFitness ** 0.9333333333333333
Current fitness function value: class org.evosuite.coverage.exception.ExceptionCoverageSuiteFitness ** 1.0
Current fitness function value: class org.evosuite.coverage.mutation.WeakMutationSuiteFitness ** 0.9166666666666666
Current fitness function value: class org.evosuite.coverage.io.output.OutputCoverageSuiteFitness ** 0.5454545454545454
Current fitness function value: class org.evosuite.coverage.method.MethodCoverageSuiteFitness ** 1.0
Current fitness function value: class org.evosuite.coverage.method.MethodNoExceptionCoverageSuiteFitness ** 1.0
Current fitness function value: class org.evosuite.coverage.cbranch.CBranchSuiteFitness ** 0.9333333333333333
* naaame: 
* naaame: org.evosuite.ga.stoppingconditions.MaxFitnessEvaluationsStoppingCondition
Current fitness evaluations: 1048
* naaame: org.evosuite.ShutdownTestWriter
* naaame: org.evosuite.ga.stoppingconditions.GlobalTimeStoppingCondition
* naaame: org.evosuite.ga.stoppingconditions.RMIStoppingCondition
* naaame: org.evosuite.ga.stoppingconditions.ZeroFitnessStoppingCondition
* naaame: 
* naaame: org.evosuite.ga.stoppingconditions.MaxFitnessEvaluationsStoppingCondition
Current fitness evaluations: 1154
* naaame: org.evosuite.ShutdownTestWriter
* naaame: org.evosuite.ga.stoppingconditions.GlobalTimeStoppingCondition
* naaame: org.evosuite.ga.stoppingconditions.RMIStoppingCondition
* naaame: org.evosuite.ga.stoppingconditions.ZeroFitnessStoppingCondition
* naaame: 
* naaame: org.evosuite.ga.stoppingconditions.MaxFitnessEvaluationsStoppingCondition
Current fitness evaluations: 1262
* naaame: org.evosuite.ShutdownTestWriter
* naaame: org.evosuite.ga.stoppingconditions.GlobalTimeStoppingCondition
* naaame: org.evosuite.ga.stoppingconditions.RMIStoppingCondition
* naaame: org.evosuite.ga.stoppingconditions.ZeroFitnessStoppingCondition
Current fitness function value: class org.evosuite.coverage.line.LineCoverageSuiteFitness ** 0.8823529411764706
Current fitness function value: class org.evosuite.coverage.branch.BranchCoverageSuiteFitness ** 0.9333333333333333
Current fitness function value: class org.evosuite.coverage.exception.ExceptionCoverageSuiteFitness ** 1.0
Current fitness function value: class org.evosuite.coverage.mutation.WeakMutationSuiteFitness ** 0.9166666666666666
Current fitness function value: class org.evosuite.coverage.io.output.OutputCoverageSuiteFitness ** 0.5454545454545454
Current fitness function value: class org.evosuite.coverage.method.MethodCoverageSuiteFitness ** 1.0
Current fitness function value: class org.evosuite.coverage.method.MethodNoExceptionCoverageSuiteFitness ** 1.0
Current fitness function value: class org.evosuite.coverage.cbranch.CBranchSuiteFitness ** 0.9333333333333333
* naaame: 
* naaame: org.evosuite.ga.stoppingconditions.MaxFitnessEvaluationsStoppingCondition
Current fitness evaluations: 1368
* naaame: org.evosuite.ShutdownTestWriter
* naaame: org.evosuite.ga.stoppingconditions.GlobalTimeStoppingCondition
* naaame: org.evosuite.ga.stoppingconditions.RMIStoppingCondition
* naaame: org.evosuite.ga.stoppingconditions.ZeroFitnessStoppingCondition
[MASTER] 18:54:34.082 [logback-1] WARN  TestChromosome - Functional mock problem: org.evosuite.ga.ConstructionFailedException: Failed to add constructor for org.evosuite.runtime.mock.java.lang.MockThrowable due to org.evosuite.ga.ConstructionFailedException: Found no variables of type class java.lang.Throwable
* naaame: 
* naaame: org.evosuite.ga.stoppingconditions.MaxFitnessEvaluationsStoppingCondition
Current fitness evaluations: 1474
* naaame: org.evosuite.ShutdownTestWriter
* naaame: org.evosuite.ga.stoppingconditions.GlobalTimeStoppingCondition
* naaame: org.evosuite.ga.stoppingconditions.RMIStoppingCondition
* naaame: org.evosuite.ga.stoppingconditions.ZeroFitnessStoppingCondition
* naaame: 
* naaame: org.evosuite.ga.stoppingconditions.MaxFitnessEvaluationsStoppingCondition
Current fitness evaluations: 1578
* naaame: org.evosuite.ShutdownTestWriter
* naaame: org.evosuite.ga.stoppingconditions.GlobalTimeStoppingCondition
* naaame: org.evosuite.ga.stoppingconditions.RMIStoppingCondition
* naaame: org.evosuite.ga.stoppingconditions.ZeroFitnessStoppingCondition
Current fitness function value: class org.evosuite.coverage.line.LineCoverageSuiteFitness ** 1.0
Current fitness function value: class org.evosuite.coverage.branch.BranchCoverageSuiteFitness ** 1.0
Current fitness function value: class org.evosuite.coverage.exception.ExceptionCoverageSuiteFitness ** 1.0
Current fitness function value: class org.evosuite.coverage.mutation.WeakMutationSuiteFitness ** 1.0
Current fitness function value: class org.evosuite.coverage.io.output.OutputCoverageSuiteFitness ** 0.6363636363636364
Current fitness function value: class org.evosuite.coverage.method.MethodCoverageSuiteFitness ** 1.0
Current fitness function value: class org.evosuite.coverage.method.MethodNoExceptionCoverageSuiteFitness ** 1.0
Current fitness function value: class org.evosuite.coverage.cbranch.CBranchSuiteFitness ** 1.0
[MASTER] 18:54:36.202 [logback-1] WARN  TestChromosome - Functional mock problem: org.evosuite.ga.ConstructionFailedException: Failed to add constructor for org.apache.commons.io.filefilter.PrefixFileFilter due to org.evosuite.ga.ConstructionFailedException: Failed to add constructor for java.util.PropertyResourceBundle due to org.evosuite.ga.ConstructionFailedException: Found no variables of type class java.io.Reader
* naaame: 
* naaame: org.evosuite.ga.stoppingconditions.MaxFitnessEvaluationsStoppingCondition
Current fitness evaluations: 1684
* naaame: org.evosuite.ShutdownTestWriter
* naaame: org.evosuite.ga.stoppingconditions.GlobalTimeStoppingCondition
* naaame: org.evosuite.ga.stoppingconditions.RMIStoppingCondition
* naaame: org.evosuite.ga.stoppingconditions.ZeroFitnessStoppingCondition
* naaame: 
* naaame: org.evosuite.ga.stoppingconditions.MaxFitnessEvaluationsStoppingCondition
Current fitness evaluations: 1788
* naaame: org.evosuite.ShutdownTestWriter
* naaame: org.evosuite.ga.stoppingconditions.GlobalTimeStoppingCondition
* naaame: org.evosuite.ga.stoppingconditions.RMIStoppingCondition
* naaame: org.evosuite.ga.stoppingconditions.ZeroFitnessStoppingCondition
Current fitness function value: class org.evosuite.coverage.line.LineCoverageSuiteFitness ** 1.0
Current fitness function value: class org.evosuite.coverage.branch.BranchCoverageSuiteFitness ** 1.0
Current fitness function value: class org.evosuite.coverage.exception.ExceptionCoverageSuiteFitness ** 1.0
Current fitness function value: class org.evosuite.coverage.mutation.WeakMutationSuiteFitness ** 1.0
Current fitness function value: class org.evosuite.coverage.io.output.OutputCoverageSuiteFitness ** 0.6363636363636364
Current fitness function value: class org.evosuite.coverage.method.MethodCoverageSuiteFitness ** 1.0
Current fitness function value: class org.evosuite.coverage.method.MethodNoExceptionCoverageSuiteFitness ** 1.0
Current fitness function value: class org.evosuite.coverage.cbranch.CBranchSuiteFitness ** 1.0
* naaame: 
* naaame: org.evosuite.ga.stoppingconditions.MaxFitnessEvaluationsStoppingCondition
Current fitness evaluations: 1896
* naaame: org.evosuite.ShutdownTestWriter
* naaame: org.evosuite.ga.stoppingconditions.GlobalTimeStoppingCondition
* naaame: org.evosuite.ga.stoppingconditions.RMIStoppingCondition
* naaame: org.evosuite.ga.stoppingconditions.ZeroFitnessStoppingCondition
[MASTER] 18:54:45.968 [logback-1] WARN  TestChromosome - Functional mock problem: org.evosuite.ga.ConstructionFailedException: Found no variables of type class java.net.InetAddress
* naaame: 
* naaame: org.evosuite.ga.stoppingconditions.MaxFitnessEvaluationsStoppingCondition
Current fitness evaluations: 2003
* naaame: org.evosuite.ShutdownTestWriter
* naaame: org.evosuite.ga.stoppingconditions.GlobalTimeStoppingCondition
* naaame: org.evosuite.ga.stoppingconditions.RMIStoppingCondition
* naaame: org.evosuite.ga.stoppingconditions.ZeroFitnessStoppingCondition
* naaame: 
* naaame: org.evosuite.ga.stoppingconditions.MaxFitnessEvaluationsStoppingCondition
Current fitness evaluations: 2113
* naaame: org.evosuite.ShutdownTestWriter
* naaame: org.evosuite.ga.stoppingconditions.GlobalTimeStoppingCondition
* naaame: org.evosuite.ga.stoppingconditions.RMIStoppingCondition
* naaame: org.evosuite.ga.stoppingconditions.ZeroFitnessStoppingCondition
Current fitness function value: class org.evosuite.coverage.line.LineCoverageSuiteFitness ** 1.0
Current fitness function value: class org.evosuite.coverage.branch.BranchCoverageSuiteFitness ** 1.0
Current fitness function value: class org.evosuite.coverage.exception.ExceptionCoverageSuiteFitness ** 1.0
Current fitness function value: class org.evosuite.coverage.mutation.WeakMutationSuiteFitness ** 1.0
Current fitness function value: class org.evosuite.coverage.io.output.OutputCoverageSuiteFitness ** 0.6363636363636364
Current fitness function value: class org.evosuite.coverage.method.MethodCoverageSuiteFitness ** 1.0
Current fitness function value: class org.evosuite.coverage.method.MethodNoExceptionCoverageSuiteFitness ** 1.0
Current fitness function value: class org.evosuite.coverage.cbranch.CBranchSuiteFitness ** 1.0
* naaame: 
* naaame: org.evosuite.ga.stoppingconditions.MaxFitnessEvaluationsStoppingCondition
Current fitness evaluations: 2221
* naaame: org.evosuite.ShutdownTestWriter
* naaame: org.evosuite.ga.stoppingconditions.GlobalTimeStoppingCondition
* naaame: org.evosuite.ga.stoppingconditions.RMIStoppingCondition
* naaame: org.evosuite.ga.stoppingconditions.ZeroFitnessStoppingCondition
* naaame: 
* naaame: org.evosuite.ga.stoppingconditions.MaxFitnessEvaluationsStoppingCondition
Current fitness evaluations: 2329
* naaame: org.evosuite.ShutdownTestWriter
* naaame: org.evosuite.ga.stoppingconditions.GlobalTimeStoppingCondition
* naaame: org.evosuite.ga.stoppingconditions.RMIStoppingCondition
* naaame: org.evosuite.ga.stoppingconditions.ZeroFitnessStoppingCondition
* naaame: 
* naaame: org.evosuite.ga.stoppingconditions.MaxFitnessEvaluationsStoppingCondition
Current fitness evaluations: 2436
* naaame: org.evosuite.ShutdownTestWriter
* naaame: org.evosuite.ga.stoppingconditions.GlobalTimeStoppingCondition
* naaame: org.evosuite.ga.stoppingconditions.RMIStoppingCondition
* naaame: org.evosuite.ga.stoppingconditions.ZeroFitnessStoppingCondition
Current fitness function value: class org.evosuite.coverage.line.LineCoverageSuiteFitness ** 1.0
Current fitness function value: class org.evosuite.coverage.branch.BranchCoverageSuiteFitness ** 1.0
Current fitness function value: class org.evosuite.coverage.exception.ExceptionCoverageSuiteFitness ** 1.0
Current fitness function value: class org.evosuite.coverage.mutation.WeakMutationSuiteFitness ** 1.0
Current fitness function value: class org.evosuite.coverage.io.output.OutputCoverageSuiteFitness ** 0.6363636363636364
Current fitness function value: class org.evosuite.coverage.method.MethodCoverageSuiteFitness ** 1.0
Current fitness function value: class org.evosuite.coverage.method.MethodNoExceptionCoverageSuiteFitness ** 1.0
Current fitness function value: class org.evosuite.coverage.cbranch.CBranchSuiteFitness ** 1.0
* naaame: 
* naaame: org.evosuite.ga.stoppingconditions.MaxFitnessEvaluationsStoppingCondition
Current fitness evaluations: 2544
* naaame: org.evosuite.ShutdownTestWriter
* naaame: org.evosuite.ga.stoppingconditions.GlobalTimeStoppingCondition
* naaame: org.evosuite.ga.stoppingconditions.RMIStoppingCondition
* naaame: org.evosuite.ga.stoppingconditions.ZeroFitnessStoppingCondition
* naaame: 
* naaame: org.evosuite.ga.stoppingconditions.MaxFitnessEvaluationsStoppingCondition
Current fitness evaluations: 2651
* naaame: org.evosuite.ShutdownTestWriter
* naaame: org.evosuite.ga.stoppingconditions.GlobalTimeStoppingCondition
* naaame: org.evosuite.ga.stoppingconditions.RMIStoppingCondition
* naaame: org.evosuite.ga.stoppingconditions.ZeroFitnessStoppingCondition
* naaame: 
* naaame: org.evosuite.ga.stoppingconditions.MaxFitnessEvaluationsStoppingCondition
Current fitness evaluations: 2758
* naaame: org.evosuite.ShutdownTestWriter
* naaame: org.evosuite.ga.stoppingconditions.GlobalTimeStoppingCondition
* naaame: org.evosuite.ga.stoppingconditions.RMIStoppingCondition
* naaame: org.evosuite.ga.stoppingconditions.ZeroFitnessStoppingCondition
* naaame: 
* naaame: org.evosuite.ga.stoppingconditions.MaxFitnessEvaluationsStoppingCondition
Current fitness evaluations: 2863
* naaame: org.evosuite.ShutdownTestWriter
* naaame: org.evosuite.ga.stoppingconditions.GlobalTimeStoppingCondition
* naaame: org.evosuite.ga.stoppingconditions.RMIStoppingCondition
* naaame: org.evosuite.ga.stoppingconditions.ZeroFitnessStoppingCondition
Current fitness function value: class org.evosuite.coverage.line.LineCoverageSuiteFitness ** 1.0
Current fitness function value: class org.evosuite.coverage.branch.BranchCoverageSuiteFitness ** 1.0
Current fitness function value: class org.evosuite.coverage.exception.ExceptionCoverageSuiteFitness ** 1.0
Current fitness function value: class org.evosuite.coverage.mutation.WeakMutationSuiteFitness ** 1.0
Current fitness function value: class org.evosuite.coverage.io.output.OutputCoverageSuiteFitness ** 0.6363636363636364
Current fitness function value: class org.evosuite.coverage.method.MethodCoverageSuiteFitness ** 1.0
Current fitness function value: class org.evosuite.coverage.method.MethodNoExceptionCoverageSuiteFitness ** 1.0
Current fitness function value: class org.evosuite.coverage.cbranch.CBranchSuiteFitness ** 1.0
* naaame: 
* naaame: org.evosuite.ga.stoppingconditions.MaxFitnessEvaluationsStoppingCondition
Current fitness evaluations: 2973
* naaame: org.evosuite.ShutdownTestWriter
* naaame: org.evosuite.ga.stoppingconditions.GlobalTimeStoppingCondition
* naaame: org.evosuite.ga.stoppingconditions.RMIStoppingCondition
* naaame: org.evosuite.ga.stoppingconditions.ZeroFitnessStoppingCondition
* naaame: 
* naaame: org.evosuite.ga.stoppingconditions.MaxFitnessEvaluationsStoppingCondition
Current fitness evaluations: 3077
* naaame: org.evosuite.ShutdownTestWriter
* naaame: org.evosuite.ga.stoppingconditions.GlobalTimeStoppingCondition
* naaame: org.evosuite.ga.stoppingconditions.RMIStoppingCondition
* naaame: org.evosuite.ga.stoppingconditions.ZeroFitnessStoppingCondition
* naaame: 
* naaame: org.evosuite.ga.stoppingconditions.MaxFitnessEvaluationsStoppingCondition
Current fitness evaluations: 3185
* naaame: org.evosuite.ShutdownTestWriter
* naaame: org.evosuite.ga.stoppingconditions.GlobalTimeStoppingCondition
* naaame: org.evosuite.ga.stoppingconditions.RMIStoppingCondition
* naaame: org.evosuite.ga.stoppingconditions.ZeroFitnessStoppingCondition
* naaame: 
* naaame: org.evosuite.ga.stoppingconditions.MaxFitnessEvaluationsStoppingCondition
Current fitness evaluations: 3287
* naaame: org.evosuite.ShutdownTestWriter
* naaame: org.evosuite.ga.stoppingconditions.GlobalTimeStoppingCondition
* naaame: org.evosuite.ga.stoppingconditions.RMIStoppingCondition
* naaame: org.evosuite.ga.stoppingconditions.ZeroFitnessStoppingCondition
Current fitness function value: class org.evosuite.coverage.line.LineCoverageSuiteFitness ** 1.0
Current fitness function value: class org.evosuite.coverage.branch.BranchCoverageSuiteFitness ** 1.0
Current fitness function value: class org.evosuite.coverage.exception.ExceptionCoverageSuiteFitness ** 1.0
Current fitness function value: class org.evosuite.coverage.mutation.WeakMutationSuiteFitness ** 1.0
Current fitness function value: class org.evosuite.coverage.io.output.OutputCoverageSuiteFitness ** 0.6363636363636364
Current fitness function value: class org.evosuite.coverage.method.MethodCoverageSuiteFitness ** 1.0
Current fitness function value: class org.evosuite.coverage.method.MethodNoExceptionCoverageSuiteFitness ** 1.0
Current fitness function value: class org.evosuite.coverage.cbranch.CBranchSuiteFitness ** 1.0
* naaame: 
* naaame: org.evosuite.ga.stoppingconditions.MaxFitnessEvaluationsStoppingCondition
Current fitness evaluations: 3393
* naaame: org.evosuite.ShutdownTestWriter
* naaame: org.evosuite.ga.stoppingconditions.GlobalTimeStoppingCondition
* naaame: org.evosuite.ga.stoppingconditions.RMIStoppingCondition
* naaame: org.evosuite.ga.stoppingconditions.ZeroFitnessStoppingCondition
* naaame: 
* naaame: org.evosuite.ga.stoppingconditions.MaxFitnessEvaluationsStoppingCondition
Current fitness evaluations: 3502
* naaame: org.evosuite.ShutdownTestWriter
* naaame: org.evosuite.ga.stoppingconditions.GlobalTimeStoppingCondition
* naaame: org.evosuite.ga.stoppingconditions.RMIStoppingCondition
* naaame: org.evosuite.ga.stoppingconditions.ZeroFitnessStoppingCondition
* naaame: 
* naaame: org.evosuite.ga.stoppingconditions.MaxFitnessEvaluationsStoppingCondition
Current fitness evaluations: 3608
* naaame: org.evosuite.ShutdownTestWriter
* naaame: org.evosuite.ga.stoppingconditions.GlobalTimeStoppingCondition
* naaame: org.evosuite.ga.stoppingconditions.RMIStoppingCondition
* naaame: org.evosuite.ga.stoppingconditions.ZeroFitnessStoppingCondition
Current fitness function value: class org.evosuite.coverage.line.LineCoverageSuiteFitness ** 1.0
Current fitness function value: class org.evosuite.coverage.branch.BranchCoverageSuiteFitness ** 1.0
Current fitness function value: class org.evosuite.coverage.exception.ExceptionCoverageSuiteFitness ** 1.0
Current fitness function value: class org.evosuite.coverage.mutation.WeakMutationSuiteFitness ** 1.0
Current fitness function value: class org.evosuite.coverage.io.output.OutputCoverageSuiteFitness ** 0.6363636363636364
Current fitness function value: class org.evosuite.coverage.method.MethodCoverageSuiteFitness ** 1.0
Current fitness function value: class org.evosuite.coverage.method.MethodNoExceptionCoverageSuiteFitness ** 1.0
Current fitness function value: class org.evosuite.coverage.cbranch.CBranchSuiteFitness ** 1.0
* naaame: 
* naaame: org.evosuite.ga.stoppingconditions.MaxFitnessEvaluationsStoppingCondition
Current fitness evaluations: 3714
* naaame: org.evosuite.ShutdownTestWriter
* naaame: org.evosuite.ga.stoppingconditions.GlobalTimeStoppingCondition
* naaame: org.evosuite.ga.stoppingconditions.RMIStoppingCondition
* naaame: org.evosuite.ga.stoppingconditions.ZeroFitnessStoppingCondition
[MASTER] 18:55:12.344 [logback-1] WARN  TestChromosome - Functional mock problem: org.evosuite.ga.ConstructionFailedException: Failed to add constructor for org.apache.log4j.spi.ThrowableInformation due to org.evosuite.ga.ConstructionFailedException: Found no variables of type class java.lang.Throwable
* naaame: 
* naaame: org.evosuite.ga.stoppingconditions.MaxFitnessEvaluationsStoppingCondition
Current fitness evaluations: 3822
* naaame: org.evosuite.ShutdownTestWriter
* naaame: org.evosuite.ga.stoppingconditions.GlobalTimeStoppingCondition
* naaame: org.evosuite.ga.stoppingconditions.RMIStoppingCondition
* naaame: org.evosuite.ga.stoppingconditions.ZeroFitnessStoppingCondition
* naaame: 
* naaame: org.evosuite.ga.stoppingconditions.MaxFitnessEvaluationsStoppingCondition
Current fitness evaluations: 3932
* naaame: org.evosuite.ShutdownTestWriter
* naaame: org.evosuite.ga.stoppingconditions.GlobalTimeStoppingCondition
* naaame: org.evosuite.ga.stoppingconditions.RMIStoppingCondition
* naaame: org.evosuite.ga.stoppingconditions.ZeroFitnessStoppingCondition
* naaame: 
* naaame: org.evosuite.ga.stoppingconditions.MaxFitnessEvaluationsStoppingCondition
Current fitness evaluations: 4039
* naaame: org.evosuite.ShutdownTestWriter
* naaame: org.evosuite.ga.stoppingconditions.GlobalTimeStoppingCondition
* naaame: org.evosuite.ga.stoppingconditions.RMIStoppingCondition
* naaame: org.evosuite.ga.stoppingconditions.ZeroFitnessStoppingCondition
Current fitness function value: class org.evosuite.coverage.line.LineCoverageSuiteFitness ** 1.0
Current fitness function value: class org.evosuite.coverage.branch.BranchCoverageSuiteFitness ** 1.0
Current fitness function value: class org.evosuite.coverage.exception.ExceptionCoverageSuiteFitness ** 1.0
Current fitness function value: class org.evosuite.coverage.mutation.WeakMutationSuiteFitness ** 1.0
Current fitness function value: class org.evosuite.coverage.io.output.OutputCoverageSuiteFitness ** 0.6363636363636364
Current fitness function value: class org.evosuite.coverage.method.MethodCoverageSuiteFitness ** 1.0
Current fitness function value: class org.evosuite.coverage.method.MethodNoExceptionCoverageSuiteFitness ** 1.0
Current fitness function value: class org.evosuite.coverage.cbranch.CBranchSuiteFitness ** 1.0
* naaame: 
* naaame: org.evosuite.ga.stoppingconditions.MaxFitnessEvaluationsStoppingCondition
Current fitness evaluations: 4141
* naaame: org.evosuite.ShutdownTestWriter
* naaame: org.evosuite.ga.stoppingconditions.GlobalTimeStoppingCondition
* naaame: org.evosuite.ga.stoppingconditions.RMIStoppingCondition
* naaame: org.evosuite.ga.stoppingconditions.ZeroFitnessStoppingCondition
* naaame: 
* naaame: org.evosuite.ga.stoppingconditions.MaxFitnessEvaluationsStoppingCondition
Current fitness evaluations: 4250
* naaame: org.evosuite.ShutdownTestWriter
* naaame: org.evosuite.ga.stoppingconditions.GlobalTimeStoppingCondition
* naaame: org.evosuite.ga.stoppingconditions.RMIStoppingCondition
* naaame: org.evosuite.ga.stoppingconditions.ZeroFitnessStoppingCondition
* naaame: 
* naaame: org.evosuite.ga.stoppingconditions.MaxFitnessEvaluationsStoppingCondition
Current fitness evaluations: 4357
* naaame: org.evosuite.ShutdownTestWriter
* naaame: org.evosuite.ga.stoppingconditions.GlobalTimeStoppingCondition
* naaame: org.evosuite.ga.stoppingconditions.RMIStoppingCondition
* naaame: org.evosuite.ga.stoppingconditions.ZeroFitnessStoppingCondition
Current fitness function value: class org.evosuite.coverage.line.LineCoverageSuiteFitness ** 1.0
Current fitness function value: class org.evosuite.coverage.branch.BranchCoverageSuiteFitness ** 1.0
Current fitness function value: class org.evosuite.coverage.exception.ExceptionCoverageSuiteFitness ** 1.0
Current fitness function value: class org.evosuite.coverage.mutation.WeakMutationSuiteFitness ** 1.0
Current fitness function value: class org.evosuite.coverage.io.output.OutputCoverageSuiteFitness ** 0.6363636363636364
Current fitness function value: class org.evosuite.coverage.method.MethodCoverageSuiteFitness ** 1.0
Current fitness function value: class org.evosuite.coverage.method.MethodNoExceptionCoverageSuiteFitness ** 1.0
Current fitness function value: class org.evosuite.coverage.cbranch.CBranchSuiteFitness ** 1.0
* naaame: 
* naaame: org.evosuite.ga.stoppingconditions.MaxFitnessEvaluationsStoppingCondition
Current fitness evaluations: 4464
* naaame: org.evosuite.ShutdownTestWriter
* naaame: org.evosuite.ga.stoppingconditions.GlobalTimeStoppingCondition
* naaame: org.evosuite.ga.stoppingconditions.RMIStoppingCondition
* naaame: org.evosuite.ga.stoppingconditions.ZeroFitnessStoppingCondition
* naaame: 
* naaame: org.evosuite.ga.stoppingconditions.MaxFitnessEvaluationsStoppingCondition
Current fitness evaluations: 4572
* naaame: org.evosuite.ShutdownTestWriter
* naaame: org.evosuite.ga.stoppingconditions.GlobalTimeStoppingCondition
* naaame: org.evosuite.ga.stoppingconditions.RMIStoppingCondition
* naaame: org.evosuite.ga.stoppingconditions.ZeroFitnessStoppingCondition
* naaame: 
* naaame: org.evosuite.ga.stoppingconditions.MaxFitnessEvaluationsStoppingCondition
Current fitness evaluations: 4682
* naaame: org.evosuite.ShutdownTestWriter
* naaame: org.evosuite.ga.stoppingconditions.GlobalTimeStoppingCondition
* naaame: org.evosuite.ga.stoppingconditions.RMIStoppingCondition
* naaame: org.evosuite.ga.stoppingconditions.ZeroFitnessStoppingCondition
* naaame: 
* naaame: org.evosuite.ga.stoppingconditions.MaxFitnessEvaluationsStoppingCondition
Current fitness evaluations: 4789
* naaame: org.evosuite.ShutdownTestWriter
* naaame: org.evosuite.ga.stoppingconditions.GlobalTimeStoppingCondition
* naaame: org.evosuite.ga.stoppingconditions.RMIStoppingCondition
* naaame: org.evosuite.ga.stoppingconditions.ZeroFitnessStoppingCondition
Current fitness function value: class org.evosuite.coverage.line.LineCoverageSuiteFitness ** 1.0
Current fitness function value: class org.evosuite.coverage.branch.BranchCoverageSuiteFitness ** 1.0
Current fitness function value: class org.evosuite.coverage.exception.ExceptionCoverageSuiteFitness ** 1.0
Current fitness function value: class org.evosuite.coverage.mutation.WeakMutationSuiteFitness ** 1.0
Current fitness function value: class org.evosuite.coverage.io.output.OutputCoverageSuiteFitness ** 0.6363636363636364
Current fitness function value: class org.evosuite.coverage.method.MethodCoverageSuiteFitness ** 1.0
Current fitness function value: class org.evosuite.coverage.method.MethodNoExceptionCoverageSuiteFitness ** 1.0
Current fitness function value: class org.evosuite.coverage.cbranch.CBranchSuiteFitness ** 1.0
Current fitness function value: class org.evosuite.coverage.line.LineCoverageSuiteFitness ** 1.0
Current fitness function value: class org.evosuite.coverage.branch.BranchCoverageSuiteFitness ** 1.0
Current fitness function value: class org.evosuite.coverage.exception.ExceptionCoverageSuiteFitness ** 1.0
Current fitness function value: class org.evosuite.coverage.mutation.WeakMutationSuiteFitness ** 1.0
Current fitness function value: class org.evosuite.coverage.io.output.OutputCoverageSuiteFitness ** 0.6363636363636364
Current fitness function value: class org.evosuite.coverage.method.MethodCoverageSuiteFitness ** 1.0
Current fitness function value: class org.evosuite.coverage.method.MethodNoExceptionCoverageSuiteFitness ** 1.0
Current fitness function value: class org.evosuite.coverage.cbranch.CBranchSuiteFitness ** 1.0
* Search finished after 122s and 43 generations, 70465 statements, best individual has fitness: 4.0
Current fitness function value: class org.evosuite.coverage.line.LineCoverageSuiteFitness ** 1.0
Current fitness function value: class org.evosuite.coverage.branch.BranchCoverageSuiteFitness ** 1.0
Current fitness function value: class org.evosuite.coverage.exception.ExceptionCoverageSuiteFitness ** 1.0
Current fitness function value: class org.evosuite.coverage.mutation.WeakMutationSuiteFitness ** 1.0
Current fitness function value: class org.evosuite.coverage.io.output.OutputCoverageSuiteFitness ** 0.6363636363636364
Current fitness function value: class org.evosuite.coverage.method.MethodCoverageSuiteFitness ** 1.0
Current fitness function value: class org.evosuite.coverage.method.MethodNoExceptionCoverageSuiteFitness ** 1.0
Current fitness function value: class org.evosuite.coverage.cbranch.CBranchSuiteFitness ** 1.0
* Minimizing test suite
* Going to analyze the coverage criteria
* Coverage analysis for criterion LINE
* Coverage of criterion LINE: 100%
* Total number of goals: 17
* Number of covered goals: 17
* Coverage analysis for criterion BRANCH
* Coverage of criterion BRANCH: 100%
* Total number of goals: 15
* Number of covered goals: 15
* Coverage analysis for criterion EXCEPTION
* Coverage of criterion EXCEPTION: 100%
* Total number of goals: 3
* Number of covered goals: 3
* Coverage analysis for criterion WEAKMUTATION
* Coverage of criterion WEAKMUTATION: 100%
* Total number of goals: 24
* Number of covered goals: 24
* Coverage analysis for criterion OUTPUT
* Coverage of criterion OUTPUT: 64%
* Total number of goals: 11
* Number of covered goals: 7
* Coverage analysis for criterion METHOD
* Coverage of criterion METHOD: 100%
* Total number of goals: 6
* Number of covered goals: 6
* Coverage analysis for criterion METHODNOEXCEPTION
* Coverage of criterion METHODNOEXCEPTION: 100%
* Total number of goals: 6
* Number of covered goals: 6
* Coverage analysis for criterion CBRANCH
* Coverage of criterion CBRANCH: 100%
* Total number of goals: 15
* Number of covered goals: 15
Current fitness function value: class org.evosuite.coverage.line.LineCoverageSuiteFitness ** 1.0
Current fitness function value: class org.evosuite.coverage.branch.BranchCoverageSuiteFitness ** 1.0
Current fitness function value: class org.evosuite.coverage.exception.ExceptionCoverageSuiteFitness ** 1.0
Current fitness function value: class org.evosuite.coverage.mutation.WeakMutationSuiteFitness ** 1.0
Current fitness function value: class org.evosuite.coverage.io.output.OutputCoverageSuiteFitness ** 0.6363636363636364
Current fitness function value: class org.evosuite.coverage.method.MethodCoverageSuiteFitness ** 1.0
Current fitness function value: class org.evosuite.coverage.method.MethodNoExceptionCoverageSuiteFitness ** 1.0
Current fitness function value: class org.evosuite.coverage.cbranch.CBranchSuiteFitness ** 1.0
* Generated 15 tests with total length 63
* Resulting test suite's coverage: 95% (average coverage for all fitness functions)
* Generating assertions
* Resulting test suite's mutation score: 62%
Current fitness function value: class org.evosuite.coverage.line.LineCoverageSuiteFitness ** 1.0
Current fitness function value: class org.evosuite.coverage.branch.BranchCoverageSuiteFitness ** 1.0
Current fitness function value: class org.evosuite.coverage.exception.ExceptionCoverageSuiteFitness ** 1.0
Current fitness function value: class org.evosuite.coverage.mutation.WeakMutationSuiteFitness ** 1.0
Current fitness function value: class org.evosuite.coverage.io.output.OutputCoverageSuiteFitness ** 0.6363636363636364
Current fitness function value: class org.evosuite.coverage.method.MethodCoverageSuiteFitness ** 1.0
Current fitness function value: class org.evosuite.coverage.method.MethodNoExceptionCoverageSuiteFitness ** 1.0
Current fitness function value: class org.evosuite.coverage.cbranch.CBranchSuiteFitness ** 1.0
* Compiling and checking tests
* Permissions denied during test execution: 
  - java.io.FilePermission: 
         write /tmp/w>16?{{e$~=5532560475226555641w>16?{{e$~=: 1
         write /tmp/org.ow2.proactive.scripting.SelectionScript1177700820574620995org.ow2.proactive.scripting.SelectionScript: 1
         write /tmp/cuwT490889646235266079|6RR2#c$#: 1
         and other 17 cases of action/name for this exception class
* Writing tests to file
* Writing JUnit test case 'TaskScript_ESTest' to evosuite-tests
* Done!

* Computation finished
