* EvoSuite 1.0.7-SNAPSHOT
* Going to generate test cases for class: org.sat4j.minisat.orders.RandomWalkDecorator
* Starting Client-0
* Connecting to master process on port 17676
* Analyzing classpath: 
  - bins/sat4j/org.ow2.sat4j.core-2.3.6-SNAPSHOT.jar
  - bins/sat4j/org.ow2.sat4j.core-2.3.6-SNAPSHOT-tests.jar
* Finished analyzing classpath
* Generating tests for class org.sat4j.minisat.orders.RandomWalkDecorator
* Test criteria:
  - Line Coverage
  - Branch Coverage
  - Exception
  - Mutation testing (weak)
  - Method-Output Coverage
  - Top-Level Method Coverage
  - No-Exception Top-Level Method Coverage
  - Context Branch Coverage
* Total number of test goals for DYNAMOSA: 209
* Using seed 1550532565429
* Starting evolution
* Initialsss Number of Goals in DynMOSA = 103 / 209
Current fitness function value: class org.evosuite.coverage.line.LineCoverageSuiteFitness ** 0.8666666666666667
Current fitness function value: class org.evosuite.coverage.branch.BranchCoverageSuiteFitness ** 0.8333333333333334
Current fitness function value: class org.evosuite.coverage.exception.ExceptionCoverageSuiteFitness ** 1.0
Current fitness function value: class org.evosuite.coverage.mutation.WeakMutationSuiteFitness ** 0.47540983606557374
Current fitness function value: class org.evosuite.coverage.io.output.OutputCoverageSuiteFitness ** 0.5294117647058824
Current fitness function value: class org.evosuite.coverage.method.MethodCoverageSuiteFitness ** 1.0
Current fitness function value: class org.evosuite.coverage.method.MethodNoExceptionCoverageSuiteFitness ** 1.0
Current fitness function value: class org.evosuite.coverage.cbranch.CBranchSuiteFitness ** 0.8333333333333334
* naaame: 
* naaame: org.evosuite.ga.stoppingconditions.RMIStoppingCondition
* naaame: org.evosuite.ga.stoppingconditions.ZeroFitnessStoppingCondition
* naaame: org.evosuite.ga.stoppingconditions.MaxFitnessEvaluationsStoppingCondition
Current fitness evaluations: 200
* naaame: org.evosuite.ga.stoppingconditions.GlobalTimeStoppingCondition
* naaame: org.evosuite.ShutdownTestWriter
[MASTER] 00:30:02.076 [logback-1] WARN  TestChromosome - Functional mock problem: org.evosuite.ga.ConstructionFailedException: Failed to add constructor for org.sat4j.minisat.core.Solver due to org.evosuite.ga.ConstructionFailedException: Found no variables of type class org.sat4j.minisat.core.SearchParams
[MASTER] 00:30:05.302 [logback-1] WARN  TestChromosome - Functional mock problem: org.evosuite.ga.ConstructionFailedException: Found no variables of type interface org.sat4j.minisat.core.ILits
* naaame: 
* naaame: org.evosuite.ga.stoppingconditions.RMIStoppingCondition
* naaame: org.evosuite.ga.stoppingconditions.ZeroFitnessStoppingCondition
* naaame: org.evosuite.ga.stoppingconditions.MaxFitnessEvaluationsStoppingCondition
Current fitness evaluations: 287
* naaame: org.evosuite.ga.stoppingconditions.GlobalTimeStoppingCondition
* naaame: org.evosuite.ShutdownTestWriter
Current fitness function value: class org.evosuite.coverage.line.LineCoverageSuiteFitness ** 0.8666666666666667
Current fitness function value: class org.evosuite.coverage.branch.BranchCoverageSuiteFitness ** 0.875
Current fitness function value: class org.evosuite.coverage.exception.ExceptionCoverageSuiteFitness ** 1.0
Current fitness function value: class org.evosuite.coverage.mutation.WeakMutationSuiteFitness ** 0.4918032786885246
Current fitness function value: class org.evosuite.coverage.io.output.OutputCoverageSuiteFitness ** 0.7058823529411765
Current fitness function value: class org.evosuite.coverage.method.MethodCoverageSuiteFitness ** 1.0
Current fitness function value: class org.evosuite.coverage.method.MethodNoExceptionCoverageSuiteFitness ** 1.0
Current fitness function value: class org.evosuite.coverage.cbranch.CBranchSuiteFitness ** 0.875
* naaame: 
* naaame: org.evosuite.ga.stoppingconditions.RMIStoppingCondition
* naaame: org.evosuite.ga.stoppingconditions.ZeroFitnessStoppingCondition
* naaame: org.evosuite.ga.stoppingconditions.MaxFitnessEvaluationsStoppingCondition
Current fitness evaluations: 391
* naaame: org.evosuite.ga.stoppingconditions.GlobalTimeStoppingCondition
* naaame: org.evosuite.ShutdownTestWriter
* naaame: 
* naaame: org.evosuite.ga.stoppingconditions.RMIStoppingCondition
* naaame: org.evosuite.ga.stoppingconditions.ZeroFitnessStoppingCondition
* naaame: org.evosuite.ga.stoppingconditions.MaxFitnessEvaluationsStoppingCondition
Current fitness evaluations: 486
* naaame: org.evosuite.ga.stoppingconditions.GlobalTimeStoppingCondition
* naaame: org.evosuite.ShutdownTestWriter
Current fitness function value: class org.evosuite.coverage.line.LineCoverageSuiteFitness ** 0.9555555555555556
Current fitness function value: class org.evosuite.coverage.branch.BranchCoverageSuiteFitness ** 0.9166666666666666
Current fitness function value: class org.evosuite.coverage.exception.ExceptionCoverageSuiteFitness ** 1.0
Current fitness function value: class org.evosuite.coverage.mutation.WeakMutationSuiteFitness ** 0.7704918032786885
Current fitness function value: class org.evosuite.coverage.io.output.OutputCoverageSuiteFitness ** 0.7058823529411765
Current fitness function value: class org.evosuite.coverage.method.MethodCoverageSuiteFitness ** 1.0
Current fitness function value: class org.evosuite.coverage.method.MethodNoExceptionCoverageSuiteFitness ** 1.0
Current fitness function value: class org.evosuite.coverage.cbranch.CBranchSuiteFitness ** 0.9166666666666666
* naaame: 
* naaame: org.evosuite.ga.stoppingconditions.RMIStoppingCondition
* naaame: org.evosuite.ga.stoppingconditions.ZeroFitnessStoppingCondition
* naaame: org.evosuite.ga.stoppingconditions.MaxFitnessEvaluationsStoppingCondition
Current fitness evaluations: 587
* naaame: org.evosuite.ga.stoppingconditions.GlobalTimeStoppingCondition
* naaame: org.evosuite.ShutdownTestWriter
Current fitness function value: class org.evosuite.coverage.line.LineCoverageSuiteFitness ** 0.9555555555555556
Current fitness function value: class org.evosuite.coverage.branch.BranchCoverageSuiteFitness ** 0.9166666666666666
Current fitness function value: class org.evosuite.coverage.exception.ExceptionCoverageSuiteFitness ** 1.0
Current fitness function value: class org.evosuite.coverage.mutation.WeakMutationSuiteFitness ** 0.7704918032786885
Current fitness function value: class org.evosuite.coverage.io.output.OutputCoverageSuiteFitness ** 0.7058823529411765
Current fitness function value: class org.evosuite.coverage.method.MethodCoverageSuiteFitness ** 1.0
Current fitness function value: class org.evosuite.coverage.method.MethodNoExceptionCoverageSuiteFitness ** 1.0
Current fitness function value: class org.evosuite.coverage.cbranch.CBranchSuiteFitness ** 0.9166666666666666
* naaame: 
* naaame: org.evosuite.ga.stoppingconditions.RMIStoppingCondition
* naaame: org.evosuite.ga.stoppingconditions.ZeroFitnessStoppingCondition
* naaame: org.evosuite.ga.stoppingconditions.MaxFitnessEvaluationsStoppingCondition
Current fitness evaluations: 686
* naaame: org.evosuite.ga.stoppingconditions.GlobalTimeStoppingCondition
* naaame: org.evosuite.ShutdownTestWriter
* naaame: 
* naaame: org.evosuite.ga.stoppingconditions.RMIStoppingCondition
* naaame: org.evosuite.ga.stoppingconditions.ZeroFitnessStoppingCondition
* naaame: org.evosuite.ga.stoppingconditions.MaxFitnessEvaluationsStoppingCondition
Current fitness evaluations: 786
* naaame: org.evosuite.ga.stoppingconditions.GlobalTimeStoppingCondition
* naaame: org.evosuite.ShutdownTestWriter
* naaame: 
* naaame: org.evosuite.ga.stoppingconditions.RMIStoppingCondition
* naaame: org.evosuite.ga.stoppingconditions.ZeroFitnessStoppingCondition
* naaame: org.evosuite.ga.stoppingconditions.MaxFitnessEvaluationsStoppingCondition
Current fitness evaluations: 883
* naaame: org.evosuite.ga.stoppingconditions.GlobalTimeStoppingCondition
* naaame: org.evosuite.ShutdownTestWriter
Current fitness function value: class org.evosuite.coverage.line.LineCoverageSuiteFitness ** 0.9555555555555556
Current fitness function value: class org.evosuite.coverage.branch.BranchCoverageSuiteFitness ** 0.9166666666666666
Current fitness function value: class org.evosuite.coverage.exception.ExceptionCoverageSuiteFitness ** 1.0
Current fitness function value: class org.evosuite.coverage.mutation.WeakMutationSuiteFitness ** 0.7704918032786885
Current fitness function value: class org.evosuite.coverage.io.output.OutputCoverageSuiteFitness ** 0.7058823529411765
Current fitness function value: class org.evosuite.coverage.method.MethodCoverageSuiteFitness ** 1.0
Current fitness function value: class org.evosuite.coverage.method.MethodNoExceptionCoverageSuiteFitness ** 1.0
Current fitness function value: class org.evosuite.coverage.cbranch.CBranchSuiteFitness ** 0.9166666666666666
* naaame: 
* naaame: org.evosuite.ga.stoppingconditions.RMIStoppingCondition
* naaame: org.evosuite.ga.stoppingconditions.ZeroFitnessStoppingCondition
* naaame: org.evosuite.ga.stoppingconditions.MaxFitnessEvaluationsStoppingCondition
Current fitness evaluations: 924
* naaame: org.evosuite.ga.stoppingconditions.GlobalTimeStoppingCondition
* naaame: org.evosuite.ShutdownTestWriter
Current fitness function value: class org.evosuite.coverage.line.LineCoverageSuiteFitness ** 0.9555555555555556
Current fitness function value: class org.evosuite.coverage.branch.BranchCoverageSuiteFitness ** 0.9166666666666666
Current fitness function value: class org.evosuite.coverage.exception.ExceptionCoverageSuiteFitness ** 1.0
Current fitness function value: class org.evosuite.coverage.mutation.WeakMutationSuiteFitness ** 0.7704918032786885
Current fitness function value: class org.evosuite.coverage.io.output.OutputCoverageSuiteFitness ** 0.7058823529411765
Current fitness function value: class org.evosuite.coverage.method.MethodCoverageSuiteFitness ** 1.0
Current fitness function value: class org.evosuite.coverage.method.MethodNoExceptionCoverageSuiteFitness ** 1.0
Current fitness function value: class org.evosuite.coverage.cbranch.CBranchSuiteFitness ** 0.9166666666666666
Current fitness function value: class org.evosuite.coverage.line.LineCoverageSuiteFitness ** 0.9555555555555556
Current fitness function value: class org.evosuite.coverage.branch.BranchCoverageSuiteFitness ** 0.9166666666666666
Current fitness function value: class org.evosuite.coverage.exception.ExceptionCoverageSuiteFitness ** 1.0
Current fitness function value: class org.evosuite.coverage.mutation.WeakMutationSuiteFitness ** 0.7704918032786885
Current fitness function value: class org.evosuite.coverage.io.output.OutputCoverageSuiteFitness ** 0.7058823529411765
Current fitness function value: class org.evosuite.coverage.method.MethodCoverageSuiteFitness ** 1.0
Current fitness function value: class org.evosuite.coverage.method.MethodNoExceptionCoverageSuiteFitness ** 1.0
Current fitness function value: class org.evosuite.coverage.cbranch.CBranchSuiteFitness ** 0.9166666666666666
* Search finished after 133s and 8 generations, 8280 statements, best individual has fitness: 25.0
Current fitness function value: class org.evosuite.coverage.line.LineCoverageSuiteFitness ** 0.9555555555555556
Current fitness function value: class org.evosuite.coverage.branch.BranchCoverageSuiteFitness ** 0.9166666666666666
Current fitness function value: class org.evosuite.coverage.exception.ExceptionCoverageSuiteFitness ** 1.0
Current fitness function value: class org.evosuite.coverage.mutation.WeakMutationSuiteFitness ** 0.7704918032786885
Current fitness function value: class org.evosuite.coverage.io.output.OutputCoverageSuiteFitness ** 0.7058823529411765
Current fitness function value: class org.evosuite.coverage.method.MethodCoverageSuiteFitness ** 1.0
Current fitness function value: class org.evosuite.coverage.method.MethodNoExceptionCoverageSuiteFitness ** 1.0
Current fitness function value: class org.evosuite.coverage.cbranch.CBranchSuiteFitness ** 0.9166666666666666
[MASTER] 00:31:53.936 [logback-1] WARN  TimeController - Phase SEARCH lasted too long, 13 seconds more than allowed.
* Minimizing test suite
[MASTER] 00:32:58.923 [logback-1] WARN  TestSuiteMinimizer - Minimization timeout. Roll back to original test suite
* Going to analyze the coverage criteria
* Coverage analysis for criterion LINE
* Coverage of criterion LINE: 96%
* Total number of goals: 45
* Number of covered goals: 43
* Coverage analysis for criterion BRANCH
* Coverage of criterion BRANCH: 92%
* Total number of goals: 24
* Number of covered goals: 22
* Coverage analysis for criterion EXCEPTION
* Coverage of criterion EXCEPTION: 100%
* Total number of goals: 17
* Number of covered goals: 17
* Coverage analysis for criterion WEAKMUTATION
* Coverage of criterion WEAKMUTATION: 77%
* Total number of goals: 61
* Number of covered goals: 47
* Coverage analysis for criterion OUTPUT
* Coverage of criterion OUTPUT: 71%
* Total number of goals: 17
* Number of covered goals: 12
* Coverage analysis for criterion METHOD
* Coverage of criterion METHOD: 100%
* Total number of goals: 19
* Number of covered goals: 19
* Coverage analysis for criterion METHODNOEXCEPTION
* Coverage of criterion METHODNOEXCEPTION: 100%
* Total number of goals: 19
* Number of covered goals: 19
* Coverage analysis for criterion CBRANCH
* Coverage of criterion CBRANCH: 92%
* Total number of goals: 24
* Number of covered goals: 22
Current fitness function value: class org.evosuite.coverage.line.LineCoverageSuiteFitness ** 0.9555555555555556
Current fitness function value: class org.evosuite.coverage.branch.BranchCoverageSuiteFitness ** 0.9166666666666666
Current fitness function value: class org.evosuite.coverage.exception.ExceptionCoverageSuiteFitness ** 1.0
Current fitness function value: class org.evosuite.coverage.mutation.WeakMutationSuiteFitness ** 0.7704918032786885
Current fitness function value: class org.evosuite.coverage.io.output.OutputCoverageSuiteFitness ** 0.7058823529411765
Current fitness function value: class org.evosuite.coverage.method.MethodCoverageSuiteFitness ** 1.0
Current fitness function value: class org.evosuite.coverage.method.MethodNoExceptionCoverageSuiteFitness ** 1.0
Current fitness function value: class org.evosuite.coverage.cbranch.CBranchSuiteFitness ** 0.9166666666666666
* Generated 45 tests with total length 681
* Resulting test suite's coverage: 91% (average coverage for all fitness functions)
* Generating assertions
* Resulting test suite's mutation score: 18%
Current fitness function value: class org.evosuite.coverage.line.LineCoverageSuiteFitness ** 0.9555555555555556
Current fitness function value: class org.evosuite.coverage.branch.BranchCoverageSuiteFitness ** 0.9166666666666666
Current fitness function value: class org.evosuite.coverage.exception.ExceptionCoverageSuiteFitness ** 1.0
Current fitness function value: class org.evosuite.coverage.mutation.WeakMutationSuiteFitness ** 0.7704918032786885
Current fitness function value: class org.evosuite.coverage.io.output.OutputCoverageSuiteFitness ** 0.7058823529411765
Current fitness function value: class org.evosuite.coverage.method.MethodCoverageSuiteFitness ** 1.0
Current fitness function value: class org.evosuite.coverage.method.MethodNoExceptionCoverageSuiteFitness ** 1.0
Current fitness function value: class org.evosuite.coverage.cbranch.CBranchSuiteFitness ** 0.9166666666666666
* Compiling and checking tests
[MASTER] 00:34:12.916 [logback-1] WARN  JUnitAnalyzer - Found unstable test named test0 -> class org.junit.runners.model.TestTimedOutException: test timed out after 4000 milliseconds
[MASTER] 00:34:12.917 [logback-1] WARN  JUnitAnalyzer - Failing test:
 Lits lits0 = new Lits();
int int0 = 177315164;
lits0.ensurePool(int0);
PureOrder pureOrder0 = new PureOrder();
pureOrder0.setLits(lits0);
RandomWalkDecorator randomWalkDecorator0 = new RandomWalkDecorator(pureOrder0);
randomWalkDecorator0.init();
randomWalkDecorator0.select();
VarOrderHeap varOrderHeap0 = null;
RandomWalkDecorator randomWalkDecorator1 = new RandomWalkDecorator(varOrderHeap0);
int int1 = 0;
randomWalkDecorator0.undo(int1);
randomWalkDecorator1.toString();
RandomWalkDecorator randomWalkDecorator2 = new RandomWalkDecorator(pureOrder0);
randomWalkDecorator2.init();
randomWalkDecorator1.init();
randomWalkDecorator2.getProbability();
randomWalkDecorator1.toString();
int int2 = 2659;
randomWalkDecorator1.varActivity(int2);

* Writing tests to file
* Writing JUnit test case 'RandomWalkDecorator_ESTest' to evosuite-tests
* Done!

* Computation finished
