* EvoSuite 1.0.7-SNAPSHOT
* Going to generate test cases for class: org.sat4j.tools.ManyCore
* Starting Client-0
* Connecting to master process on port 12179
* Analyzing classpath: 
  - bins/sat4j/org.ow2.sat4j.core-2.3.6-SNAPSHOT.jar
  - bins/sat4j/org.ow2.sat4j.core-2.3.6-SNAPSHOT-tests.jar
* Finished analyzing classpath
* Generating tests for class org.sat4j.tools.ManyCore
* Test criteria:
  - Line Coverage
  - Branch Coverage
  - Exception
  - Mutation testing (weak)
  - Method-Output Coverage
  - Top-Level Method Coverage
  - No-Exception Top-Level Method Coverage
  - Context Branch Coverage
* Total number of test goals for DYNAMOSA: 1689
* Using seed 1550532082999
* Starting evolution
* Initialsss Number of Goals in DynMOSA = 508 / 1689
Current fitness function value: class org.evosuite.coverage.line.LineCoverageSuiteFitness ** 0.17670682730923695
Current fitness function value: class org.evosuite.coverage.branch.BranchCoverageSuiteFitness ** 0.15
Current fitness function value: class org.evosuite.coverage.exception.ExceptionCoverageSuiteFitness ** 1.0
Current fitness function value: class org.evosuite.coverage.mutation.WeakMutationSuiteFitness ** 0.050493962678375415
Current fitness function value: class org.evosuite.coverage.io.output.OutputCoverageSuiteFitness ** 0.018018018018018018
Current fitness function value: class org.evosuite.coverage.method.MethodCoverageSuiteFitness ** 0.2028985507246377
Current fitness function value: class org.evosuite.coverage.method.MethodNoExceptionCoverageSuiteFitness ** 0.13043478260869565
Current fitness function value: class org.evosuite.coverage.cbranch.CBranchSuiteFitness ** 0.14285714285714285
* naaame: 
* naaame: org.evosuite.ga.stoppingconditions.GlobalTimeStoppingCondition
* naaame: org.evosuite.ga.stoppingconditions.MaxFitnessEvaluationsStoppingCondition
Current fitness evaluations: 200
* naaame: org.evosuite.ga.stoppingconditions.RMIStoppingCondition
* naaame: org.evosuite.ShutdownTestWriter
* naaame: org.evosuite.ga.stoppingconditions.ZeroFitnessStoppingCondition
[MASTER] 00:23:00.046 [logback-1] WARN  TestChromosome - Functional mock problem: org.evosuite.ga.ConstructionFailedException: Failed to add constructor for org.sat4j.tools.DimacsOutputSolver due to org.evosuite.ga.ConstructionFailedException: Failed to add constructor for org.evosuite.runtime.mock.java.io.MockPrintWriter due to org.evosuite.ga.ConstructionFailedException: Found no variables of type class java.io.File
[MASTER] 00:23:00.768 [logback-1] WARN  TestChromosome - Functional mock problem: org.evosuite.ga.ConstructionFailedException: Failed to add constructor for org.sat4j.tools.Minimal4CardinalityModel due to org.evosuite.ga.ConstructionFailedException: Failed to add constructor for org.sat4j.tools.ModelIteratorToSATAdapter due to org.evosuite.ga.ConstructionFailedException: Failed to add constructor for org.sat4j.tools.ModelIteratorToSATAdapter due to org.evosuite.ga.ConstructionFailedException: Found no variables of type interface org.sat4j.tools.SolutionFoundListener
[MASTER] 00:23:02.426 [logback-1] WARN  TestChromosome - Functional mock problem: org.evosuite.ga.ConstructionFailedException: Have no generator for org.sat4j.tools.ManyCore<org.sat4j.tools.Minimal4InclusionModel> canUseFunctionalMocks=true, canBeMocked: false
[MASTER] 00:23:05.179 [logback-1] WARN  TestChromosome - Functional mock problem: org.evosuite.ga.ConstructionFailedException: Found no variables of type class org.sat4j.tools.SubModelIterator
* naaame: 
* naaame: org.evosuite.ga.stoppingconditions.GlobalTimeStoppingCondition
* naaame: org.evosuite.ga.stoppingconditions.MaxFitnessEvaluationsStoppingCondition
Current fitness evaluations: 260
* naaame: org.evosuite.ga.stoppingconditions.RMIStoppingCondition
* naaame: org.evosuite.ShutdownTestWriter
* naaame: org.evosuite.ga.stoppingconditions.ZeroFitnessStoppingCondition
Current fitness function value: class org.evosuite.coverage.line.LineCoverageSuiteFitness ** 0.20481927710843373
Current fitness function value: class org.evosuite.coverage.branch.BranchCoverageSuiteFitness ** 0.17142857142857143
Current fitness function value: class org.evosuite.coverage.exception.ExceptionCoverageSuiteFitness ** 1.0
Current fitness function value: class org.evosuite.coverage.mutation.WeakMutationSuiteFitness ** 0.05598243688254665
Current fitness function value: class org.evosuite.coverage.io.output.OutputCoverageSuiteFitness ** 0.018018018018018018
Current fitness function value: class org.evosuite.coverage.method.MethodCoverageSuiteFitness ** 0.2318840579710145
Current fitness function value: class org.evosuite.coverage.method.MethodNoExceptionCoverageSuiteFitness ** 0.14492753623188406
Current fitness function value: class org.evosuite.coverage.cbranch.CBranchSuiteFitness ** 0.16428571428571428
[MASTER] 00:23:15.138 [logback-1] WARN  TestChromosome - Functional mock problem: org.evosuite.ga.ConstructionFailedException: Failed to add constructor for org.sat4j.opt.MinOneDecorator due to org.evosuite.ga.ConstructionFailedException: Failed to add constructor for org.sat4j.tools.AbstractMinimalModel due to org.evosuite.ga.ConstructionFailedException: Found no variables of type interface org.sat4j.specs.ISolver
[MASTER] 00:23:16.770 [logback-1] WARN  TestChromosome - Functional mock problem: org.evosuite.ga.ConstructionFailedException: Found no variables of type class org.sat4j.opt.MinOneDecorator
* naaame: 
* naaame: org.evosuite.ga.stoppingconditions.GlobalTimeStoppingCondition
* naaame: org.evosuite.ga.stoppingconditions.MaxFitnessEvaluationsStoppingCondition
Current fitness evaluations: 335
* naaame: org.evosuite.ga.stoppingconditions.RMIStoppingCondition
* naaame: org.evosuite.ShutdownTestWriter
* naaame: org.evosuite.ga.stoppingconditions.ZeroFitnessStoppingCondition
Current fitness function value: class org.evosuite.coverage.line.LineCoverageSuiteFitness ** 0.25301204819277107
Current fitness function value: class org.evosuite.coverage.branch.BranchCoverageSuiteFitness ** 0.22142857142857142
Current fitness function value: class org.evosuite.coverage.exception.ExceptionCoverageSuiteFitness ** 1.0
Current fitness function value: class org.evosuite.coverage.mutation.WeakMutationSuiteFitness ** 0.09220636663007684
Current fitness function value: class org.evosuite.coverage.io.output.OutputCoverageSuiteFitness ** 0.018018018018018018
Current fitness function value: class org.evosuite.coverage.method.MethodCoverageSuiteFitness ** 0.2753623188405797
Current fitness function value: class org.evosuite.coverage.method.MethodNoExceptionCoverageSuiteFitness ** 0.17391304347826086
Current fitness function value: class org.evosuite.coverage.cbranch.CBranchSuiteFitness ** 0.21428571428571427
* naaame: 
* naaame: org.evosuite.ga.stoppingconditions.GlobalTimeStoppingCondition
* naaame: org.evosuite.ga.stoppingconditions.MaxFitnessEvaluationsStoppingCondition
Current fitness evaluations: 408
* naaame: org.evosuite.ga.stoppingconditions.RMIStoppingCondition
* naaame: org.evosuite.ShutdownTestWriter
* naaame: org.evosuite.ga.stoppingconditions.ZeroFitnessStoppingCondition
Current fitness function value: class org.evosuite.coverage.line.LineCoverageSuiteFitness ** 0.321285140562249
Current fitness function value: class org.evosuite.coverage.branch.BranchCoverageSuiteFitness ** 0.2857142857142857
Current fitness function value: class org.evosuite.coverage.exception.ExceptionCoverageSuiteFitness ** 1.0
Current fitness function value: class org.evosuite.coverage.mutation.WeakMutationSuiteFitness ** 0.14050493962678376
Current fitness function value: class org.evosuite.coverage.io.output.OutputCoverageSuiteFitness ** 0.036036036036036036
Current fitness function value: class org.evosuite.coverage.method.MethodCoverageSuiteFitness ** 0.37681159420289856
Current fitness function value: class org.evosuite.coverage.method.MethodNoExceptionCoverageSuiteFitness ** 0.2608695652173913
Current fitness function value: class org.evosuite.coverage.cbranch.CBranchSuiteFitness ** 0.2785714285714286
[MASTER] 00:23:39.591 [logback-1] WARN  TestChromosome - Functional mock problem: org.evosuite.ga.ConstructionFailedException: Found no variables of type class org.sat4j.tools.Minimal4CardinalityModel
[MASTER] 00:23:41.932 [logback-1] WARN  TestChromosome - Functional mock problem: org.evosuite.ga.ConstructionFailedException: Failed to add constructor for org.sat4j.minisat.core.Solver due to org.evosuite.ga.ConstructionFailedException: Found no variables of type interface org.sat4j.specs.ILogAble
[MASTER] 00:23:41.969 [logback-1] WARN  TestChromosome - Functional mock problem: org.evosuite.ga.ConstructionFailedException: Found no variables of type interface org.sat4j.minisat.core.ILits
* naaame: 
* naaame: org.evosuite.ga.stoppingconditions.GlobalTimeStoppingCondition
* naaame: org.evosuite.ga.stoppingconditions.MaxFitnessEvaluationsStoppingCondition
Current fitness evaluations: 480
* naaame: org.evosuite.ga.stoppingconditions.RMIStoppingCondition
* naaame: org.evosuite.ShutdownTestWriter
* naaame: org.evosuite.ga.stoppingconditions.ZeroFitnessStoppingCondition
Current fitness function value: class org.evosuite.coverage.line.LineCoverageSuiteFitness ** 0.40562248995983935
Current fitness function value: class org.evosuite.coverage.branch.BranchCoverageSuiteFitness ** 0.36428571428571427
Current fitness function value: class org.evosuite.coverage.exception.ExceptionCoverageSuiteFitness ** 1.0
Current fitness function value: class org.evosuite.coverage.mutation.WeakMutationSuiteFitness ** 0.18660812294182216
Current fitness function value: class org.evosuite.coverage.io.output.OutputCoverageSuiteFitness ** 0.04504504504504504
Current fitness function value: class org.evosuite.coverage.method.MethodCoverageSuiteFitness ** 0.42028985507246375
Current fitness function value: class org.evosuite.coverage.method.MethodNoExceptionCoverageSuiteFitness ** 0.30434782608695654
Current fitness function value: class org.evosuite.coverage.cbranch.CBranchSuiteFitness ** 0.30714285714285716
Current fitness function value: class org.evosuite.coverage.line.LineCoverageSuiteFitness ** 0.40562248995983935
Current fitness function value: class org.evosuite.coverage.branch.BranchCoverageSuiteFitness ** 0.36428571428571427
Current fitness function value: class org.evosuite.coverage.exception.ExceptionCoverageSuiteFitness ** 1.0
Current fitness function value: class org.evosuite.coverage.mutation.WeakMutationSuiteFitness ** 0.18660812294182216
Current fitness function value: class org.evosuite.coverage.io.output.OutputCoverageSuiteFitness ** 0.04504504504504504
Current fitness function value: class org.evosuite.coverage.method.MethodCoverageSuiteFitness ** 0.42028985507246375
Current fitness function value: class org.evosuite.coverage.method.MethodNoExceptionCoverageSuiteFitness ** 0.30434782608695654
Current fitness function value: class org.evosuite.coverage.cbranch.CBranchSuiteFitness ** 0.30714285714285716
* Search finished after 126s and 4 generations, 6092 statements, best individual has fitness: 1269.0
Current fitness function value: class org.evosuite.coverage.line.LineCoverageSuiteFitness ** 0.40562248995983935
Current fitness function value: class org.evosuite.coverage.branch.BranchCoverageSuiteFitness ** 0.36428571428571427
Current fitness function value: class org.evosuite.coverage.exception.ExceptionCoverageSuiteFitness ** 1.0
Current fitness function value: class org.evosuite.coverage.mutation.WeakMutationSuiteFitness ** 0.18660812294182216
Current fitness function value: class org.evosuite.coverage.io.output.OutputCoverageSuiteFitness ** 0.04504504504504504
Current fitness function value: class org.evosuite.coverage.method.MethodCoverageSuiteFitness ** 0.42028985507246375
Current fitness function value: class org.evosuite.coverage.method.MethodNoExceptionCoverageSuiteFitness ** 0.30434782608695654
Current fitness function value: class org.evosuite.coverage.cbranch.CBranchSuiteFitness ** 0.30714285714285716
* Minimizing test suite
* Going to analyze the coverage criteria
* Coverage analysis for criterion LINE
* Coverage of criterion LINE: 41%
* Total number of goals: 249
* Number of covered goals: 103
* Coverage analysis for criterion BRANCH
* Coverage of criterion BRANCH: 36%
* Total number of goals: 140
* Number of covered goals: 51
* Coverage analysis for criterion EXCEPTION
* Coverage of criterion EXCEPTION: 100%
* Total number of goals: 23
* Number of covered goals: 23
* Coverage analysis for criterion WEAKMUTATION
* Coverage of criterion WEAKMUTATION: 27%
* Total number of goals: 911
* Number of covered goals: 244
* Coverage analysis for criterion OUTPUT
* Coverage of criterion OUTPUT: 5%
* Total number of goals: 111
* Number of covered goals: 5
* Coverage analysis for criterion METHOD
* Coverage of criterion METHOD: 45%
* Total number of goals: 69
* Number of covered goals: 31
* Coverage analysis for criterion METHODNOEXCEPTION
* Coverage of criterion METHODNOEXCEPTION: 30%
* Total number of goals: 69
* Number of covered goals: 21
* Coverage analysis for criterion CBRANCH
* Coverage of criterion CBRANCH: 31%
* Total number of goals: 140
* Number of covered goals: 43
Current fitness function value: class org.evosuite.coverage.line.LineCoverageSuiteFitness ** 0.40562248995983935
Current fitness function value: class org.evosuite.coverage.branch.BranchCoverageSuiteFitness ** 0.36428571428571427
Current fitness function value: class org.evosuite.coverage.exception.ExceptionCoverageSuiteFitness ** 1.0
Current fitness function value: class org.evosuite.coverage.mutation.WeakMutationSuiteFitness ** 0.18660812294182216
Current fitness function value: class org.evosuite.coverage.io.output.OutputCoverageSuiteFitness ** 0.04504504504504504
Current fitness function value: class org.evosuite.coverage.method.MethodCoverageSuiteFitness ** 0.42028985507246375
Current fitness function value: class org.evosuite.coverage.method.MethodNoExceptionCoverageSuiteFitness ** 0.30434782608695654
Current fitness function value: class org.evosuite.coverage.cbranch.CBranchSuiteFitness ** 0.30714285714285716
* Generated 42 tests with total length 238
* Resulting test suite's coverage: 38% (average coverage for all fitness functions)
* Generating assertions
[MASTER] 00:24:59.235 [logback-1] WARN  SimpleMutationAssertionGenerator - Assertion minimization is taking too long (0.7149% of time used, but only 6/42 tests minimized), falling back to using all assertions
* Resulting test suite's mutation score: 1%
Current fitness function value: class org.evosuite.coverage.line.LineCoverageSuiteFitness ** 0.40562248995983935
Current fitness function value: class org.evosuite.coverage.branch.BranchCoverageSuiteFitness ** 0.36428571428571427
Current fitness function value: class org.evosuite.coverage.exception.ExceptionCoverageSuiteFitness ** 1.0
Current fitness function value: class org.evosuite.coverage.mutation.WeakMutationSuiteFitness ** 0.18660812294182216
Current fitness function value: class org.evosuite.coverage.io.output.OutputCoverageSuiteFitness ** 0.04504504504504504
Current fitness function value: class org.evosuite.coverage.method.MethodCoverageSuiteFitness ** 0.42028985507246375
Current fitness function value: class org.evosuite.coverage.method.MethodNoExceptionCoverageSuiteFitness ** 0.30434782608695654
Current fitness function value: class org.evosuite.coverage.cbranch.CBranchSuiteFitness ** 0.30714285714285716
* Compiling and checking tests
* Permissions denied during test execution: 
  - java.lang.RuntimePermission: 
         writeFileDescriptor: 1
* Writing tests to file
* Writing JUnit test case 'ManyCore_ESTest' to evosuite-tests
* Done!

* Computation finished
