[MASTER] 01:57:53.552 [logback-2] ERROR AbstractStatement - Error assigning value of type GroupClauseSelectorSolver[] defined at statement GroupClauseSelectorSolver<OptToSatAdapter>[] groupClauseSelectorSolverArray0 = (GroupClauseSelectorSolver<OptToSatAdapter>[]) Array.newInstance(GroupClauseSelectorSolver.class, 6), assignment statement: groupClauseSelectorSolverArray0[0] = (GroupClauseSelectorSolver<OptToSatAdapter>) groupClauseSelectorSolverArray0; SUT=org.sat4j.AbstractLauncher
[MASTER] 01:57:55.442 [logback-2] ERROR AbstractStatement - Error assigning value of type GroupClauseSelectorSolver[] defined at statement GroupClauseSelectorSolver<OptToSatAdapter>[] groupClauseSelectorSolverArray0 = (GroupClauseSelectorSolver<OptToSatAdapter>[]) Array.newInstance(GroupClauseSelectorSolver.class, 6), assignment statement: groupClauseSelectorSolverArray0[0] = (GroupClauseSelectorSolver<OptToSatAdapter>) groupClauseSelectorSolverArray0; SUT=org.sat4j.AbstractLauncher
[MASTER] 01:57:55.923 [logback-2] ERROR AbstractStatement - Error assigning value of type GroupClauseSelectorSolver[] defined at statement GroupClauseSelectorSolver<OptToSatAdapter>[] groupClauseSelectorSolverArray0 = (GroupClauseSelectorSolver<OptToSatAdapter>[]) Array.newInstance(GroupClauseSelectorSolver.class, 6), assignment statement: groupClauseSelectorSolverArray0[0] = (GroupClauseSelectorSolver<OptToSatAdapter>) groupClauseSelectorSolverArray0; SUT=org.sat4j.AbstractLauncher
[MASTER] 01:58:03.924 [logback-2] ERROR AbstractStatement - Error assigning value of type GroupClauseSelectorSolver[] defined at statement GroupClauseSelectorSolver<OptToSatAdapter>[] groupClauseSelectorSolverArray0 = (GroupClauseSelectorSolver<OptToSatAdapter>[]) Array.newInstance(GroupClauseSelectorSolver.class, 6), assignment statement: groupClauseSelectorSolverArray0[0] = (GroupClauseSelectorSolver<OptToSatAdapter>) groupClauseSelectorSolverArray0; SUT=org.sat4j.AbstractLauncher
[MASTER] 01:58:12.485 [logback-2] ERROR AbstractStatement - Error assigning value of type GroupClauseSelectorSolver[] defined at statement GroupClauseSelectorSolver<OptToSatAdapter>[] groupClauseSelectorSolverArray0 = (GroupClauseSelectorSolver<OptToSatAdapter>[]) Array.newInstance(GroupClauseSelectorSolver.class, 6), assignment statement: groupClauseSelectorSolverArray0[0] = (GroupClauseSelectorSolver<OptToSatAdapter>) groupClauseSelectorSolverArray0; SUT=org.sat4j.AbstractLauncher
[MASTER] 01:58:25.457 [logback-2] ERROR AbstractStatement - Error assigning value of type GroupClauseSelectorSolver[] defined at statement GroupClauseSelectorSolver<OptToSatAdapter>[] groupClauseSelectorSolverArray0 = (GroupClauseSelectorSolver<OptToSatAdapter>[]) Array.newInstance(GroupClauseSelectorSolver.class, 6), assignment statement: groupClauseSelectorSolverArray0[0] = (GroupClauseSelectorSolver<OptToSatAdapter>) groupClauseSelectorSolverArray0; SUT=org.sat4j.AbstractLauncher
[MASTER] 01:58:27.004 [logback-2] ERROR AbstractStatement - Error assigning value of type GroupClauseSelectorSolver[] defined at statement GroupClauseSelectorSolver<OptToSatAdapter>[] groupClauseSelectorSolverArray0 = (GroupClauseSelectorSolver<OptToSatAdapter>[]) Array.newInstance(GroupClauseSelectorSolver.class, 6), assignment statement: groupClauseSelectorSolverArray0[0] = (GroupClauseSelectorSolver<OptToSatAdapter>) groupClauseSelectorSolverArray0; SUT=org.sat4j.AbstractLauncher
[MASTER] 01:58:38.516 [logback-2] ERROR AbstractStatement - Error assigning value of type GroupClauseSelectorSolver[] defined at statement GroupClauseSelectorSolver<OptToSatAdapter>[] groupClauseSelectorSolverArray0 = (GroupClauseSelectorSolver<OptToSatAdapter>[]) Array.newInstance(GroupClauseSelectorSolver.class, 6), assignment statement: groupClauseSelectorSolverArray0[0] = (GroupClauseSelectorSolver<OptToSatAdapter>) groupClauseSelectorSolverArray0; SUT=org.sat4j.AbstractLauncher
[MASTER] 01:58:38.535 [logback-2] ERROR AbstractStatement - Error assigning value of type GroupClauseSelectorSolver[] defined at statement GroupClauseSelectorSolver<OptToSatAdapter>[] groupClauseSelectorSolverArray0 = (GroupClauseSelectorSolver<OptToSatAdapter>[]) Array.newInstance(GroupClauseSelectorSolver.class, 6), assignment statement: groupClauseSelectorSolverArray0[0] = (GroupClauseSelectorSolver<OptToSatAdapter>) groupClauseSelectorSolverArray0; SUT=org.sat4j.AbstractLauncher
[MASTER] 01:58:44.822 [logback-2] ERROR AbstractStatement - Error assigning value of type GroupClauseSelectorSolver[] defined at statement GroupClauseSelectorSolver<OptToSatAdapter>[] groupClauseSelectorSolverArray0 = (GroupClauseSelectorSolver<OptToSatAdapter>[]) Array.newInstance(GroupClauseSelectorSolver.class, 6), assignment statement: groupClauseSelectorSolverArray0[0] = (GroupClauseSelectorSolver<OptToSatAdapter>) groupClauseSelectorSolverArray0; SUT=org.sat4j.AbstractLauncher
[MASTER] 01:58:47.333 [logback-2] ERROR AbstractStatement - Error assigning value of type GroupClauseSelectorSolver[] defined at statement GroupClauseSelectorSolver<OptToSatAdapter>[] groupClauseSelectorSolverArray0 = (GroupClauseSelectorSolver<OptToSatAdapter>[]) Array.newInstance(GroupClauseSelectorSolver.class, 6), assignment statement: groupClauseSelectorSolverArray0[0] = (GroupClauseSelectorSolver<OptToSatAdapter>) groupClauseSelectorSolverArray0; SUT=org.sat4j.AbstractLauncher
[MASTER] 01:58:51.542 [logback-2] ERROR AbstractStatement - Error assigning value of type GroupClauseSelectorSolver[] defined at statement GroupClauseSelectorSolver<OptToSatAdapter>[] groupClauseSelectorSolverArray0 = (GroupClauseSelectorSolver<OptToSatAdapter>[]) Array.newInstance(GroupClauseSelectorSolver.class, 6), assignment statement: groupClauseSelectorSolverArray0[0] = (GroupClauseSelectorSolver<OptToSatAdapter>) groupClauseSelectorSolverArray0; SUT=org.sat4j.AbstractLauncher
[MASTER] 01:58:51.623 [logback-2] ERROR TestCluster - Failed to check cache for org.sat4j.tools.ClausalCardinalitiesDecorator<T> : Type points to itself
[MASTER] 01:58:51.623 [logback-2] ERROR TestCluster - Failed to check cache for org.sat4j.tools.FullClauseSelectorSolver<T> : Type points to itself
[MASTER] 01:58:51.623 [logback-2] ERROR TestCluster - Failed to check cache for org.sat4j.tools.GroupClauseSelectorSolver<T> : Type points to itself
[MASTER] 01:58:51.623 [logback-2] ERROR TestCluster - Failed to check cache for org.sat4j.tools.LexicoDecorator<T> : Type points to itself
[MASTER] 01:58:51.623 [logback-2] ERROR TestCluster - Failed to check cache for org.sat4j.tools.ManyCore<S> : Type points to itself
[MASTER] 01:58:51.623 [logback-2] ERROR TestCluster - Failed to check cache for org.sat4j.tools.NegationDecorator<T> : Type points to itself
[MASTER] 01:58:51.623 [logback-2] ERROR TestCluster - Failed to check cache for org.sat4j.BasicLauncher<T> : Type points to itself
[MASTER] 01:58:51.628 [logback-2] ERROR TestCluster - Failed to check cache for org.sat4j.minisat.core.Solver<D> : Type points to itself
[MASTER] 01:58:58.221 [logback-2] ERROR AbstractStatement - Error assigning value of type GroupClauseSelectorSolver[] defined at statement GroupClauseSelectorSolver<OptToSatAdapter>[] groupClauseSelectorSolverArray0 = (GroupClauseSelectorSolver<OptToSatAdapter>[]) Array.newInstance(GroupClauseSelectorSolver.class, 6), assignment statement: groupClauseSelectorSolverArray0[0] = (GroupClauseSelectorSolver<OptToSatAdapter>) groupClauseSelectorSolverArray0; SUT=org.sat4j.AbstractLauncher
[MASTER] 01:59:02.345 [logback-2] ERROR AbstractStatement - Error assigning value of type GroupClauseSelectorSolver[] defined at statement GroupClauseSelectorSolver<OptToSatAdapter>[] groupClauseSelectorSolverArray0 = (GroupClauseSelectorSolver<OptToSatAdapter>[]) Array.newInstance(GroupClauseSelectorSolver.class, 6), assignment statement: groupClauseSelectorSolverArray0[0] = (GroupClauseSelectorSolver<OptToSatAdapter>) groupClauseSelectorSolverArray0; SUT=org.sat4j.AbstractLauncher
[MASTER] 01:59:06.899 [logback-2] ERROR AbstractStatement - Error assigning value of type GroupClauseSelectorSolver[] defined at statement GroupClauseSelectorSolver<OptToSatAdapter>[] groupClauseSelectorSolverArray0 = (GroupClauseSelectorSolver<OptToSatAdapter>[]) Array.newInstance(GroupClauseSelectorSolver.class, 20), assignment statement: groupClauseSelectorSolverArray0[0] = (GroupClauseSelectorSolver<OptToSatAdapter>) groupClauseSelectorSolverArray0; SUT=org.sat4j.AbstractLauncher
[MASTER] 01:59:08.188 [logback-2] ERROR AbstractStatement - Error assigning value of type GroupClauseSelectorSolver[] defined at statement GroupClauseSelectorSolver<OptToSatAdapter>[] groupClauseSelectorSolverArray0 = (GroupClauseSelectorSolver<OptToSatAdapter>[]) Array.newInstance(GroupClauseSelectorSolver.class, 6), assignment statement: groupClauseSelectorSolverArray0[0] = (GroupClauseSelectorSolver<OptToSatAdapter>) groupClauseSelectorSolverArray0; SUT=org.sat4j.AbstractLauncher
[MASTER] 01:59:09.304 [logback-2] ERROR AbstractStatement - Error assigning value of type GroupClauseSelectorSolver[] defined at statement GroupClauseSelectorSolver<OptToSatAdapter>[] groupClauseSelectorSolverArray0 = (GroupClauseSelectorSolver<OptToSatAdapter>[]) Array.newInstance(GroupClauseSelectorSolver.class, 6), assignment statement: groupClauseSelectorSolverArray0[0] = (GroupClauseSelectorSolver<OptToSatAdapter>) groupClauseSelectorSolverArray0; SUT=org.sat4j.AbstractLauncher
[MASTER] 01:59:16.156 [logback-2] ERROR AbstractStatement - Error assigning value of type GroupClauseSelectorSolver[] defined at statement GroupClauseSelectorSolver<OptToSatAdapter>[] groupClauseSelectorSolverArray0 = (GroupClauseSelectorSolver<OptToSatAdapter>[]) Array.newInstance(GroupClauseSelectorSolver.class, 6), assignment statement: groupClauseSelectorSolverArray0[0] = (GroupClauseSelectorSolver<OptToSatAdapter>) groupClauseSelectorSolverArray0; SUT=org.sat4j.AbstractLauncher
[MASTER] 01:59:19.707 [logback-2] ERROR AbstractStatement - Error assigning value of type GroupClauseSelectorSolver[] defined at statement GroupClauseSelectorSolver<OptToSatAdapter>[] groupClauseSelectorSolverArray0 = (GroupClauseSelectorSolver<OptToSatAdapter>[]) Array.newInstance(GroupClauseSelectorSolver.class, 6), assignment statement: groupClauseSelectorSolverArray0[0] = (GroupClauseSelectorSolver<OptToSatAdapter>) groupClauseSelectorSolverArray0; SUT=org.sat4j.AbstractLauncher
[MASTER] 01:59:22.912 [logback-2] ERROR AbstractStatement - Error assigning value of type GroupClauseSelectorSolver[] defined at statement GroupClauseSelectorSolver<OptToSatAdapter>[] groupClauseSelectorSolverArray0 = (GroupClauseSelectorSolver<OptToSatAdapter>[]) Array.newInstance(GroupClauseSelectorSolver.class, 6), assignment statement: groupClauseSelectorSolverArray0[0] = (GroupClauseSelectorSolver<OptToSatAdapter>) groupClauseSelectorSolverArray0; SUT=org.sat4j.AbstractLauncher
[MASTER] 01:59:23.951 [logback-2] ERROR AbstractStatement - Error assigning value of type GroupClauseSelectorSolver[] defined at statement GroupClauseSelectorSolver<OptToSatAdapter>[] groupClauseSelectorSolverArray0 = (GroupClauseSelectorSolver<OptToSatAdapter>[]) Array.newInstance(GroupClauseSelectorSolver.class, 6), assignment statement: groupClauseSelectorSolverArray0[0] = (GroupClauseSelectorSolver<OptToSatAdapter>) groupClauseSelectorSolverArray0; SUT=org.sat4j.AbstractLauncher
[MASTER] 01:59:30.267 [logback-2] ERROR AbstractStatement - Error assigning value of type GroupClauseSelectorSolver[] defined at statement GroupClauseSelectorSolver<OptToSatAdapter>[] groupClauseSelectorSolverArray0 = (GroupClauseSelectorSolver<OptToSatAdapter>[]) Array.newInstance(GroupClauseSelectorSolver.class, 6), assignment statement: groupClauseSelectorSolverArray0[0] = (GroupClauseSelectorSolver<OptToSatAdapter>) groupClauseSelectorSolverArray0; SUT=org.sat4j.AbstractLauncher
[MASTER] 01:59:33.521 [logback-2] ERROR AbstractStatement - Error assigning value of type GroupClauseSelectorSolver[] defined at statement GroupClauseSelectorSolver<OptToSatAdapter>[] groupClauseSelectorSolverArray0 = (GroupClauseSelectorSolver<OptToSatAdapter>[]) Array.newInstance(GroupClauseSelectorSolver.class, 6), assignment statement: groupClauseSelectorSolverArray0[0] = (GroupClauseSelectorSolver<OptToSatAdapter>) groupClauseSelectorSolverArray0; SUT=org.sat4j.AbstractLauncher
[MASTER] 01:59:33.705 [logback-2] ERROR AbstractStatement - Error assigning value of type GroupClauseSelectorSolver[] defined at statement GroupClauseSelectorSolver<OptToSatAdapter>[] groupClauseSelectorSolverArray0 = (GroupClauseSelectorSolver<OptToSatAdapter>[]) Array.newInstance(GroupClauseSelectorSolver.class, 6), assignment statement: groupClauseSelectorSolverArray0[0] = (GroupClauseSelectorSolver<OptToSatAdapter>) groupClauseSelectorSolverArray0; SUT=org.sat4j.AbstractLauncher
[MASTER] 01:59:33.847 [logback-2] ERROR AbstractStatement - Error assigning value of type GroupClauseSelectorSolver[] defined at statement GroupClauseSelectorSolver<OptToSatAdapter>[] groupClauseSelectorSolverArray0 = (GroupClauseSelectorSolver<OptToSatAdapter>[]) Array.newInstance(GroupClauseSelectorSolver.class, 6), assignment statement: groupClauseSelectorSolverArray0[0] = (GroupClauseSelectorSolver<OptToSatAdapter>) groupClauseSelectorSolverArray0; SUT=org.sat4j.AbstractLauncher
[MASTER] 01:59:33.852 [logback-2] ERROR AbstractStatement - Error assigning value of type GroupClauseSelectorSolver[] defined at statement GroupClauseSelectorSolver<OptToSatAdapter>[] groupClauseSelectorSolverArray0 = (GroupClauseSelectorSolver<OptToSatAdapter>[]) Array.newInstance(GroupClauseSelectorSolver.class, 6), assignment statement: groupClauseSelectorSolverArray0[0] = (GroupClauseSelectorSolver<OptToSatAdapter>) groupClauseSelectorSolverArray0; SUT=org.sat4j.AbstractLauncher
[MASTER] 01:59:33.859 [logback-2] ERROR AbstractStatement - Error assigning value of type GroupClauseSelectorSolver[] defined at statement GroupClauseSelectorSolver<OptToSatAdapter>[] groupClauseSelectorSolverArray0 = (GroupClauseSelectorSolver<OptToSatAdapter>[]) Array.newInstance(GroupClauseSelectorSolver.class, 6), assignment statement: groupClauseSelectorSolverArray0[0] = (GroupClauseSelectorSolver<OptToSatAdapter>) groupClauseSelectorSolverArray0; SUT=org.sat4j.AbstractLauncher
[MASTER] 01:59:33.863 [logback-2] ERROR AbstractStatement - Error assigning value of type GroupClauseSelectorSolver[] defined at statement GroupClauseSelectorSolver<OptToSatAdapter>[] groupClauseSelectorSolverArray0 = (GroupClauseSelectorSolver<OptToSatAdapter>[]) Array.newInstance(GroupClauseSelectorSolver.class, 6), assignment statement: groupClauseSelectorSolverArray0[0] = (GroupClauseSelectorSolver<OptToSatAdapter>) groupClauseSelectorSolverArray0; SUT=org.sat4j.AbstractLauncher
[MASTER] 01:59:33.867 [logback-2] ERROR AbstractStatement - Error assigning value of type GroupClauseSelectorSolver[] defined at statement GroupClauseSelectorSolver<OptToSatAdapter>[] groupClauseSelectorSolverArray0 = (GroupClauseSelectorSolver<OptToSatAdapter>[]) Array.newInstance(GroupClauseSelectorSolver.class, 6), assignment statement: groupClauseSelectorSolverArray0[0] = (GroupClauseSelectorSolver<OptToSatAdapter>) groupClauseSelectorSolverArray0; SUT=org.sat4j.AbstractLauncher
[MASTER] 01:59:33.871 [logback-2] ERROR AbstractStatement - Error assigning value of type GroupClauseSelectorSolver[] defined at statement GroupClauseSelectorSolver<OptToSatAdapter>[] groupClauseSelectorSolverArray0 = (GroupClauseSelectorSolver<OptToSatAdapter>[]) Array.newInstance(GroupClauseSelectorSolver.class, 6), assignment statement: groupClauseSelectorSolverArray0[0] = (GroupClauseSelectorSolver<OptToSatAdapter>) groupClauseSelectorSolverArray0; SUT=org.sat4j.AbstractLauncher
[MASTER] 01:59:33.874 [logback-2] ERROR AbstractStatement - Error assigning value of type GroupClauseSelectorSolver[] defined at statement GroupClauseSelectorSolver<OptToSatAdapter>[] groupClauseSelectorSolverArray0 = (GroupClauseSelectorSolver<OptToSatAdapter>[]) Array.newInstance(GroupClauseSelectorSolver.class, 6), assignment statement: groupClauseSelectorSolverArray0[0] = (GroupClauseSelectorSolver<OptToSatAdapter>) groupClauseSelectorSolverArray0; SUT=org.sat4j.AbstractLauncher
[MASTER] 01:59:33.878 [logback-2] ERROR AbstractStatement - Error assigning value of type GroupClauseSelectorSolver[] defined at statement GroupClauseSelectorSolver<OptToSatAdapter>[] groupClauseSelectorSolverArray0 = (GroupClauseSelectorSolver<OptToSatAdapter>[]) Array.newInstance(GroupClauseSelectorSolver.class, 6), assignment statement: groupClauseSelectorSolverArray0[0] = (GroupClauseSelectorSolver<OptToSatAdapter>) groupClauseSelectorSolverArray0; SUT=org.sat4j.AbstractLauncher
[MASTER] 01:59:33.883 [logback-2] ERROR AbstractStatement - Error assigning value of type GroupClauseSelectorSolver[] defined at statement GroupClauseSelectorSolver<OptToSatAdapter>[] groupClauseSelectorSolverArray0 = (GroupClauseSelectorSolver<OptToSatAdapter>[]) Array.newInstance(GroupClauseSelectorSolver.class, 6), assignment statement: groupClauseSelectorSolverArray0[0] = (GroupClauseSelectorSolver<OptToSatAdapter>) groupClauseSelectorSolverArray0; SUT=org.sat4j.AbstractLauncher
[MASTER] 01:59:33.888 [logback-2] ERROR AbstractStatement - Error assigning value of type GroupClauseSelectorSolver[] defined at statement GroupClauseSelectorSolver<OptToSatAdapter>[] groupClauseSelectorSolverArray0 = (GroupClauseSelectorSolver<OptToSatAdapter>[]) Array.newInstance(GroupClauseSelectorSolver.class, 6), assignment statement: groupClauseSelectorSolverArray0[0] = (GroupClauseSelectorSolver<OptToSatAdapter>) groupClauseSelectorSolverArray0; SUT=org.sat4j.AbstractLauncher
[MASTER] 01:59:33.893 [logback-2] ERROR AbstractStatement - Error assigning value of type GroupClauseSelectorSolver[] defined at statement GroupClauseSelectorSolver<OptToSatAdapter>[] groupClauseSelectorSolverArray0 = (GroupClauseSelectorSolver<OptToSatAdapter>[]) Array.newInstance(GroupClauseSelectorSolver.class, 6), assignment statement: groupClauseSelectorSolverArray0[0] = (GroupClauseSelectorSolver<OptToSatAdapter>) groupClauseSelectorSolverArray0; SUT=org.sat4j.AbstractLauncher
[MASTER] 01:59:33.897 [logback-2] ERROR AbstractStatement - Error assigning value of type GroupClauseSelectorSolver[] defined at statement GroupClauseSelectorSolver<OptToSatAdapter>[] groupClauseSelectorSolverArray0 = (GroupClauseSelectorSolver<OptToSatAdapter>[]) Array.newInstance(GroupClauseSelectorSolver.class, 6), assignment statement: groupClauseSelectorSolverArray0[0] = (GroupClauseSelectorSolver<OptToSatAdapter>) groupClauseSelectorSolverArray0; SUT=org.sat4j.AbstractLauncher
[MASTER] 01:59:33.901 [logback-2] ERROR AbstractStatement - Error assigning value of type GroupClauseSelectorSolver[] defined at statement GroupClauseSelectorSolver<OptToSatAdapter>[] groupClauseSelectorSolverArray0 = (GroupClauseSelectorSolver<OptToSatAdapter>[]) Array.newInstance(GroupClauseSelectorSolver.class, 6), assignment statement: groupClauseSelectorSolverArray0[0] = (GroupClauseSelectorSolver<OptToSatAdapter>) groupClauseSelectorSolverArray0; SUT=org.sat4j.AbstractLauncher
[MASTER] 01:59:33.972 [logback-2] ERROR AbstractStatement - Error assigning value of type GroupClauseSelectorSolver[] defined at statement GroupClauseSelectorSolver<OptToSatAdapter>[] groupClauseSelectorSolverArray0 = (GroupClauseSelectorSolver<OptToSatAdapter>[]) Array.newInstance(GroupClauseSelectorSolver.class, 6), assignment statement: groupClauseSelectorSolverArray0[0] = (GroupClauseSelectorSolver<OptToSatAdapter>) groupClauseSelectorSolverArray0; SUT=org.sat4j.AbstractLauncher
[MASTER] 01:59:33.976 [logback-2] ERROR AbstractStatement - Error assigning value of type GroupClauseSelectorSolver[] defined at statement GroupClauseSelectorSolver<OptToSatAdapter>[] groupClauseSelectorSolverArray0 = (GroupClauseSelectorSolver<OptToSatAdapter>[]) Array.newInstance(GroupClauseSelectorSolver.class, 6), assignment statement: groupClauseSelectorSolverArray0[0] = (GroupClauseSelectorSolver<OptToSatAdapter>) groupClauseSelectorSolverArray0; SUT=org.sat4j.AbstractLauncher
[MASTER] 01:59:33.981 [logback-2] ERROR AbstractStatement - Error assigning value of type GroupClauseSelectorSolver[] defined at statement GroupClauseSelectorSolver<OptToSatAdapter>[] groupClauseSelectorSolverArray0 = (GroupClauseSelectorSolver<OptToSatAdapter>[]) Array.newInstance(GroupClauseSelectorSolver.class, 6), assignment statement: groupClauseSelectorSolverArray0[0] = (GroupClauseSelectorSolver<OptToSatAdapter>) groupClauseSelectorSolverArray0; SUT=org.sat4j.AbstractLauncher
[MASTER] 01:59:33.987 [logback-2] ERROR AbstractStatement - Error assigning value of type GroupClauseSelectorSolver[] defined at statement GroupClauseSelectorSolver<OptToSatAdapter>[] groupClauseSelectorSolverArray0 = (GroupClauseSelectorSolver<OptToSatAdapter>[]) Array.newInstance(GroupClauseSelectorSolver.class, 6), assignment statement: groupClauseSelectorSolverArray0[0] = (GroupClauseSelectorSolver<OptToSatAdapter>) groupClauseSelectorSolverArray0; SUT=org.sat4j.AbstractLauncher
[MASTER] 01:59:33.994 [logback-2] ERROR AbstractStatement - Error assigning value of type GroupClauseSelectorSolver[] defined at statement GroupClauseSelectorSolver<OptToSatAdapter>[] groupClauseSelectorSolverArray0 = (GroupClauseSelectorSolver<OptToSatAdapter>[]) Array.newInstance(GroupClauseSelectorSolver.class, 6), assignment statement: groupClauseSelectorSolverArray0[0] = (GroupClauseSelectorSolver<OptToSatAdapter>) groupClauseSelectorSolverArray0; SUT=org.sat4j.AbstractLauncher
[MASTER] 01:59:33.999 [logback-2] ERROR AbstractStatement - Error assigning value of type GroupClauseSelectorSolver[] defined at statement GroupClauseSelectorSolver<OptToSatAdapter>[] groupClauseSelectorSolverArray0 = (GroupClauseSelectorSolver<OptToSatAdapter>[]) Array.newInstance(GroupClauseSelectorSolver.class, 6), assignment statement: groupClauseSelectorSolverArray0[0] = (GroupClauseSelectorSolver<OptToSatAdapter>) groupClauseSelectorSolverArray0; SUT=org.sat4j.AbstractLauncher
[MASTER] 01:59:34.002 [logback-2] ERROR AbstractStatement - Error assigning value of type GroupClauseSelectorSolver[] defined at statement GroupClauseSelectorSolver<OptToSatAdapter>[] groupClauseSelectorSolverArray0 = (GroupClauseSelectorSolver<OptToSatAdapter>[]) Array.newInstance(GroupClauseSelectorSolver.class, 6), assignment statement: groupClauseSelectorSolverArray0[0] = (GroupClauseSelectorSolver<OptToSatAdapter>) groupClauseSelectorSolverArray0; SUT=org.sat4j.AbstractLauncher
[MASTER] 01:59:34.007 [logback-2] ERROR AbstractStatement - Error assigning value of type GroupClauseSelectorSolver[] defined at statement GroupClauseSelectorSolver<OptToSatAdapter>[] groupClauseSelectorSolverArray0 = (GroupClauseSelectorSolver<OptToSatAdapter>[]) Array.newInstance(GroupClauseSelectorSolver.class, 6), assignment statement: groupClauseSelectorSolverArray0[0] = (GroupClauseSelectorSolver<OptToSatAdapter>) groupClauseSelectorSolverArray0; SUT=org.sat4j.AbstractLauncher
[MASTER] 01:59:34.010 [logback-2] ERROR AbstractStatement - Error assigning value of type GroupClauseSelectorSolver[] defined at statement GroupClauseSelectorSolver<OptToSatAdapter>[] groupClauseSelectorSolverArray0 = (GroupClauseSelectorSolver<OptToSatAdapter>[]) Array.newInstance(GroupClauseSelectorSolver.class, 6), assignment statement: groupClauseSelectorSolverArray0[0] = (GroupClauseSelectorSolver<OptToSatAdapter>) groupClauseSelectorSolverArray0; SUT=org.sat4j.AbstractLauncher
[MASTER] 01:59:34.014 [logback-2] ERROR AbstractStatement - Error assigning value of type GroupClauseSelectorSolver[] defined at statement GroupClauseSelectorSolver<OptToSatAdapter>[] groupClauseSelectorSolverArray0 = (GroupClauseSelectorSolver<OptToSatAdapter>[]) Array.newInstance(GroupClauseSelectorSolver.class, 6), assignment statement: groupClauseSelectorSolverArray0[0] = (GroupClauseSelectorSolver<OptToSatAdapter>) groupClauseSelectorSolverArray0; SUT=org.sat4j.AbstractLauncher
[MASTER] 01:59:34.017 [logback-2] ERROR AbstractStatement - Error assigning value of type GroupClauseSelectorSolver[] defined at statement GroupClauseSelectorSolver<OptToSatAdapter>[] groupClauseSelectorSolverArray0 = (GroupClauseSelectorSolver<OptToSatAdapter>[]) Array.newInstance(GroupClauseSelectorSolver.class, 6), assignment statement: groupClauseSelectorSolverArray0[0] = (GroupClauseSelectorSolver<OptToSatAdapter>) groupClauseSelectorSolverArray0; SUT=org.sat4j.AbstractLauncher
[MASTER] 01:59:34.020 [logback-2] ERROR AbstractStatement - Error assigning value of type GroupClauseSelectorSolver[] defined at statement GroupClauseSelectorSolver<OptToSatAdapter>[] groupClauseSelectorSolverArray0 = (GroupClauseSelectorSolver<OptToSatAdapter>[]) Array.newInstance(GroupClauseSelectorSolver.class, 6), assignment statement: groupClauseSelectorSolverArray0[0] = (GroupClauseSelectorSolver<OptToSatAdapter>) groupClauseSelectorSolverArray0; SUT=org.sat4j.AbstractLauncher
[MASTER] 01:59:34.023 [logback-2] ERROR AbstractStatement - Error assigning value of type GroupClauseSelectorSolver[] defined at statement GroupClauseSelectorSolver<OptToSatAdapter>[] groupClauseSelectorSolverArray0 = (GroupClauseSelectorSolver<OptToSatAdapter>[]) Array.newInstance(GroupClauseSelectorSolver.class, 6), assignment statement: groupClauseSelectorSolverArray0[0] = (GroupClauseSelectorSolver<OptToSatAdapter>) groupClauseSelectorSolverArray0; SUT=org.sat4j.AbstractLauncher
[MASTER] 01:59:34.435 [logback-2] ERROR AbstractStatement - Error assigning value of type GroupClauseSelectorSolver[] defined at statement GroupClauseSelectorSolver<OptToSatAdapter>[] groupClauseSelectorSolverArray0 = (GroupClauseSelectorSolver<OptToSatAdapter>[]) Array.newInstance(GroupClauseSelectorSolver.class, 6), assignment statement: groupClauseSelectorSolverArray0[0] = (GroupClauseSelectorSolver<OptToSatAdapter>) groupClauseSelectorSolverArray0; SUT=org.sat4j.AbstractLauncher
[MASTER] 01:59:34.438 [logback-2] ERROR AbstractStatement - Error assigning value of type GroupClauseSelectorSolver[] defined at statement GroupClauseSelectorSolver<OptToSatAdapter>[] groupClauseSelectorSolverArray0 = (GroupClauseSelectorSolver<OptToSatAdapter>[]) Array.newInstance(GroupClauseSelectorSolver.class, 6), assignment statement: groupClauseSelectorSolverArray0[0] = (GroupClauseSelectorSolver<OptToSatAdapter>) groupClauseSelectorSolverArray0; SUT=org.sat4j.AbstractLauncher
[MASTER] 01:59:34.442 [logback-2] ERROR AbstractStatement - Error assigning value of type GroupClauseSelectorSolver[] defined at statement GroupClauseSelectorSolver<OptToSatAdapter>[] groupClauseSelectorSolverArray0 = (GroupClauseSelectorSolver<OptToSatAdapter>[]) Array.newInstance(GroupClauseSelectorSolver.class, 6), assignment statement: groupClauseSelectorSolverArray0[0] = (GroupClauseSelectorSolver<OptToSatAdapter>) groupClauseSelectorSolverArray0; SUT=org.sat4j.AbstractLauncher
[MASTER] 01:59:34.446 [logback-2] ERROR AbstractStatement - Error assigning value of type GroupClauseSelectorSolver[] defined at statement GroupClauseSelectorSolver<OptToSatAdapter>[] groupClauseSelectorSolverArray0 = (GroupClauseSelectorSolver<OptToSatAdapter>[]) Array.newInstance(GroupClauseSelectorSolver.class, 6), assignment statement: groupClauseSelectorSolverArray0[0] = (GroupClauseSelectorSolver<OptToSatAdapter>) groupClauseSelectorSolverArray0; SUT=org.sat4j.AbstractLauncher
[MASTER] 01:59:34.451 [logback-2] ERROR AbstractStatement - Error assigning value of type GroupClauseSelectorSolver[] defined at statement GroupClauseSelectorSolver<OptToSatAdapter>[] groupClauseSelectorSolverArray0 = (GroupClauseSelectorSolver<OptToSatAdapter>[]) Array.newInstance(GroupClauseSelectorSolver.class, 6), assignment statement: groupClauseSelectorSolverArray0[0] = (GroupClauseSelectorSolver<OptToSatAdapter>) groupClauseSelectorSolverArray0; SUT=org.sat4j.AbstractLauncher
[MASTER] 01:59:34.455 [logback-2] ERROR AbstractStatement - Error assigning value of type GroupClauseSelectorSolver[] defined at statement GroupClauseSelectorSolver<OptToSatAdapter>[] groupClauseSelectorSolverArray0 = (GroupClauseSelectorSolver<OptToSatAdapter>[]) Array.newInstance(GroupClauseSelectorSolver.class, 6), assignment statement: groupClauseSelectorSolverArray0[0] = (GroupClauseSelectorSolver<OptToSatAdapter>) groupClauseSelectorSolverArray0; SUT=org.sat4j.AbstractLauncher
[MASTER] 01:59:34.460 [logback-2] ERROR AbstractStatement - Error assigning value of type GroupClauseSelectorSolver[] defined at statement GroupClauseSelectorSolver<OptToSatAdapter>[] groupClauseSelectorSolverArray0 = (GroupClauseSelectorSolver<OptToSatAdapter>[]) Array.newInstance(GroupClauseSelectorSolver.class, 6), assignment statement: groupClauseSelectorSolverArray0[0] = (GroupClauseSelectorSolver<OptToSatAdapter>) groupClauseSelectorSolverArray0; SUT=org.sat4j.AbstractLauncher
[MASTER] 01:59:34.464 [logback-2] ERROR AbstractStatement - Error assigning value of type GroupClauseSelectorSolver[] defined at statement GroupClauseSelectorSolver<OptToSatAdapter>[] groupClauseSelectorSolverArray0 = (GroupClauseSelectorSolver<OptToSatAdapter>[]) Array.newInstance(GroupClauseSelectorSolver.class, 6), assignment statement: groupClauseSelectorSolverArray0[0] = (GroupClauseSelectorSolver<OptToSatAdapter>) groupClauseSelectorSolverArray0; SUT=org.sat4j.AbstractLauncher
[MASTER] 01:59:34.473 [logback-2] ERROR AbstractStatement - Error assigning value of type GroupClauseSelectorSolver[] defined at statement GroupClauseSelectorSolver<OptToSatAdapter>[] groupClauseSelectorSolverArray0 = (GroupClauseSelectorSolver<OptToSatAdapter>[]) Array.newInstance(GroupClauseSelectorSolver.class, 6), assignment statement: groupClauseSelectorSolverArray0[0] = (GroupClauseSelectorSolver<OptToSatAdapter>) groupClauseSelectorSolverArray0; SUT=org.sat4j.AbstractLauncher
[MASTER] 01:59:34.477 [logback-2] ERROR AbstractStatement - Error assigning value of type GroupClauseSelectorSolver[] defined at statement GroupClauseSelectorSolver<OptToSatAdapter>[] groupClauseSelectorSolverArray0 = (GroupClauseSelectorSolver<OptToSatAdapter>[]) Array.newInstance(GroupClauseSelectorSolver.class, 6), assignment statement: groupClauseSelectorSolverArray0[0] = (GroupClauseSelectorSolver<OptToSatAdapter>) groupClauseSelectorSolverArray0; SUT=org.sat4j.AbstractLauncher
[MASTER] 01:59:34.481 [logback-2] ERROR AbstractStatement - Error assigning value of type GroupClauseSelectorSolver[] defined at statement GroupClauseSelectorSolver<OptToSatAdapter>[] groupClauseSelectorSolverArray0 = (GroupClauseSelectorSolver<OptToSatAdapter>[]) Array.newInstance(GroupClauseSelectorSolver.class, 6), assignment statement: groupClauseSelectorSolverArray0[0] = (GroupClauseSelectorSolver<OptToSatAdapter>) groupClauseSelectorSolverArray0; SUT=org.sat4j.AbstractLauncher
[MASTER] 01:59:34.491 [logback-2] ERROR AbstractStatement - Error assigning value of type GroupClauseSelectorSolver[] defined at statement GroupClauseSelectorSolver<OptToSatAdapter>[] groupClauseSelectorSolverArray0 = (GroupClauseSelectorSolver<OptToSatAdapter>[]) Array.newInstance(GroupClauseSelectorSolver.class, 6), assignment statement: groupClauseSelectorSolverArray0[0] = (GroupClauseSelectorSolver<OptToSatAdapter>) groupClauseSelectorSolverArray0; SUT=org.sat4j.AbstractLauncher
[MASTER] 01:59:34.495 [logback-2] ERROR AbstractStatement - Error assigning value of type GroupClauseSelectorSolver[] defined at statement GroupClauseSelectorSolver<OptToSatAdapter>[] groupClauseSelectorSolverArray0 = (GroupClauseSelectorSolver<OptToSatAdapter>[]) Array.newInstance(GroupClauseSelectorSolver.class, 6), assignment statement: groupClauseSelectorSolverArray0[0] = (GroupClauseSelectorSolver<OptToSatAdapter>) groupClauseSelectorSolverArray0; SUT=org.sat4j.AbstractLauncher
[MASTER] 01:59:34.784 [logback-2] ERROR AbstractStatement - Error assigning value of type GroupClauseSelectorSolver[] defined at statement GroupClauseSelectorSolver<OptToSatAdapter>[] groupClauseSelectorSolverArray0 = (GroupClauseSelectorSolver<OptToSatAdapter>[]) Array.newInstance(GroupClauseSelectorSolver.class, 6), assignment statement: groupClauseSelectorSolverArray0[0] = (GroupClauseSelectorSolver<OptToSatAdapter>) groupClauseSelectorSolverArray0; SUT=org.sat4j.AbstractLauncher
[MASTER] 01:59:34.790 [logback-2] ERROR AbstractStatement - Error assigning value of type GroupClauseSelectorSolver[] defined at statement GroupClauseSelectorSolver<OptToSatAdapter>[] groupClauseSelectorSolverArray0 = (GroupClauseSelectorSolver<OptToSatAdapter>[]) Array.newInstance(GroupClauseSelectorSolver.class, 6), assignment statement: groupClauseSelectorSolverArray0[0] = (GroupClauseSelectorSolver<OptToSatAdapter>) groupClauseSelectorSolverArray0; SUT=org.sat4j.AbstractLauncher
[MASTER] 01:59:34.795 [logback-2] ERROR AbstractStatement - Error assigning value of type GroupClauseSelectorSolver[] defined at statement GroupClauseSelectorSolver<OptToSatAdapter>[] groupClauseSelectorSolverArray0 = (GroupClauseSelectorSolver<OptToSatAdapter>[]) Array.newInstance(GroupClauseSelectorSolver.class, 6), assignment statement: groupClauseSelectorSolverArray0[0] = (GroupClauseSelectorSolver<OptToSatAdapter>) groupClauseSelectorSolverArray0; SUT=org.sat4j.AbstractLauncher
[MASTER] 01:59:34.800 [logback-2] ERROR AbstractStatement - Error assigning value of type GroupClauseSelectorSolver[] defined at statement GroupClauseSelectorSolver<OptToSatAdapter>[] groupClauseSelectorSolverArray0 = (GroupClauseSelectorSolver<OptToSatAdapter>[]) Array.newInstance(GroupClauseSelectorSolver.class, 6), assignment statement: groupClauseSelectorSolverArray0[0] = (GroupClauseSelectorSolver<OptToSatAdapter>) groupClauseSelectorSolverArray0; SUT=org.sat4j.AbstractLauncher
[MASTER] 01:59:34.805 [logback-2] ERROR AbstractStatement - Error assigning value of type GroupClauseSelectorSolver[] defined at statement GroupClauseSelectorSolver<OptToSatAdapter>[] groupClauseSelectorSolverArray0 = (GroupClauseSelectorSolver<OptToSatAdapter>[]) Array.newInstance(GroupClauseSelectorSolver.class, 6), assignment statement: groupClauseSelectorSolverArray0[0] = (GroupClauseSelectorSolver<OptToSatAdapter>) groupClauseSelectorSolverArray0; SUT=org.sat4j.AbstractLauncher
[MASTER] 01:59:34.809 [logback-2] ERROR AbstractStatement - Error assigning value of type GroupClauseSelectorSolver[] defined at statement GroupClauseSelectorSolver<OptToSatAdapter>[] groupClauseSelectorSolverArray0 = (GroupClauseSelectorSolver<OptToSatAdapter>[]) Array.newInstance(GroupClauseSelectorSolver.class, 6), assignment statement: groupClauseSelectorSolverArray0[0] = (GroupClauseSelectorSolver<OptToSatAdapter>) groupClauseSelectorSolverArray0; SUT=org.sat4j.AbstractLauncher
[MASTER] 01:59:34.814 [logback-2] ERROR AbstractStatement - Error assigning value of type GroupClauseSelectorSolver[] defined at statement GroupClauseSelectorSolver<OptToSatAdapter>[] groupClauseSelectorSolverArray0 = (GroupClauseSelectorSolver<OptToSatAdapter>[]) Array.newInstance(GroupClauseSelectorSolver.class, 6), assignment statement: groupClauseSelectorSolverArray0[0] = (GroupClauseSelectorSolver<OptToSatAdapter>) groupClauseSelectorSolverArray0; SUT=org.sat4j.AbstractLauncher
[MASTER] 01:59:34.821 [logback-2] ERROR AbstractStatement - Error assigning value of type GroupClauseSelectorSolver[] defined at statement GroupClauseSelectorSolver<OptToSatAdapter>[] groupClauseSelectorSolverArray0 = (GroupClauseSelectorSolver<OptToSatAdapter>[]) Array.newInstance(GroupClauseSelectorSolver.class, 6), assignment statement: groupClauseSelectorSolverArray0[0] = (GroupClauseSelectorSolver<OptToSatAdapter>) groupClauseSelectorSolverArray0; SUT=org.sat4j.AbstractLauncher
[MASTER] 01:59:34.833 [logback-2] ERROR AbstractStatement - Error assigning value of type GroupClauseSelectorSolver[] defined at statement GroupClauseSelectorSolver<OptToSatAdapter>[] groupClauseSelectorSolverArray0 = (GroupClauseSelectorSolver<OptToSatAdapter>[]) Array.newInstance(GroupClauseSelectorSolver.class, 6), assignment statement: groupClauseSelectorSolverArray0[0] = (GroupClauseSelectorSolver<OptToSatAdapter>) groupClauseSelectorSolverArray0; SUT=org.sat4j.AbstractLauncher
[MASTER] 01:59:34.838 [logback-2] ERROR AbstractStatement - Error assigning value of type GroupClauseSelectorSolver[] defined at statement GroupClauseSelectorSolver<OptToSatAdapter>[] groupClauseSelectorSolverArray0 = (GroupClauseSelectorSolver<OptToSatAdapter>[]) Array.newInstance(GroupClauseSelectorSolver.class, 6), assignment statement: groupClauseSelectorSolverArray0[0] = (GroupClauseSelectorSolver<OptToSatAdapter>) groupClauseSelectorSolverArray0; SUT=org.sat4j.AbstractLauncher
[MASTER] 01:59:34.841 [logback-2] ERROR AbstractStatement - Error assigning value of type GroupClauseSelectorSolver[] defined at statement GroupClauseSelectorSolver<OptToSatAdapter>[] groupClauseSelectorSolverArray0 = (GroupClauseSelectorSolver<OptToSatAdapter>[]) Array.newInstance(GroupClauseSelectorSolver.class, 6), assignment statement: groupClauseSelectorSolverArray0[0] = (GroupClauseSelectorSolver<OptToSatAdapter>) groupClauseSelectorSolverArray0; SUT=org.sat4j.AbstractLauncher
[MASTER] 01:59:34.846 [logback-2] ERROR AbstractStatement - Error assigning value of type GroupClauseSelectorSolver[] defined at statement GroupClauseSelectorSolver<OptToSatAdapter>[] groupClauseSelectorSolverArray0 = (GroupClauseSelectorSolver<OptToSatAdapter>[]) Array.newInstance(GroupClauseSelectorSolver.class, 6), assignment statement: groupClauseSelectorSolverArray0[0] = (GroupClauseSelectorSolver<OptToSatAdapter>) groupClauseSelectorSolverArray0; SUT=org.sat4j.AbstractLauncher
[MASTER] 01:59:34.850 [logback-2] ERROR AbstractStatement - Error assigning value of type GroupClauseSelectorSolver[] defined at statement GroupClauseSelectorSolver<OptToSatAdapter>[] groupClauseSelectorSolverArray0 = (GroupClauseSelectorSolver<OptToSatAdapter>[]) Array.newInstance(GroupClauseSelectorSolver.class, 6), assignment statement: groupClauseSelectorSolverArray0[0] = (GroupClauseSelectorSolver<OptToSatAdapter>) groupClauseSelectorSolverArray0; SUT=org.sat4j.AbstractLauncher
[MASTER] 01:59:36.599 [logback-2] ERROR AbstractStatement - Error assigning value of type GroupClauseSelectorSolver[] defined at statement GroupClauseSelectorSolver<OptToSatAdapter>[] groupClauseSelectorSolverArray0 = (GroupClauseSelectorSolver<OptToSatAdapter>[]) Array.newInstance(GroupClauseSelectorSolver.class, 6), assignment statement: groupClauseSelectorSolverArray0[0] = (GroupClauseSelectorSolver<OptToSatAdapter>) groupClauseSelectorSolverArray0; SUT=org.sat4j.AbstractLauncher
[MASTER] 01:59:36.605 [logback-2] ERROR AbstractStatement - Error assigning value of type GroupClauseSelectorSolver[] defined at statement GroupClauseSelectorSolver<OptToSatAdapter>[] groupClauseSelectorSolverArray0 = (GroupClauseSelectorSolver<OptToSatAdapter>[]) Array.newInstance(GroupClauseSelectorSolver.class, 6), assignment statement: groupClauseSelectorSolverArray0[0] = (GroupClauseSelectorSolver<OptToSatAdapter>) groupClauseSelectorSolverArray0; SUT=org.sat4j.AbstractLauncher
[MASTER] 01:59:36.609 [logback-2] ERROR AbstractStatement - Error assigning value of type GroupClauseSelectorSolver[] defined at statement GroupClauseSelectorSolver<OptToSatAdapter>[] groupClauseSelectorSolverArray0 = (GroupClauseSelectorSolver<OptToSatAdapter>[]) Array.newInstance(GroupClauseSelectorSolver.class, 6), assignment statement: groupClauseSelectorSolverArray0[0] = (GroupClauseSelectorSolver<OptToSatAdapter>) groupClauseSelectorSolverArray0; SUT=org.sat4j.AbstractLauncher
[MASTER] 01:59:36.612 [logback-2] ERROR AbstractStatement - Error assigning value of type GroupClauseSelectorSolver[] defined at statement GroupClauseSelectorSolver<OptToSatAdapter>[] groupClauseSelectorSolverArray0 = (GroupClauseSelectorSolver<OptToSatAdapter>[]) Array.newInstance(GroupClauseSelectorSolver.class, 6), assignment statement: groupClauseSelectorSolverArray0[0] = (GroupClauseSelectorSolver<OptToSatAdapter>) groupClauseSelectorSolverArray0; SUT=org.sat4j.AbstractLauncher
[MASTER] 01:59:36.616 [logback-2] ERROR AbstractStatement - Error assigning value of type GroupClauseSelectorSolver[] defined at statement GroupClauseSelectorSolver<OptToSatAdapter>[] groupClauseSelectorSolverArray0 = (GroupClauseSelectorSolver<OptToSatAdapter>[]) Array.newInstance(GroupClauseSelectorSolver.class, 6), assignment statement: groupClauseSelectorSolverArray0[0] = (GroupClauseSelectorSolver<OptToSatAdapter>) groupClauseSelectorSolverArray0; SUT=org.sat4j.AbstractLauncher
[MASTER] 01:59:36.619 [logback-2] ERROR AbstractStatement - Error assigning value of type GroupClauseSelectorSolver[] defined at statement GroupClauseSelectorSolver<OptToSatAdapter>[] groupClauseSelectorSolverArray0 = (GroupClauseSelectorSolver<OptToSatAdapter>[]) Array.newInstance(GroupClauseSelectorSolver.class, 6), assignment statement: groupClauseSelectorSolverArray0[0] = (GroupClauseSelectorSolver<OptToSatAdapter>) groupClauseSelectorSolverArray0; SUT=org.sat4j.AbstractLauncher
[MASTER] 01:59:36.623 [logback-2] ERROR AbstractStatement - Error assigning value of type GroupClauseSelectorSolver[] defined at statement GroupClauseSelectorSolver<OptToSatAdapter>[] groupClauseSelectorSolverArray0 = (GroupClauseSelectorSolver<OptToSatAdapter>[]) Array.newInstance(GroupClauseSelectorSolver.class, 6), assignment statement: groupClauseSelectorSolverArray0[0] = (GroupClauseSelectorSolver<OptToSatAdapter>) groupClauseSelectorSolverArray0; SUT=org.sat4j.AbstractLauncher
[MASTER] 01:59:36.628 [logback-2] ERROR AbstractStatement - Error assigning value of type GroupClauseSelectorSolver[] defined at statement GroupClauseSelectorSolver<OptToSatAdapter>[] groupClauseSelectorSolverArray0 = (GroupClauseSelectorSolver<OptToSatAdapter>[]) Array.newInstance(GroupClauseSelectorSolver.class, 6), assignment statement: groupClauseSelectorSolverArray0[0] = (GroupClauseSelectorSolver<OptToSatAdapter>) groupClauseSelectorSolverArray0; SUT=org.sat4j.AbstractLauncher
[MASTER] 01:59:36.635 [logback-2] ERROR AbstractStatement - Error assigning value of type GroupClauseSelectorSolver[] defined at statement GroupClauseSelectorSolver<OptToSatAdapter>[] groupClauseSelectorSolverArray0 = (GroupClauseSelectorSolver<OptToSatAdapter>[]) Array.newInstance(GroupClauseSelectorSolver.class, 6), assignment statement: groupClauseSelectorSolverArray0[0] = (GroupClauseSelectorSolver<OptToSatAdapter>) groupClauseSelectorSolverArray0; SUT=org.sat4j.AbstractLauncher
[MASTER] 01:59:36.641 [logback-2] ERROR AbstractStatement - Error assigning value of type GroupClauseSelectorSolver[] defined at statement GroupClauseSelectorSolver<OptToSatAdapter>[] groupClauseSelectorSolverArray0 = (GroupClauseSelectorSolver<OptToSatAdapter>[]) Array.newInstance(GroupClauseSelectorSolver.class, 6), assignment statement: groupClauseSelectorSolverArray0[0] = (GroupClauseSelectorSolver<OptToSatAdapter>) groupClauseSelectorSolverArray0; SUT=org.sat4j.AbstractLauncher
[MASTER] 01:59:36.644 [logback-2] ERROR AbstractStatement - Error assigning value of type GroupClauseSelectorSolver[] defined at statement GroupClauseSelectorSolver<OptToSatAdapter>[] groupClauseSelectorSolverArray0 = (GroupClauseSelectorSolver<OptToSatAdapter>[]) Array.newInstance(GroupClauseSelectorSolver.class, 6), assignment statement: groupClauseSelectorSolverArray0[0] = (GroupClauseSelectorSolver<OptToSatAdapter>) groupClauseSelectorSolverArray0; SUT=org.sat4j.AbstractLauncher
[MASTER] 01:59:36.648 [logback-2] ERROR AbstractStatement - Error assigning value of type GroupClauseSelectorSolver[] defined at statement GroupClauseSelectorSolver<OptToSatAdapter>[] groupClauseSelectorSolverArray0 = (GroupClauseSelectorSolver<OptToSatAdapter>[]) Array.newInstance(GroupClauseSelectorSolver.class, 6), assignment statement: groupClauseSelectorSolverArray0[0] = (GroupClauseSelectorSolver<OptToSatAdapter>) groupClauseSelectorSolverArray0; SUT=org.sat4j.AbstractLauncher
[MASTER] 01:59:36.657 [logback-2] ERROR AbstractStatement - Error assigning value of type GroupClauseSelectorSolver[] defined at statement GroupClauseSelectorSolver<OptToSatAdapter>[] groupClauseSelectorSolverArray0 = (GroupClauseSelectorSolver<OptToSatAdapter>[]) Array.newInstance(GroupClauseSelectorSolver.class, 6), assignment statement: groupClauseSelectorSolverArray0[0] = (GroupClauseSelectorSolver<OptToSatAdapter>) groupClauseSelectorSolverArray0; SUT=org.sat4j.AbstractLauncher
[MASTER] 01:59:40.506 [logback-2] ERROR ClientNodeImpl - Cannot inform master of change of state
java.rmi.ServerException: RemoteException occurred in server thread; nested exception is: 
	java.rmi.UnmarshalException: error unmarshalling arguments; nested exception is: 
	java.io.InvalidClassException: cannot bind enum descriptor to a non-enum class
	at sun.rmi.server.UnicastServerRef.dispatch(UnicastServerRef.java:389) ~[na:1.8.0_191]
	at sun.rmi.transport.Transport$1.run(Transport.java:200) ~[na:1.8.0_191]
	at sun.rmi.transport.Transport$1.run(Transport.java:197) ~[na:1.8.0_191]
	at java.security.AccessController.doPrivileged(Native Method) ~[na:1.8.0_191]
	at sun.rmi.transport.Transport.serviceCall(Transport.java:196) ~[na:1.8.0_191]
	at sun.rmi.transport.tcp.TCPTransport.handleMessages(TCPTransport.java:573) ~[na:1.8.0_191]
	at sun.rmi.transport.tcp.TCPTransport$ConnectionHandler.run0(TCPTransport.java:834) ~[na:1.8.0_191]
	at sun.rmi.transport.tcp.TCPTransport$ConnectionHandler.lambda$run$0(TCPTransport.java:688) ~[na:1.8.0_191]
	at java.security.AccessController.doPrivileged(Native Method) ~[na:1.8.0_191]
	at sun.rmi.transport.tcp.TCPTransport$ConnectionHandler.run(TCPTransport.java:687) ~[na:1.8.0_191]
	at java.util.concurrent.ThreadPoolExecutor.runWorker(ThreadPoolExecutor.java:1149) [na:1.8.0_191]
	at java.util.concurrent.ThreadPoolExecutor$Worker.run(ThreadPoolExecutor.java:624) [na:1.8.0_191]
	at java.lang.Thread.run(Thread.java:748) [na:1.8.0_191]
	at sun.rmi.transport.StreamRemoteCall.exceptionReceivedFromServer(StreamRemoteCall.java:283) ~[na:1.8.0_191]
	at sun.rmi.transport.StreamRemoteCall.executeCall(StreamRemoteCall.java:260) ~[na:1.8.0_191]
	at sun.rmi.server.UnicastRef.invoke(UnicastRef.java:161) ~[na:1.8.0_191]
	at java.rmi.server.RemoteObjectInvocationHandler.invokeRemoteMethod(RemoteObjectInvocationHandler.java:227) ~[na:1.8.0_191]
	at java.rmi.server.RemoteObjectInvocationHandler.invoke(RemoteObjectInvocationHandler.java:179) ~[na:1.8.0_191]
	at com.sun.proxy.$Proxy7.evosuite_collectStatistics(Unknown Source) ~[na:na]
	at org.evosuite.rmi.service.ClientNodeImpl.updateStatistics(ClientNodeImpl.java:279) ~[evosuite-master-1.0.7-SNAPSHOT.jar:1.0.7-SNAPSHOT]
	at org.evosuite.statistics.StatisticsSender.sendIndividualToMaster(StatisticsSender.java:68) [evosuite-master-1.0.7-SNAPSHOT.jar:1.0.7-SNAPSHOT]
	at org.evosuite.TestSuiteGenerator.postProcessTests(TestSuiteGenerator.java:543) [evosuite-master-1.0.7-SNAPSHOT.jar:1.0.7-SNAPSHOT]
	at org.evosuite.TestSuiteGenerator.generateTestSuite(TestSuiteGenerator.java:254) [evosuite-master-1.0.7-SNAPSHOT.jar:1.0.7-SNAPSHOT]
	at org.evosuite.rmi.service.ClientNodeImpl$1.run(ClientNodeImpl.java:160) [evosuite-master-1.0.7-SNAPSHOT.jar:1.0.7-SNAPSHOT]
	at java.util.concurrent.Executors$RunnableAdapter.call(Executors.java:511) [na:1.8.0_191]
	at java.util.concurrent.FutureTask.run(FutureTask.java:266) [na:1.8.0_191]
	at java.util.concurrent.ThreadPoolExecutor.runWorker(ThreadPoolExecutor.java:1149) [na:1.8.0_191]
	at java.util.concurrent.ThreadPoolExecutor$Worker.run(ThreadPoolExecutor.java:624) [na:1.8.0_191]
	at java.lang.Thread.run(Thread.java:748) [na:1.8.0_191]
Caused by: java.rmi.UnmarshalException: error unmarshalling arguments; nested exception is: 
	java.io.InvalidClassException: cannot bind enum descriptor to a non-enum class
	at sun.rmi.server.UnicastServerRef.dispatch(UnicastServerRef.java:348) ~[na:1.8.0_191]
	at sun.rmi.transport.Transport$1.run(Transport.java:200) ~[na:1.8.0_191]
	at sun.rmi.transport.Transport$1.run(Transport.java:197) ~[na:1.8.0_191]
	at java.security.AccessController.doPrivileged(Native Method) ~[na:1.8.0_191]
	at sun.rmi.transport.Transport.serviceCall(Transport.java:196) ~[na:1.8.0_191]
	at sun.rmi.transport.tcp.TCPTransport.handleMessages(TCPTransport.java:573) ~[na:1.8.0_191]
	at sun.rmi.transport.tcp.TCPTransport$ConnectionHandler.run0(TCPTransport.java:834) ~[na:1.8.0_191]
	at sun.rmi.transport.tcp.TCPTransport$ConnectionHandler.lambda$run$0(TCPTransport.java:688) ~[na:1.8.0_191]
	at java.security.AccessController.doPrivileged(Native Method) ~[na:1.8.0_191]
	at sun.rmi.transport.tcp.TCPTransport$ConnectionHandler.run(TCPTransport.java:687) ~[na:1.8.0_191]
	... 3 common frames omitted
Caused by: java.io.InvalidClassException: cannot bind enum descriptor to a non-enum class
	at java.io.ObjectStreamClass.initNonProxy(ObjectStreamClass.java:687) ~[na:1.8.0_191]
	at java.io.ObjectInputStream.readNonProxyDesc(ObjectInputStream.java:1885) ~[na:1.8.0_191]
	at java.io.ObjectInputStream.readClassDesc(ObjectInputStream.java:1751) ~[na:1.8.0_191]
	at java.io.ObjectInputStream.readEnum(ObjectInputStream.java:1994) ~[na:1.8.0_191]
	at java.io.ObjectInputStream.readObject0(ObjectInputStream.java:1570) ~[na:1.8.0_191]
	at java.io.ObjectInputStream.defaultReadFields(ObjectInputStream.java:2287) ~[na:1.8.0_191]
	at java.io.ObjectInputStream.defaultReadObject(ObjectInputStream.java:561) ~[na:1.8.0_191]
	at org.evosuite.assertion.Assertion.readObject(Assertion.java:256) ~[evosuite-master-1.0.7-SNAPSHOT.jar:1.0.7-SNAPSHOT]
	at sun.reflect.NativeMethodAccessorImpl.invoke0(Native Method) ~[na:1.8.0_191]
	at sun.reflect.NativeMethodAccessorImpl.invoke(NativeMethodAccessorImpl.java:62) ~[na:1.8.0_191]
	at sun.reflect.DelegatingMethodAccessorImpl.invoke(DelegatingMethodAccessorImpl.java:43) ~[na:1.8.0_191]
	at java.lang.reflect.Method.invoke(Method.java:498) ~[na:1.8.0_191]
	at java.io.ObjectStreamClass.invokeReadObject(ObjectStreamClass.java:1170) ~[na:1.8.0_191]
	at java.io.ObjectInputStream.readSerialData(ObjectInputStream.java:2178) ~[na:1.8.0_191]
	at java.io.ObjectInputStream.readOrdinaryObject(ObjectInputStream.java:2069) ~[na:1.8.0_191]
	at java.io.ObjectInputStream.readObject0(ObjectInputStream.java:1573) ~[na:1.8.0_191]
	at java.io.ObjectInputStream.readObject(ObjectInputStream.java:431) ~[na:1.8.0_191]
	at java.util.HashSet.readObject(HashSet.java:341) ~[na:1.8.0_191]
	at sun.reflect.GeneratedMethodAccessor4.invoke(Unknown Source) ~[na:na]
	at sun.reflect.DelegatingMethodAccessorImpl.invoke(DelegatingMethodAccessorImpl.java:43) ~[na:1.8.0_191]
	at java.lang.reflect.Method.invoke(Method.java:498) ~[na:1.8.0_191]
	at java.io.ObjectStreamClass.invokeReadObject(ObjectStreamClass.java:1170) ~[na:1.8.0_191]
	at java.io.ObjectInputStream.readSerialData(ObjectInputStream.java:2178) ~[na:1.8.0_191]
	at java.io.ObjectInputStream.readOrdinaryObject(ObjectInputStream.java:2069) ~[na:1.8.0_191]
	at java.io.ObjectInputStream.readObject0(ObjectInputStream.java:1573) ~[na:1.8.0_191]
	at java.io.ObjectInputStream.defaultReadFields(ObjectInputStream.java:2287) ~[na:1.8.0_191]
	at java.io.ObjectInputStream.readSerialData(ObjectInputStream.java:2211) ~[na:1.8.0_191]
	at java.io.ObjectInputStream.readOrdinaryObject(ObjectInputStream.java:2069) ~[na:1.8.0_191]
	at java.io.ObjectInputStream.readObject0(ObjectInputStream.java:1573) ~[na:1.8.0_191]
	at java.io.ObjectInputStream.readObject(ObjectInputStream.java:431) ~[na:1.8.0_191]
	at java.util.ArrayList.readObject(ArrayList.java:797) ~[na:1.8.0_191]
	at sun.reflect.GeneratedMethodAccessor7.invoke(Unknown Source) ~[na:na]
	at sun.reflect.DelegatingMethodAccessorImpl.invoke(DelegatingMethodAccessorImpl.java:43) ~[na:1.8.0_191]
	at java.lang.reflect.Method.invoke(Method.java:498) ~[na:1.8.0_191]
	at java.io.ObjectStreamClass.invokeReadObject(ObjectStreamClass.java:1170) ~[na:1.8.0_191]
	at java.io.ObjectInputStream.readSerialData(ObjectInputStream.java:2178) ~[na:1.8.0_191]
	at java.io.ObjectInputStream.readOrdinaryObject(ObjectInputStream.java:2069) ~[na:1.8.0_191]
	at java.io.ObjectInputStream.readObject0(ObjectInputStream.java:1573) ~[na:1.8.0_191]
	at java.io.ObjectInputStream.defaultReadFields(ObjectInputStream.java:2287) ~[na:1.8.0_191]
	at java.io.ObjectInputStream.readSerialData(ObjectInputStream.java:2211) ~[na:1.8.0_191]
	at java.io.ObjectInputStream.readOrdinaryObject(ObjectInputStream.java:2069) ~[na:1.8.0_191]
	at java.io.ObjectInputStream.readObject0(ObjectInputStream.java:1573) ~[na:1.8.0_191]
	at java.io.ObjectInputStream.defaultReadFields(ObjectInputStream.java:2287) ~[na:1.8.0_191]
	at java.io.ObjectInputStream.defaultReadObject(ObjectInputStream.java:561) ~[na:1.8.0_191]
	at org.evosuite.testcase.DefaultTestCase.readObject(DefaultTestCase.java:1139) ~[evosuite-master-1.0.7-SNAPSHOT.jar:1.0.7-SNAPSHOT]
	at sun.reflect.GeneratedMethodAccessor14.invoke(Unknown Source) ~[na:na]
	at sun.reflect.DelegatingMethodAccessorImpl.invoke(DelegatingMethodAccessorImpl.java:43) ~[na:1.8.0_191]
	at java.lang.reflect.Method.invoke(Method.java:498) ~[na:1.8.0_191]
	at java.io.ObjectStreamClass.invokeReadObject(ObjectStreamClass.java:1170) ~[na:1.8.0_191]
	at java.io.ObjectInputStream.readSerialData(ObjectInputStream.java:2178) ~[na:1.8.0_191]
	at java.io.ObjectInputStream.readOrdinaryObject(ObjectInputStream.java:2069) ~[na:1.8.0_191]
	at java.io.ObjectInputStream.readObject0(ObjectInputStream.java:1573) ~[na:1.8.0_191]
	at java.io.ObjectInputStream.defaultReadFields(ObjectInputStream.java:2287) ~[na:1.8.0_191]
	at java.io.ObjectInputStream.readSerialData(ObjectInputStream.java:2211) ~[na:1.8.0_191]
	at java.io.ObjectInputStream.readOrdinaryObject(ObjectInputStream.java:2069) ~[na:1.8.0_191]
	at java.io.ObjectInputStream.readObject0(ObjectInputStream.java:1573) ~[na:1.8.0_191]
	at java.io.ObjectInputStream.readObject(ObjectInputStream.java:431) ~[na:1.8.0_191]
	at java.util.ArrayList.readObject(ArrayList.java:797) ~[na:1.8.0_191]
	at sun.reflect.GeneratedMethodAccessor7.invoke(Unknown Source) ~[na:na]
	at sun.reflect.DelegatingMethodAccessorImpl.invoke(DelegatingMethodAccessorImpl.java:43) ~[na:1.8.0_191]
	at java.lang.reflect.Method.invoke(Method.java:498) ~[na:1.8.0_191]
	at java.io.ObjectStreamClass.invokeReadObject(ObjectStreamClass.java:1170) ~[na:1.8.0_191]
	at java.io.ObjectInputStream.readSerialData(ObjectInputStream.java:2178) ~[na:1.8.0_191]
	at java.io.ObjectInputStream.readOrdinaryObject(ObjectInputStream.java:2069) ~[na:1.8.0_191]
	at java.io.ObjectInputStream.readObject0(ObjectInputStream.java:1573) ~[na:1.8.0_191]
	at java.io.ObjectInputStream.defaultReadFields(ObjectInputStream.java:2287) ~[na:1.8.0_191]
	at java.io.ObjectInputStream.readSerialData(ObjectInputStream.java:2211) ~[na:1.8.0_191]
	at java.io.ObjectInputStream.readOrdinaryObject(ObjectInputStream.java:2069) ~[na:1.8.0_191]
	at java.io.ObjectInputStream.readObject0(ObjectInputStream.java:1573) ~[na:1.8.0_191]
	at java.io.ObjectInputStream.readObject(ObjectInputStream.java:431) ~[na:1.8.0_191]
	at sun.rmi.server.UnicastRef.unmarshalValue(UnicastRef.java:322) ~[na:1.8.0_191]
	at sun.rmi.server.UnicastServerRef.unmarshalParametersUnchecked(UnicastServerRef.java:628) ~[na:1.8.0_191]
	at sun.rmi.server.UnicastServerRef.unmarshalParameters(UnicastServerRef.java:616) ~[na:1.8.0_191]
	at sun.rmi.server.UnicastServerRef.dispatch(UnicastServerRef.java:338) ~[na:1.8.0_191]
	... 12 common frames omitted
[MASTER] 02:00:02.071 [logback-2] ERROR ClientNodeImpl - Error when generating tests for: org.sat4j.AbstractLauncher with seed 1550365045471. Configuration id : null
java.rmi.MarshalException: error marshalling arguments; nested exception is: 
	java.net.SocketException: Broken pipe (Write failed)
	at sun.rmi.server.UnicastRef.invoke(UnicastRef.java:157) ~[na:1.8.0_191]
	at java.rmi.server.RemoteObjectInvocationHandler.invokeRemoteMethod(RemoteObjectInvocationHandler.java:227) ~[na:1.8.0_191]
	at java.rmi.server.RemoteObjectInvocationHandler.invoke(RemoteObjectInvocationHandler.java:179) ~[na:1.8.0_191]
	at com.sun.proxy.$Proxy7.evosuite_collectTestGenerationResult(Unknown Source) ~[na:na]
	at org.evosuite.rmi.service.ClientNodeImpl$1.run(ClientNodeImpl.java:164) ~[evosuite-master-1.0.7-SNAPSHOT.jar:1.0.7-SNAPSHOT]
	at java.util.concurrent.Executors$RunnableAdapter.call(Executors.java:511) [na:1.8.0_191]
	at java.util.concurrent.FutureTask.run(FutureTask.java:266) [na:1.8.0_191]
	at java.util.concurrent.ThreadPoolExecutor.runWorker(ThreadPoolExecutor.java:1149) [na:1.8.0_191]
	at java.util.concurrent.ThreadPoolExecutor$Worker.run(ThreadPoolExecutor.java:624) [na:1.8.0_191]
	at java.lang.Thread.run(Thread.java:748) [na:1.8.0_191]
Caused by: java.net.SocketException: Broken pipe (Write failed)
	at java.net.SocketOutputStream.socketWrite0(Native Method) ~[na:1.8.0_191]
	at java.net.SocketOutputStream.socketWrite(SocketOutputStream.java:111) ~[na:1.8.0_191]
	at java.net.SocketOutputStream.write(SocketOutputStream.java:155) ~[na:1.8.0_191]
	at java.io.BufferedOutputStream.flushBuffer(BufferedOutputStream.java:82) ~[na:1.8.0_191]
	at java.io.BufferedOutputStream.write(BufferedOutputStream.java:126) ~[na:1.8.0_191]
	at java.io.ObjectOutputStream$BlockDataOutputStream.drain(ObjectOutputStream.java:1877) ~[na:1.8.0_191]
	at java.io.ObjectOutputStream$BlockDataOutputStream.setBlockDataMode(ObjectOutputStream.java:1786) ~[na:1.8.0_191]
	at java.io.ObjectOutputStream.writeNonProxyDesc(ObjectOutputStream.java:1286) ~[na:1.8.0_191]
	at java.io.ObjectOutputStream.writeClassDesc(ObjectOutputStream.java:1231) ~[na:1.8.0_191]
	at java.io.ObjectOutputStream.writeOrdinaryObject(ObjectOutputStream.java:1427) ~[na:1.8.0_191]
	at java.io.ObjectOutputStream.writeObject0(ObjectOutputStream.java:1178) ~[na:1.8.0_191]
	at java.io.ObjectOutputStream.writeFatalException(ObjectOutputStream.java:1577) ~[na:1.8.0_191]
	at java.io.ObjectOutputStream.writeObject(ObjectOutputStream.java:351) ~[na:1.8.0_191]
	at sun.rmi.server.UnicastRef.marshalValue(UnicastRef.java:290) ~[na:1.8.0_191]
	at sun.rmi.server.UnicastRef.invoke(UnicastRef.java:152) ~[na:1.8.0_191]
	... 9 common frames omitted
