* EvoSuite 1.0.7-SNAPSHOT
* Going to generate test cases for class: org.sat4j.tools.ManyCore
* Starting Client-0
* Connecting to master process on port 6959
* Analyzing classpath: 
  - bins/sat4j/org.ow2.sat4j.core-2.3.6-SNAPSHOT.jar
  - bins/sat4j/org.ow2.sat4j.core-2.3.6-SNAPSHOT-tests.jar
* Finished analyzing classpath
* Generating tests for class org.sat4j.tools.ManyCore
* Test criteria:
  - Line Coverage
  - Branch Coverage
  - Exception
  - Mutation testing (weak)
  - Method-Output Coverage
  - Top-Level Method Coverage
  - No-Exception Top-Level Method Coverage
  - Context Branch Coverage
* Total number of test goals for DYNAMOSA: 1689
* Using seed 1550519611187
* Starting evolution
* Initialsss Number of Goals in DynMOSA = 508 / 1689
Current fitness function value: class org.evosuite.coverage.line.LineCoverageSuiteFitness ** 0.24096385542168675
Current fitness function value: class org.evosuite.coverage.branch.BranchCoverageSuiteFitness ** 0.2
Current fitness function value: class org.evosuite.coverage.exception.ExceptionCoverageSuiteFitness ** 1.0
Current fitness function value: class org.evosuite.coverage.mutation.WeakMutationSuiteFitness ** 0.052689352360043906
Current fitness function value: class org.evosuite.coverage.io.output.OutputCoverageSuiteFitness ** 0.009009009009009009
Current fitness function value: class org.evosuite.coverage.method.MethodCoverageSuiteFitness ** 0.2753623188405797
Current fitness function value: class org.evosuite.coverage.method.MethodNoExceptionCoverageSuiteFitness ** 0.17391304347826086
Current fitness function value: class org.evosuite.coverage.cbranch.CBranchSuiteFitness ** 0.2
* naaame: 
* naaame: org.evosuite.ga.stoppingconditions.MaxFitnessEvaluationsStoppingCondition
Current fitness evaluations: 200
* naaame: org.evosuite.ga.stoppingconditions.RMIStoppingCondition
* naaame: org.evosuite.ga.stoppingconditions.GlobalTimeStoppingCondition
* naaame: org.evosuite.ShutdownTestWriter
* naaame: org.evosuite.ga.stoppingconditions.ZeroFitnessStoppingCondition
[MASTER] 20:55:01.391 [logback-1] WARN  TestChromosome - Functional mock problem: org.evosuite.ga.ConstructionFailedException: Found no variables of type class org.sat4j.tools.Minimal4InclusionModel
[MASTER] 20:55:05.031 [logback-1] WARN  TestChromosome - Functional mock problem: org.evosuite.ga.ConstructionFailedException: Found no variables of type class org.sat4j.tools.SingleSolutionDetector
[MASTER] 20:55:05.063 [logback-1] WARN  TestChromosome - Functional mock problem: org.evosuite.ga.ConstructionFailedException: Found no variables of type class org.sat4j.opt.MinOneDecorator
[MASTER] 20:55:06.311 [logback-1] WARN  TestChromosome - Functional mock problem: org.evosuite.ga.ConstructionFailedException: Failed to add constructor for org.sat4j.tools.ModelIteratorToSATAdapter due to org.evosuite.ga.ConstructionFailedException: Found no variables of type interface org.sat4j.specs.ISolver
[MASTER] 20:55:14.681 [logback-1] WARN  TestChromosome - Functional mock problem: org.evosuite.ga.ConstructionFailedException: Found no variables of type class org.sat4j.opt.MaxSatDecorator
[MASTER] 20:55:15.643 [logback-1] WARN  TestChromosome - Functional mock problem: org.evosuite.ga.ConstructionFailedException: Failed to add constructor for org.sat4j.tools.ModelIteratorToSATAdapter due to org.evosuite.ga.ConstructionFailedException: Found no variables of type interface org.sat4j.tools.SolutionFoundListener
* naaame: 
* naaame: org.evosuite.ga.stoppingconditions.MaxFitnessEvaluationsStoppingCondition
Current fitness evaluations: 257
* naaame: org.evosuite.ga.stoppingconditions.RMIStoppingCondition
* naaame: org.evosuite.ga.stoppingconditions.GlobalTimeStoppingCondition
* naaame: org.evosuite.ShutdownTestWriter
* naaame: org.evosuite.ga.stoppingconditions.ZeroFitnessStoppingCondition
Current fitness function value: class org.evosuite.coverage.line.LineCoverageSuiteFitness ** 0.2931726907630522
Current fitness function value: class org.evosuite.coverage.branch.BranchCoverageSuiteFitness ** 0.2571428571428571
Current fitness function value: class org.evosuite.coverage.exception.ExceptionCoverageSuiteFitness ** 1.0
Current fitness function value: class org.evosuite.coverage.mutation.WeakMutationSuiteFitness ** 0.10208562019758508
Current fitness function value: class org.evosuite.coverage.io.output.OutputCoverageSuiteFitness ** 0.02702702702702703
Current fitness function value: class org.evosuite.coverage.method.MethodCoverageSuiteFitness ** 0.3333333333333333
Current fitness function value: class org.evosuite.coverage.method.MethodNoExceptionCoverageSuiteFitness ** 0.2463768115942029
Current fitness function value: class org.evosuite.coverage.cbranch.CBranchSuiteFitness ** 0.2571428571428571
[MASTER] 20:55:27.709 [logback-1] WARN  TestChromosome - Functional mock problem: org.evosuite.ga.ConstructionFailedException: Found no variables of type class org.sat4j.minisat.core.SolverStats
* naaame: 
* naaame: org.evosuite.ga.stoppingconditions.MaxFitnessEvaluationsStoppingCondition
Current fitness evaluations: 318
* naaame: org.evosuite.ga.stoppingconditions.RMIStoppingCondition
* naaame: org.evosuite.ga.stoppingconditions.GlobalTimeStoppingCondition
* naaame: org.evosuite.ShutdownTestWriter
* naaame: org.evosuite.ga.stoppingconditions.ZeroFitnessStoppingCondition
Current fitness function value: class org.evosuite.coverage.line.LineCoverageSuiteFitness ** 0.357429718875502
Current fitness function value: class org.evosuite.coverage.branch.BranchCoverageSuiteFitness ** 0.3
Current fitness function value: class org.evosuite.coverage.exception.ExceptionCoverageSuiteFitness ** 1.0
Current fitness function value: class org.evosuite.coverage.mutation.WeakMutationSuiteFitness ** 0.11964873765093303
Current fitness function value: class org.evosuite.coverage.io.output.OutputCoverageSuiteFitness ** 0.06306306306306306
Current fitness function value: class org.evosuite.coverage.method.MethodCoverageSuiteFitness ** 0.4057971014492754
Current fitness function value: class org.evosuite.coverage.method.MethodNoExceptionCoverageSuiteFitness ** 0.2898550724637681
Current fitness function value: class org.evosuite.coverage.cbranch.CBranchSuiteFitness ** 0.29285714285714287
[MASTER] 20:55:39.098 [logback-1] WARN  TestChromosome - Functional mock problem: org.evosuite.ga.ConstructionFailedException: Found no variables of type interface org.sat4j.specs.IConstr
[MASTER] 20:55:39.267 [logback-1] WARN  TestChromosome - Functional mock problem: org.evosuite.ga.ConstructionFailedException: Found no variables of type interface org.sat4j.minisat.core.ILits
* naaame: 
* naaame: org.evosuite.ga.stoppingconditions.MaxFitnessEvaluationsStoppingCondition
Current fitness evaluations: 376
* naaame: org.evosuite.ga.stoppingconditions.RMIStoppingCondition
* naaame: org.evosuite.ga.stoppingconditions.GlobalTimeStoppingCondition
* naaame: org.evosuite.ShutdownTestWriter
* naaame: org.evosuite.ga.stoppingconditions.ZeroFitnessStoppingCondition
* naaame: 
* naaame: org.evosuite.ga.stoppingconditions.MaxFitnessEvaluationsStoppingCondition
Current fitness evaluations: 457
* naaame: org.evosuite.ga.stoppingconditions.RMIStoppingCondition
* naaame: org.evosuite.ga.stoppingconditions.GlobalTimeStoppingCondition
* naaame: org.evosuite.ShutdownTestWriter
* naaame: org.evosuite.ga.stoppingconditions.ZeroFitnessStoppingCondition
Current fitness function value: class org.evosuite.coverage.line.LineCoverageSuiteFitness ** 0.46184738955823296
Current fitness function value: class org.evosuite.coverage.branch.BranchCoverageSuiteFitness ** 0.40714285714285714
Current fitness function value: class org.evosuite.coverage.exception.ExceptionCoverageSuiteFitness ** 1.0
Current fitness function value: class org.evosuite.coverage.mutation.WeakMutationSuiteFitness ** 0.18880351262349068
Current fitness function value: class org.evosuite.coverage.io.output.OutputCoverageSuiteFitness ** 0.07207207207207207
Current fitness function value: class org.evosuite.coverage.method.MethodCoverageSuiteFitness ** 0.5072463768115942
Current fitness function value: class org.evosuite.coverage.method.MethodNoExceptionCoverageSuiteFitness ** 0.34782608695652173
Current fitness function value: class org.evosuite.coverage.cbranch.CBranchSuiteFitness ** 0.36428571428571427
* naaame: 
* naaame: org.evosuite.ga.stoppingconditions.MaxFitnessEvaluationsStoppingCondition
Current fitness evaluations: 473
* naaame: org.evosuite.ga.stoppingconditions.RMIStoppingCondition
* naaame: org.evosuite.ga.stoppingconditions.GlobalTimeStoppingCondition
* naaame: org.evosuite.ShutdownTestWriter
* naaame: org.evosuite.ga.stoppingconditions.ZeroFitnessStoppingCondition
Current fitness function value: class org.evosuite.coverage.line.LineCoverageSuiteFitness ** 0.46987951807228917
Current fitness function value: class org.evosuite.coverage.branch.BranchCoverageSuiteFitness ** 0.4142857142857143
Current fitness function value: class org.evosuite.coverage.exception.ExceptionCoverageSuiteFitness ** 1.0
Current fitness function value: class org.evosuite.coverage.mutation.WeakMutationSuiteFitness ** 0.1942919868276619
Current fitness function value: class org.evosuite.coverage.io.output.OutputCoverageSuiteFitness ** 0.07207207207207207
Current fitness function value: class org.evosuite.coverage.method.MethodCoverageSuiteFitness ** 0.5362318840579711
Current fitness function value: class org.evosuite.coverage.method.MethodNoExceptionCoverageSuiteFitness ** 0.34782608695652173
Current fitness function value: class org.evosuite.coverage.cbranch.CBranchSuiteFitness ** 0.37857142857142856
* Search finished after 122s and 5 generations, 5319 statements, best individual has fitness: 1215.0
Current fitness function value: class org.evosuite.coverage.line.LineCoverageSuiteFitness ** 0.46987951807228917
Current fitness function value: class org.evosuite.coverage.branch.BranchCoverageSuiteFitness ** 0.4142857142857143
Current fitness function value: class org.evosuite.coverage.exception.ExceptionCoverageSuiteFitness ** 1.0
Current fitness function value: class org.evosuite.coverage.mutation.WeakMutationSuiteFitness ** 0.1942919868276619
Current fitness function value: class org.evosuite.coverage.io.output.OutputCoverageSuiteFitness ** 0.07207207207207207
Current fitness function value: class org.evosuite.coverage.method.MethodCoverageSuiteFitness ** 0.5362318840579711
Current fitness function value: class org.evosuite.coverage.method.MethodNoExceptionCoverageSuiteFitness ** 0.34782608695652173
Current fitness function value: class org.evosuite.coverage.cbranch.CBranchSuiteFitness ** 0.37857142857142856
* Minimizing test suite
* Going to analyze the coverage criteria
* Coverage analysis for criterion LINE
* Coverage of criterion LINE: 48%
* Total number of goals: 249
* Number of covered goals: 119
* Coverage analysis for criterion BRANCH
* Coverage of criterion BRANCH: 41%
* Total number of goals: 140
* Number of covered goals: 58
* Coverage analysis for criterion EXCEPTION
* Coverage of criterion EXCEPTION: 100%
* Total number of goals: 28
* Number of covered goals: 28
* Coverage analysis for criterion WEAKMUTATION
* Coverage of criterion WEAKMUTATION: 30%
* Total number of goals: 911
* Number of covered goals: 269
* Coverage analysis for criterion OUTPUT
* Coverage of criterion OUTPUT: 7%
* Total number of goals: 111
* Number of covered goals: 8
* Coverage analysis for criterion METHOD
* Coverage of criterion METHOD: 55%
* Total number of goals: 69
* Number of covered goals: 38
* Coverage analysis for criterion METHODNOEXCEPTION
* Coverage of criterion METHODNOEXCEPTION: 35%
* Total number of goals: 69
* Number of covered goals: 24
* Coverage analysis for criterion CBRANCH
* Coverage of criterion CBRANCH: 38%
* Total number of goals: 140
* Number of covered goals: 53
Current fitness function value: class org.evosuite.coverage.line.LineCoverageSuiteFitness ** 0.46987951807228917
Current fitness function value: class org.evosuite.coverage.branch.BranchCoverageSuiteFitness ** 0.4142857142857143
Current fitness function value: class org.evosuite.coverage.exception.ExceptionCoverageSuiteFitness ** 1.0
Current fitness function value: class org.evosuite.coverage.mutation.WeakMutationSuiteFitness ** 0.1942919868276619
Current fitness function value: class org.evosuite.coverage.io.output.OutputCoverageSuiteFitness ** 0.07207207207207207
Current fitness function value: class org.evosuite.coverage.method.MethodCoverageSuiteFitness ** 0.5362318840579711
Current fitness function value: class org.evosuite.coverage.method.MethodNoExceptionCoverageSuiteFitness ** 0.34782608695652173
Current fitness function value: class org.evosuite.coverage.cbranch.CBranchSuiteFitness ** 0.37857142857142856
* Generated 48 tests with total length 226
* Resulting test suite's coverage: 43% (average coverage for all fitness functions)
* Generating assertions
[MASTER] 20:56:57.571 [logback-1] WARN  SimpleMutationAssertionGenerator - Assertion minimization is taking too long (0.6723666666666667% of time used, but only 8/48 tests minimized), falling back to using all assertions
* Resulting test suite's mutation score: 1%
Current fitness function value: class org.evosuite.coverage.line.LineCoverageSuiteFitness ** 0.46987951807228917
Current fitness function value: class org.evosuite.coverage.branch.BranchCoverageSuiteFitness ** 0.4142857142857143
Current fitness function value: class org.evosuite.coverage.exception.ExceptionCoverageSuiteFitness ** 1.0
Current fitness function value: class org.evosuite.coverage.mutation.WeakMutationSuiteFitness ** 0.1942919868276619
Current fitness function value: class org.evosuite.coverage.io.output.OutputCoverageSuiteFitness ** 0.07207207207207207
Current fitness function value: class org.evosuite.coverage.method.MethodCoverageSuiteFitness ** 0.5362318840579711
Current fitness function value: class org.evosuite.coverage.method.MethodNoExceptionCoverageSuiteFitness ** 0.34782608695652173
Current fitness function value: class org.evosuite.coverage.cbranch.CBranchSuiteFitness ** 0.37857142857142856
* Compiling and checking tests
* Writing tests to file
* Writing JUnit test case 'ManyCore_ESTest' to evosuite-tests
* Done!

* Computation finished
