* EvoSuite 1.0.7-SNAPSHOT
* Going to generate test cases for class: org.sat4j.tools.ManyCore
* Starting Client-0
* Connecting to master process on port 6682
* Analyzing classpath: 
  - bins/sat4j/org.ow2.sat4j.core-2.3.6-SNAPSHOT.jar
  - bins/sat4j/org.ow2.sat4j.core-2.3.6-SNAPSHOT-tests.jar
* Finished analyzing classpath
* Generating tests for class org.sat4j.tools.ManyCore
* Test criteria:
  - Line Coverage
  - Branch Coverage
  - Exception
  - Mutation testing (weak)
  - Method-Output Coverage
  - Top-Level Method Coverage
  - No-Exception Top-Level Method Coverage
  - Context Branch Coverage
* Total number of test goals for DYNAMOSA: 1689
* Using seed 1550381242021
* Starting evolution
* Initialsss Number of Goals in DynMOSA = 508 / 1689
Current fitness function value: class org.evosuite.coverage.line.LineCoverageSuiteFitness ** 0.2971887550200803
Current fitness function value: class org.evosuite.coverage.branch.BranchCoverageSuiteFitness ** 0.2571428571428571
Current fitness function value: class org.evosuite.coverage.exception.ExceptionCoverageSuiteFitness ** 1.0
Current fitness function value: class org.evosuite.coverage.mutation.WeakMutationSuiteFitness ** 0.1437980241492865
Current fitness function value: class org.evosuite.coverage.io.output.OutputCoverageSuiteFitness ** 0.009009009009009009
Current fitness function value: class org.evosuite.coverage.method.MethodCoverageSuiteFitness ** 0.2318840579710145
Current fitness function value: class org.evosuite.coverage.method.MethodNoExceptionCoverageSuiteFitness ** 0.14492753623188406
Current fitness function value: class org.evosuite.coverage.cbranch.CBranchSuiteFitness ** 0.21428571428571427
* naaame: 
* naaame: org.evosuite.ga.stoppingconditions.RMIStoppingCondition
* naaame: org.evosuite.ga.stoppingconditions.GlobalTimeStoppingCondition
* naaame: org.evosuite.ga.stoppingconditions.ZeroFitnessStoppingCondition
* naaame: org.evosuite.ga.stoppingconditions.MaxFitnessEvaluationsStoppingCondition
Current fitness evaluations: 200
* naaame: org.evosuite.ShutdownTestWriter
[MASTER] 06:28:32.031 [logback-1] WARN  TestChromosome - Functional mock problem: org.evosuite.ga.ConstructionFailedException: Failed to add constructor for org.sat4j.tools.ModelIteratorToSATAdapter due to org.evosuite.ga.ConstructionFailedException: Failed to add constructor for org.sat4j.tools.FullClauseSelectorSolver due to org.evosuite.ga.ConstructionFailedException: Failed to add constructor for org.sat4j.opt.MinOneDecorator due to org.evosuite.ga.ConstructionFailedException: Failed to add constructor for org.sat4j.tools.AbstractMinimalModel due to org.evosuite.ga.ConstructionFailedException: Failed to add constructor for org.sat4j.tools.GroupClauseSelectorSolver due to org.evosuite.ga.ConstructionFailedException: Max recursion depth reached
* naaame: 
* naaame: org.evosuite.ga.stoppingconditions.RMIStoppingCondition
* naaame: org.evosuite.ga.stoppingconditions.GlobalTimeStoppingCondition
* naaame: org.evosuite.ga.stoppingconditions.ZeroFitnessStoppingCondition
* naaame: org.evosuite.ga.stoppingconditions.MaxFitnessEvaluationsStoppingCondition
Current fitness evaluations: 281
* naaame: org.evosuite.ShutdownTestWriter
Current fitness function value: class org.evosuite.coverage.line.LineCoverageSuiteFitness ** 0.3534136546184739
Current fitness function value: class org.evosuite.coverage.branch.BranchCoverageSuiteFitness ** 0.3
Current fitness function value: class org.evosuite.coverage.exception.ExceptionCoverageSuiteFitness ** 1.0
Current fitness function value: class org.evosuite.coverage.mutation.WeakMutationSuiteFitness ** 0.1778265642151482
Current fitness function value: class org.evosuite.coverage.io.output.OutputCoverageSuiteFitness ** 0.018018018018018018
Current fitness function value: class org.evosuite.coverage.method.MethodCoverageSuiteFitness ** 0.30434782608695654
Current fitness function value: class org.evosuite.coverage.method.MethodNoExceptionCoverageSuiteFitness ** 0.18840579710144928
Current fitness function value: class org.evosuite.coverage.cbranch.CBranchSuiteFitness ** 0.2642857142857143
[MASTER] 06:28:41.498 [logback-1] WARN  TestChromosome - Functional mock problem: org.evosuite.ga.ConstructionFailedException: Found no variables of type interface org.sat4j.specs.IConstr
[MASTER] 06:28:42.070 [logback-1] WARN  TestChromosome - Functional mock problem: org.evosuite.ga.ConstructionFailedException: Failed to add constructor for org.sat4j.tools.ModelIteratorToSATAdapter due to org.evosuite.ga.ConstructionFailedException: Failed to add constructor for org.sat4j.tools.ManyCore due to org.evosuite.ga.ConstructionFailedException: Found no variables of type class org.sat4j.opt.MaxSatDecorator
[MASTER] 06:28:44.758 [logback-1] WARN  TestChromosome - Functional mock problem: org.evosuite.ga.ConstructionFailedException: Failed to add constructor for org.sat4j.tools.ModelIteratorToSATAdapter due to org.evosuite.ga.ConstructionFailedException: Found no variables of type interface org.sat4j.specs.ISolver
* naaame: 
* naaame: org.evosuite.ga.stoppingconditions.RMIStoppingCondition
* naaame: org.evosuite.ga.stoppingconditions.GlobalTimeStoppingCondition
* naaame: org.evosuite.ga.stoppingconditions.ZeroFitnessStoppingCondition
* naaame: org.evosuite.ga.stoppingconditions.MaxFitnessEvaluationsStoppingCondition
Current fitness evaluations: 366
* naaame: org.evosuite.ShutdownTestWriter
Current fitness function value: class org.evosuite.coverage.line.LineCoverageSuiteFitness ** 0.3855421686746988
Current fitness function value: class org.evosuite.coverage.branch.BranchCoverageSuiteFitness ** 0.35714285714285715
Current fitness function value: class org.evosuite.coverage.exception.ExceptionCoverageSuiteFitness ** 1.0
Current fitness function value: class org.evosuite.coverage.mutation.WeakMutationSuiteFitness ** 0.2349066959385291
Current fitness function value: class org.evosuite.coverage.io.output.OutputCoverageSuiteFitness ** 0.05405405405405406
Current fitness function value: class org.evosuite.coverage.method.MethodCoverageSuiteFitness ** 0.37681159420289856
Current fitness function value: class org.evosuite.coverage.method.MethodNoExceptionCoverageSuiteFitness ** 0.2318840579710145
Current fitness function value: class org.evosuite.coverage.cbranch.CBranchSuiteFitness ** 0.32142857142857145
[MASTER] 06:28:51.596 [logback-1] WARN  TestChromosome - Functional mock problem: org.evosuite.ga.ConstructionFailedException: Failed to add constructor for org.sat4j.tools.ModelIteratorToSATAdapter due to org.evosuite.ga.ConstructionFailedException: Failed to add constructor for org.sat4j.tools.FullClauseSelectorSolver due to org.evosuite.ga.ConstructionFailedException: Failed to add constructor for org.sat4j.opt.MinOneDecorator due to org.evosuite.ga.ConstructionFailedException: Failed to add constructor for org.sat4j.tools.Minimal4InclusionModel due to org.evosuite.ga.ConstructionFailedException: Failed to add constructor for org.sat4j.tools.ManyCore due to org.evosuite.ga.ConstructionFailedException: Found no variables of type class org.sat4j.opt.MaxSatDecorator
[MASTER] 06:28:56.583 [logback-1] WARN  TestChromosome - Functional mock problem: org.evosuite.ga.ConstructionFailedException: Failed to add constructor for org.sat4j.minisat.core.Solver due to org.evosuite.ga.ConstructionFailedException: Failed to add constructor for org.sat4j.minisat.orders.RandomWalkDecorator due to org.evosuite.ga.ConstructionFailedException: Found no variables of type class org.sat4j.minisat.orders.VarOrderHeap
* naaame: 
* naaame: org.evosuite.ga.stoppingconditions.RMIStoppingCondition
* naaame: org.evosuite.ga.stoppingconditions.GlobalTimeStoppingCondition
* naaame: org.evosuite.ga.stoppingconditions.ZeroFitnessStoppingCondition
* naaame: org.evosuite.ga.stoppingconditions.MaxFitnessEvaluationsStoppingCondition
Current fitness evaluations: 462
* naaame: org.evosuite.ShutdownTestWriter
Current fitness function value: class org.evosuite.coverage.line.LineCoverageSuiteFitness ** 0.44176706827309237
Current fitness function value: class org.evosuite.coverage.branch.BranchCoverageSuiteFitness ** 0.4142857142857143
Current fitness function value: class org.evosuite.coverage.exception.ExceptionCoverageSuiteFitness ** 1.0
Current fitness function value: class org.evosuite.coverage.mutation.WeakMutationSuiteFitness ** 0.25905598243688255
Current fitness function value: class org.evosuite.coverage.io.output.OutputCoverageSuiteFitness ** 0.05405405405405406
Current fitness function value: class org.evosuite.coverage.method.MethodCoverageSuiteFitness ** 0.4492753623188406
Current fitness function value: class org.evosuite.coverage.method.MethodNoExceptionCoverageSuiteFitness ** 0.2898550724637681
Current fitness function value: class org.evosuite.coverage.cbranch.CBranchSuiteFitness ** 0.36428571428571427
[MASTER] 06:29:06.244 [logback-1] WARN  TestChromosome - Functional mock problem: org.evosuite.ga.ConstructionFailedException: Have no generator for org.sat4j.tools.LexicoDecorator<org.sat4j.tools.Minimal4CardinalityModel> canUseFunctionalMocks=false, canBeMocked: true
* naaame: 
* naaame: org.evosuite.ga.stoppingconditions.RMIStoppingCondition
* naaame: org.evosuite.ga.stoppingconditions.GlobalTimeStoppingCondition
* naaame: org.evosuite.ga.stoppingconditions.ZeroFitnessStoppingCondition
* naaame: org.evosuite.ga.stoppingconditions.MaxFitnessEvaluationsStoppingCondition
Current fitness evaluations: 549
* naaame: org.evosuite.ShutdownTestWriter
Current fitness function value: class org.evosuite.coverage.line.LineCoverageSuiteFitness ** 0.5020080321285141
Current fitness function value: class org.evosuite.coverage.branch.BranchCoverageSuiteFitness ** 0.45714285714285713
Current fitness function value: class org.evosuite.coverage.exception.ExceptionCoverageSuiteFitness ** 1.0
Current fitness function value: class org.evosuite.coverage.mutation.WeakMutationSuiteFitness ** 0.2996706915477497
Current fitness function value: class org.evosuite.coverage.io.output.OutputCoverageSuiteFitness ** 0.08108108108108109
Current fitness function value: class org.evosuite.coverage.method.MethodCoverageSuiteFitness ** 0.5217391304347826
Current fitness function value: class org.evosuite.coverage.method.MethodNoExceptionCoverageSuiteFitness ** 0.3333333333333333
Current fitness function value: class org.evosuite.coverage.cbranch.CBranchSuiteFitness ** 0.40714285714285714
[MASTER] 06:29:12.947 [logback-1] WARN  TestChromosome - Functional mock problem: org.evosuite.ga.ConstructionFailedException: Failed to add constructor for org.sat4j.tools.ModelIteratorToSATAdapter due to org.evosuite.ga.ConstructionFailedException: Found no variables of type interface org.sat4j.tools.SolutionFoundListener
* naaame: 
* naaame: org.evosuite.ga.stoppingconditions.RMIStoppingCondition
* naaame: org.evosuite.ga.stoppingconditions.GlobalTimeStoppingCondition
* naaame: org.evosuite.ga.stoppingconditions.ZeroFitnessStoppingCondition
* naaame: org.evosuite.ga.stoppingconditions.MaxFitnessEvaluationsStoppingCondition
Current fitness evaluations: 630
* naaame: org.evosuite.ShutdownTestWriter
Current fitness function value: class org.evosuite.coverage.line.LineCoverageSuiteFitness ** 0.5220883534136547
Current fitness function value: class org.evosuite.coverage.branch.BranchCoverageSuiteFitness ** 0.4785714285714286
Current fitness function value: class org.evosuite.coverage.exception.ExceptionCoverageSuiteFitness ** 1.0
Current fitness function value: class org.evosuite.coverage.mutation.WeakMutationSuiteFitness ** 0.3238199780461032
Current fitness function value: class org.evosuite.coverage.io.output.OutputCoverageSuiteFitness ** 0.08108108108108109
Current fitness function value: class org.evosuite.coverage.method.MethodCoverageSuiteFitness ** 0.5507246376811594
Current fitness function value: class org.evosuite.coverage.method.MethodNoExceptionCoverageSuiteFitness ** 0.3333333333333333
Current fitness function value: class org.evosuite.coverage.cbranch.CBranchSuiteFitness ** 0.42857142857142855
[MASTER] 06:29:18.793 [logback-1] WARN  TestChromosome - Functional mock problem: org.evosuite.ga.ConstructionFailedException: Have no generator for class org.sat4j.minisat.core.Pair canUseFunctionalMocks=false, canBeMocked: true
* naaame: 
* naaame: org.evosuite.ga.stoppingconditions.RMIStoppingCondition
* naaame: org.evosuite.ga.stoppingconditions.GlobalTimeStoppingCondition
* naaame: org.evosuite.ga.stoppingconditions.ZeroFitnessStoppingCondition
* naaame: org.evosuite.ga.stoppingconditions.MaxFitnessEvaluationsStoppingCondition
Current fitness evaluations: 721
* naaame: org.evosuite.ShutdownTestWriter
* naaame: 
* naaame: org.evosuite.ga.stoppingconditions.RMIStoppingCondition
* naaame: org.evosuite.ga.stoppingconditions.GlobalTimeStoppingCondition
* naaame: org.evosuite.ga.stoppingconditions.ZeroFitnessStoppingCondition
* naaame: org.evosuite.ga.stoppingconditions.MaxFitnessEvaluationsStoppingCondition
Current fitness evaluations: 801
* naaame: org.evosuite.ShutdownTestWriter
Current fitness function value: class org.evosuite.coverage.line.LineCoverageSuiteFitness ** 0.6024096385542169
Current fitness function value: class org.evosuite.coverage.branch.BranchCoverageSuiteFitness ** 0.5571428571428572
Current fitness function value: class org.evosuite.coverage.exception.ExceptionCoverageSuiteFitness ** 1.0
Current fitness function value: class org.evosuite.coverage.mutation.WeakMutationSuiteFitness ** 0.3896816684961581
Current fitness function value: class org.evosuite.coverage.io.output.OutputCoverageSuiteFitness ** 0.11711711711711711
Current fitness function value: class org.evosuite.coverage.method.MethodCoverageSuiteFitness ** 0.6956521739130435
Current fitness function value: class org.evosuite.coverage.method.MethodNoExceptionCoverageSuiteFitness ** 0.42028985507246375
Current fitness function value: class org.evosuite.coverage.cbranch.CBranchSuiteFitness ** 0.5142857142857142
Current fitness function value: class org.evosuite.coverage.line.LineCoverageSuiteFitness ** 0.6024096385542169
Current fitness function value: class org.evosuite.coverage.branch.BranchCoverageSuiteFitness ** 0.5571428571428572
Current fitness function value: class org.evosuite.coverage.exception.ExceptionCoverageSuiteFitness ** 1.0
Current fitness function value: class org.evosuite.coverage.mutation.WeakMutationSuiteFitness ** 0.3896816684961581
Current fitness function value: class org.evosuite.coverage.io.output.OutputCoverageSuiteFitness ** 0.11711711711711711
Current fitness function value: class org.evosuite.coverage.method.MethodCoverageSuiteFitness ** 0.6956521739130435
Current fitness function value: class org.evosuite.coverage.method.MethodNoExceptionCoverageSuiteFitness ** 0.42028985507246375
Current fitness function value: class org.evosuite.coverage.cbranch.CBranchSuiteFitness ** 0.5142857142857142
* Search finished after 122s and 7 generations, 10702 statements, best individual has fitness: 944.0
Current fitness function value: class org.evosuite.coverage.line.LineCoverageSuiteFitness ** 0.6024096385542169
Current fitness function value: class org.evosuite.coverage.branch.BranchCoverageSuiteFitness ** 0.5571428571428572
Current fitness function value: class org.evosuite.coverage.exception.ExceptionCoverageSuiteFitness ** 1.0
Current fitness function value: class org.evosuite.coverage.mutation.WeakMutationSuiteFitness ** 0.3896816684961581
Current fitness function value: class org.evosuite.coverage.io.output.OutputCoverageSuiteFitness ** 0.11711711711711711
Current fitness function value: class org.evosuite.coverage.method.MethodCoverageSuiteFitness ** 0.6956521739130435
Current fitness function value: class org.evosuite.coverage.method.MethodNoExceptionCoverageSuiteFitness ** 0.42028985507246375
Current fitness function value: class org.evosuite.coverage.cbranch.CBranchSuiteFitness ** 0.5142857142857142
* Minimizing test suite
* Going to analyze the coverage criteria
* Coverage analysis for criterion LINE
* Coverage of criterion LINE: 61%
* Total number of goals: 249
* Number of covered goals: 152
* Coverage analysis for criterion BRANCH
* Coverage of criterion BRANCH: 56%
* Total number of goals: 140
* Number of covered goals: 78
* Coverage analysis for criterion EXCEPTION
* Coverage of criterion EXCEPTION: 100%
* Total number of goals: 39
* Number of covered goals: 39
* Coverage analysis for criterion WEAKMUTATION
* Coverage of criterion WEAKMUTATION: 47%
* Total number of goals: 911
* Number of covered goals: 424
* Coverage analysis for criterion OUTPUT
* Coverage of criterion OUTPUT: 12%
* Total number of goals: 111
* Number of covered goals: 13
* Coverage analysis for criterion METHOD
* Coverage of criterion METHOD: 71%
* Total number of goals: 69
* Number of covered goals: 49
* Coverage analysis for criterion METHODNOEXCEPTION
* Coverage of criterion METHODNOEXCEPTION: 42%
* Total number of goals: 69
* Number of covered goals: 29
* Coverage analysis for criterion CBRANCH
* Coverage of criterion CBRANCH: 51%
* Total number of goals: 140
* Number of covered goals: 72
Current fitness function value: class org.evosuite.coverage.line.LineCoverageSuiteFitness ** 0.6024096385542169
Current fitness function value: class org.evosuite.coverage.branch.BranchCoverageSuiteFitness ** 0.5571428571428572
Current fitness function value: class org.evosuite.coverage.exception.ExceptionCoverageSuiteFitness ** 1.0
Current fitness function value: class org.evosuite.coverage.mutation.WeakMutationSuiteFitness ** 0.3896816684961581
Current fitness function value: class org.evosuite.coverage.io.output.OutputCoverageSuiteFitness ** 0.11711711711711711
Current fitness function value: class org.evosuite.coverage.method.MethodCoverageSuiteFitness ** 0.6956521739130435
Current fitness function value: class org.evosuite.coverage.method.MethodNoExceptionCoverageSuiteFitness ** 0.42028985507246375
Current fitness function value: class org.evosuite.coverage.cbranch.CBranchSuiteFitness ** 0.5142857142857142
* Generated 68 tests with total length 413
* Resulting test suite's coverage: 54% (average coverage for all fitness functions)
* Generating assertions
[MASTER] 06:30:34.510 [logback-1] WARN  SimpleMutationAssertionGenerator - Assertion minimization is taking too long (0.6787166666666666% of time used, but only 29/68 tests minimized), falling back to using all assertions
* Resulting test suite's mutation score: 7%
Current fitness function value: class org.evosuite.coverage.line.LineCoverageSuiteFitness ** 0.6024096385542169
Current fitness function value: class org.evosuite.coverage.branch.BranchCoverageSuiteFitness ** 0.5571428571428572
Current fitness function value: class org.evosuite.coverage.exception.ExceptionCoverageSuiteFitness ** 1.0
Current fitness function value: class org.evosuite.coverage.mutation.WeakMutationSuiteFitness ** 0.3896816684961581
Current fitness function value: class org.evosuite.coverage.io.output.OutputCoverageSuiteFitness ** 0.11711711711711711
Current fitness function value: class org.evosuite.coverage.method.MethodCoverageSuiteFitness ** 0.6956521739130435
Current fitness function value: class org.evosuite.coverage.method.MethodNoExceptionCoverageSuiteFitness ** 0.42028985507246375
Current fitness function value: class org.evosuite.coverage.cbranch.CBranchSuiteFitness ** 0.5142857142857142
* Compiling and checking tests
* Writing tests to file
* Writing JUnit test case 'ManyCore_ESTest' to evosuite-tests
* Done!

* Computation finished
