* EvoSuite 1.0.7-SNAPSHOT
* Going to generate test cases for class: org.sat4j.tools.ManyCore
* Starting Client-0
* Connecting to master process on port 13183
* Analyzing classpath: 
  - bins/sat4j/org.ow2.sat4j.core-2.3.6-SNAPSHOT.jar
  - bins/sat4j/org.ow2.sat4j.core-2.3.6-SNAPSHOT-tests.jar
* Finished analyzing classpath
* Generating tests for class org.sat4j.tools.ManyCore
* Test criteria:
  - Line Coverage
  - Branch Coverage
  - Exception
  - Mutation testing (weak)
  - Method-Output Coverage
  - Top-Level Method Coverage
  - No-Exception Top-Level Method Coverage
  - Context Branch Coverage
* Total number of test goals for DYNAMOSA: 1689
* Using seed 1550590998286
* Starting evolution
* Initialsss Number of Goals in DynMOSA = 508 / 1689
Current fitness function value: class org.evosuite.coverage.line.LineCoverageSuiteFitness ** 0.1566265060240964
Current fitness function value: class org.evosuite.coverage.branch.BranchCoverageSuiteFitness ** 0.11428571428571428
Current fitness function value: class org.evosuite.coverage.exception.ExceptionCoverageSuiteFitness ** 1.0
Current fitness function value: class org.evosuite.coverage.mutation.WeakMutationSuiteFitness ** 0.021953896816684963
Current fitness function value: class org.evosuite.coverage.io.output.OutputCoverageSuiteFitness ** 0.0
Current fitness function value: class org.evosuite.coverage.method.MethodCoverageSuiteFitness ** 0.14492753623188406
Current fitness function value: class org.evosuite.coverage.method.MethodNoExceptionCoverageSuiteFitness ** 0.08695652173913043
Current fitness function value: class org.evosuite.coverage.cbranch.CBranchSuiteFitness ** 0.10714285714285714
* naaame: 
* naaame: org.evosuite.ga.stoppingconditions.MaxFitnessEvaluationsStoppingCondition
Current fitness evaluations: 200
* naaame: org.evosuite.ga.stoppingconditions.ZeroFitnessStoppingCondition
* naaame: org.evosuite.ShutdownTestWriter
* naaame: org.evosuite.ga.stoppingconditions.RMIStoppingCondition
* naaame: org.evosuite.ga.stoppingconditions.GlobalTimeStoppingCondition
[MASTER] 16:44:42.433 [logback-1] WARN  TestChromosome - Functional mock problem: org.evosuite.ga.ConstructionFailedException: Failed to add constructor for org.sat4j.tools.NegationDecorator due to org.evosuite.ga.ConstructionFailedException: Found no variables of type class org.sat4j.opt.MaxSatDecorator
[MASTER] 16:44:42.571 [logback-1] WARN  TestChromosome - Functional mock problem: org.evosuite.ga.ConstructionFailedException: Found no variables of type class org.sat4j.opt.MaxSatDecorator
[MASTER] 16:44:45.826 [logback-1] WARN  TestChromosome - Functional mock problem: org.evosuite.ga.ConstructionFailedException: Failed to add constructor for org.sat4j.opt.MinOneDecorator due to org.evosuite.ga.ConstructionFailedException: Failed to add constructor for org.sat4j.tools.OptToSatAdapter due to org.evosuite.ga.ConstructionFailedException: Found no variables of type interface org.sat4j.specs.IOptimizationProblem
[MASTER] 16:44:47.635 [logback-1] WARN  TestChromosome - Functional mock problem: org.evosuite.ga.ConstructionFailedException: Found no variables of type class org.sat4j.tools.SingleSolutionDetector
[MASTER] 16:44:49.468 [logback-1] WARN  TestChromosome - Functional mock problem: org.evosuite.ga.ConstructionFailedException: Found no variables of type class org.sat4j.opt.MinOneDecorator
* naaame: 
* naaame: org.evosuite.ga.stoppingconditions.MaxFitnessEvaluationsStoppingCondition
Current fitness evaluations: 252
* naaame: org.evosuite.ga.stoppingconditions.ZeroFitnessStoppingCondition
* naaame: org.evosuite.ShutdownTestWriter
* naaame: org.evosuite.ga.stoppingconditions.RMIStoppingCondition
* naaame: org.evosuite.ga.stoppingconditions.GlobalTimeStoppingCondition
Current fitness function value: class org.evosuite.coverage.line.LineCoverageSuiteFitness ** 0.21686746987951808
Current fitness function value: class org.evosuite.coverage.branch.BranchCoverageSuiteFitness ** 0.17857142857142858
Current fitness function value: class org.evosuite.coverage.exception.ExceptionCoverageSuiteFitness ** 1.0
Current fitness function value: class org.evosuite.coverage.mutation.WeakMutationSuiteFitness ** 0.06805708013172337
Current fitness function value: class org.evosuite.coverage.io.output.OutputCoverageSuiteFitness ** 0.0
Current fitness function value: class org.evosuite.coverage.method.MethodCoverageSuiteFitness ** 0.2028985507246377
Current fitness function value: class org.evosuite.coverage.method.MethodNoExceptionCoverageSuiteFitness ** 0.13043478260869565
Current fitness function value: class org.evosuite.coverage.cbranch.CBranchSuiteFitness ** 0.15714285714285714
[MASTER] 16:45:04.115 [logback-1] WARN  TestChromosome - Functional mock problem: org.evosuite.ga.ConstructionFailedException: Failed to add constructor for org.sat4j.tools.Minimal4CardinalityModel due to org.evosuite.ga.ConstructionFailedException: Found no variables of type interface org.sat4j.tools.SolutionFoundListener
* naaame: 
* naaame: org.evosuite.ga.stoppingconditions.MaxFitnessEvaluationsStoppingCondition
Current fitness evaluations: 317
* naaame: org.evosuite.ga.stoppingconditions.ZeroFitnessStoppingCondition
* naaame: org.evosuite.ShutdownTestWriter
* naaame: org.evosuite.ga.stoppingconditions.RMIStoppingCondition
* naaame: org.evosuite.ga.stoppingconditions.GlobalTimeStoppingCondition
Current fitness function value: class org.evosuite.coverage.line.LineCoverageSuiteFitness ** 0.3534136546184739
Current fitness function value: class org.evosuite.coverage.branch.BranchCoverageSuiteFitness ** 0.2857142857142857
Current fitness function value: class org.evosuite.coverage.exception.ExceptionCoverageSuiteFitness ** 1.0
Current fitness function value: class org.evosuite.coverage.mutation.WeakMutationSuiteFitness ** 0.1712403951701427
Current fitness function value: class org.evosuite.coverage.io.output.OutputCoverageSuiteFitness ** 0.009009009009009009
Current fitness function value: class org.evosuite.coverage.method.MethodCoverageSuiteFitness ** 0.2898550724637681
Current fitness function value: class org.evosuite.coverage.method.MethodNoExceptionCoverageSuiteFitness ** 0.15942028985507245
Current fitness function value: class org.evosuite.coverage.cbranch.CBranchSuiteFitness ** 0.22857142857142856
* naaame: 
* naaame: org.evosuite.ga.stoppingconditions.MaxFitnessEvaluationsStoppingCondition
Current fitness evaluations: 384
* naaame: org.evosuite.ga.stoppingconditions.ZeroFitnessStoppingCondition
* naaame: org.evosuite.ShutdownTestWriter
* naaame: org.evosuite.ga.stoppingconditions.RMIStoppingCondition
* naaame: org.evosuite.ga.stoppingconditions.GlobalTimeStoppingCondition
Current fitness function value: class org.evosuite.coverage.line.LineCoverageSuiteFitness ** 0.37751004016064255
Current fitness function value: class org.evosuite.coverage.branch.BranchCoverageSuiteFitness ** 0.3142857142857143
Current fitness function value: class org.evosuite.coverage.exception.ExceptionCoverageSuiteFitness ** 1.0
Current fitness function value: class org.evosuite.coverage.mutation.WeakMutationSuiteFitness ** 0.18111964873765093
Current fitness function value: class org.evosuite.coverage.io.output.OutputCoverageSuiteFitness ** 0.02702702702702703
Current fitness function value: class org.evosuite.coverage.method.MethodCoverageSuiteFitness ** 0.34782608695652173
Current fitness function value: class org.evosuite.coverage.method.MethodNoExceptionCoverageSuiteFitness ** 0.2028985507246377
Current fitness function value: class org.evosuite.coverage.cbranch.CBranchSuiteFitness ** 0.2571428571428571
* naaame: 
* naaame: org.evosuite.ga.stoppingconditions.MaxFitnessEvaluationsStoppingCondition
Current fitness evaluations: 456
* naaame: org.evosuite.ga.stoppingconditions.ZeroFitnessStoppingCondition
* naaame: org.evosuite.ShutdownTestWriter
* naaame: org.evosuite.ga.stoppingconditions.RMIStoppingCondition
* naaame: org.evosuite.ga.stoppingconditions.GlobalTimeStoppingCondition
Current fitness function value: class org.evosuite.coverage.line.LineCoverageSuiteFitness ** 0.41767068273092367
Current fitness function value: class org.evosuite.coverage.branch.BranchCoverageSuiteFitness ** 0.35714285714285715
Current fitness function value: class org.evosuite.coverage.exception.ExceptionCoverageSuiteFitness ** 1.0
Current fitness function value: class org.evosuite.coverage.mutation.WeakMutationSuiteFitness ** 0.20856201975850713
Current fitness function value: class org.evosuite.coverage.io.output.OutputCoverageSuiteFitness ** 0.04504504504504504
Current fitness function value: class org.evosuite.coverage.method.MethodCoverageSuiteFitness ** 0.391304347826087
Current fitness function value: class org.evosuite.coverage.method.MethodNoExceptionCoverageSuiteFitness ** 0.2753623188405797
Current fitness function value: class org.evosuite.coverage.cbranch.CBranchSuiteFitness ** 0.30714285714285716
[MASTER] 16:45:19.359 [logback-1] WARN  TestChromosome - Functional mock problem: org.evosuite.ga.ConstructionFailedException: Found no variables of type class org.sat4j.tools.ModelIterator
* naaame: 
* naaame: org.evosuite.ga.stoppingconditions.MaxFitnessEvaluationsStoppingCondition
Current fitness evaluations: 536
* naaame: org.evosuite.ga.stoppingconditions.ZeroFitnessStoppingCondition
* naaame: org.evosuite.ShutdownTestWriter
* naaame: org.evosuite.ga.stoppingconditions.RMIStoppingCondition
* naaame: org.evosuite.ga.stoppingconditions.GlobalTimeStoppingCondition
Current fitness function value: class org.evosuite.coverage.line.LineCoverageSuiteFitness ** 0.4939759036144578
Current fitness function value: class org.evosuite.coverage.branch.BranchCoverageSuiteFitness ** 0.42142857142857143
Current fitness function value: class org.evosuite.coverage.exception.ExceptionCoverageSuiteFitness ** 1.0
Current fitness function value: class org.evosuite.coverage.mutation.WeakMutationSuiteFitness ** 0.2711306256860593
Current fitness function value: class org.evosuite.coverage.io.output.OutputCoverageSuiteFitness ** 0.04504504504504504
Current fitness function value: class org.evosuite.coverage.method.MethodCoverageSuiteFitness ** 0.463768115942029
Current fitness function value: class org.evosuite.coverage.method.MethodNoExceptionCoverageSuiteFitness ** 0.34782608695652173
Current fitness function value: class org.evosuite.coverage.cbranch.CBranchSuiteFitness ** 0.36428571428571427
* naaame: 
* naaame: org.evosuite.ga.stoppingconditions.MaxFitnessEvaluationsStoppingCondition
Current fitness evaluations: 616
* naaame: org.evosuite.ga.stoppingconditions.ZeroFitnessStoppingCondition
* naaame: org.evosuite.ShutdownTestWriter
* naaame: org.evosuite.ga.stoppingconditions.RMIStoppingCondition
* naaame: org.evosuite.ga.stoppingconditions.GlobalTimeStoppingCondition
Current fitness function value: class org.evosuite.coverage.line.LineCoverageSuiteFitness ** 0.5140562248995983
Current fitness function value: class org.evosuite.coverage.branch.BranchCoverageSuiteFitness ** 0.45714285714285713
Current fitness function value: class org.evosuite.coverage.exception.ExceptionCoverageSuiteFitness ** 1.0
Current fitness function value: class org.evosuite.coverage.mutation.WeakMutationSuiteFitness ** 0.287596048298573
Current fitness function value: class org.evosuite.coverage.io.output.OutputCoverageSuiteFitness ** 0.05405405405405406
Current fitness function value: class org.evosuite.coverage.method.MethodCoverageSuiteFitness ** 0.4927536231884058
Current fitness function value: class org.evosuite.coverage.method.MethodNoExceptionCoverageSuiteFitness ** 0.36231884057971014
Current fitness function value: class org.evosuite.coverage.cbranch.CBranchSuiteFitness ** 0.39285714285714285
[MASTER] 16:45:32.746 [logback-1] WARN  TestChromosome - Functional mock problem: org.evosuite.ga.ConstructionFailedException: Found no variables of type interface org.sat4j.minisat.core.ILits
* naaame: 
* naaame: org.evosuite.ga.stoppingconditions.MaxFitnessEvaluationsStoppingCondition
Current fitness evaluations: 667
* naaame: org.evosuite.ga.stoppingconditions.ZeroFitnessStoppingCondition
* naaame: org.evosuite.ShutdownTestWriter
* naaame: org.evosuite.ga.stoppingconditions.RMIStoppingCondition
* naaame: org.evosuite.ga.stoppingconditions.GlobalTimeStoppingCondition
Current fitness function value: class org.evosuite.coverage.line.LineCoverageSuiteFitness ** 0.5261044176706827
Current fitness function value: class org.evosuite.coverage.branch.BranchCoverageSuiteFitness ** 0.4785714285714286
Current fitness function value: class org.evosuite.coverage.exception.ExceptionCoverageSuiteFitness ** 1.0
Current fitness function value: class org.evosuite.coverage.mutation.WeakMutationSuiteFitness ** 0.32930845225027444
Current fitness function value: class org.evosuite.coverage.io.output.OutputCoverageSuiteFitness ** 0.06306306306306306
Current fitness function value: class org.evosuite.coverage.method.MethodCoverageSuiteFitness ** 0.5072463768115942
Current fitness function value: class org.evosuite.coverage.method.MethodNoExceptionCoverageSuiteFitness ** 0.36231884057971014
Current fitness function value: class org.evosuite.coverage.cbranch.CBranchSuiteFitness ** 0.4142857142857143
* Search finished after 123s and 7 generations, 7809 statements, best individual has fitness: 1066.0
Current fitness function value: class org.evosuite.coverage.line.LineCoverageSuiteFitness ** 0.5261044176706827
Current fitness function value: class org.evosuite.coverage.branch.BranchCoverageSuiteFitness ** 0.4785714285714286
Current fitness function value: class org.evosuite.coverage.exception.ExceptionCoverageSuiteFitness ** 1.0
Current fitness function value: class org.evosuite.coverage.mutation.WeakMutationSuiteFitness ** 0.32930845225027444
Current fitness function value: class org.evosuite.coverage.io.output.OutputCoverageSuiteFitness ** 0.06306306306306306
Current fitness function value: class org.evosuite.coverage.method.MethodCoverageSuiteFitness ** 0.5072463768115942
Current fitness function value: class org.evosuite.coverage.method.MethodNoExceptionCoverageSuiteFitness ** 0.36231884057971014
Current fitness function value: class org.evosuite.coverage.cbranch.CBranchSuiteFitness ** 0.4142857142857143
* Minimizing test suite
* Going to analyze the coverage criteria
* Coverage analysis for criterion LINE
* Coverage of criterion LINE: 53%
* Total number of goals: 249
* Number of covered goals: 133
* Coverage analysis for criterion BRANCH
* Coverage of criterion BRANCH: 48%
* Total number of goals: 140
* Number of covered goals: 67
* Coverage analysis for criterion EXCEPTION
* Coverage of criterion EXCEPTION: 100%
* Total number of goals: 26
* Number of covered goals: 26
* Coverage analysis for criterion WEAKMUTATION
* Coverage of criterion WEAKMUTATION: 39%
* Total number of goals: 911
* Number of covered goals: 358
* Coverage analysis for criterion OUTPUT
* Coverage of criterion OUTPUT: 6%
* Total number of goals: 111
* Number of covered goals: 7
* Coverage analysis for criterion METHOD
* Coverage of criterion METHOD: 52%
* Total number of goals: 69
* Number of covered goals: 36
* Coverage analysis for criterion METHODNOEXCEPTION
* Coverage of criterion METHODNOEXCEPTION: 36%
* Total number of goals: 69
* Number of covered goals: 25
* Coverage analysis for criterion CBRANCH
* Coverage of criterion CBRANCH: 41%
* Total number of goals: 140
* Number of covered goals: 58
Current fitness function value: class org.evosuite.coverage.line.LineCoverageSuiteFitness ** 0.5261044176706827
Current fitness function value: class org.evosuite.coverage.branch.BranchCoverageSuiteFitness ** 0.4785714285714286
Current fitness function value: class org.evosuite.coverage.exception.ExceptionCoverageSuiteFitness ** 1.0
Current fitness function value: class org.evosuite.coverage.mutation.WeakMutationSuiteFitness ** 0.32930845225027444
Current fitness function value: class org.evosuite.coverage.io.output.OutputCoverageSuiteFitness ** 0.06306306306306306
Current fitness function value: class org.evosuite.coverage.method.MethodCoverageSuiteFitness ** 0.5072463768115942
Current fitness function value: class org.evosuite.coverage.method.MethodNoExceptionCoverageSuiteFitness ** 0.36231884057971014
Current fitness function value: class org.evosuite.coverage.cbranch.CBranchSuiteFitness ** 0.4142857142857143
* Generated 50 tests with total length 230
* Resulting test suite's coverage: 46% (average coverage for all fitness functions)
* Generating assertions
* Resulting test suite's mutation score: 16%
Current fitness function value: class org.evosuite.coverage.line.LineCoverageSuiteFitness ** 0.5261044176706827
Current fitness function value: class org.evosuite.coverage.branch.BranchCoverageSuiteFitness ** 0.4785714285714286
Current fitness function value: class org.evosuite.coverage.exception.ExceptionCoverageSuiteFitness ** 1.0
Current fitness function value: class org.evosuite.coverage.mutation.WeakMutationSuiteFitness ** 0.32930845225027444
Current fitness function value: class org.evosuite.coverage.io.output.OutputCoverageSuiteFitness ** 0.06306306306306306
Current fitness function value: class org.evosuite.coverage.method.MethodCoverageSuiteFitness ** 0.5072463768115942
Current fitness function value: class org.evosuite.coverage.method.MethodNoExceptionCoverageSuiteFitness ** 0.36231884057971014
Current fitness function value: class org.evosuite.coverage.cbranch.CBranchSuiteFitness ** 0.4142857142857143
* Compiling and checking tests
* Writing tests to file
* Writing JUnit test case 'ManyCore_ESTest' to evosuite-tests
* Done!

* Computation finished
