[MASTER] 04:38:34.536 [logback-2] ERROR TestCluster - Failed to check cache for org.sat4j.minisat.core.Solver<D> : Type points to itself
[MASTER] 04:38:47.122 [logback-2] ERROR AbstractStatement - Error assigning value of type Solver[] defined at statement Solver<CardinalityDataStructure>[] solverArray0 = (Solver<CardinalityDataStructure>[]) Array.newInstance(Solver.class, 5), assignment statement: solverArray0[0] = (Solver<CardinalityDataStructure>) solverArray0; SUT=org.sat4j.tools.DotSearchTracing
[MASTER] 04:38:51.342 [logback-2] ERROR AbstractStatement - Error assigning value of type Solver[] defined at statement Solver<CardinalityDataStructure>[] solverArray0 = (Solver<CardinalityDataStructure>[]) Array.newInstance(Solver.class, 2), assignment statement: solverArray0[0] = (Solver<CardinalityDataStructure>) solverArray0; SUT=org.sat4j.tools.DotSearchTracing
[MASTER] 04:38:52.076 [logback-2] ERROR AbstractStatement - Error assigning value of type Solver[] defined at statement Solver<CardinalityDataStructure>[] solverArray0 = (Solver<CardinalityDataStructure>[]) Array.newInstance(Solver.class, 5), assignment statement: solverArray0[0] = (Solver<CardinalityDataStructure>) solverArray0; SUT=org.sat4j.tools.DotSearchTracing
[MASTER] 04:38:53.447 [logback-2] ERROR AbstractStatement - Error assigning value of type Solver[] defined at statement Solver<CardinalityDataStructure>[] solverArray0 = (Solver<CardinalityDataStructure>[]) Array.newInstance(Solver.class, 2), assignment statement: solverArray0[0] = (Solver<CardinalityDataStructure>) solverArray0; SUT=org.sat4j.tools.DotSearchTracing
[MASTER] 04:38:59.036 [logback-2] ERROR AbstractStatement - Error assigning value of type Solver[] defined at statement Solver<CardinalityDataStructure>[] solverArray0 = (Solver<CardinalityDataStructure>[]) Array.newInstance(Solver.class, 5), assignment statement: solverArray0[0] = (Solver<CardinalityDataStructure>) solverArray0; SUT=org.sat4j.tools.DotSearchTracing
[MASTER] 04:39:01.799 [logback-2] ERROR AbstractStatement - Error assigning value of type Solver[] defined at statement Solver<CardinalityDataStructure>[] solverArray0 = (Solver<CardinalityDataStructure>[]) Array.newInstance(Solver.class, 2), assignment statement: solverArray0[0] = (Solver<CardinalityDataStructure>) solverArray0; SUT=org.sat4j.tools.DotSearchTracing
[MASTER] 04:39:03.752 [logback-2] ERROR AbstractStatement - Error assigning value of type Solver[] defined at statement Solver<CardinalityDataStructure>[] solverArray0 = (Solver<CardinalityDataStructure>[]) Array.newInstance(Solver.class, 5), assignment statement: solverArray0[0] = (Solver<CardinalityDataStructure>) solverArray0; SUT=org.sat4j.tools.DotSearchTracing
[MASTER] 04:39:07.446 [logback-2] ERROR AbstractStatement - Error assigning value of type Solver[] defined at statement Solver<CardinalityDataStructure>[] solverArray0 = (Solver<CardinalityDataStructure>[]) Array.newInstance(Solver.class, 5), assignment statement: solverArray0[0] = (Solver<CardinalityDataStructure>) solverArray0; SUT=org.sat4j.tools.DotSearchTracing
[MASTER] 04:39:11.000 [logback-2] ERROR AbstractStatement - Error assigning value of type Solver[] defined at statement Solver<CardinalityDataStructure>[] solverArray0 = (Solver<CardinalityDataStructure>[]) Array.newInstance(Solver.class, 2), assignment statement: solverArray0[0] = (Solver<CardinalityDataStructure>) solverArray0; SUT=org.sat4j.tools.DotSearchTracing
[MASTER] 04:39:16.333 [logback-2] ERROR AbstractStatement - Error assigning value of type Solver[] defined at statement Solver<CardinalityDataStructure>[] solverArray0 = (Solver<CardinalityDataStructure>[]) Array.newInstance(Solver.class, 5), assignment statement: solverArray0[0] = (Solver<CardinalityDataStructure>) solverArray0; SUT=org.sat4j.tools.DotSearchTracing
[MASTER] 04:39:23.712 [logback-2] ERROR AbstractStatement - Error assigning value of type Solver[] defined at statement Solver<CardinalityDataStructure>[] solverArray0 = (Solver<CardinalityDataStructure>[]) Array.newInstance(Solver.class, 5), assignment statement: solverArray0[0] = (Solver<CardinalityDataStructure>) solverArray0; SUT=org.sat4j.tools.DotSearchTracing
[MASTER] 04:39:28.228 [logback-2] ERROR AbstractStatement - Error assigning value of type Solver[] defined at statement Solver<CardinalityDataStructure>[] solverArray0 = (Solver<CardinalityDataStructure>[]) Array.newInstance(Solver.class, 5), assignment statement: solverArray0[0] = (Solver<CardinalityDataStructure>) solverArray0; SUT=org.sat4j.tools.DotSearchTracing
[MASTER] 04:39:28.635 [logback-2] ERROR AbstractStatement - Error assigning value of type Solver[] defined at statement Solver<CardinalityDataStructure>[] solverArray0 = (Solver<CardinalityDataStructure>[]) Array.newInstance(Solver.class, 2), assignment statement: solverArray0[0] = (Solver<CardinalityDataStructure>) solverArray0; SUT=org.sat4j.tools.DotSearchTracing
[MASTER] 04:39:42.382 [logback-2] ERROR ClientNodeImpl - Error when exporting statistics: TotalExceptionsTimeline=0
java.rmi.ConnectIOException: Exception creating connection to: 127.0.0.1; nested exception is: 
	java.net.SocketException: Too many open files
	at sun.rmi.transport.tcp.TCPEndpoint.newSocket(TCPEndpoint.java:631) ~[na:1.8.0_91]
	at sun.rmi.transport.tcp.TCPChannel.createConnection(TCPChannel.java:216) ~[na:1.8.0_91]
	at sun.rmi.transport.tcp.TCPChannel.newConnection(TCPChannel.java:202) ~[na:1.8.0_91]
	at sun.rmi.server.UnicastRef.invoke(UnicastRef.java:130) ~[na:1.8.0_91]
	at java.rmi.server.RemoteObjectInvocationHandler.invokeRemoteMethod(RemoteObjectInvocationHandler.java:227) ~[na:1.8.0_91]
	at java.rmi.server.RemoteObjectInvocationHandler.invoke(RemoteObjectInvocationHandler.java:179) ~[na:1.8.0_91]
	at com.sun.proxy.$Proxy7.evosuite_collectStatistics(Unknown Source) ~[na:na]
	at org.evosuite.rmi.service.ClientNodeImpl$2.run(ClientNodeImpl.java:400) ~[evosuite-master-1.0.7-SNAPSHOT.jar:1.0.7-SNAPSHOT]
Caused by: java.net.SocketException: Too many open files
	at java.net.Socket.createImpl(Socket.java:460) ~[na:1.8.0_91]
	at java.net.Socket.<init>(Socket.java:431) ~[na:1.8.0_91]
	at java.net.Socket.<init>(Socket.java:211) ~[na:1.8.0_91]
	at sun.rmi.transport.proxy.RMIDirectSocketFactory.createSocket(RMIDirectSocketFactory.java:40) ~[na:1.8.0_91]
	at sun.rmi.transport.proxy.RMIMasterSocketFactory.createSocket(RMIMasterSocketFactory.java:148) ~[na:1.8.0_91]
	at sun.rmi.transport.tcp.TCPEndpoint.newSocket(TCPEndpoint.java:613) ~[na:1.8.0_91]
	... 7 common frames omitted
[MASTER] 04:39:53.056 [logback-2] ERROR AbstractStatement - Error assigning value of type Solver[] defined at statement Solver<CardinalityDataStructure>[] solverArray0 = (Solver<CardinalityDataStructure>[]) Array.newInstance(Solver.class, 5), assignment statement: solverArray0[0] = (Solver<CardinalityDataStructure>) solverArray0; SUT=org.sat4j.tools.DotSearchTracing
[MASTER] 04:40:22.068 [logback-2] ERROR AbstractStatement - Error assigning value of type Solver[] defined at statement Solver<CardinalityDataStructure>[] solverArray0 = (Solver<CardinalityDataStructure>[]) Array.newInstance(Solver.class, 5), assignment statement: solverArray0[0] = (Solver<CardinalityDataStructure>) solverArray0; SUT=org.sat4j.tools.DotSearchTracing
[MASTER] 04:40:25.351 [logback-2] ERROR AbstractStatement - Error assigning value of type Solver[] defined at statement Solver<CardinalityDataStructure>[] solverArray0 = (Solver<CardinalityDataStructure>[]) Array.newInstance(Solver.class, 2), assignment statement: solverArray0[0] = (Solver<CardinalityDataStructure>) solverArray0; SUT=org.sat4j.tools.DotSearchTracing
[MASTER] 04:40:25.419 [logback-2] ERROR AbstractStatement - Error assigning value of type Solver[] defined at statement Solver<CardinalityDataStructure>[] solverArray0 = (Solver<CardinalityDataStructure>[]) Array.newInstance(Solver.class, 2), assignment statement: solverArray0[0] = (Solver<CardinalityDataStructure>) solverArray0; SUT=org.sat4j.tools.DotSearchTracing
[MASTER] 04:40:25.661 [logback-2] ERROR AbstractStatement - Error assigning value of type Solver[] defined at statement Solver<CardinalityDataStructure>[] solverArray0 = (Solver<CardinalityDataStructure>[]) Array.newInstance(Solver.class, 2), assignment statement: solverArray0[0] = (Solver<CardinalityDataStructure>) solverArray0; SUT=org.sat4j.tools.DotSearchTracing
[MASTER] 04:40:25.668 [logback-2] ERROR AbstractStatement - Error assigning value of type Solver[] defined at statement Solver<CardinalityDataStructure>[] solverArray0 = (Solver<CardinalityDataStructure>[]) Array.newInstance(Solver.class, 2), assignment statement: solverArray0[0] = (Solver<CardinalityDataStructure>) solverArray0; SUT=org.sat4j.tools.DotSearchTracing
[MASTER] 04:40:42.015 [logback-2] ERROR FileIOUtils - Error while reading file DotSearchTracing_0_tmp__ESTest.java , /tmp/EvoSuite_0_1550547641937/org/sat4j/tools/DotSearchTracing_0_tmp__ESTest.java (Too many open files)
java.io.FileNotFoundException: /tmp/EvoSuite_0_1550547641937/org/sat4j/tools/DotSearchTracing_0_tmp__ESTest.java (Too many open files)
	at java.io.FileOutputStream.open0(Native Method) ~[na:1.8.0_91]
	at java.io.FileOutputStream.open(FileOutputStream.java:270) ~[na:1.8.0_91]
	at java.io.FileOutputStream.<init>(FileOutputStream.java:213) ~[na:1.8.0_91]
	at org.evosuite.shaded.org.apache.commons.io.FileUtils.openOutputStream(FileUtils.java:365) ~[evosuite-master-1.0.7-SNAPSHOT.jar:1.0.7-SNAPSHOT]
	at org.evosuite.shaded.org.apache.commons.io.FileUtils.writeStringToFile(FileUtils.java:2015) ~[evosuite-master-1.0.7-SNAPSHOT.jar:1.0.7-SNAPSHOT]
	at org.evosuite.shaded.org.apache.commons.io.FileUtils.writeStringToFile(FileUtils.java:2048) ~[evosuite-master-1.0.7-SNAPSHOT.jar:1.0.7-SNAPSHOT]
	at org.evosuite.utils.FileIOUtils.writeFile(FileIOUtils.java:98) ~[evosuite-master-1.0.7-SNAPSHOT.jar:1.0.7-SNAPSHOT]
	at org.evosuite.junit.writer.TestSuiteWriter.writeTestSuite(TestSuiteWriter.java:247) [evosuite-master-1.0.7-SNAPSHOT.jar:1.0.7-SNAPSHOT]
	at org.evosuite.junit.JUnitAnalyzer.compileTests(JUnitAnalyzer.java:356) [evosuite-master-1.0.7-SNAPSHOT.jar:1.0.7-SNAPSHOT]
	at org.evosuite.junit.JUnitAnalyzer.removeTestsThatDoNotCompile(JUnitAnalyzer.java:105) [evosuite-master-1.0.7-SNAPSHOT.jar:1.0.7-SNAPSHOT]
	at org.evosuite.TestSuiteGenerator.compileAndCheckTests(TestSuiteGenerator.java:605) [evosuite-master-1.0.7-SNAPSHOT.jar:1.0.7-SNAPSHOT]
	at org.evosuite.TestSuiteGenerator.postProcessTests(TestSuiteGenerator.java:556) [evosuite-master-1.0.7-SNAPSHOT.jar:1.0.7-SNAPSHOT]
	at org.evosuite.TestSuiteGenerator.generateTestSuite(TestSuiteGenerator.java:254) [evosuite-master-1.0.7-SNAPSHOT.jar:1.0.7-SNAPSHOT]
	at org.evosuite.rmi.service.ClientNodeImpl$1.run(ClientNodeImpl.java:160) [evosuite-master-1.0.7-SNAPSHOT.jar:1.0.7-SNAPSHOT]
	at java.util.concurrent.Executors$RunnableAdapter.call(Executors.java:511) [na:1.8.0_91]
	at java.util.concurrent.FutureTask.run(FutureTask.java:266) [na:1.8.0_91]
	at java.util.concurrent.ThreadPoolExecutor.runWorker(ThreadPoolExecutor.java:1142) [na:1.8.0_91]
	at java.util.concurrent.ThreadPoolExecutor$Worker.run(ThreadPoolExecutor.java:617) [na:1.8.0_91]
	at java.lang.Thread.run(Thread.java:745) [na:1.8.0_91]
[MASTER] 04:40:42.032 [logback-2] ERROR FileIOUtils - Error while reading file DotSearchTracing_0_tmp__ESTest_scaffolding.java , /tmp/EvoSuite_0_1550547641937/org/sat4j/tools/DotSearchTracing_0_tmp__ESTest_scaffolding.java (Too many open files)
java.io.FileNotFoundException: /tmp/EvoSuite_0_1550547641937/org/sat4j/tools/DotSearchTracing_0_tmp__ESTest_scaffolding.java (Too many open files)
	at java.io.FileOutputStream.open0(Native Method) ~[na:1.8.0_91]
	at java.io.FileOutputStream.open(FileOutputStream.java:270) ~[na:1.8.0_91]
	at java.io.FileOutputStream.<init>(FileOutputStream.java:213) ~[na:1.8.0_91]
	at org.evosuite.shaded.org.apache.commons.io.FileUtils.openOutputStream(FileUtils.java:365) ~[evosuite-master-1.0.7-SNAPSHOT.jar:1.0.7-SNAPSHOT]
	at org.evosuite.shaded.org.apache.commons.io.FileUtils.writeStringToFile(FileUtils.java:2015) ~[evosuite-master-1.0.7-SNAPSHOT.jar:1.0.7-SNAPSHOT]
	at org.evosuite.shaded.org.apache.commons.io.FileUtils.writeStringToFile(FileUtils.java:2048) ~[evosuite-master-1.0.7-SNAPSHOT.jar:1.0.7-SNAPSHOT]
	at org.evosuite.utils.FileIOUtils.writeFile(FileIOUtils.java:98) ~[evosuite-master-1.0.7-SNAPSHOT.jar:1.0.7-SNAPSHOT]
	at org.evosuite.junit.writer.TestSuiteWriter.writeTestSuite(TestSuiteWriter.java:265) [evosuite-master-1.0.7-SNAPSHOT.jar:1.0.7-SNAPSHOT]
	at org.evosuite.junit.JUnitAnalyzer.compileTests(JUnitAnalyzer.java:356) [evosuite-master-1.0.7-SNAPSHOT.jar:1.0.7-SNAPSHOT]
	at org.evosuite.junit.JUnitAnalyzer.removeTestsThatDoNotCompile(JUnitAnalyzer.java:105) [evosuite-master-1.0.7-SNAPSHOT.jar:1.0.7-SNAPSHOT]
	at org.evosuite.TestSuiteGenerator.compileAndCheckTests(TestSuiteGenerator.java:605) [evosuite-master-1.0.7-SNAPSHOT.jar:1.0.7-SNAPSHOT]
	at org.evosuite.TestSuiteGenerator.postProcessTests(TestSuiteGenerator.java:556) [evosuite-master-1.0.7-SNAPSHOT.jar:1.0.7-SNAPSHOT]
	at org.evosuite.TestSuiteGenerator.generateTestSuite(TestSuiteGenerator.java:254) [evosuite-master-1.0.7-SNAPSHOT.jar:1.0.7-SNAPSHOT]
	at org.evosuite.rmi.service.ClientNodeImpl$1.run(ClientNodeImpl.java:160) [evosuite-master-1.0.7-SNAPSHOT.jar:1.0.7-SNAPSHOT]
	at java.util.concurrent.Executors$RunnableAdapter.call(Executors.java:511) [na:1.8.0_91]
	at java.util.concurrent.FutureTask.run(FutureTask.java:266) [na:1.8.0_91]
	at java.util.concurrent.ThreadPoolExecutor.runWorker(ThreadPoolExecutor.java:1142) [na:1.8.0_91]
	at java.util.concurrent.ThreadPoolExecutor$Worker.run(ThreadPoolExecutor.java:617) [na:1.8.0_91]
	at java.lang.Thread.run(Thread.java:745) [na:1.8.0_91]
[MASTER] 04:40:42.033 [logback-2] ERROR JUnitAnalyzer - Supposed to generate /tmp/EvoSuite_0_1550547641937/org/sat4j/tools/DotSearchTracing_0_tmp__ESTest.java but it does not exist
[MASTER] 04:40:42.033 [logback-2] ERROR JUnitAnalyzer - Failed to compile test case:
DotSearchTracing<String> dotSearchTracing0 = new DotSearchTracing<String>("\", shape=box, color=\"orange\", style=dotted]");
dotSearchTracing0.propagating((-1130));

[MASTER] 04:40:42.041 [logback-2] ERROR JUnitAnalyzer - Cannot delete tmp dir: /tmp/EvoSuite_0_1550547641937
java.io.IOException: Failed to list contents of /tmp/EvoSuite_0_1550547641937
	at org.evosuite.shaded.org.apache.commons.io.FileUtils.verifiedListFiles(FileUtils.java:1751) ~[evosuite-master-1.0.7-SNAPSHOT.jar:1.0.7-SNAPSHOT]
	at org.evosuite.shaded.org.apache.commons.io.FileUtils.cleanDirectory(FileUtils.java:1716) ~[evosuite-master-1.0.7-SNAPSHOT.jar:1.0.7-SNAPSHOT]
	at org.evosuite.shaded.org.apache.commons.io.FileUtils.deleteDirectory(FileUtils.java:1617) ~[evosuite-master-1.0.7-SNAPSHOT.jar:1.0.7-SNAPSHOT]
	at org.evosuite.junit.JUnitAnalyzer.removeTestsThatDoNotCompile(JUnitAnalyzer.java:115) ~[evosuite-master-1.0.7-SNAPSHOT.jar:1.0.7-SNAPSHOT]
	at org.evosuite.TestSuiteGenerator.compileAndCheckTests(TestSuiteGenerator.java:605) [evosuite-master-1.0.7-SNAPSHOT.jar:1.0.7-SNAPSHOT]
	at org.evosuite.TestSuiteGenerator.postProcessTests(TestSuiteGenerator.java:556) [evosuite-master-1.0.7-SNAPSHOT.jar:1.0.7-SNAPSHOT]
	at org.evosuite.TestSuiteGenerator.generateTestSuite(TestSuiteGenerator.java:254) [evosuite-master-1.0.7-SNAPSHOT.jar:1.0.7-SNAPSHOT]
	at org.evosuite.rmi.service.ClientNodeImpl$1.run(ClientNodeImpl.java:160) [evosuite-master-1.0.7-SNAPSHOT.jar:1.0.7-SNAPSHOT]
	at java.util.concurrent.Executors$RunnableAdapter.call(Executors.java:511) [na:1.8.0_91]
	at java.util.concurrent.FutureTask.run(FutureTask.java:266) [na:1.8.0_91]
	at java.util.concurrent.ThreadPoolExecutor.runWorker(ThreadPoolExecutor.java:1142) [na:1.8.0_91]
	at java.util.concurrent.ThreadPoolExecutor$Worker.run(ThreadPoolExecutor.java:617) [na:1.8.0_91]
	at java.lang.Thread.run(Thread.java:745) [na:1.8.0_91]
[MASTER] 04:40:42.062 [logback-2] ERROR FileIOUtils - Error while reading file DotSearchTracing_1_tmp__ESTest.java , /tmp/EvoSuite_1_1550547642051/org/sat4j/tools/DotSearchTracing_1_tmp__ESTest.java (Too many open files)
java.io.FileNotFoundException: /tmp/EvoSuite_1_1550547642051/org/sat4j/tools/DotSearchTracing_1_tmp__ESTest.java (Too many open files)
	at java.io.FileOutputStream.open0(Native Method) ~[na:1.8.0_91]
	at java.io.FileOutputStream.open(FileOutputStream.java:270) ~[na:1.8.0_91]
	at java.io.FileOutputStream.<init>(FileOutputStream.java:213) ~[na:1.8.0_91]
	at org.evosuite.shaded.org.apache.commons.io.FileUtils.openOutputStream(FileUtils.java:365) ~[evosuite-master-1.0.7-SNAPSHOT.jar:1.0.7-SNAPSHOT]
	at org.evosuite.shaded.org.apache.commons.io.FileUtils.writeStringToFile(FileUtils.java:2015) ~[evosuite-master-1.0.7-SNAPSHOT.jar:1.0.7-SNAPSHOT]
	at org.evosuite.shaded.org.apache.commons.io.FileUtils.writeStringToFile(FileUtils.java:2048) ~[evosuite-master-1.0.7-SNAPSHOT.jar:1.0.7-SNAPSHOT]
	at org.evosuite.utils.FileIOUtils.writeFile(FileIOUtils.java:98) ~[evosuite-master-1.0.7-SNAPSHOT.jar:1.0.7-SNAPSHOT]
	at org.evosuite.junit.writer.TestSuiteWriter.writeTestSuite(TestSuiteWriter.java:247) [evosuite-master-1.0.7-SNAPSHOT.jar:1.0.7-SNAPSHOT]
	at org.evosuite.junit.JUnitAnalyzer.compileTests(JUnitAnalyzer.java:356) [evosuite-master-1.0.7-SNAPSHOT.jar:1.0.7-SNAPSHOT]
	at org.evosuite.junit.JUnitAnalyzer.removeTestsThatDoNotCompile(JUnitAnalyzer.java:105) [evosuite-master-1.0.7-SNAPSHOT.jar:1.0.7-SNAPSHOT]
	at org.evosuite.TestSuiteGenerator.compileAndCheckTests(TestSuiteGenerator.java:605) [evosuite-master-1.0.7-SNAPSHOT.jar:1.0.7-SNAPSHOT]
	at org.evosuite.TestSuiteGenerator.postProcessTests(TestSuiteGenerator.java:556) [evosuite-master-1.0.7-SNAPSHOT.jar:1.0.7-SNAPSHOT]
	at org.evosuite.TestSuiteGenerator.generateTestSuite(TestSuiteGenerator.java:254) [evosuite-master-1.0.7-SNAPSHOT.jar:1.0.7-SNAPSHOT]
	at org.evosuite.rmi.service.ClientNodeImpl$1.run(ClientNodeImpl.java:160) [evosuite-master-1.0.7-SNAPSHOT.jar:1.0.7-SNAPSHOT]
	at java.util.concurrent.Executors$RunnableAdapter.call(Executors.java:511) [na:1.8.0_91]
	at java.util.concurrent.FutureTask.run(FutureTask.java:266) [na:1.8.0_91]
	at java.util.concurrent.ThreadPoolExecutor.runWorker(ThreadPoolExecutor.java:1142) [na:1.8.0_91]
	at java.util.concurrent.ThreadPoolExecutor$Worker.run(ThreadPoolExecutor.java:617) [na:1.8.0_91]
	at java.lang.Thread.run(Thread.java:745) [na:1.8.0_91]
[MASTER] 04:40:42.074 [logback-2] ERROR FileIOUtils - Error while reading file DotSearchTracing_1_tmp__ESTest_scaffolding.java , /tmp/EvoSuite_1_1550547642051/org/sat4j/tools/DotSearchTracing_1_tmp__ESTest_scaffolding.java (Too many open files)
java.io.FileNotFoundException: /tmp/EvoSuite_1_1550547642051/org/sat4j/tools/DotSearchTracing_1_tmp__ESTest_scaffolding.java (Too many open files)
	at java.io.FileOutputStream.open0(Native Method) ~[na:1.8.0_91]
	at java.io.FileOutputStream.open(FileOutputStream.java:270) ~[na:1.8.0_91]
	at java.io.FileOutputStream.<init>(FileOutputStream.java:213) ~[na:1.8.0_91]
	at org.evosuite.shaded.org.apache.commons.io.FileUtils.openOutputStream(FileUtils.java:365) ~[evosuite-master-1.0.7-SNAPSHOT.jar:1.0.7-SNAPSHOT]
	at org.evosuite.shaded.org.apache.commons.io.FileUtils.writeStringToFile(FileUtils.java:2015) ~[evosuite-master-1.0.7-SNAPSHOT.jar:1.0.7-SNAPSHOT]
	at org.evosuite.shaded.org.apache.commons.io.FileUtils.writeStringToFile(FileUtils.java:2048) ~[evosuite-master-1.0.7-SNAPSHOT.jar:1.0.7-SNAPSHOT]
	at org.evosuite.utils.FileIOUtils.writeFile(FileIOUtils.java:98) ~[evosuite-master-1.0.7-SNAPSHOT.jar:1.0.7-SNAPSHOT]
	at org.evosuite.junit.writer.TestSuiteWriter.writeTestSuite(TestSuiteWriter.java:265) [evosuite-master-1.0.7-SNAPSHOT.jar:1.0.7-SNAPSHOT]
	at org.evosuite.junit.JUnitAnalyzer.compileTests(JUnitAnalyzer.java:356) [evosuite-master-1.0.7-SNAPSHOT.jar:1.0.7-SNAPSHOT]
	at org.evosuite.junit.JUnitAnalyzer.removeTestsThatDoNotCompile(JUnitAnalyzer.java:105) [evosuite-master-1.0.7-SNAPSHOT.jar:1.0.7-SNAPSHOT]
	at org.evosuite.TestSuiteGenerator.compileAndCheckTests(TestSuiteGenerator.java:605) [evosuite-master-1.0.7-SNAPSHOT.jar:1.0.7-SNAPSHOT]
	at org.evosuite.TestSuiteGenerator.postProcessTests(TestSuiteGenerator.java:556) [evosuite-master-1.0.7-SNAPSHOT.jar:1.0.7-SNAPSHOT]
	at org.evosuite.TestSuiteGenerator.generateTestSuite(TestSuiteGenerator.java:254) [evosuite-master-1.0.7-SNAPSHOT.jar:1.0.7-SNAPSHOT]
	at org.evosuite.rmi.service.ClientNodeImpl$1.run(ClientNodeImpl.java:160) [evosuite-master-1.0.7-SNAPSHOT.jar:1.0.7-SNAPSHOT]
	at java.util.concurrent.Executors$RunnableAdapter.call(Executors.java:511) [na:1.8.0_91]
	at java.util.concurrent.FutureTask.run(FutureTask.java:266) [na:1.8.0_91]
	at java.util.concurrent.ThreadPoolExecutor.runWorker(ThreadPoolExecutor.java:1142) [na:1.8.0_91]
	at java.util.concurrent.ThreadPoolExecutor$Worker.run(ThreadPoolExecutor.java:617) [na:1.8.0_91]
	at java.lang.Thread.run(Thread.java:745) [na:1.8.0_91]
[MASTER] 04:40:42.074 [logback-2] ERROR JUnitAnalyzer - Supposed to generate /tmp/EvoSuite_1_1550547642051/org/sat4j/tools/DotSearchTracing_1_tmp__ESTest.java but it does not exist
[MASTER] 04:40:42.078 [logback-2] ERROR JUnitAnalyzer - Failed to compile test case:
DotSearchTracing<String> dotSearchTracing0 = new DotSearchTracing<String>("\t\"null.-1130.false\" -- \"null.-1130.false.-2126030638.false\"[label=\" -2126030638\", fontcolor =green, color = green, style = bold]");
int[] intArray0 = new int[1];
dotSearchTracing0.solutionFound(intArray0, (RandomAccessModel) null);

[MASTER] 04:40:42.079 [logback-2] ERROR JUnitAnalyzer - Cannot delete tmp dir: /tmp/EvoSuite_1_1550547642051
java.io.IOException: Failed to list contents of /tmp/EvoSuite_1_1550547642051
	at org.evosuite.shaded.org.apache.commons.io.FileUtils.verifiedListFiles(FileUtils.java:1751) ~[evosuite-master-1.0.7-SNAPSHOT.jar:1.0.7-SNAPSHOT]
	at org.evosuite.shaded.org.apache.commons.io.FileUtils.cleanDirectory(FileUtils.java:1716) ~[evosuite-master-1.0.7-SNAPSHOT.jar:1.0.7-SNAPSHOT]
	at org.evosuite.shaded.org.apache.commons.io.FileUtils.deleteDirectory(FileUtils.java:1617) ~[evosuite-master-1.0.7-SNAPSHOT.jar:1.0.7-SNAPSHOT]
	at org.evosuite.junit.JUnitAnalyzer.removeTestsThatDoNotCompile(JUnitAnalyzer.java:115) ~[evosuite-master-1.0.7-SNAPSHOT.jar:1.0.7-SNAPSHOT]
	at org.evosuite.TestSuiteGenerator.compileAndCheckTests(TestSuiteGenerator.java:605) [evosuite-master-1.0.7-SNAPSHOT.jar:1.0.7-SNAPSHOT]
	at org.evosuite.TestSuiteGenerator.postProcessTests(TestSuiteGenerator.java:556) [evosuite-master-1.0.7-SNAPSHOT.jar:1.0.7-SNAPSHOT]
	at org.evosuite.TestSuiteGenerator.generateTestSuite(TestSuiteGenerator.java:254) [evosuite-master-1.0.7-SNAPSHOT.jar:1.0.7-SNAPSHOT]
	at org.evosuite.rmi.service.ClientNodeImpl$1.run(ClientNodeImpl.java:160) [evosuite-master-1.0.7-SNAPSHOT.jar:1.0.7-SNAPSHOT]
	at java.util.concurrent.Executors$RunnableAdapter.call(Executors.java:511) [na:1.8.0_91]
	at java.util.concurrent.FutureTask.run(FutureTask.java:266) [na:1.8.0_91]
	at java.util.concurrent.ThreadPoolExecutor.runWorker(ThreadPoolExecutor.java:1142) [na:1.8.0_91]
	at java.util.concurrent.ThreadPoolExecutor$Worker.run(ThreadPoolExecutor.java:617) [na:1.8.0_91]
	at java.lang.Thread.run(Thread.java:745) [na:1.8.0_91]
[MASTER] 04:40:42.082 [logback-2] ERROR FileIOUtils - Error while reading file DotSearchTracing_2_tmp__ESTest.java , /tmp/EvoSuite_2_1550547642079/org/sat4j/tools/DotSearchTracing_2_tmp__ESTest.java (Too many open files)
java.io.FileNotFoundException: /tmp/EvoSuite_2_1550547642079/org/sat4j/tools/DotSearchTracing_2_tmp__ESTest.java (Too many open files)
	at java.io.FileOutputStream.open0(Native Method) ~[na:1.8.0_91]
	at java.io.FileOutputStream.open(FileOutputStream.java:270) ~[na:1.8.0_91]
	at java.io.FileOutputStream.<init>(FileOutputStream.java:213) ~[na:1.8.0_91]
	at org.evosuite.shaded.org.apache.commons.io.FileUtils.openOutputStream(FileUtils.java:365) ~[evosuite-master-1.0.7-SNAPSHOT.jar:1.0.7-SNAPSHOT]
	at org.evosuite.shaded.org.apache.commons.io.FileUtils.writeStringToFile(FileUtils.java:2015) ~[evosuite-master-1.0.7-SNAPSHOT.jar:1.0.7-SNAPSHOT]
	at org.evosuite.shaded.org.apache.commons.io.FileUtils.writeStringToFile(FileUtils.java:2048) ~[evosuite-master-1.0.7-SNAPSHOT.jar:1.0.7-SNAPSHOT]
	at org.evosuite.utils.FileIOUtils.writeFile(FileIOUtils.java:98) ~[evosuite-master-1.0.7-SNAPSHOT.jar:1.0.7-SNAPSHOT]
	at org.evosuite.junit.writer.TestSuiteWriter.writeTestSuite(TestSuiteWriter.java:247) [evosuite-master-1.0.7-SNAPSHOT.jar:1.0.7-SNAPSHOT]
	at org.evosuite.junit.JUnitAnalyzer.compileTests(JUnitAnalyzer.java:356) [evosuite-master-1.0.7-SNAPSHOT.jar:1.0.7-SNAPSHOT]
	at org.evosuite.junit.JUnitAnalyzer.removeTestsThatDoNotCompile(JUnitAnalyzer.java:105) [evosuite-master-1.0.7-SNAPSHOT.jar:1.0.7-SNAPSHOT]
	at org.evosuite.TestSuiteGenerator.compileAndCheckTests(TestSuiteGenerator.java:605) [evosuite-master-1.0.7-SNAPSHOT.jar:1.0.7-SNAPSHOT]
	at org.evosuite.TestSuiteGenerator.postProcessTests(TestSuiteGenerator.java:556) [evosuite-master-1.0.7-SNAPSHOT.jar:1.0.7-SNAPSHOT]
	at org.evosuite.TestSuiteGenerator.generateTestSuite(TestSuiteGenerator.java:254) [evosuite-master-1.0.7-SNAPSHOT.jar:1.0.7-SNAPSHOT]
	at org.evosuite.rmi.service.ClientNodeImpl$1.run(ClientNodeImpl.java:160) [evosuite-master-1.0.7-SNAPSHOT.jar:1.0.7-SNAPSHOT]
	at java.util.concurrent.Executors$RunnableAdapter.call(Executors.java:511) [na:1.8.0_91]
	at java.util.concurrent.FutureTask.run(FutureTask.java:266) [na:1.8.0_91]
	at java.util.concurrent.ThreadPoolExecutor.runWorker(ThreadPoolExecutor.java:1142) [na:1.8.0_91]
	at java.util.concurrent.ThreadPoolExecutor$Worker.run(ThreadPoolExecutor.java:617) [na:1.8.0_91]
	at java.lang.Thread.run(Thread.java:745) [na:1.8.0_91]
[MASTER] 04:40:42.092 [logback-2] ERROR FileIOUtils - Error while reading file DotSearchTracing_2_tmp__ESTest_scaffolding.java , /tmp/EvoSuite_2_1550547642079/org/sat4j/tools/DotSearchTracing_2_tmp__ESTest_scaffolding.java (Too many open files)
java.io.FileNotFoundException: /tmp/EvoSuite_2_1550547642079/org/sat4j/tools/DotSearchTracing_2_tmp__ESTest_scaffolding.java (Too many open files)
	at java.io.FileOutputStream.open0(Native Method) ~[na:1.8.0_91]
	at java.io.FileOutputStream.open(FileOutputStream.java:270) ~[na:1.8.0_91]
	at java.io.FileOutputStream.<init>(FileOutputStream.java:213) ~[na:1.8.0_91]
	at org.evosuite.shaded.org.apache.commons.io.FileUtils.openOutputStream(FileUtils.java:365) ~[evosuite-master-1.0.7-SNAPSHOT.jar:1.0.7-SNAPSHOT]
	at org.evosuite.shaded.org.apache.commons.io.FileUtils.writeStringToFile(FileUtils.java:2015) ~[evosuite-master-1.0.7-SNAPSHOT.jar:1.0.7-SNAPSHOT]
	at org.evosuite.shaded.org.apache.commons.io.FileUtils.writeStringToFile(FileUtils.java:2048) ~[evosuite-master-1.0.7-SNAPSHOT.jar:1.0.7-SNAPSHOT]
	at org.evosuite.utils.FileIOUtils.writeFile(FileIOUtils.java:98) ~[evosuite-master-1.0.7-SNAPSHOT.jar:1.0.7-SNAPSHOT]
	at org.evosuite.junit.writer.TestSuiteWriter.writeTestSuite(TestSuiteWriter.java:265) [evosuite-master-1.0.7-SNAPSHOT.jar:1.0.7-SNAPSHOT]
	at org.evosuite.junit.JUnitAnalyzer.compileTests(JUnitAnalyzer.java:356) [evosuite-master-1.0.7-SNAPSHOT.jar:1.0.7-SNAPSHOT]
	at org.evosuite.junit.JUnitAnalyzer.removeTestsThatDoNotCompile(JUnitAnalyzer.java:105) [evosuite-master-1.0.7-SNAPSHOT.jar:1.0.7-SNAPSHOT]
	at org.evosuite.TestSuiteGenerator.compileAndCheckTests(TestSuiteGenerator.java:605) [evosuite-master-1.0.7-SNAPSHOT.jar:1.0.7-SNAPSHOT]
	at org.evosuite.TestSuiteGenerator.postProcessTests(TestSuiteGenerator.java:556) [evosuite-master-1.0.7-SNAPSHOT.jar:1.0.7-SNAPSHOT]
	at org.evosuite.TestSuiteGenerator.generateTestSuite(TestSuiteGenerator.java:254) [evosuite-master-1.0.7-SNAPSHOT.jar:1.0.7-SNAPSHOT]
	at org.evosuite.rmi.service.ClientNodeImpl$1.run(ClientNodeImpl.java:160) [evosuite-master-1.0.7-SNAPSHOT.jar:1.0.7-SNAPSHOT]
	at java.util.concurrent.Executors$RunnableAdapter.call(Executors.java:511) [na:1.8.0_91]
	at java.util.concurrent.FutureTask.run(FutureTask.java:266) [na:1.8.0_91]
	at java.util.concurrent.ThreadPoolExecutor.runWorker(ThreadPoolExecutor.java:1142) [na:1.8.0_91]
	at java.util.concurrent.ThreadPoolExecutor$Worker.run(ThreadPoolExecutor.java:617) [na:1.8.0_91]
	at java.lang.Thread.run(Thread.java:745) [na:1.8.0_91]
[MASTER] 04:40:42.092 [logback-2] ERROR JUnitAnalyzer - Supposed to generate /tmp/EvoSuite_2_1550547642079/org/sat4j/tools/DotSearchTracing_2_tmp__ESTest.java but it does not exist
[MASTER] 04:40:42.092 [logback-2] ERROR JUnitAnalyzer - Failed to compile test case:
DotSearchTracing<CardinalityDataStructure> dotSearchTracing0 = new DotSearchTracing<CardinalityDataStructure>("Total wall clock time (in seconds): ");
dotSearchTracing0.beginLoop();

[MASTER] 04:40:42.093 [logback-2] ERROR JUnitAnalyzer - Cannot delete tmp dir: /tmp/EvoSuite_2_1550547642079
java.io.IOException: Failed to list contents of /tmp/EvoSuite_2_1550547642079
	at org.evosuite.shaded.org.apache.commons.io.FileUtils.verifiedListFiles(FileUtils.java:1751) ~[evosuite-master-1.0.7-SNAPSHOT.jar:1.0.7-SNAPSHOT]
	at org.evosuite.shaded.org.apache.commons.io.FileUtils.cleanDirectory(FileUtils.java:1716) ~[evosuite-master-1.0.7-SNAPSHOT.jar:1.0.7-SNAPSHOT]
	at org.evosuite.shaded.org.apache.commons.io.FileUtils.deleteDirectory(FileUtils.java:1617) ~[evosuite-master-1.0.7-SNAPSHOT.jar:1.0.7-SNAPSHOT]
	at org.evosuite.junit.JUnitAnalyzer.removeTestsThatDoNotCompile(JUnitAnalyzer.java:115) ~[evosuite-master-1.0.7-SNAPSHOT.jar:1.0.7-SNAPSHOT]
	at org.evosuite.TestSuiteGenerator.compileAndCheckTests(TestSuiteGenerator.java:605) [evosuite-master-1.0.7-SNAPSHOT.jar:1.0.7-SNAPSHOT]
	at org.evosuite.TestSuiteGenerator.postProcessTests(TestSuiteGenerator.java:556) [evosuite-master-1.0.7-SNAPSHOT.jar:1.0.7-SNAPSHOT]
	at org.evosuite.TestSuiteGenerator.generateTestSuite(TestSuiteGenerator.java:254) [evosuite-master-1.0.7-SNAPSHOT.jar:1.0.7-SNAPSHOT]
	at org.evosuite.rmi.service.ClientNodeImpl$1.run(ClientNodeImpl.java:160) [evosuite-master-1.0.7-SNAPSHOT.jar:1.0.7-SNAPSHOT]
	at java.util.concurrent.Executors$RunnableAdapter.call(Executors.java:511) [na:1.8.0_91]
	at java.util.concurrent.FutureTask.run(FutureTask.java:266) [na:1.8.0_91]
	at java.util.concurrent.ThreadPoolExecutor.runWorker(ThreadPoolExecutor.java:1142) [na:1.8.0_91]
	at java.util.concurrent.ThreadPoolExecutor$Worker.run(ThreadPoolExecutor.java:617) [na:1.8.0_91]
	at java.lang.Thread.run(Thread.java:745) [na:1.8.0_91]
[MASTER] 04:40:42.105 [logback-2] ERROR FileIOUtils - Error while reading file DotSearchTracing_3_tmp__ESTest.java , /tmp/EvoSuite_3_1550547642093/org/sat4j/tools/DotSearchTracing_3_tmp__ESTest.java (Too many open files)
java.io.FileNotFoundException: /tmp/EvoSuite_3_1550547642093/org/sat4j/tools/DotSearchTracing_3_tmp__ESTest.java (Too many open files)
	at java.io.FileOutputStream.open0(Native Method) ~[na:1.8.0_91]
	at java.io.FileOutputStream.open(FileOutputStream.java:270) ~[na:1.8.0_91]
	at java.io.FileOutputStream.<init>(FileOutputStream.java:213) ~[na:1.8.0_91]
	at org.evosuite.shaded.org.apache.commons.io.FileUtils.openOutputStream(FileUtils.java:365) ~[evosuite-master-1.0.7-SNAPSHOT.jar:1.0.7-SNAPSHOT]
	at org.evosuite.shaded.org.apache.commons.io.FileUtils.writeStringToFile(FileUtils.java:2015) ~[evosuite-master-1.0.7-SNAPSHOT.jar:1.0.7-SNAPSHOT]
	at org.evosuite.shaded.org.apache.commons.io.FileUtils.writeStringToFile(FileUtils.java:2048) ~[evosuite-master-1.0.7-SNAPSHOT.jar:1.0.7-SNAPSHOT]
	at org.evosuite.utils.FileIOUtils.writeFile(FileIOUtils.java:98) ~[evosuite-master-1.0.7-SNAPSHOT.jar:1.0.7-SNAPSHOT]
	at org.evosuite.junit.writer.TestSuiteWriter.writeTestSuite(TestSuiteWriter.java:247) [evosuite-master-1.0.7-SNAPSHOT.jar:1.0.7-SNAPSHOT]
	at org.evosuite.junit.JUnitAnalyzer.compileTests(JUnitAnalyzer.java:356) [evosuite-master-1.0.7-SNAPSHOT.jar:1.0.7-SNAPSHOT]
	at org.evosuite.junit.JUnitAnalyzer.removeTestsThatDoNotCompile(JUnitAnalyzer.java:105) [evosuite-master-1.0.7-SNAPSHOT.jar:1.0.7-SNAPSHOT]
	at org.evosuite.TestSuiteGenerator.compileAndCheckTests(TestSuiteGenerator.java:605) [evosuite-master-1.0.7-SNAPSHOT.jar:1.0.7-SNAPSHOT]
	at org.evosuite.TestSuiteGenerator.postProcessTests(TestSuiteGenerator.java:556) [evosuite-master-1.0.7-SNAPSHOT.jar:1.0.7-SNAPSHOT]
	at org.evosuite.TestSuiteGenerator.generateTestSuite(TestSuiteGenerator.java:254) [evosuite-master-1.0.7-SNAPSHOT.jar:1.0.7-SNAPSHOT]
	at org.evosuite.rmi.service.ClientNodeImpl$1.run(ClientNodeImpl.java:160) [evosuite-master-1.0.7-SNAPSHOT.jar:1.0.7-SNAPSHOT]
	at java.util.concurrent.Executors$RunnableAdapter.call(Executors.java:511) [na:1.8.0_91]
	at java.util.concurrent.FutureTask.run(FutureTask.java:266) [na:1.8.0_91]
	at java.util.concurrent.ThreadPoolExecutor.runWorker(ThreadPoolExecutor.java:1142) [na:1.8.0_91]
	at java.util.concurrent.ThreadPoolExecutor$Worker.run(ThreadPoolExecutor.java:617) [na:1.8.0_91]
	at java.lang.Thread.run(Thread.java:745) [na:1.8.0_91]
[MASTER] 04:40:42.111 [logback-2] ERROR FileIOUtils - Error while reading file DotSearchTracing_3_tmp__ESTest_scaffolding.java , /tmp/EvoSuite_3_1550547642093/org/sat4j/tools/DotSearchTracing_3_tmp__ESTest_scaffolding.java (Too many open files)
java.io.FileNotFoundException: /tmp/EvoSuite_3_1550547642093/org/sat4j/tools/DotSearchTracing_3_tmp__ESTest_scaffolding.java (Too many open files)
	at java.io.FileOutputStream.open0(Native Method) ~[na:1.8.0_91]
	at java.io.FileOutputStream.open(FileOutputStream.java:270) ~[na:1.8.0_91]
	at java.io.FileOutputStream.<init>(FileOutputStream.java:213) ~[na:1.8.0_91]
	at org.evosuite.shaded.org.apache.commons.io.FileUtils.openOutputStream(FileUtils.java:365) ~[evosuite-master-1.0.7-SNAPSHOT.jar:1.0.7-SNAPSHOT]
	at org.evosuite.shaded.org.apache.commons.io.FileUtils.writeStringToFile(FileUtils.java:2015) ~[evosuite-master-1.0.7-SNAPSHOT.jar:1.0.7-SNAPSHOT]
	at org.evosuite.shaded.org.apache.commons.io.FileUtils.writeStringToFile(FileUtils.java:2048) ~[evosuite-master-1.0.7-SNAPSHOT.jar:1.0.7-SNAPSHOT]
	at org.evosuite.utils.FileIOUtils.writeFile(FileIOUtils.java:98) ~[evosuite-master-1.0.7-SNAPSHOT.jar:1.0.7-SNAPSHOT]
	at org.evosuite.junit.writer.TestSuiteWriter.writeTestSuite(TestSuiteWriter.java:265) [evosuite-master-1.0.7-SNAPSHOT.jar:1.0.7-SNAPSHOT]
	at org.evosuite.junit.JUnitAnalyzer.compileTests(JUnitAnalyzer.java:356) [evosuite-master-1.0.7-SNAPSHOT.jar:1.0.7-SNAPSHOT]
	at org.evosuite.junit.JUnitAnalyzer.removeTestsThatDoNotCompile(JUnitAnalyzer.java:105) [evosuite-master-1.0.7-SNAPSHOT.jar:1.0.7-SNAPSHOT]
	at org.evosuite.TestSuiteGenerator.compileAndCheckTests(TestSuiteGenerator.java:605) [evosuite-master-1.0.7-SNAPSHOT.jar:1.0.7-SNAPSHOT]
	at org.evosuite.TestSuiteGenerator.postProcessTests(TestSuiteGenerator.java:556) [evosuite-master-1.0.7-SNAPSHOT.jar:1.0.7-SNAPSHOT]
	at org.evosuite.TestSuiteGenerator.generateTestSuite(TestSuiteGenerator.java:254) [evosuite-master-1.0.7-SNAPSHOT.jar:1.0.7-SNAPSHOT]
	at org.evosuite.rmi.service.ClientNodeImpl$1.run(ClientNodeImpl.java:160) [evosuite-master-1.0.7-SNAPSHOT.jar:1.0.7-SNAPSHOT]
	at java.util.concurrent.Executors$RunnableAdapter.call(Executors.java:511) [na:1.8.0_91]
	at java.util.concurrent.FutureTask.run(FutureTask.java:266) [na:1.8.0_91]
	at java.util.concurrent.ThreadPoolExecutor.runWorker(ThreadPoolExecutor.java:1142) [na:1.8.0_91]
	at java.util.concurrent.ThreadPoolExecutor$Worker.run(ThreadPoolExecutor.java:617) [na:1.8.0_91]
	at java.lang.Thread.run(Thread.java:745) [na:1.8.0_91]
[MASTER] 04:40:42.112 [logback-2] ERROR JUnitAnalyzer - Supposed to generate /tmp/EvoSuite_3_1550547642093/org/sat4j/tools/DotSearchTracing_3_tmp__ESTest.java but it does not exist
[MASTER] 04:40:42.112 [logback-2] ERROR JUnitAnalyzer - Failed to compile test case:
DotSearchTracing<Solver<CardinalityDataStructure>> dotSearchTracing0 = new DotSearchTracing<Solver<CardinalityDataStructure>>("{lo/H?c=:J1FC");
dotSearchTracing0.backtracking(0);

[MASTER] 04:40:42.112 [logback-2] ERROR JUnitAnalyzer - Cannot delete tmp dir: /tmp/EvoSuite_3_1550547642093
java.io.IOException: Failed to list contents of /tmp/EvoSuite_3_1550547642093
	at org.evosuite.shaded.org.apache.commons.io.FileUtils.verifiedListFiles(FileUtils.java:1751) ~[evosuite-master-1.0.7-SNAPSHOT.jar:1.0.7-SNAPSHOT]
	at org.evosuite.shaded.org.apache.commons.io.FileUtils.cleanDirectory(FileUtils.java:1716) ~[evosuite-master-1.0.7-SNAPSHOT.jar:1.0.7-SNAPSHOT]
	at org.evosuite.shaded.org.apache.commons.io.FileUtils.deleteDirectory(FileUtils.java:1617) ~[evosuite-master-1.0.7-SNAPSHOT.jar:1.0.7-SNAPSHOT]
	at org.evosuite.junit.JUnitAnalyzer.removeTestsThatDoNotCompile(JUnitAnalyzer.java:115) ~[evosuite-master-1.0.7-SNAPSHOT.jar:1.0.7-SNAPSHOT]
	at org.evosuite.TestSuiteGenerator.compileAndCheckTests(TestSuiteGenerator.java:605) [evosuite-master-1.0.7-SNAPSHOT.jar:1.0.7-SNAPSHOT]
	at org.evosuite.TestSuiteGenerator.postProcessTests(TestSuiteGenerator.java:556) [evosuite-master-1.0.7-SNAPSHOT.jar:1.0.7-SNAPSHOT]
	at org.evosuite.TestSuiteGenerator.generateTestSuite(TestSuiteGenerator.java:254) [evosuite-master-1.0.7-SNAPSHOT.jar:1.0.7-SNAPSHOT]
	at org.evosuite.rmi.service.ClientNodeImpl$1.run(ClientNodeImpl.java:160) [evosuite-master-1.0.7-SNAPSHOT.jar:1.0.7-SNAPSHOT]
	at java.util.concurrent.Executors$RunnableAdapter.call(Executors.java:511) [na:1.8.0_91]
	at java.util.concurrent.FutureTask.run(FutureTask.java:266) [na:1.8.0_91]
	at java.util.concurrent.ThreadPoolExecutor.runWorker(ThreadPoolExecutor.java:1142) [na:1.8.0_91]
	at java.util.concurrent.ThreadPoolExecutor$Worker.run(ThreadPoolExecutor.java:617) [na:1.8.0_91]
	at java.lang.Thread.run(Thread.java:745) [na:1.8.0_91]
[MASTER] 04:40:42.118 [logback-2] ERROR FileIOUtils - Error while reading file DotSearchTracing_4_tmp__ESTest.java , /tmp/EvoSuite_4_1550547642112/org/sat4j/tools/DotSearchTracing_4_tmp__ESTest.java (Too many open files)
java.io.FileNotFoundException: /tmp/EvoSuite_4_1550547642112/org/sat4j/tools/DotSearchTracing_4_tmp__ESTest.java (Too many open files)
	at java.io.FileOutputStream.open0(Native Method) ~[na:1.8.0_91]
	at java.io.FileOutputStream.open(FileOutputStream.java:270) ~[na:1.8.0_91]
	at java.io.FileOutputStream.<init>(FileOutputStream.java:213) ~[na:1.8.0_91]
	at org.evosuite.shaded.org.apache.commons.io.FileUtils.openOutputStream(FileUtils.java:365) ~[evosuite-master-1.0.7-SNAPSHOT.jar:1.0.7-SNAPSHOT]
	at org.evosuite.shaded.org.apache.commons.io.FileUtils.writeStringToFile(FileUtils.java:2015) ~[evosuite-master-1.0.7-SNAPSHOT.jar:1.0.7-SNAPSHOT]
	at org.evosuite.shaded.org.apache.commons.io.FileUtils.writeStringToFile(FileUtils.java:2048) ~[evosuite-master-1.0.7-SNAPSHOT.jar:1.0.7-SNAPSHOT]
	at org.evosuite.utils.FileIOUtils.writeFile(FileIOUtils.java:98) ~[evosuite-master-1.0.7-SNAPSHOT.jar:1.0.7-SNAPSHOT]
	at org.evosuite.junit.writer.TestSuiteWriter.writeTestSuite(TestSuiteWriter.java:247) [evosuite-master-1.0.7-SNAPSHOT.jar:1.0.7-SNAPSHOT]
	at org.evosuite.junit.JUnitAnalyzer.compileTests(JUnitAnalyzer.java:356) [evosuite-master-1.0.7-SNAPSHOT.jar:1.0.7-SNAPSHOT]
	at org.evosuite.junit.JUnitAnalyzer.removeTestsThatDoNotCompile(JUnitAnalyzer.java:105) [evosuite-master-1.0.7-SNAPSHOT.jar:1.0.7-SNAPSHOT]
	at org.evosuite.TestSuiteGenerator.compileAndCheckTests(TestSuiteGenerator.java:605) [evosuite-master-1.0.7-SNAPSHOT.jar:1.0.7-SNAPSHOT]
	at org.evosuite.TestSuiteGenerator.postProcessTests(TestSuiteGenerator.java:556) [evosuite-master-1.0.7-SNAPSHOT.jar:1.0.7-SNAPSHOT]
	at org.evosuite.TestSuiteGenerator.generateTestSuite(TestSuiteGenerator.java:254) [evosuite-master-1.0.7-SNAPSHOT.jar:1.0.7-SNAPSHOT]
	at org.evosuite.rmi.service.ClientNodeImpl$1.run(ClientNodeImpl.java:160) [evosuite-master-1.0.7-SNAPSHOT.jar:1.0.7-SNAPSHOT]
	at java.util.concurrent.Executors$RunnableAdapter.call(Executors.java:511) [na:1.8.0_91]
	at java.util.concurrent.FutureTask.run(FutureTask.java:266) [na:1.8.0_91]
	at java.util.concurrent.ThreadPoolExecutor.runWorker(ThreadPoolExecutor.java:1142) [na:1.8.0_91]
	at java.util.concurrent.ThreadPoolExecutor$Worker.run(ThreadPoolExecutor.java:617) [na:1.8.0_91]
	at java.lang.Thread.run(Thread.java:745) [na:1.8.0_91]
[MASTER] 04:40:42.122 [logback-2] ERROR FileIOUtils - Error while reading file DotSearchTracing_4_tmp__ESTest_scaffolding.java , /tmp/EvoSuite_4_1550547642112/org/sat4j/tools/DotSearchTracing_4_tmp__ESTest_scaffolding.java (Too many open files)
java.io.FileNotFoundException: /tmp/EvoSuite_4_1550547642112/org/sat4j/tools/DotSearchTracing_4_tmp__ESTest_scaffolding.java (Too many open files)
	at java.io.FileOutputStream.open0(Native Method) ~[na:1.8.0_91]
	at java.io.FileOutputStream.open(FileOutputStream.java:270) ~[na:1.8.0_91]
	at java.io.FileOutputStream.<init>(FileOutputStream.java:213) ~[na:1.8.0_91]
	at org.evosuite.shaded.org.apache.commons.io.FileUtils.openOutputStream(FileUtils.java:365) ~[evosuite-master-1.0.7-SNAPSHOT.jar:1.0.7-SNAPSHOT]
	at org.evosuite.shaded.org.apache.commons.io.FileUtils.writeStringToFile(FileUtils.java:2015) ~[evosuite-master-1.0.7-SNAPSHOT.jar:1.0.7-SNAPSHOT]
	at org.evosuite.shaded.org.apache.commons.io.FileUtils.writeStringToFile(FileUtils.java:2048) ~[evosuite-master-1.0.7-SNAPSHOT.jar:1.0.7-SNAPSHOT]
	at org.evosuite.utils.FileIOUtils.writeFile(FileIOUtils.java:98) ~[evosuite-master-1.0.7-SNAPSHOT.jar:1.0.7-SNAPSHOT]
	at org.evosuite.junit.writer.TestSuiteWriter.writeTestSuite(TestSuiteWriter.java:265) [evosuite-master-1.0.7-SNAPSHOT.jar:1.0.7-SNAPSHOT]
	at org.evosuite.junit.JUnitAnalyzer.compileTests(JUnitAnalyzer.java:356) [evosuite-master-1.0.7-SNAPSHOT.jar:1.0.7-SNAPSHOT]
	at org.evosuite.junit.JUnitAnalyzer.removeTestsThatDoNotCompile(JUnitAnalyzer.java:105) [evosuite-master-1.0.7-SNAPSHOT.jar:1.0.7-SNAPSHOT]
	at org.evosuite.TestSuiteGenerator.compileAndCheckTests(TestSuiteGenerator.java:605) [evosuite-master-1.0.7-SNAPSHOT.jar:1.0.7-SNAPSHOT]
	at org.evosuite.TestSuiteGenerator.postProcessTests(TestSuiteGenerator.java:556) [evosuite-master-1.0.7-SNAPSHOT.jar:1.0.7-SNAPSHOT]
	at org.evosuite.TestSuiteGenerator.generateTestSuite(TestSuiteGenerator.java:254) [evosuite-master-1.0.7-SNAPSHOT.jar:1.0.7-SNAPSHOT]
	at org.evosuite.rmi.service.ClientNodeImpl$1.run(ClientNodeImpl.java:160) [evosuite-master-1.0.7-SNAPSHOT.jar:1.0.7-SNAPSHOT]
	at java.util.concurrent.Executors$RunnableAdapter.call(Executors.java:511) [na:1.8.0_91]
	at java.util.concurrent.FutureTask.run(FutureTask.java:266) [na:1.8.0_91]
	at java.util.concurrent.ThreadPoolExecutor.runWorker(ThreadPoolExecutor.java:1142) [na:1.8.0_91]
	at java.util.concurrent.ThreadPoolExecutor$Worker.run(ThreadPoolExecutor.java:617) [na:1.8.0_91]
	at java.lang.Thread.run(Thread.java:745) [na:1.8.0_91]
[MASTER] 04:40:42.122 [logback-2] ERROR JUnitAnalyzer - Supposed to generate /tmp/EvoSuite_4_1550547642112/org/sat4j/tools/DotSearchTracing_4_tmp__ESTest.java but it does not exist
[MASTER] 04:40:42.122 [logback-2] ERROR JUnitAnalyzer - Failed to compile test case:
DotSearchTracing<Object> dotSearchTracing0 = new DotSearchTracing<Object>("EV{");
dotSearchTracing0.delete((IConstr) null);

[MASTER] 04:40:42.125 [logback-2] ERROR JUnitAnalyzer - Cannot delete tmp dir: /tmp/EvoSuite_4_1550547642112
java.io.IOException: Failed to list contents of /tmp/EvoSuite_4_1550547642112
	at org.evosuite.shaded.org.apache.commons.io.FileUtils.verifiedListFiles(FileUtils.java:1751) ~[evosuite-master-1.0.7-SNAPSHOT.jar:1.0.7-SNAPSHOT]
	at org.evosuite.shaded.org.apache.commons.io.FileUtils.cleanDirectory(FileUtils.java:1716) ~[evosuite-master-1.0.7-SNAPSHOT.jar:1.0.7-SNAPSHOT]
	at org.evosuite.shaded.org.apache.commons.io.FileUtils.deleteDirectory(FileUtils.java:1617) ~[evosuite-master-1.0.7-SNAPSHOT.jar:1.0.7-SNAPSHOT]
	at org.evosuite.junit.JUnitAnalyzer.removeTestsThatDoNotCompile(JUnitAnalyzer.java:115) ~[evosuite-master-1.0.7-SNAPSHOT.jar:1.0.7-SNAPSHOT]
	at org.evosuite.TestSuiteGenerator.compileAndCheckTests(TestSuiteGenerator.java:605) [evosuite-master-1.0.7-SNAPSHOT.jar:1.0.7-SNAPSHOT]
	at org.evosuite.TestSuiteGenerator.postProcessTests(TestSuiteGenerator.java:556) [evosuite-master-1.0.7-SNAPSHOT.jar:1.0.7-SNAPSHOT]
	at org.evosuite.TestSuiteGenerator.generateTestSuite(TestSuiteGenerator.java:254) [evosuite-master-1.0.7-SNAPSHOT.jar:1.0.7-SNAPSHOT]
	at org.evosuite.rmi.service.ClientNodeImpl$1.run(ClientNodeImpl.java:160) [evosuite-master-1.0.7-SNAPSHOT.jar:1.0.7-SNAPSHOT]
	at java.util.concurrent.Executors$RunnableAdapter.call(Executors.java:511) [na:1.8.0_91]
	at java.util.concurrent.FutureTask.run(FutureTask.java:266) [na:1.8.0_91]
	at java.util.concurrent.ThreadPoolExecutor.runWorker(ThreadPoolExecutor.java:1142) [na:1.8.0_91]
	at java.util.concurrent.ThreadPoolExecutor$Worker.run(ThreadPoolExecutor.java:617) [na:1.8.0_91]
	at java.lang.Thread.run(Thread.java:745) [na:1.8.0_91]
[MASTER] 04:40:42.132 [logback-2] ERROR FileIOUtils - Error while reading file DotSearchTracing_5_tmp__ESTest.java , /tmp/EvoSuite_5_1550547642125/org/sat4j/tools/DotSearchTracing_5_tmp__ESTest.java (Too many open files)
java.io.FileNotFoundException: /tmp/EvoSuite_5_1550547642125/org/sat4j/tools/DotSearchTracing_5_tmp__ESTest.java (Too many open files)
	at java.io.FileOutputStream.open0(Native Method) ~[na:1.8.0_91]
	at java.io.FileOutputStream.open(FileOutputStream.java:270) ~[na:1.8.0_91]
	at java.io.FileOutputStream.<init>(FileOutputStream.java:213) ~[na:1.8.0_91]
	at org.evosuite.shaded.org.apache.commons.io.FileUtils.openOutputStream(FileUtils.java:365) ~[evosuite-master-1.0.7-SNAPSHOT.jar:1.0.7-SNAPSHOT]
	at org.evosuite.shaded.org.apache.commons.io.FileUtils.writeStringToFile(FileUtils.java:2015) ~[evosuite-master-1.0.7-SNAPSHOT.jar:1.0.7-SNAPSHOT]
	at org.evosuite.shaded.org.apache.commons.io.FileUtils.writeStringToFile(FileUtils.java:2048) ~[evosuite-master-1.0.7-SNAPSHOT.jar:1.0.7-SNAPSHOT]
	at org.evosuite.utils.FileIOUtils.writeFile(FileIOUtils.java:98) ~[evosuite-master-1.0.7-SNAPSHOT.jar:1.0.7-SNAPSHOT]
	at org.evosuite.junit.writer.TestSuiteWriter.writeTestSuite(TestSuiteWriter.java:247) [evosuite-master-1.0.7-SNAPSHOT.jar:1.0.7-SNAPSHOT]
	at org.evosuite.junit.JUnitAnalyzer.compileTests(JUnitAnalyzer.java:356) [evosuite-master-1.0.7-SNAPSHOT.jar:1.0.7-SNAPSHOT]
	at org.evosuite.junit.JUnitAnalyzer.removeTestsThatDoNotCompile(JUnitAnalyzer.java:105) [evosuite-master-1.0.7-SNAPSHOT.jar:1.0.7-SNAPSHOT]
	at org.evosuite.TestSuiteGenerator.compileAndCheckTests(TestSuiteGenerator.java:605) [evosuite-master-1.0.7-SNAPSHOT.jar:1.0.7-SNAPSHOT]
	at org.evosuite.TestSuiteGenerator.postProcessTests(TestSuiteGenerator.java:556) [evosuite-master-1.0.7-SNAPSHOT.jar:1.0.7-SNAPSHOT]
	at org.evosuite.TestSuiteGenerator.generateTestSuite(TestSuiteGenerator.java:254) [evosuite-master-1.0.7-SNAPSHOT.jar:1.0.7-SNAPSHOT]
	at org.evosuite.rmi.service.ClientNodeImpl$1.run(ClientNodeImpl.java:160) [evosuite-master-1.0.7-SNAPSHOT.jar:1.0.7-SNAPSHOT]
	at java.util.concurrent.Executors$RunnableAdapter.call(Executors.java:511) [na:1.8.0_91]
	at java.util.concurrent.FutureTask.run(FutureTask.java:266) [na:1.8.0_91]
	at java.util.concurrent.ThreadPoolExecutor.runWorker(ThreadPoolExecutor.java:1142) [na:1.8.0_91]
	at java.util.concurrent.ThreadPoolExecutor$Worker.run(ThreadPoolExecutor.java:617) [na:1.8.0_91]
	at java.lang.Thread.run(Thread.java:745) [na:1.8.0_91]
[MASTER] 04:40:42.133 [logback-2] ERROR FileIOUtils - Error while reading file DotSearchTracing_5_tmp__ESTest_scaffolding.java , /tmp/EvoSuite_5_1550547642125/org/sat4j/tools/DotSearchTracing_5_tmp__ESTest_scaffolding.java (Too many open files)
java.io.FileNotFoundException: /tmp/EvoSuite_5_1550547642125/org/sat4j/tools/DotSearchTracing_5_tmp__ESTest_scaffolding.java (Too many open files)
	at java.io.FileOutputStream.open0(Native Method) ~[na:1.8.0_91]
	at java.io.FileOutputStream.open(FileOutputStream.java:270) ~[na:1.8.0_91]
	at java.io.FileOutputStream.<init>(FileOutputStream.java:213) ~[na:1.8.0_91]
	at org.evosuite.shaded.org.apache.commons.io.FileUtils.openOutputStream(FileUtils.java:365) ~[evosuite-master-1.0.7-SNAPSHOT.jar:1.0.7-SNAPSHOT]
	at org.evosuite.shaded.org.apache.commons.io.FileUtils.writeStringToFile(FileUtils.java:2015) ~[evosuite-master-1.0.7-SNAPSHOT.jar:1.0.7-SNAPSHOT]
	at org.evosuite.shaded.org.apache.commons.io.FileUtils.writeStringToFile(FileUtils.java:2048) ~[evosuite-master-1.0.7-SNAPSHOT.jar:1.0.7-SNAPSHOT]
	at org.evosuite.utils.FileIOUtils.writeFile(FileIOUtils.java:98) ~[evosuite-master-1.0.7-SNAPSHOT.jar:1.0.7-SNAPSHOT]
	at org.evosuite.junit.writer.TestSuiteWriter.writeTestSuite(TestSuiteWriter.java:265) [evosuite-master-1.0.7-SNAPSHOT.jar:1.0.7-SNAPSHOT]
	at org.evosuite.junit.JUnitAnalyzer.compileTests(JUnitAnalyzer.java:356) [evosuite-master-1.0.7-SNAPSHOT.jar:1.0.7-SNAPSHOT]
	at org.evosuite.junit.JUnitAnalyzer.removeTestsThatDoNotCompile(JUnitAnalyzer.java:105) [evosuite-master-1.0.7-SNAPSHOT.jar:1.0.7-SNAPSHOT]
	at org.evosuite.TestSuiteGenerator.compileAndCheckTests(TestSuiteGenerator.java:605) [evosuite-master-1.0.7-SNAPSHOT.jar:1.0.7-SNAPSHOT]
	at org.evosuite.TestSuiteGenerator.postProcessTests(TestSuiteGenerator.java:556) [evosuite-master-1.0.7-SNAPSHOT.jar:1.0.7-SNAPSHOT]
	at org.evosuite.TestSuiteGenerator.generateTestSuite(TestSuiteGenerator.java:254) [evosuite-master-1.0.7-SNAPSHOT.jar:1.0.7-SNAPSHOT]
	at org.evosuite.rmi.service.ClientNodeImpl$1.run(ClientNodeImpl.java:160) [evosuite-master-1.0.7-SNAPSHOT.jar:1.0.7-SNAPSHOT]
	at java.util.concurrent.Executors$RunnableAdapter.call(Executors.java:511) [na:1.8.0_91]
	at java.util.concurrent.FutureTask.run(FutureTask.java:266) [na:1.8.0_91]
	at java.util.concurrent.ThreadPoolExecutor.runWorker(ThreadPoolExecutor.java:1142) [na:1.8.0_91]
	at java.util.concurrent.ThreadPoolExecutor$Worker.run(ThreadPoolExecutor.java:617) [na:1.8.0_91]
	at java.lang.Thread.run(Thread.java:745) [na:1.8.0_91]
[MASTER] 04:40:42.134 [logback-2] ERROR JUnitAnalyzer - Supposed to generate /tmp/EvoSuite_5_1550547642125/org/sat4j/tools/DotSearchTracing_5_tmp__ESTest.java but it does not exist
[MASTER] 04:40:42.134 [logback-2] ERROR JUnitAnalyzer - Failed to compile test case:
DotSearchTracing<CardinalityDataStructure> dotSearchTracing0 = new DotSearchTracing<CardinalityDataStructure>("problem line expected (p cnf ...)");
dotSearchTracing0.start();

[MASTER] 04:40:42.138 [logback-2] ERROR JUnitAnalyzer - Cannot delete tmp dir: /tmp/EvoSuite_5_1550547642125
java.io.IOException: Failed to list contents of /tmp/EvoSuite_5_1550547642125
	at org.evosuite.shaded.org.apache.commons.io.FileUtils.verifiedListFiles(FileUtils.java:1751) ~[evosuite-master-1.0.7-SNAPSHOT.jar:1.0.7-SNAPSHOT]
	at org.evosuite.shaded.org.apache.commons.io.FileUtils.cleanDirectory(FileUtils.java:1716) ~[evosuite-master-1.0.7-SNAPSHOT.jar:1.0.7-SNAPSHOT]
	at org.evosuite.shaded.org.apache.commons.io.FileUtils.deleteDirectory(FileUtils.java:1617) ~[evosuite-master-1.0.7-SNAPSHOT.jar:1.0.7-SNAPSHOT]
	at org.evosuite.junit.JUnitAnalyzer.removeTestsThatDoNotCompile(JUnitAnalyzer.java:115) ~[evosuite-master-1.0.7-SNAPSHOT.jar:1.0.7-SNAPSHOT]
	at org.evosuite.TestSuiteGenerator.compileAndCheckTests(TestSuiteGenerator.java:605) [evosuite-master-1.0.7-SNAPSHOT.jar:1.0.7-SNAPSHOT]
	at org.evosuite.TestSuiteGenerator.postProcessTests(TestSuiteGenerator.java:556) [evosuite-master-1.0.7-SNAPSHOT.jar:1.0.7-SNAPSHOT]
	at org.evosuite.TestSuiteGenerator.generateTestSuite(TestSuiteGenerator.java:254) [evosuite-master-1.0.7-SNAPSHOT.jar:1.0.7-SNAPSHOT]
	at org.evosuite.rmi.service.ClientNodeImpl$1.run(ClientNodeImpl.java:160) [evosuite-master-1.0.7-SNAPSHOT.jar:1.0.7-SNAPSHOT]
	at java.util.concurrent.Executors$RunnableAdapter.call(Executors.java:511) [na:1.8.0_91]
	at java.util.concurrent.FutureTask.run(FutureTask.java:266) [na:1.8.0_91]
	at java.util.concurrent.ThreadPoolExecutor.runWorker(ThreadPoolExecutor.java:1142) [na:1.8.0_91]
	at java.util.concurrent.ThreadPoolExecutor$Worker.run(ThreadPoolExecutor.java:617) [na:1.8.0_91]
	at java.lang.Thread.run(Thread.java:745) [na:1.8.0_91]
[MASTER] 04:40:42.141 [logback-2] ERROR FileIOUtils - Error while reading file DotSearchTracing_6_tmp__ESTest.java , /tmp/EvoSuite_6_1550547642139/org/sat4j/tools/DotSearchTracing_6_tmp__ESTest.java (Too many open files)
java.io.FileNotFoundException: /tmp/EvoSuite_6_1550547642139/org/sat4j/tools/DotSearchTracing_6_tmp__ESTest.java (Too many open files)
	at java.io.FileOutputStream.open0(Native Method) ~[na:1.8.0_91]
	at java.io.FileOutputStream.open(FileOutputStream.java:270) ~[na:1.8.0_91]
	at java.io.FileOutputStream.<init>(FileOutputStream.java:213) ~[na:1.8.0_91]
	at org.evosuite.shaded.org.apache.commons.io.FileUtils.openOutputStream(FileUtils.java:365) ~[evosuite-master-1.0.7-SNAPSHOT.jar:1.0.7-SNAPSHOT]
	at org.evosuite.shaded.org.apache.commons.io.FileUtils.writeStringToFile(FileUtils.java:2015) ~[evosuite-master-1.0.7-SNAPSHOT.jar:1.0.7-SNAPSHOT]
	at org.evosuite.shaded.org.apache.commons.io.FileUtils.writeStringToFile(FileUtils.java:2048) ~[evosuite-master-1.0.7-SNAPSHOT.jar:1.0.7-SNAPSHOT]
	at org.evosuite.utils.FileIOUtils.writeFile(FileIOUtils.java:98) ~[evosuite-master-1.0.7-SNAPSHOT.jar:1.0.7-SNAPSHOT]
	at org.evosuite.junit.writer.TestSuiteWriter.writeTestSuite(TestSuiteWriter.java:247) [evosuite-master-1.0.7-SNAPSHOT.jar:1.0.7-SNAPSHOT]
	at org.evosuite.junit.JUnitAnalyzer.compileTests(JUnitAnalyzer.java:356) [evosuite-master-1.0.7-SNAPSHOT.jar:1.0.7-SNAPSHOT]
	at org.evosuite.junit.JUnitAnalyzer.removeTestsThatDoNotCompile(JUnitAnalyzer.java:105) [evosuite-master-1.0.7-SNAPSHOT.jar:1.0.7-SNAPSHOT]
	at org.evosuite.TestSuiteGenerator.compileAndCheckTests(TestSuiteGenerator.java:605) [evosuite-master-1.0.7-SNAPSHOT.jar:1.0.7-SNAPSHOT]
	at org.evosuite.TestSuiteGenerator.postProcessTests(TestSuiteGenerator.java:556) [evosuite-master-1.0.7-SNAPSHOT.jar:1.0.7-SNAPSHOT]
	at org.evosuite.TestSuiteGenerator.generateTestSuite(TestSuiteGenerator.java:254) [evosuite-master-1.0.7-SNAPSHOT.jar:1.0.7-SNAPSHOT]
	at org.evosuite.rmi.service.ClientNodeImpl$1.run(ClientNodeImpl.java:160) [evosuite-master-1.0.7-SNAPSHOT.jar:1.0.7-SNAPSHOT]
	at java.util.concurrent.Executors$RunnableAdapter.call(Executors.java:511) [na:1.8.0_91]
	at java.util.concurrent.FutureTask.run(FutureTask.java:266) [na:1.8.0_91]
	at java.util.concurrent.ThreadPoolExecutor.runWorker(ThreadPoolExecutor.java:1142) [na:1.8.0_91]
	at java.util.concurrent.ThreadPoolExecutor$Worker.run(ThreadPoolExecutor.java:617) [na:1.8.0_91]
	at java.lang.Thread.run(Thread.java:745) [na:1.8.0_91]
[MASTER] 04:40:42.152 [logback-2] ERROR FileIOUtils - Error while reading file DotSearchTracing_6_tmp__ESTest_scaffolding.java , /tmp/EvoSuite_6_1550547642139/org/sat4j/tools/DotSearchTracing_6_tmp__ESTest_scaffolding.java (Too many open files)
java.io.FileNotFoundException: /tmp/EvoSuite_6_1550547642139/org/sat4j/tools/DotSearchTracing_6_tmp__ESTest_scaffolding.java (Too many open files)
	at java.io.FileOutputStream.open0(Native Method) ~[na:1.8.0_91]
	at java.io.FileOutputStream.open(FileOutputStream.java:270) ~[na:1.8.0_91]
	at java.io.FileOutputStream.<init>(FileOutputStream.java:213) ~[na:1.8.0_91]
	at org.evosuite.shaded.org.apache.commons.io.FileUtils.openOutputStream(FileUtils.java:365) ~[evosuite-master-1.0.7-SNAPSHOT.jar:1.0.7-SNAPSHOT]
	at org.evosuite.shaded.org.apache.commons.io.FileUtils.writeStringToFile(FileUtils.java:2015) ~[evosuite-master-1.0.7-SNAPSHOT.jar:1.0.7-SNAPSHOT]
	at org.evosuite.shaded.org.apache.commons.io.FileUtils.writeStringToFile(FileUtils.java:2048) ~[evosuite-master-1.0.7-SNAPSHOT.jar:1.0.7-SNAPSHOT]
	at org.evosuite.utils.FileIOUtils.writeFile(FileIOUtils.java:98) ~[evosuite-master-1.0.7-SNAPSHOT.jar:1.0.7-SNAPSHOT]
	at org.evosuite.junit.writer.TestSuiteWriter.writeTestSuite(TestSuiteWriter.java:265) [evosuite-master-1.0.7-SNAPSHOT.jar:1.0.7-SNAPSHOT]
	at org.evosuite.junit.JUnitAnalyzer.compileTests(JUnitAnalyzer.java:356) [evosuite-master-1.0.7-SNAPSHOT.jar:1.0.7-SNAPSHOT]
	at org.evosuite.junit.JUnitAnalyzer.removeTestsThatDoNotCompile(JUnitAnalyzer.java:105) [evosuite-master-1.0.7-SNAPSHOT.jar:1.0.7-SNAPSHOT]
	at org.evosuite.TestSuiteGenerator.compileAndCheckTests(TestSuiteGenerator.java:605) [evosuite-master-1.0.7-SNAPSHOT.jar:1.0.7-SNAPSHOT]
	at org.evosuite.TestSuiteGenerator.postProcessTests(TestSuiteGenerator.java:556) [evosuite-master-1.0.7-SNAPSHOT.jar:1.0.7-SNAPSHOT]
	at org.evosuite.TestSuiteGenerator.generateTestSuite(TestSuiteGenerator.java:254) [evosuite-master-1.0.7-SNAPSHOT.jar:1.0.7-SNAPSHOT]
	at org.evosuite.rmi.service.ClientNodeImpl$1.run(ClientNodeImpl.java:160) [evosuite-master-1.0.7-SNAPSHOT.jar:1.0.7-SNAPSHOT]
	at java.util.concurrent.Executors$RunnableAdapter.call(Executors.java:511) [na:1.8.0_91]
	at java.util.concurrent.FutureTask.run(FutureTask.java:266) [na:1.8.0_91]
	at java.util.concurrent.ThreadPoolExecutor.runWorker(ThreadPoolExecutor.java:1142) [na:1.8.0_91]
	at java.util.concurrent.ThreadPoolExecutor$Worker.run(ThreadPoolExecutor.java:617) [na:1.8.0_91]
	at java.lang.Thread.run(Thread.java:745) [na:1.8.0_91]
[MASTER] 04:40:42.152 [logback-2] ERROR JUnitAnalyzer - Supposed to generate /tmp/EvoSuite_6_1550547642139/org/sat4j/tools/DotSearchTracing_6_tmp__ESTest.java but it does not exist
[MASTER] 04:40:42.152 [logback-2] ERROR JUnitAnalyzer - Failed to compile test case:
DotSearchTracing<String> dotSearchTracing0 = new DotSearchTracing<String>("");
Lbool lbool0 = Lbool.TRUE;
dotSearchTracing0.end(lbool0);

[MASTER] 04:40:42.153 [logback-2] ERROR JUnitAnalyzer - Cannot delete tmp dir: /tmp/EvoSuite_6_1550547642139
java.io.IOException: Failed to list contents of /tmp/EvoSuite_6_1550547642139
	at org.evosuite.shaded.org.apache.commons.io.FileUtils.verifiedListFiles(FileUtils.java:1751) ~[evosuite-master-1.0.7-SNAPSHOT.jar:1.0.7-SNAPSHOT]
	at org.evosuite.shaded.org.apache.commons.io.FileUtils.cleanDirectory(FileUtils.java:1716) ~[evosuite-master-1.0.7-SNAPSHOT.jar:1.0.7-SNAPSHOT]
	at org.evosuite.shaded.org.apache.commons.io.FileUtils.deleteDirectory(FileUtils.java:1617) ~[evosuite-master-1.0.7-SNAPSHOT.jar:1.0.7-SNAPSHOT]
	at org.evosuite.junit.JUnitAnalyzer.removeTestsThatDoNotCompile(JUnitAnalyzer.java:115) ~[evosuite-master-1.0.7-SNAPSHOT.jar:1.0.7-SNAPSHOT]
	at org.evosuite.TestSuiteGenerator.compileAndCheckTests(TestSuiteGenerator.java:605) [evosuite-master-1.0.7-SNAPSHOT.jar:1.0.7-SNAPSHOT]
	at org.evosuite.TestSuiteGenerator.postProcessTests(TestSuiteGenerator.java:556) [evosuite-master-1.0.7-SNAPSHOT.jar:1.0.7-SNAPSHOT]
	at org.evosuite.TestSuiteGenerator.generateTestSuite(TestSuiteGenerator.java:254) [evosuite-master-1.0.7-SNAPSHOT.jar:1.0.7-SNAPSHOT]
	at org.evosuite.rmi.service.ClientNodeImpl$1.run(ClientNodeImpl.java:160) [evosuite-master-1.0.7-SNAPSHOT.jar:1.0.7-SNAPSHOT]
	at java.util.concurrent.Executors$RunnableAdapter.call(Executors.java:511) [na:1.8.0_91]
	at java.util.concurrent.FutureTask.run(FutureTask.java:266) [na:1.8.0_91]
	at java.util.concurrent.ThreadPoolExecutor.runWorker(ThreadPoolExecutor.java:1142) [na:1.8.0_91]
	at java.util.concurrent.ThreadPoolExecutor$Worker.run(ThreadPoolExecutor.java:617) [na:1.8.0_91]
	at java.lang.Thread.run(Thread.java:745) [na:1.8.0_91]
[MASTER] 04:40:42.199 [logback-2] ERROR FileIOUtils - Error while reading file DotSearchTracing_7_tmp__ESTest.java , /tmp/EvoSuite_7_1550547642153/org/sat4j/tools/DotSearchTracing_7_tmp__ESTest.java (Too many open files)
java.io.FileNotFoundException: /tmp/EvoSuite_7_1550547642153/org/sat4j/tools/DotSearchTracing_7_tmp__ESTest.java (Too many open files)
	at java.io.FileOutputStream.open0(Native Method) ~[na:1.8.0_91]
	at java.io.FileOutputStream.open(FileOutputStream.java:270) ~[na:1.8.0_91]
	at java.io.FileOutputStream.<init>(FileOutputStream.java:213) ~[na:1.8.0_91]
	at org.evosuite.shaded.org.apache.commons.io.FileUtils.openOutputStream(FileUtils.java:365) ~[evosuite-master-1.0.7-SNAPSHOT.jar:1.0.7-SNAPSHOT]
	at org.evosuite.shaded.org.apache.commons.io.FileUtils.writeStringToFile(FileUtils.java:2015) ~[evosuite-master-1.0.7-SNAPSHOT.jar:1.0.7-SNAPSHOT]
	at org.evosuite.shaded.org.apache.commons.io.FileUtils.writeStringToFile(FileUtils.java:2048) ~[evosuite-master-1.0.7-SNAPSHOT.jar:1.0.7-SNAPSHOT]
	at org.evosuite.utils.FileIOUtils.writeFile(FileIOUtils.java:98) ~[evosuite-master-1.0.7-SNAPSHOT.jar:1.0.7-SNAPSHOT]
	at org.evosuite.junit.writer.TestSuiteWriter.writeTestSuite(TestSuiteWriter.java:247) [evosuite-master-1.0.7-SNAPSHOT.jar:1.0.7-SNAPSHOT]
	at org.evosuite.junit.JUnitAnalyzer.compileTests(JUnitAnalyzer.java:356) [evosuite-master-1.0.7-SNAPSHOT.jar:1.0.7-SNAPSHOT]
	at org.evosuite.junit.JUnitAnalyzer.removeTestsThatDoNotCompile(JUnitAnalyzer.java:105) [evosuite-master-1.0.7-SNAPSHOT.jar:1.0.7-SNAPSHOT]
	at org.evosuite.TestSuiteGenerator.compileAndCheckTests(TestSuiteGenerator.java:605) [evosuite-master-1.0.7-SNAPSHOT.jar:1.0.7-SNAPSHOT]
	at org.evosuite.TestSuiteGenerator.postProcessTests(TestSuiteGenerator.java:556) [evosuite-master-1.0.7-SNAPSHOT.jar:1.0.7-SNAPSHOT]
	at org.evosuite.TestSuiteGenerator.generateTestSuite(TestSuiteGenerator.java:254) [evosuite-master-1.0.7-SNAPSHOT.jar:1.0.7-SNAPSHOT]
	at org.evosuite.rmi.service.ClientNodeImpl$1.run(ClientNodeImpl.java:160) [evosuite-master-1.0.7-SNAPSHOT.jar:1.0.7-SNAPSHOT]
	at java.util.concurrent.Executors$RunnableAdapter.call(Executors.java:511) [na:1.8.0_91]
	at java.util.concurrent.FutureTask.run(FutureTask.java:266) [na:1.8.0_91]
	at java.util.concurrent.ThreadPoolExecutor.runWorker(ThreadPoolExecutor.java:1142) [na:1.8.0_91]
	at java.util.concurrent.ThreadPoolExecutor$Worker.run(ThreadPoolExecutor.java:617) [na:1.8.0_91]
	at java.lang.Thread.run(Thread.java:745) [na:1.8.0_91]
[MASTER] 04:40:42.202 [logback-2] ERROR FileIOUtils - Error while reading file DotSearchTracing_7_tmp__ESTest_scaffolding.java , /tmp/EvoSuite_7_1550547642153/org/sat4j/tools/DotSearchTracing_7_tmp__ESTest_scaffolding.java (Too many open files)
java.io.FileNotFoundException: /tmp/EvoSuite_7_1550547642153/org/sat4j/tools/DotSearchTracing_7_tmp__ESTest_scaffolding.java (Too many open files)
	at java.io.FileOutputStream.open0(Native Method) ~[na:1.8.0_91]
	at java.io.FileOutputStream.open(FileOutputStream.java:270) ~[na:1.8.0_91]
	at java.io.FileOutputStream.<init>(FileOutputStream.java:213) ~[na:1.8.0_91]
	at org.evosuite.shaded.org.apache.commons.io.FileUtils.openOutputStream(FileUtils.java:365) ~[evosuite-master-1.0.7-SNAPSHOT.jar:1.0.7-SNAPSHOT]
	at org.evosuite.shaded.org.apache.commons.io.FileUtils.writeStringToFile(FileUtils.java:2015) ~[evosuite-master-1.0.7-SNAPSHOT.jar:1.0.7-SNAPSHOT]
	at org.evosuite.shaded.org.apache.commons.io.FileUtils.writeStringToFile(FileUtils.java:2048) ~[evosuite-master-1.0.7-SNAPSHOT.jar:1.0.7-SNAPSHOT]
	at org.evosuite.utils.FileIOUtils.writeFile(FileIOUtils.java:98) ~[evosuite-master-1.0.7-SNAPSHOT.jar:1.0.7-SNAPSHOT]
	at org.evosuite.junit.writer.TestSuiteWriter.writeTestSuite(TestSuiteWriter.java:265) [evosuite-master-1.0.7-SNAPSHOT.jar:1.0.7-SNAPSHOT]
	at org.evosuite.junit.JUnitAnalyzer.compileTests(JUnitAnalyzer.java:356) [evosuite-master-1.0.7-SNAPSHOT.jar:1.0.7-SNAPSHOT]
	at org.evosuite.junit.JUnitAnalyzer.removeTestsThatDoNotCompile(JUnitAnalyzer.java:105) [evosuite-master-1.0.7-SNAPSHOT.jar:1.0.7-SNAPSHOT]
	at org.evosuite.TestSuiteGenerator.compileAndCheckTests(TestSuiteGenerator.java:605) [evosuite-master-1.0.7-SNAPSHOT.jar:1.0.7-SNAPSHOT]
	at org.evosuite.TestSuiteGenerator.postProcessTests(TestSuiteGenerator.java:556) [evosuite-master-1.0.7-SNAPSHOT.jar:1.0.7-SNAPSHOT]
	at org.evosuite.TestSuiteGenerator.generateTestSuite(TestSuiteGenerator.java:254) [evosuite-master-1.0.7-SNAPSHOT.jar:1.0.7-SNAPSHOT]
	at org.evosuite.rmi.service.ClientNodeImpl$1.run(ClientNodeImpl.java:160) [evosuite-master-1.0.7-SNAPSHOT.jar:1.0.7-SNAPSHOT]
	at java.util.concurrent.Executors$RunnableAdapter.call(Executors.java:511) [na:1.8.0_91]
	at java.util.concurrent.FutureTask.run(FutureTask.java:266) [na:1.8.0_91]
	at java.util.concurrent.ThreadPoolExecutor.runWorker(ThreadPoolExecutor.java:1142) [na:1.8.0_91]
	at java.util.concurrent.ThreadPoolExecutor$Worker.run(ThreadPoolExecutor.java:617) [na:1.8.0_91]
	at java.lang.Thread.run(Thread.java:745) [na:1.8.0_91]
[MASTER] 04:40:42.242 [logback-2] ERROR JUnitAnalyzer - Supposed to generate /tmp/EvoSuite_7_1550547642153/org/sat4j/tools/DotSearchTracing_7_tmp__ESTest.java but it does not exist
[MASTER] 04:40:42.243 [logback-2] ERROR JUnitAnalyzer - Failed to compile test case:
DotSearchTracing<String> dotSearchTracing0 = new DotSearchTracing<String>("mH_Nzee@ZlYy1Y-(");
IVecInt iVecInt0 = mock(IVecInt.class, new ViolatedAssumptionAnswer());
doReturn(0, 0).when(iVecInt0).get(anyInt());
ILits iLits0 = mock(ILits.class, new ViolatedAssumptionAnswer());
doReturn((String) null, (String) null).when(iLits0).valueToString(anyInt());
OriginalBinaryClause originalBinaryClause0 = new OriginalBinaryClause(iVecInt0, iLits0);
dotSearchTracing0.conflictFound((IConstr) originalBinaryClause0, 272, 2147483645);

[MASTER] 04:40:42.245 [logback-2] ERROR JUnitAnalyzer - Cannot delete tmp dir: /tmp/EvoSuite_7_1550547642153
java.io.IOException: Failed to list contents of /tmp/EvoSuite_7_1550547642153
	at org.evosuite.shaded.org.apache.commons.io.FileUtils.verifiedListFiles(FileUtils.java:1751) ~[evosuite-master-1.0.7-SNAPSHOT.jar:1.0.7-SNAPSHOT]
	at org.evosuite.shaded.org.apache.commons.io.FileUtils.cleanDirectory(FileUtils.java:1716) ~[evosuite-master-1.0.7-SNAPSHOT.jar:1.0.7-SNAPSHOT]
	at org.evosuite.shaded.org.apache.commons.io.FileUtils.deleteDirectory(FileUtils.java:1617) ~[evosuite-master-1.0.7-SNAPSHOT.jar:1.0.7-SNAPSHOT]
	at org.evosuite.junit.JUnitAnalyzer.removeTestsThatDoNotCompile(JUnitAnalyzer.java:115) ~[evosuite-master-1.0.7-SNAPSHOT.jar:1.0.7-SNAPSHOT]
	at org.evosuite.TestSuiteGenerator.compileAndCheckTests(TestSuiteGenerator.java:605) [evosuite-master-1.0.7-SNAPSHOT.jar:1.0.7-SNAPSHOT]
	at org.evosuite.TestSuiteGenerator.postProcessTests(TestSuiteGenerator.java:556) [evosuite-master-1.0.7-SNAPSHOT.jar:1.0.7-SNAPSHOT]
	at org.evosuite.TestSuiteGenerator.generateTestSuite(TestSuiteGenerator.java:254) [evosuite-master-1.0.7-SNAPSHOT.jar:1.0.7-SNAPSHOT]
	at org.evosuite.rmi.service.ClientNodeImpl$1.run(ClientNodeImpl.java:160) [evosuite-master-1.0.7-SNAPSHOT.jar:1.0.7-SNAPSHOT]
	at java.util.concurrent.Executors$RunnableAdapter.call(Executors.java:511) [na:1.8.0_91]
	at java.util.concurrent.FutureTask.run(FutureTask.java:266) [na:1.8.0_91]
	at java.util.concurrent.ThreadPoolExecutor.runWorker(ThreadPoolExecutor.java:1142) [na:1.8.0_91]
	at java.util.concurrent.ThreadPoolExecutor$Worker.run(ThreadPoolExecutor.java:617) [na:1.8.0_91]
	at java.lang.Thread.run(Thread.java:745) [na:1.8.0_91]
[MASTER] 04:40:42.248 [logback-2] ERROR FileIOUtils - Error while reading file DotSearchTracing_8_tmp__ESTest.java , /tmp/EvoSuite_8_1550547642246/org/sat4j/tools/DotSearchTracing_8_tmp__ESTest.java (Too many open files)
java.io.FileNotFoundException: /tmp/EvoSuite_8_1550547642246/org/sat4j/tools/DotSearchTracing_8_tmp__ESTest.java (Too many open files)
	at java.io.FileOutputStream.open0(Native Method) ~[na:1.8.0_91]
	at java.io.FileOutputStream.open(FileOutputStream.java:270) ~[na:1.8.0_91]
	at java.io.FileOutputStream.<init>(FileOutputStream.java:213) ~[na:1.8.0_91]
	at org.evosuite.shaded.org.apache.commons.io.FileUtils.openOutputStream(FileUtils.java:365) ~[evosuite-master-1.0.7-SNAPSHOT.jar:1.0.7-SNAPSHOT]
	at org.evosuite.shaded.org.apache.commons.io.FileUtils.writeStringToFile(FileUtils.java:2015) ~[evosuite-master-1.0.7-SNAPSHOT.jar:1.0.7-SNAPSHOT]
	at org.evosuite.shaded.org.apache.commons.io.FileUtils.writeStringToFile(FileUtils.java:2048) ~[evosuite-master-1.0.7-SNAPSHOT.jar:1.0.7-SNAPSHOT]
	at org.evosuite.utils.FileIOUtils.writeFile(FileIOUtils.java:98) ~[evosuite-master-1.0.7-SNAPSHOT.jar:1.0.7-SNAPSHOT]
	at org.evosuite.junit.writer.TestSuiteWriter.writeTestSuite(TestSuiteWriter.java:247) [evosuite-master-1.0.7-SNAPSHOT.jar:1.0.7-SNAPSHOT]
	at org.evosuite.junit.JUnitAnalyzer.compileTests(JUnitAnalyzer.java:356) [evosuite-master-1.0.7-SNAPSHOT.jar:1.0.7-SNAPSHOT]
	at org.evosuite.junit.JUnitAnalyzer.removeTestsThatDoNotCompile(JUnitAnalyzer.java:105) [evosuite-master-1.0.7-SNAPSHOT.jar:1.0.7-SNAPSHOT]
	at org.evosuite.TestSuiteGenerator.compileAndCheckTests(TestSuiteGenerator.java:605) [evosuite-master-1.0.7-SNAPSHOT.jar:1.0.7-SNAPSHOT]
	at org.evosuite.TestSuiteGenerator.postProcessTests(TestSuiteGenerator.java:556) [evosuite-master-1.0.7-SNAPSHOT.jar:1.0.7-SNAPSHOT]
	at org.evosuite.TestSuiteGenerator.generateTestSuite(TestSuiteGenerator.java:254) [evosuite-master-1.0.7-SNAPSHOT.jar:1.0.7-SNAPSHOT]
	at org.evosuite.rmi.service.ClientNodeImpl$1.run(ClientNodeImpl.java:160) [evosuite-master-1.0.7-SNAPSHOT.jar:1.0.7-SNAPSHOT]
	at java.util.concurrent.Executors$RunnableAdapter.call(Executors.java:511) [na:1.8.0_91]
	at java.util.concurrent.FutureTask.run(FutureTask.java:266) [na:1.8.0_91]
	at java.util.concurrent.ThreadPoolExecutor.runWorker(ThreadPoolExecutor.java:1142) [na:1.8.0_91]
	at java.util.concurrent.ThreadPoolExecutor$Worker.run(ThreadPoolExecutor.java:617) [na:1.8.0_91]
	at java.lang.Thread.run(Thread.java:745) [na:1.8.0_91]
[MASTER] 04:40:42.272 [logback-2] ERROR FileIOUtils - Error while reading file DotSearchTracing_8_tmp__ESTest_scaffolding.java , /tmp/EvoSuite_8_1550547642246/org/sat4j/tools/DotSearchTracing_8_tmp__ESTest_scaffolding.java (Too many open files)
java.io.FileNotFoundException: /tmp/EvoSuite_8_1550547642246/org/sat4j/tools/DotSearchTracing_8_tmp__ESTest_scaffolding.java (Too many open files)
	at java.io.FileOutputStream.open0(Native Method) ~[na:1.8.0_91]
	at java.io.FileOutputStream.open(FileOutputStream.java:270) ~[na:1.8.0_91]
	at java.io.FileOutputStream.<init>(FileOutputStream.java:213) ~[na:1.8.0_91]
	at org.evosuite.shaded.org.apache.commons.io.FileUtils.openOutputStream(FileUtils.java:365) ~[evosuite-master-1.0.7-SNAPSHOT.jar:1.0.7-SNAPSHOT]
	at org.evosuite.shaded.org.apache.commons.io.FileUtils.writeStringToFile(FileUtils.java:2015) ~[evosuite-master-1.0.7-SNAPSHOT.jar:1.0.7-SNAPSHOT]
	at org.evosuite.shaded.org.apache.commons.io.FileUtils.writeStringToFile(FileUtils.java:2048) ~[evosuite-master-1.0.7-SNAPSHOT.jar:1.0.7-SNAPSHOT]
	at org.evosuite.utils.FileIOUtils.writeFile(FileIOUtils.java:98) ~[evosuite-master-1.0.7-SNAPSHOT.jar:1.0.7-SNAPSHOT]
	at org.evosuite.junit.writer.TestSuiteWriter.writeTestSuite(TestSuiteWriter.java:265) [evosuite-master-1.0.7-SNAPSHOT.jar:1.0.7-SNAPSHOT]
	at org.evosuite.junit.JUnitAnalyzer.compileTests(JUnitAnalyzer.java:356) [evosuite-master-1.0.7-SNAPSHOT.jar:1.0.7-SNAPSHOT]
	at org.evosuite.junit.JUnitAnalyzer.removeTestsThatDoNotCompile(JUnitAnalyzer.java:105) [evosuite-master-1.0.7-SNAPSHOT.jar:1.0.7-SNAPSHOT]
	at org.evosuite.TestSuiteGenerator.compileAndCheckTests(TestSuiteGenerator.java:605) [evosuite-master-1.0.7-SNAPSHOT.jar:1.0.7-SNAPSHOT]
	at org.evosuite.TestSuiteGenerator.postProcessTests(TestSuiteGenerator.java:556) [evosuite-master-1.0.7-SNAPSHOT.jar:1.0.7-SNAPSHOT]
	at org.evosuite.TestSuiteGenerator.generateTestSuite(TestSuiteGenerator.java:254) [evosuite-master-1.0.7-SNAPSHOT.jar:1.0.7-SNAPSHOT]
	at org.evosuite.rmi.service.ClientNodeImpl$1.run(ClientNodeImpl.java:160) [evosuite-master-1.0.7-SNAPSHOT.jar:1.0.7-SNAPSHOT]
	at java.util.concurrent.Executors$RunnableAdapter.call(Executors.java:511) [na:1.8.0_91]
	at java.util.concurrent.FutureTask.run(FutureTask.java:266) [na:1.8.0_91]
	at java.util.concurrent.ThreadPoolExecutor.runWorker(ThreadPoolExecutor.java:1142) [na:1.8.0_91]
	at java.util.concurrent.ThreadPoolExecutor$Worker.run(ThreadPoolExecutor.java:617) [na:1.8.0_91]
	at java.lang.Thread.run(Thread.java:745) [na:1.8.0_91]
[MASTER] 04:40:42.283 [logback-2] ERROR JUnitAnalyzer - Supposed to generate /tmp/EvoSuite_8_1550547642246/org/sat4j/tools/DotSearchTracing_8_tmp__ESTest.java but it does not exist
[MASTER] 04:40:42.283 [logback-2] ERROR JUnitAnalyzer - Failed to compile test case:
DotSearchTracing<Integer> dotSearchTracing0 = new DotSearchTracing<Integer>("org.sat4j.minisat.ordrs.SubsetVarOrder");
dotSearchTracing0.learn((IConstr) null);

[MASTER] 04:40:42.283 [logback-2] ERROR JUnitAnalyzer - Cannot delete tmp dir: /tmp/EvoSuite_8_1550547642246
java.io.IOException: Failed to list contents of /tmp/EvoSuite_8_1550547642246
	at org.evosuite.shaded.org.apache.commons.io.FileUtils.verifiedListFiles(FileUtils.java:1751) ~[evosuite-master-1.0.7-SNAPSHOT.jar:1.0.7-SNAPSHOT]
	at org.evosuite.shaded.org.apache.commons.io.FileUtils.cleanDirectory(FileUtils.java:1716) ~[evosuite-master-1.0.7-SNAPSHOT.jar:1.0.7-SNAPSHOT]
	at org.evosuite.shaded.org.apache.commons.io.FileUtils.deleteDirectory(FileUtils.java:1617) ~[evosuite-master-1.0.7-SNAPSHOT.jar:1.0.7-SNAPSHOT]
	at org.evosuite.junit.JUnitAnalyzer.removeTestsThatDoNotCompile(JUnitAnalyzer.java:115) ~[evosuite-master-1.0.7-SNAPSHOT.jar:1.0.7-SNAPSHOT]
	at org.evosuite.TestSuiteGenerator.compileAndCheckTests(TestSuiteGenerator.java:605) [evosuite-master-1.0.7-SNAPSHOT.jar:1.0.7-SNAPSHOT]
	at org.evosuite.TestSuiteGenerator.postProcessTests(TestSuiteGenerator.java:556) [evosuite-master-1.0.7-SNAPSHOT.jar:1.0.7-SNAPSHOT]
	at org.evosuite.TestSuiteGenerator.generateTestSuite(TestSuiteGenerator.java:254) [evosuite-master-1.0.7-SNAPSHOT.jar:1.0.7-SNAPSHOT]
	at org.evosuite.rmi.service.ClientNodeImpl$1.run(ClientNodeImpl.java:160) [evosuite-master-1.0.7-SNAPSHOT.jar:1.0.7-SNAPSHOT]
	at java.util.concurrent.Executors$RunnableAdapter.call(Executors.java:511) [na:1.8.0_91]
	at java.util.concurrent.FutureTask.run(FutureTask.java:266) [na:1.8.0_91]
	at java.util.concurrent.ThreadPoolExecutor.runWorker(ThreadPoolExecutor.java:1142) [na:1.8.0_91]
	at java.util.concurrent.ThreadPoolExecutor$Worker.run(ThreadPoolExecutor.java:617) [na:1.8.0_91]
	at java.lang.Thread.run(Thread.java:745) [na:1.8.0_91]
[MASTER] 04:40:42.292 [logback-2] ERROR FileIOUtils - Error while reading file DotSearchTracing_9_tmp__ESTest.java , /tmp/EvoSuite_9_1550547642283/org/sat4j/tools/DotSearchTracing_9_tmp__ESTest.java (Too many open files)
java.io.FileNotFoundException: /tmp/EvoSuite_9_1550547642283/org/sat4j/tools/DotSearchTracing_9_tmp__ESTest.java (Too many open files)
	at java.io.FileOutputStream.open0(Native Method) ~[na:1.8.0_91]
	at java.io.FileOutputStream.open(FileOutputStream.java:270) ~[na:1.8.0_91]
	at java.io.FileOutputStream.<init>(FileOutputStream.java:213) ~[na:1.8.0_91]
	at org.evosuite.shaded.org.apache.commons.io.FileUtils.openOutputStream(FileUtils.java:365) ~[evosuite-master-1.0.7-SNAPSHOT.jar:1.0.7-SNAPSHOT]
	at org.evosuite.shaded.org.apache.commons.io.FileUtils.writeStringToFile(FileUtils.java:2015) ~[evosuite-master-1.0.7-SNAPSHOT.jar:1.0.7-SNAPSHOT]
	at org.evosuite.shaded.org.apache.commons.io.FileUtils.writeStringToFile(FileUtils.java:2048) ~[evosuite-master-1.0.7-SNAPSHOT.jar:1.0.7-SNAPSHOT]
	at org.evosuite.utils.FileIOUtils.writeFile(FileIOUtils.java:98) ~[evosuite-master-1.0.7-SNAPSHOT.jar:1.0.7-SNAPSHOT]
	at org.evosuite.junit.writer.TestSuiteWriter.writeTestSuite(TestSuiteWriter.java:247) [evosuite-master-1.0.7-SNAPSHOT.jar:1.0.7-SNAPSHOT]
	at org.evosuite.junit.JUnitAnalyzer.compileTests(JUnitAnalyzer.java:356) [evosuite-master-1.0.7-SNAPSHOT.jar:1.0.7-SNAPSHOT]
	at org.evosuite.junit.JUnitAnalyzer.removeTestsThatDoNotCompile(JUnitAnalyzer.java:105) [evosuite-master-1.0.7-SNAPSHOT.jar:1.0.7-SNAPSHOT]
	at org.evosuite.TestSuiteGenerator.compileAndCheckTests(TestSuiteGenerator.java:605) [evosuite-master-1.0.7-SNAPSHOT.jar:1.0.7-SNAPSHOT]
	at org.evosuite.TestSuiteGenerator.postProcessTests(TestSuiteGenerator.java:556) [evosuite-master-1.0.7-SNAPSHOT.jar:1.0.7-SNAPSHOT]
	at org.evosuite.TestSuiteGenerator.generateTestSuite(TestSuiteGenerator.java:254) [evosuite-master-1.0.7-SNAPSHOT.jar:1.0.7-SNAPSHOT]
	at org.evosuite.rmi.service.ClientNodeImpl$1.run(ClientNodeImpl.java:160) [evosuite-master-1.0.7-SNAPSHOT.jar:1.0.7-SNAPSHOT]
	at java.util.concurrent.Executors$RunnableAdapter.call(Executors.java:511) [na:1.8.0_91]
	at java.util.concurrent.FutureTask.run(FutureTask.java:266) [na:1.8.0_91]
	at java.util.concurrent.ThreadPoolExecutor.runWorker(ThreadPoolExecutor.java:1142) [na:1.8.0_91]
	at java.util.concurrent.ThreadPoolExecutor$Worker.run(ThreadPoolExecutor.java:617) [na:1.8.0_91]
	at java.lang.Thread.run(Thread.java:745) [na:1.8.0_91]
[MASTER] 04:40:42.293 [logback-2] ERROR FileIOUtils - Error while reading file DotSearchTracing_9_tmp__ESTest_scaffolding.java , /tmp/EvoSuite_9_1550547642283/org/sat4j/tools/DotSearchTracing_9_tmp__ESTest_scaffolding.java (Too many open files)
java.io.FileNotFoundException: /tmp/EvoSuite_9_1550547642283/org/sat4j/tools/DotSearchTracing_9_tmp__ESTest_scaffolding.java (Too many open files)
	at java.io.FileOutputStream.open0(Native Method) ~[na:1.8.0_91]
	at java.io.FileOutputStream.open(FileOutputStream.java:270) ~[na:1.8.0_91]
	at java.io.FileOutputStream.<init>(FileOutputStream.java:213) ~[na:1.8.0_91]
	at org.evosuite.shaded.org.apache.commons.io.FileUtils.openOutputStream(FileUtils.java:365) ~[evosuite-master-1.0.7-SNAPSHOT.jar:1.0.7-SNAPSHOT]
	at org.evosuite.shaded.org.apache.commons.io.FileUtils.writeStringToFile(FileUtils.java:2015) ~[evosuite-master-1.0.7-SNAPSHOT.jar:1.0.7-SNAPSHOT]
	at org.evosuite.shaded.org.apache.commons.io.FileUtils.writeStringToFile(FileUtils.java:2048) ~[evosuite-master-1.0.7-SNAPSHOT.jar:1.0.7-SNAPSHOT]
	at org.evosuite.utils.FileIOUtils.writeFile(FileIOUtils.java:98) ~[evosuite-master-1.0.7-SNAPSHOT.jar:1.0.7-SNAPSHOT]
	at org.evosuite.junit.writer.TestSuiteWriter.writeTestSuite(TestSuiteWriter.java:265) [evosuite-master-1.0.7-SNAPSHOT.jar:1.0.7-SNAPSHOT]
	at org.evosuite.junit.JUnitAnalyzer.compileTests(JUnitAnalyzer.java:356) [evosuite-master-1.0.7-SNAPSHOT.jar:1.0.7-SNAPSHOT]
	at org.evosuite.junit.JUnitAnalyzer.removeTestsThatDoNotCompile(JUnitAnalyzer.java:105) [evosuite-master-1.0.7-SNAPSHOT.jar:1.0.7-SNAPSHOT]
	at org.evosuite.TestSuiteGenerator.compileAndCheckTests(TestSuiteGenerator.java:605) [evosuite-master-1.0.7-SNAPSHOT.jar:1.0.7-SNAPSHOT]
	at org.evosuite.TestSuiteGenerator.postProcessTests(TestSuiteGenerator.java:556) [evosuite-master-1.0.7-SNAPSHOT.jar:1.0.7-SNAPSHOT]
	at org.evosuite.TestSuiteGenerator.generateTestSuite(TestSuiteGenerator.java:254) [evosuite-master-1.0.7-SNAPSHOT.jar:1.0.7-SNAPSHOT]
	at org.evosuite.rmi.service.ClientNodeImpl$1.run(ClientNodeImpl.java:160) [evosuite-master-1.0.7-SNAPSHOT.jar:1.0.7-SNAPSHOT]
	at java.util.concurrent.Executors$RunnableAdapter.call(Executors.java:511) [na:1.8.0_91]
	at java.util.concurrent.FutureTask.run(FutureTask.java:266) [na:1.8.0_91]
	at java.util.concurrent.ThreadPoolExecutor.runWorker(ThreadPoolExecutor.java:1142) [na:1.8.0_91]
	at java.util.concurrent.ThreadPoolExecutor$Worker.run(ThreadPoolExecutor.java:617) [na:1.8.0_91]
	at java.lang.Thread.run(Thread.java:745) [na:1.8.0_91]
[MASTER] 04:40:42.302 [logback-2] ERROR JUnitAnalyzer - Supposed to generate /tmp/EvoSuite_9_1550547642283/org/sat4j/tools/DotSearchTracing_9_tmp__ESTest.java but it does not exist
[MASTER] 04:40:42.303 [logback-2] ERROR JUnitAnalyzer - Failed to compile test case:
DotSearchTracing<String> dotSearchTracing0 = new DotSearchTracing<String>("\", shape=box, color=\"orange\", style=dotted]");
HashMap<Integer, String> hashMap0 = new HashMap<Integer, String>();
Integer integer0 = new Integer(0);
hashMap0.put(integer0, "Uo2.`ZmZ4s5G");
dotSearchTracing0.setMapping(hashMap0);
dotSearchTracing0.propagating((int) integer0);

[MASTER] 04:40:42.303 [logback-2] ERROR JUnitAnalyzer - Cannot delete tmp dir: /tmp/EvoSuite_9_1550547642283
java.io.IOException: Failed to list contents of /tmp/EvoSuite_9_1550547642283
	at org.evosuite.shaded.org.apache.commons.io.FileUtils.verifiedListFiles(FileUtils.java:1751) ~[evosuite-master-1.0.7-SNAPSHOT.jar:1.0.7-SNAPSHOT]
	at org.evosuite.shaded.org.apache.commons.io.FileUtils.cleanDirectory(FileUtils.java:1716) ~[evosuite-master-1.0.7-SNAPSHOT.jar:1.0.7-SNAPSHOT]
	at org.evosuite.shaded.org.apache.commons.io.FileUtils.deleteDirectory(FileUtils.java:1617) ~[evosuite-master-1.0.7-SNAPSHOT.jar:1.0.7-SNAPSHOT]
	at org.evosuite.junit.JUnitAnalyzer.removeTestsThatDoNotCompile(JUnitAnalyzer.java:115) ~[evosuite-master-1.0.7-SNAPSHOT.jar:1.0.7-SNAPSHOT]
	at org.evosuite.TestSuiteGenerator.compileAndCheckTests(TestSuiteGenerator.java:605) [evosuite-master-1.0.7-SNAPSHOT.jar:1.0.7-SNAPSHOT]
	at org.evosuite.TestSuiteGenerator.postProcessTests(TestSuiteGenerator.java:556) [evosuite-master-1.0.7-SNAPSHOT.jar:1.0.7-SNAPSHOT]
	at org.evosuite.TestSuiteGenerator.generateTestSuite(TestSuiteGenerator.java:254) [evosuite-master-1.0.7-SNAPSHOT.jar:1.0.7-SNAPSHOT]
	at org.evosuite.rmi.service.ClientNodeImpl$1.run(ClientNodeImpl.java:160) [evosuite-master-1.0.7-SNAPSHOT.jar:1.0.7-SNAPSHOT]
	at java.util.concurrent.Executors$RunnableAdapter.call(Executors.java:511) [na:1.8.0_91]
	at java.util.concurrent.FutureTask.run(FutureTask.java:266) [na:1.8.0_91]
	at java.util.concurrent.ThreadPoolExecutor.runWorker(ThreadPoolExecutor.java:1142) [na:1.8.0_91]
	at java.util.concurrent.ThreadPoolExecutor$Worker.run(ThreadPoolExecutor.java:617) [na:1.8.0_91]
	at java.lang.Thread.run(Thread.java:745) [na:1.8.0_91]
[MASTER] 04:40:42.348 [logback-2] ERROR FileIOUtils - Error while reading file DotSearchTracing_10_tmp__ESTest.java , /tmp/EvoSuite_10_1550547642304/org/sat4j/tools/DotSearchTracing_10_tmp__ESTest.java (Too many open files)
java.io.FileNotFoundException: /tmp/EvoSuite_10_1550547642304/org/sat4j/tools/DotSearchTracing_10_tmp__ESTest.java (Too many open files)
	at java.io.FileOutputStream.open0(Native Method) ~[na:1.8.0_91]
	at java.io.FileOutputStream.open(FileOutputStream.java:270) ~[na:1.8.0_91]
	at java.io.FileOutputStream.<init>(FileOutputStream.java:213) ~[na:1.8.0_91]
	at org.evosuite.shaded.org.apache.commons.io.FileUtils.openOutputStream(FileUtils.java:365) ~[evosuite-master-1.0.7-SNAPSHOT.jar:1.0.7-SNAPSHOT]
	at org.evosuite.shaded.org.apache.commons.io.FileUtils.writeStringToFile(FileUtils.java:2015) ~[evosuite-master-1.0.7-SNAPSHOT.jar:1.0.7-SNAPSHOT]
	at org.evosuite.shaded.org.apache.commons.io.FileUtils.writeStringToFile(FileUtils.java:2048) ~[evosuite-master-1.0.7-SNAPSHOT.jar:1.0.7-SNAPSHOT]
	at org.evosuite.utils.FileIOUtils.writeFile(FileIOUtils.java:98) ~[evosuite-master-1.0.7-SNAPSHOT.jar:1.0.7-SNAPSHOT]
	at org.evosuite.junit.writer.TestSuiteWriter.writeTestSuite(TestSuiteWriter.java:247) [evosuite-master-1.0.7-SNAPSHOT.jar:1.0.7-SNAPSHOT]
	at org.evosuite.junit.JUnitAnalyzer.compileTests(JUnitAnalyzer.java:356) [evosuite-master-1.0.7-SNAPSHOT.jar:1.0.7-SNAPSHOT]
	at org.evosuite.junit.JUnitAnalyzer.removeTestsThatDoNotCompile(JUnitAnalyzer.java:105) [evosuite-master-1.0.7-SNAPSHOT.jar:1.0.7-SNAPSHOT]
	at org.evosuite.TestSuiteGenerator.compileAndCheckTests(TestSuiteGenerator.java:605) [evosuite-master-1.0.7-SNAPSHOT.jar:1.0.7-SNAPSHOT]
	at org.evosuite.TestSuiteGenerator.postProcessTests(TestSuiteGenerator.java:556) [evosuite-master-1.0.7-SNAPSHOT.jar:1.0.7-SNAPSHOT]
	at org.evosuite.TestSuiteGenerator.generateTestSuite(TestSuiteGenerator.java:254) [evosuite-master-1.0.7-SNAPSHOT.jar:1.0.7-SNAPSHOT]
	at org.evosuite.rmi.service.ClientNodeImpl$1.run(ClientNodeImpl.java:160) [evosuite-master-1.0.7-SNAPSHOT.jar:1.0.7-SNAPSHOT]
	at java.util.concurrent.Executors$RunnableAdapter.call(Executors.java:511) [na:1.8.0_91]
	at java.util.concurrent.FutureTask.run(FutureTask.java:266) [na:1.8.0_91]
	at java.util.concurrent.ThreadPoolExecutor.runWorker(ThreadPoolExecutor.java:1142) [na:1.8.0_91]
	at java.util.concurrent.ThreadPoolExecutor$Worker.run(ThreadPoolExecutor.java:617) [na:1.8.0_91]
	at java.lang.Thread.run(Thread.java:745) [na:1.8.0_91]
[MASTER] 04:40:42.349 [logback-2] ERROR FileIOUtils - Error while reading file DotSearchTracing_10_tmp__ESTest_scaffolding.java , /tmp/EvoSuite_10_1550547642304/org/sat4j/tools/DotSearchTracing_10_tmp__ESTest_scaffolding.java (Too many open files)
java.io.FileNotFoundException: /tmp/EvoSuite_10_1550547642304/org/sat4j/tools/DotSearchTracing_10_tmp__ESTest_scaffolding.java (Too many open files)
	at java.io.FileOutputStream.open0(Native Method) ~[na:1.8.0_91]
	at java.io.FileOutputStream.open(FileOutputStream.java:270) ~[na:1.8.0_91]
	at java.io.FileOutputStream.<init>(FileOutputStream.java:213) ~[na:1.8.0_91]
	at org.evosuite.shaded.org.apache.commons.io.FileUtils.openOutputStream(FileUtils.java:365) ~[evosuite-master-1.0.7-SNAPSHOT.jar:1.0.7-SNAPSHOT]
	at org.evosuite.shaded.org.apache.commons.io.FileUtils.writeStringToFile(FileUtils.java:2015) ~[evosuite-master-1.0.7-SNAPSHOT.jar:1.0.7-SNAPSHOT]
	at org.evosuite.shaded.org.apache.commons.io.FileUtils.writeStringToFile(FileUtils.java:2048) ~[evosuite-master-1.0.7-SNAPSHOT.jar:1.0.7-SNAPSHOT]
	at org.evosuite.utils.FileIOUtils.writeFile(FileIOUtils.java:98) ~[evosuite-master-1.0.7-SNAPSHOT.jar:1.0.7-SNAPSHOT]
	at org.evosuite.junit.writer.TestSuiteWriter.writeTestSuite(TestSuiteWriter.java:265) [evosuite-master-1.0.7-SNAPSHOT.jar:1.0.7-SNAPSHOT]
	at org.evosuite.junit.JUnitAnalyzer.compileTests(JUnitAnalyzer.java:356) [evosuite-master-1.0.7-SNAPSHOT.jar:1.0.7-SNAPSHOT]
	at org.evosuite.junit.JUnitAnalyzer.removeTestsThatDoNotCompile(JUnitAnalyzer.java:105) [evosuite-master-1.0.7-SNAPSHOT.jar:1.0.7-SNAPSHOT]
	at org.evosuite.TestSuiteGenerator.compileAndCheckTests(TestSuiteGenerator.java:605) [evosuite-master-1.0.7-SNAPSHOT.jar:1.0.7-SNAPSHOT]
	at org.evosuite.TestSuiteGenerator.postProcessTests(TestSuiteGenerator.java:556) [evosuite-master-1.0.7-SNAPSHOT.jar:1.0.7-SNAPSHOT]
	at org.evosuite.TestSuiteGenerator.generateTestSuite(TestSuiteGenerator.java:254) [evosuite-master-1.0.7-SNAPSHOT.jar:1.0.7-SNAPSHOT]
	at org.evosuite.rmi.service.ClientNodeImpl$1.run(ClientNodeImpl.java:160) [evosuite-master-1.0.7-SNAPSHOT.jar:1.0.7-SNAPSHOT]
	at java.util.concurrent.Executors$RunnableAdapter.call(Executors.java:511) [na:1.8.0_91]
	at java.util.concurrent.FutureTask.run(FutureTask.java:266) [na:1.8.0_91]
	at java.util.concurrent.ThreadPoolExecutor.runWorker(ThreadPoolExecutor.java:1142) [na:1.8.0_91]
	at java.util.concurrent.ThreadPoolExecutor$Worker.run(ThreadPoolExecutor.java:617) [na:1.8.0_91]
	at java.lang.Thread.run(Thread.java:745) [na:1.8.0_91]
[MASTER] 04:40:42.354 [logback-2] ERROR JUnitAnalyzer - Supposed to generate /tmp/EvoSuite_10_1550547642304/org/sat4j/tools/DotSearchTracing_10_tmp__ESTest.java but it does not exist
[MASTER] 04:40:42.355 [logback-2] ERROR JUnitAnalyzer - Failed to compile test case:
DotSearchTracing<String> dotSearchTracing0 = new DotSearchTracing<String>("\", shape=box, color=\"orange\", style=dotted]");
dotSearchTracing0.propagating((-1130));

[MASTER] 04:40:42.355 [logback-2] ERROR JUnitAnalyzer - Cannot delete tmp dir: /tmp/EvoSuite_10_1550547642304
java.io.IOException: Failed to list contents of /tmp/EvoSuite_10_1550547642304
	at org.evosuite.shaded.org.apache.commons.io.FileUtils.verifiedListFiles(FileUtils.java:1751) ~[evosuite-master-1.0.7-SNAPSHOT.jar:1.0.7-SNAPSHOT]
	at org.evosuite.shaded.org.apache.commons.io.FileUtils.cleanDirectory(FileUtils.java:1716) ~[evosuite-master-1.0.7-SNAPSHOT.jar:1.0.7-SNAPSHOT]
	at org.evosuite.shaded.org.apache.commons.io.FileUtils.deleteDirectory(FileUtils.java:1617) ~[evosuite-master-1.0.7-SNAPSHOT.jar:1.0.7-SNAPSHOT]
	at org.evosuite.junit.JUnitAnalyzer.removeTestsThatDoNotCompile(JUnitAnalyzer.java:115) ~[evosuite-master-1.0.7-SNAPSHOT.jar:1.0.7-SNAPSHOT]
	at org.evosuite.TestSuiteGenerator.compileAndCheckTests(TestSuiteGenerator.java:605) [evosuite-master-1.0.7-SNAPSHOT.jar:1.0.7-SNAPSHOT]
	at org.evosuite.TestSuiteGenerator.postProcessTests(TestSuiteGenerator.java:556) [evosuite-master-1.0.7-SNAPSHOT.jar:1.0.7-SNAPSHOT]
	at org.evosuite.TestSuiteGenerator.generateTestSuite(TestSuiteGenerator.java:254) [evosuite-master-1.0.7-SNAPSHOT.jar:1.0.7-SNAPSHOT]
	at org.evosuite.rmi.service.ClientNodeImpl$1.run(ClientNodeImpl.java:160) [evosuite-master-1.0.7-SNAPSHOT.jar:1.0.7-SNAPSHOT]
	at java.util.concurrent.Executors$RunnableAdapter.call(Executors.java:511) [na:1.8.0_91]
	at java.util.concurrent.FutureTask.run(FutureTask.java:266) [na:1.8.0_91]
	at java.util.concurrent.ThreadPoolExecutor.runWorker(ThreadPoolExecutor.java:1142) [na:1.8.0_91]
	at java.util.concurrent.ThreadPoolExecutor$Worker.run(ThreadPoolExecutor.java:617) [na:1.8.0_91]
	at java.lang.Thread.run(Thread.java:745) [na:1.8.0_91]
[MASTER] 04:40:42.369 [logback-2] ERROR FileIOUtils - Error while reading file DotSearchTracing_11_tmp__ESTest.java , /tmp/EvoSuite_11_1550547642355/org/sat4j/tools/DotSearchTracing_11_tmp__ESTest.java (Too many open files)
java.io.FileNotFoundException: /tmp/EvoSuite_11_1550547642355/org/sat4j/tools/DotSearchTracing_11_tmp__ESTest.java (Too many open files)
	at java.io.FileOutputStream.open0(Native Method) ~[na:1.8.0_91]
	at java.io.FileOutputStream.open(FileOutputStream.java:270) ~[na:1.8.0_91]
	at java.io.FileOutputStream.<init>(FileOutputStream.java:213) ~[na:1.8.0_91]
	at org.evosuite.shaded.org.apache.commons.io.FileUtils.openOutputStream(FileUtils.java:365) ~[evosuite-master-1.0.7-SNAPSHOT.jar:1.0.7-SNAPSHOT]
	at org.evosuite.shaded.org.apache.commons.io.FileUtils.writeStringToFile(FileUtils.java:2015) ~[evosuite-master-1.0.7-SNAPSHOT.jar:1.0.7-SNAPSHOT]
	at org.evosuite.shaded.org.apache.commons.io.FileUtils.writeStringToFile(FileUtils.java:2048) ~[evosuite-master-1.0.7-SNAPSHOT.jar:1.0.7-SNAPSHOT]
	at org.evosuite.utils.FileIOUtils.writeFile(FileIOUtils.java:98) ~[evosuite-master-1.0.7-SNAPSHOT.jar:1.0.7-SNAPSHOT]
	at org.evosuite.junit.writer.TestSuiteWriter.writeTestSuite(TestSuiteWriter.java:247) [evosuite-master-1.0.7-SNAPSHOT.jar:1.0.7-SNAPSHOT]
	at org.evosuite.junit.JUnitAnalyzer.compileTests(JUnitAnalyzer.java:356) [evosuite-master-1.0.7-SNAPSHOT.jar:1.0.7-SNAPSHOT]
	at org.evosuite.junit.JUnitAnalyzer.removeTestsThatDoNotCompile(JUnitAnalyzer.java:105) [evosuite-master-1.0.7-SNAPSHOT.jar:1.0.7-SNAPSHOT]
	at org.evosuite.TestSuiteGenerator.compileAndCheckTests(TestSuiteGenerator.java:605) [evosuite-master-1.0.7-SNAPSHOT.jar:1.0.7-SNAPSHOT]
	at org.evosuite.TestSuiteGenerator.postProcessTests(TestSuiteGenerator.java:556) [evosuite-master-1.0.7-SNAPSHOT.jar:1.0.7-SNAPSHOT]
	at org.evosuite.TestSuiteGenerator.generateTestSuite(TestSuiteGenerator.java:254) [evosuite-master-1.0.7-SNAPSHOT.jar:1.0.7-SNAPSHOT]
	at org.evosuite.rmi.service.ClientNodeImpl$1.run(ClientNodeImpl.java:160) [evosuite-master-1.0.7-SNAPSHOT.jar:1.0.7-SNAPSHOT]
	at java.util.concurrent.Executors$RunnableAdapter.call(Executors.java:511) [na:1.8.0_91]
	at java.util.concurrent.FutureTask.run(FutureTask.java:266) [na:1.8.0_91]
	at java.util.concurrent.ThreadPoolExecutor.runWorker(ThreadPoolExecutor.java:1142) [na:1.8.0_91]
	at java.util.concurrent.ThreadPoolExecutor$Worker.run(ThreadPoolExecutor.java:617) [na:1.8.0_91]
	at java.lang.Thread.run(Thread.java:745) [na:1.8.0_91]
[MASTER] 04:40:42.384 [logback-2] ERROR FileIOUtils - Error while reading file DotSearchTracing_11_tmp__ESTest_scaffolding.java , /tmp/EvoSuite_11_1550547642355/org/sat4j/tools/DotSearchTracing_11_tmp__ESTest_scaffolding.java (Too many open files)
java.io.FileNotFoundException: /tmp/EvoSuite_11_1550547642355/org/sat4j/tools/DotSearchTracing_11_tmp__ESTest_scaffolding.java (Too many open files)
	at java.io.FileOutputStream.open0(Native Method) ~[na:1.8.0_91]
	at java.io.FileOutputStream.open(FileOutputStream.java:270) ~[na:1.8.0_91]
	at java.io.FileOutputStream.<init>(FileOutputStream.java:213) ~[na:1.8.0_91]
	at org.evosuite.shaded.org.apache.commons.io.FileUtils.openOutputStream(FileUtils.java:365) ~[evosuite-master-1.0.7-SNAPSHOT.jar:1.0.7-SNAPSHOT]
	at org.evosuite.shaded.org.apache.commons.io.FileUtils.writeStringToFile(FileUtils.java:2015) ~[evosuite-master-1.0.7-SNAPSHOT.jar:1.0.7-SNAPSHOT]
	at org.evosuite.shaded.org.apache.commons.io.FileUtils.writeStringToFile(FileUtils.java:2048) ~[evosuite-master-1.0.7-SNAPSHOT.jar:1.0.7-SNAPSHOT]
	at org.evosuite.utils.FileIOUtils.writeFile(FileIOUtils.java:98) ~[evosuite-master-1.0.7-SNAPSHOT.jar:1.0.7-SNAPSHOT]
	at org.evosuite.junit.writer.TestSuiteWriter.writeTestSuite(TestSuiteWriter.java:265) [evosuite-master-1.0.7-SNAPSHOT.jar:1.0.7-SNAPSHOT]
	at org.evosuite.junit.JUnitAnalyzer.compileTests(JUnitAnalyzer.java:356) [evosuite-master-1.0.7-SNAPSHOT.jar:1.0.7-SNAPSHOT]
	at org.evosuite.junit.JUnitAnalyzer.removeTestsThatDoNotCompile(JUnitAnalyzer.java:105) [evosuite-master-1.0.7-SNAPSHOT.jar:1.0.7-SNAPSHOT]
	at org.evosuite.TestSuiteGenerator.compileAndCheckTests(TestSuiteGenerator.java:605) [evosuite-master-1.0.7-SNAPSHOT.jar:1.0.7-SNAPSHOT]
	at org.evosuite.TestSuiteGenerator.postProcessTests(TestSuiteGenerator.java:556) [evosuite-master-1.0.7-SNAPSHOT.jar:1.0.7-SNAPSHOT]
	at org.evosuite.TestSuiteGenerator.generateTestSuite(TestSuiteGenerator.java:254) [evosuite-master-1.0.7-SNAPSHOT.jar:1.0.7-SNAPSHOT]
	at org.evosuite.rmi.service.ClientNodeImpl$1.run(ClientNodeImpl.java:160) [evosuite-master-1.0.7-SNAPSHOT.jar:1.0.7-SNAPSHOT]
	at java.util.concurrent.Executors$RunnableAdapter.call(Executors.java:511) [na:1.8.0_91]
	at java.util.concurrent.FutureTask.run(FutureTask.java:266) [na:1.8.0_91]
	at java.util.concurrent.ThreadPoolExecutor.runWorker(ThreadPoolExecutor.java:1142) [na:1.8.0_91]
	at java.util.concurrent.ThreadPoolExecutor$Worker.run(ThreadPoolExecutor.java:617) [na:1.8.0_91]
	at java.lang.Thread.run(Thread.java:745) [na:1.8.0_91]
[MASTER] 04:40:42.384 [logback-2] ERROR JUnitAnalyzer - Supposed to generate /tmp/EvoSuite_11_1550547642355/org/sat4j/tools/DotSearchTracing_11_tmp__ESTest.java but it does not exist
[MASTER] 04:40:42.384 [logback-2] ERROR JUnitAnalyzer - Failed to compile test case:
DotSearchTracing<Object> dotSearchTracing0 = new DotSearchTracing<Object>("org.sat4j.specs.CoIstr$1");
dotSearchTracing0.adding((-1));
dotSearchTracing0.propagating(444);

[MASTER] 04:40:42.385 [logback-2] ERROR JUnitAnalyzer - Cannot delete tmp dir: /tmp/EvoSuite_11_1550547642355
java.io.IOException: Failed to list contents of /tmp/EvoSuite_11_1550547642355
	at org.evosuite.shaded.org.apache.commons.io.FileUtils.verifiedListFiles(FileUtils.java:1751) ~[evosuite-master-1.0.7-SNAPSHOT.jar:1.0.7-SNAPSHOT]
	at org.evosuite.shaded.org.apache.commons.io.FileUtils.cleanDirectory(FileUtils.java:1716) ~[evosuite-master-1.0.7-SNAPSHOT.jar:1.0.7-SNAPSHOT]
	at org.evosuite.shaded.org.apache.commons.io.FileUtils.deleteDirectory(FileUtils.java:1617) ~[evosuite-master-1.0.7-SNAPSHOT.jar:1.0.7-SNAPSHOT]
	at org.evosuite.junit.JUnitAnalyzer.removeTestsThatDoNotCompile(JUnitAnalyzer.java:115) ~[evosuite-master-1.0.7-SNAPSHOT.jar:1.0.7-SNAPSHOT]
	at org.evosuite.TestSuiteGenerator.compileAndCheckTests(TestSuiteGenerator.java:605) [evosuite-master-1.0.7-SNAPSHOT.jar:1.0.7-SNAPSHOT]
	at org.evosuite.TestSuiteGenerator.postProcessTests(TestSuiteGenerator.java:556) [evosuite-master-1.0.7-SNAPSHOT.jar:1.0.7-SNAPSHOT]
	at org.evosuite.TestSuiteGenerator.generateTestSuite(TestSuiteGenerator.java:254) [evosuite-master-1.0.7-SNAPSHOT.jar:1.0.7-SNAPSHOT]
	at org.evosuite.rmi.service.ClientNodeImpl$1.run(ClientNodeImpl.java:160) [evosuite-master-1.0.7-SNAPSHOT.jar:1.0.7-SNAPSHOT]
	at java.util.concurrent.Executors$RunnableAdapter.call(Executors.java:511) [na:1.8.0_91]
	at java.util.concurrent.FutureTask.run(FutureTask.java:266) [na:1.8.0_91]
	at java.util.concurrent.ThreadPoolExecutor.runWorker(ThreadPoolExecutor.java:1142) [na:1.8.0_91]
	at java.util.concurrent.ThreadPoolExecutor$Worker.run(ThreadPoolExecutor.java:617) [na:1.8.0_91]
	at java.lang.Thread.run(Thread.java:745) [na:1.8.0_91]
[MASTER] 04:40:42.449 [logback-2] ERROR FileIOUtils - Error while reading file DotSearchTracing_12_tmp__ESTest.java , /tmp/EvoSuite_12_1550547642385/org/sat4j/tools/DotSearchTracing_12_tmp__ESTest.java (Too many open files)
java.io.FileNotFoundException: /tmp/EvoSuite_12_1550547642385/org/sat4j/tools/DotSearchTracing_12_tmp__ESTest.java (Too many open files)
	at java.io.FileOutputStream.open0(Native Method) ~[na:1.8.0_91]
	at java.io.FileOutputStream.open(FileOutputStream.java:270) ~[na:1.8.0_91]
	at java.io.FileOutputStream.<init>(FileOutputStream.java:213) ~[na:1.8.0_91]
	at org.evosuite.shaded.org.apache.commons.io.FileUtils.openOutputStream(FileUtils.java:365) ~[evosuite-master-1.0.7-SNAPSHOT.jar:1.0.7-SNAPSHOT]
	at org.evosuite.shaded.org.apache.commons.io.FileUtils.writeStringToFile(FileUtils.java:2015) ~[evosuite-master-1.0.7-SNAPSHOT.jar:1.0.7-SNAPSHOT]
	at org.evosuite.shaded.org.apache.commons.io.FileUtils.writeStringToFile(FileUtils.java:2048) ~[evosuite-master-1.0.7-SNAPSHOT.jar:1.0.7-SNAPSHOT]
	at org.evosuite.utils.FileIOUtils.writeFile(FileIOUtils.java:98) ~[evosuite-master-1.0.7-SNAPSHOT.jar:1.0.7-SNAPSHOT]
	at org.evosuite.junit.writer.TestSuiteWriter.writeTestSuite(TestSuiteWriter.java:247) [evosuite-master-1.0.7-SNAPSHOT.jar:1.0.7-SNAPSHOT]
	at org.evosuite.junit.JUnitAnalyzer.compileTests(JUnitAnalyzer.java:356) [evosuite-master-1.0.7-SNAPSHOT.jar:1.0.7-SNAPSHOT]
	at org.evosuite.junit.JUnitAnalyzer.removeTestsThatDoNotCompile(JUnitAnalyzer.java:105) [evosuite-master-1.0.7-SNAPSHOT.jar:1.0.7-SNAPSHOT]
	at org.evosuite.TestSuiteGenerator.compileAndCheckTests(TestSuiteGenerator.java:605) [evosuite-master-1.0.7-SNAPSHOT.jar:1.0.7-SNAPSHOT]
	at org.evosuite.TestSuiteGenerator.postProcessTests(TestSuiteGenerator.java:556) [evosuite-master-1.0.7-SNAPSHOT.jar:1.0.7-SNAPSHOT]
	at org.evosuite.TestSuiteGenerator.generateTestSuite(TestSuiteGenerator.java:254) [evosuite-master-1.0.7-SNAPSHOT.jar:1.0.7-SNAPSHOT]
	at org.evosuite.rmi.service.ClientNodeImpl$1.run(ClientNodeImpl.java:160) [evosuite-master-1.0.7-SNAPSHOT.jar:1.0.7-SNAPSHOT]
	at java.util.concurrent.Executors$RunnableAdapter.call(Executors.java:511) [na:1.8.0_91]
	at java.util.concurrent.FutureTask.run(FutureTask.java:266) [na:1.8.0_91]
	at java.util.concurrent.ThreadPoolExecutor.runWorker(ThreadPoolExecutor.java:1142) [na:1.8.0_91]
	at java.util.concurrent.ThreadPoolExecutor$Worker.run(ThreadPoolExecutor.java:617) [na:1.8.0_91]
	at java.lang.Thread.run(Thread.java:745) [na:1.8.0_91]
[MASTER] 04:40:42.456 [logback-2] ERROR FileIOUtils - Error while reading file DotSearchTracing_12_tmp__ESTest_scaffolding.java , /tmp/EvoSuite_12_1550547642385/org/sat4j/tools/DotSearchTracing_12_tmp__ESTest_scaffolding.java (Too many open files)
java.io.FileNotFoundException: /tmp/EvoSuite_12_1550547642385/org/sat4j/tools/DotSearchTracing_12_tmp__ESTest_scaffolding.java (Too many open files)
	at java.io.FileOutputStream.open0(Native Method) ~[na:1.8.0_91]
	at java.io.FileOutputStream.open(FileOutputStream.java:270) ~[na:1.8.0_91]
	at java.io.FileOutputStream.<init>(FileOutputStream.java:213) ~[na:1.8.0_91]
	at org.evosuite.shaded.org.apache.commons.io.FileUtils.openOutputStream(FileUtils.java:365) ~[evosuite-master-1.0.7-SNAPSHOT.jar:1.0.7-SNAPSHOT]
	at org.evosuite.shaded.org.apache.commons.io.FileUtils.writeStringToFile(FileUtils.java:2015) ~[evosuite-master-1.0.7-SNAPSHOT.jar:1.0.7-SNAPSHOT]
	at org.evosuite.shaded.org.apache.commons.io.FileUtils.writeStringToFile(FileUtils.java:2048) ~[evosuite-master-1.0.7-SNAPSHOT.jar:1.0.7-SNAPSHOT]
	at org.evosuite.utils.FileIOUtils.writeFile(FileIOUtils.java:98) ~[evosuite-master-1.0.7-SNAPSHOT.jar:1.0.7-SNAPSHOT]
	at org.evosuite.junit.writer.TestSuiteWriter.writeTestSuite(TestSuiteWriter.java:265) [evosuite-master-1.0.7-SNAPSHOT.jar:1.0.7-SNAPSHOT]
	at org.evosuite.junit.JUnitAnalyzer.compileTests(JUnitAnalyzer.java:356) [evosuite-master-1.0.7-SNAPSHOT.jar:1.0.7-SNAPSHOT]
	at org.evosuite.junit.JUnitAnalyzer.removeTestsThatDoNotCompile(JUnitAnalyzer.java:105) [evosuite-master-1.0.7-SNAPSHOT.jar:1.0.7-SNAPSHOT]
	at org.evosuite.TestSuiteGenerator.compileAndCheckTests(TestSuiteGenerator.java:605) [evosuite-master-1.0.7-SNAPSHOT.jar:1.0.7-SNAPSHOT]
	at org.evosuite.TestSuiteGenerator.postProcessTests(TestSuiteGenerator.java:556) [evosuite-master-1.0.7-SNAPSHOT.jar:1.0.7-SNAPSHOT]
	at org.evosuite.TestSuiteGenerator.generateTestSuite(TestSuiteGenerator.java:254) [evosuite-master-1.0.7-SNAPSHOT.jar:1.0.7-SNAPSHOT]
	at org.evosuite.rmi.service.ClientNodeImpl$1.run(ClientNodeImpl.java:160) [evosuite-master-1.0.7-SNAPSHOT.jar:1.0.7-SNAPSHOT]
	at java.util.concurrent.Executors$RunnableAdapter.call(Executors.java:511) [na:1.8.0_91]
	at java.util.concurrent.FutureTask.run(FutureTask.java:266) [na:1.8.0_91]
	at java.util.concurrent.ThreadPoolExecutor.runWorker(ThreadPoolExecutor.java:1142) [na:1.8.0_91]
	at java.util.concurrent.ThreadPoolExecutor$Worker.run(ThreadPoolExecutor.java:617) [na:1.8.0_91]
	at java.lang.Thread.run(Thread.java:745) [na:1.8.0_91]
[MASTER] 04:40:42.456 [logback-2] ERROR JUnitAnalyzer - Supposed to generate /tmp/EvoSuite_12_1550547642385/org/sat4j/tools/DotSearchTracing_12_tmp__ESTest.java but it does not exist
[MASTER] 04:40:42.462 [logback-2] ERROR JUnitAnalyzer - Failed to compile test case:
DotSearchTracing<Object> dotSearchTracing0 = new DotSearchTracing<Object>("`Gcz8QJ@X");
dotSearchTracing0.enqueueing((-2128662868), (IConstr) null);

[MASTER] 04:40:42.463 [logback-2] ERROR JUnitAnalyzer - Cannot delete tmp dir: /tmp/EvoSuite_12_1550547642385
java.io.IOException: Failed to list contents of /tmp/EvoSuite_12_1550547642385
	at org.evosuite.shaded.org.apache.commons.io.FileUtils.verifiedListFiles(FileUtils.java:1751) ~[evosuite-master-1.0.7-SNAPSHOT.jar:1.0.7-SNAPSHOT]
	at org.evosuite.shaded.org.apache.commons.io.FileUtils.cleanDirectory(FileUtils.java:1716) ~[evosuite-master-1.0.7-SNAPSHOT.jar:1.0.7-SNAPSHOT]
	at org.evosuite.shaded.org.apache.commons.io.FileUtils.deleteDirectory(FileUtils.java:1617) ~[evosuite-master-1.0.7-SNAPSHOT.jar:1.0.7-SNAPSHOT]
	at org.evosuite.junit.JUnitAnalyzer.removeTestsThatDoNotCompile(JUnitAnalyzer.java:115) ~[evosuite-master-1.0.7-SNAPSHOT.jar:1.0.7-SNAPSHOT]
	at org.evosuite.TestSuiteGenerator.compileAndCheckTests(TestSuiteGenerator.java:605) [evosuite-master-1.0.7-SNAPSHOT.jar:1.0.7-SNAPSHOT]
	at org.evosuite.TestSuiteGenerator.postProcessTests(TestSuiteGenerator.java:556) [evosuite-master-1.0.7-SNAPSHOT.jar:1.0.7-SNAPSHOT]
	at org.evosuite.TestSuiteGenerator.generateTestSuite(TestSuiteGenerator.java:254) [evosuite-master-1.0.7-SNAPSHOT.jar:1.0.7-SNAPSHOT]
	at org.evosuite.rmi.service.ClientNodeImpl$1.run(ClientNodeImpl.java:160) [evosuite-master-1.0.7-SNAPSHOT.jar:1.0.7-SNAPSHOT]
	at java.util.concurrent.Executors$RunnableAdapter.call(Executors.java:511) [na:1.8.0_91]
	at java.util.concurrent.FutureTask.run(FutureTask.java:266) [na:1.8.0_91]
	at java.util.concurrent.ThreadPoolExecutor.runWorker(ThreadPoolExecutor.java:1142) [na:1.8.0_91]
	at java.util.concurrent.ThreadPoolExecutor$Worker.run(ThreadPoolExecutor.java:617) [na:1.8.0_91]
	at java.lang.Thread.run(Thread.java:745) [na:1.8.0_91]
[MASTER] 04:40:42.484 [logback-2] ERROR FileIOUtils - Error while reading file DotSearchTracing_13_tmp__ESTest.java , /tmp/EvoSuite_13_1550547642463/org/sat4j/tools/DotSearchTracing_13_tmp__ESTest.java (Too many open files)
java.io.FileNotFoundException: /tmp/EvoSuite_13_1550547642463/org/sat4j/tools/DotSearchTracing_13_tmp__ESTest.java (Too many open files)
	at java.io.FileOutputStream.open0(Native Method) ~[na:1.8.0_91]
	at java.io.FileOutputStream.open(FileOutputStream.java:270) ~[na:1.8.0_91]
	at java.io.FileOutputStream.<init>(FileOutputStream.java:213) ~[na:1.8.0_91]
	at org.evosuite.shaded.org.apache.commons.io.FileUtils.openOutputStream(FileUtils.java:365) ~[evosuite-master-1.0.7-SNAPSHOT.jar:1.0.7-SNAPSHOT]
	at org.evosuite.shaded.org.apache.commons.io.FileUtils.writeStringToFile(FileUtils.java:2015) ~[evosuite-master-1.0.7-SNAPSHOT.jar:1.0.7-SNAPSHOT]
	at org.evosuite.shaded.org.apache.commons.io.FileUtils.writeStringToFile(FileUtils.java:2048) ~[evosuite-master-1.0.7-SNAPSHOT.jar:1.0.7-SNAPSHOT]
	at org.evosuite.utils.FileIOUtils.writeFile(FileIOUtils.java:98) ~[evosuite-master-1.0.7-SNAPSHOT.jar:1.0.7-SNAPSHOT]
	at org.evosuite.junit.writer.TestSuiteWriter.writeTestSuite(TestSuiteWriter.java:247) [evosuite-master-1.0.7-SNAPSHOT.jar:1.0.7-SNAPSHOT]
	at org.evosuite.junit.JUnitAnalyzer.compileTests(JUnitAnalyzer.java:356) [evosuite-master-1.0.7-SNAPSHOT.jar:1.0.7-SNAPSHOT]
	at org.evosuite.junit.JUnitAnalyzer.removeTestsThatDoNotCompile(JUnitAnalyzer.java:105) [evosuite-master-1.0.7-SNAPSHOT.jar:1.0.7-SNAPSHOT]
	at org.evosuite.TestSuiteGenerator.compileAndCheckTests(TestSuiteGenerator.java:605) [evosuite-master-1.0.7-SNAPSHOT.jar:1.0.7-SNAPSHOT]
	at org.evosuite.TestSuiteGenerator.postProcessTests(TestSuiteGenerator.java:556) [evosuite-master-1.0.7-SNAPSHOT.jar:1.0.7-SNAPSHOT]
	at org.evosuite.TestSuiteGenerator.generateTestSuite(TestSuiteGenerator.java:254) [evosuite-master-1.0.7-SNAPSHOT.jar:1.0.7-SNAPSHOT]
	at org.evosuite.rmi.service.ClientNodeImpl$1.run(ClientNodeImpl.java:160) [evosuite-master-1.0.7-SNAPSHOT.jar:1.0.7-SNAPSHOT]
	at java.util.concurrent.Executors$RunnableAdapter.call(Executors.java:511) [na:1.8.0_91]
	at java.util.concurrent.FutureTask.run(FutureTask.java:266) [na:1.8.0_91]
	at java.util.concurrent.ThreadPoolExecutor.runWorker(ThreadPoolExecutor.java:1142) [na:1.8.0_91]
	at java.util.concurrent.ThreadPoolExecutor$Worker.run(ThreadPoolExecutor.java:617) [na:1.8.0_91]
	at java.lang.Thread.run(Thread.java:745) [na:1.8.0_91]
[MASTER] 04:40:42.486 [logback-2] ERROR FileIOUtils - Error while reading file DotSearchTracing_13_tmp__ESTest_scaffolding.java , /tmp/EvoSuite_13_1550547642463/org/sat4j/tools/DotSearchTracing_13_tmp__ESTest_scaffolding.java (Too many open files)
java.io.FileNotFoundException: /tmp/EvoSuite_13_1550547642463/org/sat4j/tools/DotSearchTracing_13_tmp__ESTest_scaffolding.java (Too many open files)
	at java.io.FileOutputStream.open0(Native Method) ~[na:1.8.0_91]
	at java.io.FileOutputStream.open(FileOutputStream.java:270) ~[na:1.8.0_91]
	at java.io.FileOutputStream.<init>(FileOutputStream.java:213) ~[na:1.8.0_91]
	at org.evosuite.shaded.org.apache.commons.io.FileUtils.openOutputStream(FileUtils.java:365) ~[evosuite-master-1.0.7-SNAPSHOT.jar:1.0.7-SNAPSHOT]
	at org.evosuite.shaded.org.apache.commons.io.FileUtils.writeStringToFile(FileUtils.java:2015) ~[evosuite-master-1.0.7-SNAPSHOT.jar:1.0.7-SNAPSHOT]
	at org.evosuite.shaded.org.apache.commons.io.FileUtils.writeStringToFile(FileUtils.java:2048) ~[evosuite-master-1.0.7-SNAPSHOT.jar:1.0.7-SNAPSHOT]
	at org.evosuite.utils.FileIOUtils.writeFile(FileIOUtils.java:98) ~[evosuite-master-1.0.7-SNAPSHOT.jar:1.0.7-SNAPSHOT]
	at org.evosuite.junit.writer.TestSuiteWriter.writeTestSuite(TestSuiteWriter.java:265) [evosuite-master-1.0.7-SNAPSHOT.jar:1.0.7-SNAPSHOT]
	at org.evosuite.junit.JUnitAnalyzer.compileTests(JUnitAnalyzer.java:356) [evosuite-master-1.0.7-SNAPSHOT.jar:1.0.7-SNAPSHOT]
	at org.evosuite.junit.JUnitAnalyzer.removeTestsThatDoNotCompile(JUnitAnalyzer.java:105) [evosuite-master-1.0.7-SNAPSHOT.jar:1.0.7-SNAPSHOT]
	at org.evosuite.TestSuiteGenerator.compileAndCheckTests(TestSuiteGenerator.java:605) [evosuite-master-1.0.7-SNAPSHOT.jar:1.0.7-SNAPSHOT]
	at org.evosuite.TestSuiteGenerator.postProcessTests(TestSuiteGenerator.java:556) [evosuite-master-1.0.7-SNAPSHOT.jar:1.0.7-SNAPSHOT]
	at org.evosuite.TestSuiteGenerator.generateTestSuite(TestSuiteGenerator.java:254) [evosuite-master-1.0.7-SNAPSHOT.jar:1.0.7-SNAPSHOT]
	at org.evosuite.rmi.service.ClientNodeImpl$1.run(ClientNodeImpl.java:160) [evosuite-master-1.0.7-SNAPSHOT.jar:1.0.7-SNAPSHOT]
	at java.util.concurrent.Executors$RunnableAdapter.call(Executors.java:511) [na:1.8.0_91]
	at java.util.concurrent.FutureTask.run(FutureTask.java:266) [na:1.8.0_91]
	at java.util.concurrent.ThreadPoolExecutor.runWorker(ThreadPoolExecutor.java:1142) [na:1.8.0_91]
	at java.util.concurrent.ThreadPoolExecutor$Worker.run(ThreadPoolExecutor.java:617) [na:1.8.0_91]
	at java.lang.Thread.run(Thread.java:745) [na:1.8.0_91]
[MASTER] 04:40:42.495 [logback-2] ERROR JUnitAnalyzer - Supposed to generate /tmp/EvoSuite_13_1550547642463/org/sat4j/tools/DotSearchTracing_13_tmp__ESTest.java but it does not exist
[MASTER] 04:40:42.496 [logback-2] ERROR JUnitAnalyzer - Failed to compile test case:
DotSearchTracing<CardinalityDataStructure> dotSearchTracing0 = new DotSearchTracing<CardinalityDataStructure>("cq");
IVecInt iVecInt0 = mock(IVecInt.class, new ViolatedAssumptionAnswer());
doReturn(0, 0).when(iVecInt0).get(anyInt());
ILits iLits0 = mock(ILits.class, new ViolatedAssumptionAnswer());
LearntBinaryClause learntBinaryClause0 = new LearntBinaryClause(iVecInt0, iLits0);
dotSearchTracing0.enqueueing((-2121327278), learntBinaryClause0);

[MASTER] 04:40:42.496 [logback-2] ERROR JUnitAnalyzer - Cannot delete tmp dir: /tmp/EvoSuite_13_1550547642463
java.io.IOException: Failed to list contents of /tmp/EvoSuite_13_1550547642463
	at org.evosuite.shaded.org.apache.commons.io.FileUtils.verifiedListFiles(FileUtils.java:1751) ~[evosuite-master-1.0.7-SNAPSHOT.jar:1.0.7-SNAPSHOT]
	at org.evosuite.shaded.org.apache.commons.io.FileUtils.cleanDirectory(FileUtils.java:1716) ~[evosuite-master-1.0.7-SNAPSHOT.jar:1.0.7-SNAPSHOT]
	at org.evosuite.shaded.org.apache.commons.io.FileUtils.deleteDirectory(FileUtils.java:1617) ~[evosuite-master-1.0.7-SNAPSHOT.jar:1.0.7-SNAPSHOT]
	at org.evosuite.junit.JUnitAnalyzer.removeTestsThatDoNotCompile(JUnitAnalyzer.java:115) ~[evosuite-master-1.0.7-SNAPSHOT.jar:1.0.7-SNAPSHOT]
	at org.evosuite.TestSuiteGenerator.compileAndCheckTests(TestSuiteGenerator.java:605) [evosuite-master-1.0.7-SNAPSHOT.jar:1.0.7-SNAPSHOT]
	at org.evosuite.TestSuiteGenerator.postProcessTests(TestSuiteGenerator.java:556) [evosuite-master-1.0.7-SNAPSHOT.jar:1.0.7-SNAPSHOT]
	at org.evosuite.TestSuiteGenerator.generateTestSuite(TestSuiteGenerator.java:254) [evosuite-master-1.0.7-SNAPSHOT.jar:1.0.7-SNAPSHOT]
	at org.evosuite.rmi.service.ClientNodeImpl$1.run(ClientNodeImpl.java:160) [evosuite-master-1.0.7-SNAPSHOT.jar:1.0.7-SNAPSHOT]
	at java.util.concurrent.Executors$RunnableAdapter.call(Executors.java:511) [na:1.8.0_91]
	at java.util.concurrent.FutureTask.run(FutureTask.java:266) [na:1.8.0_91]
	at java.util.concurrent.ThreadPoolExecutor.runWorker(ThreadPoolExecutor.java:1142) [na:1.8.0_91]
	at java.util.concurrent.ThreadPoolExecutor$Worker.run(ThreadPoolExecutor.java:617) [na:1.8.0_91]
	at java.lang.Thread.run(Thread.java:745) [na:1.8.0_91]
[MASTER] 04:40:42.505 [logback-2] ERROR FileIOUtils - Error while reading file DotSearchTracing_14_tmp__ESTest.java , /tmp/EvoSuite_14_1550547642496/org/sat4j/tools/DotSearchTracing_14_tmp__ESTest.java (Too many open files)
java.io.FileNotFoundException: /tmp/EvoSuite_14_1550547642496/org/sat4j/tools/DotSearchTracing_14_tmp__ESTest.java (Too many open files)
	at java.io.FileOutputStream.open0(Native Method) ~[na:1.8.0_91]
	at java.io.FileOutputStream.open(FileOutputStream.java:270) ~[na:1.8.0_91]
	at java.io.FileOutputStream.<init>(FileOutputStream.java:213) ~[na:1.8.0_91]
	at org.evosuite.shaded.org.apache.commons.io.FileUtils.openOutputStream(FileUtils.java:365) ~[evosuite-master-1.0.7-SNAPSHOT.jar:1.0.7-SNAPSHOT]
	at org.evosuite.shaded.org.apache.commons.io.FileUtils.writeStringToFile(FileUtils.java:2015) ~[evosuite-master-1.0.7-SNAPSHOT.jar:1.0.7-SNAPSHOT]
	at org.evosuite.shaded.org.apache.commons.io.FileUtils.writeStringToFile(FileUtils.java:2048) ~[evosuite-master-1.0.7-SNAPSHOT.jar:1.0.7-SNAPSHOT]
	at org.evosuite.utils.FileIOUtils.writeFile(FileIOUtils.java:98) ~[evosuite-master-1.0.7-SNAPSHOT.jar:1.0.7-SNAPSHOT]
	at org.evosuite.junit.writer.TestSuiteWriter.writeTestSuite(TestSuiteWriter.java:247) [evosuite-master-1.0.7-SNAPSHOT.jar:1.0.7-SNAPSHOT]
	at org.evosuite.junit.JUnitAnalyzer.compileTests(JUnitAnalyzer.java:356) [evosuite-master-1.0.7-SNAPSHOT.jar:1.0.7-SNAPSHOT]
	at org.evosuite.junit.JUnitAnalyzer.removeTestsThatDoNotCompile(JUnitAnalyzer.java:105) [evosuite-master-1.0.7-SNAPSHOT.jar:1.0.7-SNAPSHOT]
	at org.evosuite.TestSuiteGenerator.compileAndCheckTests(TestSuiteGenerator.java:605) [evosuite-master-1.0.7-SNAPSHOT.jar:1.0.7-SNAPSHOT]
	at org.evosuite.TestSuiteGenerator.postProcessTests(TestSuiteGenerator.java:556) [evosuite-master-1.0.7-SNAPSHOT.jar:1.0.7-SNAPSHOT]
	at org.evosuite.TestSuiteGenerator.generateTestSuite(TestSuiteGenerator.java:254) [evosuite-master-1.0.7-SNAPSHOT.jar:1.0.7-SNAPSHOT]
	at org.evosuite.rmi.service.ClientNodeImpl$1.run(ClientNodeImpl.java:160) [evosuite-master-1.0.7-SNAPSHOT.jar:1.0.7-SNAPSHOT]
	at java.util.concurrent.Executors$RunnableAdapter.call(Executors.java:511) [na:1.8.0_91]
	at java.util.concurrent.FutureTask.run(FutureTask.java:266) [na:1.8.0_91]
	at java.util.concurrent.ThreadPoolExecutor.runWorker(ThreadPoolExecutor.java:1142) [na:1.8.0_91]
	at java.util.concurrent.ThreadPoolExecutor$Worker.run(ThreadPoolExecutor.java:617) [na:1.8.0_91]
	at java.lang.Thread.run(Thread.java:745) [na:1.8.0_91]
[MASTER] 04:40:42.516 [logback-2] ERROR FileIOUtils - Error while reading file DotSearchTracing_14_tmp__ESTest_scaffolding.java , /tmp/EvoSuite_14_1550547642496/org/sat4j/tools/DotSearchTracing_14_tmp__ESTest_scaffolding.java (Too many open files)
java.io.FileNotFoundException: /tmp/EvoSuite_14_1550547642496/org/sat4j/tools/DotSearchTracing_14_tmp__ESTest_scaffolding.java (Too many open files)
	at java.io.FileOutputStream.open0(Native Method) ~[na:1.8.0_91]
	at java.io.FileOutputStream.open(FileOutputStream.java:270) ~[na:1.8.0_91]
	at java.io.FileOutputStream.<init>(FileOutputStream.java:213) ~[na:1.8.0_91]
	at org.evosuite.shaded.org.apache.commons.io.FileUtils.openOutputStream(FileUtils.java:365) ~[evosuite-master-1.0.7-SNAPSHOT.jar:1.0.7-SNAPSHOT]
	at org.evosuite.shaded.org.apache.commons.io.FileUtils.writeStringToFile(FileUtils.java:2015) ~[evosuite-master-1.0.7-SNAPSHOT.jar:1.0.7-SNAPSHOT]
	at org.evosuite.shaded.org.apache.commons.io.FileUtils.writeStringToFile(FileUtils.java:2048) ~[evosuite-master-1.0.7-SNAPSHOT.jar:1.0.7-SNAPSHOT]
	at org.evosuite.utils.FileIOUtils.writeFile(FileIOUtils.java:98) ~[evosuite-master-1.0.7-SNAPSHOT.jar:1.0.7-SNAPSHOT]
	at org.evosuite.junit.writer.TestSuiteWriter.writeTestSuite(TestSuiteWriter.java:265) [evosuite-master-1.0.7-SNAPSHOT.jar:1.0.7-SNAPSHOT]
	at org.evosuite.junit.JUnitAnalyzer.compileTests(JUnitAnalyzer.java:356) [evosuite-master-1.0.7-SNAPSHOT.jar:1.0.7-SNAPSHOT]
	at org.evosuite.junit.JUnitAnalyzer.removeTestsThatDoNotCompile(JUnitAnalyzer.java:105) [evosuite-master-1.0.7-SNAPSHOT.jar:1.0.7-SNAPSHOT]
	at org.evosuite.TestSuiteGenerator.compileAndCheckTests(TestSuiteGenerator.java:605) [evosuite-master-1.0.7-SNAPSHOT.jar:1.0.7-SNAPSHOT]
	at org.evosuite.TestSuiteGenerator.postProcessTests(TestSuiteGenerator.java:556) [evosuite-master-1.0.7-SNAPSHOT.jar:1.0.7-SNAPSHOT]
	at org.evosuite.TestSuiteGenerator.generateTestSuite(TestSuiteGenerator.java:254) [evosuite-master-1.0.7-SNAPSHOT.jar:1.0.7-SNAPSHOT]
	at org.evosuite.rmi.service.ClientNodeImpl$1.run(ClientNodeImpl.java:160) [evosuite-master-1.0.7-SNAPSHOT.jar:1.0.7-SNAPSHOT]
	at java.util.concurrent.Executors$RunnableAdapter.call(Executors.java:511) [na:1.8.0_91]
	at java.util.concurrent.FutureTask.run(FutureTask.java:266) [na:1.8.0_91]
	at java.util.concurrent.ThreadPoolExecutor.runWorker(ThreadPoolExecutor.java:1142) [na:1.8.0_91]
	at java.util.concurrent.ThreadPoolExecutor$Worker.run(ThreadPoolExecutor.java:617) [na:1.8.0_91]
	at java.lang.Thread.run(Thread.java:745) [na:1.8.0_91]
[MASTER] 04:40:42.517 [logback-2] ERROR JUnitAnalyzer - Supposed to generate /tmp/EvoSuite_14_1550547642496/org/sat4j/tools/DotSearchTracing_14_tmp__ESTest.java but it does not exist
[MASTER] 04:40:42.517 [logback-2] ERROR JUnitAnalyzer - Failed to compile test case:
HashMap<Integer, String> hashMap0 = new HashMap<Integer, String>();
DotSearchTracing<String> dotSearchTracing0 = new DotSearchTracing<String>("7cub|");
dotSearchTracing0.setMapping(hashMap0);
String string0 = dotSearchTracing0.map((-2263));
assertEquals("-2263", string0);


[MASTER] 04:40:42.523 [logback-2] ERROR JUnitAnalyzer - Cannot delete tmp dir: /tmp/EvoSuite_14_1550547642496
java.io.IOException: Failed to list contents of /tmp/EvoSuite_14_1550547642496
	at org.evosuite.shaded.org.apache.commons.io.FileUtils.verifiedListFiles(FileUtils.java:1751) ~[evosuite-master-1.0.7-SNAPSHOT.jar:1.0.7-SNAPSHOT]
	at org.evosuite.shaded.org.apache.commons.io.FileUtils.cleanDirectory(FileUtils.java:1716) ~[evosuite-master-1.0.7-SNAPSHOT.jar:1.0.7-SNAPSHOT]
	at org.evosuite.shaded.org.apache.commons.io.FileUtils.deleteDirectory(FileUtils.java:1617) ~[evosuite-master-1.0.7-SNAPSHOT.jar:1.0.7-SNAPSHOT]
	at org.evosuite.junit.JUnitAnalyzer.removeTestsThatDoNotCompile(JUnitAnalyzer.java:115) ~[evosuite-master-1.0.7-SNAPSHOT.jar:1.0.7-SNAPSHOT]
	at org.evosuite.TestSuiteGenerator.compileAndCheckTests(TestSuiteGenerator.java:605) [evosuite-master-1.0.7-SNAPSHOT.jar:1.0.7-SNAPSHOT]
	at org.evosuite.TestSuiteGenerator.postProcessTests(TestSuiteGenerator.java:556) [evosuite-master-1.0.7-SNAPSHOT.jar:1.0.7-SNAPSHOT]
	at org.evosuite.TestSuiteGenerator.generateTestSuite(TestSuiteGenerator.java:254) [evosuite-master-1.0.7-SNAPSHOT.jar:1.0.7-SNAPSHOT]
	at org.evosuite.rmi.service.ClientNodeImpl$1.run(ClientNodeImpl.java:160) [evosuite-master-1.0.7-SNAPSHOT.jar:1.0.7-SNAPSHOT]
	at java.util.concurrent.Executors$RunnableAdapter.call(Executors.java:511) [na:1.8.0_91]
	at java.util.concurrent.FutureTask.run(FutureTask.java:266) [na:1.8.0_91]
	at java.util.concurrent.ThreadPoolExecutor.runWorker(ThreadPoolExecutor.java:1142) [na:1.8.0_91]
	at java.util.concurrent.ThreadPoolExecutor$Worker.run(ThreadPoolExecutor.java:617) [na:1.8.0_91]
	at java.lang.Thread.run(Thread.java:745) [na:1.8.0_91]
[MASTER] 04:40:42.537 [logback-2] ERROR FileIOUtils - Error while reading file DotSearchTracing_15_tmp__ESTest.java , /tmp/EvoSuite_15_1550547642523/org/sat4j/tools/DotSearchTracing_15_tmp__ESTest.java (Too many open files)
java.io.FileNotFoundException: /tmp/EvoSuite_15_1550547642523/org/sat4j/tools/DotSearchTracing_15_tmp__ESTest.java (Too many open files)
	at java.io.FileOutputStream.open0(Native Method) ~[na:1.8.0_91]
	at java.io.FileOutputStream.open(FileOutputStream.java:270) ~[na:1.8.0_91]
	at java.io.FileOutputStream.<init>(FileOutputStream.java:213) ~[na:1.8.0_91]
	at org.evosuite.shaded.org.apache.commons.io.FileUtils.openOutputStream(FileUtils.java:365) ~[evosuite-master-1.0.7-SNAPSHOT.jar:1.0.7-SNAPSHOT]
	at org.evosuite.shaded.org.apache.commons.io.FileUtils.writeStringToFile(FileUtils.java:2015) ~[evosuite-master-1.0.7-SNAPSHOT.jar:1.0.7-SNAPSHOT]
	at org.evosuite.shaded.org.apache.commons.io.FileUtils.writeStringToFile(FileUtils.java:2048) ~[evosuite-master-1.0.7-SNAPSHOT.jar:1.0.7-SNAPSHOT]
	at org.evosuite.utils.FileIOUtils.writeFile(FileIOUtils.java:98) ~[evosuite-master-1.0.7-SNAPSHOT.jar:1.0.7-SNAPSHOT]
	at org.evosuite.junit.writer.TestSuiteWriter.writeTestSuite(TestSuiteWriter.java:247) [evosuite-master-1.0.7-SNAPSHOT.jar:1.0.7-SNAPSHOT]
	at org.evosuite.junit.JUnitAnalyzer.compileTests(JUnitAnalyzer.java:356) [evosuite-master-1.0.7-SNAPSHOT.jar:1.0.7-SNAPSHOT]
	at org.evosuite.junit.JUnitAnalyzer.removeTestsThatDoNotCompile(JUnitAnalyzer.java:105) [evosuite-master-1.0.7-SNAPSHOT.jar:1.0.7-SNAPSHOT]
	at org.evosuite.TestSuiteGenerator.compileAndCheckTests(TestSuiteGenerator.java:605) [evosuite-master-1.0.7-SNAPSHOT.jar:1.0.7-SNAPSHOT]
	at org.evosuite.TestSuiteGenerator.postProcessTests(TestSuiteGenerator.java:556) [evosuite-master-1.0.7-SNAPSHOT.jar:1.0.7-SNAPSHOT]
	at org.evosuite.TestSuiteGenerator.generateTestSuite(TestSuiteGenerator.java:254) [evosuite-master-1.0.7-SNAPSHOT.jar:1.0.7-SNAPSHOT]
	at org.evosuite.rmi.service.ClientNodeImpl$1.run(ClientNodeImpl.java:160) [evosuite-master-1.0.7-SNAPSHOT.jar:1.0.7-SNAPSHOT]
	at java.util.concurrent.Executors$RunnableAdapter.call(Executors.java:511) [na:1.8.0_91]
	at java.util.concurrent.FutureTask.run(FutureTask.java:266) [na:1.8.0_91]
	at java.util.concurrent.ThreadPoolExecutor.runWorker(ThreadPoolExecutor.java:1142) [na:1.8.0_91]
	at java.util.concurrent.ThreadPoolExecutor$Worker.run(ThreadPoolExecutor.java:617) [na:1.8.0_91]
	at java.lang.Thread.run(Thread.java:745) [na:1.8.0_91]
[MASTER] 04:40:42.543 [logback-2] ERROR FileIOUtils - Error while reading file DotSearchTracing_15_tmp__ESTest_scaffolding.java , /tmp/EvoSuite_15_1550547642523/org/sat4j/tools/DotSearchTracing_15_tmp__ESTest_scaffolding.java (Too many open files)
java.io.FileNotFoundException: /tmp/EvoSuite_15_1550547642523/org/sat4j/tools/DotSearchTracing_15_tmp__ESTest_scaffolding.java (Too many open files)
	at java.io.FileOutputStream.open0(Native Method) ~[na:1.8.0_91]
	at java.io.FileOutputStream.open(FileOutputStream.java:270) ~[na:1.8.0_91]
	at java.io.FileOutputStream.<init>(FileOutputStream.java:213) ~[na:1.8.0_91]
	at org.evosuite.shaded.org.apache.commons.io.FileUtils.openOutputStream(FileUtils.java:365) ~[evosuite-master-1.0.7-SNAPSHOT.jar:1.0.7-SNAPSHOT]
	at org.evosuite.shaded.org.apache.commons.io.FileUtils.writeStringToFile(FileUtils.java:2015) ~[evosuite-master-1.0.7-SNAPSHOT.jar:1.0.7-SNAPSHOT]
	at org.evosuite.shaded.org.apache.commons.io.FileUtils.writeStringToFile(FileUtils.java:2048) ~[evosuite-master-1.0.7-SNAPSHOT.jar:1.0.7-SNAPSHOT]
	at org.evosuite.utils.FileIOUtils.writeFile(FileIOUtils.java:98) ~[evosuite-master-1.0.7-SNAPSHOT.jar:1.0.7-SNAPSHOT]
	at org.evosuite.junit.writer.TestSuiteWriter.writeTestSuite(TestSuiteWriter.java:265) [evosuite-master-1.0.7-SNAPSHOT.jar:1.0.7-SNAPSHOT]
	at org.evosuite.junit.JUnitAnalyzer.compileTests(JUnitAnalyzer.java:356) [evosuite-master-1.0.7-SNAPSHOT.jar:1.0.7-SNAPSHOT]
	at org.evosuite.junit.JUnitAnalyzer.removeTestsThatDoNotCompile(JUnitAnalyzer.java:105) [evosuite-master-1.0.7-SNAPSHOT.jar:1.0.7-SNAPSHOT]
	at org.evosuite.TestSuiteGenerator.compileAndCheckTests(TestSuiteGenerator.java:605) [evosuite-master-1.0.7-SNAPSHOT.jar:1.0.7-SNAPSHOT]
	at org.evosuite.TestSuiteGenerator.postProcessTests(TestSuiteGenerator.java:556) [evosuite-master-1.0.7-SNAPSHOT.jar:1.0.7-SNAPSHOT]
	at org.evosuite.TestSuiteGenerator.generateTestSuite(TestSuiteGenerator.java:254) [evosuite-master-1.0.7-SNAPSHOT.jar:1.0.7-SNAPSHOT]
	at org.evosuite.rmi.service.ClientNodeImpl$1.run(ClientNodeImpl.java:160) [evosuite-master-1.0.7-SNAPSHOT.jar:1.0.7-SNAPSHOT]
	at java.util.concurrent.Executors$RunnableAdapter.call(Executors.java:511) [na:1.8.0_91]
	at java.util.concurrent.FutureTask.run(FutureTask.java:266) [na:1.8.0_91]
	at java.util.concurrent.ThreadPoolExecutor.runWorker(ThreadPoolExecutor.java:1142) [na:1.8.0_91]
	at java.util.concurrent.ThreadPoolExecutor$Worker.run(ThreadPoolExecutor.java:617) [na:1.8.0_91]
	at java.lang.Thread.run(Thread.java:745) [na:1.8.0_91]
[MASTER] 04:40:42.545 [logback-2] ERROR JUnitAnalyzer - Supposed to generate /tmp/EvoSuite_15_1550547642523/org/sat4j/tools/DotSearchTracing_15_tmp__ESTest.java but it does not exist
[MASTER] 04:40:42.545 [logback-2] ERROR JUnitAnalyzer - Failed to compile test case:
DotSearchTracing<Integer> dotSearchTracing0 = new DotSearchTracing<Integer>("\t\"null\" -- \"null.-2126030650.false\"[label=\" -2126030650\", fontcolor =green, color = green, style = bold]");
String string0 = dotSearchTracing0.map(9);
assertEquals("9", string0);


[MASTER] 04:40:42.551 [logback-2] ERROR JUnitAnalyzer - Cannot delete tmp dir: /tmp/EvoSuite_15_1550547642523
java.io.IOException: Failed to list contents of /tmp/EvoSuite_15_1550547642523
	at org.evosuite.shaded.org.apache.commons.io.FileUtils.verifiedListFiles(FileUtils.java:1751) ~[evosuite-master-1.0.7-SNAPSHOT.jar:1.0.7-SNAPSHOT]
	at org.evosuite.shaded.org.apache.commons.io.FileUtils.cleanDirectory(FileUtils.java:1716) ~[evosuite-master-1.0.7-SNAPSHOT.jar:1.0.7-SNAPSHOT]
	at org.evosuite.shaded.org.apache.commons.io.FileUtils.deleteDirectory(FileUtils.java:1617) ~[evosuite-master-1.0.7-SNAPSHOT.jar:1.0.7-SNAPSHOT]
	at org.evosuite.junit.JUnitAnalyzer.removeTestsThatDoNotCompile(JUnitAnalyzer.java:115) ~[evosuite-master-1.0.7-SNAPSHOT.jar:1.0.7-SNAPSHOT]
	at org.evosuite.TestSuiteGenerator.compileAndCheckTests(TestSuiteGenerator.java:605) [evosuite-master-1.0.7-SNAPSHOT.jar:1.0.7-SNAPSHOT]
	at org.evosuite.TestSuiteGenerator.postProcessTests(TestSuiteGenerator.java:556) [evosuite-master-1.0.7-SNAPSHOT.jar:1.0.7-SNAPSHOT]
	at org.evosuite.TestSuiteGenerator.generateTestSuite(TestSuiteGenerator.java:254) [evosuite-master-1.0.7-SNAPSHOT.jar:1.0.7-SNAPSHOT]
	at org.evosuite.rmi.service.ClientNodeImpl$1.run(ClientNodeImpl.java:160) [evosuite-master-1.0.7-SNAPSHOT.jar:1.0.7-SNAPSHOT]
	at java.util.concurrent.Executors$RunnableAdapter.call(Executors.java:511) [na:1.8.0_91]
	at java.util.concurrent.FutureTask.run(FutureTask.java:266) [na:1.8.0_91]
	at java.util.concurrent.ThreadPoolExecutor.runWorker(ThreadPoolExecutor.java:1142) [na:1.8.0_91]
	at java.util.concurrent.ThreadPoolExecutor$Worker.run(ThreadPoolExecutor.java:617) [na:1.8.0_91]
	at java.lang.Thread.run(Thread.java:745) [na:1.8.0_91]
[MASTER] 04:40:42.562 [logback-2] ERROR FileIOUtils - Error while reading file DotSearchTracing_16_tmp__ESTest.java , /tmp/EvoSuite_16_1550547642552/org/sat4j/tools/DotSearchTracing_16_tmp__ESTest.java (Too many open files)
java.io.FileNotFoundException: /tmp/EvoSuite_16_1550547642552/org/sat4j/tools/DotSearchTracing_16_tmp__ESTest.java (Too many open files)
	at java.io.FileOutputStream.open0(Native Method) ~[na:1.8.0_91]
	at java.io.FileOutputStream.open(FileOutputStream.java:270) ~[na:1.8.0_91]
	at java.io.FileOutputStream.<init>(FileOutputStream.java:213) ~[na:1.8.0_91]
	at org.evosuite.shaded.org.apache.commons.io.FileUtils.openOutputStream(FileUtils.java:365) ~[evosuite-master-1.0.7-SNAPSHOT.jar:1.0.7-SNAPSHOT]
	at org.evosuite.shaded.org.apache.commons.io.FileUtils.writeStringToFile(FileUtils.java:2015) ~[evosuite-master-1.0.7-SNAPSHOT.jar:1.0.7-SNAPSHOT]
	at org.evosuite.shaded.org.apache.commons.io.FileUtils.writeStringToFile(FileUtils.java:2048) ~[evosuite-master-1.0.7-SNAPSHOT.jar:1.0.7-SNAPSHOT]
	at org.evosuite.utils.FileIOUtils.writeFile(FileIOUtils.java:98) ~[evosuite-master-1.0.7-SNAPSHOT.jar:1.0.7-SNAPSHOT]
	at org.evosuite.junit.writer.TestSuiteWriter.writeTestSuite(TestSuiteWriter.java:247) [evosuite-master-1.0.7-SNAPSHOT.jar:1.0.7-SNAPSHOT]
	at org.evosuite.junit.JUnitAnalyzer.compileTests(JUnitAnalyzer.java:356) [evosuite-master-1.0.7-SNAPSHOT.jar:1.0.7-SNAPSHOT]
	at org.evosuite.junit.JUnitAnalyzer.removeTestsThatDoNotCompile(JUnitAnalyzer.java:105) [evosuite-master-1.0.7-SNAPSHOT.jar:1.0.7-SNAPSHOT]
	at org.evosuite.TestSuiteGenerator.compileAndCheckTests(TestSuiteGenerator.java:605) [evosuite-master-1.0.7-SNAPSHOT.jar:1.0.7-SNAPSHOT]
	at org.evosuite.TestSuiteGenerator.postProcessTests(TestSuiteGenerator.java:556) [evosuite-master-1.0.7-SNAPSHOT.jar:1.0.7-SNAPSHOT]
	at org.evosuite.TestSuiteGenerator.generateTestSuite(TestSuiteGenerator.java:254) [evosuite-master-1.0.7-SNAPSHOT.jar:1.0.7-SNAPSHOT]
	at org.evosuite.rmi.service.ClientNodeImpl$1.run(ClientNodeImpl.java:160) [evosuite-master-1.0.7-SNAPSHOT.jar:1.0.7-SNAPSHOT]
	at java.util.concurrent.Executors$RunnableAdapter.call(Executors.java:511) [na:1.8.0_91]
	at java.util.concurrent.FutureTask.run(FutureTask.java:266) [na:1.8.0_91]
	at java.util.concurrent.ThreadPoolExecutor.runWorker(ThreadPoolExecutor.java:1142) [na:1.8.0_91]
	at java.util.concurrent.ThreadPoolExecutor$Worker.run(ThreadPoolExecutor.java:617) [na:1.8.0_91]
	at java.lang.Thread.run(Thread.java:745) [na:1.8.0_91]
[MASTER] 04:40:42.581 [logback-2] ERROR FileIOUtils - Error while reading file DotSearchTracing_16_tmp__ESTest_scaffolding.java , /tmp/EvoSuite_16_1550547642552/org/sat4j/tools/DotSearchTracing_16_tmp__ESTest_scaffolding.java (Too many open files)
java.io.FileNotFoundException: /tmp/EvoSuite_16_1550547642552/org/sat4j/tools/DotSearchTracing_16_tmp__ESTest_scaffolding.java (Too many open files)
	at java.io.FileOutputStream.open0(Native Method) ~[na:1.8.0_91]
	at java.io.FileOutputStream.open(FileOutputStream.java:270) ~[na:1.8.0_91]
	at java.io.FileOutputStream.<init>(FileOutputStream.java:213) ~[na:1.8.0_91]
	at org.evosuite.shaded.org.apache.commons.io.FileUtils.openOutputStream(FileUtils.java:365) ~[evosuite-master-1.0.7-SNAPSHOT.jar:1.0.7-SNAPSHOT]
	at org.evosuite.shaded.org.apache.commons.io.FileUtils.writeStringToFile(FileUtils.java:2015) ~[evosuite-master-1.0.7-SNAPSHOT.jar:1.0.7-SNAPSHOT]
	at org.evosuite.shaded.org.apache.commons.io.FileUtils.writeStringToFile(FileUtils.java:2048) ~[evosuite-master-1.0.7-SNAPSHOT.jar:1.0.7-SNAPSHOT]
	at org.evosuite.utils.FileIOUtils.writeFile(FileIOUtils.java:98) ~[evosuite-master-1.0.7-SNAPSHOT.jar:1.0.7-SNAPSHOT]
	at org.evosuite.junit.writer.TestSuiteWriter.writeTestSuite(TestSuiteWriter.java:265) [evosuite-master-1.0.7-SNAPSHOT.jar:1.0.7-SNAPSHOT]
	at org.evosuite.junit.JUnitAnalyzer.compileTests(JUnitAnalyzer.java:356) [evosuite-master-1.0.7-SNAPSHOT.jar:1.0.7-SNAPSHOT]
	at org.evosuite.junit.JUnitAnalyzer.removeTestsThatDoNotCompile(JUnitAnalyzer.java:105) [evosuite-master-1.0.7-SNAPSHOT.jar:1.0.7-SNAPSHOT]
	at org.evosuite.TestSuiteGenerator.compileAndCheckTests(TestSuiteGenerator.java:605) [evosuite-master-1.0.7-SNAPSHOT.jar:1.0.7-SNAPSHOT]
	at org.evosuite.TestSuiteGenerator.postProcessTests(TestSuiteGenerator.java:556) [evosuite-master-1.0.7-SNAPSHOT.jar:1.0.7-SNAPSHOT]
	at org.evosuite.TestSuiteGenerator.generateTestSuite(TestSuiteGenerator.java:254) [evosuite-master-1.0.7-SNAPSHOT.jar:1.0.7-SNAPSHOT]
	at org.evosuite.rmi.service.ClientNodeImpl$1.run(ClientNodeImpl.java:160) [evosuite-master-1.0.7-SNAPSHOT.jar:1.0.7-SNAPSHOT]
	at java.util.concurrent.Executors$RunnableAdapter.call(Executors.java:511) [na:1.8.0_91]
	at java.util.concurrent.FutureTask.run(FutureTask.java:266) [na:1.8.0_91]
	at java.util.concurrent.ThreadPoolExecutor.runWorker(ThreadPoolExecutor.java:1142) [na:1.8.0_91]
	at java.util.concurrent.ThreadPoolExecutor$Worker.run(ThreadPoolExecutor.java:617) [na:1.8.0_91]
	at java.lang.Thread.run(Thread.java:745) [na:1.8.0_91]
[MASTER] 04:40:42.590 [logback-2] ERROR JUnitAnalyzer - Supposed to generate /tmp/EvoSuite_16_1550547642552/org/sat4j/tools/DotSearchTracing_16_tmp__ESTest.java but it does not exist
[MASTER] 04:40:42.591 [logback-2] ERROR JUnitAnalyzer - Failed to compile test case:
DotSearchTracing<String> dotSearchTracing0 = new DotSearchTracing<String>("\", shape=bo, color=\"orange\", style=dotted]");
HashMap<Integer, String> hashMap0 = new HashMap<Integer, String>();
Integer integer0 = IVisualizationTool.NOTGOOD;
hashMap0.put(integer0, "Uo2.`ZmZ4s5G");
dotSearchTracing0.setMapping(hashMap0);
String string0 = dotSearchTracing0.map(Integer.MIN_VALUE);
assertNotNull(string0);


[MASTER] 04:40:42.591 [logback-2] ERROR JUnitAnalyzer - Cannot delete tmp dir: /tmp/EvoSuite_16_1550547642552
java.io.IOException: Failed to list contents of /tmp/EvoSuite_16_1550547642552
	at org.evosuite.shaded.org.apache.commons.io.FileUtils.verifiedListFiles(FileUtils.java:1751) ~[evosuite-master-1.0.7-SNAPSHOT.jar:1.0.7-SNAPSHOT]
	at org.evosuite.shaded.org.apache.commons.io.FileUtils.cleanDirectory(FileUtils.java:1716) ~[evosuite-master-1.0.7-SNAPSHOT.jar:1.0.7-SNAPSHOT]
	at org.evosuite.shaded.org.apache.commons.io.FileUtils.deleteDirectory(FileUtils.java:1617) ~[evosuite-master-1.0.7-SNAPSHOT.jar:1.0.7-SNAPSHOT]
	at org.evosuite.junit.JUnitAnalyzer.removeTestsThatDoNotCompile(JUnitAnalyzer.java:115) ~[evosuite-master-1.0.7-SNAPSHOT.jar:1.0.7-SNAPSHOT]
	at org.evosuite.TestSuiteGenerator.compileAndCheckTests(TestSuiteGenerator.java:605) [evosuite-master-1.0.7-SNAPSHOT.jar:1.0.7-SNAPSHOT]
	at org.evosuite.TestSuiteGenerator.postProcessTests(TestSuiteGenerator.java:556) [evosuite-master-1.0.7-SNAPSHOT.jar:1.0.7-SNAPSHOT]
	at org.evosuite.TestSuiteGenerator.generateTestSuite(TestSuiteGenerator.java:254) [evosuite-master-1.0.7-SNAPSHOT.jar:1.0.7-SNAPSHOT]
	at org.evosuite.rmi.service.ClientNodeImpl$1.run(ClientNodeImpl.java:160) [evosuite-master-1.0.7-SNAPSHOT.jar:1.0.7-SNAPSHOT]
	at java.util.concurrent.Executors$RunnableAdapter.call(Executors.java:511) [na:1.8.0_91]
	at java.util.concurrent.FutureTask.run(FutureTask.java:266) [na:1.8.0_91]
	at java.util.concurrent.ThreadPoolExecutor.runWorker(ThreadPoolExecutor.java:1142) [na:1.8.0_91]
	at java.util.concurrent.ThreadPoolExecutor$Worker.run(ThreadPoolExecutor.java:617) [na:1.8.0_91]
	at java.lang.Thread.run(Thread.java:745) [na:1.8.0_91]
[MASTER] 04:40:42.615 [logback-2] ERROR FileIOUtils - Error while reading file DotSearchTracing_17_tmp__ESTest.java , /tmp/EvoSuite_17_1550547642592/org/sat4j/tools/DotSearchTracing_17_tmp__ESTest.java (Too many open files)
java.io.FileNotFoundException: /tmp/EvoSuite_17_1550547642592/org/sat4j/tools/DotSearchTracing_17_tmp__ESTest.java (Too many open files)
	at java.io.FileOutputStream.open0(Native Method) ~[na:1.8.0_91]
	at java.io.FileOutputStream.open(FileOutputStream.java:270) ~[na:1.8.0_91]
	at java.io.FileOutputStream.<init>(FileOutputStream.java:213) ~[na:1.8.0_91]
	at org.evosuite.shaded.org.apache.commons.io.FileUtils.openOutputStream(FileUtils.java:365) ~[evosuite-master-1.0.7-SNAPSHOT.jar:1.0.7-SNAPSHOT]
	at org.evosuite.shaded.org.apache.commons.io.FileUtils.writeStringToFile(FileUtils.java:2015) ~[evosuite-master-1.0.7-SNAPSHOT.jar:1.0.7-SNAPSHOT]
	at org.evosuite.shaded.org.apache.commons.io.FileUtils.writeStringToFile(FileUtils.java:2048) ~[evosuite-master-1.0.7-SNAPSHOT.jar:1.0.7-SNAPSHOT]
	at org.evosuite.utils.FileIOUtils.writeFile(FileIOUtils.java:98) ~[evosuite-master-1.0.7-SNAPSHOT.jar:1.0.7-SNAPSHOT]
	at org.evosuite.junit.writer.TestSuiteWriter.writeTestSuite(TestSuiteWriter.java:247) [evosuite-master-1.0.7-SNAPSHOT.jar:1.0.7-SNAPSHOT]
	at org.evosuite.junit.JUnitAnalyzer.compileTests(JUnitAnalyzer.java:356) [evosuite-master-1.0.7-SNAPSHOT.jar:1.0.7-SNAPSHOT]
	at org.evosuite.junit.JUnitAnalyzer.removeTestsThatDoNotCompile(JUnitAnalyzer.java:105) [evosuite-master-1.0.7-SNAPSHOT.jar:1.0.7-SNAPSHOT]
	at org.evosuite.TestSuiteGenerator.compileAndCheckTests(TestSuiteGenerator.java:605) [evosuite-master-1.0.7-SNAPSHOT.jar:1.0.7-SNAPSHOT]
	at org.evosuite.TestSuiteGenerator.postProcessTests(TestSuiteGenerator.java:556) [evosuite-master-1.0.7-SNAPSHOT.jar:1.0.7-SNAPSHOT]
	at org.evosuite.TestSuiteGenerator.generateTestSuite(TestSuiteGenerator.java:254) [evosuite-master-1.0.7-SNAPSHOT.jar:1.0.7-SNAPSHOT]
	at org.evosuite.rmi.service.ClientNodeImpl$1.run(ClientNodeImpl.java:160) [evosuite-master-1.0.7-SNAPSHOT.jar:1.0.7-SNAPSHOT]
	at java.util.concurrent.Executors$RunnableAdapter.call(Executors.java:511) [na:1.8.0_91]
	at java.util.concurrent.FutureTask.run(FutureTask.java:266) [na:1.8.0_91]
	at java.util.concurrent.ThreadPoolExecutor.runWorker(ThreadPoolExecutor.java:1142) [na:1.8.0_91]
	at java.util.concurrent.ThreadPoolExecutor$Worker.run(ThreadPoolExecutor.java:617) [na:1.8.0_91]
	at java.lang.Thread.run(Thread.java:745) [na:1.8.0_91]
[MASTER] 04:40:42.616 [logback-2] ERROR FileIOUtils - Error while reading file DotSearchTracing_17_tmp__ESTest_scaffolding.java , /tmp/EvoSuite_17_1550547642592/org/sat4j/tools/DotSearchTracing_17_tmp__ESTest_scaffolding.java (Too many open files)
java.io.FileNotFoundException: /tmp/EvoSuite_17_1550547642592/org/sat4j/tools/DotSearchTracing_17_tmp__ESTest_scaffolding.java (Too many open files)
	at java.io.FileOutputStream.open0(Native Method) ~[na:1.8.0_91]
	at java.io.FileOutputStream.open(FileOutputStream.java:270) ~[na:1.8.0_91]
	at java.io.FileOutputStream.<init>(FileOutputStream.java:213) ~[na:1.8.0_91]
	at org.evosuite.shaded.org.apache.commons.io.FileUtils.openOutputStream(FileUtils.java:365) ~[evosuite-master-1.0.7-SNAPSHOT.jar:1.0.7-SNAPSHOT]
	at org.evosuite.shaded.org.apache.commons.io.FileUtils.writeStringToFile(FileUtils.java:2015) ~[evosuite-master-1.0.7-SNAPSHOT.jar:1.0.7-SNAPSHOT]
	at org.evosuite.shaded.org.apache.commons.io.FileUtils.writeStringToFile(FileUtils.java:2048) ~[evosuite-master-1.0.7-SNAPSHOT.jar:1.0.7-SNAPSHOT]
	at org.evosuite.utils.FileIOUtils.writeFile(FileIOUtils.java:98) ~[evosuite-master-1.0.7-SNAPSHOT.jar:1.0.7-SNAPSHOT]
	at org.evosuite.junit.writer.TestSuiteWriter.writeTestSuite(TestSuiteWriter.java:265) [evosuite-master-1.0.7-SNAPSHOT.jar:1.0.7-SNAPSHOT]
	at org.evosuite.junit.JUnitAnalyzer.compileTests(JUnitAnalyzer.java:356) [evosuite-master-1.0.7-SNAPSHOT.jar:1.0.7-SNAPSHOT]
	at org.evosuite.junit.JUnitAnalyzer.removeTestsThatDoNotCompile(JUnitAnalyzer.java:105) [evosuite-master-1.0.7-SNAPSHOT.jar:1.0.7-SNAPSHOT]
	at org.evosuite.TestSuiteGenerator.compileAndCheckTests(TestSuiteGenerator.java:605) [evosuite-master-1.0.7-SNAPSHOT.jar:1.0.7-SNAPSHOT]
	at org.evosuite.TestSuiteGenerator.postProcessTests(TestSuiteGenerator.java:556) [evosuite-master-1.0.7-SNAPSHOT.jar:1.0.7-SNAPSHOT]
	at org.evosuite.TestSuiteGenerator.generateTestSuite(TestSuiteGenerator.java:254) [evosuite-master-1.0.7-SNAPSHOT.jar:1.0.7-SNAPSHOT]
	at org.evosuite.rmi.service.ClientNodeImpl$1.run(ClientNodeImpl.java:160) [evosuite-master-1.0.7-SNAPSHOT.jar:1.0.7-SNAPSHOT]
	at java.util.concurrent.Executors$RunnableAdapter.call(Executors.java:511) [na:1.8.0_91]
	at java.util.concurrent.FutureTask.run(FutureTask.java:266) [na:1.8.0_91]
	at java.util.concurrent.ThreadPoolExecutor.runWorker(ThreadPoolExecutor.java:1142) [na:1.8.0_91]
	at java.util.concurrent.ThreadPoolExecutor$Worker.run(ThreadPoolExecutor.java:617) [na:1.8.0_91]
	at java.lang.Thread.run(Thread.java:745) [na:1.8.0_91]
[MASTER] 04:40:42.623 [logback-2] ERROR JUnitAnalyzer - Supposed to generate /tmp/EvoSuite_17_1550547642592/org/sat4j/tools/DotSearchTracing_17_tmp__ESTest.java but it does not exist
[MASTER] 04:40:42.624 [logback-2] ERROR JUnitAnalyzer - Failed to compile test case:
DotSearchTracing<String> dotSearchTracing0 = new DotSearchTracing<String>("Something went wrong when saving dot file");
HashMap<Integer, String> hashMap0 = new HashMap<Integer, String>();
Integer integer0 = new Integer(2997);
hashMap0.put(integer0, "\"[label=\"\", color=orange, style=dotted]");
dotSearchTracing0.setMapping(hashMap0);
String string0 = dotSearchTracing0.map(2997);
assertNotNull(string0);


[MASTER] 04:40:42.624 [logback-2] ERROR JUnitAnalyzer - Cannot delete tmp dir: /tmp/EvoSuite_17_1550547642592
java.io.IOException: Failed to list contents of /tmp/EvoSuite_17_1550547642592
	at org.evosuite.shaded.org.apache.commons.io.FileUtils.verifiedListFiles(FileUtils.java:1751) ~[evosuite-master-1.0.7-SNAPSHOT.jar:1.0.7-SNAPSHOT]
	at org.evosuite.shaded.org.apache.commons.io.FileUtils.cleanDirectory(FileUtils.java:1716) ~[evosuite-master-1.0.7-SNAPSHOT.jar:1.0.7-SNAPSHOT]
	at org.evosuite.shaded.org.apache.commons.io.FileUtils.deleteDirectory(FileUtils.java:1617) ~[evosuite-master-1.0.7-SNAPSHOT.jar:1.0.7-SNAPSHOT]
	at org.evosuite.junit.JUnitAnalyzer.removeTestsThatDoNotCompile(JUnitAnalyzer.java:115) ~[evosuite-master-1.0.7-SNAPSHOT.jar:1.0.7-SNAPSHOT]
	at org.evosuite.TestSuiteGenerator.compileAndCheckTests(TestSuiteGenerator.java:605) [evosuite-master-1.0.7-SNAPSHOT.jar:1.0.7-SNAPSHOT]
	at org.evosuite.TestSuiteGenerator.postProcessTests(TestSuiteGenerator.java:556) [evosuite-master-1.0.7-SNAPSHOT.jar:1.0.7-SNAPSHOT]
	at org.evosuite.TestSuiteGenerator.generateTestSuite(TestSuiteGenerator.java:254) [evosuite-master-1.0.7-SNAPSHOT.jar:1.0.7-SNAPSHOT]
	at org.evosuite.rmi.service.ClientNodeImpl$1.run(ClientNodeImpl.java:160) [evosuite-master-1.0.7-SNAPSHOT.jar:1.0.7-SNAPSHOT]
	at java.util.concurrent.Executors$RunnableAdapter.call(Executors.java:511) [na:1.8.0_91]
	at java.util.concurrent.FutureTask.run(FutureTask.java:266) [na:1.8.0_91]
	at java.util.concurrent.ThreadPoolExecutor.runWorker(ThreadPoolExecutor.java:1142) [na:1.8.0_91]
	at java.util.concurrent.ThreadPoolExecutor$Worker.run(ThreadPoolExecutor.java:617) [na:1.8.0_91]
	at java.lang.Thread.run(Thread.java:745) [na:1.8.0_91]
[MASTER] 04:40:42.632 [logback-2] ERROR FileIOUtils - Error while reading file DotSearchTracing_18_tmp__ESTest.java , /tmp/EvoSuite_18_1550547642624/org/sat4j/tools/DotSearchTracing_18_tmp__ESTest.java (Too many open files)
java.io.FileNotFoundException: /tmp/EvoSuite_18_1550547642624/org/sat4j/tools/DotSearchTracing_18_tmp__ESTest.java (Too many open files)
	at java.io.FileOutputStream.open0(Native Method) ~[na:1.8.0_91]
	at java.io.FileOutputStream.open(FileOutputStream.java:270) ~[na:1.8.0_91]
	at java.io.FileOutputStream.<init>(FileOutputStream.java:213) ~[na:1.8.0_91]
	at org.evosuite.shaded.org.apache.commons.io.FileUtils.openOutputStream(FileUtils.java:365) ~[evosuite-master-1.0.7-SNAPSHOT.jar:1.0.7-SNAPSHOT]
	at org.evosuite.shaded.org.apache.commons.io.FileUtils.writeStringToFile(FileUtils.java:2015) ~[evosuite-master-1.0.7-SNAPSHOT.jar:1.0.7-SNAPSHOT]
	at org.evosuite.shaded.org.apache.commons.io.FileUtils.writeStringToFile(FileUtils.java:2048) ~[evosuite-master-1.0.7-SNAPSHOT.jar:1.0.7-SNAPSHOT]
	at org.evosuite.utils.FileIOUtils.writeFile(FileIOUtils.java:98) ~[evosuite-master-1.0.7-SNAPSHOT.jar:1.0.7-SNAPSHOT]
	at org.evosuite.junit.writer.TestSuiteWriter.writeTestSuite(TestSuiteWriter.java:247) [evosuite-master-1.0.7-SNAPSHOT.jar:1.0.7-SNAPSHOT]
	at org.evosuite.junit.JUnitAnalyzer.compileTests(JUnitAnalyzer.java:356) [evosuite-master-1.0.7-SNAPSHOT.jar:1.0.7-SNAPSHOT]
	at org.evosuite.junit.JUnitAnalyzer.removeTestsThatDoNotCompile(JUnitAnalyzer.java:105) [evosuite-master-1.0.7-SNAPSHOT.jar:1.0.7-SNAPSHOT]
	at org.evosuite.TestSuiteGenerator.compileAndCheckTests(TestSuiteGenerator.java:605) [evosuite-master-1.0.7-SNAPSHOT.jar:1.0.7-SNAPSHOT]
	at org.evosuite.TestSuiteGenerator.postProcessTests(TestSuiteGenerator.java:556) [evosuite-master-1.0.7-SNAPSHOT.jar:1.0.7-SNAPSHOT]
	at org.evosuite.TestSuiteGenerator.generateTestSuite(TestSuiteGenerator.java:254) [evosuite-master-1.0.7-SNAPSHOT.jar:1.0.7-SNAPSHOT]
	at org.evosuite.rmi.service.ClientNodeImpl$1.run(ClientNodeImpl.java:160) [evosuite-master-1.0.7-SNAPSHOT.jar:1.0.7-SNAPSHOT]
	at java.util.concurrent.Executors$RunnableAdapter.call(Executors.java:511) [na:1.8.0_91]
	at java.util.concurrent.FutureTask.run(FutureTask.java:266) [na:1.8.0_91]
	at java.util.concurrent.ThreadPoolExecutor.runWorker(ThreadPoolExecutor.java:1142) [na:1.8.0_91]
	at java.util.concurrent.ThreadPoolExecutor$Worker.run(ThreadPoolExecutor.java:617) [na:1.8.0_91]
	at java.lang.Thread.run(Thread.java:745) [na:1.8.0_91]
[MASTER] 04:40:42.643 [logback-2] ERROR FileIOUtils - Error while reading file DotSearchTracing_18_tmp__ESTest_scaffolding.java , /tmp/EvoSuite_18_1550547642624/org/sat4j/tools/DotSearchTracing_18_tmp__ESTest_scaffolding.java (Too many open files)
java.io.FileNotFoundException: /tmp/EvoSuite_18_1550547642624/org/sat4j/tools/DotSearchTracing_18_tmp__ESTest_scaffolding.java (Too many open files)
	at java.io.FileOutputStream.open0(Native Method) ~[na:1.8.0_91]
	at java.io.FileOutputStream.open(FileOutputStream.java:270) ~[na:1.8.0_91]
	at java.io.FileOutputStream.<init>(FileOutputStream.java:213) ~[na:1.8.0_91]
	at org.evosuite.shaded.org.apache.commons.io.FileUtils.openOutputStream(FileUtils.java:365) ~[evosuite-master-1.0.7-SNAPSHOT.jar:1.0.7-SNAPSHOT]
	at org.evosuite.shaded.org.apache.commons.io.FileUtils.writeStringToFile(FileUtils.java:2015) ~[evosuite-master-1.0.7-SNAPSHOT.jar:1.0.7-SNAPSHOT]
	at org.evosuite.shaded.org.apache.commons.io.FileUtils.writeStringToFile(FileUtils.java:2048) ~[evosuite-master-1.0.7-SNAPSHOT.jar:1.0.7-SNAPSHOT]
	at org.evosuite.utils.FileIOUtils.writeFile(FileIOUtils.java:98) ~[evosuite-master-1.0.7-SNAPSHOT.jar:1.0.7-SNAPSHOT]
	at org.evosuite.junit.writer.TestSuiteWriter.writeTestSuite(TestSuiteWriter.java:265) [evosuite-master-1.0.7-SNAPSHOT.jar:1.0.7-SNAPSHOT]
	at org.evosuite.junit.JUnitAnalyzer.compileTests(JUnitAnalyzer.java:356) [evosuite-master-1.0.7-SNAPSHOT.jar:1.0.7-SNAPSHOT]
	at org.evosuite.junit.JUnitAnalyzer.removeTestsThatDoNotCompile(JUnitAnalyzer.java:105) [evosuite-master-1.0.7-SNAPSHOT.jar:1.0.7-SNAPSHOT]
	at org.evosuite.TestSuiteGenerator.compileAndCheckTests(TestSuiteGenerator.java:605) [evosuite-master-1.0.7-SNAPSHOT.jar:1.0.7-SNAPSHOT]
	at org.evosuite.TestSuiteGenerator.postProcessTests(TestSuiteGenerator.java:556) [evosuite-master-1.0.7-SNAPSHOT.jar:1.0.7-SNAPSHOT]
	at org.evosuite.TestSuiteGenerator.generateTestSuite(TestSuiteGenerator.java:254) [evosuite-master-1.0.7-SNAPSHOT.jar:1.0.7-SNAPSHOT]
	at org.evosuite.rmi.service.ClientNodeImpl$1.run(ClientNodeImpl.java:160) [evosuite-master-1.0.7-SNAPSHOT.jar:1.0.7-SNAPSHOT]
	at java.util.concurrent.Executors$RunnableAdapter.call(Executors.java:511) [na:1.8.0_91]
	at java.util.concurrent.FutureTask.run(FutureTask.java:266) [na:1.8.0_91]
	at java.util.concurrent.ThreadPoolExecutor.runWorker(ThreadPoolExecutor.java:1142) [na:1.8.0_91]
	at java.util.concurrent.ThreadPoolExecutor$Worker.run(ThreadPoolExecutor.java:617) [na:1.8.0_91]
	at java.lang.Thread.run(Thread.java:745) [na:1.8.0_91]
[MASTER] 04:40:42.644 [logback-2] ERROR JUnitAnalyzer - Supposed to generate /tmp/EvoSuite_18_1550547642624/org/sat4j/tools/DotSearchTracing_18_tmp__ESTest.java but it does not exist
[MASTER] 04:40:42.644 [logback-2] ERROR JUnitAnalyzer - Failed to compile test case:
DotSearchTracing<CardinalityDataStructure> dotSearchTracing0 = new DotSearchTracing<CardinalityDataStructure>((String) null);

[MASTER] 04:40:42.644 [logback-2] ERROR JUnitAnalyzer - Cannot delete tmp dir: /tmp/EvoSuite_18_1550547642624
java.io.IOException: Failed to list contents of /tmp/EvoSuite_18_1550547642624
	at org.evosuite.shaded.org.apache.commons.io.FileUtils.verifiedListFiles(FileUtils.java:1751) ~[evosuite-master-1.0.7-SNAPSHOT.jar:1.0.7-SNAPSHOT]
	at org.evosuite.shaded.org.apache.commons.io.FileUtils.cleanDirectory(FileUtils.java:1716) ~[evosuite-master-1.0.7-SNAPSHOT.jar:1.0.7-SNAPSHOT]
	at org.evosuite.shaded.org.apache.commons.io.FileUtils.deleteDirectory(FileUtils.java:1617) ~[evosuite-master-1.0.7-SNAPSHOT.jar:1.0.7-SNAPSHOT]
	at org.evosuite.junit.JUnitAnalyzer.removeTestsThatDoNotCompile(JUnitAnalyzer.java:115) ~[evosuite-master-1.0.7-SNAPSHOT.jar:1.0.7-SNAPSHOT]
	at org.evosuite.TestSuiteGenerator.compileAndCheckTests(TestSuiteGenerator.java:605) [evosuite-master-1.0.7-SNAPSHOT.jar:1.0.7-SNAPSHOT]
	at org.evosuite.TestSuiteGenerator.postProcessTests(TestSuiteGenerator.java:556) [evosuite-master-1.0.7-SNAPSHOT.jar:1.0.7-SNAPSHOT]
	at org.evosuite.TestSuiteGenerator.generateTestSuite(TestSuiteGenerator.java:254) [evosuite-master-1.0.7-SNAPSHOT.jar:1.0.7-SNAPSHOT]
	at org.evosuite.rmi.service.ClientNodeImpl$1.run(ClientNodeImpl.java:160) [evosuite-master-1.0.7-SNAPSHOT.jar:1.0.7-SNAPSHOT]
	at java.util.concurrent.Executors$RunnableAdapter.call(Executors.java:511) [na:1.8.0_91]
	at java.util.concurrent.FutureTask.run(FutureTask.java:266) [na:1.8.0_91]
	at java.util.concurrent.ThreadPoolExecutor.runWorker(ThreadPoolExecutor.java:1142) [na:1.8.0_91]
	at java.util.concurrent.ThreadPoolExecutor$Worker.run(ThreadPoolExecutor.java:617) [na:1.8.0_91]
	at java.lang.Thread.run(Thread.java:745) [na:1.8.0_91]
[MASTER] 04:40:42.658 [logback-2] ERROR FileIOUtils - Error while reading file DotSearchTracing_19_tmp__ESTest.java , /tmp/EvoSuite_19_1550547642644/org/sat4j/tools/DotSearchTracing_19_tmp__ESTest.java (Too many open files)
java.io.FileNotFoundException: /tmp/EvoSuite_19_1550547642644/org/sat4j/tools/DotSearchTracing_19_tmp__ESTest.java (Too many open files)
	at java.io.FileOutputStream.open0(Native Method) ~[na:1.8.0_91]
	at java.io.FileOutputStream.open(FileOutputStream.java:270) ~[na:1.8.0_91]
	at java.io.FileOutputStream.<init>(FileOutputStream.java:213) ~[na:1.8.0_91]
	at org.evosuite.shaded.org.apache.commons.io.FileUtils.openOutputStream(FileUtils.java:365) ~[evosuite-master-1.0.7-SNAPSHOT.jar:1.0.7-SNAPSHOT]
	at org.evosuite.shaded.org.apache.commons.io.FileUtils.writeStringToFile(FileUtils.java:2015) ~[evosuite-master-1.0.7-SNAPSHOT.jar:1.0.7-SNAPSHOT]
	at org.evosuite.shaded.org.apache.commons.io.FileUtils.writeStringToFile(FileUtils.java:2048) ~[evosuite-master-1.0.7-SNAPSHOT.jar:1.0.7-SNAPSHOT]
	at org.evosuite.utils.FileIOUtils.writeFile(FileIOUtils.java:98) ~[evosuite-master-1.0.7-SNAPSHOT.jar:1.0.7-SNAPSHOT]
	at org.evosuite.junit.writer.TestSuiteWriter.writeTestSuite(TestSuiteWriter.java:247) [evosuite-master-1.0.7-SNAPSHOT.jar:1.0.7-SNAPSHOT]
	at org.evosuite.junit.JUnitAnalyzer.compileTests(JUnitAnalyzer.java:356) [evosuite-master-1.0.7-SNAPSHOT.jar:1.0.7-SNAPSHOT]
	at org.evosuite.junit.JUnitAnalyzer.removeTestsThatDoNotCompile(JUnitAnalyzer.java:105) [evosuite-master-1.0.7-SNAPSHOT.jar:1.0.7-SNAPSHOT]
	at org.evosuite.TestSuiteGenerator.compileAndCheckTests(TestSuiteGenerator.java:605) [evosuite-master-1.0.7-SNAPSHOT.jar:1.0.7-SNAPSHOT]
	at org.evosuite.TestSuiteGenerator.postProcessTests(TestSuiteGenerator.java:556) [evosuite-master-1.0.7-SNAPSHOT.jar:1.0.7-SNAPSHOT]
	at org.evosuite.TestSuiteGenerator.generateTestSuite(TestSuiteGenerator.java:254) [evosuite-master-1.0.7-SNAPSHOT.jar:1.0.7-SNAPSHOT]
	at org.evosuite.rmi.service.ClientNodeImpl$1.run(ClientNodeImpl.java:160) [evosuite-master-1.0.7-SNAPSHOT.jar:1.0.7-SNAPSHOT]
	at java.util.concurrent.Executors$RunnableAdapter.call(Executors.java:511) [na:1.8.0_91]
	at java.util.concurrent.FutureTask.run(FutureTask.java:266) [na:1.8.0_91]
	at java.util.concurrent.ThreadPoolExecutor.runWorker(ThreadPoolExecutor.java:1142) [na:1.8.0_91]
	at java.util.concurrent.ThreadPoolExecutor$Worker.run(ThreadPoolExecutor.java:617) [na:1.8.0_91]
	at java.lang.Thread.run(Thread.java:745) [na:1.8.0_91]
[MASTER] 04:40:42.669 [logback-2] ERROR FileIOUtils - Error while reading file DotSearchTracing_19_tmp__ESTest_scaffolding.java , /tmp/EvoSuite_19_1550547642644/org/sat4j/tools/DotSearchTracing_19_tmp__ESTest_scaffolding.java (Too many open files)
java.io.FileNotFoundException: /tmp/EvoSuite_19_1550547642644/org/sat4j/tools/DotSearchTracing_19_tmp__ESTest_scaffolding.java (Too many open files)
	at java.io.FileOutputStream.open0(Native Method) ~[na:1.8.0_91]
	at java.io.FileOutputStream.open(FileOutputStream.java:270) ~[na:1.8.0_91]
	at java.io.FileOutputStream.<init>(FileOutputStream.java:213) ~[na:1.8.0_91]
	at org.evosuite.shaded.org.apache.commons.io.FileUtils.openOutputStream(FileUtils.java:365) ~[evosuite-master-1.0.7-SNAPSHOT.jar:1.0.7-SNAPSHOT]
	at org.evosuite.shaded.org.apache.commons.io.FileUtils.writeStringToFile(FileUtils.java:2015) ~[evosuite-master-1.0.7-SNAPSHOT.jar:1.0.7-SNAPSHOT]
	at org.evosuite.shaded.org.apache.commons.io.FileUtils.writeStringToFile(FileUtils.java:2048) ~[evosuite-master-1.0.7-SNAPSHOT.jar:1.0.7-SNAPSHOT]
	at org.evosuite.utils.FileIOUtils.writeFile(FileIOUtils.java:98) ~[evosuite-master-1.0.7-SNAPSHOT.jar:1.0.7-SNAPSHOT]
	at org.evosuite.junit.writer.TestSuiteWriter.writeTestSuite(TestSuiteWriter.java:265) [evosuite-master-1.0.7-SNAPSHOT.jar:1.0.7-SNAPSHOT]
	at org.evosuite.junit.JUnitAnalyzer.compileTests(JUnitAnalyzer.java:356) [evosuite-master-1.0.7-SNAPSHOT.jar:1.0.7-SNAPSHOT]
	at org.evosuite.junit.JUnitAnalyzer.removeTestsThatDoNotCompile(JUnitAnalyzer.java:105) [evosuite-master-1.0.7-SNAPSHOT.jar:1.0.7-SNAPSHOT]
	at org.evosuite.TestSuiteGenerator.compileAndCheckTests(TestSuiteGenerator.java:605) [evosuite-master-1.0.7-SNAPSHOT.jar:1.0.7-SNAPSHOT]
	at org.evosuite.TestSuiteGenerator.postProcessTests(TestSuiteGenerator.java:556) [evosuite-master-1.0.7-SNAPSHOT.jar:1.0.7-SNAPSHOT]
	at org.evosuite.TestSuiteGenerator.generateTestSuite(TestSuiteGenerator.java:254) [evosuite-master-1.0.7-SNAPSHOT.jar:1.0.7-SNAPSHOT]
	at org.evosuite.rmi.service.ClientNodeImpl$1.run(ClientNodeImpl.java:160) [evosuite-master-1.0.7-SNAPSHOT.jar:1.0.7-SNAPSHOT]
	at java.util.concurrent.Executors$RunnableAdapter.call(Executors.java:511) [na:1.8.0_91]
	at java.util.concurrent.FutureTask.run(FutureTask.java:266) [na:1.8.0_91]
	at java.util.concurrent.ThreadPoolExecutor.runWorker(ThreadPoolExecutor.java:1142) [na:1.8.0_91]
	at java.util.concurrent.ThreadPoolExecutor$Worker.run(ThreadPoolExecutor.java:617) [na:1.8.0_91]
	at java.lang.Thread.run(Thread.java:745) [na:1.8.0_91]
[MASTER] 04:40:42.674 [logback-2] ERROR JUnitAnalyzer - Supposed to generate /tmp/EvoSuite_19_1550547642644/org/sat4j/tools/DotSearchTracing_19_tmp__ESTest.java but it does not exist
[MASTER] 04:40:42.675 [logback-2] ERROR JUnitAnalyzer - Failed to compile test case:
DotSearchTracing<String> dotSearchTracing0 = new DotSearchTracing<String>("PeB%c");
UnitPropagationListener unitPropagationListener0 = mock(UnitPropagationListener.class, new ViolatedAssumptionAnswer());
ILits iLits0 = mock(ILits.class, new ViolatedAssumptionAnswer());
IVecInt iVecInt0 = mock(IVecInt.class, new ViolatedAssumptionAnswer());
doReturn(0).when(iVecInt0).size();
CBClause cBClause0 = CBClause.brandNewClause(unitPropagationListener0, iLits0, iVecInt0);
dotSearchTracing0.enqueueing(1462, cBClause0);

[MASTER] 04:40:42.675 [logback-2] ERROR JUnitAnalyzer - Cannot delete tmp dir: /tmp/EvoSuite_19_1550547642644
java.io.IOException: Failed to list contents of /tmp/EvoSuite_19_1550547642644
	at org.evosuite.shaded.org.apache.commons.io.FileUtils.verifiedListFiles(FileUtils.java:1751) ~[evosuite-master-1.0.7-SNAPSHOT.jar:1.0.7-SNAPSHOT]
	at org.evosuite.shaded.org.apache.commons.io.FileUtils.cleanDirectory(FileUtils.java:1716) ~[evosuite-master-1.0.7-SNAPSHOT.jar:1.0.7-SNAPSHOT]
	at org.evosuite.shaded.org.apache.commons.io.FileUtils.deleteDirectory(FileUtils.java:1617) ~[evosuite-master-1.0.7-SNAPSHOT.jar:1.0.7-SNAPSHOT]
	at org.evosuite.junit.JUnitAnalyzer.removeTestsThatDoNotCompile(JUnitAnalyzer.java:115) ~[evosuite-master-1.0.7-SNAPSHOT.jar:1.0.7-SNAPSHOT]
	at org.evosuite.TestSuiteGenerator.compileAndCheckTests(TestSuiteGenerator.java:605) [evosuite-master-1.0.7-SNAPSHOT.jar:1.0.7-SNAPSHOT]
	at org.evosuite.TestSuiteGenerator.postProcessTests(TestSuiteGenerator.java:556) [evosuite-master-1.0.7-SNAPSHOT.jar:1.0.7-SNAPSHOT]
	at org.evosuite.TestSuiteGenerator.generateTestSuite(TestSuiteGenerator.java:254) [evosuite-master-1.0.7-SNAPSHOT.jar:1.0.7-SNAPSHOT]
	at org.evosuite.rmi.service.ClientNodeImpl$1.run(ClientNodeImpl.java:160) [evosuite-master-1.0.7-SNAPSHOT.jar:1.0.7-SNAPSHOT]
	at java.util.concurrent.Executors$RunnableAdapter.call(Executors.java:511) [na:1.8.0_91]
	at java.util.concurrent.FutureTask.run(FutureTask.java:266) [na:1.8.0_91]
	at java.util.concurrent.ThreadPoolExecutor.runWorker(ThreadPoolExecutor.java:1142) [na:1.8.0_91]
	at java.util.concurrent.ThreadPoolExecutor$Worker.run(ThreadPoolExecutor.java:617) [na:1.8.0_91]
	at java.lang.Thread.run(Thread.java:745) [na:1.8.0_91]
[MASTER] 04:40:42.678 [logback-2] ERROR FileIOUtils - Error while reading file DotSearchTracing_20_tmp__ESTest.java , /tmp/EvoSuite_20_1550547642675/org/sat4j/tools/DotSearchTracing_20_tmp__ESTest.java (Too many open files)
java.io.FileNotFoundException: /tmp/EvoSuite_20_1550547642675/org/sat4j/tools/DotSearchTracing_20_tmp__ESTest.java (Too many open files)
	at java.io.FileOutputStream.open0(Native Method) ~[na:1.8.0_91]
	at java.io.FileOutputStream.open(FileOutputStream.java:270) ~[na:1.8.0_91]
	at java.io.FileOutputStream.<init>(FileOutputStream.java:213) ~[na:1.8.0_91]
	at org.evosuite.shaded.org.apache.commons.io.FileUtils.openOutputStream(FileUtils.java:365) ~[evosuite-master-1.0.7-SNAPSHOT.jar:1.0.7-SNAPSHOT]
	at org.evosuite.shaded.org.apache.commons.io.FileUtils.writeStringToFile(FileUtils.java:2015) ~[evosuite-master-1.0.7-SNAPSHOT.jar:1.0.7-SNAPSHOT]
	at org.evosuite.shaded.org.apache.commons.io.FileUtils.writeStringToFile(FileUtils.java:2048) ~[evosuite-master-1.0.7-SNAPSHOT.jar:1.0.7-SNAPSHOT]
	at org.evosuite.utils.FileIOUtils.writeFile(FileIOUtils.java:98) ~[evosuite-master-1.0.7-SNAPSHOT.jar:1.0.7-SNAPSHOT]
	at org.evosuite.junit.writer.TestSuiteWriter.writeTestSuite(TestSuiteWriter.java:247) [evosuite-master-1.0.7-SNAPSHOT.jar:1.0.7-SNAPSHOT]
	at org.evosuite.junit.JUnitAnalyzer.compileTests(JUnitAnalyzer.java:356) [evosuite-master-1.0.7-SNAPSHOT.jar:1.0.7-SNAPSHOT]
	at org.evosuite.junit.JUnitAnalyzer.removeTestsThatDoNotCompile(JUnitAnalyzer.java:105) [evosuite-master-1.0.7-SNAPSHOT.jar:1.0.7-SNAPSHOT]
	at org.evosuite.TestSuiteGenerator.compileAndCheckTests(TestSuiteGenerator.java:605) [evosuite-master-1.0.7-SNAPSHOT.jar:1.0.7-SNAPSHOT]
	at org.evosuite.TestSuiteGenerator.postProcessTests(TestSuiteGenerator.java:556) [evosuite-master-1.0.7-SNAPSHOT.jar:1.0.7-SNAPSHOT]
	at org.evosuite.TestSuiteGenerator.generateTestSuite(TestSuiteGenerator.java:254) [evosuite-master-1.0.7-SNAPSHOT.jar:1.0.7-SNAPSHOT]
	at org.evosuite.rmi.service.ClientNodeImpl$1.run(ClientNodeImpl.java:160) [evosuite-master-1.0.7-SNAPSHOT.jar:1.0.7-SNAPSHOT]
	at java.util.concurrent.Executors$RunnableAdapter.call(Executors.java:511) [na:1.8.0_91]
	at java.util.concurrent.FutureTask.run(FutureTask.java:266) [na:1.8.0_91]
	at java.util.concurrent.ThreadPoolExecutor.runWorker(ThreadPoolExecutor.java:1142) [na:1.8.0_91]
	at java.util.concurrent.ThreadPoolExecutor$Worker.run(ThreadPoolExecutor.java:617) [na:1.8.0_91]
	at java.lang.Thread.run(Thread.java:745) [na:1.8.0_91]
[MASTER] 04:40:42.699 [logback-2] ERROR FileIOUtils - Error while reading file DotSearchTracing_20_tmp__ESTest_scaffolding.java , /tmp/EvoSuite_20_1550547642675/org/sat4j/tools/DotSearchTracing_20_tmp__ESTest_scaffolding.java (Too many open files)
java.io.FileNotFoundException: /tmp/EvoSuite_20_1550547642675/org/sat4j/tools/DotSearchTracing_20_tmp__ESTest_scaffolding.java (Too many open files)
	at java.io.FileOutputStream.open0(Native Method) ~[na:1.8.0_91]
	at java.io.FileOutputStream.open(FileOutputStream.java:270) ~[na:1.8.0_91]
	at java.io.FileOutputStream.<init>(FileOutputStream.java:213) ~[na:1.8.0_91]
	at org.evosuite.shaded.org.apache.commons.io.FileUtils.openOutputStream(FileUtils.java:365) ~[evosuite-master-1.0.7-SNAPSHOT.jar:1.0.7-SNAPSHOT]
	at org.evosuite.shaded.org.apache.commons.io.FileUtils.writeStringToFile(FileUtils.java:2015) ~[evosuite-master-1.0.7-SNAPSHOT.jar:1.0.7-SNAPSHOT]
	at org.evosuite.shaded.org.apache.commons.io.FileUtils.writeStringToFile(FileUtils.java:2048) ~[evosuite-master-1.0.7-SNAPSHOT.jar:1.0.7-SNAPSHOT]
	at org.evosuite.utils.FileIOUtils.writeFile(FileIOUtils.java:98) ~[evosuite-master-1.0.7-SNAPSHOT.jar:1.0.7-SNAPSHOT]
	at org.evosuite.junit.writer.TestSuiteWriter.writeTestSuite(TestSuiteWriter.java:265) [evosuite-master-1.0.7-SNAPSHOT.jar:1.0.7-SNAPSHOT]
	at org.evosuite.junit.JUnitAnalyzer.compileTests(JUnitAnalyzer.java:356) [evosuite-master-1.0.7-SNAPSHOT.jar:1.0.7-SNAPSHOT]
	at org.evosuite.junit.JUnitAnalyzer.removeTestsThatDoNotCompile(JUnitAnalyzer.java:105) [evosuite-master-1.0.7-SNAPSHOT.jar:1.0.7-SNAPSHOT]
	at org.evosuite.TestSuiteGenerator.compileAndCheckTests(TestSuiteGenerator.java:605) [evosuite-master-1.0.7-SNAPSHOT.jar:1.0.7-SNAPSHOT]
	at org.evosuite.TestSuiteGenerator.postProcessTests(TestSuiteGenerator.java:556) [evosuite-master-1.0.7-SNAPSHOT.jar:1.0.7-SNAPSHOT]
	at org.evosuite.TestSuiteGenerator.generateTestSuite(TestSuiteGenerator.java:254) [evosuite-master-1.0.7-SNAPSHOT.jar:1.0.7-SNAPSHOT]
	at org.evosuite.rmi.service.ClientNodeImpl$1.run(ClientNodeImpl.java:160) [evosuite-master-1.0.7-SNAPSHOT.jar:1.0.7-SNAPSHOT]
	at java.util.concurrent.Executors$RunnableAdapter.call(Executors.java:511) [na:1.8.0_91]
	at java.util.concurrent.FutureTask.run(FutureTask.java:266) [na:1.8.0_91]
	at java.util.concurrent.ThreadPoolExecutor.runWorker(ThreadPoolExecutor.java:1142) [na:1.8.0_91]
	at java.util.concurrent.ThreadPoolExecutor$Worker.run(ThreadPoolExecutor.java:617) [na:1.8.0_91]
	at java.lang.Thread.run(Thread.java:745) [na:1.8.0_91]
[MASTER] 04:40:42.700 [logback-2] ERROR JUnitAnalyzer - Supposed to generate /tmp/EvoSuite_20_1550547642675/org/sat4j/tools/DotSearchTracing_20_tmp__ESTest.java but it does not exist
[MASTER] 04:40:42.700 [logback-2] ERROR JUnitAnalyzer - Failed to compile test case:
DotSearchTracing<CardinalityDataStructure> dotSearchTracing0 = new DotSearchTracing<CardinalityDataStructure>("");
dotSearchTracing0.start();

[MASTER] 04:40:42.701 [logback-2] ERROR JUnitAnalyzer - Cannot delete tmp dir: /tmp/EvoSuite_20_1550547642675
java.io.IOException: Failed to list contents of /tmp/EvoSuite_20_1550547642675
	at org.evosuite.shaded.org.apache.commons.io.FileUtils.verifiedListFiles(FileUtils.java:1751) ~[evosuite-master-1.0.7-SNAPSHOT.jar:1.0.7-SNAPSHOT]
	at org.evosuite.shaded.org.apache.commons.io.FileUtils.cleanDirectory(FileUtils.java:1716) ~[evosuite-master-1.0.7-SNAPSHOT.jar:1.0.7-SNAPSHOT]
	at org.evosuite.shaded.org.apache.commons.io.FileUtils.deleteDirectory(FileUtils.java:1617) ~[evosuite-master-1.0.7-SNAPSHOT.jar:1.0.7-SNAPSHOT]
	at org.evosuite.junit.JUnitAnalyzer.removeTestsThatDoNotCompile(JUnitAnalyzer.java:115) ~[evosuite-master-1.0.7-SNAPSHOT.jar:1.0.7-SNAPSHOT]
	at org.evosuite.TestSuiteGenerator.compileAndCheckTests(TestSuiteGenerator.java:605) [evosuite-master-1.0.7-SNAPSHOT.jar:1.0.7-SNAPSHOT]
	at org.evosuite.TestSuiteGenerator.postProcessTests(TestSuiteGenerator.java:556) [evosuite-master-1.0.7-SNAPSHOT.jar:1.0.7-SNAPSHOT]
	at org.evosuite.TestSuiteGenerator.generateTestSuite(TestSuiteGenerator.java:254) [evosuite-master-1.0.7-SNAPSHOT.jar:1.0.7-SNAPSHOT]
	at org.evosuite.rmi.service.ClientNodeImpl$1.run(ClientNodeImpl.java:160) [evosuite-master-1.0.7-SNAPSHOT.jar:1.0.7-SNAPSHOT]
	at java.util.concurrent.Executors$RunnableAdapter.call(Executors.java:511) [na:1.8.0_91]
	at java.util.concurrent.FutureTask.run(FutureTask.java:266) [na:1.8.0_91]
	at java.util.concurrent.ThreadPoolExecutor.runWorker(ThreadPoolExecutor.java:1142) [na:1.8.0_91]
	at java.util.concurrent.ThreadPoolExecutor$Worker.run(ThreadPoolExecutor.java:617) [na:1.8.0_91]
	at java.lang.Thread.run(Thread.java:745) [na:1.8.0_91]
[MASTER] 04:40:42.708 [logback-2] ERROR FileIOUtils - Error while reading file DotSearchTracing_21_tmp__ESTest.java , /tmp/EvoSuite_21_1550547642701/org/sat4j/tools/DotSearchTracing_21_tmp__ESTest.java (Too many open files)
java.io.FileNotFoundException: /tmp/EvoSuite_21_1550547642701/org/sat4j/tools/DotSearchTracing_21_tmp__ESTest.java (Too many open files)
	at java.io.FileOutputStream.open0(Native Method) ~[na:1.8.0_91]
	at java.io.FileOutputStream.open(FileOutputStream.java:270) ~[na:1.8.0_91]
	at java.io.FileOutputStream.<init>(FileOutputStream.java:213) ~[na:1.8.0_91]
	at org.evosuite.shaded.org.apache.commons.io.FileUtils.openOutputStream(FileUtils.java:365) ~[evosuite-master-1.0.7-SNAPSHOT.jar:1.0.7-SNAPSHOT]
	at org.evosuite.shaded.org.apache.commons.io.FileUtils.writeStringToFile(FileUtils.java:2015) ~[evosuite-master-1.0.7-SNAPSHOT.jar:1.0.7-SNAPSHOT]
	at org.evosuite.shaded.org.apache.commons.io.FileUtils.writeStringToFile(FileUtils.java:2048) ~[evosuite-master-1.0.7-SNAPSHOT.jar:1.0.7-SNAPSHOT]
	at org.evosuite.utils.FileIOUtils.writeFile(FileIOUtils.java:98) ~[evosuite-master-1.0.7-SNAPSHOT.jar:1.0.7-SNAPSHOT]
	at org.evosuite.junit.writer.TestSuiteWriter.writeTestSuite(TestSuiteWriter.java:247) [evosuite-master-1.0.7-SNAPSHOT.jar:1.0.7-SNAPSHOT]
	at org.evosuite.junit.JUnitAnalyzer.compileTests(JUnitAnalyzer.java:356) [evosuite-master-1.0.7-SNAPSHOT.jar:1.0.7-SNAPSHOT]
	at org.evosuite.junit.JUnitAnalyzer.removeTestsThatDoNotCompile(JUnitAnalyzer.java:105) [evosuite-master-1.0.7-SNAPSHOT.jar:1.0.7-SNAPSHOT]
	at org.evosuite.TestSuiteGenerator.compileAndCheckTests(TestSuiteGenerator.java:605) [evosuite-master-1.0.7-SNAPSHOT.jar:1.0.7-SNAPSHOT]
	at org.evosuite.TestSuiteGenerator.postProcessTests(TestSuiteGenerator.java:556) [evosuite-master-1.0.7-SNAPSHOT.jar:1.0.7-SNAPSHOT]
	at org.evosuite.TestSuiteGenerator.generateTestSuite(TestSuiteGenerator.java:254) [evosuite-master-1.0.7-SNAPSHOT.jar:1.0.7-SNAPSHOT]
	at org.evosuite.rmi.service.ClientNodeImpl$1.run(ClientNodeImpl.java:160) [evosuite-master-1.0.7-SNAPSHOT.jar:1.0.7-SNAPSHOT]
	at java.util.concurrent.Executors$RunnableAdapter.call(Executors.java:511) [na:1.8.0_91]
	at java.util.concurrent.FutureTask.run(FutureTask.java:266) [na:1.8.0_91]
	at java.util.concurrent.ThreadPoolExecutor.runWorker(ThreadPoolExecutor.java:1142) [na:1.8.0_91]
	at java.util.concurrent.ThreadPoolExecutor$Worker.run(ThreadPoolExecutor.java:617) [na:1.8.0_91]
	at java.lang.Thread.run(Thread.java:745) [na:1.8.0_91]
[MASTER] 04:40:42.716 [logback-2] ERROR FileIOUtils - Error while reading file DotSearchTracing_21_tmp__ESTest_scaffolding.java , /tmp/EvoSuite_21_1550547642701/org/sat4j/tools/DotSearchTracing_21_tmp__ESTest_scaffolding.java (Too many open files)
java.io.FileNotFoundException: /tmp/EvoSuite_21_1550547642701/org/sat4j/tools/DotSearchTracing_21_tmp__ESTest_scaffolding.java (Too many open files)
	at java.io.FileOutputStream.open0(Native Method) ~[na:1.8.0_91]
	at java.io.FileOutputStream.open(FileOutputStream.java:270) ~[na:1.8.0_91]
	at java.io.FileOutputStream.<init>(FileOutputStream.java:213) ~[na:1.8.0_91]
	at org.evosuite.shaded.org.apache.commons.io.FileUtils.openOutputStream(FileUtils.java:365) ~[evosuite-master-1.0.7-SNAPSHOT.jar:1.0.7-SNAPSHOT]
	at org.evosuite.shaded.org.apache.commons.io.FileUtils.writeStringToFile(FileUtils.java:2015) ~[evosuite-master-1.0.7-SNAPSHOT.jar:1.0.7-SNAPSHOT]
	at org.evosuite.shaded.org.apache.commons.io.FileUtils.writeStringToFile(FileUtils.java:2048) ~[evosuite-master-1.0.7-SNAPSHOT.jar:1.0.7-SNAPSHOT]
	at org.evosuite.utils.FileIOUtils.writeFile(FileIOUtils.java:98) ~[evosuite-master-1.0.7-SNAPSHOT.jar:1.0.7-SNAPSHOT]
	at org.evosuite.junit.writer.TestSuiteWriter.writeTestSuite(TestSuiteWriter.java:265) [evosuite-master-1.0.7-SNAPSHOT.jar:1.0.7-SNAPSHOT]
	at org.evosuite.junit.JUnitAnalyzer.compileTests(JUnitAnalyzer.java:356) [evosuite-master-1.0.7-SNAPSHOT.jar:1.0.7-SNAPSHOT]
	at org.evosuite.junit.JUnitAnalyzer.removeTestsThatDoNotCompile(JUnitAnalyzer.java:105) [evosuite-master-1.0.7-SNAPSHOT.jar:1.0.7-SNAPSHOT]
	at org.evosuite.TestSuiteGenerator.compileAndCheckTests(TestSuiteGenerator.java:605) [evosuite-master-1.0.7-SNAPSHOT.jar:1.0.7-SNAPSHOT]
	at org.evosuite.TestSuiteGenerator.postProcessTests(TestSuiteGenerator.java:556) [evosuite-master-1.0.7-SNAPSHOT.jar:1.0.7-SNAPSHOT]
	at org.evosuite.TestSuiteGenerator.generateTestSuite(TestSuiteGenerator.java:254) [evosuite-master-1.0.7-SNAPSHOT.jar:1.0.7-SNAPSHOT]
	at org.evosuite.rmi.service.ClientNodeImpl$1.run(ClientNodeImpl.java:160) [evosuite-master-1.0.7-SNAPSHOT.jar:1.0.7-SNAPSHOT]
	at java.util.concurrent.Executors$RunnableAdapter.call(Executors.java:511) [na:1.8.0_91]
	at java.util.concurrent.FutureTask.run(FutureTask.java:266) [na:1.8.0_91]
	at java.util.concurrent.ThreadPoolExecutor.runWorker(ThreadPoolExecutor.java:1142) [na:1.8.0_91]
	at java.util.concurrent.ThreadPoolExecutor$Worker.run(ThreadPoolExecutor.java:617) [na:1.8.0_91]
	at java.lang.Thread.run(Thread.java:745) [na:1.8.0_91]
[MASTER] 04:40:42.717 [logback-2] ERROR JUnitAnalyzer - Supposed to generate /tmp/EvoSuite_21_1550547642701/org/sat4j/tools/DotSearchTracing_21_tmp__ESTest.java but it does not exist
[MASTER] 04:40:42.717 [logback-2] ERROR JUnitAnalyzer - Failed to compile test case:
DotSearchTracing<CardinalityDataStructure> dotSearchTracing0 = new DotSearchTracing<CardinalityDataStructure>("g$0kOIR~Q=");
dotSearchTracing0.assuming((-1685));

[MASTER] 04:40:42.717 [logback-2] ERROR JUnitAnalyzer - Cannot delete tmp dir: /tmp/EvoSuite_21_1550547642701
java.io.IOException: Failed to list contents of /tmp/EvoSuite_21_1550547642701
	at org.evosuite.shaded.org.apache.commons.io.FileUtils.verifiedListFiles(FileUtils.java:1751) ~[evosuite-master-1.0.7-SNAPSHOT.jar:1.0.7-SNAPSHOT]
	at org.evosuite.shaded.org.apache.commons.io.FileUtils.cleanDirectory(FileUtils.java:1716) ~[evosuite-master-1.0.7-SNAPSHOT.jar:1.0.7-SNAPSHOT]
	at org.evosuite.shaded.org.apache.commons.io.FileUtils.deleteDirectory(FileUtils.java:1617) ~[evosuite-master-1.0.7-SNAPSHOT.jar:1.0.7-SNAPSHOT]
	at org.evosuite.junit.JUnitAnalyzer.removeTestsThatDoNotCompile(JUnitAnalyzer.java:115) ~[evosuite-master-1.0.7-SNAPSHOT.jar:1.0.7-SNAPSHOT]
	at org.evosuite.TestSuiteGenerator.compileAndCheckTests(TestSuiteGenerator.java:605) [evosuite-master-1.0.7-SNAPSHOT.jar:1.0.7-SNAPSHOT]
	at org.evosuite.TestSuiteGenerator.postProcessTests(TestSuiteGenerator.java:556) [evosuite-master-1.0.7-SNAPSHOT.jar:1.0.7-SNAPSHOT]
	at org.evosuite.TestSuiteGenerator.generateTestSuite(TestSuiteGenerator.java:254) [evosuite-master-1.0.7-SNAPSHOT.jar:1.0.7-SNAPSHOT]
	at org.evosuite.rmi.service.ClientNodeImpl$1.run(ClientNodeImpl.java:160) [evosuite-master-1.0.7-SNAPSHOT.jar:1.0.7-SNAPSHOT]
	at java.util.concurrent.Executors$RunnableAdapter.call(Executors.java:511) [na:1.8.0_91]
	at java.util.concurrent.FutureTask.run(FutureTask.java:266) [na:1.8.0_91]
	at java.util.concurrent.ThreadPoolExecutor.runWorker(ThreadPoolExecutor.java:1142) [na:1.8.0_91]
	at java.util.concurrent.ThreadPoolExecutor$Worker.run(ThreadPoolExecutor.java:617) [na:1.8.0_91]
	at java.lang.Thread.run(Thread.java:745) [na:1.8.0_91]
[MASTER] 04:40:42.791 [logback-2] ERROR FileIOUtils - Error while reading file DotSearchTracing_22_tmp__ESTest.java , /tmp/EvoSuite_22_1550547642722/org/sat4j/tools/DotSearchTracing_22_tmp__ESTest.java (Too many open files)
java.io.FileNotFoundException: /tmp/EvoSuite_22_1550547642722/org/sat4j/tools/DotSearchTracing_22_tmp__ESTest.java (Too many open files)
	at java.io.FileOutputStream.open0(Native Method) ~[na:1.8.0_91]
	at java.io.FileOutputStream.open(FileOutputStream.java:270) ~[na:1.8.0_91]
	at java.io.FileOutputStream.<init>(FileOutputStream.java:213) ~[na:1.8.0_91]
	at org.evosuite.shaded.org.apache.commons.io.FileUtils.openOutputStream(FileUtils.java:365) ~[evosuite-master-1.0.7-SNAPSHOT.jar:1.0.7-SNAPSHOT]
	at org.evosuite.shaded.org.apache.commons.io.FileUtils.writeStringToFile(FileUtils.java:2015) ~[evosuite-master-1.0.7-SNAPSHOT.jar:1.0.7-SNAPSHOT]
	at org.evosuite.shaded.org.apache.commons.io.FileUtils.writeStringToFile(FileUtils.java:2048) ~[evosuite-master-1.0.7-SNAPSHOT.jar:1.0.7-SNAPSHOT]
	at org.evosuite.utils.FileIOUtils.writeFile(FileIOUtils.java:98) ~[evosuite-master-1.0.7-SNAPSHOT.jar:1.0.7-SNAPSHOT]
	at org.evosuite.junit.writer.TestSuiteWriter.writeTestSuite(TestSuiteWriter.java:247) [evosuite-master-1.0.7-SNAPSHOT.jar:1.0.7-SNAPSHOT]
	at org.evosuite.junit.JUnitAnalyzer.compileTests(JUnitAnalyzer.java:356) [evosuite-master-1.0.7-SNAPSHOT.jar:1.0.7-SNAPSHOT]
	at org.evosuite.junit.JUnitAnalyzer.removeTestsThatDoNotCompile(JUnitAnalyzer.java:105) [evosuite-master-1.0.7-SNAPSHOT.jar:1.0.7-SNAPSHOT]
	at org.evosuite.TestSuiteGenerator.compileAndCheckTests(TestSuiteGenerator.java:605) [evosuite-master-1.0.7-SNAPSHOT.jar:1.0.7-SNAPSHOT]
	at org.evosuite.TestSuiteGenerator.postProcessTests(TestSuiteGenerator.java:556) [evosuite-master-1.0.7-SNAPSHOT.jar:1.0.7-SNAPSHOT]
	at org.evosuite.TestSuiteGenerator.generateTestSuite(TestSuiteGenerator.java:254) [evosuite-master-1.0.7-SNAPSHOT.jar:1.0.7-SNAPSHOT]
	at org.evosuite.rmi.service.ClientNodeImpl$1.run(ClientNodeImpl.java:160) [evosuite-master-1.0.7-SNAPSHOT.jar:1.0.7-SNAPSHOT]
	at java.util.concurrent.Executors$RunnableAdapter.call(Executors.java:511) [na:1.8.0_91]
	at java.util.concurrent.FutureTask.run(FutureTask.java:266) [na:1.8.0_91]
	at java.util.concurrent.ThreadPoolExecutor.runWorker(ThreadPoolExecutor.java:1142) [na:1.8.0_91]
	at java.util.concurrent.ThreadPoolExecutor$Worker.run(ThreadPoolExecutor.java:617) [na:1.8.0_91]
	at java.lang.Thread.run(Thread.java:745) [na:1.8.0_91]
[MASTER] 04:40:42.792 [logback-2] ERROR FileIOUtils - Error while reading file DotSearchTracing_22_tmp__ESTest_scaffolding.java , /tmp/EvoSuite_22_1550547642722/org/sat4j/tools/DotSearchTracing_22_tmp__ESTest_scaffolding.java (Too many open files)
java.io.FileNotFoundException: /tmp/EvoSuite_22_1550547642722/org/sat4j/tools/DotSearchTracing_22_tmp__ESTest_scaffolding.java (Too many open files)
	at java.io.FileOutputStream.open0(Native Method) ~[na:1.8.0_91]
	at java.io.FileOutputStream.open(FileOutputStream.java:270) ~[na:1.8.0_91]
	at java.io.FileOutputStream.<init>(FileOutputStream.java:213) ~[na:1.8.0_91]
	at org.evosuite.shaded.org.apache.commons.io.FileUtils.openOutputStream(FileUtils.java:365) ~[evosuite-master-1.0.7-SNAPSHOT.jar:1.0.7-SNAPSHOT]
	at org.evosuite.shaded.org.apache.commons.io.FileUtils.writeStringToFile(FileUtils.java:2015) ~[evosuite-master-1.0.7-SNAPSHOT.jar:1.0.7-SNAPSHOT]
	at org.evosuite.shaded.org.apache.commons.io.FileUtils.writeStringToFile(FileUtils.java:2048) ~[evosuite-master-1.0.7-SNAPSHOT.jar:1.0.7-SNAPSHOT]
	at org.evosuite.utils.FileIOUtils.writeFile(FileIOUtils.java:98) ~[evosuite-master-1.0.7-SNAPSHOT.jar:1.0.7-SNAPSHOT]
	at org.evosuite.junit.writer.TestSuiteWriter.writeTestSuite(TestSuiteWriter.java:265) [evosuite-master-1.0.7-SNAPSHOT.jar:1.0.7-SNAPSHOT]
	at org.evosuite.junit.JUnitAnalyzer.compileTests(JUnitAnalyzer.java:356) [evosuite-master-1.0.7-SNAPSHOT.jar:1.0.7-SNAPSHOT]
	at org.evosuite.junit.JUnitAnalyzer.removeTestsThatDoNotCompile(JUnitAnalyzer.java:105) [evosuite-master-1.0.7-SNAPSHOT.jar:1.0.7-SNAPSHOT]
	at org.evosuite.TestSuiteGenerator.compileAndCheckTests(TestSuiteGenerator.java:605) [evosuite-master-1.0.7-SNAPSHOT.jar:1.0.7-SNAPSHOT]
	at org.evosuite.TestSuiteGenerator.postProcessTests(TestSuiteGenerator.java:556) [evosuite-master-1.0.7-SNAPSHOT.jar:1.0.7-SNAPSHOT]
	at org.evosuite.TestSuiteGenerator.generateTestSuite(TestSuiteGenerator.java:254) [evosuite-master-1.0.7-SNAPSHOT.jar:1.0.7-SNAPSHOT]
	at org.evosuite.rmi.service.ClientNodeImpl$1.run(ClientNodeImpl.java:160) [evosuite-master-1.0.7-SNAPSHOT.jar:1.0.7-SNAPSHOT]
	at java.util.concurrent.Executors$RunnableAdapter.call(Executors.java:511) [na:1.8.0_91]
	at java.util.concurrent.FutureTask.run(FutureTask.java:266) [na:1.8.0_91]
	at java.util.concurrent.ThreadPoolExecutor.runWorker(ThreadPoolExecutor.java:1142) [na:1.8.0_91]
	at java.util.concurrent.ThreadPoolExecutor$Worker.run(ThreadPoolExecutor.java:617) [na:1.8.0_91]
	at java.lang.Thread.run(Thread.java:745) [na:1.8.0_91]
[MASTER] 04:40:42.807 [logback-2] ERROR JUnitAnalyzer - Supposed to generate /tmp/EvoSuite_22_1550547642722/org/sat4j/tools/DotSearchTracing_22_tmp__ESTest.java but it does not exist
[MASTER] 04:40:42.808 [logback-2] ERROR JUnitAnalyzer - Failed to compile test case:
DotSearchTracing<String> dotSearchTracing0 = new DotSearchTracing<String>("EvjnIhuMucwE2;q;");
IVecInt iVecInt0 = mock(IVecInt.class, new ViolatedAssumptionAnswer());
doReturn(0, 0).when(iVecInt0).get(anyInt());
ILits iLits0 = mock(ILits.class, new ViolatedAssumptionAnswer());
doReturn((String) null, (String) null).when(iLits0).valueToString(anyInt());
OriginalBinaryClause originalBinaryClause0 = new OriginalBinaryClause(iVecInt0, iLits0);
dotSearchTracing0.learn(originalBinaryClause0);

[MASTER] 04:40:42.808 [logback-2] ERROR JUnitAnalyzer - Cannot delete tmp dir: /tmp/EvoSuite_22_1550547642722
java.io.IOException: Failed to list contents of /tmp/EvoSuite_22_1550547642722
	at org.evosuite.shaded.org.apache.commons.io.FileUtils.verifiedListFiles(FileUtils.java:1751) ~[evosuite-master-1.0.7-SNAPSHOT.jar:1.0.7-SNAPSHOT]
	at org.evosuite.shaded.org.apache.commons.io.FileUtils.cleanDirectory(FileUtils.java:1716) ~[evosuite-master-1.0.7-SNAPSHOT.jar:1.0.7-SNAPSHOT]
	at org.evosuite.shaded.org.apache.commons.io.FileUtils.deleteDirectory(FileUtils.java:1617) ~[evosuite-master-1.0.7-SNAPSHOT.jar:1.0.7-SNAPSHOT]
	at org.evosuite.junit.JUnitAnalyzer.removeTestsThatDoNotCompile(JUnitAnalyzer.java:115) ~[evosuite-master-1.0.7-SNAPSHOT.jar:1.0.7-SNAPSHOT]
	at org.evosuite.TestSuiteGenerator.compileAndCheckTests(TestSuiteGenerator.java:605) [evosuite-master-1.0.7-SNAPSHOT.jar:1.0.7-SNAPSHOT]
	at org.evosuite.TestSuiteGenerator.postProcessTests(TestSuiteGenerator.java:556) [evosuite-master-1.0.7-SNAPSHOT.jar:1.0.7-SNAPSHOT]
	at org.evosuite.TestSuiteGenerator.generateTestSuite(TestSuiteGenerator.java:254) [evosuite-master-1.0.7-SNAPSHOT.jar:1.0.7-SNAPSHOT]
	at org.evosuite.rmi.service.ClientNodeImpl$1.run(ClientNodeImpl.java:160) [evosuite-master-1.0.7-SNAPSHOT.jar:1.0.7-SNAPSHOT]
	at java.util.concurrent.Executors$RunnableAdapter.call(Executors.java:511) [na:1.8.0_91]
	at java.util.concurrent.FutureTask.run(FutureTask.java:266) [na:1.8.0_91]
	at java.util.concurrent.ThreadPoolExecutor.runWorker(ThreadPoolExecutor.java:1142) [na:1.8.0_91]
	at java.util.concurrent.ThreadPoolExecutor$Worker.run(ThreadPoolExecutor.java:617) [na:1.8.0_91]
	at java.lang.Thread.run(Thread.java:745) [na:1.8.0_91]
[MASTER] 04:40:42.825 [logback-2] ERROR FileIOUtils - Error while reading file DotSearchTracing_23_tmp__ESTest.java , /tmp/EvoSuite_23_1550547642809/org/sat4j/tools/DotSearchTracing_23_tmp__ESTest.java (Too many open files)
java.io.FileNotFoundException: /tmp/EvoSuite_23_1550547642809/org/sat4j/tools/DotSearchTracing_23_tmp__ESTest.java (Too many open files)
	at java.io.FileOutputStream.open0(Native Method) ~[na:1.8.0_91]
	at java.io.FileOutputStream.open(FileOutputStream.java:270) ~[na:1.8.0_91]
	at java.io.FileOutputStream.<init>(FileOutputStream.java:213) ~[na:1.8.0_91]
	at org.evosuite.shaded.org.apache.commons.io.FileUtils.openOutputStream(FileUtils.java:365) ~[evosuite-master-1.0.7-SNAPSHOT.jar:1.0.7-SNAPSHOT]
	at org.evosuite.shaded.org.apache.commons.io.FileUtils.writeStringToFile(FileUtils.java:2015) ~[evosuite-master-1.0.7-SNAPSHOT.jar:1.0.7-SNAPSHOT]
	at org.evosuite.shaded.org.apache.commons.io.FileUtils.writeStringToFile(FileUtils.java:2048) ~[evosuite-master-1.0.7-SNAPSHOT.jar:1.0.7-SNAPSHOT]
	at org.evosuite.utils.FileIOUtils.writeFile(FileIOUtils.java:98) ~[evosuite-master-1.0.7-SNAPSHOT.jar:1.0.7-SNAPSHOT]
	at org.evosuite.junit.writer.TestSuiteWriter.writeTestSuite(TestSuiteWriter.java:247) [evosuite-master-1.0.7-SNAPSHOT.jar:1.0.7-SNAPSHOT]
	at org.evosuite.junit.JUnitAnalyzer.compileTests(JUnitAnalyzer.java:356) [evosuite-master-1.0.7-SNAPSHOT.jar:1.0.7-SNAPSHOT]
	at org.evosuite.junit.JUnitAnalyzer.removeTestsThatDoNotCompile(JUnitAnalyzer.java:105) [evosuite-master-1.0.7-SNAPSHOT.jar:1.0.7-SNAPSHOT]
	at org.evosuite.TestSuiteGenerator.compileAndCheckTests(TestSuiteGenerator.java:605) [evosuite-master-1.0.7-SNAPSHOT.jar:1.0.7-SNAPSHOT]
	at org.evosuite.TestSuiteGenerator.postProcessTests(TestSuiteGenerator.java:556) [evosuite-master-1.0.7-SNAPSHOT.jar:1.0.7-SNAPSHOT]
	at org.evosuite.TestSuiteGenerator.generateTestSuite(TestSuiteGenerator.java:254) [evosuite-master-1.0.7-SNAPSHOT.jar:1.0.7-SNAPSHOT]
	at org.evosuite.rmi.service.ClientNodeImpl$1.run(ClientNodeImpl.java:160) [evosuite-master-1.0.7-SNAPSHOT.jar:1.0.7-SNAPSHOT]
	at java.util.concurrent.Executors$RunnableAdapter.call(Executors.java:511) [na:1.8.0_91]
	at java.util.concurrent.FutureTask.run(FutureTask.java:266) [na:1.8.0_91]
	at java.util.concurrent.ThreadPoolExecutor.runWorker(ThreadPoolExecutor.java:1142) [na:1.8.0_91]
	at java.util.concurrent.ThreadPoolExecutor$Worker.run(ThreadPoolExecutor.java:617) [na:1.8.0_91]
	at java.lang.Thread.run(Thread.java:745) [na:1.8.0_91]
[MASTER] 04:40:42.827 [logback-2] ERROR FileIOUtils - Error while reading file DotSearchTracing_23_tmp__ESTest_scaffolding.java , /tmp/EvoSuite_23_1550547642809/org/sat4j/tools/DotSearchTracing_23_tmp__ESTest_scaffolding.java (Too many open files)
java.io.FileNotFoundException: /tmp/EvoSuite_23_1550547642809/org/sat4j/tools/DotSearchTracing_23_tmp__ESTest_scaffolding.java (Too many open files)
	at java.io.FileOutputStream.open0(Native Method) ~[na:1.8.0_91]
	at java.io.FileOutputStream.open(FileOutputStream.java:270) ~[na:1.8.0_91]
	at java.io.FileOutputStream.<init>(FileOutputStream.java:213) ~[na:1.8.0_91]
	at org.evosuite.shaded.org.apache.commons.io.FileUtils.openOutputStream(FileUtils.java:365) ~[evosuite-master-1.0.7-SNAPSHOT.jar:1.0.7-SNAPSHOT]
	at org.evosuite.shaded.org.apache.commons.io.FileUtils.writeStringToFile(FileUtils.java:2015) ~[evosuite-master-1.0.7-SNAPSHOT.jar:1.0.7-SNAPSHOT]
	at org.evosuite.shaded.org.apache.commons.io.FileUtils.writeStringToFile(FileUtils.java:2048) ~[evosuite-master-1.0.7-SNAPSHOT.jar:1.0.7-SNAPSHOT]
	at org.evosuite.utils.FileIOUtils.writeFile(FileIOUtils.java:98) ~[evosuite-master-1.0.7-SNAPSHOT.jar:1.0.7-SNAPSHOT]
	at org.evosuite.junit.writer.TestSuiteWriter.writeTestSuite(TestSuiteWriter.java:265) [evosuite-master-1.0.7-SNAPSHOT.jar:1.0.7-SNAPSHOT]
	at org.evosuite.junit.JUnitAnalyzer.compileTests(JUnitAnalyzer.java:356) [evosuite-master-1.0.7-SNAPSHOT.jar:1.0.7-SNAPSHOT]
	at org.evosuite.junit.JUnitAnalyzer.removeTestsThatDoNotCompile(JUnitAnalyzer.java:105) [evosuite-master-1.0.7-SNAPSHOT.jar:1.0.7-SNAPSHOT]
	at org.evosuite.TestSuiteGenerator.compileAndCheckTests(TestSuiteGenerator.java:605) [evosuite-master-1.0.7-SNAPSHOT.jar:1.0.7-SNAPSHOT]
	at org.evosuite.TestSuiteGenerator.postProcessTests(TestSuiteGenerator.java:556) [evosuite-master-1.0.7-SNAPSHOT.jar:1.0.7-SNAPSHOT]
	at org.evosuite.TestSuiteGenerator.generateTestSuite(TestSuiteGenerator.java:254) [evosuite-master-1.0.7-SNAPSHOT.jar:1.0.7-SNAPSHOT]
	at org.evosuite.rmi.service.ClientNodeImpl$1.run(ClientNodeImpl.java:160) [evosuite-master-1.0.7-SNAPSHOT.jar:1.0.7-SNAPSHOT]
	at java.util.concurrent.Executors$RunnableAdapter.call(Executors.java:511) [na:1.8.0_91]
	at java.util.concurrent.FutureTask.run(FutureTask.java:266) [na:1.8.0_91]
	at java.util.concurrent.ThreadPoolExecutor.runWorker(ThreadPoolExecutor.java:1142) [na:1.8.0_91]
	at java.util.concurrent.ThreadPoolExecutor$Worker.run(ThreadPoolExecutor.java:617) [na:1.8.0_91]
	at java.lang.Thread.run(Thread.java:745) [na:1.8.0_91]
[MASTER] 04:40:42.827 [logback-2] ERROR JUnitAnalyzer - Supposed to generate /tmp/EvoSuite_23_1550547642809/org/sat4j/tools/DotSearchTracing_23_tmp__ESTest.java but it does not exist
[MASTER] 04:40:42.827 [logback-2] ERROR JUnitAnalyzer - Failed to compile test case:
DotSearchTracing<Object> dotSearchTracing0 = new DotSearchTracing<Object>(" ");
Lbool lbool0 = Lbool.UNDEFINED;
dotSearchTracing0.end(lbool0);

[MASTER] 04:40:42.829 [logback-2] ERROR JUnitAnalyzer - Cannot delete tmp dir: /tmp/EvoSuite_23_1550547642809
java.io.IOException: Failed to list contents of /tmp/EvoSuite_23_1550547642809
	at org.evosuite.shaded.org.apache.commons.io.FileUtils.verifiedListFiles(FileUtils.java:1751) ~[evosuite-master-1.0.7-SNAPSHOT.jar:1.0.7-SNAPSHOT]
	at org.evosuite.shaded.org.apache.commons.io.FileUtils.cleanDirectory(FileUtils.java:1716) ~[evosuite-master-1.0.7-SNAPSHOT.jar:1.0.7-SNAPSHOT]
	at org.evosuite.shaded.org.apache.commons.io.FileUtils.deleteDirectory(FileUtils.java:1617) ~[evosuite-master-1.0.7-SNAPSHOT.jar:1.0.7-SNAPSHOT]
	at org.evosuite.junit.JUnitAnalyzer.removeTestsThatDoNotCompile(JUnitAnalyzer.java:115) ~[evosuite-master-1.0.7-SNAPSHOT.jar:1.0.7-SNAPSHOT]
	at org.evosuite.TestSuiteGenerator.compileAndCheckTests(TestSuiteGenerator.java:605) [evosuite-master-1.0.7-SNAPSHOT.jar:1.0.7-SNAPSHOT]
	at org.evosuite.TestSuiteGenerator.postProcessTests(TestSuiteGenerator.java:556) [evosuite-master-1.0.7-SNAPSHOT.jar:1.0.7-SNAPSHOT]
	at org.evosuite.TestSuiteGenerator.generateTestSuite(TestSuiteGenerator.java:254) [evosuite-master-1.0.7-SNAPSHOT.jar:1.0.7-SNAPSHOT]
	at org.evosuite.rmi.service.ClientNodeImpl$1.run(ClientNodeImpl.java:160) [evosuite-master-1.0.7-SNAPSHOT.jar:1.0.7-SNAPSHOT]
	at java.util.concurrent.Executors$RunnableAdapter.call(Executors.java:511) [na:1.8.0_91]
	at java.util.concurrent.FutureTask.run(FutureTask.java:266) [na:1.8.0_91]
	at java.util.concurrent.ThreadPoolExecutor.runWorker(ThreadPoolExecutor.java:1142) [na:1.8.0_91]
	at java.util.concurrent.ThreadPoolExecutor$Worker.run(ThreadPoolExecutor.java:617) [na:1.8.0_91]
	at java.lang.Thread.run(Thread.java:745) [na:1.8.0_91]
[MASTER] 04:40:42.839 [logback-2] ERROR FileIOUtils - Error while reading file DotSearchTracing_ESTest.java , evosuite-tests/org/sat4j/tools/DotSearchTracing_ESTest.java (Too many open files)
java.io.FileNotFoundException: evosuite-tests/org/sat4j/tools/DotSearchTracing_ESTest.java (Too many open files)
	at java.io.FileOutputStream.open0(Native Method) ~[na:1.8.0_91]
	at java.io.FileOutputStream.open(FileOutputStream.java:270) ~[na:1.8.0_91]
	at java.io.FileOutputStream.<init>(FileOutputStream.java:213) ~[na:1.8.0_91]
	at org.evosuite.shaded.org.apache.commons.io.FileUtils.openOutputStream(FileUtils.java:365) ~[evosuite-master-1.0.7-SNAPSHOT.jar:1.0.7-SNAPSHOT]
	at org.evosuite.shaded.org.apache.commons.io.FileUtils.writeStringToFile(FileUtils.java:2015) ~[evosuite-master-1.0.7-SNAPSHOT.jar:1.0.7-SNAPSHOT]
	at org.evosuite.shaded.org.apache.commons.io.FileUtils.writeStringToFile(FileUtils.java:2048) ~[evosuite-master-1.0.7-SNAPSHOT.jar:1.0.7-SNAPSHOT]
	at org.evosuite.utils.FileIOUtils.writeFile(FileIOUtils.java:98) ~[evosuite-master-1.0.7-SNAPSHOT.jar:1.0.7-SNAPSHOT]
	at org.evosuite.junit.writer.TestSuiteWriter.writeTestSuite(TestSuiteWriter.java:247) [evosuite-master-1.0.7-SNAPSHOT.jar:1.0.7-SNAPSHOT]
	at org.evosuite.TestSuiteGenerator.writeJUnitTestsAndCreateResult(TestSuiteGenerator.java:723) [evosuite-master-1.0.7-SNAPSHOT.jar:1.0.7-SNAPSHOT]
	at org.evosuite.TestSuiteGenerator.writeJUnitTestsAndCreateResult(TestSuiteGenerator.java:734) [evosuite-master-1.0.7-SNAPSHOT.jar:1.0.7-SNAPSHOT]
	at org.evosuite.TestSuiteGenerator.generateTestSuite(TestSuiteGenerator.java:260) [evosuite-master-1.0.7-SNAPSHOT.jar:1.0.7-SNAPSHOT]
	at org.evosuite.rmi.service.ClientNodeImpl$1.run(ClientNodeImpl.java:160) [evosuite-master-1.0.7-SNAPSHOT.jar:1.0.7-SNAPSHOT]
	at java.util.concurrent.Executors$RunnableAdapter.call(Executors.java:511) [na:1.8.0_91]
	at java.util.concurrent.FutureTask.run(FutureTask.java:266) [na:1.8.0_91]
	at java.util.concurrent.ThreadPoolExecutor.runWorker(ThreadPoolExecutor.java:1142) [na:1.8.0_91]
	at java.util.concurrent.ThreadPoolExecutor$Worker.run(ThreadPoolExecutor.java:617) [na:1.8.0_91]
	at java.lang.Thread.run(Thread.java:745) [na:1.8.0_91]
[MASTER] 04:40:42.839 [logback-2] ERROR FileIOUtils - Error while reading file DotSearchTracing_ESTest_scaffolding.java , evosuite-tests/org/sat4j/tools/DotSearchTracing_ESTest_scaffolding.java (Too many open files)
java.io.FileNotFoundException: evosuite-tests/org/sat4j/tools/DotSearchTracing_ESTest_scaffolding.java (Too many open files)
	at java.io.FileOutputStream.open0(Native Method) ~[na:1.8.0_91]
	at java.io.FileOutputStream.open(FileOutputStream.java:270) ~[na:1.8.0_91]
	at java.io.FileOutputStream.<init>(FileOutputStream.java:213) ~[na:1.8.0_91]
	at org.evosuite.shaded.org.apache.commons.io.FileUtils.openOutputStream(FileUtils.java:365) ~[evosuite-master-1.0.7-SNAPSHOT.jar:1.0.7-SNAPSHOT]
	at org.evosuite.shaded.org.apache.commons.io.FileUtils.writeStringToFile(FileUtils.java:2015) ~[evosuite-master-1.0.7-SNAPSHOT.jar:1.0.7-SNAPSHOT]
	at org.evosuite.shaded.org.apache.commons.io.FileUtils.writeStringToFile(FileUtils.java:2048) ~[evosuite-master-1.0.7-SNAPSHOT.jar:1.0.7-SNAPSHOT]
	at org.evosuite.utils.FileIOUtils.writeFile(FileIOUtils.java:98) ~[evosuite-master-1.0.7-SNAPSHOT.jar:1.0.7-SNAPSHOT]
	at org.evosuite.junit.writer.TestSuiteWriter.writeTestSuite(TestSuiteWriter.java:265) [evosuite-master-1.0.7-SNAPSHOT.jar:1.0.7-SNAPSHOT]
	at org.evosuite.TestSuiteGenerator.writeJUnitTestsAndCreateResult(TestSuiteGenerator.java:723) [evosuite-master-1.0.7-SNAPSHOT.jar:1.0.7-SNAPSHOT]
	at org.evosuite.TestSuiteGenerator.writeJUnitTestsAndCreateResult(TestSuiteGenerator.java:734) [evosuite-master-1.0.7-SNAPSHOT.jar:1.0.7-SNAPSHOT]
	at org.evosuite.TestSuiteGenerator.generateTestSuite(TestSuiteGenerator.java:260) [evosuite-master-1.0.7-SNAPSHOT.jar:1.0.7-SNAPSHOT]
	at org.evosuite.rmi.service.ClientNodeImpl$1.run(ClientNodeImpl.java:160) [evosuite-master-1.0.7-SNAPSHOT.jar:1.0.7-SNAPSHOT]
	at java.util.concurrent.Executors$RunnableAdapter.call(Executors.java:511) [na:1.8.0_91]
	at java.util.concurrent.FutureTask.run(FutureTask.java:266) [na:1.8.0_91]
	at java.util.concurrent.ThreadPoolExecutor.runWorker(ThreadPoolExecutor.java:1142) [na:1.8.0_91]
	at java.util.concurrent.ThreadPoolExecutor$Worker.run(ThreadPoolExecutor.java:617) [na:1.8.0_91]
	at java.lang.Thread.run(Thread.java:745) [na:1.8.0_91]
