* EvoSuite 1.0.7-SNAPSHOT
* Going to generate test cases for class: org.sat4j.tools.AbstractClauseSelectorSolver
* Starting Client-0
* Connecting to master process on port 12852
* Analyzing classpath: 
  - bins/sat4j/org.ow2.sat4j.core-2.3.6-SNAPSHOT.jar
  - bins/sat4j/org.ow2.sat4j.core-2.3.6-SNAPSHOT-tests.jar
* Finished analyzing classpath
* Generating tests for class org.sat4j.tools.AbstractClauseSelectorSolver
* Test criteria:
  - Line Coverage
  - Branch Coverage
  - Exception
  - Mutation testing (weak)
  - Method-Output Coverage
  - Top-Level Method Coverage
  - No-Exception Top-Level Method Coverage
  - Context Branch Coverage
* Total number of test goals for DYNAMOSA: 169
* Using seed 1550589887954
* Starting evolution
* Initialsss Number of Goals in DynMOSA = 90 / 169
Current fitness function value: class org.evosuite.coverage.line.LineCoverageSuiteFitness ** 0.6341463414634146
Current fitness function value: class org.evosuite.coverage.branch.BranchCoverageSuiteFitness ** 0.6153846153846154
Current fitness function value: class org.evosuite.coverage.exception.ExceptionCoverageSuiteFitness ** 1.0
Current fitness function value: class org.evosuite.coverage.mutation.WeakMutationSuiteFitness ** 0.35555555555555557
Current fitness function value: class org.evosuite.coverage.io.output.OutputCoverageSuiteFitness ** 0.07692307692307693
Current fitness function value: class org.evosuite.coverage.method.MethodCoverageSuiteFitness ** 0.6666666666666666
Current fitness function value: class org.evosuite.coverage.method.MethodNoExceptionCoverageSuiteFitness ** 0.4444444444444444
Current fitness function value: class org.evosuite.coverage.cbranch.CBranchSuiteFitness ** 0.6153846153846154
* naaame: 
* naaame: org.evosuite.ga.stoppingconditions.MaxFitnessEvaluationsStoppingCondition
Current fitness evaluations: 200
* naaame: org.evosuite.ShutdownTestWriter
* naaame: org.evosuite.ga.stoppingconditions.RMIStoppingCondition
* naaame: org.evosuite.ga.stoppingconditions.GlobalTimeStoppingCondition
* naaame: org.evosuite.ga.stoppingconditions.ZeroFitnessStoppingCondition
[MASTER] 16:26:09.677 [logback-1] WARN  TestChromosome - Functional mock problem: org.evosuite.ga.ConstructionFailedException: Have no generator for class org.sat4j.tools.StatisticsSolver canUseFunctionalMocks=false, canBeMocked: true
[MASTER] 16:26:13.652 [logback-1] WARN  TestChromosome - Functional mock problem: org.evosuite.ga.ConstructionFailedException: Found no variables of type interface org.sat4j.specs.IConstr
[MASTER] 16:26:17.762 [logback-1] WARN  TestChromosome - Functional mock problem: org.evosuite.ga.ConstructionFailedException: Have no generator for org.sat4j.tools.GroupClauseSelectorSolver<org.sat4j.tools.ClausalCardinalitiesDecorator<org.sat4j.tools.AbstractMinimalModel>> canUseFunctionalMocks=false, canBeMocked: false
* naaame: 
* naaame: org.evosuite.ga.stoppingconditions.MaxFitnessEvaluationsStoppingCondition
Current fitness evaluations: 263
* naaame: org.evosuite.ShutdownTestWriter
* naaame: org.evosuite.ga.stoppingconditions.RMIStoppingCondition
* naaame: org.evosuite.ga.stoppingconditions.GlobalTimeStoppingCondition
* naaame: org.evosuite.ga.stoppingconditions.ZeroFitnessStoppingCondition
Current fitness function value: class org.evosuite.coverage.line.LineCoverageSuiteFitness ** 0.7073170731707317
Current fitness function value: class org.evosuite.coverage.branch.BranchCoverageSuiteFitness ** 0.6538461538461539
Current fitness function value: class org.evosuite.coverage.exception.ExceptionCoverageSuiteFitness ** 1.0
Current fitness function value: class org.evosuite.coverage.mutation.WeakMutationSuiteFitness ** 0.4222222222222222
Current fitness function value: class org.evosuite.coverage.io.output.OutputCoverageSuiteFitness ** 0.23076923076923078
Current fitness function value: class org.evosuite.coverage.method.MethodCoverageSuiteFitness ** 0.7777777777777778
Current fitness function value: class org.evosuite.coverage.method.MethodNoExceptionCoverageSuiteFitness ** 0.5555555555555556
Current fitness function value: class org.evosuite.coverage.cbranch.CBranchSuiteFitness ** 0.6538461538461539
[MASTER] 16:26:30.120 [logback-1] WARN  TestChromosome - Functional mock problem: org.evosuite.ga.ConstructionFailedException: Have no generator for class org.sat4j.tools.encoding.Binomial canUseFunctionalMocks=false, canBeMocked: true
[MASTER] 16:26:32.538 [logback-1] WARN  TestChromosome - Functional mock problem: org.evosuite.ga.ConstructionFailedException: Have no generator for org.sat4j.tools.LexicoDecorator<org.sat4j.tools.OptToSatAdapter> canUseFunctionalMocks=false, canBeMocked: true
[MASTER] 16:26:32.841 [logback-1] WARN  TestChromosome - Functional mock problem: org.evosuite.ga.ConstructionFailedException: Found no variables of type interface org.sat4j.specs.IVecInt
[MASTER] 16:26:33.565 [logback-1] WARN  TestChromosome - Functional mock problem: org.evosuite.ga.ConstructionFailedException: Have no generator for org.sat4j.tools.ManyCore<org.sat4j.tools.SolutionCounter> canUseFunctionalMocks=false, canBeMocked: true
[MASTER] 16:26:36.605 [logback-1] WARN  TestChromosome - Functional mock problem: org.evosuite.ga.ConstructionFailedException: Found no variables of type interface org.sat4j.specs.UnitPropagationListener
* naaame: 
* naaame: org.evosuite.ga.stoppingconditions.MaxFitnessEvaluationsStoppingCondition
Current fitness evaluations: 347
* naaame: org.evosuite.ShutdownTestWriter
* naaame: org.evosuite.ga.stoppingconditions.RMIStoppingCondition
* naaame: org.evosuite.ga.stoppingconditions.GlobalTimeStoppingCondition
* naaame: org.evosuite.ga.stoppingconditions.ZeroFitnessStoppingCondition
Current fitness function value: class org.evosuite.coverage.line.LineCoverageSuiteFitness ** 0.9024390243902439
Current fitness function value: class org.evosuite.coverage.branch.BranchCoverageSuiteFitness ** 0.8846153846153846
Current fitness function value: class org.evosuite.coverage.exception.ExceptionCoverageSuiteFitness ** 1.0
Current fitness function value: class org.evosuite.coverage.mutation.WeakMutationSuiteFitness ** 0.8444444444444444
Current fitness function value: class org.evosuite.coverage.io.output.OutputCoverageSuiteFitness ** 0.5384615384615384
Current fitness function value: class org.evosuite.coverage.method.MethodCoverageSuiteFitness ** 0.8888888888888888
Current fitness function value: class org.evosuite.coverage.method.MethodNoExceptionCoverageSuiteFitness ** 0.8888888888888888
Current fitness function value: class org.evosuite.coverage.cbranch.CBranchSuiteFitness ** 0.8846153846153846
[MASTER] 16:26:44.385 [logback-1] WARN  TestChromosome - Functional mock problem: org.evosuite.ga.ConstructionFailedException: Failed to add constructor for org.sat4j.minisat.constraints.cnf.LearntBinaryClause due to org.evosuite.ga.ConstructionFailedException: Have no generator for class org.sat4j.minisat.orders.LevelBasedVarOrderHeap canUseFunctionalMocks=false, canBeMocked: true
[MASTER] 16:26:44.914 [logback-1] WARN  TestChromosome - Functional mock problem: org.evosuite.ga.ConstructionFailedException: Failed to add constructor for org.sat4j.tools.Minimal4InclusionModel due to org.evosuite.ga.ConstructionFailedException: Found no variables of type interface org.sat4j.tools.SolutionFoundListener
[MASTER] 16:26:46.736 [logback-1] WARN  TestChromosome - Functional mock problem: org.evosuite.ga.ConstructionFailedException: Have no generator for org.sat4j.tools.ManyCore<org.sat4j.tools.Minimal4InclusionModel> canUseFunctionalMocks=false, canBeMocked: true
* naaame: 
* naaame: org.evosuite.ga.stoppingconditions.MaxFitnessEvaluationsStoppingCondition
Current fitness evaluations: 430
* naaame: org.evosuite.ShutdownTestWriter
* naaame: org.evosuite.ga.stoppingconditions.RMIStoppingCondition
* naaame: org.evosuite.ga.stoppingconditions.GlobalTimeStoppingCondition
* naaame: org.evosuite.ga.stoppingconditions.ZeroFitnessStoppingCondition
Current fitness function value: class org.evosuite.coverage.line.LineCoverageSuiteFitness ** 0.9024390243902439
Current fitness function value: class org.evosuite.coverage.branch.BranchCoverageSuiteFitness ** 0.8846153846153846
Current fitness function value: class org.evosuite.coverage.exception.ExceptionCoverageSuiteFitness ** 1.0
Current fitness function value: class org.evosuite.coverage.mutation.WeakMutationSuiteFitness ** 0.8444444444444444
Current fitness function value: class org.evosuite.coverage.io.output.OutputCoverageSuiteFitness ** 0.5384615384615384
Current fitness function value: class org.evosuite.coverage.method.MethodCoverageSuiteFitness ** 0.8888888888888888
Current fitness function value: class org.evosuite.coverage.method.MethodNoExceptionCoverageSuiteFitness ** 0.8888888888888888
Current fitness function value: class org.evosuite.coverage.cbranch.CBranchSuiteFitness ** 0.8846153846153846
[MASTER] 16:26:48.877 [logback-1] WARN  TestChromosome - Functional mock problem: org.evosuite.ga.ConstructionFailedException: Have no generator for org.sat4j.tools.FullClauseSelectorSolver<org.sat4j.tools.DimacsOutputSolver> canUseFunctionalMocks=false, canBeMocked: false
[MASTER] 16:26:50.204 [logback-1] WARN  TestChromosome - Functional mock problem: org.evosuite.ga.ConstructionFailedException: Failed to add constructor for org.sat4j.minisat.constraints.card.MinWatchCard due to org.evosuite.ga.ConstructionFailedException: Found no variables of type interface org.sat4j.minisat.core.ILits
[MASTER] 16:26:51.055 [logback-1] WARN  TestChromosome - Functional mock problem: org.evosuite.ga.ConstructionFailedException: Failed to add constructor for org.sat4j.minisat.core.Solver due to org.evosuite.ga.ConstructionFailedException: Found no variables of type interface org.sat4j.specs.ILogAble
[MASTER] 16:26:51.127 [logback-1] WARN  TestChromosome - Functional mock problem: org.evosuite.ga.ConstructionFailedException: Failed to add constructor for org.sat4j.tools.Minimal4InclusionModel due to org.evosuite.ga.ConstructionFailedException: Failed to add constructor for org.sat4j.minisat.core.Solver due to org.evosuite.ga.ConstructionFailedException: Found no variables of type interface org.sat4j.minisat.core.IOrder
[MASTER] 16:26:52.039 [logback-1] WARN  TestChromosome - Functional mock problem: org.evosuite.ga.ConstructionFailedException: Have no generator for org.sat4j.core.ASolverFactory<org.sat4j.tools.DimacsStringSolver> canUseFunctionalMocks=false, canBeMocked: true
[MASTER] 16:26:54.149 [logback-1] WARN  TestChromosome - Functional mock problem: org.evosuite.ga.ConstructionFailedException: Have no generator for org.sat4j.tools.GroupClauseSelectorSolver<org.sat4j.tools.GateTranslator> canUseFunctionalMocks=false, canBeMocked: false
* naaame: 
* naaame: org.evosuite.ga.stoppingconditions.MaxFitnessEvaluationsStoppingCondition
Current fitness evaluations: 512
* naaame: org.evosuite.ShutdownTestWriter
* naaame: org.evosuite.ga.stoppingconditions.RMIStoppingCondition
* naaame: org.evosuite.ga.stoppingconditions.GlobalTimeStoppingCondition
* naaame: org.evosuite.ga.stoppingconditions.ZeroFitnessStoppingCondition
Current fitness function value: class org.evosuite.coverage.line.LineCoverageSuiteFitness ** 0.926829268292683
Current fitness function value: class org.evosuite.coverage.branch.BranchCoverageSuiteFitness ** 0.9230769230769231
Current fitness function value: class org.evosuite.coverage.exception.ExceptionCoverageSuiteFitness ** 1.0
Current fitness function value: class org.evosuite.coverage.mutation.WeakMutationSuiteFitness ** 0.8888888888888888
Current fitness function value: class org.evosuite.coverage.io.output.OutputCoverageSuiteFitness ** 0.5384615384615384
Current fitness function value: class org.evosuite.coverage.method.MethodCoverageSuiteFitness ** 0.8888888888888888
Current fitness function value: class org.evosuite.coverage.method.MethodNoExceptionCoverageSuiteFitness ** 0.8888888888888888
Current fitness function value: class org.evosuite.coverage.cbranch.CBranchSuiteFitness ** 0.9230769230769231
[MASTER] 16:26:56.453 [logback-1] WARN  TestChromosome - Functional mock problem: org.evosuite.ga.ConstructionFailedException: Failed to add constructor for org.sat4j.minisat.constraints.cnf.LearntBinaryClause due to org.evosuite.ga.ConstructionFailedException: Found no variables of type interface org.sat4j.specs.IVecInt
[MASTER] 16:26:57.655 [logback-1] WARN  TestChromosome - Functional mock problem: org.evosuite.ga.ConstructionFailedException: Have no generator for class org.sat4j.minisat.constraints.cnf.BinaryClauses canUseFunctionalMocks=false, canBeMocked: true
[MASTER] 16:26:57.668 [logback-1] WARN  TestChromosome - Functional mock problem: org.evosuite.ga.ConstructionFailedException: Found no variables of type class org.sat4j.minisat.constraints.card.MinWatchCard
* naaame: 
* naaame: org.evosuite.ga.stoppingconditions.MaxFitnessEvaluationsStoppingCondition
Current fitness evaluations: 595
* naaame: org.evosuite.ShutdownTestWriter
* naaame: org.evosuite.ga.stoppingconditions.RMIStoppingCondition
* naaame: org.evosuite.ga.stoppingconditions.GlobalTimeStoppingCondition
* naaame: org.evosuite.ga.stoppingconditions.ZeroFitnessStoppingCondition
[MASTER] 16:26:58.234 [logback-1] WARN  TestChromosome - Functional mock problem: org.evosuite.ga.ConstructionFailedException: Failed to add constructor for org.sat4j.minisat.constraints.cnf.LearntHTClause due to org.evosuite.ga.ConstructionFailedException: Found no variables of type interface org.sat4j.specs.IVecInt
[MASTER] 16:26:58.487 [logback-1] WARN  TestChromosome - Functional mock problem: org.evosuite.ga.ConstructionFailedException: Failed to add constructor for org.sat4j.minisat.constraints.cnf.LearntHTClause due to org.evosuite.ga.ConstructionFailedException: Found no variables of type interface org.sat4j.minisat.core.ILits
[MASTER] 16:26:58.623 [logback-1] WARN  TestChromosome - Functional mock problem: org.evosuite.ga.ConstructionFailedException: Failed to add constructor for org.sat4j.minisat.constraints.cnf.LearntBinaryClause due to org.evosuite.ga.ConstructionFailedException: Found no variables of type interface org.sat4j.minisat.core.ILits
* naaame: 
* naaame: org.evosuite.ga.stoppingconditions.MaxFitnessEvaluationsStoppingCondition
Current fitness evaluations: 653
* naaame: org.evosuite.ShutdownTestWriter
* naaame: org.evosuite.ga.stoppingconditions.RMIStoppingCondition
* naaame: org.evosuite.ga.stoppingconditions.GlobalTimeStoppingCondition
* naaame: org.evosuite.ga.stoppingconditions.ZeroFitnessStoppingCondition
Current fitness function value: class org.evosuite.coverage.line.LineCoverageSuiteFitness ** 0.9512195121951219
Current fitness function value: class org.evosuite.coverage.branch.BranchCoverageSuiteFitness ** 0.9615384615384616
Current fitness function value: class org.evosuite.coverage.exception.ExceptionCoverageSuiteFitness ** 1.0
Current fitness function value: class org.evosuite.coverage.mutation.WeakMutationSuiteFitness ** 0.9111111111111111
Current fitness function value: class org.evosuite.coverage.io.output.OutputCoverageSuiteFitness ** 0.5384615384615384
Current fitness function value: class org.evosuite.coverage.method.MethodCoverageSuiteFitness ** 0.8888888888888888
Current fitness function value: class org.evosuite.coverage.method.MethodNoExceptionCoverageSuiteFitness ** 0.8888888888888888
Current fitness function value: class org.evosuite.coverage.cbranch.CBranchSuiteFitness ** 0.9615384615384616
Current fitness function value: class org.evosuite.coverage.line.LineCoverageSuiteFitness ** 0.9512195121951219
Current fitness function value: class org.evosuite.coverage.branch.BranchCoverageSuiteFitness ** 0.9615384615384616
Current fitness function value: class org.evosuite.coverage.exception.ExceptionCoverageSuiteFitness ** 1.0
Current fitness function value: class org.evosuite.coverage.mutation.WeakMutationSuiteFitness ** 0.9111111111111111
Current fitness function value: class org.evosuite.coverage.io.output.OutputCoverageSuiteFitness ** 0.5384615384615384
Current fitness function value: class org.evosuite.coverage.method.MethodCoverageSuiteFitness ** 0.8888888888888888
Current fitness function value: class org.evosuite.coverage.method.MethodNoExceptionCoverageSuiteFitness ** 0.8888888888888888
Current fitness function value: class org.evosuite.coverage.cbranch.CBranchSuiteFitness ** 0.9615384615384616
* Search finished after 122s and 6 generations, 6381 statements, best individual has fitness: 16.0
Current fitness function value: class org.evosuite.coverage.line.LineCoverageSuiteFitness ** 0.9512195121951219
Current fitness function value: class org.evosuite.coverage.branch.BranchCoverageSuiteFitness ** 0.9615384615384616
Current fitness function value: class org.evosuite.coverage.exception.ExceptionCoverageSuiteFitness ** 1.0
Current fitness function value: class org.evosuite.coverage.mutation.WeakMutationSuiteFitness ** 0.9111111111111111
Current fitness function value: class org.evosuite.coverage.io.output.OutputCoverageSuiteFitness ** 0.5384615384615384
Current fitness function value: class org.evosuite.coverage.method.MethodCoverageSuiteFitness ** 0.8888888888888888
Current fitness function value: class org.evosuite.coverage.method.MethodNoExceptionCoverageSuiteFitness ** 0.8888888888888888
Current fitness function value: class org.evosuite.coverage.cbranch.CBranchSuiteFitness ** 0.9615384615384616
* Minimizing test suite
* Going to analyze the coverage criteria
* Coverage analysis for criterion LINE
* Coverage of criterion LINE: 95%
* Total number of goals: 41
* Number of covered goals: 39
* Coverage analysis for criterion BRANCH
* Coverage of criterion BRANCH: 96%
* Total number of goals: 26
* Number of covered goals: 25
* Coverage analysis for criterion EXCEPTION
* Coverage of criterion EXCEPTION: 100%
* Total number of goals: 8
* Number of covered goals: 8
* Coverage analysis for criterion WEAKMUTATION
* Coverage of criterion WEAKMUTATION: 91%
* Total number of goals: 45
* Number of covered goals: 41
* Coverage analysis for criterion OUTPUT
* Coverage of criterion OUTPUT: 62%
* Total number of goals: 13
* Number of covered goals: 8
* Coverage analysis for criterion METHOD
* Coverage of criterion METHOD: 100%
* Total number of goals: 9
* Number of covered goals: 9
* Coverage analysis for criterion METHODNOEXCEPTION
* Coverage of criterion METHODNOEXCEPTION: 100%
* Total number of goals: 9
* Number of covered goals: 9
* Coverage analysis for criterion CBRANCH
* Coverage of criterion CBRANCH: 96%
* Total number of goals: 26
* Number of covered goals: 25
Current fitness function value: class org.evosuite.coverage.line.LineCoverageSuiteFitness ** 0.9512195121951219
Current fitness function value: class org.evosuite.coverage.branch.BranchCoverageSuiteFitness ** 0.9615384615384616
Current fitness function value: class org.evosuite.coverage.exception.ExceptionCoverageSuiteFitness ** 1.0
Current fitness function value: class org.evosuite.coverage.mutation.WeakMutationSuiteFitness ** 0.9111111111111111
Current fitness function value: class org.evosuite.coverage.io.output.OutputCoverageSuiteFitness ** 0.5384615384615384
Current fitness function value: class org.evosuite.coverage.method.MethodCoverageSuiteFitness ** 0.8888888888888888
Current fitness function value: class org.evosuite.coverage.method.MethodNoExceptionCoverageSuiteFitness ** 0.8888888888888888
Current fitness function value: class org.evosuite.coverage.cbranch.CBranchSuiteFitness ** 0.9615384615384616
* Generated 23 tests with total length 113
* Resulting test suite's coverage: 89% (average coverage for all fitness functions)
* Generating assertions
* Resulting test suite's mutation score: 26%
Current fitness function value: class org.evosuite.coverage.line.LineCoverageSuiteFitness ** 0.9512195121951219
Current fitness function value: class org.evosuite.coverage.branch.BranchCoverageSuiteFitness ** 0.9615384615384616
Current fitness function value: class org.evosuite.coverage.exception.ExceptionCoverageSuiteFitness ** 1.0
Current fitness function value: class org.evosuite.coverage.mutation.WeakMutationSuiteFitness ** 0.9111111111111111
Current fitness function value: class org.evosuite.coverage.io.output.OutputCoverageSuiteFitness ** 0.5384615384615384
Current fitness function value: class org.evosuite.coverage.method.MethodCoverageSuiteFitness ** 0.8888888888888888
Current fitness function value: class org.evosuite.coverage.method.MethodNoExceptionCoverageSuiteFitness ** 0.8888888888888888
Current fitness function value: class org.evosuite.coverage.cbranch.CBranchSuiteFitness ** 0.9615384615384616
* Compiling and checking tests
* Writing tests to file
* Writing JUnit test case 'AbstractClauseSelectorSolver_ESTest' to evosuite-tests
* Done!

* Computation finished
