* EvoSuite 1.0.7-SNAPSHOT
* Going to generate test cases for class: org.sat4j.tools.GateTranslator
* Starting Client-0
* Connecting to master process on port 9355
* Analyzing classpath: 
  - bins/sat4j/org.ow2.sat4j.core-2.3.6-SNAPSHOT.jar
  - bins/sat4j/org.ow2.sat4j.core-2.3.6-SNAPSHOT-tests.jar
* Finished analyzing classpath
* Generating tests for class org.sat4j.tools.GateTranslator
* Test criteria:
  - Line Coverage
  - Branch Coverage
  - Exception
  - Mutation testing (weak)
  - Method-Output Coverage
  - Top-Level Method Coverage
  - No-Exception Top-Level Method Coverage
  - Context Branch Coverage
* Total number of test goals for DYNAMOSA: 1235
* Using seed 1550550749915
* Starting evolution
* Initialsss Number of Goals in DynMOSA = 736 / 1235
Current fitness function value: class org.evosuite.coverage.line.LineCoverageSuiteFitness ** 0.3925925925925926
Current fitness function value: class org.evosuite.coverage.branch.BranchCoverageSuiteFitness ** 0.21212121212121213
Current fitness function value: class org.evosuite.coverage.exception.ExceptionCoverageSuiteFitness ** 1.0
Current fitness function value: class org.evosuite.coverage.mutation.WeakMutationSuiteFitness ** 0.3900523560209424
Current fitness function value: class org.evosuite.coverage.io.output.OutputCoverageSuiteFitness ** 0.16129032258064516
Current fitness function value: class org.evosuite.coverage.method.MethodCoverageSuiteFitness ** 0.5789473684210527
Current fitness function value: class org.evosuite.coverage.method.MethodNoExceptionCoverageSuiteFitness ** 0.47368421052631576
Current fitness function value: class org.evosuite.coverage.cbranch.CBranchSuiteFitness ** 0.21212121212121213
* naaame: 
* naaame: org.evosuite.ShutdownTestWriter
* naaame: org.evosuite.ga.stoppingconditions.ZeroFitnessStoppingCondition
* naaame: org.evosuite.ga.stoppingconditions.GlobalTimeStoppingCondition
* naaame: org.evosuite.ga.stoppingconditions.MaxFitnessEvaluationsStoppingCondition
Current fitness evaluations: 200
* naaame: org.evosuite.ga.stoppingconditions.RMIStoppingCondition
[MASTER] 05:33:40.257 [logback-1] WARN  TestChromosome - Functional mock problem: org.evosuite.ga.ConstructionFailedException: Found no variables of type interface org.sat4j.specs.IConstr
[MASTER] 05:33:40.298 [logback-1] WARN  TestChromosome - Functional mock problem: org.evosuite.ga.ConstructionFailedException: Found no variables of type class org.sat4j.opt.MinOneDecorator
* naaame: 
* naaame: org.evosuite.ShutdownTestWriter
* naaame: org.evosuite.ga.stoppingconditions.ZeroFitnessStoppingCondition
* naaame: org.evosuite.ga.stoppingconditions.GlobalTimeStoppingCondition
* naaame: org.evosuite.ga.stoppingconditions.MaxFitnessEvaluationsStoppingCondition
Current fitness evaluations: 271
* naaame: org.evosuite.ga.stoppingconditions.RMIStoppingCondition
Current fitness function value: class org.evosuite.coverage.line.LineCoverageSuiteFitness ** 0.5074074074074074
Current fitness function value: class org.evosuite.coverage.branch.BranchCoverageSuiteFitness ** 0.24242424242424243
Current fitness function value: class org.evosuite.coverage.exception.ExceptionCoverageSuiteFitness ** 1.0
Current fitness function value: class org.evosuite.coverage.mutation.WeakMutationSuiteFitness ** 0.49214659685863876
Current fitness function value: class org.evosuite.coverage.io.output.OutputCoverageSuiteFitness ** 0.16129032258064516
Current fitness function value: class org.evosuite.coverage.method.MethodCoverageSuiteFitness ** 0.6842105263157895
Current fitness function value: class org.evosuite.coverage.method.MethodNoExceptionCoverageSuiteFitness ** 0.5263157894736842
Current fitness function value: class org.evosuite.coverage.cbranch.CBranchSuiteFitness ** 0.24242424242424243
[MASTER] 05:33:48.958 [logback-1] WARN  TestChromosome - Functional mock problem: org.evosuite.ga.ConstructionFailedException: Have no generator for org.sat4j.tools.ManyCore<org.sat4j.tools.OptToSatAdapter> canUseFunctionalMocks=false, canBeMocked: true
[MASTER] 05:33:49.037 [logback-1] WARN  TestChromosome - Functional mock problem: org.evosuite.ga.ConstructionFailedException: Found no variables of type interface org.sat4j.specs.IVecInt
* naaame: 
* naaame: org.evosuite.ShutdownTestWriter
* naaame: org.evosuite.ga.stoppingconditions.ZeroFitnessStoppingCondition
* naaame: org.evosuite.ga.stoppingconditions.GlobalTimeStoppingCondition
* naaame: org.evosuite.ga.stoppingconditions.MaxFitnessEvaluationsStoppingCondition
Current fitness evaluations: 355
* naaame: org.evosuite.ga.stoppingconditions.RMIStoppingCondition
Current fitness function value: class org.evosuite.coverage.line.LineCoverageSuiteFitness ** 0.5481481481481482
Current fitness function value: class org.evosuite.coverage.branch.BranchCoverageSuiteFitness ** 0.30303030303030304
Current fitness function value: class org.evosuite.coverage.exception.ExceptionCoverageSuiteFitness ** 1.0
Current fitness function value: class org.evosuite.coverage.mutation.WeakMutationSuiteFitness ** 0.5431937172774869
Current fitness function value: class org.evosuite.coverage.io.output.OutputCoverageSuiteFitness ** 0.16129032258064516
Current fitness function value: class org.evosuite.coverage.method.MethodCoverageSuiteFitness ** 0.7368421052631579
Current fitness function value: class org.evosuite.coverage.method.MethodNoExceptionCoverageSuiteFitness ** 0.5263157894736842
Current fitness function value: class org.evosuite.coverage.cbranch.CBranchSuiteFitness ** 0.30303030303030304
[MASTER] 05:34:06.585 [logback-1] WARN  CoverageArchive - A solution with a timeout/exception result has been added to the archive. The covered goal was [METHODNOEX] org.sat4j.tools.GateTranslator.not(II)[Lorg/sat4j/specs/IConstr;
[MASTER] 05:34:06.829 [logback-1] WARN  CoverageArchive - A solution with a timeout/exception result has been added to the archive. The covered goal was [METHODNOEX] org.sat4j.tools.GateTranslator.and(ILorg/sat4j/specs/IVecInt;)[Lorg/sat4j/specs/IConstr;
* naaame: 
* naaame: org.evosuite.ShutdownTestWriter
* naaame: org.evosuite.ga.stoppingconditions.ZeroFitnessStoppingCondition
* naaame: org.evosuite.ga.stoppingconditions.GlobalTimeStoppingCondition
* naaame: org.evosuite.ga.stoppingconditions.MaxFitnessEvaluationsStoppingCondition
Current fitness evaluations: 438
* naaame: org.evosuite.ga.stoppingconditions.RMIStoppingCondition
Current fitness function value: class org.evosuite.coverage.line.LineCoverageSuiteFitness ** 0.5851851851851851
Current fitness function value: class org.evosuite.coverage.branch.BranchCoverageSuiteFitness ** 0.36363636363636365
Current fitness function value: class org.evosuite.coverage.exception.ExceptionCoverageSuiteFitness ** 1.0
Current fitness function value: class org.evosuite.coverage.mutation.WeakMutationSuiteFitness ** 0.5890052356020943
Current fitness function value: class org.evosuite.coverage.io.output.OutputCoverageSuiteFitness ** 0.16129032258064516
Current fitness function value: class org.evosuite.coverage.method.MethodCoverageSuiteFitness ** 0.8947368421052632
Current fitness function value: class org.evosuite.coverage.method.MethodNoExceptionCoverageSuiteFitness ** 0.5789473684210527
Current fitness function value: class org.evosuite.coverage.cbranch.CBranchSuiteFitness ** 0.36363636363636365
* naaame: 
* naaame: org.evosuite.ShutdownTestWriter
* naaame: org.evosuite.ga.stoppingconditions.ZeroFitnessStoppingCondition
* naaame: org.evosuite.ga.stoppingconditions.GlobalTimeStoppingCondition
* naaame: org.evosuite.ga.stoppingconditions.MaxFitnessEvaluationsStoppingCondition
Current fitness evaluations: 518
* naaame: org.evosuite.ga.stoppingconditions.RMIStoppingCondition
Current fitness function value: class org.evosuite.coverage.line.LineCoverageSuiteFitness ** 0.5888888888888889
Current fitness function value: class org.evosuite.coverage.branch.BranchCoverageSuiteFitness ** 0.36363636363636365
Current fitness function value: class org.evosuite.coverage.exception.ExceptionCoverageSuiteFitness ** 1.0
Current fitness function value: class org.evosuite.coverage.mutation.WeakMutationSuiteFitness ** 0.5890052356020943
Current fitness function value: class org.evosuite.coverage.io.output.OutputCoverageSuiteFitness ** 0.16129032258064516
Current fitness function value: class org.evosuite.coverage.method.MethodCoverageSuiteFitness ** 0.8947368421052632
Current fitness function value: class org.evosuite.coverage.method.MethodNoExceptionCoverageSuiteFitness ** 0.5789473684210527
Current fitness function value: class org.evosuite.coverage.cbranch.CBranchSuiteFitness ** 0.36363636363636365
* naaame: 
* naaame: org.evosuite.ShutdownTestWriter
* naaame: org.evosuite.ga.stoppingconditions.ZeroFitnessStoppingCondition
* naaame: org.evosuite.ga.stoppingconditions.GlobalTimeStoppingCondition
* naaame: org.evosuite.ga.stoppingconditions.MaxFitnessEvaluationsStoppingCondition
Current fitness evaluations: 581
* naaame: org.evosuite.ga.stoppingconditions.RMIStoppingCondition
Current fitness function value: class org.evosuite.coverage.line.LineCoverageSuiteFitness ** 0.5888888888888889
Current fitness function value: class org.evosuite.coverage.branch.BranchCoverageSuiteFitness ** 0.36363636363636365
Current fitness function value: class org.evosuite.coverage.exception.ExceptionCoverageSuiteFitness ** 1.0
Current fitness function value: class org.evosuite.coverage.mutation.WeakMutationSuiteFitness ** 0.5890052356020943
Current fitness function value: class org.evosuite.coverage.io.output.OutputCoverageSuiteFitness ** 0.16129032258064516
Current fitness function value: class org.evosuite.coverage.method.MethodCoverageSuiteFitness ** 0.8947368421052632
Current fitness function value: class org.evosuite.coverage.method.MethodNoExceptionCoverageSuiteFitness ** 0.5789473684210527
Current fitness function value: class org.evosuite.coverage.cbranch.CBranchSuiteFitness ** 0.36363636363636365
Current fitness function value: class org.evosuite.coverage.line.LineCoverageSuiteFitness ** 0.5888888888888889
Current fitness function value: class org.evosuite.coverage.branch.BranchCoverageSuiteFitness ** 0.36363636363636365
Current fitness function value: class org.evosuite.coverage.exception.ExceptionCoverageSuiteFitness ** 1.0
Current fitness function value: class org.evosuite.coverage.mutation.WeakMutationSuiteFitness ** 0.5890052356020943
Current fitness function value: class org.evosuite.coverage.io.output.OutputCoverageSuiteFitness ** 0.16129032258064516
Current fitness function value: class org.evosuite.coverage.method.MethodCoverageSuiteFitness ** 0.8947368421052632
Current fitness function value: class org.evosuite.coverage.method.MethodNoExceptionCoverageSuiteFitness ** 0.5789473684210527
Current fitness function value: class org.evosuite.coverage.cbranch.CBranchSuiteFitness ** 0.36363636363636365
* Search finished after 124s and 5 generations, 6151 statements, best individual has fitness: 545.0
Current fitness function value: class org.evosuite.coverage.line.LineCoverageSuiteFitness ** 0.5888888888888889
Current fitness function value: class org.evosuite.coverage.branch.BranchCoverageSuiteFitness ** 0.36363636363636365
Current fitness function value: class org.evosuite.coverage.exception.ExceptionCoverageSuiteFitness ** 1.0
Current fitness function value: class org.evosuite.coverage.mutation.WeakMutationSuiteFitness ** 0.5890052356020943
Current fitness function value: class org.evosuite.coverage.io.output.OutputCoverageSuiteFitness ** 0.16129032258064516
Current fitness function value: class org.evosuite.coverage.method.MethodCoverageSuiteFitness ** 0.8947368421052632
Current fitness function value: class org.evosuite.coverage.method.MethodNoExceptionCoverageSuiteFitness ** 0.5789473684210527
Current fitness function value: class org.evosuite.coverage.cbranch.CBranchSuiteFitness ** 0.36363636363636365
* Minimizing test suite
[MASTER] 05:36:01.981 [logback-1] WARN  TestSuiteMinimizer - Minimization timeout. Roll back to original test suite
* Going to analyze the coverage criteria
* Coverage analysis for criterion LINE
* Coverage of criterion LINE: 59%
* Total number of goals: 270
* Number of covered goals: 159
* Coverage analysis for criterion BRANCH
* Coverage of criterion BRANCH: 36%
* Total number of goals: 66
* Number of covered goals: 24
* Coverage analysis for criterion EXCEPTION
* Coverage of criterion EXCEPTION: 100%
* Total number of goals: 26
* Number of covered goals: 26
* Coverage analysis for criterion WEAKMUTATION
* Coverage of criterion WEAKMUTATION: 60%
* Total number of goals: 764
* Number of covered goals: 462
* Coverage analysis for criterion OUTPUT
* Coverage of criterion OUTPUT: 16%
* Total number of goals: 31
* Number of covered goals: 5
* Coverage analysis for criterion METHOD
* Coverage of criterion METHOD: 100%
* Total number of goals: 19
* Number of covered goals: 19
* Coverage analysis for criterion METHODNOEXCEPTION
* Coverage of criterion METHODNOEXCEPTION: 84%
* Total number of goals: 19
* Number of covered goals: 16
* Coverage analysis for criterion CBRANCH
* Coverage of criterion CBRANCH: 36%
* Total number of goals: 66
* Number of covered goals: 24
Current fitness function value: class org.evosuite.coverage.line.LineCoverageSuiteFitness ** 0.5888888888888889
Current fitness function value: class org.evosuite.coverage.branch.BranchCoverageSuiteFitness ** 0.36363636363636365
Current fitness function value: class org.evosuite.coverage.exception.ExceptionCoverageSuiteFitness ** 1.0
Current fitness function value: class org.evosuite.coverage.mutation.WeakMutationSuiteFitness ** 0.5890052356020943
Current fitness function value: class org.evosuite.coverage.io.output.OutputCoverageSuiteFitness ** 0.16129032258064516
Current fitness function value: class org.evosuite.coverage.method.MethodCoverageSuiteFitness ** 0.8947368421052632
Current fitness function value: class org.evosuite.coverage.method.MethodNoExceptionCoverageSuiteFitness ** 0.5789473684210527
Current fitness function value: class org.evosuite.coverage.cbranch.CBranchSuiteFitness ** 0.36363636363636365
* Generated 44 tests with total length 677
* Resulting test suite's coverage: 57% (average coverage for all fitness functions)
* Generating assertions
* Resulting test suite's mutation score: 1%
Current fitness function value: class org.evosuite.coverage.line.LineCoverageSuiteFitness ** 0.5888888888888889
Current fitness function value: class org.evosuite.coverage.branch.BranchCoverageSuiteFitness ** 0.36363636363636365
Current fitness function value: class org.evosuite.coverage.exception.ExceptionCoverageSuiteFitness ** 1.0
Current fitness function value: class org.evosuite.coverage.mutation.WeakMutationSuiteFitness ** 0.5890052356020943
Current fitness function value: class org.evosuite.coverage.io.output.OutputCoverageSuiteFitness ** 0.16129032258064516
Current fitness function value: class org.evosuite.coverage.method.MethodCoverageSuiteFitness ** 0.8947368421052632
Current fitness function value: class org.evosuite.coverage.method.MethodNoExceptionCoverageSuiteFitness ** 0.5789473684210527
Current fitness function value: class org.evosuite.coverage.cbranch.CBranchSuiteFitness ** 0.36363636363636365
* Compiling and checking tests
[MASTER] 05:37:17.589 [logback-1] WARN  JUnitAnalyzer - Found unstable test named test0 -> class java.lang.StackOverflowError: null
[MASTER] 05:37:17.591 [logback-1] WARN  JUnitAnalyzer - Failing test:
 GateTranslator gateTranslator0 = new GateTranslator((ISolver) null);
gateTranslator0.setDecorated((ISolver) null);
int int0 = 3512;
IVecInt iVecInt0 = VecInt.EMPTY;
iVecInt0.clear();
IVecInt iVecInt1 = mock(IVecInt.class, new ViolatedAssumptionAnswer());
doReturn(iVecInt0).when(iVecInt1).push(anyInt());
doReturn(2600).when(iVecInt1).size();
gateTranslator0.xor(int0, iVecInt1);
int int1 = 0;
int int2 = (-162);
gateTranslator0.additionalFullAdderConstraints(int1, int1, int1, int2, int1);
int int3 = 0;
gateTranslator0.not(int2, int3);
int int4 = 512;
gateTranslator0.gateTrue(int4);
int int5 = (-2112);
int int6 = 1667;
VecInt vecInt0 = new VecInt(int5, int6);
IVecInt iVecInt2 = vecInt0.pop();
iVecInt2.last();
iVecInt2.isEmpty();
iVecInt2.contains(int5);
vecInt0.remove(int6);
int int7 = (-1685);
gateTranslator0.or(int7, iVecInt2);
int int8 = (-1901);
int int9 = 980;
gateTranslator0.halfAdderSum(int0, int8, int9);
int int10 = (-796);
ISolver iSolver0 = null;
GateTranslator gateTranslator1 = new GateTranslator(iSolver0);
int[] intArray0 = new int[0];
VecInt vecInt1 = new VecInt(intArray0);
int int11 = 0;
IVecInt iVecInt3 = vecInt1.push(int11);
gateTranslator1.addClause(iVecInt3);
gateTranslator1.isSatisfiable();
int int12 = (-248);
gateTranslator1.fullAdderCarry(int10, int12, int12, int1);

[MASTER] 05:37:24.573 [logback-1] WARN  JUnitAnalyzer - Found unstable test named test0 -> class java.lang.NullPointerException: null
[MASTER] 05:37:24.575 [logback-1] WARN  JUnitAnalyzer - Failing test:
 GateTranslator gateTranslator0 = new GateTranslator((ISolver) null);
gateTranslator0.setDecorated((ISolver) null);
int int0 = 3512;
IVecInt iVecInt0 = VecInt.EMPTY;
iVecInt0.clear();
IVecInt iVecInt1 = mock(IVecInt.class, new ViolatedAssumptionAnswer());
doReturn(iVecInt0).when(iVecInt1).push(anyInt());
doReturn(2600).when(iVecInt1).size();
gateTranslator0.xor(int0, iVecInt1);

[MASTER] 05:37:28.961 [logback-1] WARN  JUnitAnalyzer - Found unstable test named test0 -> class java.lang.StackOverflowError: null
[MASTER] 05:37:28.971 [logback-1] WARN  JUnitAnalyzer - Failing test:
 GateTranslator gateTranslator0 = new GateTranslator((ISolver) null);
gateTranslator0.setDecorated((ISolver) null);
int int0 = 3512;
IVecInt iVecInt0 = mock(IVecInt.class, new ViolatedAssumptionAnswer());
doReturn((IVecInt) null).when(iVecInt0).push(anyInt());
doReturn(0).when(iVecInt0).size();
gateTranslator0.xor(int0, iVecInt0);
int int1 = 0;
int int2 = (-162);
gateTranslator0.additionalFullAdderConstraints(int1, int1, int1, int2, int1);
int int3 = 0;
gateTranslator0.not(int2, int3);
int int4 = 512;
gateTranslator0.gateTrue(int4);
int int5 = (-2112);
int int6 = 1667;
VecInt vecInt0 = new VecInt(int5, int6);
IVecInt iVecInt1 = vecInt0.pop();
int int7 = iVecInt1.last();
iVecInt1.isEmpty();
iVecInt1.contains(int5);
vecInt0.remove(int6);
vecInt0.isEmpty();
vecInt0.clear();
iVecInt1.contains(int7);
vecInt0.contains(int6);
int int8 = 47;
vecInt0.remove(int8);
iVecInt1.isEmpty();
iVecInt1.last();
gateTranslator0.and(int4, iVecInt1);
int int9 = (-4306);
gateTranslator0.and(int1, int9, int1);
int int10 = 0;
int int11 = (-864);
gateTranslator0.fullAdderSum(int1, int10, int6, int11);

* Writing tests to file
* Writing JUnit test case 'GateTranslator_ESTest' to evosuite-tests
* Done!

* Computation finished
