* EvoSuite 1.0.7-SNAPSHOT
* Going to generate test cases for class: org.sat4j.tools.encoding.Ladder
* Starting Client-0
* Connecting to master process on port 4913
* Analyzing classpath: 
  - bins/sat4j/org.ow2.sat4j.core-2.3.6-SNAPSHOT.jar
  - bins/sat4j/org.ow2.sat4j.core-2.3.6-SNAPSHOT-tests.jar
* Finished analyzing classpath
* Generating tests for class org.sat4j.tools.encoding.Ladder
* Test criteria:
  - Line Coverage
  - Branch Coverage
  - Exception
  - Mutation testing (weak)
  - Method-Output Coverage
  - Top-Level Method Coverage
  - No-Exception Top-Level Method Coverage
  - Context Branch Coverage
* Total number of test goals for DYNAMOSA: 351
* Using seed 1550554135328
* Starting evolution
* Initialsss Number of Goals in DynMOSA = 69 / 351
Current fitness function value: class org.evosuite.coverage.line.LineCoverageSuiteFitness ** 0.18085106382978725
Current fitness function value: class org.evosuite.coverage.branch.BranchCoverageSuiteFitness ** 0.30434782608695654
Current fitness function value: class org.evosuite.coverage.exception.ExceptionCoverageSuiteFitness ** 1.0
Current fitness function value: class org.evosuite.coverage.mutation.WeakMutationSuiteFitness ** 0.1691542288557214
Current fitness function value: class org.evosuite.coverage.io.output.OutputCoverageSuiteFitness ** 0.0
Current fitness function value: class org.evosuite.coverage.method.MethodCoverageSuiteFitness ** 1.0
Current fitness function value: class org.evosuite.coverage.method.MethodNoExceptionCoverageSuiteFitness ** 0.3333333333333333
Current fitness function value: class org.evosuite.coverage.cbranch.CBranchSuiteFitness ** 0.30434782608695654
* naaame: 
* naaame: org.evosuite.ga.stoppingconditions.ZeroFitnessStoppingCondition
* naaame: org.evosuite.ShutdownTestWriter
* naaame: org.evosuite.ga.stoppingconditions.MaxFitnessEvaluationsStoppingCondition
Current fitness evaluations: 200
* naaame: org.evosuite.ga.stoppingconditions.RMIStoppingCondition
* naaame: org.evosuite.ga.stoppingconditions.GlobalTimeStoppingCondition
[MASTER] 06:29:56.123 [logback-1] WARN  TestChromosome - Functional mock problem: org.evosuite.ga.ConstructionFailedException: Found no variables of type class org.sat4j.tools.SingleSolutionDetector
[MASTER] 06:30:00.700 [logback-1] WARN  TestChromosome - Functional mock problem: org.evosuite.ga.ConstructionFailedException: Found no variables of type interface org.sat4j.specs.IConstr
* naaame: 
* naaame: org.evosuite.ga.stoppingconditions.ZeroFitnessStoppingCondition
* naaame: org.evosuite.ShutdownTestWriter
* naaame: org.evosuite.ga.stoppingconditions.MaxFitnessEvaluationsStoppingCondition
Current fitness evaluations: 271
* naaame: org.evosuite.ga.stoppingconditions.RMIStoppingCondition
* naaame: org.evosuite.ga.stoppingconditions.GlobalTimeStoppingCondition
Current fitness function value: class org.evosuite.coverage.line.LineCoverageSuiteFitness ** 0.4574468085106383
Current fitness function value: class org.evosuite.coverage.branch.BranchCoverageSuiteFitness ** 0.6086956521739131
Current fitness function value: class org.evosuite.coverage.exception.ExceptionCoverageSuiteFitness ** 1.0
Current fitness function value: class org.evosuite.coverage.mutation.WeakMutationSuiteFitness ** 0.38308457711442784
Current fitness function value: class org.evosuite.coverage.io.output.OutputCoverageSuiteFitness ** 0.25
Current fitness function value: class org.evosuite.coverage.method.MethodCoverageSuiteFitness ** 1.0
Current fitness function value: class org.evosuite.coverage.method.MethodNoExceptionCoverageSuiteFitness ** 0.6666666666666666
Current fitness function value: class org.evosuite.coverage.cbranch.CBranchSuiteFitness ** 0.6086956521739131
* naaame: 
* naaame: org.evosuite.ga.stoppingconditions.ZeroFitnessStoppingCondition
* naaame: org.evosuite.ShutdownTestWriter
* naaame: org.evosuite.ga.stoppingconditions.MaxFitnessEvaluationsStoppingCondition
Current fitness evaluations: 356
* naaame: org.evosuite.ga.stoppingconditions.RMIStoppingCondition
* naaame: org.evosuite.ga.stoppingconditions.GlobalTimeStoppingCondition
[MASTER] 06:30:03.527 [logback-1] WARN  TestChromosome - Functional mock problem: org.evosuite.ga.ConstructionFailedException: Failed to add constructor for org.sat4j.minisat.constraints.cnf.LearntHTClause due to org.evosuite.ga.ConstructionFailedException: Found no variables of type interface org.sat4j.specs.IVecInt
[MASTER] 06:30:03.628 [logback-1] WARN  TestChromosome - Functional mock problem: org.evosuite.ga.ConstructionFailedException: Failed to add constructor for org.sat4j.minisat.core.Solver due to org.evosuite.ga.ConstructionFailedException: Found no variables of type interface org.sat4j.minisat.core.RestartStrategy
* naaame: 
* naaame: org.evosuite.ga.stoppingconditions.ZeroFitnessStoppingCondition
* naaame: org.evosuite.ShutdownTestWriter
* naaame: org.evosuite.ga.stoppingconditions.MaxFitnessEvaluationsStoppingCondition
Current fitness evaluations: 431
* naaame: org.evosuite.ga.stoppingconditions.RMIStoppingCondition
* naaame: org.evosuite.ga.stoppingconditions.GlobalTimeStoppingCondition
[MASTER] 06:30:03.972 [logback-1] WARN  TestChromosome - Functional mock problem: org.evosuite.ga.ConstructionFailedException: Found no variables of type class org.sat4j.opt.MaxSatDecorator
[MASTER] 06:30:04.091 [logback-1] WARN  TestChromosome - Functional mock problem: org.evosuite.ga.ConstructionFailedException: Failed to add constructor for org.sat4j.minisat.constraints.cnf.LearntWLClause due to org.evosuite.ga.ConstructionFailedException: Found no variables of type interface org.sat4j.specs.IVecInt
[MASTER] 06:30:04.829 [logback-1] WARN  TestChromosome - Functional mock problem: org.evosuite.ga.ConstructionFailedException: Found no variables of type interface org.sat4j.specs.UnitPropagationListener
[MASTER] 06:30:05.355 [logback-1] WARN  TestChromosome - Functional mock problem: org.evosuite.ga.ConstructionFailedException: Failed to add constructor for org.sat4j.minisat.constraints.card.MaxWatchCard due to org.evosuite.ga.ConstructionFailedException: Found no variables of type interface org.sat4j.minisat.core.ILits
[MASTER] 06:30:07.881 [logback-1] WARN  TestChromosome - Functional mock problem: org.evosuite.ga.ConstructionFailedException: Failed to add constructor for org.sat4j.tools.ModelIteratorToSATAdapter due to org.evosuite.ga.ConstructionFailedException: Found no variables of type interface org.sat4j.tools.SolutionFoundListener
* naaame: 
* naaame: org.evosuite.ga.stoppingconditions.ZeroFitnessStoppingCondition
* naaame: org.evosuite.ShutdownTestWriter
* naaame: org.evosuite.ga.stoppingconditions.MaxFitnessEvaluationsStoppingCondition
Current fitness evaluations: 519
* naaame: org.evosuite.ga.stoppingconditions.RMIStoppingCondition
* naaame: org.evosuite.ga.stoppingconditions.GlobalTimeStoppingCondition
Current fitness function value: class org.evosuite.coverage.line.LineCoverageSuiteFitness ** 1.0
Current fitness function value: class org.evosuite.coverage.branch.BranchCoverageSuiteFitness ** 1.0
Current fitness function value: class org.evosuite.coverage.exception.ExceptionCoverageSuiteFitness ** 1.0
Current fitness function value: class org.evosuite.coverage.mutation.WeakMutationSuiteFitness ** 0.9900497512437811
Current fitness function value: class org.evosuite.coverage.io.output.OutputCoverageSuiteFitness ** 0.5
Current fitness function value: class org.evosuite.coverage.method.MethodCoverageSuiteFitness ** 1.0
Current fitness function value: class org.evosuite.coverage.method.MethodNoExceptionCoverageSuiteFitness ** 1.0
Current fitness function value: class org.evosuite.coverage.cbranch.CBranchSuiteFitness ** 1.0
* naaame: 
* naaame: org.evosuite.ga.stoppingconditions.ZeroFitnessStoppingCondition
* naaame: org.evosuite.ShutdownTestWriter
* naaame: org.evosuite.ga.stoppingconditions.MaxFitnessEvaluationsStoppingCondition
Current fitness evaluations: 603
* naaame: org.evosuite.ga.stoppingconditions.RMIStoppingCondition
* naaame: org.evosuite.ga.stoppingconditions.GlobalTimeStoppingCondition
[MASTER] 06:30:13.676 [logback-1] WARN  TestChromosome - Functional mock problem: org.evosuite.ga.ConstructionFailedException: Found no variables of type class org.sat4j.minisat.constraints.card.AtLeast
* naaame: 
* naaame: org.evosuite.ga.stoppingconditions.ZeroFitnessStoppingCondition
* naaame: org.evosuite.ShutdownTestWriter
* naaame: org.evosuite.ga.stoppingconditions.MaxFitnessEvaluationsStoppingCondition
Current fitness evaluations: 695
* naaame: org.evosuite.ga.stoppingconditions.RMIStoppingCondition
* naaame: org.evosuite.ga.stoppingconditions.GlobalTimeStoppingCondition
Current fitness function value: class org.evosuite.coverage.line.LineCoverageSuiteFitness ** 1.0
Current fitness function value: class org.evosuite.coverage.branch.BranchCoverageSuiteFitness ** 1.0
Current fitness function value: class org.evosuite.coverage.exception.ExceptionCoverageSuiteFitness ** 1.0
Current fitness function value: class org.evosuite.coverage.mutation.WeakMutationSuiteFitness ** 0.9900497512437811
Current fitness function value: class org.evosuite.coverage.io.output.OutputCoverageSuiteFitness ** 0.5
Current fitness function value: class org.evosuite.coverage.method.MethodCoverageSuiteFitness ** 1.0
Current fitness function value: class org.evosuite.coverage.method.MethodNoExceptionCoverageSuiteFitness ** 1.0
Current fitness function value: class org.evosuite.coverage.cbranch.CBranchSuiteFitness ** 1.0
* naaame: 
* naaame: org.evosuite.ga.stoppingconditions.ZeroFitnessStoppingCondition
* naaame: org.evosuite.ShutdownTestWriter
* naaame: org.evosuite.ga.stoppingconditions.MaxFitnessEvaluationsStoppingCondition
Current fitness evaluations: 773
* naaame: org.evosuite.ga.stoppingconditions.RMIStoppingCondition
* naaame: org.evosuite.ga.stoppingconditions.GlobalTimeStoppingCondition
* naaame: 
* naaame: org.evosuite.ga.stoppingconditions.ZeroFitnessStoppingCondition
* naaame: org.evosuite.ShutdownTestWriter
* naaame: org.evosuite.ga.stoppingconditions.MaxFitnessEvaluationsStoppingCondition
Current fitness evaluations: 867
* naaame: org.evosuite.ga.stoppingconditions.RMIStoppingCondition
* naaame: org.evosuite.ga.stoppingconditions.GlobalTimeStoppingCondition
[MASTER] 06:30:18.884 [logback-1] WARN  TestChromosome - Functional mock problem: org.evosuite.ga.ConstructionFailedException: Found no variables of type interface org.sat4j.specs.IVecInt
[MASTER] 06:30:21.371 [logback-1] WARN  TestChromosome - Functional mock problem: org.evosuite.ga.ConstructionFailedException: Have no generator for class org.sat4j.tools.encoding.Policy canUseFunctionalMocks=false, canBeMocked: true
* naaame: 
* naaame: org.evosuite.ga.stoppingconditions.ZeroFitnessStoppingCondition
* naaame: org.evosuite.ShutdownTestWriter
* naaame: org.evosuite.ga.stoppingconditions.MaxFitnessEvaluationsStoppingCondition
Current fitness evaluations: 953
* naaame: org.evosuite.ga.stoppingconditions.RMIStoppingCondition
* naaame: org.evosuite.ga.stoppingconditions.GlobalTimeStoppingCondition
Current fitness function value: class org.evosuite.coverage.line.LineCoverageSuiteFitness ** 1.0
Current fitness function value: class org.evosuite.coverage.branch.BranchCoverageSuiteFitness ** 1.0
Current fitness function value: class org.evosuite.coverage.exception.ExceptionCoverageSuiteFitness ** 1.0
Current fitness function value: class org.evosuite.coverage.mutation.WeakMutationSuiteFitness ** 0.9900497512437811
Current fitness function value: class org.evosuite.coverage.io.output.OutputCoverageSuiteFitness ** 0.5
Current fitness function value: class org.evosuite.coverage.method.MethodCoverageSuiteFitness ** 1.0
Current fitness function value: class org.evosuite.coverage.method.MethodNoExceptionCoverageSuiteFitness ** 1.0
Current fitness function value: class org.evosuite.coverage.cbranch.CBranchSuiteFitness ** 1.0
* naaame: 
* naaame: org.evosuite.ga.stoppingconditions.ZeroFitnessStoppingCondition
* naaame: org.evosuite.ShutdownTestWriter
* naaame: org.evosuite.ga.stoppingconditions.MaxFitnessEvaluationsStoppingCondition
Current fitness evaluations: 1043
* naaame: org.evosuite.ga.stoppingconditions.RMIStoppingCondition
* naaame: org.evosuite.ga.stoppingconditions.GlobalTimeStoppingCondition
* naaame: 
* naaame: org.evosuite.ga.stoppingconditions.ZeroFitnessStoppingCondition
* naaame: org.evosuite.ShutdownTestWriter
* naaame: org.evosuite.ga.stoppingconditions.MaxFitnessEvaluationsStoppingCondition
Current fitness evaluations: 1121
* naaame: org.evosuite.ga.stoppingconditions.RMIStoppingCondition
* naaame: org.evosuite.ga.stoppingconditions.GlobalTimeStoppingCondition
* naaame: 
* naaame: org.evosuite.ga.stoppingconditions.ZeroFitnessStoppingCondition
* naaame: org.evosuite.ShutdownTestWriter
* naaame: org.evosuite.ga.stoppingconditions.MaxFitnessEvaluationsStoppingCondition
Current fitness evaluations: 1217
* naaame: org.evosuite.ga.stoppingconditions.RMIStoppingCondition
* naaame: org.evosuite.ga.stoppingconditions.GlobalTimeStoppingCondition
* naaame: 
* naaame: org.evosuite.ga.stoppingconditions.ZeroFitnessStoppingCondition
* naaame: org.evosuite.ShutdownTestWriter
* naaame: org.evosuite.ga.stoppingconditions.MaxFitnessEvaluationsStoppingCondition
Current fitness evaluations: 1299
* naaame: org.evosuite.ga.stoppingconditions.RMIStoppingCondition
* naaame: org.evosuite.ga.stoppingconditions.GlobalTimeStoppingCondition
[MASTER] 06:30:28.522 [logback-1] WARN  TestChromosome - Functional mock problem: org.evosuite.ga.ConstructionFailedException: Failed to add constructor for org.sat4j.minisat.core.Solver due to org.evosuite.ga.ConstructionFailedException: Found no variables of type interface org.sat4j.specs.ILogAble
* naaame: 
* naaame: org.evosuite.ga.stoppingconditions.ZeroFitnessStoppingCondition
* naaame: org.evosuite.ShutdownTestWriter
* naaame: org.evosuite.ga.stoppingconditions.MaxFitnessEvaluationsStoppingCondition
Current fitness evaluations: 1386
* naaame: org.evosuite.ga.stoppingconditions.RMIStoppingCondition
* naaame: org.evosuite.ga.stoppingconditions.GlobalTimeStoppingCondition
Current fitness function value: class org.evosuite.coverage.line.LineCoverageSuiteFitness ** 1.0
Current fitness function value: class org.evosuite.coverage.branch.BranchCoverageSuiteFitness ** 1.0
Current fitness function value: class org.evosuite.coverage.exception.ExceptionCoverageSuiteFitness ** 1.0
Current fitness function value: class org.evosuite.coverage.mutation.WeakMutationSuiteFitness ** 0.9900497512437811
Current fitness function value: class org.evosuite.coverage.io.output.OutputCoverageSuiteFitness ** 0.5
Current fitness function value: class org.evosuite.coverage.method.MethodCoverageSuiteFitness ** 1.0
Current fitness function value: class org.evosuite.coverage.method.MethodNoExceptionCoverageSuiteFitness ** 1.0
Current fitness function value: class org.evosuite.coverage.cbranch.CBranchSuiteFitness ** 1.0
[MASTER] 06:30:44.691 [logback-1] WARN  TestChromosome - Functional mock problem: org.evosuite.ga.ConstructionFailedException: Have no generator for org.sat4j.tools.FullClauseSelectorSolver<org.sat4j.minisat.core.Solver<org.sat4j.minisat.constraints.MixedDataStructureDanielHT>> canUseFunctionalMocks=false, canBeMocked: true
* naaame: 
* naaame: org.evosuite.ga.stoppingconditions.ZeroFitnessStoppingCondition
* naaame: org.evosuite.ShutdownTestWriter
* naaame: org.evosuite.ga.stoppingconditions.MaxFitnessEvaluationsStoppingCondition
Current fitness evaluations: 1475
* naaame: org.evosuite.ga.stoppingconditions.RMIStoppingCondition
* naaame: org.evosuite.ga.stoppingconditions.GlobalTimeStoppingCondition
Current fitness function value: class org.evosuite.coverage.line.LineCoverageSuiteFitness ** 1.0
Current fitness function value: class org.evosuite.coverage.branch.BranchCoverageSuiteFitness ** 1.0
Current fitness function value: class org.evosuite.coverage.exception.ExceptionCoverageSuiteFitness ** 1.0
Current fitness function value: class org.evosuite.coverage.mutation.WeakMutationSuiteFitness ** 0.9900497512437811
Current fitness function value: class org.evosuite.coverage.io.output.OutputCoverageSuiteFitness ** 0.5
Current fitness function value: class org.evosuite.coverage.method.MethodCoverageSuiteFitness ** 1.0
Current fitness function value: class org.evosuite.coverage.method.MethodNoExceptionCoverageSuiteFitness ** 1.0
Current fitness function value: class org.evosuite.coverage.cbranch.CBranchSuiteFitness ** 1.0
* naaame: 
* naaame: org.evosuite.ga.stoppingconditions.ZeroFitnessStoppingCondition
* naaame: org.evosuite.ShutdownTestWriter
* naaame: org.evosuite.ga.stoppingconditions.MaxFitnessEvaluationsStoppingCondition
Current fitness evaluations: 1567
* naaame: org.evosuite.ga.stoppingconditions.RMIStoppingCondition
* naaame: org.evosuite.ga.stoppingconditions.GlobalTimeStoppingCondition
[MASTER] 06:30:51.455 [logback-1] WARN  TestChromosome - Functional mock problem: org.evosuite.ga.ConstructionFailedException: Failed to add constructor for org.sat4j.minisat.constraints.card.AtLeast due to org.evosuite.ga.ConstructionFailedException: Found no variables of type interface org.sat4j.specs.IVecInt
[MASTER] 06:30:52.212 [logback-1] WARN  TestChromosome - Functional mock problem: org.evosuite.ga.ConstructionFailedException: Failed to add constructor for org.sat4j.tools.NegationDecorator due to org.evosuite.ga.ConstructionFailedException: Failed to add constructor for org.sat4j.tools.FullClauseSelectorSolver due to org.evosuite.ga.ConstructionFailedException: Found no variables of type class org.sat4j.tools.SingleSolutionDetector
[MASTER] 06:30:52.297 [logback-1] WARN  TestChromosome - Functional mock problem: org.evosuite.ga.ConstructionFailedException: Failed to add constructor for org.sat4j.minisat.constraints.cnf.BinaryClauses due to org.evosuite.ga.ConstructionFailedException: Found no variables of type interface org.sat4j.minisat.core.ILits
* naaame: 
* naaame: org.evosuite.ga.stoppingconditions.ZeroFitnessStoppingCondition
* naaame: org.evosuite.ShutdownTestWriter
* naaame: org.evosuite.ga.stoppingconditions.MaxFitnessEvaluationsStoppingCondition
Current fitness evaluations: 1647
* naaame: org.evosuite.ga.stoppingconditions.RMIStoppingCondition
* naaame: org.evosuite.ga.stoppingconditions.GlobalTimeStoppingCondition
Current fitness function value: class org.evosuite.coverage.line.LineCoverageSuiteFitness ** 1.0
Current fitness function value: class org.evosuite.coverage.branch.BranchCoverageSuiteFitness ** 1.0
Current fitness function value: class org.evosuite.coverage.exception.ExceptionCoverageSuiteFitness ** 1.0
Current fitness function value: class org.evosuite.coverage.mutation.WeakMutationSuiteFitness ** 0.9900497512437811
Current fitness function value: class org.evosuite.coverage.io.output.OutputCoverageSuiteFitness ** 0.5
Current fitness function value: class org.evosuite.coverage.method.MethodCoverageSuiteFitness ** 1.0
Current fitness function value: class org.evosuite.coverage.method.MethodNoExceptionCoverageSuiteFitness ** 1.0
Current fitness function value: class org.evosuite.coverage.cbranch.CBranchSuiteFitness ** 1.0
* naaame: 
* naaame: org.evosuite.ga.stoppingconditions.ZeroFitnessStoppingCondition
* naaame: org.evosuite.ShutdownTestWriter
* naaame: org.evosuite.ga.stoppingconditions.MaxFitnessEvaluationsStoppingCondition
Current fitness evaluations: 1735
* naaame: org.evosuite.ga.stoppingconditions.RMIStoppingCondition
* naaame: org.evosuite.ga.stoppingconditions.GlobalTimeStoppingCondition
[MASTER] 06:30:54.370 [logback-1] WARN  TestChromosome - Functional mock problem: org.evosuite.ga.ConstructionFailedException: Failed to add constructor for org.sat4j.minisat.constraints.cnf.CBClause due to org.evosuite.ga.ConstructionFailedException: Found no variables of type interface org.sat4j.minisat.core.ILits
* naaame: 
* naaame: org.evosuite.ga.stoppingconditions.ZeroFitnessStoppingCondition
* naaame: org.evosuite.ShutdownTestWriter
* naaame: org.evosuite.ga.stoppingconditions.MaxFitnessEvaluationsStoppingCondition
Current fitness evaluations: 1828
* naaame: org.evosuite.ga.stoppingconditions.RMIStoppingCondition
* naaame: org.evosuite.ga.stoppingconditions.GlobalTimeStoppingCondition
[MASTER] 06:30:57.190 [logback-1] WARN  TestChromosome - Functional mock problem: org.evosuite.ga.ConstructionFailedException: Failed to add constructor for org.sat4j.minisat.constraints.card.MaxWatchCard due to org.evosuite.ga.ConstructionFailedException: Found no variables of type interface org.sat4j.specs.IVecInt
[MASTER] 06:30:57.311 [logback-1] WARN  TestChromosome - Functional mock problem: org.evosuite.ga.ConstructionFailedException: Failed to add constructor for org.sat4j.tools.ClausalCardinalitiesDecorator due to org.evosuite.ga.ConstructionFailedException: Failed to add constructor for org.sat4j.tools.SingleSolutionDetector due to org.evosuite.ga.ConstructionFailedException: Failed to add constructor for org.sat4j.tools.ModelIteratorToSATAdapter due to org.evosuite.ga.ConstructionFailedException: Found no variables of type interface org.sat4j.tools.SolutionFoundListener
* naaame: 
* naaame: org.evosuite.ga.stoppingconditions.ZeroFitnessStoppingCondition
* naaame: org.evosuite.ShutdownTestWriter
* naaame: org.evosuite.ga.stoppingconditions.MaxFitnessEvaluationsStoppingCondition
Current fitness evaluations: 1911
* naaame: org.evosuite.ga.stoppingconditions.RMIStoppingCondition
* naaame: org.evosuite.ga.stoppingconditions.GlobalTimeStoppingCondition
[MASTER] 06:30:57.877 [logback-1] WARN  TestChromosome - Functional mock problem: org.evosuite.ga.ConstructionFailedException: Failed to add constructor for org.sat4j.minisat.core.Solver due to org.evosuite.ga.ConstructionFailedException: Found no variables of type interface org.sat4j.minisat.core.IOrder
* naaame: 
* naaame: org.evosuite.ga.stoppingconditions.ZeroFitnessStoppingCondition
* naaame: org.evosuite.ShutdownTestWriter
* naaame: org.evosuite.ga.stoppingconditions.MaxFitnessEvaluationsStoppingCondition
Current fitness evaluations: 1998
* naaame: org.evosuite.ga.stoppingconditions.RMIStoppingCondition
* naaame: org.evosuite.ga.stoppingconditions.GlobalTimeStoppingCondition
Current fitness function value: class org.evosuite.coverage.line.LineCoverageSuiteFitness ** 1.0
Current fitness function value: class org.evosuite.coverage.branch.BranchCoverageSuiteFitness ** 1.0
Current fitness function value: class org.evosuite.coverage.exception.ExceptionCoverageSuiteFitness ** 1.0
Current fitness function value: class org.evosuite.coverage.mutation.WeakMutationSuiteFitness ** 0.9900497512437811
Current fitness function value: class org.evosuite.coverage.io.output.OutputCoverageSuiteFitness ** 0.5
Current fitness function value: class org.evosuite.coverage.method.MethodCoverageSuiteFitness ** 1.0
Current fitness function value: class org.evosuite.coverage.method.MethodNoExceptionCoverageSuiteFitness ** 1.0
Current fitness function value: class org.evosuite.coverage.cbranch.CBranchSuiteFitness ** 1.0
* naaame: 
* naaame: org.evosuite.ga.stoppingconditions.ZeroFitnessStoppingCondition
* naaame: org.evosuite.ShutdownTestWriter
* naaame: org.evosuite.ga.stoppingconditions.MaxFitnessEvaluationsStoppingCondition
Current fitness evaluations: 2085
* naaame: org.evosuite.ga.stoppingconditions.RMIStoppingCondition
* naaame: org.evosuite.ga.stoppingconditions.GlobalTimeStoppingCondition
[MASTER] 06:31:03.135 [logback-1] WARN  TestChromosome - Functional mock problem: org.evosuite.ga.ConstructionFailedException: Failed to add constructor for org.sat4j.tools.ClausalCardinalitiesDecorator due to org.evosuite.ga.ConstructionFailedException: Failed to add constructor for org.sat4j.tools.FullClauseSelectorSolver due to org.evosuite.ga.ConstructionFailedException: Failed to add constructor for org.sat4j.tools.SingleSolutionDetector due to org.evosuite.ga.ConstructionFailedException: Failed to add constructor for org.sat4j.opt.MaxSatDecorator due to org.evosuite.ga.ConstructionFailedException: Failed to add constructor for org.sat4j.tools.ManyCore due to org.evosuite.ga.ConstructionFailedException: Max recursion depth reached
* naaame: 
* naaame: org.evosuite.ga.stoppingconditions.ZeroFitnessStoppingCondition
* naaame: org.evosuite.ShutdownTestWriter
* naaame: org.evosuite.ga.stoppingconditions.MaxFitnessEvaluationsStoppingCondition
Current fitness evaluations: 2179
* naaame: org.evosuite.ga.stoppingconditions.RMIStoppingCondition
* naaame: org.evosuite.ga.stoppingconditions.GlobalTimeStoppingCondition
[MASTER] 06:31:06.496 [logback-1] WARN  TestChromosome - Functional mock problem: org.evosuite.ga.ConstructionFailedException: Have no generator for class org.sat4j.tools.GateTranslator canUseFunctionalMocks=false, canBeMocked: true
* naaame: 
* naaame: org.evosuite.ga.stoppingconditions.ZeroFitnessStoppingCondition
* naaame: org.evosuite.ShutdownTestWriter
* naaame: org.evosuite.ga.stoppingconditions.MaxFitnessEvaluationsStoppingCondition
Current fitness evaluations: 2265
* naaame: org.evosuite.ga.stoppingconditions.RMIStoppingCondition
* naaame: org.evosuite.ga.stoppingconditions.GlobalTimeStoppingCondition
Current fitness function value: class org.evosuite.coverage.line.LineCoverageSuiteFitness ** 1.0
Current fitness function value: class org.evosuite.coverage.branch.BranchCoverageSuiteFitness ** 1.0
Current fitness function value: class org.evosuite.coverage.exception.ExceptionCoverageSuiteFitness ** 1.0
Current fitness function value: class org.evosuite.coverage.mutation.WeakMutationSuiteFitness ** 0.9900497512437811
Current fitness function value: class org.evosuite.coverage.io.output.OutputCoverageSuiteFitness ** 0.5
Current fitness function value: class org.evosuite.coverage.method.MethodCoverageSuiteFitness ** 1.0
Current fitness function value: class org.evosuite.coverage.method.MethodNoExceptionCoverageSuiteFitness ** 1.0
Current fitness function value: class org.evosuite.coverage.cbranch.CBranchSuiteFitness ** 1.0
* naaame: 
* naaame: org.evosuite.ga.stoppingconditions.ZeroFitnessStoppingCondition
* naaame: org.evosuite.ShutdownTestWriter
* naaame: org.evosuite.ga.stoppingconditions.MaxFitnessEvaluationsStoppingCondition
Current fitness evaluations: 2355
* naaame: org.evosuite.ga.stoppingconditions.RMIStoppingCondition
* naaame: org.evosuite.ga.stoppingconditions.GlobalTimeStoppingCondition
* naaame: 
* naaame: org.evosuite.ga.stoppingconditions.ZeroFitnessStoppingCondition
* naaame: org.evosuite.ShutdownTestWriter
* naaame: org.evosuite.ga.stoppingconditions.MaxFitnessEvaluationsStoppingCondition
Current fitness evaluations: 2377
* naaame: org.evosuite.ga.stoppingconditions.RMIStoppingCondition
* naaame: org.evosuite.ga.stoppingconditions.GlobalTimeStoppingCondition
Current fitness function value: class org.evosuite.coverage.line.LineCoverageSuiteFitness ** 1.0
Current fitness function value: class org.evosuite.coverage.branch.BranchCoverageSuiteFitness ** 1.0
Current fitness function value: class org.evosuite.coverage.exception.ExceptionCoverageSuiteFitness ** 1.0
Current fitness function value: class org.evosuite.coverage.mutation.WeakMutationSuiteFitness ** 0.9900497512437811
Current fitness function value: class org.evosuite.coverage.io.output.OutputCoverageSuiteFitness ** 0.5
Current fitness function value: class org.evosuite.coverage.method.MethodCoverageSuiteFitness ** 1.0
Current fitness function value: class org.evosuite.coverage.method.MethodNoExceptionCoverageSuiteFitness ** 1.0
Current fitness function value: class org.evosuite.coverage.cbranch.CBranchSuiteFitness ** 1.0
Current fitness function value: class org.evosuite.coverage.line.LineCoverageSuiteFitness ** 1.0
Current fitness function value: class org.evosuite.coverage.branch.BranchCoverageSuiteFitness ** 1.0
Current fitness function value: class org.evosuite.coverage.exception.ExceptionCoverageSuiteFitness ** 1.0
Current fitness function value: class org.evosuite.coverage.mutation.WeakMutationSuiteFitness ** 0.9900497512437811
Current fitness function value: class org.evosuite.coverage.io.output.OutputCoverageSuiteFitness ** 0.5
Current fitness function value: class org.evosuite.coverage.method.MethodCoverageSuiteFitness ** 1.0
Current fitness function value: class org.evosuite.coverage.method.MethodNoExceptionCoverageSuiteFitness ** 1.0
Current fitness function value: class org.evosuite.coverage.cbranch.CBranchSuiteFitness ** 1.0
* Search finished after 121s and 26 generations, 38798 statements, best individual has fitness: 4.0
Current fitness function value: class org.evosuite.coverage.line.LineCoverageSuiteFitness ** 1.0
Current fitness function value: class org.evosuite.coverage.branch.BranchCoverageSuiteFitness ** 1.0
Current fitness function value: class org.evosuite.coverage.exception.ExceptionCoverageSuiteFitness ** 1.0
Current fitness function value: class org.evosuite.coverage.mutation.WeakMutationSuiteFitness ** 0.9900497512437811
Current fitness function value: class org.evosuite.coverage.io.output.OutputCoverageSuiteFitness ** 0.5
Current fitness function value: class org.evosuite.coverage.method.MethodCoverageSuiteFitness ** 1.0
Current fitness function value: class org.evosuite.coverage.method.MethodNoExceptionCoverageSuiteFitness ** 1.0
Current fitness function value: class org.evosuite.coverage.cbranch.CBranchSuiteFitness ** 1.0
* Minimizing test suite
* Going to analyze the coverage criteria
* Coverage analysis for criterion LINE
* Coverage of criterion LINE: 100%
* Total number of goals: 94
* Number of covered goals: 94
* Coverage analysis for criterion BRANCH
* Coverage of criterion BRANCH: 100%
* Total number of goals: 23
* Number of covered goals: 23
* Coverage analysis for criterion EXCEPTION
* Coverage of criterion EXCEPTION: 100%
* Total number of goals: 12
* Number of covered goals: 12
* Coverage analysis for criterion WEAKMUTATION
* Coverage of criterion WEAKMUTATION: 99%
* Total number of goals: 201
* Number of covered goals: 199
* Coverage analysis for criterion OUTPUT
* Coverage of criterion OUTPUT: 50%
* Total number of goals: 4
* Number of covered goals: 2
* Coverage analysis for criterion METHOD
* Coverage of criterion METHOD: 100%
* Total number of goals: 3
* Number of covered goals: 3
* Coverage analysis for criterion METHODNOEXCEPTION
* Coverage of criterion METHODNOEXCEPTION: 100%
* Total number of goals: 3
* Number of covered goals: 3
* Coverage analysis for criterion CBRANCH
* Coverage of criterion CBRANCH: 100%
* Total number of goals: 23
* Number of covered goals: 23
Current fitness function value: class org.evosuite.coverage.line.LineCoverageSuiteFitness ** 1.0
Current fitness function value: class org.evosuite.coverage.branch.BranchCoverageSuiteFitness ** 1.0
Current fitness function value: class org.evosuite.coverage.exception.ExceptionCoverageSuiteFitness ** 1.0
Current fitness function value: class org.evosuite.coverage.mutation.WeakMutationSuiteFitness ** 0.9900497512437811
Current fitness function value: class org.evosuite.coverage.io.output.OutputCoverageSuiteFitness ** 0.5
Current fitness function value: class org.evosuite.coverage.method.MethodCoverageSuiteFitness ** 1.0
Current fitness function value: class org.evosuite.coverage.method.MethodNoExceptionCoverageSuiteFitness ** 1.0
Current fitness function value: class org.evosuite.coverage.cbranch.CBranchSuiteFitness ** 1.0
* Generated 15 tests with total length 86
* Resulting test suite's coverage: 94% (average coverage for all fitness functions)
* Generating assertions
* Resulting test suite's mutation score: 75%
Current fitness function value: class org.evosuite.coverage.line.LineCoverageSuiteFitness ** 1.0
Current fitness function value: class org.evosuite.coverage.branch.BranchCoverageSuiteFitness ** 1.0
Current fitness function value: class org.evosuite.coverage.exception.ExceptionCoverageSuiteFitness ** 1.0
Current fitness function value: class org.evosuite.coverage.mutation.WeakMutationSuiteFitness ** 0.9900497512437811
Current fitness function value: class org.evosuite.coverage.io.output.OutputCoverageSuiteFitness ** 0.5
Current fitness function value: class org.evosuite.coverage.method.MethodCoverageSuiteFitness ** 1.0
Current fitness function value: class org.evosuite.coverage.method.MethodNoExceptionCoverageSuiteFitness ** 1.0
Current fitness function value: class org.evosuite.coverage.cbranch.CBranchSuiteFitness ** 1.0
* Compiling and checking tests
* Writing tests to file
* Writing JUnit test case 'Ladder_ESTest' to evosuite-tests
* Done!

* Computation finished
