* EvoSuite 1.0.7-SNAPSHOT
* Going to generate test cases for class: org.sat4j.tools.ManyCore
* Starting Client-0
* Connecting to master process on port 10805
* Analyzing classpath: 
  - bins/sat4j/org.ow2.sat4j.core-2.3.6-SNAPSHOT.jar
  - bins/sat4j/org.ow2.sat4j.core-2.3.6-SNAPSHOT-tests.jar
* Finished analyzing classpath
* Generating tests for class org.sat4j.tools.ManyCore
* Test criteria:
  - Line Coverage
  - Branch Coverage
  - Exception
  - Mutation testing (weak)
  - Method-Output Coverage
  - Top-Level Method Coverage
  - No-Exception Top-Level Method Coverage
  - Context Branch Coverage
* Total number of test goals for DYNAMOSA: 1689
* Using seed 1550382130095
* Starting evolution
* Initialsss Number of Goals in DynMOSA = 508 / 1689
Current fitness function value: class org.evosuite.coverage.line.LineCoverageSuiteFitness ** 0.24096385542168675
Current fitness function value: class org.evosuite.coverage.branch.BranchCoverageSuiteFitness ** 0.21428571428571427
Current fitness function value: class org.evosuite.coverage.exception.ExceptionCoverageSuiteFitness ** 1.0
Current fitness function value: class org.evosuite.coverage.mutation.WeakMutationSuiteFitness ** 0.07244785949506037
Current fitness function value: class org.evosuite.coverage.io.output.OutputCoverageSuiteFitness ** 0.009009009009009009
Current fitness function value: class org.evosuite.coverage.method.MethodCoverageSuiteFitness ** 0.2898550724637681
Current fitness function value: class org.evosuite.coverage.method.MethodNoExceptionCoverageSuiteFitness ** 0.15942028985507245
Current fitness function value: class org.evosuite.coverage.cbranch.CBranchSuiteFitness ** 0.21428571428571427
* naaame: 
* naaame: org.evosuite.ga.stoppingconditions.RMIStoppingCondition
* naaame: org.evosuite.ga.stoppingconditions.MaxFitnessEvaluationsStoppingCondition
Current fitness evaluations: 200
* naaame: org.evosuite.ShutdownTestWriter
* naaame: org.evosuite.ga.stoppingconditions.GlobalTimeStoppingCondition
* naaame: org.evosuite.ga.stoppingconditions.ZeroFitnessStoppingCondition
[MASTER] 06:43:12.392 [logback-1] WARN  TestChromosome - Functional mock problem: org.evosuite.ga.ConstructionFailedException: Failed to add constructor for org.sat4j.tools.ClausalCardinalitiesDecorator due to org.evosuite.ga.ConstructionFailedException: Found no variables of type class org.sat4j.opt.MinOneDecorator
[MASTER] 06:43:12.859 [logback-1] WARN  TestChromosome - Functional mock problem: org.evosuite.ga.ConstructionFailedException: Found no variables of type interface org.sat4j.specs.IConstr
[MASTER] 06:43:18.283 [logback-1] WARN  TestChromosome - Functional mock problem: org.evosuite.ga.ConstructionFailedException: Found no variables of type class org.sat4j.tools.SingleSolutionDetector
[MASTER] 06:43:18.289 [logback-1] WARN  TestChromosome - Functional mock problem: org.evosuite.ga.ConstructionFailedException: Found no variables of type class org.sat4j.opt.MaxSatDecorator
[MASTER] 06:43:18.979 [logback-1] WARN  TestChromosome - Functional mock problem: org.evosuite.ga.ConstructionFailedException: Found no variables of type class org.sat4j.tools.OptToSatAdapter
[MASTER] 06:43:19.782 [logback-1] WARN  TestChromosome - Functional mock problem: org.evosuite.ga.ConstructionFailedException: Failed to add constructor for org.sat4j.tools.ModelIteratorToSATAdapter due to org.evosuite.ga.ConstructionFailedException: Failed to add constructor for org.sat4j.tools.Minimal4CardinalityModel due to org.evosuite.ga.ConstructionFailedException: Found no variables of type interface org.sat4j.specs.IVecInt
* naaame: 
* naaame: org.evosuite.ga.stoppingconditions.RMIStoppingCondition
* naaame: org.evosuite.ga.stoppingconditions.MaxFitnessEvaluationsStoppingCondition
Current fitness evaluations: 265
* naaame: org.evosuite.ShutdownTestWriter
* naaame: org.evosuite.ga.stoppingconditions.GlobalTimeStoppingCondition
* naaame: org.evosuite.ga.stoppingconditions.ZeroFitnessStoppingCondition
Current fitness function value: class org.evosuite.coverage.line.LineCoverageSuiteFitness ** 0.3132530120481928
Current fitness function value: class org.evosuite.coverage.branch.BranchCoverageSuiteFitness ** 0.3
Current fitness function value: class org.evosuite.coverage.exception.ExceptionCoverageSuiteFitness ** 1.0
Current fitness function value: class org.evosuite.coverage.mutation.WeakMutationSuiteFitness ** 0.09659714599341383
Current fitness function value: class org.evosuite.coverage.io.output.OutputCoverageSuiteFitness ** 0.02702702702702703
Current fitness function value: class org.evosuite.coverage.method.MethodCoverageSuiteFitness ** 0.37681159420289856
Current fitness function value: class org.evosuite.coverage.method.MethodNoExceptionCoverageSuiteFitness ** 0.2028985507246377
Current fitness function value: class org.evosuite.coverage.cbranch.CBranchSuiteFitness ** 0.3
[MASTER] 06:43:24.255 [logback-1] WARN  TestChromosome - Functional mock problem: org.evosuite.ga.ConstructionFailedException: Have no generator for org.sat4j.tools.ManyCore<org.sat4j.tools.ModelIterator> canUseFunctionalMocks=true, canBeMocked: false
* naaame: 
* naaame: org.evosuite.ga.stoppingconditions.RMIStoppingCondition
* naaame: org.evosuite.ga.stoppingconditions.MaxFitnessEvaluationsStoppingCondition
Current fitness evaluations: 344
* naaame: org.evosuite.ShutdownTestWriter
* naaame: org.evosuite.ga.stoppingconditions.GlobalTimeStoppingCondition
* naaame: org.evosuite.ga.stoppingconditions.ZeroFitnessStoppingCondition
Current fitness function value: class org.evosuite.coverage.line.LineCoverageSuiteFitness ** 0.3855421686746988
Current fitness function value: class org.evosuite.coverage.branch.BranchCoverageSuiteFitness ** 0.35714285714285715
Current fitness function value: class org.evosuite.coverage.exception.ExceptionCoverageSuiteFitness ** 1.0
Current fitness function value: class org.evosuite.coverage.mutation.WeakMutationSuiteFitness ** 0.12294182217343579
Current fitness function value: class org.evosuite.coverage.io.output.OutputCoverageSuiteFitness ** 0.04504504504504504
Current fitness function value: class org.evosuite.coverage.method.MethodCoverageSuiteFitness ** 0.463768115942029
Current fitness function value: class org.evosuite.coverage.method.MethodNoExceptionCoverageSuiteFitness ** 0.2753623188405797
Current fitness function value: class org.evosuite.coverage.cbranch.CBranchSuiteFitness ** 0.35
[MASTER] 06:43:37.415 [logback-1] WARN  TestChromosome - Functional mock problem: org.evosuite.ga.ConstructionFailedException: Found no variables of type interface org.sat4j.specs.IVecInt
[MASTER] 06:43:39.239 [logback-1] WARN  TestChromosome - Functional mock problem: org.evosuite.ga.ConstructionFailedException: Failed to add constructor for org.sat4j.minisat.core.Solver due to org.evosuite.ga.ConstructionFailedException: Found no variables of type class org.sat4j.minisat.core.SearchParams
[MASTER] 06:43:42.432 [logback-1] WARN  TestChromosome - Functional mock problem: org.evosuite.ga.ConstructionFailedException: Failed to add constructor for org.sat4j.minisat.constraints.xor.Xor due to org.evosuite.ga.ConstructionFailedException: Found no variables of type interface org.sat4j.minisat.core.ILits
* naaame: 
* naaame: org.evosuite.ga.stoppingconditions.RMIStoppingCondition
* naaame: org.evosuite.ga.stoppingconditions.MaxFitnessEvaluationsStoppingCondition
Current fitness evaluations: 427
* naaame: org.evosuite.ShutdownTestWriter
* naaame: org.evosuite.ga.stoppingconditions.GlobalTimeStoppingCondition
* naaame: org.evosuite.ga.stoppingconditions.ZeroFitnessStoppingCondition
Current fitness function value: class org.evosuite.coverage.line.LineCoverageSuiteFitness ** 0.3895582329317269
Current fitness function value: class org.evosuite.coverage.branch.BranchCoverageSuiteFitness ** 0.36428571428571427
Current fitness function value: class org.evosuite.coverage.exception.ExceptionCoverageSuiteFitness ** 1.0
Current fitness function value: class org.evosuite.coverage.mutation.WeakMutationSuiteFitness ** 0.12294182217343579
Current fitness function value: class org.evosuite.coverage.io.output.OutputCoverageSuiteFitness ** 0.06306306306306306
Current fitness function value: class org.evosuite.coverage.method.MethodCoverageSuiteFitness ** 0.5072463768115942
Current fitness function value: class org.evosuite.coverage.method.MethodNoExceptionCoverageSuiteFitness ** 0.3188405797101449
Current fitness function value: class org.evosuite.coverage.cbranch.CBranchSuiteFitness ** 0.36428571428571427
[MASTER] 06:43:45.619 [logback-1] WARN  TestChromosome - Functional mock problem: org.evosuite.ga.ConstructionFailedException: Failed to add constructor for org.sat4j.tools.ManyCore due to org.evosuite.ga.ConstructionFailedException: Found no variables of type class org.sat4j.tools.SolutionCounter
* naaame: 
* naaame: org.evosuite.ga.stoppingconditions.RMIStoppingCondition
* naaame: org.evosuite.ga.stoppingconditions.MaxFitnessEvaluationsStoppingCondition
Current fitness evaluations: 515
* naaame: org.evosuite.ShutdownTestWriter
* naaame: org.evosuite.ga.stoppingconditions.GlobalTimeStoppingCondition
* naaame: org.evosuite.ga.stoppingconditions.ZeroFitnessStoppingCondition
* naaame: 
* naaame: org.evosuite.ga.stoppingconditions.RMIStoppingCondition
* naaame: org.evosuite.ga.stoppingconditions.MaxFitnessEvaluationsStoppingCondition
Current fitness evaluations: 583
* naaame: org.evosuite.ShutdownTestWriter
* naaame: org.evosuite.ga.stoppingconditions.GlobalTimeStoppingCondition
* naaame: org.evosuite.ga.stoppingconditions.ZeroFitnessStoppingCondition
Current fitness function value: class org.evosuite.coverage.line.LineCoverageSuiteFitness ** 0.4939759036144578
Current fitness function value: class org.evosuite.coverage.branch.BranchCoverageSuiteFitness ** 0.45
Current fitness function value: class org.evosuite.coverage.exception.ExceptionCoverageSuiteFitness ** 1.0
Current fitness function value: class org.evosuite.coverage.mutation.WeakMutationSuiteFitness ** 0.1602634467618002
Current fitness function value: class org.evosuite.coverage.io.output.OutputCoverageSuiteFitness ** 0.08108108108108109
Current fitness function value: class org.evosuite.coverage.method.MethodCoverageSuiteFitness ** 0.6376811594202898
Current fitness function value: class org.evosuite.coverage.method.MethodNoExceptionCoverageSuiteFitness ** 0.391304347826087
Current fitness function value: class org.evosuite.coverage.cbranch.CBranchSuiteFitness ** 0.44285714285714284
* naaame: 
* naaame: org.evosuite.ga.stoppingconditions.RMIStoppingCondition
* naaame: org.evosuite.ga.stoppingconditions.MaxFitnessEvaluationsStoppingCondition
Current fitness evaluations: 654
* naaame: org.evosuite.ShutdownTestWriter
* naaame: org.evosuite.ga.stoppingconditions.GlobalTimeStoppingCondition
* naaame: org.evosuite.ga.stoppingconditions.ZeroFitnessStoppingCondition
Current fitness function value: class org.evosuite.coverage.line.LineCoverageSuiteFitness ** 0.5381526104417671
Current fitness function value: class org.evosuite.coverage.branch.BranchCoverageSuiteFitness ** 0.4857142857142857
Current fitness function value: class org.evosuite.coverage.exception.ExceptionCoverageSuiteFitness ** 1.0
Current fitness function value: class org.evosuite.coverage.mutation.WeakMutationSuiteFitness ** 0.21624588364434688
Current fitness function value: class org.evosuite.coverage.io.output.OutputCoverageSuiteFitness ** 0.09009009009009009
Current fitness function value: class org.evosuite.coverage.method.MethodCoverageSuiteFitness ** 0.6521739130434783
Current fitness function value: class org.evosuite.coverage.method.MethodNoExceptionCoverageSuiteFitness ** 0.4057971014492754
Current fitness function value: class org.evosuite.coverage.cbranch.CBranchSuiteFitness ** 0.4785714285714286
* naaame: 
* naaame: org.evosuite.ga.stoppingconditions.RMIStoppingCondition
* naaame: org.evosuite.ga.stoppingconditions.MaxFitnessEvaluationsStoppingCondition
Current fitness evaluations: 711
* naaame: org.evosuite.ShutdownTestWriter
* naaame: org.evosuite.ga.stoppingconditions.GlobalTimeStoppingCondition
* naaame: org.evosuite.ga.stoppingconditions.ZeroFitnessStoppingCondition
* naaame: 
* naaame: org.evosuite.ga.stoppingconditions.RMIStoppingCondition
* naaame: org.evosuite.ga.stoppingconditions.MaxFitnessEvaluationsStoppingCondition
Current fitness evaluations: 774
* naaame: org.evosuite.ShutdownTestWriter
* naaame: org.evosuite.ga.stoppingconditions.GlobalTimeStoppingCondition
* naaame: org.evosuite.ga.stoppingconditions.ZeroFitnessStoppingCondition
Current fitness function value: class org.evosuite.coverage.line.LineCoverageSuiteFitness ** 0.5863453815261044
Current fitness function value: class org.evosuite.coverage.branch.BranchCoverageSuiteFitness ** 0.5285714285714286
Current fitness function value: class org.evosuite.coverage.exception.ExceptionCoverageSuiteFitness ** 1.0
Current fitness function value: class org.evosuite.coverage.mutation.WeakMutationSuiteFitness ** 0.2261251372118551
Current fitness function value: class org.evosuite.coverage.io.output.OutputCoverageSuiteFitness ** 0.0990990990990991
Current fitness function value: class org.evosuite.coverage.method.MethodCoverageSuiteFitness ** 0.7536231884057971
Current fitness function value: class org.evosuite.coverage.method.MethodNoExceptionCoverageSuiteFitness ** 0.463768115942029
Current fitness function value: class org.evosuite.coverage.cbranch.CBranchSuiteFitness ** 0.5214285714285715
[MASTER] 06:44:08.461 [logback-1] WARN  TestChromosome - Functional mock problem: org.evosuite.ga.ConstructionFailedException: Failed to add constructor for org.sat4j.minisat.constraints.card.MaxWatchCard due to org.evosuite.ga.ConstructionFailedException: Found no variables of type interface org.sat4j.minisat.core.ILits
[MASTER] 06:44:08.550 [logback-1] WARN  TestChromosome - Functional mock problem: org.evosuite.ga.ConstructionFailedException: Failed to add constructor for org.sat4j.minisat.core.Solver due to org.evosuite.ga.ConstructionFailedException: Found no variables of type interface org.sat4j.minisat.core.RestartStrategy
* naaame: 
* naaame: org.evosuite.ga.stoppingconditions.RMIStoppingCondition
* naaame: org.evosuite.ga.stoppingconditions.MaxFitnessEvaluationsStoppingCondition
Current fitness evaluations: 855
* naaame: org.evosuite.ShutdownTestWriter
* naaame: org.evosuite.ga.stoppingconditions.GlobalTimeStoppingCondition
* naaame: org.evosuite.ga.stoppingconditions.ZeroFitnessStoppingCondition
* naaame: 
* naaame: org.evosuite.ga.stoppingconditions.RMIStoppingCondition
* naaame: org.evosuite.ga.stoppingconditions.MaxFitnessEvaluationsStoppingCondition
Current fitness evaluations: 936
* naaame: org.evosuite.ShutdownTestWriter
* naaame: org.evosuite.ga.stoppingconditions.GlobalTimeStoppingCondition
* naaame: org.evosuite.ga.stoppingconditions.ZeroFitnessStoppingCondition
Current fitness function value: class org.evosuite.coverage.line.LineCoverageSuiteFitness ** 0.6305220883534136
Current fitness function value: class org.evosuite.coverage.branch.BranchCoverageSuiteFitness ** 0.5714285714285714
Current fitness function value: class org.evosuite.coverage.exception.ExceptionCoverageSuiteFitness ** 1.0
Current fitness function value: class org.evosuite.coverage.mutation.WeakMutationSuiteFitness ** 0.29747530186608123
Current fitness function value: class org.evosuite.coverage.io.output.OutputCoverageSuiteFitness ** 0.10810810810810811
Current fitness function value: class org.evosuite.coverage.method.MethodCoverageSuiteFitness ** 0.8260869565217391
Current fitness function value: class org.evosuite.coverage.method.MethodNoExceptionCoverageSuiteFitness ** 0.4927536231884058
Current fitness function value: class org.evosuite.coverage.cbranch.CBranchSuiteFitness ** 0.5714285714285714
[MASTER] 06:44:15.341 [logback-1] WARN  TestChromosome - Functional mock problem: org.evosuite.ga.ConstructionFailedException: Failed to add constructor for org.sat4j.minisat.constraints.cnf.OriginalWLClause due to org.evosuite.ga.ConstructionFailedException: Found no variables of type interface org.sat4j.minisat.core.ILits
* naaame: 
* naaame: org.evosuite.ga.stoppingconditions.RMIStoppingCondition
* naaame: org.evosuite.ga.stoppingconditions.MaxFitnessEvaluationsStoppingCondition
Current fitness evaluations: 1007
* naaame: org.evosuite.ShutdownTestWriter
* naaame: org.evosuite.ga.stoppingconditions.GlobalTimeStoppingCondition
* naaame: org.evosuite.ga.stoppingconditions.ZeroFitnessStoppingCondition
* naaame: 
* naaame: org.evosuite.ga.stoppingconditions.RMIStoppingCondition
* naaame: org.evosuite.ga.stoppingconditions.MaxFitnessEvaluationsStoppingCondition
Current fitness evaluations: 1021
* naaame: org.evosuite.ShutdownTestWriter
* naaame: org.evosuite.ga.stoppingconditions.GlobalTimeStoppingCondition
* naaame: org.evosuite.ga.stoppingconditions.ZeroFitnessStoppingCondition
Current fitness function value: class org.evosuite.coverage.line.LineCoverageSuiteFitness ** 0.6385542168674698
Current fitness function value: class org.evosuite.coverage.branch.BranchCoverageSuiteFitness ** 0.5857142857142857
Current fitness function value: class org.evosuite.coverage.exception.ExceptionCoverageSuiteFitness ** 1.0
Current fitness function value: class org.evosuite.coverage.mutation.WeakMutationSuiteFitness ** 0.3150384193194292
Current fitness function value: class org.evosuite.coverage.io.output.OutputCoverageSuiteFitness ** 0.10810810810810811
Current fitness function value: class org.evosuite.coverage.method.MethodCoverageSuiteFitness ** 0.8405797101449275
Current fitness function value: class org.evosuite.coverage.method.MethodNoExceptionCoverageSuiteFitness ** 0.4927536231884058
Current fitness function value: class org.evosuite.coverage.cbranch.CBranchSuiteFitness ** 0.5857142857142857
Current fitness function value: class org.evosuite.coverage.line.LineCoverageSuiteFitness ** 0.6385542168674698
Current fitness function value: class org.evosuite.coverage.branch.BranchCoverageSuiteFitness ** 0.5857142857142857
Current fitness function value: class org.evosuite.coverage.exception.ExceptionCoverageSuiteFitness ** 1.0
Current fitness function value: class org.evosuite.coverage.mutation.WeakMutationSuiteFitness ** 0.3150384193194292
Current fitness function value: class org.evosuite.coverage.io.output.OutputCoverageSuiteFitness ** 0.10810810810810811
Current fitness function value: class org.evosuite.coverage.method.MethodCoverageSuiteFitness ** 0.8405797101449275
Current fitness function value: class org.evosuite.coverage.method.MethodNoExceptionCoverageSuiteFitness ** 0.4927536231884058
Current fitness function value: class org.evosuite.coverage.cbranch.CBranchSuiteFitness ** 0.5857142857142857
* Search finished after 124s and 12 generations, 12497 statements, best individual has fitness: 975.0
Current fitness function value: class org.evosuite.coverage.line.LineCoverageSuiteFitness ** 0.6385542168674698
Current fitness function value: class org.evosuite.coverage.branch.BranchCoverageSuiteFitness ** 0.5857142857142857
Current fitness function value: class org.evosuite.coverage.exception.ExceptionCoverageSuiteFitness ** 1.0
Current fitness function value: class org.evosuite.coverage.mutation.WeakMutationSuiteFitness ** 0.3150384193194292
Current fitness function value: class org.evosuite.coverage.io.output.OutputCoverageSuiteFitness ** 0.10810810810810811
Current fitness function value: class org.evosuite.coverage.method.MethodCoverageSuiteFitness ** 0.8405797101449275
Current fitness function value: class org.evosuite.coverage.method.MethodNoExceptionCoverageSuiteFitness ** 0.4927536231884058
Current fitness function value: class org.evosuite.coverage.cbranch.CBranchSuiteFitness ** 0.5857142857142857
* Minimizing test suite
* Going to analyze the coverage criteria
* Coverage analysis for criterion LINE
* Coverage of criterion LINE: 65%
* Total number of goals: 249
* Number of covered goals: 161
* Coverage analysis for criterion BRANCH
* Coverage of criterion BRANCH: 59%
* Total number of goals: 140
* Number of covered goals: 82
* Coverage analysis for criterion EXCEPTION
* Coverage of criterion EXCEPTION: 100%
* Total number of goals: 45
* Number of covered goals: 45
* Coverage analysis for criterion WEAKMUTATION
* Coverage of criterion WEAKMUTATION: 47%
* Total number of goals: 911
* Number of covered goals: 426
* Coverage analysis for criterion OUTPUT
* Coverage of criterion OUTPUT: 11%
* Total number of goals: 111
* Number of covered goals: 12
* Coverage analysis for criterion METHOD
* Coverage of criterion METHOD: 86%
* Total number of goals: 69
* Number of covered goals: 59
* Coverage analysis for criterion METHODNOEXCEPTION
* Coverage of criterion METHODNOEXCEPTION: 49%
* Total number of goals: 69
* Number of covered goals: 34
* Coverage analysis for criterion CBRANCH
* Coverage of criterion CBRANCH: 59%
* Total number of goals: 140
* Number of covered goals: 82
Current fitness function value: class org.evosuite.coverage.line.LineCoverageSuiteFitness ** 0.6385542168674698
Current fitness function value: class org.evosuite.coverage.branch.BranchCoverageSuiteFitness ** 0.5857142857142857
Current fitness function value: class org.evosuite.coverage.exception.ExceptionCoverageSuiteFitness ** 1.0
Current fitness function value: class org.evosuite.coverage.mutation.WeakMutationSuiteFitness ** 0.3150384193194292
Current fitness function value: class org.evosuite.coverage.io.output.OutputCoverageSuiteFitness ** 0.10810810810810811
Current fitness function value: class org.evosuite.coverage.method.MethodCoverageSuiteFitness ** 0.8405797101449275
Current fitness function value: class org.evosuite.coverage.method.MethodNoExceptionCoverageSuiteFitness ** 0.4927536231884058
Current fitness function value: class org.evosuite.coverage.cbranch.CBranchSuiteFitness ** 0.5857142857142857
* Generated 74 tests with total length 390
* Resulting test suite's coverage: 57% (average coverage for all fitness functions)
* Generating assertions
[MASTER] 06:45:48.726 [logback-1] WARN  SimpleMutationAssertionGenerator - Reached maximum time to generate assertions, aborting assertion generation
* Resulting test suite's mutation score: 21%
Current fitness function value: class org.evosuite.coverage.line.LineCoverageSuiteFitness ** 0.6385542168674698
Current fitness function value: class org.evosuite.coverage.branch.BranchCoverageSuiteFitness ** 0.5857142857142857
Current fitness function value: class org.evosuite.coverage.exception.ExceptionCoverageSuiteFitness ** 1.0
Current fitness function value: class org.evosuite.coverage.mutation.WeakMutationSuiteFitness ** 0.3150384193194292
Current fitness function value: class org.evosuite.coverage.io.output.OutputCoverageSuiteFitness ** 0.10810810810810811
Current fitness function value: class org.evosuite.coverage.method.MethodCoverageSuiteFitness ** 0.8405797101449275
Current fitness function value: class org.evosuite.coverage.method.MethodNoExceptionCoverageSuiteFitness ** 0.4927536231884058
Current fitness function value: class org.evosuite.coverage.cbranch.CBranchSuiteFitness ** 0.5857142857142857
* Compiling and checking tests
* Writing tests to file
* Writing JUnit test case 'ManyCore_ESTest' to evosuite-tests
* Done!

* Computation finished
