* EvoSuite 1.0.7-SNAPSHOT
* Going to generate test cases for class: org.sat4j.tools.SingleSolutionDetector
* Starting Client-0
* Connecting to master process on port 6173
* Analyzing classpath: 
  - bins/sat4j/org.ow2.sat4j.core-2.3.6-SNAPSHOT.jar
  - bins/sat4j/org.ow2.sat4j.core-2.3.6-SNAPSHOT-tests.jar
* Finished analyzing classpath
* Generating tests for class org.sat4j.tools.SingleSolutionDetector
* Test criteria:
  - Line Coverage
  - Branch Coverage
  - Exception
  - Mutation testing (weak)
  - Method-Output Coverage
  - Top-Level Method Coverage
  - No-Exception Top-Level Method Coverage
  - Context Branch Coverage
* Total number of test goals for DYNAMOSA: 67
* Using seed 1550541031423
* Starting evolution
* Initialsss Number of Goals in DynMOSA = 15 / 67
Current fitness function value: class org.evosuite.coverage.line.LineCoverageSuiteFitness ** 0.25
Current fitness function value: class org.evosuite.coverage.branch.BranchCoverageSuiteFitness ** 0.2
Current fitness function value: class org.evosuite.coverage.exception.ExceptionCoverageSuiteFitness ** 1.0
Current fitness function value: class org.evosuite.coverage.mutation.WeakMutationSuiteFitness ** 0.0
Current fitness function value: class org.evosuite.coverage.io.output.OutputCoverageSuiteFitness ** 0.0
Current fitness function value: class org.evosuite.coverage.method.MethodCoverageSuiteFitness ** 0.6666666666666666
Current fitness function value: class org.evosuite.coverage.method.MethodNoExceptionCoverageSuiteFitness ** 0.3333333333333333
Current fitness function value: class org.evosuite.coverage.cbranch.CBranchSuiteFitness ** 0.2
* naaame: 
* naaame: org.evosuite.ga.stoppingconditions.MaxFitnessEvaluationsStoppingCondition
Current fitness evaluations: 200
* naaame: org.evosuite.ShutdownTestWriter
* naaame: org.evosuite.ga.stoppingconditions.ZeroFitnessStoppingCondition
* naaame: org.evosuite.ga.stoppingconditions.RMIStoppingCondition
* naaame: org.evosuite.ga.stoppingconditions.GlobalTimeStoppingCondition
[MASTER] 02:51:39.038 [logback-1] WARN  TestChromosome - Functional mock problem: org.evosuite.ga.ConstructionFailedException: Found no variables of type interface org.sat4j.specs.IConstr
* naaame: 
* naaame: org.evosuite.ga.stoppingconditions.MaxFitnessEvaluationsStoppingCondition
Current fitness evaluations: 257
* naaame: org.evosuite.ShutdownTestWriter
* naaame: org.evosuite.ga.stoppingconditions.ZeroFitnessStoppingCondition
* naaame: org.evosuite.ga.stoppingconditions.RMIStoppingCondition
* naaame: org.evosuite.ga.stoppingconditions.GlobalTimeStoppingCondition
Current fitness function value: class org.evosuite.coverage.line.LineCoverageSuiteFitness ** 0.875
Current fitness function value: class org.evosuite.coverage.branch.BranchCoverageSuiteFitness ** 0.7
Current fitness function value: class org.evosuite.coverage.exception.ExceptionCoverageSuiteFitness ** 1.0
Current fitness function value: class org.evosuite.coverage.mutation.WeakMutationSuiteFitness ** 0.8571428571428571
Current fitness function value: class org.evosuite.coverage.io.output.OutputCoverageSuiteFitness ** 0.5
Current fitness function value: class org.evosuite.coverage.method.MethodCoverageSuiteFitness ** 1.0
Current fitness function value: class org.evosuite.coverage.method.MethodNoExceptionCoverageSuiteFitness ** 1.0
Current fitness function value: class org.evosuite.coverage.cbranch.CBranchSuiteFitness ** 0.6
[MASTER] 02:51:41.175 [logback-1] WARN  TestChromosome - Functional mock problem: org.evosuite.ga.ConstructionFailedException: Have no generator for org.sat4j.minisat.core.Solver<org.sat4j.minisat.constraints.MixedDataStructureSingleWL> canUseFunctionalMocks=false, canBeMocked: true
[MASTER] 02:51:44.564 [logback-1] WARN  TestChromosome - Functional mock problem: org.evosuite.ga.ConstructionFailedException: Have no generator for org.sat4j.tools.FullClauseSelectorSolver<org.sat4j.opt.MaxSatDecorator> canUseFunctionalMocks=false, canBeMocked: true
* naaame: 
* naaame: org.evosuite.ga.stoppingconditions.MaxFitnessEvaluationsStoppingCondition
Current fitness evaluations: 327
* naaame: org.evosuite.ShutdownTestWriter
* naaame: org.evosuite.ga.stoppingconditions.ZeroFitnessStoppingCondition
* naaame: org.evosuite.ga.stoppingconditions.RMIStoppingCondition
* naaame: org.evosuite.ga.stoppingconditions.GlobalTimeStoppingCondition
Current fitness function value: class org.evosuite.coverage.line.LineCoverageSuiteFitness ** 0.875
Current fitness function value: class org.evosuite.coverage.branch.BranchCoverageSuiteFitness ** 0.7
Current fitness function value: class org.evosuite.coverage.exception.ExceptionCoverageSuiteFitness ** 1.0
Current fitness function value: class org.evosuite.coverage.mutation.WeakMutationSuiteFitness ** 0.8571428571428571
Current fitness function value: class org.evosuite.coverage.io.output.OutputCoverageSuiteFitness ** 0.5
Current fitness function value: class org.evosuite.coverage.method.MethodCoverageSuiteFitness ** 1.0
Current fitness function value: class org.evosuite.coverage.method.MethodNoExceptionCoverageSuiteFitness ** 1.0
Current fitness function value: class org.evosuite.coverage.cbranch.CBranchSuiteFitness ** 0.7
[MASTER] 02:51:56.185 [logback-1] WARN  TestChromosome - Functional mock problem: org.evosuite.ga.ConstructionFailedException: Have no generator for class org.sat4j.tools.encoding.Policy canUseFunctionalMocks=false, canBeMocked: true
[MASTER] 02:51:56.331 [logback-1] WARN  TestChromosome - Functional mock problem: org.evosuite.ga.ConstructionFailedException: Found no variables of type interface org.sat4j.specs.ISolver
* naaame: 
* naaame: org.evosuite.ga.stoppingconditions.MaxFitnessEvaluationsStoppingCondition
Current fitness evaluations: 397
* naaame: org.evosuite.ShutdownTestWriter
* naaame: org.evosuite.ga.stoppingconditions.ZeroFitnessStoppingCondition
* naaame: org.evosuite.ga.stoppingconditions.RMIStoppingCondition
* naaame: org.evosuite.ga.stoppingconditions.GlobalTimeStoppingCondition
Current fitness function value: class org.evosuite.coverage.line.LineCoverageSuiteFitness ** 0.875
Current fitness function value: class org.evosuite.coverage.branch.BranchCoverageSuiteFitness ** 0.8
Current fitness function value: class org.evosuite.coverage.exception.ExceptionCoverageSuiteFitness ** 1.0
Current fitness function value: class org.evosuite.coverage.mutation.WeakMutationSuiteFitness ** 0.9047619047619048
Current fitness function value: class org.evosuite.coverage.io.output.OutputCoverageSuiteFitness ** 0.75
Current fitness function value: class org.evosuite.coverage.method.MethodCoverageSuiteFitness ** 1.0
Current fitness function value: class org.evosuite.coverage.method.MethodNoExceptionCoverageSuiteFitness ** 1.0
Current fitness function value: class org.evosuite.coverage.cbranch.CBranchSuiteFitness ** 0.7
[MASTER] 02:51:58.656 [logback-1] WARN  TestChromosome - Functional mock problem: org.evosuite.ga.ConstructionFailedException: Have no generator for org.sat4j.tools.FullClauseSelectorSolver<org.sat4j.tools.OptToSatAdapter> canUseFunctionalMocks=false, canBeMocked: true
[MASTER] 02:52:01.127 [logback-1] WARN  TestChromosome - Functional mock problem: org.evosuite.ga.ConstructionFailedException: Found no variables of type class org.sat4j.tools.SingleSolutionDetector
[MASTER] 02:52:01.420 [logback-1] WARN  TestChromosome - Functional mock problem: org.evosuite.ga.ConstructionFailedException: Failed to add constructor for org.sat4j.minisat.core.Solver due to org.evosuite.ga.ConstructionFailedException: Found no variables of type interface org.sat4j.minisat.core.RestartStrategy
[MASTER] 02:52:06.801 [logback-1] WARN  TestChromosome - Functional mock problem: org.evosuite.ga.ConstructionFailedException: Failed to add constructor for org.sat4j.tools.FullClauseSelectorSolver due to org.evosuite.ga.ConstructionFailedException: Failed to add constructor for org.sat4j.tools.OptToSatAdapter due to org.evosuite.ga.ConstructionFailedException: Found no variables of type interface org.sat4j.tools.SolutionFoundListener
* naaame: 
* naaame: org.evosuite.ga.stoppingconditions.MaxFitnessEvaluationsStoppingCondition
Current fitness evaluations: 462
* naaame: org.evosuite.ShutdownTestWriter
* naaame: org.evosuite.ga.stoppingconditions.ZeroFitnessStoppingCondition
* naaame: org.evosuite.ga.stoppingconditions.RMIStoppingCondition
* naaame: org.evosuite.ga.stoppingconditions.GlobalTimeStoppingCondition
Current fitness function value: class org.evosuite.coverage.line.LineCoverageSuiteFitness ** 0.875
Current fitness function value: class org.evosuite.coverage.branch.BranchCoverageSuiteFitness ** 0.8
Current fitness function value: class org.evosuite.coverage.exception.ExceptionCoverageSuiteFitness ** 1.0
Current fitness function value: class org.evosuite.coverage.mutation.WeakMutationSuiteFitness ** 0.9047619047619048
Current fitness function value: class org.evosuite.coverage.io.output.OutputCoverageSuiteFitness ** 0.75
Current fitness function value: class org.evosuite.coverage.method.MethodCoverageSuiteFitness ** 1.0
Current fitness function value: class org.evosuite.coverage.method.MethodNoExceptionCoverageSuiteFitness ** 1.0
Current fitness function value: class org.evosuite.coverage.cbranch.CBranchSuiteFitness ** 0.7
* naaame: 
* naaame: org.evosuite.ga.stoppingconditions.MaxFitnessEvaluationsStoppingCondition
Current fitness evaluations: 542
* naaame: org.evosuite.ShutdownTestWriter
* naaame: org.evosuite.ga.stoppingconditions.ZeroFitnessStoppingCondition
* naaame: org.evosuite.ga.stoppingconditions.RMIStoppingCondition
* naaame: org.evosuite.ga.stoppingconditions.GlobalTimeStoppingCondition
Current fitness function value: class org.evosuite.coverage.line.LineCoverageSuiteFitness ** 0.875
Current fitness function value: class org.evosuite.coverage.branch.BranchCoverageSuiteFitness ** 0.8
Current fitness function value: class org.evosuite.coverage.exception.ExceptionCoverageSuiteFitness ** 1.0
Current fitness function value: class org.evosuite.coverage.mutation.WeakMutationSuiteFitness ** 0.9047619047619048
Current fitness function value: class org.evosuite.coverage.io.output.OutputCoverageSuiteFitness ** 0.75
Current fitness function value: class org.evosuite.coverage.method.MethodCoverageSuiteFitness ** 1.0
Current fitness function value: class org.evosuite.coverage.method.MethodNoExceptionCoverageSuiteFitness ** 1.0
Current fitness function value: class org.evosuite.coverage.cbranch.CBranchSuiteFitness ** 0.7
[MASTER] 02:52:13.311 [logback-1] WARN  TestChromosome - Functional mock problem: org.evosuite.ga.ConstructionFailedException: Failed to add constructor for org.sat4j.tools.GateTranslator due to org.evosuite.ga.ConstructionFailedException: Failed to add constructor for org.sat4j.tools.AbstractMinimalModel due to org.evosuite.ga.ConstructionFailedException: Found no variables of type interface org.sat4j.specs.ISolver
[MASTER] 02:52:16.022 [logback-1] WARN  TestChromosome - Functional mock problem: org.evosuite.ga.ConstructionFailedException: Found no variables of type class org.sat4j.minisat.constraints.card.AtLeast
[MASTER] 02:52:16.215 [logback-1] WARN  TestChromosome - Functional mock problem: org.evosuite.ga.ConstructionFailedException: Found no variables of type interface org.sat4j.specs.UnitPropagationListener
[MASTER] 02:52:17.346 [logback-1] WARN  TestChromosome - Functional mock problem: org.evosuite.ga.ConstructionFailedException: Have no generator for org.sat4j.tools.LexicoDecorator<org.sat4j.tools.FullClauseSelectorSolver<org.sat4j.tools.GateTranslator>> canUseFunctionalMocks=false, canBeMocked: true
[MASTER] 02:52:19.049 [logback-1] WARN  TestChromosome - Functional mock problem: org.evosuite.ga.ConstructionFailedException: Failed to add constructor for org.sat4j.minisat.constraints.cnf.LearntHTClause due to org.evosuite.ga.ConstructionFailedException: Found no variables of type interface org.sat4j.specs.IVecInt
* naaame: 
* naaame: org.evosuite.ga.stoppingconditions.MaxFitnessEvaluationsStoppingCondition
Current fitness evaluations: 627
* naaame: org.evosuite.ShutdownTestWriter
* naaame: org.evosuite.ga.stoppingconditions.ZeroFitnessStoppingCondition
* naaame: org.evosuite.ga.stoppingconditions.RMIStoppingCondition
* naaame: org.evosuite.ga.stoppingconditions.GlobalTimeStoppingCondition
Current fitness function value: class org.evosuite.coverage.line.LineCoverageSuiteFitness ** 0.875
Current fitness function value: class org.evosuite.coverage.branch.BranchCoverageSuiteFitness ** 0.9
Current fitness function value: class org.evosuite.coverage.exception.ExceptionCoverageSuiteFitness ** 1.0
Current fitness function value: class org.evosuite.coverage.mutation.WeakMutationSuiteFitness ** 0.9047619047619048
Current fitness function value: class org.evosuite.coverage.io.output.OutputCoverageSuiteFitness ** 1.0
Current fitness function value: class org.evosuite.coverage.method.MethodCoverageSuiteFitness ** 1.0
Current fitness function value: class org.evosuite.coverage.method.MethodNoExceptionCoverageSuiteFitness ** 1.0
Current fitness function value: class org.evosuite.coverage.cbranch.CBranchSuiteFitness ** 0.8
[MASTER] 02:52:21.021 [logback-1] WARN  TestChromosome - Functional mock problem: org.evosuite.ga.ConstructionFailedException: Failed to add constructor for org.sat4j.minisat.constraints.cnf.LearntWLClause due to org.evosuite.ga.ConstructionFailedException: Found no variables of type interface org.sat4j.minisat.core.ILits
* naaame: 
* naaame: org.evosuite.ga.stoppingconditions.MaxFitnessEvaluationsStoppingCondition
Current fitness evaluations: 711
* naaame: org.evosuite.ShutdownTestWriter
* naaame: org.evosuite.ga.stoppingconditions.ZeroFitnessStoppingCondition
* naaame: org.evosuite.ga.stoppingconditions.RMIStoppingCondition
* naaame: org.evosuite.ga.stoppingconditions.GlobalTimeStoppingCondition
[MASTER] 02:52:24.479 [logback-1] WARN  TestChromosome - Functional mock problem: org.evosuite.ga.ConstructionFailedException: Have no generator for org.sat4j.tools.ManyCore<org.sat4j.tools.ModelIterator> canUseFunctionalMocks=false, canBeMocked: true
[MASTER] 02:52:27.084 [logback-1] WARN  TestChromosome - Functional mock problem: org.evosuite.ga.ConstructionFailedException: Have no generator for class org.sat4j.minisat.constraints.ClausalDataStructureWL canUseFunctionalMocks=false, canBeMocked: true
* naaame: 
* naaame: org.evosuite.ga.stoppingconditions.MaxFitnessEvaluationsStoppingCondition
Current fitness evaluations: 787
* naaame: org.evosuite.ShutdownTestWriter
* naaame: org.evosuite.ga.stoppingconditions.ZeroFitnessStoppingCondition
* naaame: org.evosuite.ga.stoppingconditions.RMIStoppingCondition
* naaame: org.evosuite.ga.stoppingconditions.GlobalTimeStoppingCondition
Current fitness function value: class org.evosuite.coverage.line.LineCoverageSuiteFitness ** 0.875
Current fitness function value: class org.evosuite.coverage.branch.BranchCoverageSuiteFitness ** 0.9
Current fitness function value: class org.evosuite.coverage.exception.ExceptionCoverageSuiteFitness ** 1.0
Current fitness function value: class org.evosuite.coverage.mutation.WeakMutationSuiteFitness ** 0.9047619047619048
Current fitness function value: class org.evosuite.coverage.io.output.OutputCoverageSuiteFitness ** 1.0
Current fitness function value: class org.evosuite.coverage.method.MethodCoverageSuiteFitness ** 1.0
Current fitness function value: class org.evosuite.coverage.method.MethodNoExceptionCoverageSuiteFitness ** 1.0
Current fitness function value: class org.evosuite.coverage.cbranch.CBranchSuiteFitness ** 0.9
* naaame: 
* naaame: org.evosuite.ga.stoppingconditions.MaxFitnessEvaluationsStoppingCondition
Current fitness evaluations: 853
* naaame: org.evosuite.ShutdownTestWriter
* naaame: org.evosuite.ga.stoppingconditions.ZeroFitnessStoppingCondition
* naaame: org.evosuite.ga.stoppingconditions.RMIStoppingCondition
* naaame: org.evosuite.ga.stoppingconditions.GlobalTimeStoppingCondition
[MASTER] 02:52:31.620 [logback-1] WARN  TestChromosome - Functional mock problem: org.evosuite.ga.ConstructionFailedException: Found no variables of type interface org.sat4j.specs.IVecInt
* naaame: 
* naaame: org.evosuite.ga.stoppingconditions.MaxFitnessEvaluationsStoppingCondition
Current fitness evaluations: 932
* naaame: org.evosuite.ShutdownTestWriter
* naaame: org.evosuite.ga.stoppingconditions.ZeroFitnessStoppingCondition
* naaame: org.evosuite.ga.stoppingconditions.RMIStoppingCondition
* naaame: org.evosuite.ga.stoppingconditions.GlobalTimeStoppingCondition
Current fitness function value: class org.evosuite.coverage.line.LineCoverageSuiteFitness ** 0.875
Current fitness function value: class org.evosuite.coverage.branch.BranchCoverageSuiteFitness ** 0.9
Current fitness function value: class org.evosuite.coverage.exception.ExceptionCoverageSuiteFitness ** 1.0
Current fitness function value: class org.evosuite.coverage.mutation.WeakMutationSuiteFitness ** 0.9047619047619048
Current fitness function value: class org.evosuite.coverage.io.output.OutputCoverageSuiteFitness ** 1.0
Current fitness function value: class org.evosuite.coverage.method.MethodCoverageSuiteFitness ** 1.0
Current fitness function value: class org.evosuite.coverage.method.MethodNoExceptionCoverageSuiteFitness ** 1.0
Current fitness function value: class org.evosuite.coverage.cbranch.CBranchSuiteFitness ** 0.9
* naaame: 
* naaame: org.evosuite.ga.stoppingconditions.MaxFitnessEvaluationsStoppingCondition
Current fitness evaluations: 1004
* naaame: org.evosuite.ShutdownTestWriter
* naaame: org.evosuite.ga.stoppingconditions.ZeroFitnessStoppingCondition
* naaame: org.evosuite.ga.stoppingconditions.RMIStoppingCondition
* naaame: org.evosuite.ga.stoppingconditions.GlobalTimeStoppingCondition
* naaame: 
* naaame: org.evosuite.ga.stoppingconditions.MaxFitnessEvaluationsStoppingCondition
Current fitness evaluations: 1088
* naaame: org.evosuite.ShutdownTestWriter
* naaame: org.evosuite.ga.stoppingconditions.ZeroFitnessStoppingCondition
* naaame: org.evosuite.ga.stoppingconditions.RMIStoppingCondition
* naaame: org.evosuite.ga.stoppingconditions.GlobalTimeStoppingCondition
* naaame: 
* naaame: org.evosuite.ga.stoppingconditions.MaxFitnessEvaluationsStoppingCondition
Current fitness evaluations: 1158
* naaame: org.evosuite.ShutdownTestWriter
* naaame: org.evosuite.ga.stoppingconditions.ZeroFitnessStoppingCondition
* naaame: org.evosuite.ga.stoppingconditions.RMIStoppingCondition
* naaame: org.evosuite.ga.stoppingconditions.GlobalTimeStoppingCondition
* naaame: 
* naaame: org.evosuite.ga.stoppingconditions.MaxFitnessEvaluationsStoppingCondition
Current fitness evaluations: 1234
* naaame: org.evosuite.ShutdownTestWriter
* naaame: org.evosuite.ga.stoppingconditions.ZeroFitnessStoppingCondition
* naaame: org.evosuite.ga.stoppingconditions.RMIStoppingCondition
* naaame: org.evosuite.ga.stoppingconditions.GlobalTimeStoppingCondition
Current fitness function value: class org.evosuite.coverage.line.LineCoverageSuiteFitness ** 0.875
Current fitness function value: class org.evosuite.coverage.branch.BranchCoverageSuiteFitness ** 0.9
Current fitness function value: class org.evosuite.coverage.exception.ExceptionCoverageSuiteFitness ** 1.0
Current fitness function value: class org.evosuite.coverage.mutation.WeakMutationSuiteFitness ** 0.9047619047619048
Current fitness function value: class org.evosuite.coverage.io.output.OutputCoverageSuiteFitness ** 1.0
Current fitness function value: class org.evosuite.coverage.method.MethodCoverageSuiteFitness ** 1.0
Current fitness function value: class org.evosuite.coverage.method.MethodNoExceptionCoverageSuiteFitness ** 1.0
Current fitness function value: class org.evosuite.coverage.cbranch.CBranchSuiteFitness ** 0.9
[MASTER] 02:52:39.927 [logback-1] WARN  TestChromosome - Functional mock problem: org.evosuite.ga.ConstructionFailedException: Failed to add constructor for org.sat4j.minisat.core.Solver due to org.evosuite.ga.ConstructionFailedException: Failed to add constructor for org.sat4j.minisat.orders.TabuListDecorator due to org.evosuite.ga.ConstructionFailedException: Found no variables of type class org.sat4j.minisat.orders.VarOrderHeap
* naaame: 
* naaame: org.evosuite.ga.stoppingconditions.MaxFitnessEvaluationsStoppingCondition
Current fitness evaluations: 1314
* naaame: org.evosuite.ShutdownTestWriter
* naaame: org.evosuite.ga.stoppingconditions.ZeroFitnessStoppingCondition
* naaame: org.evosuite.ga.stoppingconditions.RMIStoppingCondition
* naaame: org.evosuite.ga.stoppingconditions.GlobalTimeStoppingCondition
* naaame: 
* naaame: org.evosuite.ga.stoppingconditions.MaxFitnessEvaluationsStoppingCondition
Current fitness evaluations: 1394
* naaame: org.evosuite.ShutdownTestWriter
* naaame: org.evosuite.ga.stoppingconditions.ZeroFitnessStoppingCondition
* naaame: org.evosuite.ga.stoppingconditions.RMIStoppingCondition
* naaame: org.evosuite.ga.stoppingconditions.GlobalTimeStoppingCondition
* naaame: 
* naaame: org.evosuite.ga.stoppingconditions.MaxFitnessEvaluationsStoppingCondition
Current fitness evaluations: 1456
* naaame: org.evosuite.ShutdownTestWriter
* naaame: org.evosuite.ga.stoppingconditions.ZeroFitnessStoppingCondition
* naaame: org.evosuite.ga.stoppingconditions.RMIStoppingCondition
* naaame: org.evosuite.ga.stoppingconditions.GlobalTimeStoppingCondition
Current fitness function value: class org.evosuite.coverage.line.LineCoverageSuiteFitness ** 0.875
Current fitness function value: class org.evosuite.coverage.branch.BranchCoverageSuiteFitness ** 0.9
Current fitness function value: class org.evosuite.coverage.exception.ExceptionCoverageSuiteFitness ** 1.0
Current fitness function value: class org.evosuite.coverage.mutation.WeakMutationSuiteFitness ** 0.9047619047619048
Current fitness function value: class org.evosuite.coverage.io.output.OutputCoverageSuiteFitness ** 1.0
Current fitness function value: class org.evosuite.coverage.method.MethodCoverageSuiteFitness ** 1.0
Current fitness function value: class org.evosuite.coverage.method.MethodNoExceptionCoverageSuiteFitness ** 1.0
Current fitness function value: class org.evosuite.coverage.cbranch.CBranchSuiteFitness ** 0.9
Current fitness function value: class org.evosuite.coverage.line.LineCoverageSuiteFitness ** 0.875
Current fitness function value: class org.evosuite.coverage.branch.BranchCoverageSuiteFitness ** 0.9
Current fitness function value: class org.evosuite.coverage.exception.ExceptionCoverageSuiteFitness ** 1.0
Current fitness function value: class org.evosuite.coverage.mutation.WeakMutationSuiteFitness ** 0.9047619047619048
Current fitness function value: class org.evosuite.coverage.io.output.OutputCoverageSuiteFitness ** 1.0
Current fitness function value: class org.evosuite.coverage.method.MethodCoverageSuiteFitness ** 1.0
Current fitness function value: class org.evosuite.coverage.method.MethodNoExceptionCoverageSuiteFitness ** 1.0
Current fitness function value: class org.evosuite.coverage.cbranch.CBranchSuiteFitness ** 0.9
* Search finished after 121s and 17 generations, 19383 statements, best individual has fitness: 6.0
Current fitness function value: class org.evosuite.coverage.line.LineCoverageSuiteFitness ** 0.875
Current fitness function value: class org.evosuite.coverage.branch.BranchCoverageSuiteFitness ** 0.9
Current fitness function value: class org.evosuite.coverage.exception.ExceptionCoverageSuiteFitness ** 1.0
Current fitness function value: class org.evosuite.coverage.mutation.WeakMutationSuiteFitness ** 0.9047619047619048
Current fitness function value: class org.evosuite.coverage.io.output.OutputCoverageSuiteFitness ** 1.0
Current fitness function value: class org.evosuite.coverage.method.MethodCoverageSuiteFitness ** 1.0
Current fitness function value: class org.evosuite.coverage.method.MethodNoExceptionCoverageSuiteFitness ** 1.0
Current fitness function value: class org.evosuite.coverage.cbranch.CBranchSuiteFitness ** 0.9
* Minimizing test suite
* Going to analyze the coverage criteria
* Coverage analysis for criterion LINE
* Coverage of criterion LINE: 88%
* Total number of goals: 16
* Number of covered goals: 14
* Coverage analysis for criterion BRANCH
* Coverage of criterion BRANCH: 90%
* Total number of goals: 10
* Number of covered goals: 9
* Coverage analysis for criterion EXCEPTION
* Coverage of criterion EXCEPTION: 100%
* Total number of goals: 8
* Number of covered goals: 8
* Coverage analysis for criterion WEAKMUTATION
* Coverage of criterion WEAKMUTATION: 90%
* Total number of goals: 21
* Number of covered goals: 19
* Coverage analysis for criterion OUTPUT
* Coverage of criterion OUTPUT: 100%
* Total number of goals: 4
* Number of covered goals: 4
* Coverage analysis for criterion METHOD
* Coverage of criterion METHOD: 100%
* Total number of goals: 3
* Number of covered goals: 3
* Coverage analysis for criterion METHODNOEXCEPTION
* Coverage of criterion METHODNOEXCEPTION: 100%
* Total number of goals: 3
* Number of covered goals: 3
* Coverage analysis for criterion CBRANCH
* Coverage of criterion CBRANCH: 90%
* Total number of goals: 10
* Number of covered goals: 9
Current fitness function value: class org.evosuite.coverage.line.LineCoverageSuiteFitness ** 0.875
Current fitness function value: class org.evosuite.coverage.branch.BranchCoverageSuiteFitness ** 0.9
Current fitness function value: class org.evosuite.coverage.exception.ExceptionCoverageSuiteFitness ** 1.0
Current fitness function value: class org.evosuite.coverage.mutation.WeakMutationSuiteFitness ** 0.9047619047619048
Current fitness function value: class org.evosuite.coverage.io.output.OutputCoverageSuiteFitness ** 1.0
Current fitness function value: class org.evosuite.coverage.method.MethodCoverageSuiteFitness ** 1.0
Current fitness function value: class org.evosuite.coverage.method.MethodNoExceptionCoverageSuiteFitness ** 1.0
Current fitness function value: class org.evosuite.coverage.cbranch.CBranchSuiteFitness ** 0.9
* Generated 10 tests with total length 68
* Resulting test suite's coverage: 95% (average coverage for all fitness functions)
* Generating assertions
* Resulting test suite's mutation score: 38%
Current fitness function value: class org.evosuite.coverage.line.LineCoverageSuiteFitness ** 0.875
Current fitness function value: class org.evosuite.coverage.branch.BranchCoverageSuiteFitness ** 0.9
Current fitness function value: class org.evosuite.coverage.exception.ExceptionCoverageSuiteFitness ** 1.0
Current fitness function value: class org.evosuite.coverage.mutation.WeakMutationSuiteFitness ** 0.9047619047619048
Current fitness function value: class org.evosuite.coverage.io.output.OutputCoverageSuiteFitness ** 1.0
Current fitness function value: class org.evosuite.coverage.method.MethodCoverageSuiteFitness ** 1.0
Current fitness function value: class org.evosuite.coverage.method.MethodNoExceptionCoverageSuiteFitness ** 1.0
Current fitness function value: class org.evosuite.coverage.cbranch.CBranchSuiteFitness ** 0.9
* Compiling and checking tests
* Writing tests to file
* Writing JUnit test case 'SingleSolutionDetector_ESTest' to evosuite-tests
* Done!

* Computation finished
