* EvoSuite 1.0.7-SNAPSHOT
* Going to generate test cases for class: org.sat4j.tools.Backbone
* Starting Client-0
* Connecting to master process on port 19584
* Analyzing classpath: 
  - bins/sat4j/org.ow2.sat4j.core-2.3.6-SNAPSHOT.jar
  - bins/sat4j/org.ow2.sat4j.core-2.3.6-SNAPSHOT-tests.jar
* Finished analyzing classpath
* Generating tests for class org.sat4j.tools.Backbone
* Test criteria:
  - Line Coverage
  - Branch Coverage
  - Exception
  - Mutation testing (weak)
  - Method-Output Coverage
  - Top-Level Method Coverage
  - No-Exception Top-Level Method Coverage
  - Context Branch Coverage
* Total number of test goals for DYNAMOSA: 599
* Using seed 1550585346265
* Starting evolution
* Initialsss Number of Goals in DynMOSA = 215 / 599
Current fitness function value: class org.evosuite.coverage.line.LineCoverageSuiteFitness ** 0.6146788990825688
Current fitness function value: class org.evosuite.coverage.branch.BranchCoverageSuiteFitness ** 0.47540983606557374
Current fitness function value: class org.evosuite.coverage.exception.ExceptionCoverageSuiteFitness ** 1.0
Current fitness function value: class org.evosuite.coverage.mutation.WeakMutationSuiteFitness ** 0.508833922261484
Current fitness function value: class org.evosuite.coverage.io.output.OutputCoverageSuiteFitness ** 0.14285714285714285
Current fitness function value: class org.evosuite.coverage.method.MethodCoverageSuiteFitness ** 0.5
Current fitness function value: class org.evosuite.coverage.method.MethodNoExceptionCoverageSuiteFitness ** 0.3333333333333333
Current fitness function value: class org.evosuite.coverage.cbranch.CBranchSuiteFitness ** 0.29508196721311475
* naaame: 
* naaame: org.evosuite.ga.stoppingconditions.ZeroFitnessStoppingCondition
* naaame: org.evosuite.ga.stoppingconditions.RMIStoppingCondition
* naaame: org.evosuite.ShutdownTestWriter
* naaame: org.evosuite.ga.stoppingconditions.GlobalTimeStoppingCondition
* naaame: org.evosuite.ga.stoppingconditions.MaxFitnessEvaluationsStoppingCondition
Current fitness evaluations: 200
[MASTER] 15:10:12.129 [logback-1] WARN  TestChromosome - Functional mock problem: org.evosuite.ga.ConstructionFailedException: Have no generator for org.sat4j.core.ASolverFactory<org.sat4j.tools.SingleSolutionDetector> canUseFunctionalMocks=false, canBeMocked: true
[MASTER] 15:10:14.016 [logback-1] WARN  TestChromosome - Functional mock problem: org.evosuite.ga.ConstructionFailedException: Found no variables of type interface org.sat4j.minisat.core.ILits
* naaame: 
* naaame: org.evosuite.ga.stoppingconditions.ZeroFitnessStoppingCondition
* naaame: org.evosuite.ga.stoppingconditions.RMIStoppingCondition
* naaame: org.evosuite.ShutdownTestWriter
* naaame: org.evosuite.ga.stoppingconditions.GlobalTimeStoppingCondition
* naaame: org.evosuite.ga.stoppingconditions.MaxFitnessEvaluationsStoppingCondition
Current fitness evaluations: 281
Current fitness function value: class org.evosuite.coverage.line.LineCoverageSuiteFitness ** 0.6788990825688074
Current fitness function value: class org.evosuite.coverage.branch.BranchCoverageSuiteFitness ** 0.5573770491803278
Current fitness function value: class org.evosuite.coverage.exception.ExceptionCoverageSuiteFitness ** 1.0
Current fitness function value: class org.evosuite.coverage.mutation.WeakMutationSuiteFitness ** 0.6431095406360424
Current fitness function value: class org.evosuite.coverage.io.output.OutputCoverageSuiteFitness ** 0.14285714285714285
Current fitness function value: class org.evosuite.coverage.method.MethodCoverageSuiteFitness ** 0.5
Current fitness function value: class org.evosuite.coverage.method.MethodNoExceptionCoverageSuiteFitness ** 0.3333333333333333
Current fitness function value: class org.evosuite.coverage.cbranch.CBranchSuiteFitness ** 0.39344262295081966
* naaame: 
* naaame: org.evosuite.ga.stoppingconditions.ZeroFitnessStoppingCondition
* naaame: org.evosuite.ga.stoppingconditions.RMIStoppingCondition
* naaame: org.evosuite.ShutdownTestWriter
* naaame: org.evosuite.ga.stoppingconditions.GlobalTimeStoppingCondition
* naaame: org.evosuite.ga.stoppingconditions.MaxFitnessEvaluationsStoppingCondition
Current fitness evaluations: 360
* naaame: 
* naaame: org.evosuite.ga.stoppingconditions.ZeroFitnessStoppingCondition
* naaame: org.evosuite.ga.stoppingconditions.RMIStoppingCondition
* naaame: org.evosuite.ShutdownTestWriter
* naaame: org.evosuite.ga.stoppingconditions.GlobalTimeStoppingCondition
* naaame: org.evosuite.ga.stoppingconditions.MaxFitnessEvaluationsStoppingCondition
Current fitness evaluations: 442
Current fitness function value: class org.evosuite.coverage.line.LineCoverageSuiteFitness ** 0.7981651376146789
Current fitness function value: class org.evosuite.coverage.branch.BranchCoverageSuiteFitness ** 0.7377049180327869
Current fitness function value: class org.evosuite.coverage.exception.ExceptionCoverageSuiteFitness ** 1.0
Current fitness function value: class org.evosuite.coverage.mutation.WeakMutationSuiteFitness ** 0.8551236749116607
Current fitness function value: class org.evosuite.coverage.io.output.OutputCoverageSuiteFitness ** 0.22448979591836735
Current fitness function value: class org.evosuite.coverage.method.MethodCoverageSuiteFitness ** 0.5555555555555556
Current fitness function value: class org.evosuite.coverage.method.MethodNoExceptionCoverageSuiteFitness ** 0.3888888888888889
Current fitness function value: class org.evosuite.coverage.cbranch.CBranchSuiteFitness ** 0.4918032786885246
* naaame: 
* naaame: org.evosuite.ga.stoppingconditions.ZeroFitnessStoppingCondition
* naaame: org.evosuite.ga.stoppingconditions.RMIStoppingCondition
* naaame: org.evosuite.ShutdownTestWriter
* naaame: org.evosuite.ga.stoppingconditions.GlobalTimeStoppingCondition
* naaame: org.evosuite.ga.stoppingconditions.MaxFitnessEvaluationsStoppingCondition
Current fitness evaluations: 519
Current fitness function value: class org.evosuite.coverage.line.LineCoverageSuiteFitness ** 0.7981651376146789
Current fitness function value: class org.evosuite.coverage.branch.BranchCoverageSuiteFitness ** 0.7377049180327869
Current fitness function value: class org.evosuite.coverage.exception.ExceptionCoverageSuiteFitness ** 1.0
Current fitness function value: class org.evosuite.coverage.mutation.WeakMutationSuiteFitness ** 0.8551236749116607
Current fitness function value: class org.evosuite.coverage.io.output.OutputCoverageSuiteFitness ** 0.2653061224489796
Current fitness function value: class org.evosuite.coverage.method.MethodCoverageSuiteFitness ** 0.5555555555555556
Current fitness function value: class org.evosuite.coverage.method.MethodNoExceptionCoverageSuiteFitness ** 0.4444444444444444
Current fitness function value: class org.evosuite.coverage.cbranch.CBranchSuiteFitness ** 0.4918032786885246
* naaame: 
* naaame: org.evosuite.ga.stoppingconditions.ZeroFitnessStoppingCondition
* naaame: org.evosuite.ga.stoppingconditions.RMIStoppingCondition
* naaame: org.evosuite.ShutdownTestWriter
* naaame: org.evosuite.ga.stoppingconditions.GlobalTimeStoppingCondition
* naaame: org.evosuite.ga.stoppingconditions.MaxFitnessEvaluationsStoppingCondition
Current fitness evaluations: 601
* naaame: 
* naaame: org.evosuite.ga.stoppingconditions.ZeroFitnessStoppingCondition
* naaame: org.evosuite.ga.stoppingconditions.RMIStoppingCondition
* naaame: org.evosuite.ShutdownTestWriter
* naaame: org.evosuite.ga.stoppingconditions.GlobalTimeStoppingCondition
* naaame: org.evosuite.ga.stoppingconditions.MaxFitnessEvaluationsStoppingCondition
Current fitness evaluations: 697
Current fitness function value: class org.evosuite.coverage.line.LineCoverageSuiteFitness ** 0.7981651376146789
Current fitness function value: class org.evosuite.coverage.branch.BranchCoverageSuiteFitness ** 0.7377049180327869
Current fitness function value: class org.evosuite.coverage.exception.ExceptionCoverageSuiteFitness ** 1.0
Current fitness function value: class org.evosuite.coverage.mutation.WeakMutationSuiteFitness ** 0.8551236749116607
Current fitness function value: class org.evosuite.coverage.io.output.OutputCoverageSuiteFitness ** 0.2653061224489796
Current fitness function value: class org.evosuite.coverage.method.MethodCoverageSuiteFitness ** 0.5555555555555556
Current fitness function value: class org.evosuite.coverage.method.MethodNoExceptionCoverageSuiteFitness ** 0.4444444444444444
Current fitness function value: class org.evosuite.coverage.cbranch.CBranchSuiteFitness ** 0.4918032786885246
* naaame: 
* naaame: org.evosuite.ga.stoppingconditions.ZeroFitnessStoppingCondition
* naaame: org.evosuite.ga.stoppingconditions.RMIStoppingCondition
* naaame: org.evosuite.ShutdownTestWriter
* naaame: org.evosuite.ga.stoppingconditions.GlobalTimeStoppingCondition
* naaame: org.evosuite.ga.stoppingconditions.MaxFitnessEvaluationsStoppingCondition
Current fitness evaluations: 793
[MASTER] 15:10:39.032 [logback-1] WARN  TestChromosome - Functional mock problem: org.evosuite.ga.ConstructionFailedException: Found no variables of type interface org.sat4j.specs.IConstr
[MASTER] 15:10:39.686 [logback-1] WARN  TestChromosome - Functional mock problem: org.evosuite.ga.ConstructionFailedException: Failed to add constructor for org.sat4j.minisat.core.Solver due to org.evosuite.ga.ConstructionFailedException: Found no variables of type interface org.sat4j.minisat.core.IOrder
[MASTER] 15:10:45.492 [logback-1] WARN  TestChromosome - Functional mock problem: org.evosuite.ga.ConstructionFailedException: Found no variables of type class org.sat4j.minisat.constraints.card.AtLeast
* naaame: 
* naaame: org.evosuite.ga.stoppingconditions.ZeroFitnessStoppingCondition
* naaame: org.evosuite.ga.stoppingconditions.RMIStoppingCondition
* naaame: org.evosuite.ShutdownTestWriter
* naaame: org.evosuite.ga.stoppingconditions.GlobalTimeStoppingCondition
* naaame: org.evosuite.ga.stoppingconditions.MaxFitnessEvaluationsStoppingCondition
Current fitness evaluations: 888
Current fitness function value: class org.evosuite.coverage.line.LineCoverageSuiteFitness ** 0.8440366972477065
Current fitness function value: class org.evosuite.coverage.branch.BranchCoverageSuiteFitness ** 0.819672131147541
Current fitness function value: class org.evosuite.coverage.exception.ExceptionCoverageSuiteFitness ** 1.0
Current fitness function value: class org.evosuite.coverage.mutation.WeakMutationSuiteFitness ** 0.8833922261484098
Current fitness function value: class org.evosuite.coverage.io.output.OutputCoverageSuiteFitness ** 0.30612244897959184
Current fitness function value: class org.evosuite.coverage.method.MethodCoverageSuiteFitness ** 0.5555555555555556
Current fitness function value: class org.evosuite.coverage.method.MethodNoExceptionCoverageSuiteFitness ** 0.4444444444444444
Current fitness function value: class org.evosuite.coverage.cbranch.CBranchSuiteFitness ** 0.5409836065573771
* naaame: 
* naaame: org.evosuite.ga.stoppingconditions.ZeroFitnessStoppingCondition
* naaame: org.evosuite.ga.stoppingconditions.RMIStoppingCondition
* naaame: org.evosuite.ShutdownTestWriter
* naaame: org.evosuite.ga.stoppingconditions.GlobalTimeStoppingCondition
* naaame: org.evosuite.ga.stoppingconditions.MaxFitnessEvaluationsStoppingCondition
Current fitness evaluations: 971
Current fitness function value: class org.evosuite.coverage.line.LineCoverageSuiteFitness ** 0.8440366972477065
Current fitness function value: class org.evosuite.coverage.branch.BranchCoverageSuiteFitness ** 0.819672131147541
Current fitness function value: class org.evosuite.coverage.exception.ExceptionCoverageSuiteFitness ** 1.0
Current fitness function value: class org.evosuite.coverage.mutation.WeakMutationSuiteFitness ** 0.8833922261484098
Current fitness function value: class org.evosuite.coverage.io.output.OutputCoverageSuiteFitness ** 0.3469387755102041
Current fitness function value: class org.evosuite.coverage.method.MethodCoverageSuiteFitness ** 0.5555555555555556
Current fitness function value: class org.evosuite.coverage.method.MethodNoExceptionCoverageSuiteFitness ** 0.5
Current fitness function value: class org.evosuite.coverage.cbranch.CBranchSuiteFitness ** 0.5409836065573771
* naaame: 
* naaame: org.evosuite.ga.stoppingconditions.ZeroFitnessStoppingCondition
* naaame: org.evosuite.ga.stoppingconditions.RMIStoppingCondition
* naaame: org.evosuite.ShutdownTestWriter
* naaame: org.evosuite.ga.stoppingconditions.GlobalTimeStoppingCondition
* naaame: org.evosuite.ga.stoppingconditions.MaxFitnessEvaluationsStoppingCondition
Current fitness evaluations: 1062
* naaame: 
* naaame: org.evosuite.ga.stoppingconditions.ZeroFitnessStoppingCondition
* naaame: org.evosuite.ga.stoppingconditions.RMIStoppingCondition
* naaame: org.evosuite.ShutdownTestWriter
* naaame: org.evosuite.ga.stoppingconditions.GlobalTimeStoppingCondition
* naaame: org.evosuite.ga.stoppingconditions.MaxFitnessEvaluationsStoppingCondition
Current fitness evaluations: 1152
* naaame: 
* naaame: org.evosuite.ga.stoppingconditions.ZeroFitnessStoppingCondition
* naaame: org.evosuite.ga.stoppingconditions.RMIStoppingCondition
* naaame: org.evosuite.ShutdownTestWriter
* naaame: org.evosuite.ga.stoppingconditions.GlobalTimeStoppingCondition
* naaame: org.evosuite.ga.stoppingconditions.MaxFitnessEvaluationsStoppingCondition
Current fitness evaluations: 1241
Current fitness function value: class org.evosuite.coverage.line.LineCoverageSuiteFitness ** 0.8440366972477065
Current fitness function value: class org.evosuite.coverage.branch.BranchCoverageSuiteFitness ** 0.819672131147541
Current fitness function value: class org.evosuite.coverage.exception.ExceptionCoverageSuiteFitness ** 1.0
Current fitness function value: class org.evosuite.coverage.mutation.WeakMutationSuiteFitness ** 0.8833922261484098
Current fitness function value: class org.evosuite.coverage.io.output.OutputCoverageSuiteFitness ** 0.3469387755102041
Current fitness function value: class org.evosuite.coverage.method.MethodCoverageSuiteFitness ** 0.5555555555555556
Current fitness function value: class org.evosuite.coverage.method.MethodNoExceptionCoverageSuiteFitness ** 0.5
Current fitness function value: class org.evosuite.coverage.cbranch.CBranchSuiteFitness ** 0.5409836065573771
* naaame: 
* naaame: org.evosuite.ga.stoppingconditions.ZeroFitnessStoppingCondition
* naaame: org.evosuite.ga.stoppingconditions.RMIStoppingCondition
* naaame: org.evosuite.ShutdownTestWriter
* naaame: org.evosuite.ga.stoppingconditions.GlobalTimeStoppingCondition
* naaame: org.evosuite.ga.stoppingconditions.MaxFitnessEvaluationsStoppingCondition
Current fitness evaluations: 1330
* naaame: 
* naaame: org.evosuite.ga.stoppingconditions.ZeroFitnessStoppingCondition
* naaame: org.evosuite.ga.stoppingconditions.RMIStoppingCondition
* naaame: org.evosuite.ShutdownTestWriter
* naaame: org.evosuite.ga.stoppingconditions.GlobalTimeStoppingCondition
* naaame: org.evosuite.ga.stoppingconditions.MaxFitnessEvaluationsStoppingCondition
Current fitness evaluations: 1426
Current fitness function value: class org.evosuite.coverage.line.LineCoverageSuiteFitness ** 0.8440366972477065
Current fitness function value: class org.evosuite.coverage.branch.BranchCoverageSuiteFitness ** 0.819672131147541
Current fitness function value: class org.evosuite.coverage.exception.ExceptionCoverageSuiteFitness ** 1.0
Current fitness function value: class org.evosuite.coverage.mutation.WeakMutationSuiteFitness ** 0.8869257950530035
Current fitness function value: class org.evosuite.coverage.io.output.OutputCoverageSuiteFitness ** 0.3877551020408163
Current fitness function value: class org.evosuite.coverage.method.MethodCoverageSuiteFitness ** 0.5555555555555556
Current fitness function value: class org.evosuite.coverage.method.MethodNoExceptionCoverageSuiteFitness ** 0.5555555555555556
Current fitness function value: class org.evosuite.coverage.cbranch.CBranchSuiteFitness ** 0.5409836065573771
[MASTER] 15:11:16.912 [logback-1] WARN  TestChromosome - Functional mock problem: org.evosuite.ga.ConstructionFailedException: Failed to add constructor for org.sat4j.opt.MaxSatDecorator due to org.evosuite.ga.ConstructionFailedException: Failed to add constructor for org.sat4j.opt.MaxSatDecorator due to org.evosuite.ga.ConstructionFailedException: Failed to add constructor for org.sat4j.tools.ModelIteratorToSATAdapter due to org.evosuite.ga.ConstructionFailedException: Found no variables of type interface org.sat4j.specs.ISolver
* naaame: 
* naaame: org.evosuite.ga.stoppingconditions.ZeroFitnessStoppingCondition
* naaame: org.evosuite.ga.stoppingconditions.RMIStoppingCondition
* naaame: org.evosuite.ShutdownTestWriter
* naaame: org.evosuite.ga.stoppingconditions.GlobalTimeStoppingCondition
* naaame: org.evosuite.ga.stoppingconditions.MaxFitnessEvaluationsStoppingCondition
Current fitness evaluations: 1520
* naaame: 
* naaame: org.evosuite.ga.stoppingconditions.ZeroFitnessStoppingCondition
* naaame: org.evosuite.ga.stoppingconditions.RMIStoppingCondition
* naaame: org.evosuite.ShutdownTestWriter
* naaame: org.evosuite.ga.stoppingconditions.GlobalTimeStoppingCondition
* naaame: org.evosuite.ga.stoppingconditions.MaxFitnessEvaluationsStoppingCondition
Current fitness evaluations: 1604
* naaame: 
* naaame: org.evosuite.ga.stoppingconditions.ZeroFitnessStoppingCondition
* naaame: org.evosuite.ga.stoppingconditions.RMIStoppingCondition
* naaame: org.evosuite.ShutdownTestWriter
* naaame: org.evosuite.ga.stoppingconditions.GlobalTimeStoppingCondition
* naaame: org.evosuite.ga.stoppingconditions.MaxFitnessEvaluationsStoppingCondition
Current fitness evaluations: 1664
Current fitness function value: class org.evosuite.coverage.line.LineCoverageSuiteFitness ** 0.8532110091743119
Current fitness function value: class org.evosuite.coverage.branch.BranchCoverageSuiteFitness ** 0.8360655737704918
Current fitness function value: class org.evosuite.coverage.exception.ExceptionCoverageSuiteFitness ** 1.0
Current fitness function value: class org.evosuite.coverage.mutation.WeakMutationSuiteFitness ** 0.9081272084805654
Current fitness function value: class org.evosuite.coverage.io.output.OutputCoverageSuiteFitness ** 0.3877551020408163
Current fitness function value: class org.evosuite.coverage.method.MethodCoverageSuiteFitness ** 0.5555555555555556
Current fitness function value: class org.evosuite.coverage.method.MethodNoExceptionCoverageSuiteFitness ** 0.5555555555555556
Current fitness function value: class org.evosuite.coverage.cbranch.CBranchSuiteFitness ** 0.5573770491803278
Current fitness function value: class org.evosuite.coverage.line.LineCoverageSuiteFitness ** 0.8532110091743119
Current fitness function value: class org.evosuite.coverage.branch.BranchCoverageSuiteFitness ** 0.8360655737704918
Current fitness function value: class org.evosuite.coverage.exception.ExceptionCoverageSuiteFitness ** 1.0
Current fitness function value: class org.evosuite.coverage.mutation.WeakMutationSuiteFitness ** 0.9081272084805654
Current fitness function value: class org.evosuite.coverage.io.output.OutputCoverageSuiteFitness ** 0.3877551020408163
Current fitness function value: class org.evosuite.coverage.method.MethodCoverageSuiteFitness ** 0.5555555555555556
Current fitness function value: class org.evosuite.coverage.method.MethodNoExceptionCoverageSuiteFitness ** 0.5555555555555556
Current fitness function value: class org.evosuite.coverage.cbranch.CBranchSuiteFitness ** 0.5573770491803278
* Search finished after 122s and 17 generations, 19067 statements, best individual has fitness: 125.0
Current fitness function value: class org.evosuite.coverage.line.LineCoverageSuiteFitness ** 0.8532110091743119
Current fitness function value: class org.evosuite.coverage.branch.BranchCoverageSuiteFitness ** 0.8360655737704918
Current fitness function value: class org.evosuite.coverage.exception.ExceptionCoverageSuiteFitness ** 1.0
Current fitness function value: class org.evosuite.coverage.mutation.WeakMutationSuiteFitness ** 0.9081272084805654
Current fitness function value: class org.evosuite.coverage.io.output.OutputCoverageSuiteFitness ** 0.3877551020408163
Current fitness function value: class org.evosuite.coverage.method.MethodCoverageSuiteFitness ** 0.5555555555555556
Current fitness function value: class org.evosuite.coverage.method.MethodNoExceptionCoverageSuiteFitness ** 0.5555555555555556
Current fitness function value: class org.evosuite.coverage.cbranch.CBranchSuiteFitness ** 0.5573770491803278
* Minimizing test suite
* Going to analyze the coverage criteria
* Coverage analysis for criterion LINE
[MASTER] 15:12:22.388 [logback-1] WARN  TestSuiteMinimizer - Minimization timeout. Roll back to original test suite
* Coverage of criterion LINE: 85%
* Total number of goals: 109
* Number of covered goals: 93
* Coverage analysis for criterion BRANCH
* Coverage of criterion BRANCH: 84%
* Total number of goals: 61
* Number of covered goals: 51
* Coverage analysis for criterion EXCEPTION
* Coverage of criterion EXCEPTION: 100%
* Total number of goals: 23
* Number of covered goals: 23
* Coverage analysis for criterion WEAKMUTATION
* Coverage of criterion WEAKMUTATION: 91%
* Total number of goals: 283
* Number of covered goals: 258
* Coverage analysis for criterion OUTPUT
* Coverage of criterion OUTPUT: 39%
* Total number of goals: 49
* Number of covered goals: 19
* Coverage analysis for criterion METHOD
* Coverage of criterion METHOD: 61%
* Total number of goals: 18
* Number of covered goals: 11
* Coverage analysis for criterion METHODNOEXCEPTION
* Coverage of criterion METHODNOEXCEPTION: 61%
* Total number of goals: 18
* Number of covered goals: 11
* Coverage analysis for criterion CBRANCH
* Coverage of criterion CBRANCH: 56%
* Total number of goals: 61
* Number of covered goals: 34
Current fitness function value: class org.evosuite.coverage.line.LineCoverageSuiteFitness ** 0.8532110091743119
Current fitness function value: class org.evosuite.coverage.branch.BranchCoverageSuiteFitness ** 0.8360655737704918
Current fitness function value: class org.evosuite.coverage.exception.ExceptionCoverageSuiteFitness ** 1.0
Current fitness function value: class org.evosuite.coverage.mutation.WeakMutationSuiteFitness ** 0.9081272084805654
Current fitness function value: class org.evosuite.coverage.io.output.OutputCoverageSuiteFitness ** 0.3877551020408163
Current fitness function value: class org.evosuite.coverage.method.MethodCoverageSuiteFitness ** 0.5555555555555556
Current fitness function value: class org.evosuite.coverage.method.MethodNoExceptionCoverageSuiteFitness ** 0.5555555555555556
Current fitness function value: class org.evosuite.coverage.cbranch.CBranchSuiteFitness ** 0.5573770491803278
* Generated 65 tests with total length 925
* Resulting test suite's coverage: 71% (average coverage for all fitness functions)
* Generating assertions
[MASTER] 15:13:07.987 [logback-1] WARN  SimpleMutationAssertionGenerator - Assertion minimization is taking too long (0.7403833333333333% of time used, but only 23/65 tests minimized), falling back to using all assertions
* Resulting test suite's mutation score: 71%
Current fitness function value: class org.evosuite.coverage.line.LineCoverageSuiteFitness ** 0.8532110091743119
Current fitness function value: class org.evosuite.coverage.branch.BranchCoverageSuiteFitness ** 0.8360655737704918
Current fitness function value: class org.evosuite.coverage.exception.ExceptionCoverageSuiteFitness ** 1.0
Current fitness function value: class org.evosuite.coverage.mutation.WeakMutationSuiteFitness ** 0.9081272084805654
Current fitness function value: class org.evosuite.coverage.io.output.OutputCoverageSuiteFitness ** 0.3877551020408163
Current fitness function value: class org.evosuite.coverage.method.MethodCoverageSuiteFitness ** 0.5555555555555556
Current fitness function value: class org.evosuite.coverage.method.MethodNoExceptionCoverageSuiteFitness ** 0.5555555555555556
Current fitness function value: class org.evosuite.coverage.cbranch.CBranchSuiteFitness ** 0.5573770491803278
* Compiling and checking tests
[MASTER] 15:13:33.099 [logback-1] WARN  JUnitAnalyzer - Found unstable test named test0 -> class java.lang.AssertionError: expected:<1> but was:<0>
[MASTER] 15:13:33.104 [logback-1] WARN  JUnitAnalyzer - Failing test:
 Backbone backbone0 = Backbone.ibb();
backbone0.getNumberOfSatCalls();
int[] intArray0 = new int[3];
intArray0[0] = 0;
VecInt vecInt0 = new VecInt(intArray0);
ASolverFactory<SingleSolutionDetector> aSolverFactory0 = (ASolverFactory<SingleSolutionDetector>) mock(ASolverFactory.class, new ViolatedAssumptionAnswer());
CheckMUSSolutionListener checkMUSSolutionListener0 = new CheckMUSSolutionListener(aSolverFactory0);
Backbone backbone1 = Backbone.instance((IBackboneProgressListener) null, true);
assertEquals(1, backbone1.getNumberOfSatCalls());


[MASTER] 15:13:40.867 [logback-1] WARN  JUnitAnalyzer - Found unstable test named test0 -> class java.lang.AssertionError: Expecting exception: NullPointerException
[MASTER] 15:13:40.868 [logback-1] WARN  JUnitAnalyzer - Failing test:
 StatisticsSolver statisticsSolver0 = new StatisticsSolver();
int[] intArray0 = new int[3];
VecInt vecInt0 = new VecInt(intArray0);
Backbone backbone0 = Backbone.bb();
backbone0.compute((ISolver) statisticsSolver0, intArray0, (IVecInt) vecInt0);

[MASTER] 15:13:42.099 [logback-1] WARN  JUnitAnalyzer - Found unstable test named test0 -> class java.lang.AssertionError: expected:<1> but was:<0>
[MASTER] 15:13:42.103 [logback-1] WARN  JUnitAnalyzer - Failing test:
 Backbone backbone0 = Backbone.ibb();
assertEquals(1, backbone0.getNumberOfSatCalls());

StatisticsSolver statisticsSolver0 = new StatisticsSolver();
VecInt vecInt0 = new VecInt();
IVecInt iVecInt0 = vecInt0.clone();
AbstractMinimalModel abstractMinimalModel0 = new AbstractMinimalModel(statisticsSolver0, vecInt0);
NoLearningNoHeuristics<MixedDataStructureDanielHT> noLearningNoHeuristics0 = new NoLearningNoHeuristics<MixedDataStructureDanielHT>();
MixedDataStructureDanielHT mixedDataStructureDanielHT0 = new MixedDataStructureDanielHT();
SearchParams searchParams0 = new SearchParams(0.0, (-723.52386414502), 4492.377680306971, 1401);
PureOrder pureOrder0 = new PureOrder(1401);
RandomWalkDecorator randomWalkDecorator0 = new RandomWalkDecorator(pureOrder0, (-723.52386414502));
MiniSATRestarts miniSATRestarts0 = new MiniSATRestarts();
Solver<MixedDataStructureDanielHT> solver0 = new Solver<MixedDataStructureDanielHT>(noLearningNoHeuristics0, mixedDataStructureDanielHT0, searchParams0, randomWalkDecorator0, miniSATRestarts0);
ISolver iSolver0 = solver0.getSolvingEngine();
ASolverFactory<SingleSolutionDetector> aSolverFactory0 = (ASolverFactory<SingleSolutionDetector>) mock(ASolverFactory.class, new ViolatedAssumptionAnswer());
CheckMUSSolutionListener checkMUSSolutionListener0 = new CheckMUSSolutionListener(aSolverFactory0);
ModelIteratorToSATAdapter modelIteratorToSATAdapter0 = new ModelIteratorToSATAdapter(iSolver0, checkMUSSolutionListener0);
modelIteratorToSATAdapter0.isSatisfiable();
modelIteratorToSATAdapter0.getStat();
iSolver0.isSatisfiable();
modelIteratorToSATAdapter0.reset();
modelIteratorToSATAdapter0.isDBSimplificationAllowed();
CheckMUSSolutionListener checkMUSSolutionListener1 = new CheckMUSSolutionListener((ASolverFactory<? extends ISolver>) null);
backbone0.compute(iSolver0, (IVecInt) vecInt0, iVecInt0);
int[] intArray0 = new int[0];
backbone0.compute((ISolver) solver0, intArray0);
assertEquals(0, backbone0.getNumberOfSatCalls());


[MASTER] 15:13:50.131 [logback-1] WARN  JUnitAnalyzer - Found unstable test named test0 -> class java.lang.AssertionError: Expecting exception: NullPointerException
[MASTER] 15:13:50.133 [logback-1] WARN  JUnitAnalyzer - Failing test:
 Backbone backbone0 = Backbone.instance();
int[] intArray0 = new int[1];
intArray0[0] = 48;
SingleSolutionDetector singleSolutionDetector0 = mock(SingleSolutionDetector.class, new ViolatedAssumptionAnswer());
doReturn(false).when(singleSolutionDetector0).isDBSimplificationAllowed();
doReturn(true).when(singleSolutionDetector0).isSatisfiable(any(org.sat4j.specs.IVecInt.class));
doReturn(48).when(singleSolutionDetector0).nVars();
doReturn(intArray0).when(singleSolutionDetector0).primeImplicant();
NegationDecorator<SingleSolutionDetector> negationDecorator0 = new NegationDecorator<SingleSolutionDetector>(singleSolutionDetector0);
GateTranslator gateTranslator0 = new GateTranslator(negationDecorator0);
VecInt vecInt0 = new VecInt();
VecInt vecInt1 = new VecInt(48, 48);
AbstractMinimalModel abstractMinimalModel0 = new AbstractMinimalModel(gateTranslator0, vecInt1);
abstractMinimalModel0.isDBSimplificationAllowed();
backbone0.compute((ISolver) gateTranslator0, (IVecInt) vecInt0, (IVecInt) vecInt1);

[MASTER] 15:13:52.458 [logback-1] WARN  JUnitAnalyzer - Found unstable test named test0 -> class java.lang.AssertionError: Expecting exception: NullPointerException
[MASTER] 15:13:52.459 [logback-1] WARN  JUnitAnalyzer - Failing test:
 Backbone backbone0 = Backbone.bb();
boolean boolean0 = false;
NoLearningNoHeuristics<MixedDataStructureDanielHT> noLearningNoHeuristics0 = new NoLearningNoHeuristics<MixedDataStructureDanielHT>();
MixedDataStructureDanielHT mixedDataStructureDanielHT0 = new MixedDataStructureDanielHT();
SearchParams searchParams0 = new SearchParams(0.0, (-723.52386414502), 4492.377680306971, 1401);
PureOrder pureOrder0 = new PureOrder(1401);
RandomWalkDecorator randomWalkDecorator0 = new RandomWalkDecorator(pureOrder0, (-723.52386414502));
MiniSATRestarts miniSATRestarts0 = new MiniSATRestarts();
Solver<MixedDataStructureDanielHT> solver0 = new Solver<MixedDataStructureDanielHT>(noLearningNoHeuristics0, mixedDataStructureDanielHT0, searchParams0, randomWalkDecorator0, miniSATRestarts0);
ISolver iSolver0 = solver0.getSolvingEngine();
ASolverFactory<SingleSolutionDetector> aSolverFactory0 = (ASolverFactory<SingleSolutionDetector>) mock(ASolverFactory.class, new ViolatedAssumptionAnswer());
CheckMUSSolutionListener checkMUSSolutionListener0 = new CheckMUSSolutionListener(aSolverFactory0);
ModelIteratorToSATAdapter modelIteratorToSATAdapter0 = new ModelIteratorToSATAdapter(iSolver0, checkMUSSolutionListener0);
modelIteratorToSATAdapter0.isSatisfiable();
modelIteratorToSATAdapter0.getStat();
iSolver0.isSatisfiable();
modelIteratorToSATAdapter0.reset();
VecInt vecInt0 = new VecInt();
backbone0.compute((ISolver) modelIteratorToSATAdapter0, (IVecInt) vecInt0, (IVecInt) vecInt0);

[MASTER] 15:14:02.947 [logback-1] WARN  JUnitAnalyzer - Found unstable test named test0 -> class java.lang.AssertionError: Expecting exception: NullPointerException
[MASTER] 15:14:02.949 [logback-1] WARN  JUnitAnalyzer - Failing test:
 Backbone backbone0 = Backbone.instance();
assertNotNull(backbone0);
assertEquals(0, backbone0.getNumberOfSatCalls());

LightFactory lightFactory0 = new LightFactory();
assertNotNull(lightFactory0);

Solver solver0 = (Solver)lightFactory0.defaultSolver();
assertNotNull(solver0);
assertEquals(0, solver0.realNumberOfVariables());
assertEquals(0, solver0.decisionLevel());
assertEquals(2147483, solver0.getTimeout());
assertEquals("c ", solver0.getLogPrefix());
assertEquals(0, solver0.nVars());
assertFalse(solver0.isSolverKeptHot());
assertEquals(0, solver0.nConstraints());
assertFalse(solver0.isDBSimplificationAllowed());
assertEquals(0, solver0.getPropagationLevel());
assertEquals(0, solver0.currentDecisionLevel());
assertFalse(solver0.isVerbose());

VecInt vecInt0 = new VecInt();
assertNotNull(vecInt0);
assertEquals(0, vecInt0.size());
assertTrue(vecInt0.isEmpty());

VecInt vecInt1 = (VecInt)vecInt0.clone();
assertTrue(vecInt1.equals((Object)vecInt0));
assertNotNull(vecInt1);
assertNotSame(vecInt0, vecInt1);
assertNotSame(vecInt1, vecInt0);
assertEquals(0, vecInt0.size());
assertTrue(vecInt0.isEmpty());
assertTrue(vecInt1.isEmpty());
assertEquals(0, vecInt1.size());

AbstractMinimalModel abstractMinimalModel0 = new AbstractMinimalModel(solver0, vecInt0);
assertTrue(vecInt0.equals((Object)vecInt1));
assertNotNull(abstractMinimalModel0);
assertEquals(0, solver0.realNumberOfVariables());
assertEquals(0, solver0.decisionLevel());
assertEquals(2147483, solver0.getTimeout());
assertEquals("c ", solver0.getLogPrefix());
assertEquals(0, solver0.nVars());
assertFalse(solver0.isSolverKeptHot());
assertEquals(0, solver0.nConstraints());
assertFalse(solver0.isDBSimplificationAllowed());
assertEquals(0, solver0.getPropagationLevel());
assertEquals(0, solver0.currentDecisionLevel());
assertFalse(solver0.isVerbose());
assertEquals(0, vecInt0.size());
assertTrue(vecInt0.isEmpty());

CheckMUSSolutionListener checkMUSSolutionListener0 = new CheckMUSSolutionListener(lightFactory0);
assertNotNull(checkMUSSolutionListener0);

Minimal4CardinalityModel minimal4CardinalityModel0 = new Minimal4CardinalityModel(solver0, vecInt1, checkMUSSolutionListener0);
assertTrue(vecInt0.equals((Object)vecInt1));
assertTrue(vecInt1.equals((Object)vecInt0));
assertNotNull(minimal4CardinalityModel0);
assertEquals(0, solver0.realNumberOfVariables());
assertEquals(0, solver0.decisionLevel());
assertEquals(2147483, solver0.getTimeout());
assertEquals("c ", solver0.getLogPrefix());
assertEquals(0, solver0.nVars());
assertFalse(solver0.isSolverKeptHot());
assertEquals(0, solver0.nConstraints());
assertFalse(solver0.isDBSimplificationAllowed());
assertEquals(0, solver0.getPropagationLevel());
assertEquals(0, solver0.currentDecisionLevel());
assertFalse(solver0.isVerbose());
assertEquals(0, vecInt0.size());
assertTrue(vecInt0.isEmpty());
assertTrue(vecInt1.isEmpty());
assertEquals(0, vecInt1.size());

backbone0.compute((ISolver) abstractMinimalModel0, (IVecInt) vecInt0, (IVecInt) vecInt0);

[MASTER] 15:14:05.191 [logback-1] WARN  JUnitAnalyzer - Found unstable test named test0 -> class java.lang.AssertionError: expected:<1> but was:<0>
[MASTER] 15:14:05.192 [logback-1] WARN  JUnitAnalyzer - Failing test:
 Backbone backbone0 = Backbone.ibb();
assertNotNull(backbone0);
assertEquals(1, backbone0.getNumberOfSatCalls());

SingleSolutionDetector singleSolutionDetector0 = mock(SingleSolutionDetector.class, new ViolatedAssumptionAnswer());
doReturn(false).when(singleSolutionDetector0).isSatisfiable();
LexicoDecorator<SingleSolutionDetector> lexicoDecorator0 = new LexicoDecorator<SingleSolutionDetector>(singleSolutionDetector0);
assertNotNull(lexicoDecorator0);
assertFalse(lexicoDecorator0.isOptimal());
assertEquals(0, lexicoDecorator0.numberOfCriteria());
assertTrue(lexicoDecorator0.nonOptimalMeansSatisfiable());
assertFalse(lexicoDecorator0.hasNoObjectiveFunction());

boolean boolean0 = lexicoDecorator0.isSatisfiable();
assertFalse(boolean0);
assertFalse(lexicoDecorator0.isOptimal());
assertEquals(0, lexicoDecorator0.numberOfCriteria());
assertTrue(lexicoDecorator0.nonOptimalMeansSatisfiable());
assertFalse(lexicoDecorator0.hasNoObjectiveFunction());

int[] intArray0 = new int[6];
Solver<MixedDataStructureDanielHT>[] solverArray0 = (Solver<MixedDataStructureDanielHT>[]) Array.newInstance(Solver.class, 0);
ManyCore<Solver<MixedDataStructureDanielHT>> manyCore0 = new ManyCore<Solver<MixedDataStructureDanielHT>>(false, solverArray0);
assertEquals(0, solverArray0.length);
assertNotNull(manyCore0);

backbone0.compute((ISolver) manyCore0, intArray0);

* Permissions denied during test execution: 
[MASTER] 15:14:10.780 [logback-1] WARN  TestSuiteGenerator - JUnit checking timed out
  - java.lang.RuntimePermission: 
         writeFileDescriptor: 1
* Writing tests to file
* Writing JUnit test case 'Backbone_ESTest' to evosuite-tests
* Done!

* Computation finished
