* EvoSuite 1.0.7-SNAPSHOT
* Going to generate test cases for class: org.sat4j.tools.Backbone
* Starting Client-0
* Connecting to master process on port 13642
* Analyzing classpath: 
  - bins/sat4j/org.ow2.sat4j.core-2.3.6-SNAPSHOT.jar
  - bins/sat4j/org.ow2.sat4j.core-2.3.6-SNAPSHOT-tests.jar
* Finished analyzing classpath
* Generating tests for class org.sat4j.tools.Backbone
* Test criteria:
  - Line Coverage
  - Branch Coverage
  - Exception
  - Mutation testing (weak)
  - Method-Output Coverage
  - Top-Level Method Coverage
  - No-Exception Top-Level Method Coverage
  - Context Branch Coverage
* Total number of test goals for DYNAMOSA: 599
* Using seed 1550577363989
* Starting evolution
* Initialsss Number of Goals in DynMOSA = 215 / 599
Current fitness function value: class org.evosuite.coverage.line.LineCoverageSuiteFitness ** 0.5229357798165137
Current fitness function value: class org.evosuite.coverage.branch.BranchCoverageSuiteFitness ** 0.45901639344262296
Current fitness function value: class org.evosuite.coverage.exception.ExceptionCoverageSuiteFitness ** 1.0
Current fitness function value: class org.evosuite.coverage.mutation.WeakMutationSuiteFitness ** 0.5017667844522968
Current fitness function value: class org.evosuite.coverage.io.output.OutputCoverageSuiteFitness ** 0.10204081632653061
Current fitness function value: class org.evosuite.coverage.method.MethodCoverageSuiteFitness ** 0.5555555555555556
Current fitness function value: class org.evosuite.coverage.method.MethodNoExceptionCoverageSuiteFitness ** 0.2777777777777778
Current fitness function value: class org.evosuite.coverage.cbranch.CBranchSuiteFitness ** 0.32786885245901637
* naaame: 
* naaame: org.evosuite.ShutdownTestWriter
* naaame: org.evosuite.ga.stoppingconditions.MaxFitnessEvaluationsStoppingCondition
Current fitness evaluations: 200
* naaame: org.evosuite.ga.stoppingconditions.ZeroFitnessStoppingCondition
* naaame: org.evosuite.ga.stoppingconditions.GlobalTimeStoppingCondition
* naaame: org.evosuite.ga.stoppingconditions.RMIStoppingCondition
[MASTER] 12:57:07.702 [logback-1] WARN  TestChromosome - Functional mock problem: org.evosuite.ga.ConstructionFailedException: Found no variables of type interface org.sat4j.specs.ISolver
[MASTER] 12:57:08.923 [logback-1] WARN  TestChromosome - Functional mock problem: org.evosuite.ga.ConstructionFailedException: Found no variables of type interface org.sat4j.specs.IConstr
[MASTER] 12:57:09.708 [logback-1] WARN  TestChromosome - Functional mock problem: org.evosuite.ga.ConstructionFailedException: Found no variables of type interface org.sat4j.minisat.core.ILits
* naaame: 
* naaame: org.evosuite.ShutdownTestWriter
* naaame: org.evosuite.ga.stoppingconditions.MaxFitnessEvaluationsStoppingCondition
Current fitness evaluations: 288
* naaame: org.evosuite.ga.stoppingconditions.ZeroFitnessStoppingCondition
* naaame: org.evosuite.ga.stoppingconditions.GlobalTimeStoppingCondition
* naaame: org.evosuite.ga.stoppingconditions.RMIStoppingCondition
Current fitness function value: class org.evosuite.coverage.line.LineCoverageSuiteFitness ** 0.5321100917431193
Current fitness function value: class org.evosuite.coverage.branch.BranchCoverageSuiteFitness ** 0.4918032786885246
Current fitness function value: class org.evosuite.coverage.exception.ExceptionCoverageSuiteFitness ** 1.0
Current fitness function value: class org.evosuite.coverage.mutation.WeakMutationSuiteFitness ** 0.508833922261484
Current fitness function value: class org.evosuite.coverage.io.output.OutputCoverageSuiteFitness ** 0.10204081632653061
Current fitness function value: class org.evosuite.coverage.method.MethodCoverageSuiteFitness ** 0.5555555555555556
Current fitness function value: class org.evosuite.coverage.method.MethodNoExceptionCoverageSuiteFitness ** 0.2777777777777778
Current fitness function value: class org.evosuite.coverage.cbranch.CBranchSuiteFitness ** 0.32786885245901637
* naaame: 
* naaame: org.evosuite.ShutdownTestWriter
* naaame: org.evosuite.ga.stoppingconditions.MaxFitnessEvaluationsStoppingCondition
Current fitness evaluations: 376
* naaame: org.evosuite.ga.stoppingconditions.ZeroFitnessStoppingCondition
* naaame: org.evosuite.ga.stoppingconditions.GlobalTimeStoppingCondition
* naaame: org.evosuite.ga.stoppingconditions.RMIStoppingCondition
* naaame: 
* naaame: org.evosuite.ShutdownTestWriter
* naaame: org.evosuite.ga.stoppingconditions.MaxFitnessEvaluationsStoppingCondition
Current fitness evaluations: 466
* naaame: org.evosuite.ga.stoppingconditions.ZeroFitnessStoppingCondition
* naaame: org.evosuite.ga.stoppingconditions.GlobalTimeStoppingCondition
* naaame: org.evosuite.ga.stoppingconditions.RMIStoppingCondition
Current fitness function value: class org.evosuite.coverage.line.LineCoverageSuiteFitness ** 0.7155963302752294
Current fitness function value: class org.evosuite.coverage.branch.BranchCoverageSuiteFitness ** 0.6557377049180327
Current fitness function value: class org.evosuite.coverage.exception.ExceptionCoverageSuiteFitness ** 1.0
Current fitness function value: class org.evosuite.coverage.mutation.WeakMutationSuiteFitness ** 0.7455830388692579
Current fitness function value: class org.evosuite.coverage.io.output.OutputCoverageSuiteFitness ** 0.22448979591836735
Current fitness function value: class org.evosuite.coverage.method.MethodCoverageSuiteFitness ** 0.5555555555555556
Current fitness function value: class org.evosuite.coverage.method.MethodNoExceptionCoverageSuiteFitness ** 0.3888888888888889
Current fitness function value: class org.evosuite.coverage.cbranch.CBranchSuiteFitness ** 0.4918032786885246
[MASTER] 12:57:32.561 [logback-1] WARN  TestChromosome - Functional mock problem: org.evosuite.ga.ConstructionFailedException: Found no variables of type class org.sat4j.opt.MaxSatDecorator
* naaame: 
* naaame: org.evosuite.ShutdownTestWriter
* naaame: org.evosuite.ga.stoppingconditions.MaxFitnessEvaluationsStoppingCondition
Current fitness evaluations: 562
* naaame: org.evosuite.ga.stoppingconditions.ZeroFitnessStoppingCondition
* naaame: org.evosuite.ga.stoppingconditions.GlobalTimeStoppingCondition
* naaame: org.evosuite.ga.stoppingconditions.RMIStoppingCondition
Current fitness function value: class org.evosuite.coverage.line.LineCoverageSuiteFitness ** 0.8256880733944955
Current fitness function value: class org.evosuite.coverage.branch.BranchCoverageSuiteFitness ** 0.7377049180327869
Current fitness function value: class org.evosuite.coverage.exception.ExceptionCoverageSuiteFitness ** 1.0
Current fitness function value: class org.evosuite.coverage.mutation.WeakMutationSuiteFitness ** 0.784452296819788
Current fitness function value: class org.evosuite.coverage.io.output.OutputCoverageSuiteFitness ** 0.2653061224489796
Current fitness function value: class org.evosuite.coverage.method.MethodCoverageSuiteFitness ** 0.5555555555555556
Current fitness function value: class org.evosuite.coverage.method.MethodNoExceptionCoverageSuiteFitness ** 0.3888888888888889
Current fitness function value: class org.evosuite.coverage.cbranch.CBranchSuiteFitness ** 0.5245901639344263
* naaame: 
* naaame: org.evosuite.ShutdownTestWriter
* naaame: org.evosuite.ga.stoppingconditions.MaxFitnessEvaluationsStoppingCondition
Current fitness evaluations: 647
* naaame: org.evosuite.ga.stoppingconditions.ZeroFitnessStoppingCondition
* naaame: org.evosuite.ga.stoppingconditions.GlobalTimeStoppingCondition
* naaame: org.evosuite.ga.stoppingconditions.RMIStoppingCondition
[MASTER] 12:57:40.283 [logback-1] WARN  TestChromosome - Functional mock problem: org.evosuite.ga.ConstructionFailedException: Failed to add constructor for org.sat4j.minisat.core.Solver due to org.evosuite.ga.ConstructionFailedException: Found no variables of type class org.sat4j.minisat.core.SearchParams
* naaame: 
* naaame: org.evosuite.ShutdownTestWriter
* naaame: org.evosuite.ga.stoppingconditions.MaxFitnessEvaluationsStoppingCondition
Current fitness evaluations: 736
* naaame: org.evosuite.ga.stoppingconditions.ZeroFitnessStoppingCondition
* naaame: org.evosuite.ga.stoppingconditions.GlobalTimeStoppingCondition
* naaame: org.evosuite.ga.stoppingconditions.RMIStoppingCondition
Current fitness function value: class org.evosuite.coverage.line.LineCoverageSuiteFitness ** 0.8256880733944955
Current fitness function value: class org.evosuite.coverage.branch.BranchCoverageSuiteFitness ** 0.7377049180327869
Current fitness function value: class org.evosuite.coverage.exception.ExceptionCoverageSuiteFitness ** 1.0
Current fitness function value: class org.evosuite.coverage.mutation.WeakMutationSuiteFitness ** 0.8091872791519434
Current fitness function value: class org.evosuite.coverage.io.output.OutputCoverageSuiteFitness ** 0.2653061224489796
Current fitness function value: class org.evosuite.coverage.method.MethodCoverageSuiteFitness ** 0.5555555555555556
Current fitness function value: class org.evosuite.coverage.method.MethodNoExceptionCoverageSuiteFitness ** 0.3888888888888889
Current fitness function value: class org.evosuite.coverage.cbranch.CBranchSuiteFitness ** 0.5409836065573771
[MASTER] 12:57:47.926 [logback-1] WARN  TestChromosome - Functional mock problem: org.evosuite.ga.ConstructionFailedException: Found no variables of type class org.sat4j.minisat.constraints.cnf.Lits
* naaame: 
* naaame: org.evosuite.ShutdownTestWriter
* naaame: org.evosuite.ga.stoppingconditions.MaxFitnessEvaluationsStoppingCondition
Current fitness evaluations: 825
* naaame: org.evosuite.ga.stoppingconditions.ZeroFitnessStoppingCondition
* naaame: org.evosuite.ga.stoppingconditions.GlobalTimeStoppingCondition
* naaame: org.evosuite.ga.stoppingconditions.RMIStoppingCondition
Current fitness function value: class org.evosuite.coverage.line.LineCoverageSuiteFitness ** 0.8256880733944955
Current fitness function value: class org.evosuite.coverage.branch.BranchCoverageSuiteFitness ** 0.7377049180327869
Current fitness function value: class org.evosuite.coverage.exception.ExceptionCoverageSuiteFitness ** 1.0
Current fitness function value: class org.evosuite.coverage.mutation.WeakMutationSuiteFitness ** 0.8091872791519434
Current fitness function value: class org.evosuite.coverage.io.output.OutputCoverageSuiteFitness ** 0.2653061224489796
Current fitness function value: class org.evosuite.coverage.method.MethodCoverageSuiteFitness ** 0.5555555555555556
Current fitness function value: class org.evosuite.coverage.method.MethodNoExceptionCoverageSuiteFitness ** 0.3888888888888889
Current fitness function value: class org.evosuite.coverage.cbranch.CBranchSuiteFitness ** 0.5409836065573771
* naaame: 
* naaame: org.evosuite.ShutdownTestWriter
* naaame: org.evosuite.ga.stoppingconditions.MaxFitnessEvaluationsStoppingCondition
Current fitness evaluations: 916
* naaame: org.evosuite.ga.stoppingconditions.ZeroFitnessStoppingCondition
* naaame: org.evosuite.ga.stoppingconditions.GlobalTimeStoppingCondition
* naaame: org.evosuite.ga.stoppingconditions.RMIStoppingCondition
* naaame: 
* naaame: org.evosuite.ShutdownTestWriter
* naaame: org.evosuite.ga.stoppingconditions.MaxFitnessEvaluationsStoppingCondition
Current fitness evaluations: 999
* naaame: org.evosuite.ga.stoppingconditions.ZeroFitnessStoppingCondition
* naaame: org.evosuite.ga.stoppingconditions.GlobalTimeStoppingCondition
* naaame: org.evosuite.ga.stoppingconditions.RMIStoppingCondition
Current fitness function value: class org.evosuite.coverage.line.LineCoverageSuiteFitness ** 0.8256880733944955
Current fitness function value: class org.evosuite.coverage.branch.BranchCoverageSuiteFitness ** 0.7377049180327869
Current fitness function value: class org.evosuite.coverage.exception.ExceptionCoverageSuiteFitness ** 1.0
Current fitness function value: class org.evosuite.coverage.mutation.WeakMutationSuiteFitness ** 0.8091872791519434
Current fitness function value: class org.evosuite.coverage.io.output.OutputCoverageSuiteFitness ** 0.3877551020408163
Current fitness function value: class org.evosuite.coverage.method.MethodCoverageSuiteFitness ** 0.5555555555555556
Current fitness function value: class org.evosuite.coverage.method.MethodNoExceptionCoverageSuiteFitness ** 0.5555555555555556
Current fitness function value: class org.evosuite.coverage.cbranch.CBranchSuiteFitness ** 0.5409836065573771
* naaame: 
* naaame: org.evosuite.ShutdownTestWriter
* naaame: org.evosuite.ga.stoppingconditions.MaxFitnessEvaluationsStoppingCondition
Current fitness evaluations: 1093
* naaame: org.evosuite.ga.stoppingconditions.ZeroFitnessStoppingCondition
* naaame: org.evosuite.ga.stoppingconditions.GlobalTimeStoppingCondition
* naaame: org.evosuite.ga.stoppingconditions.RMIStoppingCondition
Current fitness function value: class org.evosuite.coverage.line.LineCoverageSuiteFitness ** 0.8256880733944955
Current fitness function value: class org.evosuite.coverage.branch.BranchCoverageSuiteFitness ** 0.7377049180327869
Current fitness function value: class org.evosuite.coverage.exception.ExceptionCoverageSuiteFitness ** 1.0
Current fitness function value: class org.evosuite.coverage.mutation.WeakMutationSuiteFitness ** 0.8091872791519434
Current fitness function value: class org.evosuite.coverage.io.output.OutputCoverageSuiteFitness ** 0.3877551020408163
Current fitness function value: class org.evosuite.coverage.method.MethodCoverageSuiteFitness ** 0.5555555555555556
Current fitness function value: class org.evosuite.coverage.method.MethodNoExceptionCoverageSuiteFitness ** 0.5555555555555556
Current fitness function value: class org.evosuite.coverage.cbranch.CBranchSuiteFitness ** 0.5409836065573771
* naaame: 
* naaame: org.evosuite.ShutdownTestWriter
* naaame: org.evosuite.ga.stoppingconditions.MaxFitnessEvaluationsStoppingCondition
Current fitness evaluations: 1188
* naaame: org.evosuite.ga.stoppingconditions.ZeroFitnessStoppingCondition
* naaame: org.evosuite.ga.stoppingconditions.GlobalTimeStoppingCondition
* naaame: org.evosuite.ga.stoppingconditions.RMIStoppingCondition
* naaame: 
* naaame: org.evosuite.ShutdownTestWriter
* naaame: org.evosuite.ga.stoppingconditions.MaxFitnessEvaluationsStoppingCondition
Current fitness evaluations: 1281
* naaame: org.evosuite.ga.stoppingconditions.ZeroFitnessStoppingCondition
* naaame: org.evosuite.ga.stoppingconditions.GlobalTimeStoppingCondition
* naaame: org.evosuite.ga.stoppingconditions.RMIStoppingCondition
Current fitness function value: class org.evosuite.coverage.line.LineCoverageSuiteFitness ** 0.8256880733944955
Current fitness function value: class org.evosuite.coverage.branch.BranchCoverageSuiteFitness ** 0.7377049180327869
Current fitness function value: class org.evosuite.coverage.exception.ExceptionCoverageSuiteFitness ** 1.0
Current fitness function value: class org.evosuite.coverage.mutation.WeakMutationSuiteFitness ** 0.8091872791519434
Current fitness function value: class org.evosuite.coverage.io.output.OutputCoverageSuiteFitness ** 0.3877551020408163
Current fitness function value: class org.evosuite.coverage.method.MethodCoverageSuiteFitness ** 0.5555555555555556
Current fitness function value: class org.evosuite.coverage.method.MethodNoExceptionCoverageSuiteFitness ** 0.5555555555555556
Current fitness function value: class org.evosuite.coverage.cbranch.CBranchSuiteFitness ** 0.5409836065573771
* naaame: 
* naaame: org.evosuite.ShutdownTestWriter
* naaame: org.evosuite.ga.stoppingconditions.MaxFitnessEvaluationsStoppingCondition
Current fitness evaluations: 1343
* naaame: org.evosuite.ga.stoppingconditions.ZeroFitnessStoppingCondition
* naaame: org.evosuite.ga.stoppingconditions.GlobalTimeStoppingCondition
* naaame: org.evosuite.ga.stoppingconditions.RMIStoppingCondition
Current fitness function value: class org.evosuite.coverage.line.LineCoverageSuiteFitness ** 0.8256880733944955
Current fitness function value: class org.evosuite.coverage.branch.BranchCoverageSuiteFitness ** 0.7377049180327869
Current fitness function value: class org.evosuite.coverage.exception.ExceptionCoverageSuiteFitness ** 1.0
Current fitness function value: class org.evosuite.coverage.mutation.WeakMutationSuiteFitness ** 0.8091872791519434
Current fitness function value: class org.evosuite.coverage.io.output.OutputCoverageSuiteFitness ** 0.3877551020408163
Current fitness function value: class org.evosuite.coverage.method.MethodCoverageSuiteFitness ** 0.5555555555555556
Current fitness function value: class org.evosuite.coverage.method.MethodNoExceptionCoverageSuiteFitness ** 0.5555555555555556
Current fitness function value: class org.evosuite.coverage.cbranch.CBranchSuiteFitness ** 0.5409836065573771
Current fitness function value: class org.evosuite.coverage.line.LineCoverageSuiteFitness ** 0.8256880733944955
Current fitness function value: class org.evosuite.coverage.branch.BranchCoverageSuiteFitness ** 0.7377049180327869
Current fitness function value: class org.evosuite.coverage.exception.ExceptionCoverageSuiteFitness ** 1.0
Current fitness function value: class org.evosuite.coverage.mutation.WeakMutationSuiteFitness ** 0.8091872791519434
Current fitness function value: class org.evosuite.coverage.io.output.OutputCoverageSuiteFitness ** 0.3877551020408163
Current fitness function value: class org.evosuite.coverage.method.MethodCoverageSuiteFitness ** 0.5555555555555556
Current fitness function value: class org.evosuite.coverage.method.MethodNoExceptionCoverageSuiteFitness ** 0.5555555555555556
Current fitness function value: class org.evosuite.coverage.cbranch.CBranchSuiteFitness ** 0.5409836065573771
* Search finished after 122s and 13 generations, 18260 statements, best individual has fitness: 163.0
Current fitness function value: class org.evosuite.coverage.line.LineCoverageSuiteFitness ** 0.8256880733944955
Current fitness function value: class org.evosuite.coverage.branch.BranchCoverageSuiteFitness ** 0.7377049180327869
Current fitness function value: class org.evosuite.coverage.exception.ExceptionCoverageSuiteFitness ** 1.0
Current fitness function value: class org.evosuite.coverage.mutation.WeakMutationSuiteFitness ** 0.8091872791519434
Current fitness function value: class org.evosuite.coverage.io.output.OutputCoverageSuiteFitness ** 0.3877551020408163
Current fitness function value: class org.evosuite.coverage.method.MethodCoverageSuiteFitness ** 0.5555555555555556
Current fitness function value: class org.evosuite.coverage.method.MethodNoExceptionCoverageSuiteFitness ** 0.5555555555555556
Current fitness function value: class org.evosuite.coverage.cbranch.CBranchSuiteFitness ** 0.5409836065573771
* Minimizing test suite
* Going to analyze the coverage criteria
* Coverage analysis for criterion LINE
* Coverage of criterion LINE: 73%
* Total number of goals: 109
* Number of covered goals: 80
* Coverage analysis for criterion BRANCH
* Coverage of criterion BRANCH: 70%
* Total number of goals: 61
* Number of covered goals: 43
* Coverage analysis for criterion EXCEPTION
* Coverage of criterion EXCEPTION: 95%
* Total number of goals: 20
* Number of covered goals: 19
* Coverage analysis for criterion WEAKMUTATION
* Coverage of criterion WEAKMUTATION: 70%
* Total number of goals: 283
* Number of covered goals: 198
* Coverage analysis for criterion OUTPUT
* Coverage of criterion OUTPUT: 39%
* Total number of goals: 49
* Number of covered goals: 19
* Coverage analysis for criterion METHOD
* Coverage of criterion METHOD: 61%
* Total number of goals: 18
* Number of covered goals: 11
* Coverage analysis for criterion METHODNOEXCEPTION
* Coverage of criterion METHODNOEXCEPTION: 61%
* Total number of goals: 18
* Number of covered goals: 11
* Coverage analysis for criterion CBRANCH
* Coverage of criterion CBRANCH: 51%
* Total number of goals: 61
* Number of covered goals: 31
Current fitness function value: class org.evosuite.coverage.line.LineCoverageSuiteFitness ** 0.8256880733944955
Current fitness function value: class org.evosuite.coverage.branch.BranchCoverageSuiteFitness ** 0.7377049180327869
Current fitness function value: class org.evosuite.coverage.exception.ExceptionCoverageSuiteFitness ** 1.0
Current fitness function value: class org.evosuite.coverage.mutation.WeakMutationSuiteFitness ** 0.8091872791519434
Current fitness function value: class org.evosuite.coverage.io.output.OutputCoverageSuiteFitness ** 0.3877551020408163
Current fitness function value: class org.evosuite.coverage.method.MethodCoverageSuiteFitness ** 0.5555555555555556
Current fitness function value: class org.evosuite.coverage.method.MethodNoExceptionCoverageSuiteFitness ** 0.5555555555555556
Current fitness function value: class org.evosuite.coverage.cbranch.CBranchSuiteFitness ** 0.5409836065573771
* Generated 26 tests with total length 188
* Resulting test suite's coverage: 68% (average coverage for all fitness functions)
* Generating assertions
* Resulting test suite's mutation score: 55%
Current fitness function value: class org.evosuite.coverage.line.LineCoverageSuiteFitness ** 0.8256880733944955
Current fitness function value: class org.evosuite.coverage.branch.BranchCoverageSuiteFitness ** 0.7377049180327869
Current fitness function value: class org.evosuite.coverage.exception.ExceptionCoverageSuiteFitness ** 1.0
Current fitness function value: class org.evosuite.coverage.mutation.WeakMutationSuiteFitness ** 0.8091872791519434
Current fitness function value: class org.evosuite.coverage.io.output.OutputCoverageSuiteFitness ** 0.3877551020408163
Current fitness function value: class org.evosuite.coverage.method.MethodCoverageSuiteFitness ** 0.5555555555555556
Current fitness function value: class org.evosuite.coverage.method.MethodNoExceptionCoverageSuiteFitness ** 0.5555555555555556
Current fitness function value: class org.evosuite.coverage.cbranch.CBranchSuiteFitness ** 0.5409836065573771
* Compiling and checking tests
[MASTER] 12:59:34.720 [logback-1] WARN  JUnitAnalyzer - Found unstable test named test0 -> class org.sat4j.specs.TimeoutException: There is no real solver behind!
[MASTER] 12:59:34.721 [logback-1] WARN  JUnitAnalyzer - Failing test:
 Backbone backbone0 = Backbone.bb();
int int0 = 426;
DimacsStringSolver dimacsStringSolver0 = new DimacsStringSolver(426);
int[] intArray0 = new int[1];
intArray0[0] = 426;
MaxSatDecorator maxSatDecorator0 = mock(MaxSatDecorator.class, new ViolatedAssumptionAnswer());
doReturn(426, 426, (-2841), 512, 0).when(maxSatDecorator0).nVars();
LexicoDecorator<MaxSatDecorator> lexicoDecorator0 = new LexicoDecorator<MaxSatDecorator>(maxSatDecorator0);
SolutionFoundListener solutionFoundListener0 = SolutionFoundListener.VOID;
Minimal4CardinalityModel minimal4CardinalityModel0 = new Minimal4CardinalityModel(lexicoDecorator0, solutionFoundListener0);
IVecInt iVecInt0 = AbstractMinimalModel.negativeLiterals(minimal4CardinalityModel0);
backbone0.compute((ISolver) dimacsStringSolver0, intArray0, iVecInt0);

[MASTER] 12:59:37.419 [logback-1] WARN  JUnitAnalyzer - Found unstable test named test0 -> class java.lang.AssertionError: Expecting exception: NullPointerException
[MASTER] 12:59:37.419 [logback-1] WARN  JUnitAnalyzer - Failing test:
 Backbone backbone0 = Backbone.instance();
LightFactory lightFactory0 = LightFactory.instance();
ISolver iSolver0 = lightFactory0.lightSolver();
Minimal4CardinalityModel minimal4CardinalityModel0 = new Minimal4CardinalityModel(iSolver0);
int[] intArray0 = new int[5];
backbone0.compute((ISolver) minimal4CardinalityModel0, intArray0);

[MASTER] 12:59:38.791 [logback-1] WARN  JUnitAnalyzer - Found unstable test named test0 -> class java.lang.AssertionError: Expecting exception: NullPointerException
[MASTER] 12:59:38.792 [logback-1] WARN  JUnitAnalyzer - Failing test:
 Backbone backbone0 = Backbone.instance();
FixedLengthLearning<CardinalityDataStructure> fixedLengthLearning0 = new FixedLengthLearning<CardinalityDataStructure>(1634);
CardinalityDataStructure cardinalityDataStructure0 = new CardinalityDataStructure();
VarOrderHeap varOrderHeap0 = new VarOrderHeap();
RandomWalkDecorator randomWalkDecorator0 = new RandomWalkDecorator(varOrderHeap0, 0.0);
NoRestarts noRestarts0 = new NoRestarts();
Solver<CardinalityDataStructure> solver0 = new Solver<CardinalityDataStructure>(fixedLengthLearning0, cardinalityDataStructure0, randomWalkDecorator0, noRestarts0);
backbone0.compute((ISolver) solver0);

[MASTER] 12:59:43.684 [logback-1] WARN  JUnitAnalyzer - Found unstable test named test0 -> class java.lang.AssertionError: Expecting exception: NullPointerException
[MASTER] 12:59:43.685 [logback-1] WARN  JUnitAnalyzer - Failing test:
 Backbone backbone0 = Backbone.instance();
FixedLengthLearning<CardinalityDataStructure> fixedLengthLearning0 = new FixedLengthLearning<CardinalityDataStructure>(1634);
CardinalityDataStructure cardinalityDataStructure0 = new CardinalityDataStructure();
SearchParams searchParams0 = new SearchParams();
VarOrderHeap varOrderHeap0 = new VarOrderHeap();
RandomWalkDecorator randomWalkDecorator0 = new RandomWalkDecorator(varOrderHeap0, 0.0);
NoRestarts noRestarts0 = new NoRestarts();
Solver<CardinalityDataStructure> solver0 = new Solver<CardinalityDataStructure>(fixedLengthLearning0, cardinalityDataStructure0, searchParams0, randomWalkDecorator0, noRestarts0);
VecInt vecInt0 = new VecInt();
backbone0.compute((ISolver) solver0, (IVecInt) vecInt0);

[MASTER] 13:00:03.971 [logback-1] WARN  JUnitAnalyzer - Found unstable test named test0 -> class java.lang.AssertionError: Expecting exception: NullPointerException
[MASTER] 13:00:03.971 [logback-1] WARN  JUnitAnalyzer - Failing test:
 Backbone backbone0 = Backbone.bb();
FixedLengthLearning<CardinalityDataStructure> fixedLengthLearning0 = new FixedLengthLearning<CardinalityDataStructure>(1634);
CardinalityDataStructure cardinalityDataStructure0 = new CardinalityDataStructure();
SearchParams searchParams0 = new SearchParams();
VarOrderHeap varOrderHeap0 = new VarOrderHeap();
RandomWalkDecorator randomWalkDecorator0 = new RandomWalkDecorator(varOrderHeap0, 0.0);
NoRestarts noRestarts0 = new NoRestarts();
Solver<CardinalityDataStructure> solver0 = new Solver<CardinalityDataStructure>(fixedLengthLearning0, cardinalityDataStructure0, searchParams0, randomWalkDecorator0, noRestarts0);
VecInt vecInt0 = new VecInt();
IVecInt iVecInt0 = solver0.getOutLearnt();
backbone0.compute((ISolver) solver0, (IVecInt) vecInt0, iVecInt0);

* Writing tests to file
* Writing JUnit test case 'Backbone_ESTest' to evosuite-tests
* Done!

* Computation finished
