* EvoSuite 1.0.7-SNAPSHOT
* Going to generate test cases for class: org.sat4j.tools.AbstractClauseSelectorSolver
* Starting Client-0
* Connecting to master process on port 18919
* Analyzing classpath: 
  - bins/sat4j/org.ow2.sat4j.core-2.3.6-SNAPSHOT.jar
  - bins/sat4j/org.ow2.sat4j.core-2.3.6-SNAPSHOT-tests.jar
* Finished analyzing classpath
* Generating tests for class org.sat4j.tools.AbstractClauseSelectorSolver
* Test criteria:
  - Line Coverage
  - Branch Coverage
  - Exception
  - Mutation testing (weak)
  - Method-Output Coverage
  - Top-Level Method Coverage
  - No-Exception Top-Level Method Coverage
  - Context Branch Coverage
* Total number of test goals for DYNAMOSA: 169
* Using seed 1550374757934
* Starting evolution
* Initialsss Number of Goals in DynMOSA = 90 / 169
Current fitness function value: class org.evosuite.coverage.line.LineCoverageSuiteFitness ** 0.5121951219512195
Current fitness function value: class org.evosuite.coverage.branch.BranchCoverageSuiteFitness ** 0.46153846153846156
Current fitness function value: class org.evosuite.coverage.exception.ExceptionCoverageSuiteFitness ** 1.0
Current fitness function value: class org.evosuite.coverage.mutation.WeakMutationSuiteFitness ** 0.26666666666666666
Current fitness function value: class org.evosuite.coverage.io.output.OutputCoverageSuiteFitness ** 0.0
Current fitness function value: class org.evosuite.coverage.method.MethodCoverageSuiteFitness ** 0.3333333333333333
Current fitness function value: class org.evosuite.coverage.method.MethodNoExceptionCoverageSuiteFitness ** 0.2222222222222222
Current fitness function value: class org.evosuite.coverage.cbranch.CBranchSuiteFitness ** 0.46153846153846156
* naaame: 
* naaame: org.evosuite.ga.stoppingconditions.ZeroFitnessStoppingCondition
* naaame: org.evosuite.ga.stoppingconditions.GlobalTimeStoppingCondition
* naaame: org.evosuite.ga.stoppingconditions.RMIStoppingCondition
* naaame: org.evosuite.ga.stoppingconditions.MaxFitnessEvaluationsStoppingCondition
Current fitness evaluations: 200
* naaame: org.evosuite.ShutdownTestWriter
[MASTER] 04:40:14.971 [logback-1] WARN  TestChromosome - Functional mock problem: org.evosuite.ga.ConstructionFailedException: Found no variables of type interface org.sat4j.specs.IConstr
[MASTER] 04:40:19.054 [logback-1] WARN  TestChromosome - Functional mock problem: org.evosuite.ga.ConstructionFailedException: Found no variables of type interface org.sat4j.minisat.core.ILits
[MASTER] 04:40:19.124 [logback-1] WARN  TestChromosome - Functional mock problem: org.evosuite.ga.ConstructionFailedException: Failed to add constructor for org.sat4j.minisat.core.Solver due to org.evosuite.ga.ConstructionFailedException: Found no variables of type class org.sat4j.minisat.core.SearchParams
* naaame: 
* naaame: org.evosuite.ga.stoppingconditions.ZeroFitnessStoppingCondition
* naaame: org.evosuite.ga.stoppingconditions.GlobalTimeStoppingCondition
* naaame: org.evosuite.ga.stoppingconditions.RMIStoppingCondition
* naaame: org.evosuite.ga.stoppingconditions.MaxFitnessEvaluationsStoppingCondition
Current fitness evaluations: 247
* naaame: org.evosuite.ShutdownTestWriter
Current fitness function value: class org.evosuite.coverage.line.LineCoverageSuiteFitness ** 0.5121951219512195
Current fitness function value: class org.evosuite.coverage.branch.BranchCoverageSuiteFitness ** 0.46153846153846156
Current fitness function value: class org.evosuite.coverage.exception.ExceptionCoverageSuiteFitness ** 1.0
Current fitness function value: class org.evosuite.coverage.mutation.WeakMutationSuiteFitness ** 0.26666666666666666
Current fitness function value: class org.evosuite.coverage.io.output.OutputCoverageSuiteFitness ** 0.0
Current fitness function value: class org.evosuite.coverage.method.MethodCoverageSuiteFitness ** 0.3333333333333333
Current fitness function value: class org.evosuite.coverage.method.MethodNoExceptionCoverageSuiteFitness ** 0.2222222222222222
Current fitness function value: class org.evosuite.coverage.cbranch.CBranchSuiteFitness ** 0.46153846153846156
[MASTER] 04:40:33.159 [logback-1] WARN  TestChromosome - Functional mock problem: org.evosuite.ga.ConstructionFailedException: Found no variables of type interface org.sat4j.specs.IteratorInt
* naaame: 
* naaame: org.evosuite.ga.stoppingconditions.ZeroFitnessStoppingCondition
* naaame: org.evosuite.ga.stoppingconditions.GlobalTimeStoppingCondition
* naaame: org.evosuite.ga.stoppingconditions.RMIStoppingCondition
* naaame: org.evosuite.ga.stoppingconditions.MaxFitnessEvaluationsStoppingCondition
Current fitness evaluations: 304
* naaame: org.evosuite.ShutdownTestWriter
Current fitness function value: class org.evosuite.coverage.line.LineCoverageSuiteFitness ** 0.5609756097560976
Current fitness function value: class org.evosuite.coverage.branch.BranchCoverageSuiteFitness ** 0.5
Current fitness function value: class org.evosuite.coverage.exception.ExceptionCoverageSuiteFitness ** 1.0
Current fitness function value: class org.evosuite.coverage.mutation.WeakMutationSuiteFitness ** 0.28888888888888886
Current fitness function value: class org.evosuite.coverage.io.output.OutputCoverageSuiteFitness ** 0.0
Current fitness function value: class org.evosuite.coverage.method.MethodCoverageSuiteFitness ** 0.4444444444444444
Current fitness function value: class org.evosuite.coverage.method.MethodNoExceptionCoverageSuiteFitness ** 0.3333333333333333
Current fitness function value: class org.evosuite.coverage.cbranch.CBranchSuiteFitness ** 0.5
* naaame: 
* naaame: org.evosuite.ga.stoppingconditions.ZeroFitnessStoppingCondition
* naaame: org.evosuite.ga.stoppingconditions.GlobalTimeStoppingCondition
* naaame: org.evosuite.ga.stoppingconditions.RMIStoppingCondition
* naaame: org.evosuite.ga.stoppingconditions.MaxFitnessEvaluationsStoppingCondition
Current fitness evaluations: 363
* naaame: org.evosuite.ShutdownTestWriter
* naaame: 
* naaame: org.evosuite.ga.stoppingconditions.ZeroFitnessStoppingCondition
* naaame: org.evosuite.ga.stoppingconditions.GlobalTimeStoppingCondition
* naaame: org.evosuite.ga.stoppingconditions.RMIStoppingCondition
* naaame: org.evosuite.ga.stoppingconditions.MaxFitnessEvaluationsStoppingCondition
Current fitness evaluations: 419
* naaame: org.evosuite.ShutdownTestWriter
Current fitness function value: class org.evosuite.coverage.line.LineCoverageSuiteFitness ** 0.5853658536585366
Current fitness function value: class org.evosuite.coverage.branch.BranchCoverageSuiteFitness ** 0.5384615384615384
Current fitness function value: class org.evosuite.coverage.exception.ExceptionCoverageSuiteFitness ** 1.0
Current fitness function value: class org.evosuite.coverage.mutation.WeakMutationSuiteFitness ** 0.35555555555555557
Current fitness function value: class org.evosuite.coverage.io.output.OutputCoverageSuiteFitness ** 0.0
Current fitness function value: class org.evosuite.coverage.method.MethodCoverageSuiteFitness ** 0.5555555555555556
Current fitness function value: class org.evosuite.coverage.method.MethodNoExceptionCoverageSuiteFitness ** 0.3333333333333333
Current fitness function value: class org.evosuite.coverage.cbranch.CBranchSuiteFitness ** 0.5384615384615384
* naaame: 
* naaame: org.evosuite.ga.stoppingconditions.ZeroFitnessStoppingCondition
* naaame: org.evosuite.ga.stoppingconditions.GlobalTimeStoppingCondition
* naaame: org.evosuite.ga.stoppingconditions.RMIStoppingCondition
* naaame: org.evosuite.ga.stoppingconditions.MaxFitnessEvaluationsStoppingCondition
Current fitness evaluations: 468
* naaame: org.evosuite.ShutdownTestWriter
[MASTER] 04:40:47.585 [logback-1] WARN  TestChromosome - Functional mock problem: org.evosuite.ga.ConstructionFailedException: Have no generator for org.sat4j.tools.ManyCore<org.sat4j.tools.OptToSatAdapter> canUseFunctionalMocks=false, canBeMocked: true
* naaame: 
* naaame: org.evosuite.ga.stoppingconditions.ZeroFitnessStoppingCondition
* naaame: org.evosuite.ga.stoppingconditions.GlobalTimeStoppingCondition
* naaame: org.evosuite.ga.stoppingconditions.RMIStoppingCondition
* naaame: org.evosuite.ga.stoppingconditions.MaxFitnessEvaluationsStoppingCondition
Current fitness evaluations: 526
* naaame: org.evosuite.ShutdownTestWriter
Current fitness function value: class org.evosuite.coverage.line.LineCoverageSuiteFitness ** 0.6341463414634146
Current fitness function value: class org.evosuite.coverage.branch.BranchCoverageSuiteFitness ** 0.6153846153846154
Current fitness function value: class org.evosuite.coverage.exception.ExceptionCoverageSuiteFitness ** 1.0
Current fitness function value: class org.evosuite.coverage.mutation.WeakMutationSuiteFitness ** 0.35555555555555557
Current fitness function value: class org.evosuite.coverage.io.output.OutputCoverageSuiteFitness ** 0.0
Current fitness function value: class org.evosuite.coverage.method.MethodCoverageSuiteFitness ** 0.7777777777777778
Current fitness function value: class org.evosuite.coverage.method.MethodNoExceptionCoverageSuiteFitness ** 0.3333333333333333
Current fitness function value: class org.evosuite.coverage.cbranch.CBranchSuiteFitness ** 0.6153846153846154
[MASTER] 04:40:49.125 [logback-1] WARN  TestChromosome - Functional mock problem: org.evosuite.ga.ConstructionFailedException: Found no variables of type class org.sat4j.tools.SingleSolutionDetector
* naaame: 
* naaame: org.evosuite.ga.stoppingconditions.ZeroFitnessStoppingCondition
* naaame: org.evosuite.ga.stoppingconditions.GlobalTimeStoppingCondition
* naaame: org.evosuite.ga.stoppingconditions.RMIStoppingCondition
* naaame: org.evosuite.ga.stoppingconditions.MaxFitnessEvaluationsStoppingCondition
Current fitness evaluations: 582
* naaame: org.evosuite.ShutdownTestWriter
* naaame: 
* naaame: org.evosuite.ga.stoppingconditions.ZeroFitnessStoppingCondition
* naaame: org.evosuite.ga.stoppingconditions.GlobalTimeStoppingCondition
* naaame: org.evosuite.ga.stoppingconditions.RMIStoppingCondition
* naaame: org.evosuite.ga.stoppingconditions.MaxFitnessEvaluationsStoppingCondition
Current fitness evaluations: 658
* naaame: org.evosuite.ShutdownTestWriter
* naaame: 
* naaame: org.evosuite.ga.stoppingconditions.ZeroFitnessStoppingCondition
* naaame: org.evosuite.ga.stoppingconditions.GlobalTimeStoppingCondition
* naaame: org.evosuite.ga.stoppingconditions.RMIStoppingCondition
* naaame: org.evosuite.ga.stoppingconditions.MaxFitnessEvaluationsStoppingCondition
Current fitness evaluations: 730
* naaame: org.evosuite.ShutdownTestWriter
Current fitness function value: class org.evosuite.coverage.line.LineCoverageSuiteFitness ** 0.7804878048780488
Current fitness function value: class org.evosuite.coverage.branch.BranchCoverageSuiteFitness ** 0.7307692307692307
Current fitness function value: class org.evosuite.coverage.exception.ExceptionCoverageSuiteFitness ** 1.0
Current fitness function value: class org.evosuite.coverage.mutation.WeakMutationSuiteFitness ** 0.6444444444444445
Current fitness function value: class org.evosuite.coverage.io.output.OutputCoverageSuiteFitness ** 0.23076923076923078
Current fitness function value: class org.evosuite.coverage.method.MethodCoverageSuiteFitness ** 0.8888888888888888
Current fitness function value: class org.evosuite.coverage.method.MethodNoExceptionCoverageSuiteFitness ** 0.5555555555555556
Current fitness function value: class org.evosuite.coverage.cbranch.CBranchSuiteFitness ** 0.6923076923076923
* naaame: 
* naaame: org.evosuite.ga.stoppingconditions.ZeroFitnessStoppingCondition
* naaame: org.evosuite.ga.stoppingconditions.GlobalTimeStoppingCondition
* naaame: org.evosuite.ga.stoppingconditions.RMIStoppingCondition
* naaame: org.evosuite.ga.stoppingconditions.MaxFitnessEvaluationsStoppingCondition
Current fitness evaluations: 808
* naaame: org.evosuite.ShutdownTestWriter
[MASTER] 04:40:58.099 [logback-1] WARN  TestChromosome - Functional mock problem: org.evosuite.ga.ConstructionFailedException: Have no generator for class org.sat4j.tools.StatisticsSolver canUseFunctionalMocks=false, canBeMocked: true
* naaame: 
* naaame: org.evosuite.ga.stoppingconditions.ZeroFitnessStoppingCondition
* naaame: org.evosuite.ga.stoppingconditions.GlobalTimeStoppingCondition
* naaame: org.evosuite.ga.stoppingconditions.RMIStoppingCondition
* naaame: org.evosuite.ga.stoppingconditions.MaxFitnessEvaluationsStoppingCondition
Current fitness evaluations: 888
* naaame: org.evosuite.ShutdownTestWriter
Current fitness function value: class org.evosuite.coverage.line.LineCoverageSuiteFitness ** 0.8536585365853658
Current fitness function value: class org.evosuite.coverage.branch.BranchCoverageSuiteFitness ** 0.7692307692307693
Current fitness function value: class org.evosuite.coverage.exception.ExceptionCoverageSuiteFitness ** 1.0
Current fitness function value: class org.evosuite.coverage.mutation.WeakMutationSuiteFitness ** 0.7111111111111111
Current fitness function value: class org.evosuite.coverage.io.output.OutputCoverageSuiteFitness ** 0.23076923076923078
Current fitness function value: class org.evosuite.coverage.method.MethodCoverageSuiteFitness ** 0.8888888888888888
Current fitness function value: class org.evosuite.coverage.method.MethodNoExceptionCoverageSuiteFitness ** 0.5555555555555556
Current fitness function value: class org.evosuite.coverage.cbranch.CBranchSuiteFitness ** 0.7692307692307693
* naaame: 
* naaame: org.evosuite.ga.stoppingconditions.ZeroFitnessStoppingCondition
* naaame: org.evosuite.ga.stoppingconditions.GlobalTimeStoppingCondition
* naaame: org.evosuite.ga.stoppingconditions.RMIStoppingCondition
* naaame: org.evosuite.ga.stoppingconditions.MaxFitnessEvaluationsStoppingCondition
Current fitness evaluations: 969
* naaame: org.evosuite.ShutdownTestWriter
* naaame: 
* naaame: org.evosuite.ga.stoppingconditions.ZeroFitnessStoppingCondition
* naaame: org.evosuite.ga.stoppingconditions.GlobalTimeStoppingCondition
* naaame: org.evosuite.ga.stoppingconditions.RMIStoppingCondition
* naaame: org.evosuite.ga.stoppingconditions.MaxFitnessEvaluationsStoppingCondition
Current fitness evaluations: 1041
* naaame: org.evosuite.ShutdownTestWriter
[MASTER] 04:41:02.095 [logback-1] WARN  TestChromosome - Functional mock problem: org.evosuite.ga.ConstructionFailedException: Failed to add constructor for org.sat4j.tools.GroupClauseSelectorSolver due to org.evosuite.ga.ConstructionFailedException: Found no variables of type class org.sat4j.tools.SolutionCounter
* naaame: 
* naaame: org.evosuite.ga.stoppingconditions.ZeroFitnessStoppingCondition
* naaame: org.evosuite.ga.stoppingconditions.GlobalTimeStoppingCondition
* naaame: org.evosuite.ga.stoppingconditions.RMIStoppingCondition
* naaame: org.evosuite.ga.stoppingconditions.MaxFitnessEvaluationsStoppingCondition
Current fitness evaluations: 1127
* naaame: org.evosuite.ShutdownTestWriter
[MASTER] 04:41:04.548 [logback-1] WARN  TestChromosome - Functional mock problem: org.evosuite.ga.ConstructionFailedException: Found no variables of type class org.sat4j.minisat.core.SolverStats
* naaame: 
* naaame: org.evosuite.ga.stoppingconditions.ZeroFitnessStoppingCondition
* naaame: org.evosuite.ga.stoppingconditions.GlobalTimeStoppingCondition
* naaame: org.evosuite.ga.stoppingconditions.RMIStoppingCondition
* naaame: org.evosuite.ga.stoppingconditions.MaxFitnessEvaluationsStoppingCondition
Current fitness evaluations: 1209
* naaame: org.evosuite.ShutdownTestWriter
Current fitness function value: class org.evosuite.coverage.line.LineCoverageSuiteFitness ** 0.9024390243902439
Current fitness function value: class org.evosuite.coverage.branch.BranchCoverageSuiteFitness ** 0.8846153846153846
Current fitness function value: class org.evosuite.coverage.exception.ExceptionCoverageSuiteFitness ** 1.0
Current fitness function value: class org.evosuite.coverage.mutation.WeakMutationSuiteFitness ** 0.8444444444444444
Current fitness function value: class org.evosuite.coverage.io.output.OutputCoverageSuiteFitness ** 0.46153846153846156
Current fitness function value: class org.evosuite.coverage.method.MethodCoverageSuiteFitness ** 0.8888888888888888
Current fitness function value: class org.evosuite.coverage.method.MethodNoExceptionCoverageSuiteFitness ** 0.7777777777777778
Current fitness function value: class org.evosuite.coverage.cbranch.CBranchSuiteFitness ** 0.8846153846153846
* naaame: 
* naaame: org.evosuite.ga.stoppingconditions.ZeroFitnessStoppingCondition
* naaame: org.evosuite.ga.stoppingconditions.GlobalTimeStoppingCondition
* naaame: org.evosuite.ga.stoppingconditions.RMIStoppingCondition
* naaame: org.evosuite.ga.stoppingconditions.MaxFitnessEvaluationsStoppingCondition
Current fitness evaluations: 1287
* naaame: org.evosuite.ShutdownTestWriter
* naaame: 
* naaame: org.evosuite.ga.stoppingconditions.ZeroFitnessStoppingCondition
* naaame: org.evosuite.ga.stoppingconditions.GlobalTimeStoppingCondition
* naaame: org.evosuite.ga.stoppingconditions.RMIStoppingCondition
* naaame: org.evosuite.ga.stoppingconditions.MaxFitnessEvaluationsStoppingCondition
Current fitness evaluations: 1364
* naaame: org.evosuite.ShutdownTestWriter
* naaame: 
* naaame: org.evosuite.ga.stoppingconditions.ZeroFitnessStoppingCondition
* naaame: org.evosuite.ga.stoppingconditions.GlobalTimeStoppingCondition
* naaame: org.evosuite.ga.stoppingconditions.RMIStoppingCondition
* naaame: org.evosuite.ga.stoppingconditions.MaxFitnessEvaluationsStoppingCondition
Current fitness evaluations: 1451
* naaame: org.evosuite.ShutdownTestWriter
[MASTER] 04:41:08.847 [logback-1] WARN  TestChromosome - Functional mock problem: org.evosuite.ga.ConstructionFailedException: Failed to add constructor for org.sat4j.tools.ClausalCardinalitiesDecorator due to org.evosuite.ga.ConstructionFailedException: Failed to add constructor for org.sat4j.tools.ModelIteratorToSATAdapter due to org.evosuite.ga.ConstructionFailedException: Found no variables of type interface org.sat4j.tools.SolutionFoundListener
* naaame: 
* naaame: org.evosuite.ga.stoppingconditions.ZeroFitnessStoppingCondition
* naaame: org.evosuite.ga.stoppingconditions.GlobalTimeStoppingCondition
* naaame: org.evosuite.ga.stoppingconditions.RMIStoppingCondition
* naaame: org.evosuite.ga.stoppingconditions.MaxFitnessEvaluationsStoppingCondition
Current fitness evaluations: 1536
* naaame: org.evosuite.ShutdownTestWriter
[MASTER] 04:41:10.020 [logback-1] WARN  TestChromosome - Functional mock problem: org.evosuite.ga.ConstructionFailedException: Failed to add constructor for org.sat4j.tools.ManyCore due to org.evosuite.ga.ConstructionFailedException: Found no variables of type class org.sat4j.tools.OptToSatAdapter
* naaame: 
* naaame: org.evosuite.ga.stoppingconditions.ZeroFitnessStoppingCondition
* naaame: org.evosuite.ga.stoppingconditions.GlobalTimeStoppingCondition
* naaame: org.evosuite.ga.stoppingconditions.RMIStoppingCondition
* naaame: org.evosuite.ga.stoppingconditions.MaxFitnessEvaluationsStoppingCondition
Current fitness evaluations: 1607
* naaame: org.evosuite.ShutdownTestWriter
[MASTER] 04:41:10.630 [logback-1] WARN  TestChromosome - Functional mock problem: org.evosuite.ga.ConstructionFailedException: Failed to add constructor for org.sat4j.core.ReadOnlyVecInt due to org.evosuite.ga.ConstructionFailedException: Failed to add constructor for org.sat4j.minisat.core.Solver due to org.evosuite.ga.ConstructionFailedException: Found no variables of type interface org.sat4j.minisat.core.IOrder
* naaame: 
* naaame: org.evosuite.ga.stoppingconditions.ZeroFitnessStoppingCondition
* naaame: org.evosuite.ga.stoppingconditions.GlobalTimeStoppingCondition
* naaame: org.evosuite.ga.stoppingconditions.RMIStoppingCondition
* naaame: org.evosuite.ga.stoppingconditions.MaxFitnessEvaluationsStoppingCondition
Current fitness evaluations: 1681
* naaame: org.evosuite.ShutdownTestWriter
* naaame: 
* naaame: org.evosuite.ga.stoppingconditions.ZeroFitnessStoppingCondition
* naaame: org.evosuite.ga.stoppingconditions.GlobalTimeStoppingCondition
* naaame: org.evosuite.ga.stoppingconditions.RMIStoppingCondition
* naaame: org.evosuite.ga.stoppingconditions.MaxFitnessEvaluationsStoppingCondition
Current fitness evaluations: 1764
* naaame: org.evosuite.ShutdownTestWriter
Current fitness function value: class org.evosuite.coverage.line.LineCoverageSuiteFitness ** 0.9024390243902439
Current fitness function value: class org.evosuite.coverage.branch.BranchCoverageSuiteFitness ** 0.8846153846153846
Current fitness function value: class org.evosuite.coverage.exception.ExceptionCoverageSuiteFitness ** 1.0
Current fitness function value: class org.evosuite.coverage.mutation.WeakMutationSuiteFitness ** 0.8444444444444444
Current fitness function value: class org.evosuite.coverage.io.output.OutputCoverageSuiteFitness ** 0.5384615384615384
Current fitness function value: class org.evosuite.coverage.method.MethodCoverageSuiteFitness ** 0.8888888888888888
Current fitness function value: class org.evosuite.coverage.method.MethodNoExceptionCoverageSuiteFitness ** 0.8888888888888888
Current fitness function value: class org.evosuite.coverage.cbranch.CBranchSuiteFitness ** 0.8846153846153846
* naaame: 
* naaame: org.evosuite.ga.stoppingconditions.ZeroFitnessStoppingCondition
* naaame: org.evosuite.ga.stoppingconditions.GlobalTimeStoppingCondition
* naaame: org.evosuite.ga.stoppingconditions.RMIStoppingCondition
* naaame: org.evosuite.ga.stoppingconditions.MaxFitnessEvaluationsStoppingCondition
Current fitness evaluations: 1840
* naaame: org.evosuite.ShutdownTestWriter
* naaame: 
* naaame: org.evosuite.ga.stoppingconditions.ZeroFitnessStoppingCondition
* naaame: org.evosuite.ga.stoppingconditions.GlobalTimeStoppingCondition
* naaame: org.evosuite.ga.stoppingconditions.RMIStoppingCondition
* naaame: org.evosuite.ga.stoppingconditions.MaxFitnessEvaluationsStoppingCondition
Current fitness evaluations: 1910
* naaame: org.evosuite.ShutdownTestWriter
* naaame: 
* naaame: org.evosuite.ga.stoppingconditions.ZeroFitnessStoppingCondition
* naaame: org.evosuite.ga.stoppingconditions.GlobalTimeStoppingCondition
* naaame: org.evosuite.ga.stoppingconditions.RMIStoppingCondition
* naaame: org.evosuite.ga.stoppingconditions.MaxFitnessEvaluationsStoppingCondition
Current fitness evaluations: 1992
* naaame: org.evosuite.ShutdownTestWriter
[MASTER] 04:41:14.892 [logback-1] WARN  TestChromosome - Functional mock problem: org.evosuite.ga.ConstructionFailedException: Failed to add constructor for org.sat4j.minisat.constraints.cnf.LearntHTClause due to org.evosuite.ga.ConstructionFailedException: Found no variables of type interface org.sat4j.specs.IVecInt
* naaame: 
* naaame: org.evosuite.ga.stoppingconditions.ZeroFitnessStoppingCondition
* naaame: org.evosuite.ga.stoppingconditions.GlobalTimeStoppingCondition
* naaame: org.evosuite.ga.stoppingconditions.RMIStoppingCondition
* naaame: org.evosuite.ga.stoppingconditions.MaxFitnessEvaluationsStoppingCondition
Current fitness evaluations: 2082
* naaame: org.evosuite.ShutdownTestWriter
* naaame: 
* naaame: org.evosuite.ga.stoppingconditions.ZeroFitnessStoppingCondition
* naaame: org.evosuite.ga.stoppingconditions.GlobalTimeStoppingCondition
* naaame: org.evosuite.ga.stoppingconditions.RMIStoppingCondition
* naaame: org.evosuite.ga.stoppingconditions.MaxFitnessEvaluationsStoppingCondition
Current fitness evaluations: 2171
* naaame: org.evosuite.ShutdownTestWriter
* naaame: 
* naaame: org.evosuite.ga.stoppingconditions.ZeroFitnessStoppingCondition
* naaame: org.evosuite.ga.stoppingconditions.GlobalTimeStoppingCondition
* naaame: org.evosuite.ga.stoppingconditions.RMIStoppingCondition
* naaame: org.evosuite.ga.stoppingconditions.MaxFitnessEvaluationsStoppingCondition
Current fitness evaluations: 2247
* naaame: org.evosuite.ShutdownTestWriter
* naaame: 
* naaame: org.evosuite.ga.stoppingconditions.ZeroFitnessStoppingCondition
* naaame: org.evosuite.ga.stoppingconditions.GlobalTimeStoppingCondition
* naaame: org.evosuite.ga.stoppingconditions.RMIStoppingCondition
* naaame: org.evosuite.ga.stoppingconditions.MaxFitnessEvaluationsStoppingCondition
Current fitness evaluations: 2329
* naaame: org.evosuite.ShutdownTestWriter
Current fitness function value: class org.evosuite.coverage.line.LineCoverageSuiteFitness ** 0.926829268292683
Current fitness function value: class org.evosuite.coverage.branch.BranchCoverageSuiteFitness ** 0.9230769230769231
Current fitness function value: class org.evosuite.coverage.exception.ExceptionCoverageSuiteFitness ** 1.0
Current fitness function value: class org.evosuite.coverage.mutation.WeakMutationSuiteFitness ** 0.9111111111111111
Current fitness function value: class org.evosuite.coverage.io.output.OutputCoverageSuiteFitness ** 0.5384615384615384
Current fitness function value: class org.evosuite.coverage.method.MethodCoverageSuiteFitness ** 0.8888888888888888
Current fitness function value: class org.evosuite.coverage.method.MethodNoExceptionCoverageSuiteFitness ** 0.8888888888888888
Current fitness function value: class org.evosuite.coverage.cbranch.CBranchSuiteFitness ** 0.9230769230769231
* naaame: 
* naaame: org.evosuite.ga.stoppingconditions.ZeroFitnessStoppingCondition
* naaame: org.evosuite.ga.stoppingconditions.GlobalTimeStoppingCondition
* naaame: org.evosuite.ga.stoppingconditions.RMIStoppingCondition
* naaame: org.evosuite.ga.stoppingconditions.MaxFitnessEvaluationsStoppingCondition
Current fitness evaluations: 2415
* naaame: org.evosuite.ShutdownTestWriter
* naaame: 
* naaame: org.evosuite.ga.stoppingconditions.ZeroFitnessStoppingCondition
* naaame: org.evosuite.ga.stoppingconditions.GlobalTimeStoppingCondition
* naaame: org.evosuite.ga.stoppingconditions.RMIStoppingCondition
* naaame: org.evosuite.ga.stoppingconditions.MaxFitnessEvaluationsStoppingCondition
Current fitness evaluations: 2492
* naaame: org.evosuite.ShutdownTestWriter
* naaame: 
* naaame: org.evosuite.ga.stoppingconditions.ZeroFitnessStoppingCondition
* naaame: org.evosuite.ga.stoppingconditions.GlobalTimeStoppingCondition
* naaame: org.evosuite.ga.stoppingconditions.RMIStoppingCondition
* naaame: org.evosuite.ga.stoppingconditions.MaxFitnessEvaluationsStoppingCondition
Current fitness evaluations: 2571
* naaame: org.evosuite.ShutdownTestWriter
* naaame: 
* naaame: org.evosuite.ga.stoppingconditions.ZeroFitnessStoppingCondition
* naaame: org.evosuite.ga.stoppingconditions.GlobalTimeStoppingCondition
* naaame: org.evosuite.ga.stoppingconditions.RMIStoppingCondition
* naaame: org.evosuite.ga.stoppingconditions.MaxFitnessEvaluationsStoppingCondition
Current fitness evaluations: 2655
* naaame: org.evosuite.ShutdownTestWriter
* naaame: 
* naaame: org.evosuite.ga.stoppingconditions.ZeroFitnessStoppingCondition
* naaame: org.evosuite.ga.stoppingconditions.GlobalTimeStoppingCondition
* naaame: org.evosuite.ga.stoppingconditions.RMIStoppingCondition
* naaame: org.evosuite.ga.stoppingconditions.MaxFitnessEvaluationsStoppingCondition
Current fitness evaluations: 2736
* naaame: org.evosuite.ShutdownTestWriter
Current fitness function value: class org.evosuite.coverage.line.LineCoverageSuiteFitness ** 0.926829268292683
Current fitness function value: class org.evosuite.coverage.branch.BranchCoverageSuiteFitness ** 0.9230769230769231
Current fitness function value: class org.evosuite.coverage.exception.ExceptionCoverageSuiteFitness ** 1.0
Current fitness function value: class org.evosuite.coverage.mutation.WeakMutationSuiteFitness ** 0.9111111111111111
Current fitness function value: class org.evosuite.coverage.io.output.OutputCoverageSuiteFitness ** 0.5384615384615384
Current fitness function value: class org.evosuite.coverage.method.MethodCoverageSuiteFitness ** 0.8888888888888888
Current fitness function value: class org.evosuite.coverage.method.MethodNoExceptionCoverageSuiteFitness ** 0.8888888888888888
Current fitness function value: class org.evosuite.coverage.cbranch.CBranchSuiteFitness ** 0.9230769230769231
* naaame: 
* naaame: org.evosuite.ga.stoppingconditions.ZeroFitnessStoppingCondition
* naaame: org.evosuite.ga.stoppingconditions.GlobalTimeStoppingCondition
* naaame: org.evosuite.ga.stoppingconditions.RMIStoppingCondition
* naaame: org.evosuite.ga.stoppingconditions.MaxFitnessEvaluationsStoppingCondition
Current fitness evaluations: 2810
* naaame: org.evosuite.ShutdownTestWriter
* naaame: 
* naaame: org.evosuite.ga.stoppingconditions.ZeroFitnessStoppingCondition
* naaame: org.evosuite.ga.stoppingconditions.GlobalTimeStoppingCondition
* naaame: org.evosuite.ga.stoppingconditions.RMIStoppingCondition
* naaame: org.evosuite.ga.stoppingconditions.MaxFitnessEvaluationsStoppingCondition
Current fitness evaluations: 2822
* naaame: org.evosuite.ShutdownTestWriter
Current fitness function value: class org.evosuite.coverage.line.LineCoverageSuiteFitness ** 0.926829268292683
Current fitness function value: class org.evosuite.coverage.branch.BranchCoverageSuiteFitness ** 0.9230769230769231
Current fitness function value: class org.evosuite.coverage.exception.ExceptionCoverageSuiteFitness ** 1.0
Current fitness function value: class org.evosuite.coverage.mutation.WeakMutationSuiteFitness ** 0.9111111111111111
Current fitness function value: class org.evosuite.coverage.io.output.OutputCoverageSuiteFitness ** 0.5384615384615384
Current fitness function value: class org.evosuite.coverage.method.MethodCoverageSuiteFitness ** 0.8888888888888888
Current fitness function value: class org.evosuite.coverage.method.MethodNoExceptionCoverageSuiteFitness ** 0.8888888888888888
Current fitness function value: class org.evosuite.coverage.cbranch.CBranchSuiteFitness ** 0.9230769230769231
* Search finished after 121s and 36 generations, 62755 statements, best individual has fitness: 19.0
Current fitness function value: class org.evosuite.coverage.line.LineCoverageSuiteFitness ** 0.926829268292683
Current fitness function value: class org.evosuite.coverage.branch.BranchCoverageSuiteFitness ** 0.9230769230769231
Current fitness function value: class org.evosuite.coverage.exception.ExceptionCoverageSuiteFitness ** 1.0
Current fitness function value: class org.evosuite.coverage.mutation.WeakMutationSuiteFitness ** 0.9111111111111111
Current fitness function value: class org.evosuite.coverage.io.output.OutputCoverageSuiteFitness ** 0.5384615384615384
Current fitness function value: class org.evosuite.coverage.method.MethodCoverageSuiteFitness ** 0.8888888888888888
Current fitness function value: class org.evosuite.coverage.method.MethodNoExceptionCoverageSuiteFitness ** 0.8888888888888888
Current fitness function value: class org.evosuite.coverage.cbranch.CBranchSuiteFitness ** 0.9230769230769231
* Minimizing test suite
* Going to analyze the coverage criteria
* Coverage analysis for criterion LINE
* Coverage of criterion LINE: 93%
* Total number of goals: 41
* Number of covered goals: 38
* Coverage analysis for criterion BRANCH
* Coverage of criterion BRANCH: 92%
* Total number of goals: 26
* Number of covered goals: 24
* Coverage analysis for criterion EXCEPTION
* Coverage of criterion EXCEPTION: 100%
* Total number of goals: 11
* Number of covered goals: 11
* Coverage analysis for criterion WEAKMUTATION
* Coverage of criterion WEAKMUTATION: 91%
* Total number of goals: 45
* Number of covered goals: 41
* Coverage analysis for criterion OUTPUT
* Coverage of criterion OUTPUT: 62%
* Total number of goals: 13
* Number of covered goals: 8
* Coverage analysis for criterion METHOD
* Coverage of criterion METHOD: 100%
* Total number of goals: 9
* Number of covered goals: 9
* Coverage analysis for criterion METHODNOEXCEPTION
* Coverage of criterion METHODNOEXCEPTION: 100%
* Total number of goals: 9
* Number of covered goals: 9
* Coverage analysis for criterion CBRANCH
* Coverage of criterion CBRANCH: 92%
* Total number of goals: 26
* Number of covered goals: 24
Current fitness function value: class org.evosuite.coverage.line.LineCoverageSuiteFitness ** 0.926829268292683
Current fitness function value: class org.evosuite.coverage.branch.BranchCoverageSuiteFitness ** 0.9230769230769231
Current fitness function value: class org.evosuite.coverage.exception.ExceptionCoverageSuiteFitness ** 1.0
Current fitness function value: class org.evosuite.coverage.mutation.WeakMutationSuiteFitness ** 0.9111111111111111
Current fitness function value: class org.evosuite.coverage.io.output.OutputCoverageSuiteFitness ** 0.5384615384615384
Current fitness function value: class org.evosuite.coverage.method.MethodCoverageSuiteFitness ** 0.8888888888888888
Current fitness function value: class org.evosuite.coverage.method.MethodNoExceptionCoverageSuiteFitness ** 0.8888888888888888
Current fitness function value: class org.evosuite.coverage.cbranch.CBranchSuiteFitness ** 0.9230769230769231
* Generated 24 tests with total length 154
* Resulting test suite's coverage: 88% (average coverage for all fitness functions)
* Generating assertions
* Resulting test suite's mutation score: 15%
Current fitness function value: class org.evosuite.coverage.line.LineCoverageSuiteFitness ** 0.926829268292683
Current fitness function value: class org.evosuite.coverage.branch.BranchCoverageSuiteFitness ** 0.9230769230769231
Current fitness function value: class org.evosuite.coverage.exception.ExceptionCoverageSuiteFitness ** 1.0
Current fitness function value: class org.evosuite.coverage.mutation.WeakMutationSuiteFitness ** 0.9111111111111111
Current fitness function value: class org.evosuite.coverage.io.output.OutputCoverageSuiteFitness ** 0.5384615384615384
Current fitness function value: class org.evosuite.coverage.method.MethodCoverageSuiteFitness ** 0.8888888888888888
Current fitness function value: class org.evosuite.coverage.method.MethodNoExceptionCoverageSuiteFitness ** 0.8888888888888888
Current fitness function value: class org.evosuite.coverage.cbranch.CBranchSuiteFitness ** 0.9230769230769231
* Compiling and checking tests
* Writing tests to file
* Writing JUnit test case 'AbstractClauseSelectorSolver_ESTest' to evosuite-tests
* Done!

* Computation finished
