* EvoSuite 1.0.7-SNAPSHOT
* Going to generate test cases for class: org.sat4j.tools.AbstractClauseSelectorSolver
* Starting Client-0
* Connecting to master process on port 17434
* Analyzing classpath: 
  - bins/sat4j/org.ow2.sat4j.core-2.3.6-SNAPSHOT.jar
  - bins/sat4j/org.ow2.sat4j.core-2.3.6-SNAPSHOT-tests.jar
* Finished analyzing classpath
* Generating tests for class org.sat4j.tools.AbstractClauseSelectorSolver
* Test criteria:
  - Line Coverage
  - Branch Coverage
  - Exception
  - Mutation testing (weak)
  - Method-Output Coverage
  - Top-Level Method Coverage
  - No-Exception Top-Level Method Coverage
  - Context Branch Coverage
* Total number of test goals for DYNAMOSA: 169
* Using seed 1550582108206
* Starting evolution
* Initialsss Number of Goals in DynMOSA = 90 / 169
Current fitness function value: class org.evosuite.coverage.line.LineCoverageSuiteFitness ** 0.7804878048780488
Current fitness function value: class org.evosuite.coverage.branch.BranchCoverageSuiteFitness ** 0.7692307692307693
Current fitness function value: class org.evosuite.coverage.exception.ExceptionCoverageSuiteFitness ** 1.0
Current fitness function value: class org.evosuite.coverage.mutation.WeakMutationSuiteFitness ** 0.6
Current fitness function value: class org.evosuite.coverage.io.output.OutputCoverageSuiteFitness ** 0.15384615384615385
Current fitness function value: class org.evosuite.coverage.method.MethodCoverageSuiteFitness ** 0.7777777777777778
Current fitness function value: class org.evosuite.coverage.method.MethodNoExceptionCoverageSuiteFitness ** 0.4444444444444444
Current fitness function value: class org.evosuite.coverage.cbranch.CBranchSuiteFitness ** 0.7692307692307693
* naaame: 
* naaame: org.evosuite.ShutdownTestWriter
* naaame: org.evosuite.ga.stoppingconditions.ZeroFitnessStoppingCondition
* naaame: org.evosuite.ga.stoppingconditions.MaxFitnessEvaluationsStoppingCondition
Current fitness evaluations: 200
* naaame: org.evosuite.ga.stoppingconditions.GlobalTimeStoppingCondition
* naaame: org.evosuite.ga.stoppingconditions.RMIStoppingCondition
[MASTER] 14:16:16.212 [logback-1] WARN  TestChromosome - Functional mock problem: org.evosuite.ga.ConstructionFailedException: Found no variables of type class org.sat4j.tools.GateTranslator
[MASTER] 14:16:18.345 [logback-1] WARN  TestChromosome - Functional mock problem: org.evosuite.ga.ConstructionFailedException: Found no variables of type interface org.sat4j.specs.IConstr
* naaame: 
* naaame: org.evosuite.ShutdownTestWriter
* naaame: org.evosuite.ga.stoppingconditions.ZeroFitnessStoppingCondition
* naaame: org.evosuite.ga.stoppingconditions.MaxFitnessEvaluationsStoppingCondition
Current fitness evaluations: 259
* naaame: org.evosuite.ga.stoppingconditions.GlobalTimeStoppingCondition
* naaame: org.evosuite.ga.stoppingconditions.RMIStoppingCondition
Current fitness function value: class org.evosuite.coverage.line.LineCoverageSuiteFitness ** 0.8292682926829268
Current fitness function value: class org.evosuite.coverage.branch.BranchCoverageSuiteFitness ** 0.7692307692307693
Current fitness function value: class org.evosuite.coverage.exception.ExceptionCoverageSuiteFitness ** 1.0
Current fitness function value: class org.evosuite.coverage.mutation.WeakMutationSuiteFitness ** 0.6888888888888889
Current fitness function value: class org.evosuite.coverage.io.output.OutputCoverageSuiteFitness ** 0.38461538461538464
Current fitness function value: class org.evosuite.coverage.method.MethodCoverageSuiteFitness ** 0.7777777777777778
Current fitness function value: class org.evosuite.coverage.method.MethodNoExceptionCoverageSuiteFitness ** 0.5555555555555556
Current fitness function value: class org.evosuite.coverage.cbranch.CBranchSuiteFitness ** 0.7692307692307693
[MASTER] 14:16:45.550 [logback-1] WARN  TestChromosome - Functional mock problem: org.evosuite.ga.ConstructionFailedException: Have no generator for org.sat4j.minisat.core.Solver<org.sat4j.minisat.constraints.CardinalityDataStructureYanMin> canUseFunctionalMocks=false, canBeMocked: true
[MASTER] 14:16:46.406 [logback-1] WARN  TestChromosome - Functional mock problem: org.evosuite.ga.ConstructionFailedException: Failed to add constructor for org.sat4j.minisat.core.Solver due to org.evosuite.ga.ConstructionFailedException: Found no variables of type class org.sat4j.minisat.core.SearchParams
* naaame: 
* naaame: org.evosuite.ShutdownTestWriter
* naaame: org.evosuite.ga.stoppingconditions.ZeroFitnessStoppingCondition
* naaame: org.evosuite.ga.stoppingconditions.MaxFitnessEvaluationsStoppingCondition
Current fitness evaluations: 315
* naaame: org.evosuite.ga.stoppingconditions.GlobalTimeStoppingCondition
* naaame: org.evosuite.ga.stoppingconditions.RMIStoppingCondition
Current fitness function value: class org.evosuite.coverage.line.LineCoverageSuiteFitness ** 0.8292682926829268
Current fitness function value: class org.evosuite.coverage.branch.BranchCoverageSuiteFitness ** 0.7692307692307693
Current fitness function value: class org.evosuite.coverage.exception.ExceptionCoverageSuiteFitness ** 1.0
Current fitness function value: class org.evosuite.coverage.mutation.WeakMutationSuiteFitness ** 0.6888888888888889
Current fitness function value: class org.evosuite.coverage.io.output.OutputCoverageSuiteFitness ** 0.46153846153846156
Current fitness function value: class org.evosuite.coverage.method.MethodCoverageSuiteFitness ** 0.7777777777777778
Current fitness function value: class org.evosuite.coverage.method.MethodNoExceptionCoverageSuiteFitness ** 0.6666666666666666
Current fitness function value: class org.evosuite.coverage.cbranch.CBranchSuiteFitness ** 0.7692307692307693
* naaame: 
* naaame: org.evosuite.ShutdownTestWriter
* naaame: org.evosuite.ga.stoppingconditions.ZeroFitnessStoppingCondition
* naaame: org.evosuite.ga.stoppingconditions.MaxFitnessEvaluationsStoppingCondition
Current fitness evaluations: 386
* naaame: org.evosuite.ga.stoppingconditions.GlobalTimeStoppingCondition
* naaame: org.evosuite.ga.stoppingconditions.RMIStoppingCondition
Current fitness function value: class org.evosuite.coverage.line.LineCoverageSuiteFitness ** 0.8292682926829268
Current fitness function value: class org.evosuite.coverage.branch.BranchCoverageSuiteFitness ** 0.8076923076923077
Current fitness function value: class org.evosuite.coverage.exception.ExceptionCoverageSuiteFitness ** 1.0
Current fitness function value: class org.evosuite.coverage.mutation.WeakMutationSuiteFitness ** 0.7333333333333333
Current fitness function value: class org.evosuite.coverage.io.output.OutputCoverageSuiteFitness ** 0.46153846153846156
Current fitness function value: class org.evosuite.coverage.method.MethodCoverageSuiteFitness ** 0.7777777777777778
Current fitness function value: class org.evosuite.coverage.method.MethodNoExceptionCoverageSuiteFitness ** 0.6666666666666666
Current fitness function value: class org.evosuite.coverage.cbranch.CBranchSuiteFitness ** 0.8076923076923077
[MASTER] 14:16:55.939 [logback-1] WARN  TestChromosome - Functional mock problem: org.evosuite.ga.ConstructionFailedException: Found no variables of type interface org.sat4j.specs.IteratorInt
* naaame: 
* naaame: org.evosuite.ShutdownTestWriter
* naaame: org.evosuite.ga.stoppingconditions.ZeroFitnessStoppingCondition
* naaame: org.evosuite.ga.stoppingconditions.MaxFitnessEvaluationsStoppingCondition
Current fitness evaluations: 469
* naaame: org.evosuite.ga.stoppingconditions.GlobalTimeStoppingCondition
* naaame: org.evosuite.ga.stoppingconditions.RMIStoppingCondition
[MASTER] 14:16:59.654 [logback-1] WARN  TestChromosome - Functional mock problem: org.evosuite.ga.ConstructionFailedException: Found no variables of type interface org.sat4j.specs.UnitPropagationListener
[MASTER] 14:16:59.671 [logback-1] WARN  TestChromosome - Functional mock problem: org.evosuite.ga.ConstructionFailedException: Have no generator for class org.sat4j.minisat.constraints.CardinalityDataStructureYanMin canUseFunctionalMocks=false, canBeMocked: true
* naaame: 
* naaame: org.evosuite.ShutdownTestWriter
* naaame: org.evosuite.ga.stoppingconditions.ZeroFitnessStoppingCondition
* naaame: org.evosuite.ga.stoppingconditions.MaxFitnessEvaluationsStoppingCondition
Current fitness evaluations: 551
* naaame: org.evosuite.ga.stoppingconditions.GlobalTimeStoppingCondition
* naaame: org.evosuite.ga.stoppingconditions.RMIStoppingCondition
Current fitness function value: class org.evosuite.coverage.line.LineCoverageSuiteFitness ** 0.8536585365853658
Current fitness function value: class org.evosuite.coverage.branch.BranchCoverageSuiteFitness ** 0.8461538461538461
Current fitness function value: class org.evosuite.coverage.exception.ExceptionCoverageSuiteFitness ** 1.0
Current fitness function value: class org.evosuite.coverage.mutation.WeakMutationSuiteFitness ** 0.8222222222222222
Current fitness function value: class org.evosuite.coverage.io.output.OutputCoverageSuiteFitness ** 0.46153846153846156
Current fitness function value: class org.evosuite.coverage.method.MethodCoverageSuiteFitness ** 0.8888888888888888
Current fitness function value: class org.evosuite.coverage.method.MethodNoExceptionCoverageSuiteFitness ** 0.7777777777777778
Current fitness function value: class org.evosuite.coverage.cbranch.CBranchSuiteFitness ** 0.8461538461538461
[MASTER] 14:17:04.912 [logback-1] WARN  TestChromosome - Functional mock problem: org.evosuite.ga.ConstructionFailedException: Have no generator for org.sat4j.tools.ManyCore<org.sat4j.tools.Minimal4InclusionModel> canUseFunctionalMocks=false, canBeMocked: true
* naaame: 
* naaame: org.evosuite.ShutdownTestWriter
* naaame: org.evosuite.ga.stoppingconditions.ZeroFitnessStoppingCondition
* naaame: org.evosuite.ga.stoppingconditions.MaxFitnessEvaluationsStoppingCondition
Current fitness evaluations: 635
* naaame: org.evosuite.ga.stoppingconditions.GlobalTimeStoppingCondition
* naaame: org.evosuite.ga.stoppingconditions.RMIStoppingCondition
[MASTER] 14:17:08.548 [logback-1] WARN  TestChromosome - Functional mock problem: org.evosuite.ga.ConstructionFailedException: Failed to add constructor for org.sat4j.minisat.core.Solver due to org.evosuite.ga.ConstructionFailedException: Found no variables of type interface org.sat4j.minisat.core.RestartStrategy
* naaame: 
* naaame: org.evosuite.ShutdownTestWriter
* naaame: org.evosuite.ga.stoppingconditions.ZeroFitnessStoppingCondition
* naaame: org.evosuite.ga.stoppingconditions.MaxFitnessEvaluationsStoppingCondition
Current fitness evaluations: 725
* naaame: org.evosuite.ga.stoppingconditions.GlobalTimeStoppingCondition
* naaame: org.evosuite.ga.stoppingconditions.RMIStoppingCondition
Current fitness function value: class org.evosuite.coverage.line.LineCoverageSuiteFitness ** 0.8536585365853658
Current fitness function value: class org.evosuite.coverage.branch.BranchCoverageSuiteFitness ** 0.8461538461538461
Current fitness function value: class org.evosuite.coverage.exception.ExceptionCoverageSuiteFitness ** 1.0
Current fitness function value: class org.evosuite.coverage.mutation.WeakMutationSuiteFitness ** 0.8222222222222222
Current fitness function value: class org.evosuite.coverage.io.output.OutputCoverageSuiteFitness ** 0.46153846153846156
Current fitness function value: class org.evosuite.coverage.method.MethodCoverageSuiteFitness ** 0.8888888888888888
Current fitness function value: class org.evosuite.coverage.method.MethodNoExceptionCoverageSuiteFitness ** 0.7777777777777778
Current fitness function value: class org.evosuite.coverage.cbranch.CBranchSuiteFitness ** 0.8461538461538461
* naaame: 
* naaame: org.evosuite.ShutdownTestWriter
* naaame: org.evosuite.ga.stoppingconditions.ZeroFitnessStoppingCondition
* naaame: org.evosuite.ga.stoppingconditions.MaxFitnessEvaluationsStoppingCondition
Current fitness evaluations: 812
* naaame: org.evosuite.ga.stoppingconditions.GlobalTimeStoppingCondition
* naaame: org.evosuite.ga.stoppingconditions.RMIStoppingCondition
[MASTER] 14:17:14.583 [logback-1] WARN  TestChromosome - Functional mock problem: org.evosuite.ga.ConstructionFailedException: Failed to add constructor for org.sat4j.tools.ManyCore due to org.evosuite.ga.ConstructionFailedException: Failed to add constructor for org.sat4j.tools.Minimal4InclusionModel due to org.evosuite.ga.ConstructionFailedException: Found no variables of type interface org.sat4j.specs.ISolver
* naaame: 
* naaame: org.evosuite.ShutdownTestWriter
* naaame: org.evosuite.ga.stoppingconditions.ZeroFitnessStoppingCondition
* naaame: org.evosuite.ga.stoppingconditions.MaxFitnessEvaluationsStoppingCondition
Current fitness evaluations: 900
* naaame: org.evosuite.ga.stoppingconditions.GlobalTimeStoppingCondition
* naaame: org.evosuite.ga.stoppingconditions.RMIStoppingCondition
Current fitness function value: class org.evosuite.coverage.line.LineCoverageSuiteFitness ** 0.9512195121951219
Current fitness function value: class org.evosuite.coverage.branch.BranchCoverageSuiteFitness ** 0.9230769230769231
Current fitness function value: class org.evosuite.coverage.exception.ExceptionCoverageSuiteFitness ** 1.0
Current fitness function value: class org.evosuite.coverage.mutation.WeakMutationSuiteFitness ** 1.0
Current fitness function value: class org.evosuite.coverage.io.output.OutputCoverageSuiteFitness ** 0.46153846153846156
Current fitness function value: class org.evosuite.coverage.method.MethodCoverageSuiteFitness ** 0.8888888888888888
Current fitness function value: class org.evosuite.coverage.method.MethodNoExceptionCoverageSuiteFitness ** 0.7777777777777778
Current fitness function value: class org.evosuite.coverage.cbranch.CBranchSuiteFitness ** 0.9230769230769231
* naaame: 
* naaame: org.evosuite.ShutdownTestWriter
* naaame: org.evosuite.ga.stoppingconditions.ZeroFitnessStoppingCondition
* naaame: org.evosuite.ga.stoppingconditions.MaxFitnessEvaluationsStoppingCondition
Current fitness evaluations: 988
* naaame: org.evosuite.ga.stoppingconditions.GlobalTimeStoppingCondition
* naaame: org.evosuite.ga.stoppingconditions.RMIStoppingCondition
* naaame: 
* naaame: org.evosuite.ShutdownTestWriter
* naaame: org.evosuite.ga.stoppingconditions.ZeroFitnessStoppingCondition
* naaame: org.evosuite.ga.stoppingconditions.MaxFitnessEvaluationsStoppingCondition
Current fitness evaluations: 1079
* naaame: org.evosuite.ga.stoppingconditions.GlobalTimeStoppingCondition
* naaame: org.evosuite.ga.stoppingconditions.RMIStoppingCondition
Current fitness function value: class org.evosuite.coverage.line.LineCoverageSuiteFitness ** 0.9512195121951219
Current fitness function value: class org.evosuite.coverage.branch.BranchCoverageSuiteFitness ** 0.9230769230769231
Current fitness function value: class org.evosuite.coverage.exception.ExceptionCoverageSuiteFitness ** 1.0
Current fitness function value: class org.evosuite.coverage.mutation.WeakMutationSuiteFitness ** 1.0
Current fitness function value: class org.evosuite.coverage.io.output.OutputCoverageSuiteFitness ** 0.5384615384615384
Current fitness function value: class org.evosuite.coverage.method.MethodCoverageSuiteFitness ** 0.8888888888888888
Current fitness function value: class org.evosuite.coverage.method.MethodNoExceptionCoverageSuiteFitness ** 0.7777777777777778
Current fitness function value: class org.evosuite.coverage.cbranch.CBranchSuiteFitness ** 0.9230769230769231
* naaame: 
* naaame: org.evosuite.ShutdownTestWriter
* naaame: org.evosuite.ga.stoppingconditions.ZeroFitnessStoppingCondition
* naaame: org.evosuite.ga.stoppingconditions.MaxFitnessEvaluationsStoppingCondition
Current fitness evaluations: 1162
* naaame: org.evosuite.ga.stoppingconditions.GlobalTimeStoppingCondition
* naaame: org.evosuite.ga.stoppingconditions.RMIStoppingCondition
* naaame: 
* naaame: org.evosuite.ShutdownTestWriter
* naaame: org.evosuite.ga.stoppingconditions.ZeroFitnessStoppingCondition
* naaame: org.evosuite.ga.stoppingconditions.MaxFitnessEvaluationsStoppingCondition
Current fitness evaluations: 1254
* naaame: org.evosuite.ga.stoppingconditions.GlobalTimeStoppingCondition
* naaame: org.evosuite.ga.stoppingconditions.RMIStoppingCondition
* naaame: 
* naaame: org.evosuite.ShutdownTestWriter
* naaame: org.evosuite.ga.stoppingconditions.ZeroFitnessStoppingCondition
* naaame: org.evosuite.ga.stoppingconditions.MaxFitnessEvaluationsStoppingCondition
Current fitness evaluations: 1281
* naaame: org.evosuite.ga.stoppingconditions.GlobalTimeStoppingCondition
* naaame: org.evosuite.ga.stoppingconditions.RMIStoppingCondition
Current fitness function value: class org.evosuite.coverage.line.LineCoverageSuiteFitness ** 0.975609756097561
Current fitness function value: class org.evosuite.coverage.branch.BranchCoverageSuiteFitness ** 0.9615384615384616
Current fitness function value: class org.evosuite.coverage.exception.ExceptionCoverageSuiteFitness ** 1.0
Current fitness function value: class org.evosuite.coverage.mutation.WeakMutationSuiteFitness ** 1.0
Current fitness function value: class org.evosuite.coverage.io.output.OutputCoverageSuiteFitness ** 0.6153846153846154
Current fitness function value: class org.evosuite.coverage.method.MethodCoverageSuiteFitness ** 0.8888888888888888
Current fitness function value: class org.evosuite.coverage.method.MethodNoExceptionCoverageSuiteFitness ** 0.8888888888888888
Current fitness function value: class org.evosuite.coverage.cbranch.CBranchSuiteFitness ** 0.9615384615384616
Current fitness function value: class org.evosuite.coverage.line.LineCoverageSuiteFitness ** 0.975609756097561
Current fitness function value: class org.evosuite.coverage.branch.BranchCoverageSuiteFitness ** 0.9615384615384616
Current fitness function value: class org.evosuite.coverage.exception.ExceptionCoverageSuiteFitness ** 1.0
Current fitness function value: class org.evosuite.coverage.mutation.WeakMutationSuiteFitness ** 1.0
Current fitness function value: class org.evosuite.coverage.io.output.OutputCoverageSuiteFitness ** 0.6153846153846154
Current fitness function value: class org.evosuite.coverage.method.MethodCoverageSuiteFitness ** 0.8888888888888888
Current fitness function value: class org.evosuite.coverage.method.MethodNoExceptionCoverageSuiteFitness ** 0.8888888888888888
Current fitness function value: class org.evosuite.coverage.cbranch.CBranchSuiteFitness ** 0.9615384615384616
* Search finished after 122s and 14 generations, 16364 statements, best individual has fitness: 10.0
Current fitness function value: class org.evosuite.coverage.line.LineCoverageSuiteFitness ** 0.975609756097561
Current fitness function value: class org.evosuite.coverage.branch.BranchCoverageSuiteFitness ** 0.9615384615384616
Current fitness function value: class org.evosuite.coverage.exception.ExceptionCoverageSuiteFitness ** 1.0
Current fitness function value: class org.evosuite.coverage.mutation.WeakMutationSuiteFitness ** 1.0
Current fitness function value: class org.evosuite.coverage.io.output.OutputCoverageSuiteFitness ** 0.6153846153846154
Current fitness function value: class org.evosuite.coverage.method.MethodCoverageSuiteFitness ** 0.8888888888888888
Current fitness function value: class org.evosuite.coverage.method.MethodNoExceptionCoverageSuiteFitness ** 0.8888888888888888
Current fitness function value: class org.evosuite.coverage.cbranch.CBranchSuiteFitness ** 0.9615384615384616
* Minimizing test suite
* Going to analyze the coverage criteria
* Coverage analysis for criterion LINE
* Coverage of criterion LINE: 98%
* Total number of goals: 41
* Number of covered goals: 40
* Coverage analysis for criterion BRANCH
* Coverage of criterion BRANCH: 96%
* Total number of goals: 26
* Number of covered goals: 25
* Coverage analysis for criterion EXCEPTION
* Coverage of criterion EXCEPTION: 100%
* Total number of goals: 5
* Number of covered goals: 5
* Coverage analysis for criterion WEAKMUTATION
* Coverage of criterion WEAKMUTATION: 100%
* Total number of goals: 45
* Number of covered goals: 45
* Coverage analysis for criterion OUTPUT
* Coverage of criterion OUTPUT: 69%
* Total number of goals: 13
* Number of covered goals: 9
* Coverage analysis for criterion METHOD
* Coverage of criterion METHOD: 100%
* Total number of goals: 9
* Number of covered goals: 9
* Coverage analysis for criterion METHODNOEXCEPTION
* Coverage of criterion METHODNOEXCEPTION: 100%
* Total number of goals: 9
* Number of covered goals: 9
* Coverage analysis for criterion CBRANCH
* Coverage of criterion CBRANCH: 96%
* Total number of goals: 26
* Number of covered goals: 25
Current fitness function value: class org.evosuite.coverage.line.LineCoverageSuiteFitness ** 0.975609756097561
Current fitness function value: class org.evosuite.coverage.branch.BranchCoverageSuiteFitness ** 0.9615384615384616
Current fitness function value: class org.evosuite.coverage.exception.ExceptionCoverageSuiteFitness ** 1.0
Current fitness function value: class org.evosuite.coverage.mutation.WeakMutationSuiteFitness ** 1.0
Current fitness function value: class org.evosuite.coverage.io.output.OutputCoverageSuiteFitness ** 0.6153846153846154
Current fitness function value: class org.evosuite.coverage.method.MethodCoverageSuiteFitness ** 0.8888888888888888
Current fitness function value: class org.evosuite.coverage.method.MethodNoExceptionCoverageSuiteFitness ** 0.8888888888888888
Current fitness function value: class org.evosuite.coverage.cbranch.CBranchSuiteFitness ** 0.9615384615384616
* Generated 19 tests with total length 87
* Resulting test suite's coverage: 91% (average coverage for all fitness functions)
* Generating assertions
* Resulting test suite's mutation score: 24%
Current fitness function value: class org.evosuite.coverage.line.LineCoverageSuiteFitness ** 0.975609756097561
Current fitness function value: class org.evosuite.coverage.branch.BranchCoverageSuiteFitness ** 0.9615384615384616
Current fitness function value: class org.evosuite.coverage.exception.ExceptionCoverageSuiteFitness ** 1.0
Current fitness function value: class org.evosuite.coverage.mutation.WeakMutationSuiteFitness ** 1.0
Current fitness function value: class org.evosuite.coverage.io.output.OutputCoverageSuiteFitness ** 0.6153846153846154
Current fitness function value: class org.evosuite.coverage.method.MethodCoverageSuiteFitness ** 0.8888888888888888
Current fitness function value: class org.evosuite.coverage.method.MethodNoExceptionCoverageSuiteFitness ** 0.8888888888888888
Current fitness function value: class org.evosuite.coverage.cbranch.CBranchSuiteFitness ** 0.9615384615384616
* Compiling and checking tests
* Writing tests to file
* Writing JUnit test case 'AbstractClauseSelectorSolver_ESTest' to evosuite-tests
* Done!

* Computation finished
