* EvoSuite 1.0.7-SNAPSHOT
* Going to generate test cases for class: org.sat4j.tools.AbstractClauseSelectorSolver
* Starting Client-0
* Connecting to master process on port 6993
* Analyzing classpath: 
  - bins/sat4j/org.ow2.sat4j.core-2.3.6-SNAPSHOT.jar
  - bins/sat4j/org.ow2.sat4j.core-2.3.6-SNAPSHOT-tests.jar
* Finished analyzing classpath
* Generating tests for class org.sat4j.tools.AbstractClauseSelectorSolver
* Test criteria:
  - Line Coverage
  - Branch Coverage
  - Exception
  - Mutation testing (weak)
  - Method-Output Coverage
  - Top-Level Method Coverage
  - No-Exception Top-Level Method Coverage
  - Context Branch Coverage
* Total number of test goals for DYNAMOSA: 169
* Using seed 1550593200950
* Starting evolution
* Initialsss Number of Goals in DynMOSA = 90 / 169
Current fitness function value: class org.evosuite.coverage.line.LineCoverageSuiteFitness ** 0.7073170731707317
Current fitness function value: class org.evosuite.coverage.branch.BranchCoverageSuiteFitness ** 0.5769230769230769
Current fitness function value: class org.evosuite.coverage.exception.ExceptionCoverageSuiteFitness ** 1.0
Current fitness function value: class org.evosuite.coverage.mutation.WeakMutationSuiteFitness ** 0.4222222222222222
Current fitness function value: class org.evosuite.coverage.io.output.OutputCoverageSuiteFitness ** 0.07692307692307693
Current fitness function value: class org.evosuite.coverage.method.MethodCoverageSuiteFitness ** 0.6666666666666666
Current fitness function value: class org.evosuite.coverage.method.MethodNoExceptionCoverageSuiteFitness ** 0.4444444444444444
Current fitness function value: class org.evosuite.coverage.cbranch.CBranchSuiteFitness ** 0.5769230769230769
* naaame: 
* naaame: org.evosuite.ga.stoppingconditions.MaxFitnessEvaluationsStoppingCondition
Current fitness evaluations: 200
* naaame: org.evosuite.ShutdownTestWriter
* naaame: org.evosuite.ga.stoppingconditions.RMIStoppingCondition
* naaame: org.evosuite.ga.stoppingconditions.GlobalTimeStoppingCondition
* naaame: org.evosuite.ga.stoppingconditions.ZeroFitnessStoppingCondition
[MASTER] 17:21:36.168 [logback-1] WARN  TestChromosome - Functional mock problem: org.evosuite.ga.ConstructionFailedException: Failed to add constructor for org.sat4j.minisat.core.Solver due to org.evosuite.ga.ConstructionFailedException: Found no variables of type interface org.sat4j.minisat.core.IOrder
[MASTER] 17:21:36.198 [logback-1] WARN  TestChromosome - Functional mock problem: org.evosuite.ga.ConstructionFailedException: Found no variables of type interface org.sat4j.specs.IVecInt
* naaame: 
* naaame: org.evosuite.ga.stoppingconditions.MaxFitnessEvaluationsStoppingCondition
Current fitness evaluations: 291
* naaame: org.evosuite.ShutdownTestWriter
* naaame: org.evosuite.ga.stoppingconditions.RMIStoppingCondition
* naaame: org.evosuite.ga.stoppingconditions.GlobalTimeStoppingCondition
* naaame: org.evosuite.ga.stoppingconditions.ZeroFitnessStoppingCondition
Current fitness function value: class org.evosuite.coverage.line.LineCoverageSuiteFitness ** 0.8292682926829268
Current fitness function value: class org.evosuite.coverage.branch.BranchCoverageSuiteFitness ** 0.7692307692307693
Current fitness function value: class org.evosuite.coverage.exception.ExceptionCoverageSuiteFitness ** 1.0
Current fitness function value: class org.evosuite.coverage.mutation.WeakMutationSuiteFitness ** 0.6222222222222222
Current fitness function value: class org.evosuite.coverage.io.output.OutputCoverageSuiteFitness ** 0.15384615384615385
Current fitness function value: class org.evosuite.coverage.method.MethodCoverageSuiteFitness ** 0.7777777777777778
Current fitness function value: class org.evosuite.coverage.method.MethodNoExceptionCoverageSuiteFitness ** 0.5555555555555556
Current fitness function value: class org.evosuite.coverage.cbranch.CBranchSuiteFitness ** 0.7692307692307693
[MASTER] 17:21:55.084 [logback-1] WARN  TestChromosome - Functional mock problem: org.evosuite.ga.ConstructionFailedException: Found no variables of type class org.sat4j.minisat.core.SolverStats
[MASTER] 17:21:55.764 [logback-1] WARN  TestChromosome - Functional mock problem: org.evosuite.ga.ConstructionFailedException: Failed to add constructor for org.sat4j.minisat.core.Solver due to org.evosuite.ga.ConstructionFailedException: Found no variables of type interface org.sat4j.minisat.core.RestartStrategy
[MASTER] 17:21:59.107 [logback-1] WARN  TestChromosome - Functional mock problem: org.evosuite.ga.ConstructionFailedException: Have no generator for class org.sat4j.minisat.constraints.cnf.BinaryClauses canUseFunctionalMocks=false, canBeMocked: true
[MASTER] 17:21:59.847 [logback-1] WARN  TestChromosome - Functional mock problem: org.evosuite.ga.ConstructionFailedException: Found no variables of type interface org.sat4j.minisat.core.ILits
* naaame: 
* naaame: org.evosuite.ga.stoppingconditions.MaxFitnessEvaluationsStoppingCondition
Current fitness evaluations: 386
* naaame: org.evosuite.ShutdownTestWriter
* naaame: org.evosuite.ga.stoppingconditions.RMIStoppingCondition
* naaame: org.evosuite.ga.stoppingconditions.GlobalTimeStoppingCondition
* naaame: org.evosuite.ga.stoppingconditions.ZeroFitnessStoppingCondition
Current fitness function value: class org.evosuite.coverage.line.LineCoverageSuiteFitness ** 0.926829268292683
Current fitness function value: class org.evosuite.coverage.branch.BranchCoverageSuiteFitness ** 0.9230769230769231
Current fitness function value: class org.evosuite.coverage.exception.ExceptionCoverageSuiteFitness ** 1.0
Current fitness function value: class org.evosuite.coverage.mutation.WeakMutationSuiteFitness ** 0.8444444444444444
Current fitness function value: class org.evosuite.coverage.io.output.OutputCoverageSuiteFitness ** 0.3076923076923077
Current fitness function value: class org.evosuite.coverage.method.MethodCoverageSuiteFitness ** 0.8888888888888888
Current fitness function value: class org.evosuite.coverage.method.MethodNoExceptionCoverageSuiteFitness ** 0.6666666666666666
Current fitness function value: class org.evosuite.coverage.cbranch.CBranchSuiteFitness ** 0.9230769230769231
[MASTER] 17:22:04.261 [logback-1] WARN  TestChromosome - Functional mock problem: org.evosuite.ga.ConstructionFailedException: Have no generator for org.sat4j.tools.ManyCore<org.sat4j.tools.LexicoDecorator<org.sat4j.opt.MaxSatDecorator>> canUseFunctionalMocks=false, canBeMocked: true
[MASTER] 17:22:05.736 [logback-1] WARN  TestChromosome - Functional mock problem: org.evosuite.ga.ConstructionFailedException: Failed to add constructor for org.sat4j.tools.ManyCore due to org.evosuite.ga.ConstructionFailedException: Found no variables of type class org.sat4j.tools.SubModelIterator
* naaame: 
* naaame: org.evosuite.ga.stoppingconditions.MaxFitnessEvaluationsStoppingCondition
Current fitness evaluations: 468
* naaame: org.evosuite.ShutdownTestWriter
* naaame: org.evosuite.ga.stoppingconditions.RMIStoppingCondition
* naaame: org.evosuite.ga.stoppingconditions.GlobalTimeStoppingCondition
* naaame: org.evosuite.ga.stoppingconditions.ZeroFitnessStoppingCondition
[MASTER] 17:22:09.948 [logback-1] WARN  TestChromosome - Functional mock problem: org.evosuite.ga.ConstructionFailedException: Found no variables of type interface org.sat4j.specs.IConstr
[MASTER] 17:22:14.273 [logback-1] WARN  TestChromosome - Functional mock problem: org.evosuite.ga.ConstructionFailedException: Failed to add constructor for org.sat4j.minisat.constraints.cnf.LearntWLClause due to org.evosuite.ga.ConstructionFailedException: Have no generator for class org.sat4j.minisat.orders.LevelBasedVarOrderHeap canUseFunctionalMocks=false, canBeMocked: true
* naaame: 
* naaame: org.evosuite.ga.stoppingconditions.MaxFitnessEvaluationsStoppingCondition
Current fitness evaluations: 526
* naaame: org.evosuite.ShutdownTestWriter
* naaame: org.evosuite.ga.stoppingconditions.RMIStoppingCondition
* naaame: org.evosuite.ga.stoppingconditions.GlobalTimeStoppingCondition
* naaame: org.evosuite.ga.stoppingconditions.ZeroFitnessStoppingCondition
Current fitness function value: class org.evosuite.coverage.line.LineCoverageSuiteFitness ** 0.9512195121951219
Current fitness function value: class org.evosuite.coverage.branch.BranchCoverageSuiteFitness ** 0.9615384615384616
Current fitness function value: class org.evosuite.coverage.exception.ExceptionCoverageSuiteFitness ** 1.0
Current fitness function value: class org.evosuite.coverage.mutation.WeakMutationSuiteFitness ** 0.8888888888888888
Current fitness function value: class org.evosuite.coverage.io.output.OutputCoverageSuiteFitness ** 0.38461538461538464
Current fitness function value: class org.evosuite.coverage.method.MethodCoverageSuiteFitness ** 0.8888888888888888
Current fitness function value: class org.evosuite.coverage.method.MethodNoExceptionCoverageSuiteFitness ** 0.6666666666666666
Current fitness function value: class org.evosuite.coverage.cbranch.CBranchSuiteFitness ** 0.9615384615384616
Current fitness function value: class org.evosuite.coverage.line.LineCoverageSuiteFitness ** 0.9512195121951219
Current fitness function value: class org.evosuite.coverage.branch.BranchCoverageSuiteFitness ** 0.9615384615384616
Current fitness function value: class org.evosuite.coverage.exception.ExceptionCoverageSuiteFitness ** 1.0
Current fitness function value: class org.evosuite.coverage.mutation.WeakMutationSuiteFitness ** 0.8888888888888888
Current fitness function value: class org.evosuite.coverage.io.output.OutputCoverageSuiteFitness ** 0.38461538461538464
Current fitness function value: class org.evosuite.coverage.method.MethodCoverageSuiteFitness ** 0.8888888888888888
Current fitness function value: class org.evosuite.coverage.method.MethodNoExceptionCoverageSuiteFitness ** 0.6666666666666666
Current fitness function value: class org.evosuite.coverage.cbranch.CBranchSuiteFitness ** 0.9615384615384616
* Search finished after 123s and 4 generations, 6459 statements, best individual has fitness: 21.0
Current fitness function value: class org.evosuite.coverage.line.LineCoverageSuiteFitness ** 0.9512195121951219
Current fitness function value: class org.evosuite.coverage.branch.BranchCoverageSuiteFitness ** 0.9615384615384616
Current fitness function value: class org.evosuite.coverage.exception.ExceptionCoverageSuiteFitness ** 1.0
Current fitness function value: class org.evosuite.coverage.mutation.WeakMutationSuiteFitness ** 0.8888888888888888
Current fitness function value: class org.evosuite.coverage.io.output.OutputCoverageSuiteFitness ** 0.38461538461538464
Current fitness function value: class org.evosuite.coverage.method.MethodCoverageSuiteFitness ** 0.8888888888888888
Current fitness function value: class org.evosuite.coverage.method.MethodNoExceptionCoverageSuiteFitness ** 0.6666666666666666
Current fitness function value: class org.evosuite.coverage.cbranch.CBranchSuiteFitness ** 0.9615384615384616
* Minimizing test suite
* Going to analyze the coverage criteria
* Coverage analysis for criterion LINE
* Coverage of criterion LINE: 95%
* Total number of goals: 41
* Number of covered goals: 39
* Coverage analysis for criterion BRANCH
* Coverage of criterion BRANCH: 96%
* Total number of goals: 26
* Number of covered goals: 25
* Coverage analysis for criterion EXCEPTION
* Coverage of criterion EXCEPTION: 100%
* Total number of goals: 6
* Number of covered goals: 6
* Coverage analysis for criterion WEAKMUTATION
* Coverage of criterion WEAKMUTATION: 91%
* Total number of goals: 45
* Number of covered goals: 41
* Coverage analysis for criterion OUTPUT
* Coverage of criterion OUTPUT: 46%
* Total number of goals: 13
* Number of covered goals: 6
* Coverage analysis for criterion METHOD
* Coverage of criterion METHOD: 100%
* Total number of goals: 9
* Number of covered goals: 9
* Coverage analysis for criterion METHODNOEXCEPTION
* Coverage of criterion METHODNOEXCEPTION: 78%
* Total number of goals: 9
* Number of covered goals: 7
* Coverage analysis for criterion CBRANCH
* Coverage of criterion CBRANCH: 96%
* Total number of goals: 26
* Number of covered goals: 25
Current fitness function value: class org.evosuite.coverage.line.LineCoverageSuiteFitness ** 0.9512195121951219
Current fitness function value: class org.evosuite.coverage.branch.BranchCoverageSuiteFitness ** 0.9615384615384616
Current fitness function value: class org.evosuite.coverage.exception.ExceptionCoverageSuiteFitness ** 1.0
Current fitness function value: class org.evosuite.coverage.mutation.WeakMutationSuiteFitness ** 0.8888888888888888
Current fitness function value: class org.evosuite.coverage.io.output.OutputCoverageSuiteFitness ** 0.38461538461538464
Current fitness function value: class org.evosuite.coverage.method.MethodCoverageSuiteFitness ** 0.8888888888888888
Current fitness function value: class org.evosuite.coverage.method.MethodNoExceptionCoverageSuiteFitness ** 0.6666666666666666
Current fitness function value: class org.evosuite.coverage.cbranch.CBranchSuiteFitness ** 0.9615384615384616
* Generated 20 tests with total length 124
* Resulting test suite's coverage: 84% (average coverage for all fitness functions)
* Generating assertions
* Resulting test suite's mutation score: 22%
Current fitness function value: class org.evosuite.coverage.line.LineCoverageSuiteFitness ** 0.9512195121951219
Current fitness function value: class org.evosuite.coverage.branch.BranchCoverageSuiteFitness ** 0.9615384615384616
Current fitness function value: class org.evosuite.coverage.exception.ExceptionCoverageSuiteFitness ** 1.0
Current fitness function value: class org.evosuite.coverage.mutation.WeakMutationSuiteFitness ** 0.8888888888888888
Current fitness function value: class org.evosuite.coverage.io.output.OutputCoverageSuiteFitness ** 0.38461538461538464
Current fitness function value: class org.evosuite.coverage.method.MethodCoverageSuiteFitness ** 0.8888888888888888
Current fitness function value: class org.evosuite.coverage.method.MethodNoExceptionCoverageSuiteFitness ** 0.6666666666666666
Current fitness function value: class org.evosuite.coverage.cbranch.CBranchSuiteFitness ** 0.9615384615384616
* Compiling and checking tests
[MASTER] 17:22:36.678 [logback-1] WARN  JUnitAnalyzer - Found unstable test named test0 -> class java.lang.AssertionError: null
[MASTER] 17:22:36.679 [logback-1] WARN  JUnitAnalyzer - Failing test:
 MinOneDecorator minOneDecorator0 = mock(MinOneDecorator.class, new ViolatedAssumptionAnswer());
doReturn(false).when(minOneDecorator0).isSatisfiable(any(org.sat4j.specs.IVecInt.class));
FullClauseSelectorSolver<MinOneDecorator> fullClauseSelectorSolver0 = new FullClauseSelectorSolver<MinOneDecorator>(minOneDecorator0, true);
int[] intArray0 = new int[0];
VecInt vecInt0 = new VecInt(intArray0);
boolean boolean0 = fullClauseSelectorSolver0.isSatisfiable((IVecInt) vecInt0);
assertTrue(boolean0);


* Writing tests to file
* Writing JUnit test case 'AbstractClauseSelectorSolver_ESTest' to evosuite-tests
* Done!

* Computation finished
