* EvoSuite 1.0.7-SNAPSHOT
* Going to generate test cases for class: org.sat4j.tools.ManyCore
* Starting Client-0
* Connecting to master process on port 8293
* Analyzing classpath: 
  - bins/sat4j/org.ow2.sat4j.core-2.3.6-SNAPSHOT.jar
  - bins/sat4j/org.ow2.sat4j.core-2.3.6-SNAPSHOT-tests.jar
* Finished analyzing classpath
* Generating tests for class org.sat4j.tools.ManyCore
* Test criteria:
  - Line Coverage
  - Branch Coverage
  - Exception
  - Mutation testing (weak)
  - Method-Output Coverage
  - Top-Level Method Coverage
  - No-Exception Top-Level Method Coverage
  - Context Branch Coverage
* Total number of test goals for DYNAMOSA: 1689
* Using seed 1550593145502
* Starting evolution
* Initialsss Number of Goals in DynMOSA = 508 / 1689
Current fitness function value: class org.evosuite.coverage.line.LineCoverageSuiteFitness ** 0.2248995983935743
Current fitness function value: class org.evosuite.coverage.branch.BranchCoverageSuiteFitness ** 0.17857142857142858
Current fitness function value: class org.evosuite.coverage.exception.ExceptionCoverageSuiteFitness ** 1.0
Current fitness function value: class org.evosuite.coverage.mutation.WeakMutationSuiteFitness ** 0.10647639956092206
Current fitness function value: class org.evosuite.coverage.io.output.OutputCoverageSuiteFitness ** 0.02702702702702703
Current fitness function value: class org.evosuite.coverage.method.MethodCoverageSuiteFitness ** 0.2028985507246377
Current fitness function value: class org.evosuite.coverage.method.MethodNoExceptionCoverageSuiteFitness ** 0.15942028985507245
Current fitness function value: class org.evosuite.coverage.cbranch.CBranchSuiteFitness ** 0.16428571428571428
* naaame: 
* naaame: org.evosuite.ga.stoppingconditions.GlobalTimeStoppingCondition
* naaame: org.evosuite.ga.stoppingconditions.MaxFitnessEvaluationsStoppingCondition
Current fitness evaluations: 200
* naaame: org.evosuite.ga.stoppingconditions.RMIStoppingCondition
* naaame: org.evosuite.ShutdownTestWriter
* naaame: org.evosuite.ga.stoppingconditions.ZeroFitnessStoppingCondition
[MASTER] 17:20:38.680 [logback-1] WARN  TestChromosome - Functional mock problem: org.evosuite.ga.ConstructionFailedException: Failed to add constructor for org.sat4j.tools.OptToSatAdapter due to org.evosuite.ga.ConstructionFailedException: Failed to add constructor for org.sat4j.opt.MinOneDecorator due to org.evosuite.ga.ConstructionFailedException: Failed to add constructor for org.sat4j.tools.ModelIterator due to org.evosuite.ga.ConstructionFailedException: Failed to add constructor for org.sat4j.tools.AbstractMinimalModel due to org.evosuite.ga.ConstructionFailedException: Failed to add constructor for org.sat4j.core.ReadOnlyVecInt due to org.evosuite.ga.ConstructionFailedException: Max recursion depth reached
[MASTER] 17:20:41.804 [logback-1] WARN  TestChromosome - Functional mock problem: org.evosuite.ga.ConstructionFailedException: Failed to add constructor for org.sat4j.tools.OptToSatAdapter due to org.evosuite.ga.ConstructionFailedException: Failed to add constructor for org.sat4j.opt.MaxSatDecorator due to org.evosuite.ga.ConstructionFailedException: Have no generator for org.sat4j.tools.ManyCore<org.sat4j.tools.DimacsOutputSolver> canUseFunctionalMocks=false, canBeMocked: false
[MASTER] 17:20:47.157 [logback-1] WARN  TestChromosome - Functional mock problem: org.evosuite.ga.ConstructionFailedException: Found no variables of type class org.sat4j.opt.MinOneDecorator
[MASTER] 17:20:53.766 [logback-1] WARN  TestChromosome - Functional mock problem: org.evosuite.ga.ConstructionFailedException: Failed to add constructor for org.sat4j.opt.MinOneDecorator due to org.evosuite.ga.ConstructionFailedException: Failed to add constructor for org.sat4j.tools.AbstractMinimalModel due to org.evosuite.ga.ConstructionFailedException: Have no generator for org.sat4j.core.ASolverFactory<org.sat4j.opt.MaxSatDecorator> canUseFunctionalMocks=false, canBeMocked: true
* naaame: 
* naaame: org.evosuite.ga.stoppingconditions.GlobalTimeStoppingCondition
* naaame: org.evosuite.ga.stoppingconditions.MaxFitnessEvaluationsStoppingCondition
Current fitness evaluations: 283
* naaame: org.evosuite.ga.stoppingconditions.RMIStoppingCondition
* naaame: org.evosuite.ShutdownTestWriter
* naaame: org.evosuite.ga.stoppingconditions.ZeroFitnessStoppingCondition
Current fitness function value: class org.evosuite.coverage.line.LineCoverageSuiteFitness ** 0.3654618473895582
Current fitness function value: class org.evosuite.coverage.branch.BranchCoverageSuiteFitness ** 0.29285714285714287
Current fitness function value: class org.evosuite.coverage.exception.ExceptionCoverageSuiteFitness ** 1.0
Current fitness function value: class org.evosuite.coverage.mutation.WeakMutationSuiteFitness ** 0.20087815587266739
Current fitness function value: class org.evosuite.coverage.io.output.OutputCoverageSuiteFitness ** 0.05405405405405406
Current fitness function value: class org.evosuite.coverage.method.MethodCoverageSuiteFitness ** 0.3188405797101449
Current fitness function value: class org.evosuite.coverage.method.MethodNoExceptionCoverageSuiteFitness ** 0.2463768115942029
Current fitness function value: class org.evosuite.coverage.cbranch.CBranchSuiteFitness ** 0.2785714285714286
[MASTER] 17:20:56.519 [logback-1] WARN  TestChromosome - Functional mock problem: org.evosuite.ga.ConstructionFailedException: Found no variables of type interface org.sat4j.specs.IConstr
[MASTER] 17:21:04.844 [logback-1] WARN  TestChromosome - Functional mock problem: org.evosuite.ga.ConstructionFailedException: Failed to add constructor for org.sat4j.minisat.core.Solver due to org.evosuite.ga.ConstructionFailedException: Found no variables of type class org.sat4j.minisat.core.SearchParams
[MASTER] 17:21:05.314 [logback-1] WARN  TestChromosome - Functional mock problem: org.evosuite.ga.ConstructionFailedException: Found no variables of type class org.sat4j.tools.ModelIterator
[MASTER] 17:21:08.647 [logback-1] WARN  TestChromosome - Functional mock problem: org.evosuite.ga.ConstructionFailedException: Have no generator for class org.sat4j.tools.encoding.Binomial canUseFunctionalMocks=false, canBeMocked: true
* naaame: 
* naaame: org.evosuite.ga.stoppingconditions.GlobalTimeStoppingCondition
* naaame: org.evosuite.ga.stoppingconditions.MaxFitnessEvaluationsStoppingCondition
Current fitness evaluations: 379
* naaame: org.evosuite.ga.stoppingconditions.RMIStoppingCondition
* naaame: org.evosuite.ShutdownTestWriter
* naaame: org.evosuite.ga.stoppingconditions.ZeroFitnessStoppingCondition
Current fitness function value: class org.evosuite.coverage.line.LineCoverageSuiteFitness ** 0.4819277108433735
Current fitness function value: class org.evosuite.coverage.branch.BranchCoverageSuiteFitness ** 0.40714285714285714
Current fitness function value: class org.evosuite.coverage.exception.ExceptionCoverageSuiteFitness ** 1.0
Current fitness function value: class org.evosuite.coverage.mutation.WeakMutationSuiteFitness ** 0.283205268935236
Current fitness function value: class org.evosuite.coverage.io.output.OutputCoverageSuiteFitness ** 0.06306306306306306
Current fitness function value: class org.evosuite.coverage.method.MethodCoverageSuiteFitness ** 0.4492753623188406
Current fitness function value: class org.evosuite.coverage.method.MethodNoExceptionCoverageSuiteFitness ** 0.2753623188405797
Current fitness function value: class org.evosuite.coverage.cbranch.CBranchSuiteFitness ** 0.37857142857142856
* naaame: 
* naaame: org.evosuite.ga.stoppingconditions.GlobalTimeStoppingCondition
* naaame: org.evosuite.ga.stoppingconditions.MaxFitnessEvaluationsStoppingCondition
Current fitness evaluations: 454
* naaame: org.evosuite.ga.stoppingconditions.RMIStoppingCondition
* naaame: org.evosuite.ShutdownTestWriter
* naaame: org.evosuite.ga.stoppingconditions.ZeroFitnessStoppingCondition
Current fitness function value: class org.evosuite.coverage.line.LineCoverageSuiteFitness ** 0.5100401606425703
Current fitness function value: class org.evosuite.coverage.branch.BranchCoverageSuiteFitness ** 0.45
Current fitness function value: class org.evosuite.coverage.exception.ExceptionCoverageSuiteFitness ** 1.0
Current fitness function value: class org.evosuite.coverage.mutation.WeakMutationSuiteFitness ** 0.29418221734357847
Current fitness function value: class org.evosuite.coverage.io.output.OutputCoverageSuiteFitness ** 0.08108108108108109
Current fitness function value: class org.evosuite.coverage.method.MethodCoverageSuiteFitness ** 0.5217391304347826
Current fitness function value: class org.evosuite.coverage.method.MethodNoExceptionCoverageSuiteFitness ** 0.3188405797101449
Current fitness function value: class org.evosuite.coverage.cbranch.CBranchSuiteFitness ** 0.42142857142857143
Current fitness function value: class org.evosuite.coverage.line.LineCoverageSuiteFitness ** 0.5100401606425703
Current fitness function value: class org.evosuite.coverage.branch.BranchCoverageSuiteFitness ** 0.45
Current fitness function value: class org.evosuite.coverage.exception.ExceptionCoverageSuiteFitness ** 1.0
Current fitness function value: class org.evosuite.coverage.mutation.WeakMutationSuiteFitness ** 0.29418221734357847
Current fitness function value: class org.evosuite.coverage.io.output.OutputCoverageSuiteFitness ** 0.08108108108108109
Current fitness function value: class org.evosuite.coverage.method.MethodCoverageSuiteFitness ** 0.5217391304347826
Current fitness function value: class org.evosuite.coverage.method.MethodNoExceptionCoverageSuiteFitness ** 0.3188405797101449
Current fitness function value: class org.evosuite.coverage.cbranch.CBranchSuiteFitness ** 0.42142857142857143
* Search finished after 126s and 3 generations, 5785 statements, best individual has fitness: 1105.0
Current fitness function value: class org.evosuite.coverage.line.LineCoverageSuiteFitness ** 0.5100401606425703
Current fitness function value: class org.evosuite.coverage.branch.BranchCoverageSuiteFitness ** 0.45
Current fitness function value: class org.evosuite.coverage.exception.ExceptionCoverageSuiteFitness ** 1.0
Current fitness function value: class org.evosuite.coverage.mutation.WeakMutationSuiteFitness ** 0.29418221734357847
Current fitness function value: class org.evosuite.coverage.io.output.OutputCoverageSuiteFitness ** 0.08108108108108109
Current fitness function value: class org.evosuite.coverage.method.MethodCoverageSuiteFitness ** 0.5217391304347826
Current fitness function value: class org.evosuite.coverage.method.MethodNoExceptionCoverageSuiteFitness ** 0.3188405797101449
Current fitness function value: class org.evosuite.coverage.cbranch.CBranchSuiteFitness ** 0.42142857142857143
* Minimizing test suite
* Going to analyze the coverage criteria
* Coverage analysis for criterion LINE
* Coverage of criterion LINE: 52%
* Total number of goals: 249
* Number of covered goals: 129
* Coverage analysis for criterion BRANCH
* Coverage of criterion BRANCH: 45%
* Total number of goals: 140
* Number of covered goals: 63
* Coverage analysis for criterion EXCEPTION
* Coverage of criterion EXCEPTION: 100%
* Total number of goals: 29
* Number of covered goals: 29
* Coverage analysis for criterion WEAKMUTATION
* Coverage of criterion WEAKMUTATION: 35%
* Total number of goals: 911
* Number of covered goals: 322
* Coverage analysis for criterion OUTPUT
* Coverage of criterion OUTPUT: 8%
* Total number of goals: 111
* Number of covered goals: 9
* Coverage analysis for criterion METHOD
* Coverage of criterion METHOD: 55%
* Total number of goals: 69
* Number of covered goals: 38
* Coverage analysis for criterion METHODNOEXCEPTION
* Coverage of criterion METHODNOEXCEPTION: 32%
* Total number of goals: 69
* Number of covered goals: 22
* Coverage analysis for criterion CBRANCH
* Coverage of criterion CBRANCH: 42%
* Total number of goals: 140
* Number of covered goals: 59
Current fitness function value: class org.evosuite.coverage.line.LineCoverageSuiteFitness ** 0.5100401606425703
Current fitness function value: class org.evosuite.coverage.branch.BranchCoverageSuiteFitness ** 0.45
Current fitness function value: class org.evosuite.coverage.exception.ExceptionCoverageSuiteFitness ** 1.0
Current fitness function value: class org.evosuite.coverage.mutation.WeakMutationSuiteFitness ** 0.29418221734357847
Current fitness function value: class org.evosuite.coverage.io.output.OutputCoverageSuiteFitness ** 0.08108108108108109
Current fitness function value: class org.evosuite.coverage.method.MethodCoverageSuiteFitness ** 0.5217391304347826
Current fitness function value: class org.evosuite.coverage.method.MethodNoExceptionCoverageSuiteFitness ** 0.3188405797101449
Current fitness function value: class org.evosuite.coverage.cbranch.CBranchSuiteFitness ** 0.42142857142857143
* Generated 44 tests with total length 280
* Resulting test suite's coverage: 45% (average coverage for all fitness functions)
* Generating assertions
[MASTER] 17:22:35.845 [logback-1] WARN  SimpleMutationAssertionGenerator - Assertion minimization is taking too long (0.6676166666666666% of time used, but only 20/44 tests minimized), falling back to using all assertions
* Resulting test suite's mutation score: 4%
Current fitness function value: class org.evosuite.coverage.line.LineCoverageSuiteFitness ** 0.5100401606425703
Current fitness function value: class org.evosuite.coverage.branch.BranchCoverageSuiteFitness ** 0.45
Current fitness function value: class org.evosuite.coverage.exception.ExceptionCoverageSuiteFitness ** 1.0
Current fitness function value: class org.evosuite.coverage.mutation.WeakMutationSuiteFitness ** 0.29418221734357847
Current fitness function value: class org.evosuite.coverage.io.output.OutputCoverageSuiteFitness ** 0.08108108108108109
Current fitness function value: class org.evosuite.coverage.method.MethodCoverageSuiteFitness ** 0.5217391304347826
Current fitness function value: class org.evosuite.coverage.method.MethodNoExceptionCoverageSuiteFitness ** 0.3188405797101449
Current fitness function value: class org.evosuite.coverage.cbranch.CBranchSuiteFitness ** 0.42142857142857143
* Compiling and checking tests
* Writing tests to file
* Writing JUnit test case 'ManyCore_ESTest' to evosuite-tests
* Done!

* Computation finished
