[MASTER] 21:52:05.403 [logback-2] ERROR TestCluster - Failed to check cache for org.sat4j.minisat.core.Solver<D> : Type points to itself
[MASTER] 21:52:37.785 [logback-2] ERROR AbstractStatement - Error assigning value of type Solver[] defined at statement Solver<MixedDataStructureDanielWL>[] solverArray0 = (Solver<MixedDataStructureDanielWL>[]) Array.newInstance(Solver.class, 4), assignment statement: solverArray0[0] = (Solver<MixedDataStructureDanielWL>) solverArray0; SUT=org.sat4j.tools.DotSearchTracing
[MASTER] 21:52:37.896 [logback-2] ERROR AbstractStatement - Error assigning value of type Solver[] defined at statement Solver<MixedDataStructureDanielWL>[] solverArray0 = (Solver<MixedDataStructureDanielWL>[]) Array.newInstance(Solver.class, 3), assignment statement: solverArray0[0] = (Solver<MixedDataStructureDanielWL>) solverArray0; SUT=org.sat4j.tools.DotSearchTracing
[MASTER] 21:52:38.589 [logback-2] ERROR AbstractStatement - Error assigning value of type Solver[] defined at statement Solver<MixedDataStructureDanielWL>[] solverArray0 = (Solver<MixedDataStructureDanielWL>[]) Array.newInstance(Solver.class, 8), assignment statement: solverArray0[0] = (Solver<MixedDataStructureDanielWL>) solverArray0; SUT=org.sat4j.tools.DotSearchTracing
[MASTER] 21:52:39.411 [logback-2] ERROR AbstractStatement - Error assigning value of type Solver[] defined at statement Solver<MixedDataStructureDanielWL>[] solverArray0 = (Solver<MixedDataStructureDanielWL>[]) Array.newInstance(Solver.class, 4), assignment statement: solverArray0[0] = (Solver<MixedDataStructureDanielWL>) solverArray0; SUT=org.sat4j.tools.DotSearchTracing
[MASTER] 21:52:39.486 [logback-2] ERROR AbstractStatement - Error assigning value of type Solver[] defined at statement Solver<MixedDataStructureDanielWL>[] solverArray0 = (Solver<MixedDataStructureDanielWL>[]) Array.newInstance(Solver.class, 3), assignment statement: solverArray0[0] = (Solver<MixedDataStructureDanielWL>) solverArray0; SUT=org.sat4j.tools.DotSearchTracing
[MASTER] 21:52:39.756 [logback-2] ERROR AbstractStatement - Error assigning value of type Solver[] defined at statement Solver<MixedDataStructureDanielWL>[] solverArray0 = (Solver<MixedDataStructureDanielWL>[]) Array.newInstance(Solver.class, 8), assignment statement: solverArray0[0] = (Solver<MixedDataStructureDanielWL>) solverArray0; SUT=org.sat4j.tools.DotSearchTracing
[MASTER] 21:53:29.988 [logback-2] ERROR AbstractStatement - Error assigning value of type Solver[] defined at statement Solver<MixedDataStructureDanielWL>[] solverArray0 = (Solver<MixedDataStructureDanielWL>[]) Array.newInstance(Solver.class, 4), assignment statement: solverArray0[0] = (Solver<MixedDataStructureDanielWL>) solverArray0; SUT=org.sat4j.tools.DotSearchTracing
[MASTER] 21:53:37.876 [logback-2] ERROR AbstractStatement - Error assigning value of type Solver[] defined at statement Solver<MixedDataStructureDanielWL>[] solverArray0 = (Solver<MixedDataStructureDanielWL>[]) Array.newInstance(Solver.class, 3), assignment statement: solverArray0[0] = (Solver<MixedDataStructureDanielWL>) solverArray0; SUT=org.sat4j.tools.DotSearchTracing
[MASTER] 21:53:39.335 [logback-2] ERROR AbstractStatement - Error assigning value of type Solver[] defined at statement Solver<MixedDataStructureDanielWL>[] solverArray0 = (Solver<MixedDataStructureDanielWL>[]) Array.newInstance(Solver.class, 8), assignment statement: solverArray0[0] = (Solver<MixedDataStructureDanielWL>) solverArray0; SUT=org.sat4j.tools.DotSearchTracing
[MASTER] 21:54:13.543 [logback-2] ERROR FileIOUtils - Error while reading file DotSearchTracing_0_tmp__ESTest.java , /tmp/EvoSuite_0_1550523253346/org/sat4j/tools/DotSearchTracing_0_tmp__ESTest.java (Too many open files)
java.io.FileNotFoundException: /tmp/EvoSuite_0_1550523253346/org/sat4j/tools/DotSearchTracing_0_tmp__ESTest.java (Too many open files)
	at java.io.FileOutputStream.open0(Native Method) ~[na:1.8.0_91]
	at java.io.FileOutputStream.open(FileOutputStream.java:270) ~[na:1.8.0_91]
	at java.io.FileOutputStream.<init>(FileOutputStream.java:213) ~[na:1.8.0_91]
	at org.evosuite.shaded.org.apache.commons.io.FileUtils.openOutputStream(FileUtils.java:365) ~[evosuite-master-1.0.7-SNAPSHOT.jar:1.0.7-SNAPSHOT]
	at org.evosuite.shaded.org.apache.commons.io.FileUtils.writeStringToFile(FileUtils.java:2015) ~[evosuite-master-1.0.7-SNAPSHOT.jar:1.0.7-SNAPSHOT]
	at org.evosuite.shaded.org.apache.commons.io.FileUtils.writeStringToFile(FileUtils.java:2048) ~[evosuite-master-1.0.7-SNAPSHOT.jar:1.0.7-SNAPSHOT]
	at org.evosuite.utils.FileIOUtils.writeFile(FileIOUtils.java:98) ~[evosuite-master-1.0.7-SNAPSHOT.jar:1.0.7-SNAPSHOT]
	at org.evosuite.junit.writer.TestSuiteWriter.writeTestSuite(TestSuiteWriter.java:247) [evosuite-master-1.0.7-SNAPSHOT.jar:1.0.7-SNAPSHOT]
	at org.evosuite.junit.JUnitAnalyzer.compileTests(JUnitAnalyzer.java:356) [evosuite-master-1.0.7-SNAPSHOT.jar:1.0.7-SNAPSHOT]
	at org.evosuite.junit.JUnitAnalyzer.removeTestsThatDoNotCompile(JUnitAnalyzer.java:105) [evosuite-master-1.0.7-SNAPSHOT.jar:1.0.7-SNAPSHOT]
	at org.evosuite.TestSuiteGenerator.compileAndCheckTests(TestSuiteGenerator.java:605) [evosuite-master-1.0.7-SNAPSHOT.jar:1.0.7-SNAPSHOT]
	at org.evosuite.TestSuiteGenerator.postProcessTests(TestSuiteGenerator.java:556) [evosuite-master-1.0.7-SNAPSHOT.jar:1.0.7-SNAPSHOT]
	at org.evosuite.TestSuiteGenerator.generateTestSuite(TestSuiteGenerator.java:254) [evosuite-master-1.0.7-SNAPSHOT.jar:1.0.7-SNAPSHOT]
	at org.evosuite.rmi.service.ClientNodeImpl$1.run(ClientNodeImpl.java:160) [evosuite-master-1.0.7-SNAPSHOT.jar:1.0.7-SNAPSHOT]
	at java.util.concurrent.Executors$RunnableAdapter.call(Executors.java:511) [na:1.8.0_91]
	at java.util.concurrent.FutureTask.run(FutureTask.java:266) [na:1.8.0_91]
	at java.util.concurrent.ThreadPoolExecutor.runWorker(ThreadPoolExecutor.java:1142) [na:1.8.0_91]
	at java.util.concurrent.ThreadPoolExecutor$Worker.run(ThreadPoolExecutor.java:617) [na:1.8.0_91]
	at java.lang.Thread.run(Thread.java:745) [na:1.8.0_91]
[MASTER] 21:54:13.630 [logback-2] ERROR FileIOUtils - Error while reading file DotSearchTracing_0_tmp__ESTest_scaffolding.java , /tmp/EvoSuite_0_1550523253346/org/sat4j/tools/DotSearchTracing_0_tmp__ESTest_scaffolding.java (Too many open files)
java.io.FileNotFoundException: /tmp/EvoSuite_0_1550523253346/org/sat4j/tools/DotSearchTracing_0_tmp__ESTest_scaffolding.java (Too many open files)
	at java.io.FileOutputStream.open0(Native Method) ~[na:1.8.0_91]
	at java.io.FileOutputStream.open(FileOutputStream.java:270) ~[na:1.8.0_91]
	at java.io.FileOutputStream.<init>(FileOutputStream.java:213) ~[na:1.8.0_91]
	at org.evosuite.shaded.org.apache.commons.io.FileUtils.openOutputStream(FileUtils.java:365) ~[evosuite-master-1.0.7-SNAPSHOT.jar:1.0.7-SNAPSHOT]
	at org.evosuite.shaded.org.apache.commons.io.FileUtils.writeStringToFile(FileUtils.java:2015) ~[evosuite-master-1.0.7-SNAPSHOT.jar:1.0.7-SNAPSHOT]
	at org.evosuite.shaded.org.apache.commons.io.FileUtils.writeStringToFile(FileUtils.java:2048) ~[evosuite-master-1.0.7-SNAPSHOT.jar:1.0.7-SNAPSHOT]
	at org.evosuite.utils.FileIOUtils.writeFile(FileIOUtils.java:98) ~[evosuite-master-1.0.7-SNAPSHOT.jar:1.0.7-SNAPSHOT]
	at org.evosuite.junit.writer.TestSuiteWriter.writeTestSuite(TestSuiteWriter.java:265) [evosuite-master-1.0.7-SNAPSHOT.jar:1.0.7-SNAPSHOT]
	at org.evosuite.junit.JUnitAnalyzer.compileTests(JUnitAnalyzer.java:356) [evosuite-master-1.0.7-SNAPSHOT.jar:1.0.7-SNAPSHOT]
	at org.evosuite.junit.JUnitAnalyzer.removeTestsThatDoNotCompile(JUnitAnalyzer.java:105) [evosuite-master-1.0.7-SNAPSHOT.jar:1.0.7-SNAPSHOT]
	at org.evosuite.TestSuiteGenerator.compileAndCheckTests(TestSuiteGenerator.java:605) [evosuite-master-1.0.7-SNAPSHOT.jar:1.0.7-SNAPSHOT]
	at org.evosuite.TestSuiteGenerator.postProcessTests(TestSuiteGenerator.java:556) [evosuite-master-1.0.7-SNAPSHOT.jar:1.0.7-SNAPSHOT]
	at org.evosuite.TestSuiteGenerator.generateTestSuite(TestSuiteGenerator.java:254) [evosuite-master-1.0.7-SNAPSHOT.jar:1.0.7-SNAPSHOT]
	at org.evosuite.rmi.service.ClientNodeImpl$1.run(ClientNodeImpl.java:160) [evosuite-master-1.0.7-SNAPSHOT.jar:1.0.7-SNAPSHOT]
	at java.util.concurrent.Executors$RunnableAdapter.call(Executors.java:511) [na:1.8.0_91]
	at java.util.concurrent.FutureTask.run(FutureTask.java:266) [na:1.8.0_91]
	at java.util.concurrent.ThreadPoolExecutor.runWorker(ThreadPoolExecutor.java:1142) [na:1.8.0_91]
	at java.util.concurrent.ThreadPoolExecutor$Worker.run(ThreadPoolExecutor.java:617) [na:1.8.0_91]
	at java.lang.Thread.run(Thread.java:745) [na:1.8.0_91]
[MASTER] 21:54:13.631 [logback-2] ERROR JUnitAnalyzer - Supposed to generate /tmp/EvoSuite_0_1550523253346/org/sat4j/tools/DotSearchTracing_0_tmp__ESTest.java but it does not exist
[MASTER] 21:54:13.635 [logback-2] ERROR JUnitAnalyzer - Failed to compile test case:
DotSearchTracing<String> dotSearchTracing0 = new DotSearchTracing<String>("Z");
dotSearchTracing0.backtracking((-4174));

[MASTER] 21:54:13.638 [logback-2] ERROR JUnitAnalyzer - Cannot delete tmp dir: /tmp/EvoSuite_0_1550523253346
java.io.IOException: Failed to list contents of /tmp/EvoSuite_0_1550523253346
	at org.evosuite.shaded.org.apache.commons.io.FileUtils.verifiedListFiles(FileUtils.java:1751) ~[evosuite-master-1.0.7-SNAPSHOT.jar:1.0.7-SNAPSHOT]
	at org.evosuite.shaded.org.apache.commons.io.FileUtils.cleanDirectory(FileUtils.java:1716) ~[evosuite-master-1.0.7-SNAPSHOT.jar:1.0.7-SNAPSHOT]
	at org.evosuite.shaded.org.apache.commons.io.FileUtils.deleteDirectory(FileUtils.java:1617) ~[evosuite-master-1.0.7-SNAPSHOT.jar:1.0.7-SNAPSHOT]
	at org.evosuite.junit.JUnitAnalyzer.removeTestsThatDoNotCompile(JUnitAnalyzer.java:115) ~[evosuite-master-1.0.7-SNAPSHOT.jar:1.0.7-SNAPSHOT]
	at org.evosuite.TestSuiteGenerator.compileAndCheckTests(TestSuiteGenerator.java:605) [evosuite-master-1.0.7-SNAPSHOT.jar:1.0.7-SNAPSHOT]
	at org.evosuite.TestSuiteGenerator.postProcessTests(TestSuiteGenerator.java:556) [evosuite-master-1.0.7-SNAPSHOT.jar:1.0.7-SNAPSHOT]
	at org.evosuite.TestSuiteGenerator.generateTestSuite(TestSuiteGenerator.java:254) [evosuite-master-1.0.7-SNAPSHOT.jar:1.0.7-SNAPSHOT]
	at org.evosuite.rmi.service.ClientNodeImpl$1.run(ClientNodeImpl.java:160) [evosuite-master-1.0.7-SNAPSHOT.jar:1.0.7-SNAPSHOT]
	at java.util.concurrent.Executors$RunnableAdapter.call(Executors.java:511) [na:1.8.0_91]
	at java.util.concurrent.FutureTask.run(FutureTask.java:266) [na:1.8.0_91]
	at java.util.concurrent.ThreadPoolExecutor.runWorker(ThreadPoolExecutor.java:1142) [na:1.8.0_91]
	at java.util.concurrent.ThreadPoolExecutor$Worker.run(ThreadPoolExecutor.java:617) [na:1.8.0_91]
	at java.lang.Thread.run(Thread.java:745) [na:1.8.0_91]
[MASTER] 21:54:13.654 [logback-2] ERROR FileIOUtils - Error while reading file DotSearchTracing_1_tmp__ESTest.java , /tmp/EvoSuite_1_1550523253638/org/sat4j/tools/DotSearchTracing_1_tmp__ESTest.java (Too many open files)
java.io.FileNotFoundException: /tmp/EvoSuite_1_1550523253638/org/sat4j/tools/DotSearchTracing_1_tmp__ESTest.java (Too many open files)
	at java.io.FileOutputStream.open0(Native Method) ~[na:1.8.0_91]
	at java.io.FileOutputStream.open(FileOutputStream.java:270) ~[na:1.8.0_91]
	at java.io.FileOutputStream.<init>(FileOutputStream.java:213) ~[na:1.8.0_91]
	at org.evosuite.shaded.org.apache.commons.io.FileUtils.openOutputStream(FileUtils.java:365) ~[evosuite-master-1.0.7-SNAPSHOT.jar:1.0.7-SNAPSHOT]
	at org.evosuite.shaded.org.apache.commons.io.FileUtils.writeStringToFile(FileUtils.java:2015) ~[evosuite-master-1.0.7-SNAPSHOT.jar:1.0.7-SNAPSHOT]
	at org.evosuite.shaded.org.apache.commons.io.FileUtils.writeStringToFile(FileUtils.java:2048) ~[evosuite-master-1.0.7-SNAPSHOT.jar:1.0.7-SNAPSHOT]
	at org.evosuite.utils.FileIOUtils.writeFile(FileIOUtils.java:98) ~[evosuite-master-1.0.7-SNAPSHOT.jar:1.0.7-SNAPSHOT]
	at org.evosuite.junit.writer.TestSuiteWriter.writeTestSuite(TestSuiteWriter.java:247) [evosuite-master-1.0.7-SNAPSHOT.jar:1.0.7-SNAPSHOT]
	at org.evosuite.junit.JUnitAnalyzer.compileTests(JUnitAnalyzer.java:356) [evosuite-master-1.0.7-SNAPSHOT.jar:1.0.7-SNAPSHOT]
	at org.evosuite.junit.JUnitAnalyzer.removeTestsThatDoNotCompile(JUnitAnalyzer.java:105) [evosuite-master-1.0.7-SNAPSHOT.jar:1.0.7-SNAPSHOT]
	at org.evosuite.TestSuiteGenerator.compileAndCheckTests(TestSuiteGenerator.java:605) [evosuite-master-1.0.7-SNAPSHOT.jar:1.0.7-SNAPSHOT]
	at org.evosuite.TestSuiteGenerator.postProcessTests(TestSuiteGenerator.java:556) [evosuite-master-1.0.7-SNAPSHOT.jar:1.0.7-SNAPSHOT]
	at org.evosuite.TestSuiteGenerator.generateTestSuite(TestSuiteGenerator.java:254) [evosuite-master-1.0.7-SNAPSHOT.jar:1.0.7-SNAPSHOT]
	at org.evosuite.rmi.service.ClientNodeImpl$1.run(ClientNodeImpl.java:160) [evosuite-master-1.0.7-SNAPSHOT.jar:1.0.7-SNAPSHOT]
	at java.util.concurrent.Executors$RunnableAdapter.call(Executors.java:511) [na:1.8.0_91]
	at java.util.concurrent.FutureTask.run(FutureTask.java:266) [na:1.8.0_91]
	at java.util.concurrent.ThreadPoolExecutor.runWorker(ThreadPoolExecutor.java:1142) [na:1.8.0_91]
	at java.util.concurrent.ThreadPoolExecutor$Worker.run(ThreadPoolExecutor.java:617) [na:1.8.0_91]
	at java.lang.Thread.run(Thread.java:745) [na:1.8.0_91]
[MASTER] 21:54:13.700 [logback-2] ERROR FileIOUtils - Error while reading file DotSearchTracing_1_tmp__ESTest_scaffolding.java , /tmp/EvoSuite_1_1550523253638/org/sat4j/tools/DotSearchTracing_1_tmp__ESTest_scaffolding.java (Too many open files)
java.io.FileNotFoundException: /tmp/EvoSuite_1_1550523253638/org/sat4j/tools/DotSearchTracing_1_tmp__ESTest_scaffolding.java (Too many open files)
	at java.io.FileOutputStream.open0(Native Method) ~[na:1.8.0_91]
	at java.io.FileOutputStream.open(FileOutputStream.java:270) ~[na:1.8.0_91]
	at java.io.FileOutputStream.<init>(FileOutputStream.java:213) ~[na:1.8.0_91]
	at org.evosuite.shaded.org.apache.commons.io.FileUtils.openOutputStream(FileUtils.java:365) ~[evosuite-master-1.0.7-SNAPSHOT.jar:1.0.7-SNAPSHOT]
	at org.evosuite.shaded.org.apache.commons.io.FileUtils.writeStringToFile(FileUtils.java:2015) ~[evosuite-master-1.0.7-SNAPSHOT.jar:1.0.7-SNAPSHOT]
	at org.evosuite.shaded.org.apache.commons.io.FileUtils.writeStringToFile(FileUtils.java:2048) ~[evosuite-master-1.0.7-SNAPSHOT.jar:1.0.7-SNAPSHOT]
	at org.evosuite.utils.FileIOUtils.writeFile(FileIOUtils.java:98) ~[evosuite-master-1.0.7-SNAPSHOT.jar:1.0.7-SNAPSHOT]
	at org.evosuite.junit.writer.TestSuiteWriter.writeTestSuite(TestSuiteWriter.java:265) [evosuite-master-1.0.7-SNAPSHOT.jar:1.0.7-SNAPSHOT]
	at org.evosuite.junit.JUnitAnalyzer.compileTests(JUnitAnalyzer.java:356) [evosuite-master-1.0.7-SNAPSHOT.jar:1.0.7-SNAPSHOT]
	at org.evosuite.junit.JUnitAnalyzer.removeTestsThatDoNotCompile(JUnitAnalyzer.java:105) [evosuite-master-1.0.7-SNAPSHOT.jar:1.0.7-SNAPSHOT]
	at org.evosuite.TestSuiteGenerator.compileAndCheckTests(TestSuiteGenerator.java:605) [evosuite-master-1.0.7-SNAPSHOT.jar:1.0.7-SNAPSHOT]
	at org.evosuite.TestSuiteGenerator.postProcessTests(TestSuiteGenerator.java:556) [evosuite-master-1.0.7-SNAPSHOT.jar:1.0.7-SNAPSHOT]
	at org.evosuite.TestSuiteGenerator.generateTestSuite(TestSuiteGenerator.java:254) [evosuite-master-1.0.7-SNAPSHOT.jar:1.0.7-SNAPSHOT]
	at org.evosuite.rmi.service.ClientNodeImpl$1.run(ClientNodeImpl.java:160) [evosuite-master-1.0.7-SNAPSHOT.jar:1.0.7-SNAPSHOT]
	at java.util.concurrent.Executors$RunnableAdapter.call(Executors.java:511) [na:1.8.0_91]
	at java.util.concurrent.FutureTask.run(FutureTask.java:266) [na:1.8.0_91]
	at java.util.concurrent.ThreadPoolExecutor.runWorker(ThreadPoolExecutor.java:1142) [na:1.8.0_91]
	at java.util.concurrent.ThreadPoolExecutor$Worker.run(ThreadPoolExecutor.java:617) [na:1.8.0_91]
	at java.lang.Thread.run(Thread.java:745) [na:1.8.0_91]
[MASTER] 21:54:13.723 [logback-2] ERROR JUnitAnalyzer - Supposed to generate /tmp/EvoSuite_1_1550523253638/org/sat4j/tools/DotSearchTracing_1_tmp__ESTest.java but it does not exist
[MASTER] 21:54:13.723 [logback-2] ERROR JUnitAnalyzer - Failed to compile test case:
DotSearchTracing<String> dotSearchTracing0 = new DotSearchTracing<String>("Uj[m=l!J`}");
dotSearchTracing0.start();

[MASTER] 21:54:13.724 [logback-2] ERROR JUnitAnalyzer - Cannot delete tmp dir: /tmp/EvoSuite_1_1550523253638
java.io.IOException: Failed to list contents of /tmp/EvoSuite_1_1550523253638
	at org.evosuite.shaded.org.apache.commons.io.FileUtils.verifiedListFiles(FileUtils.java:1751) ~[evosuite-master-1.0.7-SNAPSHOT.jar:1.0.7-SNAPSHOT]
	at org.evosuite.shaded.org.apache.commons.io.FileUtils.cleanDirectory(FileUtils.java:1716) ~[evosuite-master-1.0.7-SNAPSHOT.jar:1.0.7-SNAPSHOT]
	at org.evosuite.shaded.org.apache.commons.io.FileUtils.deleteDirectory(FileUtils.java:1617) ~[evosuite-master-1.0.7-SNAPSHOT.jar:1.0.7-SNAPSHOT]
	at org.evosuite.junit.JUnitAnalyzer.removeTestsThatDoNotCompile(JUnitAnalyzer.java:115) ~[evosuite-master-1.0.7-SNAPSHOT.jar:1.0.7-SNAPSHOT]
	at org.evosuite.TestSuiteGenerator.compileAndCheckTests(TestSuiteGenerator.java:605) [evosuite-master-1.0.7-SNAPSHOT.jar:1.0.7-SNAPSHOT]
	at org.evosuite.TestSuiteGenerator.postProcessTests(TestSuiteGenerator.java:556) [evosuite-master-1.0.7-SNAPSHOT.jar:1.0.7-SNAPSHOT]
	at org.evosuite.TestSuiteGenerator.generateTestSuite(TestSuiteGenerator.java:254) [evosuite-master-1.0.7-SNAPSHOT.jar:1.0.7-SNAPSHOT]
	at org.evosuite.rmi.service.ClientNodeImpl$1.run(ClientNodeImpl.java:160) [evosuite-master-1.0.7-SNAPSHOT.jar:1.0.7-SNAPSHOT]
	at java.util.concurrent.Executors$RunnableAdapter.call(Executors.java:511) [na:1.8.0_91]
	at java.util.concurrent.FutureTask.run(FutureTask.java:266) [na:1.8.0_91]
	at java.util.concurrent.ThreadPoolExecutor.runWorker(ThreadPoolExecutor.java:1142) [na:1.8.0_91]
	at java.util.concurrent.ThreadPoolExecutor$Worker.run(ThreadPoolExecutor.java:617) [na:1.8.0_91]
	at java.lang.Thread.run(Thread.java:745) [na:1.8.0_91]
[MASTER] 21:54:13.760 [logback-2] ERROR FileIOUtils - Error while reading file DotSearchTracing_2_tmp__ESTest.java , /tmp/EvoSuite_2_1550523253735/org/sat4j/tools/DotSearchTracing_2_tmp__ESTest.java (Too many open files)
java.io.FileNotFoundException: /tmp/EvoSuite_2_1550523253735/org/sat4j/tools/DotSearchTracing_2_tmp__ESTest.java (Too many open files)
	at java.io.FileOutputStream.open0(Native Method) ~[na:1.8.0_91]
	at java.io.FileOutputStream.open(FileOutputStream.java:270) ~[na:1.8.0_91]
	at java.io.FileOutputStream.<init>(FileOutputStream.java:213) ~[na:1.8.0_91]
	at org.evosuite.shaded.org.apache.commons.io.FileUtils.openOutputStream(FileUtils.java:365) ~[evosuite-master-1.0.7-SNAPSHOT.jar:1.0.7-SNAPSHOT]
	at org.evosuite.shaded.org.apache.commons.io.FileUtils.writeStringToFile(FileUtils.java:2015) ~[evosuite-master-1.0.7-SNAPSHOT.jar:1.0.7-SNAPSHOT]
	at org.evosuite.shaded.org.apache.commons.io.FileUtils.writeStringToFile(FileUtils.java:2048) ~[evosuite-master-1.0.7-SNAPSHOT.jar:1.0.7-SNAPSHOT]
	at org.evosuite.utils.FileIOUtils.writeFile(FileIOUtils.java:98) ~[evosuite-master-1.0.7-SNAPSHOT.jar:1.0.7-SNAPSHOT]
	at org.evosuite.junit.writer.TestSuiteWriter.writeTestSuite(TestSuiteWriter.java:247) [evosuite-master-1.0.7-SNAPSHOT.jar:1.0.7-SNAPSHOT]
	at org.evosuite.junit.JUnitAnalyzer.compileTests(JUnitAnalyzer.java:356) [evosuite-master-1.0.7-SNAPSHOT.jar:1.0.7-SNAPSHOT]
	at org.evosuite.junit.JUnitAnalyzer.removeTestsThatDoNotCompile(JUnitAnalyzer.java:105) [evosuite-master-1.0.7-SNAPSHOT.jar:1.0.7-SNAPSHOT]
	at org.evosuite.TestSuiteGenerator.compileAndCheckTests(TestSuiteGenerator.java:605) [evosuite-master-1.0.7-SNAPSHOT.jar:1.0.7-SNAPSHOT]
	at org.evosuite.TestSuiteGenerator.postProcessTests(TestSuiteGenerator.java:556) [evosuite-master-1.0.7-SNAPSHOT.jar:1.0.7-SNAPSHOT]
	at org.evosuite.TestSuiteGenerator.generateTestSuite(TestSuiteGenerator.java:254) [evosuite-master-1.0.7-SNAPSHOT.jar:1.0.7-SNAPSHOT]
	at org.evosuite.rmi.service.ClientNodeImpl$1.run(ClientNodeImpl.java:160) [evosuite-master-1.0.7-SNAPSHOT.jar:1.0.7-SNAPSHOT]
	at java.util.concurrent.Executors$RunnableAdapter.call(Executors.java:511) [na:1.8.0_91]
	at java.util.concurrent.FutureTask.run(FutureTask.java:266) [na:1.8.0_91]
	at java.util.concurrent.ThreadPoolExecutor.runWorker(ThreadPoolExecutor.java:1142) [na:1.8.0_91]
	at java.util.concurrent.ThreadPoolExecutor$Worker.run(ThreadPoolExecutor.java:617) [na:1.8.0_91]
	at java.lang.Thread.run(Thread.java:745) [na:1.8.0_91]
[MASTER] 21:54:13.762 [logback-2] ERROR FileIOUtils - Error while reading file DotSearchTracing_2_tmp__ESTest_scaffolding.java , /tmp/EvoSuite_2_1550523253735/org/sat4j/tools/DotSearchTracing_2_tmp__ESTest_scaffolding.java (Too many open files)
java.io.FileNotFoundException: /tmp/EvoSuite_2_1550523253735/org/sat4j/tools/DotSearchTracing_2_tmp__ESTest_scaffolding.java (Too many open files)
	at java.io.FileOutputStream.open0(Native Method) ~[na:1.8.0_91]
	at java.io.FileOutputStream.open(FileOutputStream.java:270) ~[na:1.8.0_91]
	at java.io.FileOutputStream.<init>(FileOutputStream.java:213) ~[na:1.8.0_91]
	at org.evosuite.shaded.org.apache.commons.io.FileUtils.openOutputStream(FileUtils.java:365) ~[evosuite-master-1.0.7-SNAPSHOT.jar:1.0.7-SNAPSHOT]
	at org.evosuite.shaded.org.apache.commons.io.FileUtils.writeStringToFile(FileUtils.java:2015) ~[evosuite-master-1.0.7-SNAPSHOT.jar:1.0.7-SNAPSHOT]
	at org.evosuite.shaded.org.apache.commons.io.FileUtils.writeStringToFile(FileUtils.java:2048) ~[evosuite-master-1.0.7-SNAPSHOT.jar:1.0.7-SNAPSHOT]
	at org.evosuite.utils.FileIOUtils.writeFile(FileIOUtils.java:98) ~[evosuite-master-1.0.7-SNAPSHOT.jar:1.0.7-SNAPSHOT]
	at org.evosuite.junit.writer.TestSuiteWriter.writeTestSuite(TestSuiteWriter.java:265) [evosuite-master-1.0.7-SNAPSHOT.jar:1.0.7-SNAPSHOT]
	at org.evosuite.junit.JUnitAnalyzer.compileTests(JUnitAnalyzer.java:356) [evosuite-master-1.0.7-SNAPSHOT.jar:1.0.7-SNAPSHOT]
	at org.evosuite.junit.JUnitAnalyzer.removeTestsThatDoNotCompile(JUnitAnalyzer.java:105) [evosuite-master-1.0.7-SNAPSHOT.jar:1.0.7-SNAPSHOT]
	at org.evosuite.TestSuiteGenerator.compileAndCheckTests(TestSuiteGenerator.java:605) [evosuite-master-1.0.7-SNAPSHOT.jar:1.0.7-SNAPSHOT]
	at org.evosuite.TestSuiteGenerator.postProcessTests(TestSuiteGenerator.java:556) [evosuite-master-1.0.7-SNAPSHOT.jar:1.0.7-SNAPSHOT]
	at org.evosuite.TestSuiteGenerator.generateTestSuite(TestSuiteGenerator.java:254) [evosuite-master-1.0.7-SNAPSHOT.jar:1.0.7-SNAPSHOT]
	at org.evosuite.rmi.service.ClientNodeImpl$1.run(ClientNodeImpl.java:160) [evosuite-master-1.0.7-SNAPSHOT.jar:1.0.7-SNAPSHOT]
	at java.util.concurrent.Executors$RunnableAdapter.call(Executors.java:511) [na:1.8.0_91]
	at java.util.concurrent.FutureTask.run(FutureTask.java:266) [na:1.8.0_91]
	at java.util.concurrent.ThreadPoolExecutor.runWorker(ThreadPoolExecutor.java:1142) [na:1.8.0_91]
	at java.util.concurrent.ThreadPoolExecutor$Worker.run(ThreadPoolExecutor.java:617) [na:1.8.0_91]
	at java.lang.Thread.run(Thread.java:745) [na:1.8.0_91]
[MASTER] 21:54:13.786 [logback-2] ERROR JUnitAnalyzer - Supposed to generate /tmp/EvoSuite_2_1550523253735/org/sat4j/tools/DotSearchTracing_2_tmp__ESTest.java but it does not exist
[MASTER] 21:54:13.791 [logback-2] ERROR JUnitAnalyzer - Failed to compile test case:
DotSearchTracing<MixedDataStructureDanielWL> dotSearchTracing0 = new DotSearchTracing<MixedDataStructureDanielWL>("/xJ");
Lbool lbool0 = Lbool.TRUE;
dotSearchTracing0.end(lbool0);

[MASTER] 21:54:13.792 [logback-2] ERROR JUnitAnalyzer - Cannot delete tmp dir: /tmp/EvoSuite_2_1550523253735
java.io.IOException: Failed to list contents of /tmp/EvoSuite_2_1550523253735
	at org.evosuite.shaded.org.apache.commons.io.FileUtils.verifiedListFiles(FileUtils.java:1751) ~[evosuite-master-1.0.7-SNAPSHOT.jar:1.0.7-SNAPSHOT]
	at org.evosuite.shaded.org.apache.commons.io.FileUtils.cleanDirectory(FileUtils.java:1716) ~[evosuite-master-1.0.7-SNAPSHOT.jar:1.0.7-SNAPSHOT]
	at org.evosuite.shaded.org.apache.commons.io.FileUtils.deleteDirectory(FileUtils.java:1617) ~[evosuite-master-1.0.7-SNAPSHOT.jar:1.0.7-SNAPSHOT]
	at org.evosuite.junit.JUnitAnalyzer.removeTestsThatDoNotCompile(JUnitAnalyzer.java:115) ~[evosuite-master-1.0.7-SNAPSHOT.jar:1.0.7-SNAPSHOT]
	at org.evosuite.TestSuiteGenerator.compileAndCheckTests(TestSuiteGenerator.java:605) [evosuite-master-1.0.7-SNAPSHOT.jar:1.0.7-SNAPSHOT]
	at org.evosuite.TestSuiteGenerator.postProcessTests(TestSuiteGenerator.java:556) [evosuite-master-1.0.7-SNAPSHOT.jar:1.0.7-SNAPSHOT]
	at org.evosuite.TestSuiteGenerator.generateTestSuite(TestSuiteGenerator.java:254) [evosuite-master-1.0.7-SNAPSHOT.jar:1.0.7-SNAPSHOT]
	at org.evosuite.rmi.service.ClientNodeImpl$1.run(ClientNodeImpl.java:160) [evosuite-master-1.0.7-SNAPSHOT.jar:1.0.7-SNAPSHOT]
	at java.util.concurrent.Executors$RunnableAdapter.call(Executors.java:511) [na:1.8.0_91]
	at java.util.concurrent.FutureTask.run(FutureTask.java:266) [na:1.8.0_91]
	at java.util.concurrent.ThreadPoolExecutor.runWorker(ThreadPoolExecutor.java:1142) [na:1.8.0_91]
	at java.util.concurrent.ThreadPoolExecutor$Worker.run(ThreadPoolExecutor.java:617) [na:1.8.0_91]
	at java.lang.Thread.run(Thread.java:745) [na:1.8.0_91]
[MASTER] 21:54:13.874 [logback-2] ERROR FileIOUtils - Error while reading file DotSearchTracing_3_tmp__ESTest.java , /tmp/EvoSuite_3_1550523253793/org/sat4j/tools/DotSearchTracing_3_tmp__ESTest.java (Too many open files)
java.io.FileNotFoundException: /tmp/EvoSuite_3_1550523253793/org/sat4j/tools/DotSearchTracing_3_tmp__ESTest.java (Too many open files)
	at java.io.FileOutputStream.open0(Native Method) ~[na:1.8.0_91]
	at java.io.FileOutputStream.open(FileOutputStream.java:270) ~[na:1.8.0_91]
	at java.io.FileOutputStream.<init>(FileOutputStream.java:213) ~[na:1.8.0_91]
	at org.evosuite.shaded.org.apache.commons.io.FileUtils.openOutputStream(FileUtils.java:365) ~[evosuite-master-1.0.7-SNAPSHOT.jar:1.0.7-SNAPSHOT]
	at org.evosuite.shaded.org.apache.commons.io.FileUtils.writeStringToFile(FileUtils.java:2015) ~[evosuite-master-1.0.7-SNAPSHOT.jar:1.0.7-SNAPSHOT]
	at org.evosuite.shaded.org.apache.commons.io.FileUtils.writeStringToFile(FileUtils.java:2048) ~[evosuite-master-1.0.7-SNAPSHOT.jar:1.0.7-SNAPSHOT]
	at org.evosuite.utils.FileIOUtils.writeFile(FileIOUtils.java:98) ~[evosuite-master-1.0.7-SNAPSHOT.jar:1.0.7-SNAPSHOT]
	at org.evosuite.junit.writer.TestSuiteWriter.writeTestSuite(TestSuiteWriter.java:247) [evosuite-master-1.0.7-SNAPSHOT.jar:1.0.7-SNAPSHOT]
	at org.evosuite.junit.JUnitAnalyzer.compileTests(JUnitAnalyzer.java:356) [evosuite-master-1.0.7-SNAPSHOT.jar:1.0.7-SNAPSHOT]
	at org.evosuite.junit.JUnitAnalyzer.removeTestsThatDoNotCompile(JUnitAnalyzer.java:105) [evosuite-master-1.0.7-SNAPSHOT.jar:1.0.7-SNAPSHOT]
	at org.evosuite.TestSuiteGenerator.compileAndCheckTests(TestSuiteGenerator.java:605) [evosuite-master-1.0.7-SNAPSHOT.jar:1.0.7-SNAPSHOT]
	at org.evosuite.TestSuiteGenerator.postProcessTests(TestSuiteGenerator.java:556) [evosuite-master-1.0.7-SNAPSHOT.jar:1.0.7-SNAPSHOT]
	at org.evosuite.TestSuiteGenerator.generateTestSuite(TestSuiteGenerator.java:254) [evosuite-master-1.0.7-SNAPSHOT.jar:1.0.7-SNAPSHOT]
	at org.evosuite.rmi.service.ClientNodeImpl$1.run(ClientNodeImpl.java:160) [evosuite-master-1.0.7-SNAPSHOT.jar:1.0.7-SNAPSHOT]
	at java.util.concurrent.Executors$RunnableAdapter.call(Executors.java:511) [na:1.8.0_91]
	at java.util.concurrent.FutureTask.run(FutureTask.java:266) [na:1.8.0_91]
	at java.util.concurrent.ThreadPoolExecutor.runWorker(ThreadPoolExecutor.java:1142) [na:1.8.0_91]
	at java.util.concurrent.ThreadPoolExecutor$Worker.run(ThreadPoolExecutor.java:617) [na:1.8.0_91]
	at java.lang.Thread.run(Thread.java:745) [na:1.8.0_91]
[MASTER] 21:54:13.875 [logback-2] ERROR FileIOUtils - Error while reading file DotSearchTracing_3_tmp__ESTest_scaffolding.java , /tmp/EvoSuite_3_1550523253793/org/sat4j/tools/DotSearchTracing_3_tmp__ESTest_scaffolding.java (Too many open files)
java.io.FileNotFoundException: /tmp/EvoSuite_3_1550523253793/org/sat4j/tools/DotSearchTracing_3_tmp__ESTest_scaffolding.java (Too many open files)
	at java.io.FileOutputStream.open0(Native Method) ~[na:1.8.0_91]
	at java.io.FileOutputStream.open(FileOutputStream.java:270) ~[na:1.8.0_91]
	at java.io.FileOutputStream.<init>(FileOutputStream.java:213) ~[na:1.8.0_91]
	at org.evosuite.shaded.org.apache.commons.io.FileUtils.openOutputStream(FileUtils.java:365) ~[evosuite-master-1.0.7-SNAPSHOT.jar:1.0.7-SNAPSHOT]
	at org.evosuite.shaded.org.apache.commons.io.FileUtils.writeStringToFile(FileUtils.java:2015) ~[evosuite-master-1.0.7-SNAPSHOT.jar:1.0.7-SNAPSHOT]
	at org.evosuite.shaded.org.apache.commons.io.FileUtils.writeStringToFile(FileUtils.java:2048) ~[evosuite-master-1.0.7-SNAPSHOT.jar:1.0.7-SNAPSHOT]
	at org.evosuite.utils.FileIOUtils.writeFile(FileIOUtils.java:98) ~[evosuite-master-1.0.7-SNAPSHOT.jar:1.0.7-SNAPSHOT]
	at org.evosuite.junit.writer.TestSuiteWriter.writeTestSuite(TestSuiteWriter.java:265) [evosuite-master-1.0.7-SNAPSHOT.jar:1.0.7-SNAPSHOT]
	at org.evosuite.junit.JUnitAnalyzer.compileTests(JUnitAnalyzer.java:356) [evosuite-master-1.0.7-SNAPSHOT.jar:1.0.7-SNAPSHOT]
	at org.evosuite.junit.JUnitAnalyzer.removeTestsThatDoNotCompile(JUnitAnalyzer.java:105) [evosuite-master-1.0.7-SNAPSHOT.jar:1.0.7-SNAPSHOT]
	at org.evosuite.TestSuiteGenerator.compileAndCheckTests(TestSuiteGenerator.java:605) [evosuite-master-1.0.7-SNAPSHOT.jar:1.0.7-SNAPSHOT]
	at org.evosuite.TestSuiteGenerator.postProcessTests(TestSuiteGenerator.java:556) [evosuite-master-1.0.7-SNAPSHOT.jar:1.0.7-SNAPSHOT]
	at org.evosuite.TestSuiteGenerator.generateTestSuite(TestSuiteGenerator.java:254) [evosuite-master-1.0.7-SNAPSHOT.jar:1.0.7-SNAPSHOT]
	at org.evosuite.rmi.service.ClientNodeImpl$1.run(ClientNodeImpl.java:160) [evosuite-master-1.0.7-SNAPSHOT.jar:1.0.7-SNAPSHOT]
	at java.util.concurrent.Executors$RunnableAdapter.call(Executors.java:511) [na:1.8.0_91]
	at java.util.concurrent.FutureTask.run(FutureTask.java:266) [na:1.8.0_91]
	at java.util.concurrent.ThreadPoolExecutor.runWorker(ThreadPoolExecutor.java:1142) [na:1.8.0_91]
	at java.util.concurrent.ThreadPoolExecutor$Worker.run(ThreadPoolExecutor.java:617) [na:1.8.0_91]
	at java.lang.Thread.run(Thread.java:745) [na:1.8.0_91]
[MASTER] 21:54:13.875 [logback-2] ERROR JUnitAnalyzer - Supposed to generate /tmp/EvoSuite_3_1550523253793/org/sat4j/tools/DotSearchTracing_3_tmp__ESTest.java but it does not exist
[MASTER] 21:54:13.875 [logback-2] ERROR JUnitAnalyzer - Failed to compile test case:
DotSearchTracing<String> dotSearchTracing0 = new DotSearchTracing<String>("Uj[m=l!J`}");
dotSearchTracing0.assuming((-2075));

[MASTER] 21:54:13.886 [logback-2] ERROR JUnitAnalyzer - Cannot delete tmp dir: /tmp/EvoSuite_3_1550523253793
java.io.IOException: Failed to list contents of /tmp/EvoSuite_3_1550523253793
	at org.evosuite.shaded.org.apache.commons.io.FileUtils.verifiedListFiles(FileUtils.java:1751) ~[evosuite-master-1.0.7-SNAPSHOT.jar:1.0.7-SNAPSHOT]
	at org.evosuite.shaded.org.apache.commons.io.FileUtils.cleanDirectory(FileUtils.java:1716) ~[evosuite-master-1.0.7-SNAPSHOT.jar:1.0.7-SNAPSHOT]
	at org.evosuite.shaded.org.apache.commons.io.FileUtils.deleteDirectory(FileUtils.java:1617) ~[evosuite-master-1.0.7-SNAPSHOT.jar:1.0.7-SNAPSHOT]
	at org.evosuite.junit.JUnitAnalyzer.removeTestsThatDoNotCompile(JUnitAnalyzer.java:115) ~[evosuite-master-1.0.7-SNAPSHOT.jar:1.0.7-SNAPSHOT]
	at org.evosuite.TestSuiteGenerator.compileAndCheckTests(TestSuiteGenerator.java:605) [evosuite-master-1.0.7-SNAPSHOT.jar:1.0.7-SNAPSHOT]
	at org.evosuite.TestSuiteGenerator.postProcessTests(TestSuiteGenerator.java:556) [evosuite-master-1.0.7-SNAPSHOT.jar:1.0.7-SNAPSHOT]
	at org.evosuite.TestSuiteGenerator.generateTestSuite(TestSuiteGenerator.java:254) [evosuite-master-1.0.7-SNAPSHOT.jar:1.0.7-SNAPSHOT]
	at org.evosuite.rmi.service.ClientNodeImpl$1.run(ClientNodeImpl.java:160) [evosuite-master-1.0.7-SNAPSHOT.jar:1.0.7-SNAPSHOT]
	at java.util.concurrent.Executors$RunnableAdapter.call(Executors.java:511) [na:1.8.0_91]
	at java.util.concurrent.FutureTask.run(FutureTask.java:266) [na:1.8.0_91]
	at java.util.concurrent.ThreadPoolExecutor.runWorker(ThreadPoolExecutor.java:1142) [na:1.8.0_91]
	at java.util.concurrent.ThreadPoolExecutor$Worker.run(ThreadPoolExecutor.java:617) [na:1.8.0_91]
	at java.lang.Thread.run(Thread.java:745) [na:1.8.0_91]
[MASTER] 21:54:13.898 [logback-2] ERROR FileIOUtils - Error while reading file DotSearchTracing_4_tmp__ESTest.java , /tmp/EvoSuite_4_1550523253886/org/sat4j/tools/DotSearchTracing_4_tmp__ESTest.java (Too many open files)
java.io.FileNotFoundException: /tmp/EvoSuite_4_1550523253886/org/sat4j/tools/DotSearchTracing_4_tmp__ESTest.java (Too many open files)
	at java.io.FileOutputStream.open0(Native Method) ~[na:1.8.0_91]
	at java.io.FileOutputStream.open(FileOutputStream.java:270) ~[na:1.8.0_91]
	at java.io.FileOutputStream.<init>(FileOutputStream.java:213) ~[na:1.8.0_91]
	at org.evosuite.shaded.org.apache.commons.io.FileUtils.openOutputStream(FileUtils.java:365) ~[evosuite-master-1.0.7-SNAPSHOT.jar:1.0.7-SNAPSHOT]
	at org.evosuite.shaded.org.apache.commons.io.FileUtils.writeStringToFile(FileUtils.java:2015) ~[evosuite-master-1.0.7-SNAPSHOT.jar:1.0.7-SNAPSHOT]
	at org.evosuite.shaded.org.apache.commons.io.FileUtils.writeStringToFile(FileUtils.java:2048) ~[evosuite-master-1.0.7-SNAPSHOT.jar:1.0.7-SNAPSHOT]
	at org.evosuite.utils.FileIOUtils.writeFile(FileIOUtils.java:98) ~[evosuite-master-1.0.7-SNAPSHOT.jar:1.0.7-SNAPSHOT]
	at org.evosuite.junit.writer.TestSuiteWriter.writeTestSuite(TestSuiteWriter.java:247) [evosuite-master-1.0.7-SNAPSHOT.jar:1.0.7-SNAPSHOT]
	at org.evosuite.junit.JUnitAnalyzer.compileTests(JUnitAnalyzer.java:356) [evosuite-master-1.0.7-SNAPSHOT.jar:1.0.7-SNAPSHOT]
	at org.evosuite.junit.JUnitAnalyzer.removeTestsThatDoNotCompile(JUnitAnalyzer.java:105) [evosuite-master-1.0.7-SNAPSHOT.jar:1.0.7-SNAPSHOT]
	at org.evosuite.TestSuiteGenerator.compileAndCheckTests(TestSuiteGenerator.java:605) [evosuite-master-1.0.7-SNAPSHOT.jar:1.0.7-SNAPSHOT]
	at org.evosuite.TestSuiteGenerator.postProcessTests(TestSuiteGenerator.java:556) [evosuite-master-1.0.7-SNAPSHOT.jar:1.0.7-SNAPSHOT]
	at org.evosuite.TestSuiteGenerator.generateTestSuite(TestSuiteGenerator.java:254) [evosuite-master-1.0.7-SNAPSHOT.jar:1.0.7-SNAPSHOT]
	at org.evosuite.rmi.service.ClientNodeImpl$1.run(ClientNodeImpl.java:160) [evosuite-master-1.0.7-SNAPSHOT.jar:1.0.7-SNAPSHOT]
	at java.util.concurrent.Executors$RunnableAdapter.call(Executors.java:511) [na:1.8.0_91]
	at java.util.concurrent.FutureTask.run(FutureTask.java:266) [na:1.8.0_91]
	at java.util.concurrent.ThreadPoolExecutor.runWorker(ThreadPoolExecutor.java:1142) [na:1.8.0_91]
	at java.util.concurrent.ThreadPoolExecutor$Worker.run(ThreadPoolExecutor.java:617) [na:1.8.0_91]
	at java.lang.Thread.run(Thread.java:745) [na:1.8.0_91]
[MASTER] 21:54:13.899 [logback-2] ERROR FileIOUtils - Error while reading file DotSearchTracing_4_tmp__ESTest_scaffolding.java , /tmp/EvoSuite_4_1550523253886/org/sat4j/tools/DotSearchTracing_4_tmp__ESTest_scaffolding.java (Too many open files)
java.io.FileNotFoundException: /tmp/EvoSuite_4_1550523253886/org/sat4j/tools/DotSearchTracing_4_tmp__ESTest_scaffolding.java (Too many open files)
	at java.io.FileOutputStream.open0(Native Method) ~[na:1.8.0_91]
	at java.io.FileOutputStream.open(FileOutputStream.java:270) ~[na:1.8.0_91]
	at java.io.FileOutputStream.<init>(FileOutputStream.java:213) ~[na:1.8.0_91]
	at org.evosuite.shaded.org.apache.commons.io.FileUtils.openOutputStream(FileUtils.java:365) ~[evosuite-master-1.0.7-SNAPSHOT.jar:1.0.7-SNAPSHOT]
	at org.evosuite.shaded.org.apache.commons.io.FileUtils.writeStringToFile(FileUtils.java:2015) ~[evosuite-master-1.0.7-SNAPSHOT.jar:1.0.7-SNAPSHOT]
	at org.evosuite.shaded.org.apache.commons.io.FileUtils.writeStringToFile(FileUtils.java:2048) ~[evosuite-master-1.0.7-SNAPSHOT.jar:1.0.7-SNAPSHOT]
	at org.evosuite.utils.FileIOUtils.writeFile(FileIOUtils.java:98) ~[evosuite-master-1.0.7-SNAPSHOT.jar:1.0.7-SNAPSHOT]
	at org.evosuite.junit.writer.TestSuiteWriter.writeTestSuite(TestSuiteWriter.java:265) [evosuite-master-1.0.7-SNAPSHOT.jar:1.0.7-SNAPSHOT]
	at org.evosuite.junit.JUnitAnalyzer.compileTests(JUnitAnalyzer.java:356) [evosuite-master-1.0.7-SNAPSHOT.jar:1.0.7-SNAPSHOT]
	at org.evosuite.junit.JUnitAnalyzer.removeTestsThatDoNotCompile(JUnitAnalyzer.java:105) [evosuite-master-1.0.7-SNAPSHOT.jar:1.0.7-SNAPSHOT]
	at org.evosuite.TestSuiteGenerator.compileAndCheckTests(TestSuiteGenerator.java:605) [evosuite-master-1.0.7-SNAPSHOT.jar:1.0.7-SNAPSHOT]
	at org.evosuite.TestSuiteGenerator.postProcessTests(TestSuiteGenerator.java:556) [evosuite-master-1.0.7-SNAPSHOT.jar:1.0.7-SNAPSHOT]
	at org.evosuite.TestSuiteGenerator.generateTestSuite(TestSuiteGenerator.java:254) [evosuite-master-1.0.7-SNAPSHOT.jar:1.0.7-SNAPSHOT]
	at org.evosuite.rmi.service.ClientNodeImpl$1.run(ClientNodeImpl.java:160) [evosuite-master-1.0.7-SNAPSHOT.jar:1.0.7-SNAPSHOT]
	at java.util.concurrent.Executors$RunnableAdapter.call(Executors.java:511) [na:1.8.0_91]
	at java.util.concurrent.FutureTask.run(FutureTask.java:266) [na:1.8.0_91]
	at java.util.concurrent.ThreadPoolExecutor.runWorker(ThreadPoolExecutor.java:1142) [na:1.8.0_91]
	at java.util.concurrent.ThreadPoolExecutor$Worker.run(ThreadPoolExecutor.java:617) [na:1.8.0_91]
	at java.lang.Thread.run(Thread.java:745) [na:1.8.0_91]
[MASTER] 21:54:13.899 [logback-2] ERROR JUnitAnalyzer - Supposed to generate /tmp/EvoSuite_4_1550523253886/org/sat4j/tools/DotSearchTracing_4_tmp__ESTest.java but it does not exist
[MASTER] 21:54:13.899 [logback-2] ERROR JUnitAnalyzer - Failed to compile test case:
DotSearchTracing<Object> dotSearchTracing0 = new DotSearchTracing<Object>("\"[label=\"\", color=orange, style=dotted]");
dotSearchTracing0.assuming((-2664));

[MASTER] 21:54:13.899 [logback-2] ERROR JUnitAnalyzer - Cannot delete tmp dir: /tmp/EvoSuite_4_1550523253886
java.io.IOException: Failed to list contents of /tmp/EvoSuite_4_1550523253886
	at org.evosuite.shaded.org.apache.commons.io.FileUtils.verifiedListFiles(FileUtils.java:1751) ~[evosuite-master-1.0.7-SNAPSHOT.jar:1.0.7-SNAPSHOT]
	at org.evosuite.shaded.org.apache.commons.io.FileUtils.cleanDirectory(FileUtils.java:1716) ~[evosuite-master-1.0.7-SNAPSHOT.jar:1.0.7-SNAPSHOT]
	at org.evosuite.shaded.org.apache.commons.io.FileUtils.deleteDirectory(FileUtils.java:1617) ~[evosuite-master-1.0.7-SNAPSHOT.jar:1.0.7-SNAPSHOT]
	at org.evosuite.junit.JUnitAnalyzer.removeTestsThatDoNotCompile(JUnitAnalyzer.java:115) ~[evosuite-master-1.0.7-SNAPSHOT.jar:1.0.7-SNAPSHOT]
	at org.evosuite.TestSuiteGenerator.compileAndCheckTests(TestSuiteGenerator.java:605) [evosuite-master-1.0.7-SNAPSHOT.jar:1.0.7-SNAPSHOT]
	at org.evosuite.TestSuiteGenerator.postProcessTests(TestSuiteGenerator.java:556) [evosuite-master-1.0.7-SNAPSHOT.jar:1.0.7-SNAPSHOT]
	at org.evosuite.TestSuiteGenerator.generateTestSuite(TestSuiteGenerator.java:254) [evosuite-master-1.0.7-SNAPSHOT.jar:1.0.7-SNAPSHOT]
	at org.evosuite.rmi.service.ClientNodeImpl$1.run(ClientNodeImpl.java:160) [evosuite-master-1.0.7-SNAPSHOT.jar:1.0.7-SNAPSHOT]
	at java.util.concurrent.Executors$RunnableAdapter.call(Executors.java:511) [na:1.8.0_91]
	at java.util.concurrent.FutureTask.run(FutureTask.java:266) [na:1.8.0_91]
	at java.util.concurrent.ThreadPoolExecutor.runWorker(ThreadPoolExecutor.java:1142) [na:1.8.0_91]
	at java.util.concurrent.ThreadPoolExecutor$Worker.run(ThreadPoolExecutor.java:617) [na:1.8.0_91]
	at java.lang.Thread.run(Thread.java:745) [na:1.8.0_91]
[MASTER] 21:54:13.915 [logback-2] ERROR FileIOUtils - Error while reading file DotSearchTracing_5_tmp__ESTest.java , /tmp/EvoSuite_5_1550523253899/org/sat4j/tools/DotSearchTracing_5_tmp__ESTest.java (Too many open files)
java.io.FileNotFoundException: /tmp/EvoSuite_5_1550523253899/org/sat4j/tools/DotSearchTracing_5_tmp__ESTest.java (Too many open files)
	at java.io.FileOutputStream.open0(Native Method) ~[na:1.8.0_91]
	at java.io.FileOutputStream.open(FileOutputStream.java:270) ~[na:1.8.0_91]
	at java.io.FileOutputStream.<init>(FileOutputStream.java:213) ~[na:1.8.0_91]
	at org.evosuite.shaded.org.apache.commons.io.FileUtils.openOutputStream(FileUtils.java:365) ~[evosuite-master-1.0.7-SNAPSHOT.jar:1.0.7-SNAPSHOT]
	at org.evosuite.shaded.org.apache.commons.io.FileUtils.writeStringToFile(FileUtils.java:2015) ~[evosuite-master-1.0.7-SNAPSHOT.jar:1.0.7-SNAPSHOT]
	at org.evosuite.shaded.org.apache.commons.io.FileUtils.writeStringToFile(FileUtils.java:2048) ~[evosuite-master-1.0.7-SNAPSHOT.jar:1.0.7-SNAPSHOT]
	at org.evosuite.utils.FileIOUtils.writeFile(FileIOUtils.java:98) ~[evosuite-master-1.0.7-SNAPSHOT.jar:1.0.7-SNAPSHOT]
	at org.evosuite.junit.writer.TestSuiteWriter.writeTestSuite(TestSuiteWriter.java:247) [evosuite-master-1.0.7-SNAPSHOT.jar:1.0.7-SNAPSHOT]
	at org.evosuite.junit.JUnitAnalyzer.compileTests(JUnitAnalyzer.java:356) [evosuite-master-1.0.7-SNAPSHOT.jar:1.0.7-SNAPSHOT]
	at org.evosuite.junit.JUnitAnalyzer.removeTestsThatDoNotCompile(JUnitAnalyzer.java:105) [evosuite-master-1.0.7-SNAPSHOT.jar:1.0.7-SNAPSHOT]
	at org.evosuite.TestSuiteGenerator.compileAndCheckTests(TestSuiteGenerator.java:605) [evosuite-master-1.0.7-SNAPSHOT.jar:1.0.7-SNAPSHOT]
	at org.evosuite.TestSuiteGenerator.postProcessTests(TestSuiteGenerator.java:556) [evosuite-master-1.0.7-SNAPSHOT.jar:1.0.7-SNAPSHOT]
	at org.evosuite.TestSuiteGenerator.generateTestSuite(TestSuiteGenerator.java:254) [evosuite-master-1.0.7-SNAPSHOT.jar:1.0.7-SNAPSHOT]
	at org.evosuite.rmi.service.ClientNodeImpl$1.run(ClientNodeImpl.java:160) [evosuite-master-1.0.7-SNAPSHOT.jar:1.0.7-SNAPSHOT]
	at java.util.concurrent.Executors$RunnableAdapter.call(Executors.java:511) [na:1.8.0_91]
	at java.util.concurrent.FutureTask.run(FutureTask.java:266) [na:1.8.0_91]
	at java.util.concurrent.ThreadPoolExecutor.runWorker(ThreadPoolExecutor.java:1142) [na:1.8.0_91]
	at java.util.concurrent.ThreadPoolExecutor$Worker.run(ThreadPoolExecutor.java:617) [na:1.8.0_91]
	at java.lang.Thread.run(Thread.java:745) [na:1.8.0_91]
[MASTER] 21:54:13.917 [logback-2] ERROR FileIOUtils - Error while reading file DotSearchTracing_5_tmp__ESTest_scaffolding.java , /tmp/EvoSuite_5_1550523253899/org/sat4j/tools/DotSearchTracing_5_tmp__ESTest_scaffolding.java (Too many open files)
java.io.FileNotFoundException: /tmp/EvoSuite_5_1550523253899/org/sat4j/tools/DotSearchTracing_5_tmp__ESTest_scaffolding.java (Too many open files)
	at java.io.FileOutputStream.open0(Native Method) ~[na:1.8.0_91]
	at java.io.FileOutputStream.open(FileOutputStream.java:270) ~[na:1.8.0_91]
	at java.io.FileOutputStream.<init>(FileOutputStream.java:213) ~[na:1.8.0_91]
	at org.evosuite.shaded.org.apache.commons.io.FileUtils.openOutputStream(FileUtils.java:365) ~[evosuite-master-1.0.7-SNAPSHOT.jar:1.0.7-SNAPSHOT]
	at org.evosuite.shaded.org.apache.commons.io.FileUtils.writeStringToFile(FileUtils.java:2015) ~[evosuite-master-1.0.7-SNAPSHOT.jar:1.0.7-SNAPSHOT]
	at org.evosuite.shaded.org.apache.commons.io.FileUtils.writeStringToFile(FileUtils.java:2048) ~[evosuite-master-1.0.7-SNAPSHOT.jar:1.0.7-SNAPSHOT]
	at org.evosuite.utils.FileIOUtils.writeFile(FileIOUtils.java:98) ~[evosuite-master-1.0.7-SNAPSHOT.jar:1.0.7-SNAPSHOT]
	at org.evosuite.junit.writer.TestSuiteWriter.writeTestSuite(TestSuiteWriter.java:265) [evosuite-master-1.0.7-SNAPSHOT.jar:1.0.7-SNAPSHOT]
	at org.evosuite.junit.JUnitAnalyzer.compileTests(JUnitAnalyzer.java:356) [evosuite-master-1.0.7-SNAPSHOT.jar:1.0.7-SNAPSHOT]
	at org.evosuite.junit.JUnitAnalyzer.removeTestsThatDoNotCompile(JUnitAnalyzer.java:105) [evosuite-master-1.0.7-SNAPSHOT.jar:1.0.7-SNAPSHOT]
	at org.evosuite.TestSuiteGenerator.compileAndCheckTests(TestSuiteGenerator.java:605) [evosuite-master-1.0.7-SNAPSHOT.jar:1.0.7-SNAPSHOT]
	at org.evosuite.TestSuiteGenerator.postProcessTests(TestSuiteGenerator.java:556) [evosuite-master-1.0.7-SNAPSHOT.jar:1.0.7-SNAPSHOT]
	at org.evosuite.TestSuiteGenerator.generateTestSuite(TestSuiteGenerator.java:254) [evosuite-master-1.0.7-SNAPSHOT.jar:1.0.7-SNAPSHOT]
	at org.evosuite.rmi.service.ClientNodeImpl$1.run(ClientNodeImpl.java:160) [evosuite-master-1.0.7-SNAPSHOT.jar:1.0.7-SNAPSHOT]
	at java.util.concurrent.Executors$RunnableAdapter.call(Executors.java:511) [na:1.8.0_91]
	at java.util.concurrent.FutureTask.run(FutureTask.java:266) [na:1.8.0_91]
	at java.util.concurrent.ThreadPoolExecutor.runWorker(ThreadPoolExecutor.java:1142) [na:1.8.0_91]
	at java.util.concurrent.ThreadPoolExecutor$Worker.run(ThreadPoolExecutor.java:617) [na:1.8.0_91]
	at java.lang.Thread.run(Thread.java:745) [na:1.8.0_91]
[MASTER] 21:54:13.917 [logback-2] ERROR JUnitAnalyzer - Supposed to generate /tmp/EvoSuite_5_1550523253899/org/sat4j/tools/DotSearchTracing_5_tmp__ESTest.java but it does not exist
[MASTER] 21:54:13.918 [logback-2] ERROR JUnitAnalyzer - Failed to compile test case:
DotSearchTracing<Object> dotSearchTracing0 = new DotSearchTracing<Object>("w0?");
HashMap<Integer, Object> hashMap0 = new HashMap<Integer, Object>();
Integer integer0 = new Integer((-2055));
Integer.sum((-2055), (-1));
MixedDataStructureDanielWL mixedDataStructureDanielWL0 = new MixedDataStructureDanielWL();
hashMap0.put(integer0, mixedDataStructureDanielWL0);
hashMap0.clear();
dotSearchTracing0.setMapping(hashMap0);
dotSearchTracing0.assuming((-1128));

[MASTER] 21:54:13.918 [logback-2] ERROR JUnitAnalyzer - Cannot delete tmp dir: /tmp/EvoSuite_5_1550523253899
java.io.IOException: Failed to list contents of /tmp/EvoSuite_5_1550523253899
	at org.evosuite.shaded.org.apache.commons.io.FileUtils.verifiedListFiles(FileUtils.java:1751) ~[evosuite-master-1.0.7-SNAPSHOT.jar:1.0.7-SNAPSHOT]
	at org.evosuite.shaded.org.apache.commons.io.FileUtils.cleanDirectory(FileUtils.java:1716) ~[evosuite-master-1.0.7-SNAPSHOT.jar:1.0.7-SNAPSHOT]
	at org.evosuite.shaded.org.apache.commons.io.FileUtils.deleteDirectory(FileUtils.java:1617) ~[evosuite-master-1.0.7-SNAPSHOT.jar:1.0.7-SNAPSHOT]
	at org.evosuite.junit.JUnitAnalyzer.removeTestsThatDoNotCompile(JUnitAnalyzer.java:115) ~[evosuite-master-1.0.7-SNAPSHOT.jar:1.0.7-SNAPSHOT]
	at org.evosuite.TestSuiteGenerator.compileAndCheckTests(TestSuiteGenerator.java:605) [evosuite-master-1.0.7-SNAPSHOT.jar:1.0.7-SNAPSHOT]
	at org.evosuite.TestSuiteGenerator.postProcessTests(TestSuiteGenerator.java:556) [evosuite-master-1.0.7-SNAPSHOT.jar:1.0.7-SNAPSHOT]
	at org.evosuite.TestSuiteGenerator.generateTestSuite(TestSuiteGenerator.java:254) [evosuite-master-1.0.7-SNAPSHOT.jar:1.0.7-SNAPSHOT]
	at org.evosuite.rmi.service.ClientNodeImpl$1.run(ClientNodeImpl.java:160) [evosuite-master-1.0.7-SNAPSHOT.jar:1.0.7-SNAPSHOT]
	at java.util.concurrent.Executors$RunnableAdapter.call(Executors.java:511) [na:1.8.0_91]
	at java.util.concurrent.FutureTask.run(FutureTask.java:266) [na:1.8.0_91]
	at java.util.concurrent.ThreadPoolExecutor.runWorker(ThreadPoolExecutor.java:1142) [na:1.8.0_91]
	at java.util.concurrent.ThreadPoolExecutor$Worker.run(ThreadPoolExecutor.java:617) [na:1.8.0_91]
	at java.lang.Thread.run(Thread.java:745) [na:1.8.0_91]
[MASTER] 21:54:13.964 [logback-2] ERROR FileIOUtils - Error while reading file DotSearchTracing_6_tmp__ESTest.java , /tmp/EvoSuite_6_1550523253918/org/sat4j/tools/DotSearchTracing_6_tmp__ESTest.java (Too many open files)
java.io.FileNotFoundException: /tmp/EvoSuite_6_1550523253918/org/sat4j/tools/DotSearchTracing_6_tmp__ESTest.java (Too many open files)
	at java.io.FileOutputStream.open0(Native Method) ~[na:1.8.0_91]
	at java.io.FileOutputStream.open(FileOutputStream.java:270) ~[na:1.8.0_91]
	at java.io.FileOutputStream.<init>(FileOutputStream.java:213) ~[na:1.8.0_91]
	at org.evosuite.shaded.org.apache.commons.io.FileUtils.openOutputStream(FileUtils.java:365) ~[evosuite-master-1.0.7-SNAPSHOT.jar:1.0.7-SNAPSHOT]
	at org.evosuite.shaded.org.apache.commons.io.FileUtils.writeStringToFile(FileUtils.java:2015) ~[evosuite-master-1.0.7-SNAPSHOT.jar:1.0.7-SNAPSHOT]
	at org.evosuite.shaded.org.apache.commons.io.FileUtils.writeStringToFile(FileUtils.java:2048) ~[evosuite-master-1.0.7-SNAPSHOT.jar:1.0.7-SNAPSHOT]
	at org.evosuite.utils.FileIOUtils.writeFile(FileIOUtils.java:98) ~[evosuite-master-1.0.7-SNAPSHOT.jar:1.0.7-SNAPSHOT]
	at org.evosuite.junit.writer.TestSuiteWriter.writeTestSuite(TestSuiteWriter.java:247) [evosuite-master-1.0.7-SNAPSHOT.jar:1.0.7-SNAPSHOT]
	at org.evosuite.junit.JUnitAnalyzer.compileTests(JUnitAnalyzer.java:356) [evosuite-master-1.0.7-SNAPSHOT.jar:1.0.7-SNAPSHOT]
	at org.evosuite.junit.JUnitAnalyzer.removeTestsThatDoNotCompile(JUnitAnalyzer.java:105) [evosuite-master-1.0.7-SNAPSHOT.jar:1.0.7-SNAPSHOT]
	at org.evosuite.TestSuiteGenerator.compileAndCheckTests(TestSuiteGenerator.java:605) [evosuite-master-1.0.7-SNAPSHOT.jar:1.0.7-SNAPSHOT]
	at org.evosuite.TestSuiteGenerator.postProcessTests(TestSuiteGenerator.java:556) [evosuite-master-1.0.7-SNAPSHOT.jar:1.0.7-SNAPSHOT]
	at org.evosuite.TestSuiteGenerator.generateTestSuite(TestSuiteGenerator.java:254) [evosuite-master-1.0.7-SNAPSHOT.jar:1.0.7-SNAPSHOT]
	at org.evosuite.rmi.service.ClientNodeImpl$1.run(ClientNodeImpl.java:160) [evosuite-master-1.0.7-SNAPSHOT.jar:1.0.7-SNAPSHOT]
	at java.util.concurrent.Executors$RunnableAdapter.call(Executors.java:511) [na:1.8.0_91]
	at java.util.concurrent.FutureTask.run(FutureTask.java:266) [na:1.8.0_91]
	at java.util.concurrent.ThreadPoolExecutor.runWorker(ThreadPoolExecutor.java:1142) [na:1.8.0_91]
	at java.util.concurrent.ThreadPoolExecutor$Worker.run(ThreadPoolExecutor.java:617) [na:1.8.0_91]
	at java.lang.Thread.run(Thread.java:745) [na:1.8.0_91]
[MASTER] 21:54:13.965 [logback-2] ERROR FileIOUtils - Error while reading file DotSearchTracing_6_tmp__ESTest_scaffolding.java , /tmp/EvoSuite_6_1550523253918/org/sat4j/tools/DotSearchTracing_6_tmp__ESTest_scaffolding.java (Too many open files)
java.io.FileNotFoundException: /tmp/EvoSuite_6_1550523253918/org/sat4j/tools/DotSearchTracing_6_tmp__ESTest_scaffolding.java (Too many open files)
	at java.io.FileOutputStream.open0(Native Method) ~[na:1.8.0_91]
	at java.io.FileOutputStream.open(FileOutputStream.java:270) ~[na:1.8.0_91]
	at java.io.FileOutputStream.<init>(FileOutputStream.java:213) ~[na:1.8.0_91]
	at org.evosuite.shaded.org.apache.commons.io.FileUtils.openOutputStream(FileUtils.java:365) ~[evosuite-master-1.0.7-SNAPSHOT.jar:1.0.7-SNAPSHOT]
	at org.evosuite.shaded.org.apache.commons.io.FileUtils.writeStringToFile(FileUtils.java:2015) ~[evosuite-master-1.0.7-SNAPSHOT.jar:1.0.7-SNAPSHOT]
	at org.evosuite.shaded.org.apache.commons.io.FileUtils.writeStringToFile(FileUtils.java:2048) ~[evosuite-master-1.0.7-SNAPSHOT.jar:1.0.7-SNAPSHOT]
	at org.evosuite.utils.FileIOUtils.writeFile(FileIOUtils.java:98) ~[evosuite-master-1.0.7-SNAPSHOT.jar:1.0.7-SNAPSHOT]
	at org.evosuite.junit.writer.TestSuiteWriter.writeTestSuite(TestSuiteWriter.java:265) [evosuite-master-1.0.7-SNAPSHOT.jar:1.0.7-SNAPSHOT]
	at org.evosuite.junit.JUnitAnalyzer.compileTests(JUnitAnalyzer.java:356) [evosuite-master-1.0.7-SNAPSHOT.jar:1.0.7-SNAPSHOT]
	at org.evosuite.junit.JUnitAnalyzer.removeTestsThatDoNotCompile(JUnitAnalyzer.java:105) [evosuite-master-1.0.7-SNAPSHOT.jar:1.0.7-SNAPSHOT]
	at org.evosuite.TestSuiteGenerator.compileAndCheckTests(TestSuiteGenerator.java:605) [evosuite-master-1.0.7-SNAPSHOT.jar:1.0.7-SNAPSHOT]
	at org.evosuite.TestSuiteGenerator.postProcessTests(TestSuiteGenerator.java:556) [evosuite-master-1.0.7-SNAPSHOT.jar:1.0.7-SNAPSHOT]
	at org.evosuite.TestSuiteGenerator.generateTestSuite(TestSuiteGenerator.java:254) [evosuite-master-1.0.7-SNAPSHOT.jar:1.0.7-SNAPSHOT]
	at org.evosuite.rmi.service.ClientNodeImpl$1.run(ClientNodeImpl.java:160) [evosuite-master-1.0.7-SNAPSHOT.jar:1.0.7-SNAPSHOT]
	at java.util.concurrent.Executors$RunnableAdapter.call(Executors.java:511) [na:1.8.0_91]
	at java.util.concurrent.FutureTask.run(FutureTask.java:266) [na:1.8.0_91]
	at java.util.concurrent.ThreadPoolExecutor.runWorker(ThreadPoolExecutor.java:1142) [na:1.8.0_91]
	at java.util.concurrent.ThreadPoolExecutor$Worker.run(ThreadPoolExecutor.java:617) [na:1.8.0_91]
	at java.lang.Thread.run(Thread.java:745) [na:1.8.0_91]
[MASTER] 21:54:13.965 [logback-2] ERROR JUnitAnalyzer - Supposed to generate /tmp/EvoSuite_6_1550523253918/org/sat4j/tools/DotSearchTracing_6_tmp__ESTest.java but it does not exist
[MASTER] 21:54:13.965 [logback-2] ERROR JUnitAnalyzer - Failed to compile test case:
DotSearchTracing<Integer> dotSearchTracing0 = new DotSearchTracing<Integer>("R}0t->W");
HashMap<Integer, Integer> hashMap0 = new HashMap<Integer, Integer>();
dotSearchTracing0.setMapping(hashMap0);
String string0 = dotSearchTracing0.map(2405);
assertEquals("2405", string0);


[MASTER] 21:54:13.966 [logback-2] ERROR JUnitAnalyzer - Cannot delete tmp dir: /tmp/EvoSuite_6_1550523253918
java.io.IOException: Failed to list contents of /tmp/EvoSuite_6_1550523253918
	at org.evosuite.shaded.org.apache.commons.io.FileUtils.verifiedListFiles(FileUtils.java:1751) ~[evosuite-master-1.0.7-SNAPSHOT.jar:1.0.7-SNAPSHOT]
	at org.evosuite.shaded.org.apache.commons.io.FileUtils.cleanDirectory(FileUtils.java:1716) ~[evosuite-master-1.0.7-SNAPSHOT.jar:1.0.7-SNAPSHOT]
	at org.evosuite.shaded.org.apache.commons.io.FileUtils.deleteDirectory(FileUtils.java:1617) ~[evosuite-master-1.0.7-SNAPSHOT.jar:1.0.7-SNAPSHOT]
	at org.evosuite.junit.JUnitAnalyzer.removeTestsThatDoNotCompile(JUnitAnalyzer.java:115) ~[evosuite-master-1.0.7-SNAPSHOT.jar:1.0.7-SNAPSHOT]
	at org.evosuite.TestSuiteGenerator.compileAndCheckTests(TestSuiteGenerator.java:605) [evosuite-master-1.0.7-SNAPSHOT.jar:1.0.7-SNAPSHOT]
	at org.evosuite.TestSuiteGenerator.postProcessTests(TestSuiteGenerator.java:556) [evosuite-master-1.0.7-SNAPSHOT.jar:1.0.7-SNAPSHOT]
	at org.evosuite.TestSuiteGenerator.generateTestSuite(TestSuiteGenerator.java:254) [evosuite-master-1.0.7-SNAPSHOT.jar:1.0.7-SNAPSHOT]
	at org.evosuite.rmi.service.ClientNodeImpl$1.run(ClientNodeImpl.java:160) [evosuite-master-1.0.7-SNAPSHOT.jar:1.0.7-SNAPSHOT]
	at java.util.concurrent.Executors$RunnableAdapter.call(Executors.java:511) [na:1.8.0_91]
	at java.util.concurrent.FutureTask.run(FutureTask.java:266) [na:1.8.0_91]
	at java.util.concurrent.ThreadPoolExecutor.runWorker(ThreadPoolExecutor.java:1142) [na:1.8.0_91]
	at java.util.concurrent.ThreadPoolExecutor$Worker.run(ThreadPoolExecutor.java:617) [na:1.8.0_91]
	at java.lang.Thread.run(Thread.java:745) [na:1.8.0_91]
[MASTER] 21:54:13.999 [logback-2] ERROR FileIOUtils - Error while reading file DotSearchTracing_7_tmp__ESTest.java , /tmp/EvoSuite_7_1550523253966/org/sat4j/tools/DotSearchTracing_7_tmp__ESTest.java (Too many open files)
java.io.FileNotFoundException: /tmp/EvoSuite_7_1550523253966/org/sat4j/tools/DotSearchTracing_7_tmp__ESTest.java (Too many open files)
	at java.io.FileOutputStream.open0(Native Method) ~[na:1.8.0_91]
	at java.io.FileOutputStream.open(FileOutputStream.java:270) ~[na:1.8.0_91]
	at java.io.FileOutputStream.<init>(FileOutputStream.java:213) ~[na:1.8.0_91]
	at org.evosuite.shaded.org.apache.commons.io.FileUtils.openOutputStream(FileUtils.java:365) ~[evosuite-master-1.0.7-SNAPSHOT.jar:1.0.7-SNAPSHOT]
	at org.evosuite.shaded.org.apache.commons.io.FileUtils.writeStringToFile(FileUtils.java:2015) ~[evosuite-master-1.0.7-SNAPSHOT.jar:1.0.7-SNAPSHOT]
	at org.evosuite.shaded.org.apache.commons.io.FileUtils.writeStringToFile(FileUtils.java:2048) ~[evosuite-master-1.0.7-SNAPSHOT.jar:1.0.7-SNAPSHOT]
	at org.evosuite.utils.FileIOUtils.writeFile(FileIOUtils.java:98) ~[evosuite-master-1.0.7-SNAPSHOT.jar:1.0.7-SNAPSHOT]
	at org.evosuite.junit.writer.TestSuiteWriter.writeTestSuite(TestSuiteWriter.java:247) [evosuite-master-1.0.7-SNAPSHOT.jar:1.0.7-SNAPSHOT]
	at org.evosuite.junit.JUnitAnalyzer.compileTests(JUnitAnalyzer.java:356) [evosuite-master-1.0.7-SNAPSHOT.jar:1.0.7-SNAPSHOT]
	at org.evosuite.junit.JUnitAnalyzer.removeTestsThatDoNotCompile(JUnitAnalyzer.java:105) [evosuite-master-1.0.7-SNAPSHOT.jar:1.0.7-SNAPSHOT]
	at org.evosuite.TestSuiteGenerator.compileAndCheckTests(TestSuiteGenerator.java:605) [evosuite-master-1.0.7-SNAPSHOT.jar:1.0.7-SNAPSHOT]
	at org.evosuite.TestSuiteGenerator.postProcessTests(TestSuiteGenerator.java:556) [evosuite-master-1.0.7-SNAPSHOT.jar:1.0.7-SNAPSHOT]
	at org.evosuite.TestSuiteGenerator.generateTestSuite(TestSuiteGenerator.java:254) [evosuite-master-1.0.7-SNAPSHOT.jar:1.0.7-SNAPSHOT]
	at org.evosuite.rmi.service.ClientNodeImpl$1.run(ClientNodeImpl.java:160) [evosuite-master-1.0.7-SNAPSHOT.jar:1.0.7-SNAPSHOT]
	at java.util.concurrent.Executors$RunnableAdapter.call(Executors.java:511) [na:1.8.0_91]
	at java.util.concurrent.FutureTask.run(FutureTask.java:266) [na:1.8.0_91]
	at java.util.concurrent.ThreadPoolExecutor.runWorker(ThreadPoolExecutor.java:1142) [na:1.8.0_91]
	at java.util.concurrent.ThreadPoolExecutor$Worker.run(ThreadPoolExecutor.java:617) [na:1.8.0_91]
	at java.lang.Thread.run(Thread.java:745) [na:1.8.0_91]
[MASTER] 21:54:14.000 [logback-2] ERROR FileIOUtils - Error while reading file DotSearchTracing_7_tmp__ESTest_scaffolding.java , /tmp/EvoSuite_7_1550523253966/org/sat4j/tools/DotSearchTracing_7_tmp__ESTest_scaffolding.java (Too many open files)
java.io.FileNotFoundException: /tmp/EvoSuite_7_1550523253966/org/sat4j/tools/DotSearchTracing_7_tmp__ESTest_scaffolding.java (Too many open files)
	at java.io.FileOutputStream.open0(Native Method) ~[na:1.8.0_91]
	at java.io.FileOutputStream.open(FileOutputStream.java:270) ~[na:1.8.0_91]
	at java.io.FileOutputStream.<init>(FileOutputStream.java:213) ~[na:1.8.0_91]
	at org.evosuite.shaded.org.apache.commons.io.FileUtils.openOutputStream(FileUtils.java:365) ~[evosuite-master-1.0.7-SNAPSHOT.jar:1.0.7-SNAPSHOT]
	at org.evosuite.shaded.org.apache.commons.io.FileUtils.writeStringToFile(FileUtils.java:2015) ~[evosuite-master-1.0.7-SNAPSHOT.jar:1.0.7-SNAPSHOT]
	at org.evosuite.shaded.org.apache.commons.io.FileUtils.writeStringToFile(FileUtils.java:2048) ~[evosuite-master-1.0.7-SNAPSHOT.jar:1.0.7-SNAPSHOT]
	at org.evosuite.utils.FileIOUtils.writeFile(FileIOUtils.java:98) ~[evosuite-master-1.0.7-SNAPSHOT.jar:1.0.7-SNAPSHOT]
	at org.evosuite.junit.writer.TestSuiteWriter.writeTestSuite(TestSuiteWriter.java:265) [evosuite-master-1.0.7-SNAPSHOT.jar:1.0.7-SNAPSHOT]
	at org.evosuite.junit.JUnitAnalyzer.compileTests(JUnitAnalyzer.java:356) [evosuite-master-1.0.7-SNAPSHOT.jar:1.0.7-SNAPSHOT]
	at org.evosuite.junit.JUnitAnalyzer.removeTestsThatDoNotCompile(JUnitAnalyzer.java:105) [evosuite-master-1.0.7-SNAPSHOT.jar:1.0.7-SNAPSHOT]
	at org.evosuite.TestSuiteGenerator.compileAndCheckTests(TestSuiteGenerator.java:605) [evosuite-master-1.0.7-SNAPSHOT.jar:1.0.7-SNAPSHOT]
	at org.evosuite.TestSuiteGenerator.postProcessTests(TestSuiteGenerator.java:556) [evosuite-master-1.0.7-SNAPSHOT.jar:1.0.7-SNAPSHOT]
	at org.evosuite.TestSuiteGenerator.generateTestSuite(TestSuiteGenerator.java:254) [evosuite-master-1.0.7-SNAPSHOT.jar:1.0.7-SNAPSHOT]
	at org.evosuite.rmi.service.ClientNodeImpl$1.run(ClientNodeImpl.java:160) [evosuite-master-1.0.7-SNAPSHOT.jar:1.0.7-SNAPSHOT]
	at java.util.concurrent.Executors$RunnableAdapter.call(Executors.java:511) [na:1.8.0_91]
	at java.util.concurrent.FutureTask.run(FutureTask.java:266) [na:1.8.0_91]
	at java.util.concurrent.ThreadPoolExecutor.runWorker(ThreadPoolExecutor.java:1142) [na:1.8.0_91]
	at java.util.concurrent.ThreadPoolExecutor$Worker.run(ThreadPoolExecutor.java:617) [na:1.8.0_91]
	at java.lang.Thread.run(Thread.java:745) [na:1.8.0_91]
[MASTER] 21:54:14.000 [logback-2] ERROR JUnitAnalyzer - Supposed to generate /tmp/EvoSuite_7_1550523253966/org/sat4j/tools/DotSearchTracing_7_tmp__ESTest.java but it does not exist
[MASTER] 21:54:14.001 [logback-2] ERROR JUnitAnalyzer - Failed to compile test case:
DotSearchTracing<String> dotSearchTracing0 = new DotSearchTracing<String>("\t\"65535\"[label=\"65535\", shape=circle, color=blue, style=filled]");
Lbool lbool0 = Lbool.TRUE;
lbool0.toString();
dotSearchTracing0.end(lbool0);

[MASTER] 21:54:14.004 [logback-2] ERROR JUnitAnalyzer - Cannot delete tmp dir: /tmp/EvoSuite_7_1550523253966
java.io.IOException: Failed to list contents of /tmp/EvoSuite_7_1550523253966
	at org.evosuite.shaded.org.apache.commons.io.FileUtils.verifiedListFiles(FileUtils.java:1751) ~[evosuite-master-1.0.7-SNAPSHOT.jar:1.0.7-SNAPSHOT]
	at org.evosuite.shaded.org.apache.commons.io.FileUtils.cleanDirectory(FileUtils.java:1716) ~[evosuite-master-1.0.7-SNAPSHOT.jar:1.0.7-SNAPSHOT]
	at org.evosuite.shaded.org.apache.commons.io.FileUtils.deleteDirectory(FileUtils.java:1617) ~[evosuite-master-1.0.7-SNAPSHOT.jar:1.0.7-SNAPSHOT]
	at org.evosuite.junit.JUnitAnalyzer.removeTestsThatDoNotCompile(JUnitAnalyzer.java:115) ~[evosuite-master-1.0.7-SNAPSHOT.jar:1.0.7-SNAPSHOT]
	at org.evosuite.TestSuiteGenerator.compileAndCheckTests(TestSuiteGenerator.java:605) [evosuite-master-1.0.7-SNAPSHOT.jar:1.0.7-SNAPSHOT]
	at org.evosuite.TestSuiteGenerator.postProcessTests(TestSuiteGenerator.java:556) [evosuite-master-1.0.7-SNAPSHOT.jar:1.0.7-SNAPSHOT]
	at org.evosuite.TestSuiteGenerator.generateTestSuite(TestSuiteGenerator.java:254) [evosuite-master-1.0.7-SNAPSHOT.jar:1.0.7-SNAPSHOT]
	at org.evosuite.rmi.service.ClientNodeImpl$1.run(ClientNodeImpl.java:160) [evosuite-master-1.0.7-SNAPSHOT.jar:1.0.7-SNAPSHOT]
	at java.util.concurrent.Executors$RunnableAdapter.call(Executors.java:511) [na:1.8.0_91]
	at java.util.concurrent.FutureTask.run(FutureTask.java:266) [na:1.8.0_91]
	at java.util.concurrent.ThreadPoolExecutor.runWorker(ThreadPoolExecutor.java:1142) [na:1.8.0_91]
	at java.util.concurrent.ThreadPoolExecutor$Worker.run(ThreadPoolExecutor.java:617) [na:1.8.0_91]
	at java.lang.Thread.run(Thread.java:745) [na:1.8.0_91]
[MASTER] 21:54:14.007 [logback-2] ERROR FileIOUtils - Error while reading file DotSearchTracing_8_tmp__ESTest.java , /tmp/EvoSuite_8_1550523254004/org/sat4j/tools/DotSearchTracing_8_tmp__ESTest.java (Too many open files)
java.io.FileNotFoundException: /tmp/EvoSuite_8_1550523254004/org/sat4j/tools/DotSearchTracing_8_tmp__ESTest.java (Too many open files)
	at java.io.FileOutputStream.open0(Native Method) ~[na:1.8.0_91]
	at java.io.FileOutputStream.open(FileOutputStream.java:270) ~[na:1.8.0_91]
	at java.io.FileOutputStream.<init>(FileOutputStream.java:213) ~[na:1.8.0_91]
	at org.evosuite.shaded.org.apache.commons.io.FileUtils.openOutputStream(FileUtils.java:365) ~[evosuite-master-1.0.7-SNAPSHOT.jar:1.0.7-SNAPSHOT]
	at org.evosuite.shaded.org.apache.commons.io.FileUtils.writeStringToFile(FileUtils.java:2015) ~[evosuite-master-1.0.7-SNAPSHOT.jar:1.0.7-SNAPSHOT]
	at org.evosuite.shaded.org.apache.commons.io.FileUtils.writeStringToFile(FileUtils.java:2048) ~[evosuite-master-1.0.7-SNAPSHOT.jar:1.0.7-SNAPSHOT]
	at org.evosuite.utils.FileIOUtils.writeFile(FileIOUtils.java:98) ~[evosuite-master-1.0.7-SNAPSHOT.jar:1.0.7-SNAPSHOT]
	at org.evosuite.junit.writer.TestSuiteWriter.writeTestSuite(TestSuiteWriter.java:247) [evosuite-master-1.0.7-SNAPSHOT.jar:1.0.7-SNAPSHOT]
	at org.evosuite.junit.JUnitAnalyzer.compileTests(JUnitAnalyzer.java:356) [evosuite-master-1.0.7-SNAPSHOT.jar:1.0.7-SNAPSHOT]
	at org.evosuite.junit.JUnitAnalyzer.removeTestsThatDoNotCompile(JUnitAnalyzer.java:105) [evosuite-master-1.0.7-SNAPSHOT.jar:1.0.7-SNAPSHOT]
	at org.evosuite.TestSuiteGenerator.compileAndCheckTests(TestSuiteGenerator.java:605) [evosuite-master-1.0.7-SNAPSHOT.jar:1.0.7-SNAPSHOT]
	at org.evosuite.TestSuiteGenerator.postProcessTests(TestSuiteGenerator.java:556) [evosuite-master-1.0.7-SNAPSHOT.jar:1.0.7-SNAPSHOT]
	at org.evosuite.TestSuiteGenerator.generateTestSuite(TestSuiteGenerator.java:254) [evosuite-master-1.0.7-SNAPSHOT.jar:1.0.7-SNAPSHOT]
	at org.evosuite.rmi.service.ClientNodeImpl$1.run(ClientNodeImpl.java:160) [evosuite-master-1.0.7-SNAPSHOT.jar:1.0.7-SNAPSHOT]
	at java.util.concurrent.Executors$RunnableAdapter.call(Executors.java:511) [na:1.8.0_91]
	at java.util.concurrent.FutureTask.run(FutureTask.java:266) [na:1.8.0_91]
	at java.util.concurrent.ThreadPoolExecutor.runWorker(ThreadPoolExecutor.java:1142) [na:1.8.0_91]
	at java.util.concurrent.ThreadPoolExecutor$Worker.run(ThreadPoolExecutor.java:617) [na:1.8.0_91]
	at java.lang.Thread.run(Thread.java:745) [na:1.8.0_91]
[MASTER] 21:54:14.018 [logback-2] ERROR FileIOUtils - Error while reading file DotSearchTracing_8_tmp__ESTest_scaffolding.java , /tmp/EvoSuite_8_1550523254004/org/sat4j/tools/DotSearchTracing_8_tmp__ESTest_scaffolding.java (Too many open files)
java.io.FileNotFoundException: /tmp/EvoSuite_8_1550523254004/org/sat4j/tools/DotSearchTracing_8_tmp__ESTest_scaffolding.java (Too many open files)
	at java.io.FileOutputStream.open0(Native Method) ~[na:1.8.0_91]
	at java.io.FileOutputStream.open(FileOutputStream.java:270) ~[na:1.8.0_91]
	at java.io.FileOutputStream.<init>(FileOutputStream.java:213) ~[na:1.8.0_91]
	at org.evosuite.shaded.org.apache.commons.io.FileUtils.openOutputStream(FileUtils.java:365) ~[evosuite-master-1.0.7-SNAPSHOT.jar:1.0.7-SNAPSHOT]
	at org.evosuite.shaded.org.apache.commons.io.FileUtils.writeStringToFile(FileUtils.java:2015) ~[evosuite-master-1.0.7-SNAPSHOT.jar:1.0.7-SNAPSHOT]
	at org.evosuite.shaded.org.apache.commons.io.FileUtils.writeStringToFile(FileUtils.java:2048) ~[evosuite-master-1.0.7-SNAPSHOT.jar:1.0.7-SNAPSHOT]
	at org.evosuite.utils.FileIOUtils.writeFile(FileIOUtils.java:98) ~[evosuite-master-1.0.7-SNAPSHOT.jar:1.0.7-SNAPSHOT]
	at org.evosuite.junit.writer.TestSuiteWriter.writeTestSuite(TestSuiteWriter.java:265) [evosuite-master-1.0.7-SNAPSHOT.jar:1.0.7-SNAPSHOT]
	at org.evosuite.junit.JUnitAnalyzer.compileTests(JUnitAnalyzer.java:356) [evosuite-master-1.0.7-SNAPSHOT.jar:1.0.7-SNAPSHOT]
	at org.evosuite.junit.JUnitAnalyzer.removeTestsThatDoNotCompile(JUnitAnalyzer.java:105) [evosuite-master-1.0.7-SNAPSHOT.jar:1.0.7-SNAPSHOT]
	at org.evosuite.TestSuiteGenerator.compileAndCheckTests(TestSuiteGenerator.java:605) [evosuite-master-1.0.7-SNAPSHOT.jar:1.0.7-SNAPSHOT]
	at org.evosuite.TestSuiteGenerator.postProcessTests(TestSuiteGenerator.java:556) [evosuite-master-1.0.7-SNAPSHOT.jar:1.0.7-SNAPSHOT]
	at org.evosuite.TestSuiteGenerator.generateTestSuite(TestSuiteGenerator.java:254) [evosuite-master-1.0.7-SNAPSHOT.jar:1.0.7-SNAPSHOT]
	at org.evosuite.rmi.service.ClientNodeImpl$1.run(ClientNodeImpl.java:160) [evosuite-master-1.0.7-SNAPSHOT.jar:1.0.7-SNAPSHOT]
	at java.util.concurrent.Executors$RunnableAdapter.call(Executors.java:511) [na:1.8.0_91]
	at java.util.concurrent.FutureTask.run(FutureTask.java:266) [na:1.8.0_91]
	at java.util.concurrent.ThreadPoolExecutor.runWorker(ThreadPoolExecutor.java:1142) [na:1.8.0_91]
	at java.util.concurrent.ThreadPoolExecutor$Worker.run(ThreadPoolExecutor.java:617) [na:1.8.0_91]
	at java.lang.Thread.run(Thread.java:745) [na:1.8.0_91]
[MASTER] 21:54:14.020 [logback-2] ERROR JUnitAnalyzer - Supposed to generate /tmp/EvoSuite_8_1550523254004/org/sat4j/tools/DotSearchTracing_8_tmp__ESTest.java but it does not exist
[MASTER] 21:54:14.021 [logback-2] ERROR JUnitAnalyzer - Failed to compile test case:
DotSearchTracing<Solver<MixedDataStructureDanielWL>> dotSearchTracing0 = new DotSearchTracing<Solver<MixedDataStructureDanielWL>>((String) null);

[MASTER] 21:54:14.021 [logback-2] ERROR JUnitAnalyzer - Cannot delete tmp dir: /tmp/EvoSuite_8_1550523254004
java.io.IOException: Failed to list contents of /tmp/EvoSuite_8_1550523254004
	at org.evosuite.shaded.org.apache.commons.io.FileUtils.verifiedListFiles(FileUtils.java:1751) ~[evosuite-master-1.0.7-SNAPSHOT.jar:1.0.7-SNAPSHOT]
	at org.evosuite.shaded.org.apache.commons.io.FileUtils.cleanDirectory(FileUtils.java:1716) ~[evosuite-master-1.0.7-SNAPSHOT.jar:1.0.7-SNAPSHOT]
	at org.evosuite.shaded.org.apache.commons.io.FileUtils.deleteDirectory(FileUtils.java:1617) ~[evosuite-master-1.0.7-SNAPSHOT.jar:1.0.7-SNAPSHOT]
	at org.evosuite.junit.JUnitAnalyzer.removeTestsThatDoNotCompile(JUnitAnalyzer.java:115) ~[evosuite-master-1.0.7-SNAPSHOT.jar:1.0.7-SNAPSHOT]
	at org.evosuite.TestSuiteGenerator.compileAndCheckTests(TestSuiteGenerator.java:605) [evosuite-master-1.0.7-SNAPSHOT.jar:1.0.7-SNAPSHOT]
	at org.evosuite.TestSuiteGenerator.postProcessTests(TestSuiteGenerator.java:556) [evosuite-master-1.0.7-SNAPSHOT.jar:1.0.7-SNAPSHOT]
	at org.evosuite.TestSuiteGenerator.generateTestSuite(TestSuiteGenerator.java:254) [evosuite-master-1.0.7-SNAPSHOT.jar:1.0.7-SNAPSHOT]
	at org.evosuite.rmi.service.ClientNodeImpl$1.run(ClientNodeImpl.java:160) [evosuite-master-1.0.7-SNAPSHOT.jar:1.0.7-SNAPSHOT]
	at java.util.concurrent.Executors$RunnableAdapter.call(Executors.java:511) [na:1.8.0_91]
	at java.util.concurrent.FutureTask.run(FutureTask.java:266) [na:1.8.0_91]
	at java.util.concurrent.ThreadPoolExecutor.runWorker(ThreadPoolExecutor.java:1142) [na:1.8.0_91]
	at java.util.concurrent.ThreadPoolExecutor$Worker.run(ThreadPoolExecutor.java:617) [na:1.8.0_91]
	at java.lang.Thread.run(Thread.java:745) [na:1.8.0_91]
[MASTER] 21:54:14.027 [logback-2] ERROR FileIOUtils - Error while reading file DotSearchTracing_9_tmp__ESTest.java , /tmp/EvoSuite_9_1550523254022/org/sat4j/tools/DotSearchTracing_9_tmp__ESTest.java (Too many open files)
java.io.FileNotFoundException: /tmp/EvoSuite_9_1550523254022/org/sat4j/tools/DotSearchTracing_9_tmp__ESTest.java (Too many open files)
	at java.io.FileOutputStream.open0(Native Method) ~[na:1.8.0_91]
	at java.io.FileOutputStream.open(FileOutputStream.java:270) ~[na:1.8.0_91]
	at java.io.FileOutputStream.<init>(FileOutputStream.java:213) ~[na:1.8.0_91]
	at org.evosuite.shaded.org.apache.commons.io.FileUtils.openOutputStream(FileUtils.java:365) ~[evosuite-master-1.0.7-SNAPSHOT.jar:1.0.7-SNAPSHOT]
	at org.evosuite.shaded.org.apache.commons.io.FileUtils.writeStringToFile(FileUtils.java:2015) ~[evosuite-master-1.0.7-SNAPSHOT.jar:1.0.7-SNAPSHOT]
	at org.evosuite.shaded.org.apache.commons.io.FileUtils.writeStringToFile(FileUtils.java:2048) ~[evosuite-master-1.0.7-SNAPSHOT.jar:1.0.7-SNAPSHOT]
	at org.evosuite.utils.FileIOUtils.writeFile(FileIOUtils.java:98) ~[evosuite-master-1.0.7-SNAPSHOT.jar:1.0.7-SNAPSHOT]
	at org.evosuite.junit.writer.TestSuiteWriter.writeTestSuite(TestSuiteWriter.java:247) [evosuite-master-1.0.7-SNAPSHOT.jar:1.0.7-SNAPSHOT]
	at org.evosuite.junit.JUnitAnalyzer.compileTests(JUnitAnalyzer.java:356) [evosuite-master-1.0.7-SNAPSHOT.jar:1.0.7-SNAPSHOT]
	at org.evosuite.junit.JUnitAnalyzer.removeTestsThatDoNotCompile(JUnitAnalyzer.java:105) [evosuite-master-1.0.7-SNAPSHOT.jar:1.0.7-SNAPSHOT]
	at org.evosuite.TestSuiteGenerator.compileAndCheckTests(TestSuiteGenerator.java:605) [evosuite-master-1.0.7-SNAPSHOT.jar:1.0.7-SNAPSHOT]
	at org.evosuite.TestSuiteGenerator.postProcessTests(TestSuiteGenerator.java:556) [evosuite-master-1.0.7-SNAPSHOT.jar:1.0.7-SNAPSHOT]
	at org.evosuite.TestSuiteGenerator.generateTestSuite(TestSuiteGenerator.java:254) [evosuite-master-1.0.7-SNAPSHOT.jar:1.0.7-SNAPSHOT]
	at org.evosuite.rmi.service.ClientNodeImpl$1.run(ClientNodeImpl.java:160) [evosuite-master-1.0.7-SNAPSHOT.jar:1.0.7-SNAPSHOT]
	at java.util.concurrent.Executors$RunnableAdapter.call(Executors.java:511) [na:1.8.0_91]
	at java.util.concurrent.FutureTask.run(FutureTask.java:266) [na:1.8.0_91]
	at java.util.concurrent.ThreadPoolExecutor.runWorker(ThreadPoolExecutor.java:1142) [na:1.8.0_91]
	at java.util.concurrent.ThreadPoolExecutor$Worker.run(ThreadPoolExecutor.java:617) [na:1.8.0_91]
	at java.lang.Thread.run(Thread.java:745) [na:1.8.0_91]
[MASTER] 21:54:14.036 [logback-2] ERROR FileIOUtils - Error while reading file DotSearchTracing_9_tmp__ESTest_scaffolding.java , /tmp/EvoSuite_9_1550523254022/org/sat4j/tools/DotSearchTracing_9_tmp__ESTest_scaffolding.java (Too many open files)
java.io.FileNotFoundException: /tmp/EvoSuite_9_1550523254022/org/sat4j/tools/DotSearchTracing_9_tmp__ESTest_scaffolding.java (Too many open files)
	at java.io.FileOutputStream.open0(Native Method) ~[na:1.8.0_91]
	at java.io.FileOutputStream.open(FileOutputStream.java:270) ~[na:1.8.0_91]
	at java.io.FileOutputStream.<init>(FileOutputStream.java:213) ~[na:1.8.0_91]
	at org.evosuite.shaded.org.apache.commons.io.FileUtils.openOutputStream(FileUtils.java:365) ~[evosuite-master-1.0.7-SNAPSHOT.jar:1.0.7-SNAPSHOT]
	at org.evosuite.shaded.org.apache.commons.io.FileUtils.writeStringToFile(FileUtils.java:2015) ~[evosuite-master-1.0.7-SNAPSHOT.jar:1.0.7-SNAPSHOT]
	at org.evosuite.shaded.org.apache.commons.io.FileUtils.writeStringToFile(FileUtils.java:2048) ~[evosuite-master-1.0.7-SNAPSHOT.jar:1.0.7-SNAPSHOT]
	at org.evosuite.utils.FileIOUtils.writeFile(FileIOUtils.java:98) ~[evosuite-master-1.0.7-SNAPSHOT.jar:1.0.7-SNAPSHOT]
	at org.evosuite.junit.writer.TestSuiteWriter.writeTestSuite(TestSuiteWriter.java:265) [evosuite-master-1.0.7-SNAPSHOT.jar:1.0.7-SNAPSHOT]
	at org.evosuite.junit.JUnitAnalyzer.compileTests(JUnitAnalyzer.java:356) [evosuite-master-1.0.7-SNAPSHOT.jar:1.0.7-SNAPSHOT]
	at org.evosuite.junit.JUnitAnalyzer.removeTestsThatDoNotCompile(JUnitAnalyzer.java:105) [evosuite-master-1.0.7-SNAPSHOT.jar:1.0.7-SNAPSHOT]
	at org.evosuite.TestSuiteGenerator.compileAndCheckTests(TestSuiteGenerator.java:605) [evosuite-master-1.0.7-SNAPSHOT.jar:1.0.7-SNAPSHOT]
	at org.evosuite.TestSuiteGenerator.postProcessTests(TestSuiteGenerator.java:556) [evosuite-master-1.0.7-SNAPSHOT.jar:1.0.7-SNAPSHOT]
	at org.evosuite.TestSuiteGenerator.generateTestSuite(TestSuiteGenerator.java:254) [evosuite-master-1.0.7-SNAPSHOT.jar:1.0.7-SNAPSHOT]
	at org.evosuite.rmi.service.ClientNodeImpl$1.run(ClientNodeImpl.java:160) [evosuite-master-1.0.7-SNAPSHOT.jar:1.0.7-SNAPSHOT]
	at java.util.concurrent.Executors$RunnableAdapter.call(Executors.java:511) [na:1.8.0_91]
	at java.util.concurrent.FutureTask.run(FutureTask.java:266) [na:1.8.0_91]
	at java.util.concurrent.ThreadPoolExecutor.runWorker(ThreadPoolExecutor.java:1142) [na:1.8.0_91]
	at java.util.concurrent.ThreadPoolExecutor$Worker.run(ThreadPoolExecutor.java:617) [na:1.8.0_91]
	at java.lang.Thread.run(Thread.java:745) [na:1.8.0_91]
[MASTER] 21:54:14.044 [logback-2] ERROR JUnitAnalyzer - Supposed to generate /tmp/EvoSuite_9_1550523254022/org/sat4j/tools/DotSearchTracing_9_tmp__ESTest.java but it does not exist
[MASTER] 21:54:14.044 [logback-2] ERROR JUnitAnalyzer - Failed to compile test case:
DotSearchTracing<String> dotSearchTracing0 = new DotSearchTracing<String>("");
dotSearchTracing0.conflictFound(0);

[MASTER] 21:54:14.045 [logback-2] ERROR JUnitAnalyzer - Cannot delete tmp dir: /tmp/EvoSuite_9_1550523254022
java.io.IOException: Failed to list contents of /tmp/EvoSuite_9_1550523254022
	at org.evosuite.shaded.org.apache.commons.io.FileUtils.verifiedListFiles(FileUtils.java:1751) ~[evosuite-master-1.0.7-SNAPSHOT.jar:1.0.7-SNAPSHOT]
	at org.evosuite.shaded.org.apache.commons.io.FileUtils.cleanDirectory(FileUtils.java:1716) ~[evosuite-master-1.0.7-SNAPSHOT.jar:1.0.7-SNAPSHOT]
	at org.evosuite.shaded.org.apache.commons.io.FileUtils.deleteDirectory(FileUtils.java:1617) ~[evosuite-master-1.0.7-SNAPSHOT.jar:1.0.7-SNAPSHOT]
	at org.evosuite.junit.JUnitAnalyzer.removeTestsThatDoNotCompile(JUnitAnalyzer.java:115) ~[evosuite-master-1.0.7-SNAPSHOT.jar:1.0.7-SNAPSHOT]
	at org.evosuite.TestSuiteGenerator.compileAndCheckTests(TestSuiteGenerator.java:605) [evosuite-master-1.0.7-SNAPSHOT.jar:1.0.7-SNAPSHOT]
	at org.evosuite.TestSuiteGenerator.postProcessTests(TestSuiteGenerator.java:556) [evosuite-master-1.0.7-SNAPSHOT.jar:1.0.7-SNAPSHOT]
	at org.evosuite.TestSuiteGenerator.generateTestSuite(TestSuiteGenerator.java:254) [evosuite-master-1.0.7-SNAPSHOT.jar:1.0.7-SNAPSHOT]
	at org.evosuite.rmi.service.ClientNodeImpl$1.run(ClientNodeImpl.java:160) [evosuite-master-1.0.7-SNAPSHOT.jar:1.0.7-SNAPSHOT]
	at java.util.concurrent.Executors$RunnableAdapter.call(Executors.java:511) [na:1.8.0_91]
	at java.util.concurrent.FutureTask.run(FutureTask.java:266) [na:1.8.0_91]
	at java.util.concurrent.ThreadPoolExecutor.runWorker(ThreadPoolExecutor.java:1142) [na:1.8.0_91]
	at java.util.concurrent.ThreadPoolExecutor$Worker.run(ThreadPoolExecutor.java:617) [na:1.8.0_91]
	at java.lang.Thread.run(Thread.java:745) [na:1.8.0_91]
[MASTER] 21:54:14.052 [logback-2] ERROR FileIOUtils - Error while reading file DotSearchTracing_10_tmp__ESTest.java , /tmp/EvoSuite_10_1550523254045/org/sat4j/tools/DotSearchTracing_10_tmp__ESTest.java (Too many open files)
java.io.FileNotFoundException: /tmp/EvoSuite_10_1550523254045/org/sat4j/tools/DotSearchTracing_10_tmp__ESTest.java (Too many open files)
	at java.io.FileOutputStream.open0(Native Method) ~[na:1.8.0_91]
	at java.io.FileOutputStream.open(FileOutputStream.java:270) ~[na:1.8.0_91]
	at java.io.FileOutputStream.<init>(FileOutputStream.java:213) ~[na:1.8.0_91]
	at org.evosuite.shaded.org.apache.commons.io.FileUtils.openOutputStream(FileUtils.java:365) ~[evosuite-master-1.0.7-SNAPSHOT.jar:1.0.7-SNAPSHOT]
	at org.evosuite.shaded.org.apache.commons.io.FileUtils.writeStringToFile(FileUtils.java:2015) ~[evosuite-master-1.0.7-SNAPSHOT.jar:1.0.7-SNAPSHOT]
	at org.evosuite.shaded.org.apache.commons.io.FileUtils.writeStringToFile(FileUtils.java:2048) ~[evosuite-master-1.0.7-SNAPSHOT.jar:1.0.7-SNAPSHOT]
	at org.evosuite.utils.FileIOUtils.writeFile(FileIOUtils.java:98) ~[evosuite-master-1.0.7-SNAPSHOT.jar:1.0.7-SNAPSHOT]
	at org.evosuite.junit.writer.TestSuiteWriter.writeTestSuite(TestSuiteWriter.java:247) [evosuite-master-1.0.7-SNAPSHOT.jar:1.0.7-SNAPSHOT]
	at org.evosuite.junit.JUnitAnalyzer.compileTests(JUnitAnalyzer.java:356) [evosuite-master-1.0.7-SNAPSHOT.jar:1.0.7-SNAPSHOT]
	at org.evosuite.junit.JUnitAnalyzer.removeTestsThatDoNotCompile(JUnitAnalyzer.java:105) [evosuite-master-1.0.7-SNAPSHOT.jar:1.0.7-SNAPSHOT]
	at org.evosuite.TestSuiteGenerator.compileAndCheckTests(TestSuiteGenerator.java:605) [evosuite-master-1.0.7-SNAPSHOT.jar:1.0.7-SNAPSHOT]
	at org.evosuite.TestSuiteGenerator.postProcessTests(TestSuiteGenerator.java:556) [evosuite-master-1.0.7-SNAPSHOT.jar:1.0.7-SNAPSHOT]
	at org.evosuite.TestSuiteGenerator.generateTestSuite(TestSuiteGenerator.java:254) [evosuite-master-1.0.7-SNAPSHOT.jar:1.0.7-SNAPSHOT]
	at org.evosuite.rmi.service.ClientNodeImpl$1.run(ClientNodeImpl.java:160) [evosuite-master-1.0.7-SNAPSHOT.jar:1.0.7-SNAPSHOT]
	at java.util.concurrent.Executors$RunnableAdapter.call(Executors.java:511) [na:1.8.0_91]
	at java.util.concurrent.FutureTask.run(FutureTask.java:266) [na:1.8.0_91]
	at java.util.concurrent.ThreadPoolExecutor.runWorker(ThreadPoolExecutor.java:1142) [na:1.8.0_91]
	at java.util.concurrent.ThreadPoolExecutor$Worker.run(ThreadPoolExecutor.java:617) [na:1.8.0_91]
	at java.lang.Thread.run(Thread.java:745) [na:1.8.0_91]
[MASTER] 21:54:14.054 [logback-2] ERROR FileIOUtils - Error while reading file DotSearchTracing_10_tmp__ESTest_scaffolding.java , /tmp/EvoSuite_10_1550523254045/org/sat4j/tools/DotSearchTracing_10_tmp__ESTest_scaffolding.java (Too many open files)
java.io.FileNotFoundException: /tmp/EvoSuite_10_1550523254045/org/sat4j/tools/DotSearchTracing_10_tmp__ESTest_scaffolding.java (Too many open files)
	at java.io.FileOutputStream.open0(Native Method) ~[na:1.8.0_91]
	at java.io.FileOutputStream.open(FileOutputStream.java:270) ~[na:1.8.0_91]
	at java.io.FileOutputStream.<init>(FileOutputStream.java:213) ~[na:1.8.0_91]
	at org.evosuite.shaded.org.apache.commons.io.FileUtils.openOutputStream(FileUtils.java:365) ~[evosuite-master-1.0.7-SNAPSHOT.jar:1.0.7-SNAPSHOT]
	at org.evosuite.shaded.org.apache.commons.io.FileUtils.writeStringToFile(FileUtils.java:2015) ~[evosuite-master-1.0.7-SNAPSHOT.jar:1.0.7-SNAPSHOT]
	at org.evosuite.shaded.org.apache.commons.io.FileUtils.writeStringToFile(FileUtils.java:2048) ~[evosuite-master-1.0.7-SNAPSHOT.jar:1.0.7-SNAPSHOT]
	at org.evosuite.utils.FileIOUtils.writeFile(FileIOUtils.java:98) ~[evosuite-master-1.0.7-SNAPSHOT.jar:1.0.7-SNAPSHOT]
	at org.evosuite.junit.writer.TestSuiteWriter.writeTestSuite(TestSuiteWriter.java:265) [evosuite-master-1.0.7-SNAPSHOT.jar:1.0.7-SNAPSHOT]
	at org.evosuite.junit.JUnitAnalyzer.compileTests(JUnitAnalyzer.java:356) [evosuite-master-1.0.7-SNAPSHOT.jar:1.0.7-SNAPSHOT]
	at org.evosuite.junit.JUnitAnalyzer.removeTestsThatDoNotCompile(JUnitAnalyzer.java:105) [evosuite-master-1.0.7-SNAPSHOT.jar:1.0.7-SNAPSHOT]
	at org.evosuite.TestSuiteGenerator.compileAndCheckTests(TestSuiteGenerator.java:605) [evosuite-master-1.0.7-SNAPSHOT.jar:1.0.7-SNAPSHOT]
	at org.evosuite.TestSuiteGenerator.postProcessTests(TestSuiteGenerator.java:556) [evosuite-master-1.0.7-SNAPSHOT.jar:1.0.7-SNAPSHOT]
	at org.evosuite.TestSuiteGenerator.generateTestSuite(TestSuiteGenerator.java:254) [evosuite-master-1.0.7-SNAPSHOT.jar:1.0.7-SNAPSHOT]
	at org.evosuite.rmi.service.ClientNodeImpl$1.run(ClientNodeImpl.java:160) [evosuite-master-1.0.7-SNAPSHOT.jar:1.0.7-SNAPSHOT]
	at java.util.concurrent.Executors$RunnableAdapter.call(Executors.java:511) [na:1.8.0_91]
	at java.util.concurrent.FutureTask.run(FutureTask.java:266) [na:1.8.0_91]
	at java.util.concurrent.ThreadPoolExecutor.runWorker(ThreadPoolExecutor.java:1142) [na:1.8.0_91]
	at java.util.concurrent.ThreadPoolExecutor$Worker.run(ThreadPoolExecutor.java:617) [na:1.8.0_91]
	at java.lang.Thread.run(Thread.java:745) [na:1.8.0_91]
[MASTER] 21:54:14.056 [logback-2] ERROR JUnitAnalyzer - Supposed to generate /tmp/EvoSuite_10_1550523254045/org/sat4j/tools/DotSearchTracing_10_tmp__ESTest.java but it does not exist
[MASTER] 21:54:14.058 [logback-2] ERROR JUnitAnalyzer - Failed to compile test case:
DotSearchTracing<Object> dotSearchTracing0 = new DotSearchTracing<Object>("");
dotSearchTracing0.conflictFound((IConstr) null, 16384, 16384);

[MASTER] 21:54:14.063 [logback-2] ERROR JUnitAnalyzer - Cannot delete tmp dir: /tmp/EvoSuite_10_1550523254045
java.io.IOException: Failed to list contents of /tmp/EvoSuite_10_1550523254045
	at org.evosuite.shaded.org.apache.commons.io.FileUtils.verifiedListFiles(FileUtils.java:1751) ~[evosuite-master-1.0.7-SNAPSHOT.jar:1.0.7-SNAPSHOT]
	at org.evosuite.shaded.org.apache.commons.io.FileUtils.cleanDirectory(FileUtils.java:1716) ~[evosuite-master-1.0.7-SNAPSHOT.jar:1.0.7-SNAPSHOT]
	at org.evosuite.shaded.org.apache.commons.io.FileUtils.deleteDirectory(FileUtils.java:1617) ~[evosuite-master-1.0.7-SNAPSHOT.jar:1.0.7-SNAPSHOT]
	at org.evosuite.junit.JUnitAnalyzer.removeTestsThatDoNotCompile(JUnitAnalyzer.java:115) ~[evosuite-master-1.0.7-SNAPSHOT.jar:1.0.7-SNAPSHOT]
	at org.evosuite.TestSuiteGenerator.compileAndCheckTests(TestSuiteGenerator.java:605) [evosuite-master-1.0.7-SNAPSHOT.jar:1.0.7-SNAPSHOT]
	at org.evosuite.TestSuiteGenerator.postProcessTests(TestSuiteGenerator.java:556) [evosuite-master-1.0.7-SNAPSHOT.jar:1.0.7-SNAPSHOT]
	at org.evosuite.TestSuiteGenerator.generateTestSuite(TestSuiteGenerator.java:254) [evosuite-master-1.0.7-SNAPSHOT.jar:1.0.7-SNAPSHOT]
	at org.evosuite.rmi.service.ClientNodeImpl$1.run(ClientNodeImpl.java:160) [evosuite-master-1.0.7-SNAPSHOT.jar:1.0.7-SNAPSHOT]
	at java.util.concurrent.Executors$RunnableAdapter.call(Executors.java:511) [na:1.8.0_91]
	at java.util.concurrent.FutureTask.run(FutureTask.java:266) [na:1.8.0_91]
	at java.util.concurrent.ThreadPoolExecutor.runWorker(ThreadPoolExecutor.java:1142) [na:1.8.0_91]
	at java.util.concurrent.ThreadPoolExecutor$Worker.run(ThreadPoolExecutor.java:617) [na:1.8.0_91]
	at java.lang.Thread.run(Thread.java:745) [na:1.8.0_91]
[MASTER] 21:54:14.087 [logback-2] ERROR FileIOUtils - Error while reading file DotSearchTracing_11_tmp__ESTest.java , /tmp/EvoSuite_11_1550523254064/org/sat4j/tools/DotSearchTracing_11_tmp__ESTest.java (Too many open files)
java.io.FileNotFoundException: /tmp/EvoSuite_11_1550523254064/org/sat4j/tools/DotSearchTracing_11_tmp__ESTest.java (Too many open files)
	at java.io.FileOutputStream.open0(Native Method) ~[na:1.8.0_91]
	at java.io.FileOutputStream.open(FileOutputStream.java:270) ~[na:1.8.0_91]
	at java.io.FileOutputStream.<init>(FileOutputStream.java:213) ~[na:1.8.0_91]
	at org.evosuite.shaded.org.apache.commons.io.FileUtils.openOutputStream(FileUtils.java:365) ~[evosuite-master-1.0.7-SNAPSHOT.jar:1.0.7-SNAPSHOT]
	at org.evosuite.shaded.org.apache.commons.io.FileUtils.writeStringToFile(FileUtils.java:2015) ~[evosuite-master-1.0.7-SNAPSHOT.jar:1.0.7-SNAPSHOT]
	at org.evosuite.shaded.org.apache.commons.io.FileUtils.writeStringToFile(FileUtils.java:2048) ~[evosuite-master-1.0.7-SNAPSHOT.jar:1.0.7-SNAPSHOT]
	at org.evosuite.utils.FileIOUtils.writeFile(FileIOUtils.java:98) ~[evosuite-master-1.0.7-SNAPSHOT.jar:1.0.7-SNAPSHOT]
	at org.evosuite.junit.writer.TestSuiteWriter.writeTestSuite(TestSuiteWriter.java:247) [evosuite-master-1.0.7-SNAPSHOT.jar:1.0.7-SNAPSHOT]
	at org.evosuite.junit.JUnitAnalyzer.compileTests(JUnitAnalyzer.java:356) [evosuite-master-1.0.7-SNAPSHOT.jar:1.0.7-SNAPSHOT]
	at org.evosuite.junit.JUnitAnalyzer.removeTestsThatDoNotCompile(JUnitAnalyzer.java:105) [evosuite-master-1.0.7-SNAPSHOT.jar:1.0.7-SNAPSHOT]
	at org.evosuite.TestSuiteGenerator.compileAndCheckTests(TestSuiteGenerator.java:605) [evosuite-master-1.0.7-SNAPSHOT.jar:1.0.7-SNAPSHOT]
	at org.evosuite.TestSuiteGenerator.postProcessTests(TestSuiteGenerator.java:556) [evosuite-master-1.0.7-SNAPSHOT.jar:1.0.7-SNAPSHOT]
	at org.evosuite.TestSuiteGenerator.generateTestSuite(TestSuiteGenerator.java:254) [evosuite-master-1.0.7-SNAPSHOT.jar:1.0.7-SNAPSHOT]
	at org.evosuite.rmi.service.ClientNodeImpl$1.run(ClientNodeImpl.java:160) [evosuite-master-1.0.7-SNAPSHOT.jar:1.0.7-SNAPSHOT]
	at java.util.concurrent.Executors$RunnableAdapter.call(Executors.java:511) [na:1.8.0_91]
	at java.util.concurrent.FutureTask.run(FutureTask.java:266) [na:1.8.0_91]
	at java.util.concurrent.ThreadPoolExecutor.runWorker(ThreadPoolExecutor.java:1142) [na:1.8.0_91]
	at java.util.concurrent.ThreadPoolExecutor$Worker.run(ThreadPoolExecutor.java:617) [na:1.8.0_91]
	at java.lang.Thread.run(Thread.java:745) [na:1.8.0_91]
[MASTER] 21:54:14.134 [logback-2] ERROR FileIOUtils - Error while reading file DotSearchTracing_11_tmp__ESTest_scaffolding.java , /tmp/EvoSuite_11_1550523254064/org/sat4j/tools/DotSearchTracing_11_tmp__ESTest_scaffolding.java (Too many open files)
java.io.FileNotFoundException: /tmp/EvoSuite_11_1550523254064/org/sat4j/tools/DotSearchTracing_11_tmp__ESTest_scaffolding.java (Too many open files)
	at java.io.FileOutputStream.open0(Native Method) ~[na:1.8.0_91]
	at java.io.FileOutputStream.open(FileOutputStream.java:270) ~[na:1.8.0_91]
	at java.io.FileOutputStream.<init>(FileOutputStream.java:213) ~[na:1.8.0_91]
	at org.evosuite.shaded.org.apache.commons.io.FileUtils.openOutputStream(FileUtils.java:365) ~[evosuite-master-1.0.7-SNAPSHOT.jar:1.0.7-SNAPSHOT]
	at org.evosuite.shaded.org.apache.commons.io.FileUtils.writeStringToFile(FileUtils.java:2015) ~[evosuite-master-1.0.7-SNAPSHOT.jar:1.0.7-SNAPSHOT]
	at org.evosuite.shaded.org.apache.commons.io.FileUtils.writeStringToFile(FileUtils.java:2048) ~[evosuite-master-1.0.7-SNAPSHOT.jar:1.0.7-SNAPSHOT]
	at org.evosuite.utils.FileIOUtils.writeFile(FileIOUtils.java:98) ~[evosuite-master-1.0.7-SNAPSHOT.jar:1.0.7-SNAPSHOT]
	at org.evosuite.junit.writer.TestSuiteWriter.writeTestSuite(TestSuiteWriter.java:265) [evosuite-master-1.0.7-SNAPSHOT.jar:1.0.7-SNAPSHOT]
	at org.evosuite.junit.JUnitAnalyzer.compileTests(JUnitAnalyzer.java:356) [evosuite-master-1.0.7-SNAPSHOT.jar:1.0.7-SNAPSHOT]
	at org.evosuite.junit.JUnitAnalyzer.removeTestsThatDoNotCompile(JUnitAnalyzer.java:105) [evosuite-master-1.0.7-SNAPSHOT.jar:1.0.7-SNAPSHOT]
	at org.evosuite.TestSuiteGenerator.compileAndCheckTests(TestSuiteGenerator.java:605) [evosuite-master-1.0.7-SNAPSHOT.jar:1.0.7-SNAPSHOT]
	at org.evosuite.TestSuiteGenerator.postProcessTests(TestSuiteGenerator.java:556) [evosuite-master-1.0.7-SNAPSHOT.jar:1.0.7-SNAPSHOT]
	at org.evosuite.TestSuiteGenerator.generateTestSuite(TestSuiteGenerator.java:254) [evosuite-master-1.0.7-SNAPSHOT.jar:1.0.7-SNAPSHOT]
	at org.evosuite.rmi.service.ClientNodeImpl$1.run(ClientNodeImpl.java:160) [evosuite-master-1.0.7-SNAPSHOT.jar:1.0.7-SNAPSHOT]
	at java.util.concurrent.Executors$RunnableAdapter.call(Executors.java:511) [na:1.8.0_91]
	at java.util.concurrent.FutureTask.run(FutureTask.java:266) [na:1.8.0_91]
	at java.util.concurrent.ThreadPoolExecutor.runWorker(ThreadPoolExecutor.java:1142) [na:1.8.0_91]
	at java.util.concurrent.ThreadPoolExecutor$Worker.run(ThreadPoolExecutor.java:617) [na:1.8.0_91]
	at java.lang.Thread.run(Thread.java:745) [na:1.8.0_91]
[MASTER] 21:54:14.135 [logback-2] ERROR JUnitAnalyzer - Supposed to generate /tmp/EvoSuite_11_1550523254064/org/sat4j/tools/DotSearchTracing_11_tmp__ESTest.java but it does not exist
[MASTER] 21:54:14.143 [logback-2] ERROR JUnitAnalyzer - Failed to compile test case:
DotSearchTracing<String> dotSearchTracing0 = new DotSearchTracing<String>("WZ8?.1]V Du~B,>");
IVecInt iVecInt0 = mock(IVecInt.class, new ViolatedAssumptionAnswer());
doReturn(43).when(iVecInt0).size();
CBClause cBClause0 = new CBClause(iVecInt0, (ILits) null);
dotSearchTracing0.conflictFound((IConstr) cBClause0, 0, (-2101871708));

[MASTER] 21:54:14.155 [logback-2] ERROR JUnitAnalyzer - Cannot delete tmp dir: /tmp/EvoSuite_11_1550523254064
java.io.IOException: Failed to list contents of /tmp/EvoSuite_11_1550523254064
	at org.evosuite.shaded.org.apache.commons.io.FileUtils.verifiedListFiles(FileUtils.java:1751) ~[evosuite-master-1.0.7-SNAPSHOT.jar:1.0.7-SNAPSHOT]
	at org.evosuite.shaded.org.apache.commons.io.FileUtils.cleanDirectory(FileUtils.java:1716) ~[evosuite-master-1.0.7-SNAPSHOT.jar:1.0.7-SNAPSHOT]
	at org.evosuite.shaded.org.apache.commons.io.FileUtils.deleteDirectory(FileUtils.java:1617) ~[evosuite-master-1.0.7-SNAPSHOT.jar:1.0.7-SNAPSHOT]
	at org.evosuite.junit.JUnitAnalyzer.removeTestsThatDoNotCompile(JUnitAnalyzer.java:115) ~[evosuite-master-1.0.7-SNAPSHOT.jar:1.0.7-SNAPSHOT]
	at org.evosuite.TestSuiteGenerator.compileAndCheckTests(TestSuiteGenerator.java:605) [evosuite-master-1.0.7-SNAPSHOT.jar:1.0.7-SNAPSHOT]
	at org.evosuite.TestSuiteGenerator.postProcessTests(TestSuiteGenerator.java:556) [evosuite-master-1.0.7-SNAPSHOT.jar:1.0.7-SNAPSHOT]
	at org.evosuite.TestSuiteGenerator.generateTestSuite(TestSuiteGenerator.java:254) [evosuite-master-1.0.7-SNAPSHOT.jar:1.0.7-SNAPSHOT]
	at org.evosuite.rmi.service.ClientNodeImpl$1.run(ClientNodeImpl.java:160) [evosuite-master-1.0.7-SNAPSHOT.jar:1.0.7-SNAPSHOT]
	at java.util.concurrent.Executors$RunnableAdapter.call(Executors.java:511) [na:1.8.0_91]
	at java.util.concurrent.FutureTask.run(FutureTask.java:266) [na:1.8.0_91]
	at java.util.concurrent.ThreadPoolExecutor.runWorker(ThreadPoolExecutor.java:1142) [na:1.8.0_91]
	at java.util.concurrent.ThreadPoolExecutor$Worker.run(ThreadPoolExecutor.java:617) [na:1.8.0_91]
	at java.lang.Thread.run(Thread.java:745) [na:1.8.0_91]
[MASTER] 21:54:14.195 [logback-2] ERROR FileIOUtils - Error while reading file DotSearchTracing_12_tmp__ESTest.java , /tmp/EvoSuite_12_1550523254156/org/sat4j/tools/DotSearchTracing_12_tmp__ESTest.java (Too many open files)
java.io.FileNotFoundException: /tmp/EvoSuite_12_1550523254156/org/sat4j/tools/DotSearchTracing_12_tmp__ESTest.java (Too many open files)
	at java.io.FileOutputStream.open0(Native Method) ~[na:1.8.0_91]
	at java.io.FileOutputStream.open(FileOutputStream.java:270) ~[na:1.8.0_91]
	at java.io.FileOutputStream.<init>(FileOutputStream.java:213) ~[na:1.8.0_91]
	at org.evosuite.shaded.org.apache.commons.io.FileUtils.openOutputStream(FileUtils.java:365) ~[evosuite-master-1.0.7-SNAPSHOT.jar:1.0.7-SNAPSHOT]
	at org.evosuite.shaded.org.apache.commons.io.FileUtils.writeStringToFile(FileUtils.java:2015) ~[evosuite-master-1.0.7-SNAPSHOT.jar:1.0.7-SNAPSHOT]
	at org.evosuite.shaded.org.apache.commons.io.FileUtils.writeStringToFile(FileUtils.java:2048) ~[evosuite-master-1.0.7-SNAPSHOT.jar:1.0.7-SNAPSHOT]
	at org.evosuite.utils.FileIOUtils.writeFile(FileIOUtils.java:98) ~[evosuite-master-1.0.7-SNAPSHOT.jar:1.0.7-SNAPSHOT]
	at org.evosuite.junit.writer.TestSuiteWriter.writeTestSuite(TestSuiteWriter.java:247) [evosuite-master-1.0.7-SNAPSHOT.jar:1.0.7-SNAPSHOT]
	at org.evosuite.junit.JUnitAnalyzer.compileTests(JUnitAnalyzer.java:356) [evosuite-master-1.0.7-SNAPSHOT.jar:1.0.7-SNAPSHOT]
	at org.evosuite.junit.JUnitAnalyzer.removeTestsThatDoNotCompile(JUnitAnalyzer.java:105) [evosuite-master-1.0.7-SNAPSHOT.jar:1.0.7-SNAPSHOT]
	at org.evosuite.TestSuiteGenerator.compileAndCheckTests(TestSuiteGenerator.java:605) [evosuite-master-1.0.7-SNAPSHOT.jar:1.0.7-SNAPSHOT]
	at org.evosuite.TestSuiteGenerator.postProcessTests(TestSuiteGenerator.java:556) [evosuite-master-1.0.7-SNAPSHOT.jar:1.0.7-SNAPSHOT]
	at org.evosuite.TestSuiteGenerator.generateTestSuite(TestSuiteGenerator.java:254) [evosuite-master-1.0.7-SNAPSHOT.jar:1.0.7-SNAPSHOT]
	at org.evosuite.rmi.service.ClientNodeImpl$1.run(ClientNodeImpl.java:160) [evosuite-master-1.0.7-SNAPSHOT.jar:1.0.7-SNAPSHOT]
	at java.util.concurrent.Executors$RunnableAdapter.call(Executors.java:511) [na:1.8.0_91]
	at java.util.concurrent.FutureTask.run(FutureTask.java:266) [na:1.8.0_91]
	at java.util.concurrent.ThreadPoolExecutor.runWorker(ThreadPoolExecutor.java:1142) [na:1.8.0_91]
	at java.util.concurrent.ThreadPoolExecutor$Worker.run(ThreadPoolExecutor.java:617) [na:1.8.0_91]
	at java.lang.Thread.run(Thread.java:745) [na:1.8.0_91]
[MASTER] 21:54:14.196 [logback-2] ERROR FileIOUtils - Error while reading file DotSearchTracing_12_tmp__ESTest_scaffolding.java , /tmp/EvoSuite_12_1550523254156/org/sat4j/tools/DotSearchTracing_12_tmp__ESTest_scaffolding.java (Too many open files)
java.io.FileNotFoundException: /tmp/EvoSuite_12_1550523254156/org/sat4j/tools/DotSearchTracing_12_tmp__ESTest_scaffolding.java (Too many open files)
	at java.io.FileOutputStream.open0(Native Method) ~[na:1.8.0_91]
	at java.io.FileOutputStream.open(FileOutputStream.java:270) ~[na:1.8.0_91]
	at java.io.FileOutputStream.<init>(FileOutputStream.java:213) ~[na:1.8.0_91]
	at org.evosuite.shaded.org.apache.commons.io.FileUtils.openOutputStream(FileUtils.java:365) ~[evosuite-master-1.0.7-SNAPSHOT.jar:1.0.7-SNAPSHOT]
	at org.evosuite.shaded.org.apache.commons.io.FileUtils.writeStringToFile(FileUtils.java:2015) ~[evosuite-master-1.0.7-SNAPSHOT.jar:1.0.7-SNAPSHOT]
	at org.evosuite.shaded.org.apache.commons.io.FileUtils.writeStringToFile(FileUtils.java:2048) ~[evosuite-master-1.0.7-SNAPSHOT.jar:1.0.7-SNAPSHOT]
	at org.evosuite.utils.FileIOUtils.writeFile(FileIOUtils.java:98) ~[evosuite-master-1.0.7-SNAPSHOT.jar:1.0.7-SNAPSHOT]
	at org.evosuite.junit.writer.TestSuiteWriter.writeTestSuite(TestSuiteWriter.java:265) [evosuite-master-1.0.7-SNAPSHOT.jar:1.0.7-SNAPSHOT]
	at org.evosuite.junit.JUnitAnalyzer.compileTests(JUnitAnalyzer.java:356) [evosuite-master-1.0.7-SNAPSHOT.jar:1.0.7-SNAPSHOT]
	at org.evosuite.junit.JUnitAnalyzer.removeTestsThatDoNotCompile(JUnitAnalyzer.java:105) [evosuite-master-1.0.7-SNAPSHOT.jar:1.0.7-SNAPSHOT]
	at org.evosuite.TestSuiteGenerator.compileAndCheckTests(TestSuiteGenerator.java:605) [evosuite-master-1.0.7-SNAPSHOT.jar:1.0.7-SNAPSHOT]
	at org.evosuite.TestSuiteGenerator.postProcessTests(TestSuiteGenerator.java:556) [evosuite-master-1.0.7-SNAPSHOT.jar:1.0.7-SNAPSHOT]
	at org.evosuite.TestSuiteGenerator.generateTestSuite(TestSuiteGenerator.java:254) [evosuite-master-1.0.7-SNAPSHOT.jar:1.0.7-SNAPSHOT]
	at org.evosuite.rmi.service.ClientNodeImpl$1.run(ClientNodeImpl.java:160) [evosuite-master-1.0.7-SNAPSHOT.jar:1.0.7-SNAPSHOT]
	at java.util.concurrent.Executors$RunnableAdapter.call(Executors.java:511) [na:1.8.0_91]
	at java.util.concurrent.FutureTask.run(FutureTask.java:266) [na:1.8.0_91]
	at java.util.concurrent.ThreadPoolExecutor.runWorker(ThreadPoolExecutor.java:1142) [na:1.8.0_91]
	at java.util.concurrent.ThreadPoolExecutor$Worker.run(ThreadPoolExecutor.java:617) [na:1.8.0_91]
	at java.lang.Thread.run(Thread.java:745) [na:1.8.0_91]
[MASTER] 21:54:14.196 [logback-2] ERROR JUnitAnalyzer - Supposed to generate /tmp/EvoSuite_12_1550523254156/org/sat4j/tools/DotSearchTracing_12_tmp__ESTest.java but it does not exist
[MASTER] 21:54:14.196 [logback-2] ERROR JUnitAnalyzer - Failed to compile test case:
DotSearchTracing<String> dotSearchTracing0 = new DotSearchTracing<String>("}");
DotSearchTracing<Object> dotSearchTracing1 = new DotSearchTracing<Object>("}");
HashMap<Integer, Object> hashMap0 = new HashMap<Integer, Object>();
dotSearchTracing1.setMapping(hashMap0);
IVecInt iVecInt0 = mock(IVecInt.class, new ViolatedAssumptionAnswer());
doReturn(0, 0).when(iVecInt0).get(anyInt());
OriginalBinaryClause originalBinaryClause0 = new OriginalBinaryClause(iVecInt0, (ILits) null);
originalBinaryClause0.canBePropagatedMultipleTimes();
IVecInt iVecInt1 = mock(IVecInt.class, new ViolatedAssumptionAnswer());
doReturn(0).when(iVecInt1).size();
CBClause cBClause0 = new CBClause(iVecInt1, (ILits) null);
cBClause0.size();
dotSearchTracing0.enqueueing(2076, cBClause0);

[MASTER] 21:54:14.197 [logback-2] ERROR JUnitAnalyzer - Cannot delete tmp dir: /tmp/EvoSuite_12_1550523254156
java.io.IOException: Failed to list contents of /tmp/EvoSuite_12_1550523254156
	at org.evosuite.shaded.org.apache.commons.io.FileUtils.verifiedListFiles(FileUtils.java:1751) ~[evosuite-master-1.0.7-SNAPSHOT.jar:1.0.7-SNAPSHOT]
	at org.evosuite.shaded.org.apache.commons.io.FileUtils.cleanDirectory(FileUtils.java:1716) ~[evosuite-master-1.0.7-SNAPSHOT.jar:1.0.7-SNAPSHOT]
	at org.evosuite.shaded.org.apache.commons.io.FileUtils.deleteDirectory(FileUtils.java:1617) ~[evosuite-master-1.0.7-SNAPSHOT.jar:1.0.7-SNAPSHOT]
	at org.evosuite.junit.JUnitAnalyzer.removeTestsThatDoNotCompile(JUnitAnalyzer.java:115) ~[evosuite-master-1.0.7-SNAPSHOT.jar:1.0.7-SNAPSHOT]
	at org.evosuite.TestSuiteGenerator.compileAndCheckTests(TestSuiteGenerator.java:605) [evosuite-master-1.0.7-SNAPSHOT.jar:1.0.7-SNAPSHOT]
	at org.evosuite.TestSuiteGenerator.postProcessTests(TestSuiteGenerator.java:556) [evosuite-master-1.0.7-SNAPSHOT.jar:1.0.7-SNAPSHOT]
	at org.evosuite.TestSuiteGenerator.generateTestSuite(TestSuiteGenerator.java:254) [evosuite-master-1.0.7-SNAPSHOT.jar:1.0.7-SNAPSHOT]
	at org.evosuite.rmi.service.ClientNodeImpl$1.run(ClientNodeImpl.java:160) [evosuite-master-1.0.7-SNAPSHOT.jar:1.0.7-SNAPSHOT]
	at java.util.concurrent.Executors$RunnableAdapter.call(Executors.java:511) [na:1.8.0_91]
	at java.util.concurrent.FutureTask.run(FutureTask.java:266) [na:1.8.0_91]
	at java.util.concurrent.ThreadPoolExecutor.runWorker(ThreadPoolExecutor.java:1142) [na:1.8.0_91]
	at java.util.concurrent.ThreadPoolExecutor$Worker.run(ThreadPoolExecutor.java:617) [na:1.8.0_91]
	at java.lang.Thread.run(Thread.java:745) [na:1.8.0_91]
[MASTER] 21:54:14.336 [logback-2] ERROR FileIOUtils - Error while reading file DotSearchTracing_13_tmp__ESTest.java , /tmp/EvoSuite_13_1550523254197/org/sat4j/tools/DotSearchTracing_13_tmp__ESTest.java (Too many open files)
java.io.FileNotFoundException: /tmp/EvoSuite_13_1550523254197/org/sat4j/tools/DotSearchTracing_13_tmp__ESTest.java (Too many open files)
	at java.io.FileOutputStream.open0(Native Method) ~[na:1.8.0_91]
	at java.io.FileOutputStream.open(FileOutputStream.java:270) ~[na:1.8.0_91]
	at java.io.FileOutputStream.<init>(FileOutputStream.java:213) ~[na:1.8.0_91]
	at org.evosuite.shaded.org.apache.commons.io.FileUtils.openOutputStream(FileUtils.java:365) ~[evosuite-master-1.0.7-SNAPSHOT.jar:1.0.7-SNAPSHOT]
	at org.evosuite.shaded.org.apache.commons.io.FileUtils.writeStringToFile(FileUtils.java:2015) ~[evosuite-master-1.0.7-SNAPSHOT.jar:1.0.7-SNAPSHOT]
	at org.evosuite.shaded.org.apache.commons.io.FileUtils.writeStringToFile(FileUtils.java:2048) ~[evosuite-master-1.0.7-SNAPSHOT.jar:1.0.7-SNAPSHOT]
	at org.evosuite.utils.FileIOUtils.writeFile(FileIOUtils.java:98) ~[evosuite-master-1.0.7-SNAPSHOT.jar:1.0.7-SNAPSHOT]
	at org.evosuite.junit.writer.TestSuiteWriter.writeTestSuite(TestSuiteWriter.java:247) [evosuite-master-1.0.7-SNAPSHOT.jar:1.0.7-SNAPSHOT]
	at org.evosuite.junit.JUnitAnalyzer.compileTests(JUnitAnalyzer.java:356) [evosuite-master-1.0.7-SNAPSHOT.jar:1.0.7-SNAPSHOT]
	at org.evosuite.junit.JUnitAnalyzer.removeTestsThatDoNotCompile(JUnitAnalyzer.java:105) [evosuite-master-1.0.7-SNAPSHOT.jar:1.0.7-SNAPSHOT]
	at org.evosuite.TestSuiteGenerator.compileAndCheckTests(TestSuiteGenerator.java:605) [evosuite-master-1.0.7-SNAPSHOT.jar:1.0.7-SNAPSHOT]
	at org.evosuite.TestSuiteGenerator.postProcessTests(TestSuiteGenerator.java:556) [evosuite-master-1.0.7-SNAPSHOT.jar:1.0.7-SNAPSHOT]
	at org.evosuite.TestSuiteGenerator.generateTestSuite(TestSuiteGenerator.java:254) [evosuite-master-1.0.7-SNAPSHOT.jar:1.0.7-SNAPSHOT]
	at org.evosuite.rmi.service.ClientNodeImpl$1.run(ClientNodeImpl.java:160) [evosuite-master-1.0.7-SNAPSHOT.jar:1.0.7-SNAPSHOT]
	at java.util.concurrent.Executors$RunnableAdapter.call(Executors.java:511) [na:1.8.0_91]
	at java.util.concurrent.FutureTask.run(FutureTask.java:266) [na:1.8.0_91]
	at java.util.concurrent.ThreadPoolExecutor.runWorker(ThreadPoolExecutor.java:1142) [na:1.8.0_91]
	at java.util.concurrent.ThreadPoolExecutor$Worker.run(ThreadPoolExecutor.java:617) [na:1.8.0_91]
	at java.lang.Thread.run(Thread.java:745) [na:1.8.0_91]
[MASTER] 21:54:14.338 [logback-2] ERROR FileIOUtils - Error while reading file DotSearchTracing_13_tmp__ESTest_scaffolding.java , /tmp/EvoSuite_13_1550523254197/org/sat4j/tools/DotSearchTracing_13_tmp__ESTest_scaffolding.java (Too many open files)
java.io.FileNotFoundException: /tmp/EvoSuite_13_1550523254197/org/sat4j/tools/DotSearchTracing_13_tmp__ESTest_scaffolding.java (Too many open files)
	at java.io.FileOutputStream.open0(Native Method) ~[na:1.8.0_91]
	at java.io.FileOutputStream.open(FileOutputStream.java:270) ~[na:1.8.0_91]
	at java.io.FileOutputStream.<init>(FileOutputStream.java:213) ~[na:1.8.0_91]
	at org.evosuite.shaded.org.apache.commons.io.FileUtils.openOutputStream(FileUtils.java:365) ~[evosuite-master-1.0.7-SNAPSHOT.jar:1.0.7-SNAPSHOT]
	at org.evosuite.shaded.org.apache.commons.io.FileUtils.writeStringToFile(FileUtils.java:2015) ~[evosuite-master-1.0.7-SNAPSHOT.jar:1.0.7-SNAPSHOT]
	at org.evosuite.shaded.org.apache.commons.io.FileUtils.writeStringToFile(FileUtils.java:2048) ~[evosuite-master-1.0.7-SNAPSHOT.jar:1.0.7-SNAPSHOT]
	at org.evosuite.utils.FileIOUtils.writeFile(FileIOUtils.java:98) ~[evosuite-master-1.0.7-SNAPSHOT.jar:1.0.7-SNAPSHOT]
	at org.evosuite.junit.writer.TestSuiteWriter.writeTestSuite(TestSuiteWriter.java:265) [evosuite-master-1.0.7-SNAPSHOT.jar:1.0.7-SNAPSHOT]
	at org.evosuite.junit.JUnitAnalyzer.compileTests(JUnitAnalyzer.java:356) [evosuite-master-1.0.7-SNAPSHOT.jar:1.0.7-SNAPSHOT]
	at org.evosuite.junit.JUnitAnalyzer.removeTestsThatDoNotCompile(JUnitAnalyzer.java:105) [evosuite-master-1.0.7-SNAPSHOT.jar:1.0.7-SNAPSHOT]
	at org.evosuite.TestSuiteGenerator.compileAndCheckTests(TestSuiteGenerator.java:605) [evosuite-master-1.0.7-SNAPSHOT.jar:1.0.7-SNAPSHOT]
	at org.evosuite.TestSuiteGenerator.postProcessTests(TestSuiteGenerator.java:556) [evosuite-master-1.0.7-SNAPSHOT.jar:1.0.7-SNAPSHOT]
	at org.evosuite.TestSuiteGenerator.generateTestSuite(TestSuiteGenerator.java:254) [evosuite-master-1.0.7-SNAPSHOT.jar:1.0.7-SNAPSHOT]
	at org.evosuite.rmi.service.ClientNodeImpl$1.run(ClientNodeImpl.java:160) [evosuite-master-1.0.7-SNAPSHOT.jar:1.0.7-SNAPSHOT]
	at java.util.concurrent.Executors$RunnableAdapter.call(Executors.java:511) [na:1.8.0_91]
	at java.util.concurrent.FutureTask.run(FutureTask.java:266) [na:1.8.0_91]
	at java.util.concurrent.ThreadPoolExecutor.runWorker(ThreadPoolExecutor.java:1142) [na:1.8.0_91]
	at java.util.concurrent.ThreadPoolExecutor$Worker.run(ThreadPoolExecutor.java:617) [na:1.8.0_91]
	at java.lang.Thread.run(Thread.java:745) [na:1.8.0_91]
[MASTER] 21:54:14.338 [logback-2] ERROR JUnitAnalyzer - Supposed to generate /tmp/EvoSuite_13_1550523254197/org/sat4j/tools/DotSearchTracing_13_tmp__ESTest.java but it does not exist
[MASTER] 21:54:14.338 [logback-2] ERROR JUnitAnalyzer - Failed to compile test case:
DotSearchTracing<String> dotSearchTracing0 = new DotSearchTracing<String>("");
dotSearchTracing0.propagating(102);

[MASTER] 21:54:14.338 [logback-2] ERROR JUnitAnalyzer - Cannot delete tmp dir: /tmp/EvoSuite_13_1550523254197
java.io.IOException: Failed to list contents of /tmp/EvoSuite_13_1550523254197
	at org.evosuite.shaded.org.apache.commons.io.FileUtils.verifiedListFiles(FileUtils.java:1751) ~[evosuite-master-1.0.7-SNAPSHOT.jar:1.0.7-SNAPSHOT]
	at org.evosuite.shaded.org.apache.commons.io.FileUtils.cleanDirectory(FileUtils.java:1716) ~[evosuite-master-1.0.7-SNAPSHOT.jar:1.0.7-SNAPSHOT]
	at org.evosuite.shaded.org.apache.commons.io.FileUtils.deleteDirectory(FileUtils.java:1617) ~[evosuite-master-1.0.7-SNAPSHOT.jar:1.0.7-SNAPSHOT]
	at org.evosuite.junit.JUnitAnalyzer.removeTestsThatDoNotCompile(JUnitAnalyzer.java:115) ~[evosuite-master-1.0.7-SNAPSHOT.jar:1.0.7-SNAPSHOT]
	at org.evosuite.TestSuiteGenerator.compileAndCheckTests(TestSuiteGenerator.java:605) [evosuite-master-1.0.7-SNAPSHOT.jar:1.0.7-SNAPSHOT]
	at org.evosuite.TestSuiteGenerator.postProcessTests(TestSuiteGenerator.java:556) [evosuite-master-1.0.7-SNAPSHOT.jar:1.0.7-SNAPSHOT]
	at org.evosuite.TestSuiteGenerator.generateTestSuite(TestSuiteGenerator.java:254) [evosuite-master-1.0.7-SNAPSHOT.jar:1.0.7-SNAPSHOT]
	at org.evosuite.rmi.service.ClientNodeImpl$1.run(ClientNodeImpl.java:160) [evosuite-master-1.0.7-SNAPSHOT.jar:1.0.7-SNAPSHOT]
	at java.util.concurrent.Executors$RunnableAdapter.call(Executors.java:511) [na:1.8.0_91]
	at java.util.concurrent.FutureTask.run(FutureTask.java:266) [na:1.8.0_91]
	at java.util.concurrent.ThreadPoolExecutor.runWorker(ThreadPoolExecutor.java:1142) [na:1.8.0_91]
	at java.util.concurrent.ThreadPoolExecutor$Worker.run(ThreadPoolExecutor.java:617) [na:1.8.0_91]
	at java.lang.Thread.run(Thread.java:745) [na:1.8.0_91]
[MASTER] 21:54:14.366 [logback-2] ERROR FileIOUtils - Error while reading file DotSearchTracing_14_tmp__ESTest.java , /tmp/EvoSuite_14_1550523254338/org/sat4j/tools/DotSearchTracing_14_tmp__ESTest.java (Too many open files)
java.io.FileNotFoundException: /tmp/EvoSuite_14_1550523254338/org/sat4j/tools/DotSearchTracing_14_tmp__ESTest.java (Too many open files)
	at java.io.FileOutputStream.open0(Native Method) ~[na:1.8.0_91]
	at java.io.FileOutputStream.open(FileOutputStream.java:270) ~[na:1.8.0_91]
	at java.io.FileOutputStream.<init>(FileOutputStream.java:213) ~[na:1.8.0_91]
	at org.evosuite.shaded.org.apache.commons.io.FileUtils.openOutputStream(FileUtils.java:365) ~[evosuite-master-1.0.7-SNAPSHOT.jar:1.0.7-SNAPSHOT]
	at org.evosuite.shaded.org.apache.commons.io.FileUtils.writeStringToFile(FileUtils.java:2015) ~[evosuite-master-1.0.7-SNAPSHOT.jar:1.0.7-SNAPSHOT]
	at org.evosuite.shaded.org.apache.commons.io.FileUtils.writeStringToFile(FileUtils.java:2048) ~[evosuite-master-1.0.7-SNAPSHOT.jar:1.0.7-SNAPSHOT]
	at org.evosuite.utils.FileIOUtils.writeFile(FileIOUtils.java:98) ~[evosuite-master-1.0.7-SNAPSHOT.jar:1.0.7-SNAPSHOT]
	at org.evosuite.junit.writer.TestSuiteWriter.writeTestSuite(TestSuiteWriter.java:247) [evosuite-master-1.0.7-SNAPSHOT.jar:1.0.7-SNAPSHOT]
	at org.evosuite.junit.JUnitAnalyzer.compileTests(JUnitAnalyzer.java:356) [evosuite-master-1.0.7-SNAPSHOT.jar:1.0.7-SNAPSHOT]
	at org.evosuite.junit.JUnitAnalyzer.removeTestsThatDoNotCompile(JUnitAnalyzer.java:105) [evosuite-master-1.0.7-SNAPSHOT.jar:1.0.7-SNAPSHOT]
	at org.evosuite.TestSuiteGenerator.compileAndCheckTests(TestSuiteGenerator.java:605) [evosuite-master-1.0.7-SNAPSHOT.jar:1.0.7-SNAPSHOT]
	at org.evosuite.TestSuiteGenerator.postProcessTests(TestSuiteGenerator.java:556) [evosuite-master-1.0.7-SNAPSHOT.jar:1.0.7-SNAPSHOT]
	at org.evosuite.TestSuiteGenerator.generateTestSuite(TestSuiteGenerator.java:254) [evosuite-master-1.0.7-SNAPSHOT.jar:1.0.7-SNAPSHOT]
	at org.evosuite.rmi.service.ClientNodeImpl$1.run(ClientNodeImpl.java:160) [evosuite-master-1.0.7-SNAPSHOT.jar:1.0.7-SNAPSHOT]
	at java.util.concurrent.Executors$RunnableAdapter.call(Executors.java:511) [na:1.8.0_91]
	at java.util.concurrent.FutureTask.run(FutureTask.java:266) [na:1.8.0_91]
	at java.util.concurrent.ThreadPoolExecutor.runWorker(ThreadPoolExecutor.java:1142) [na:1.8.0_91]
	at java.util.concurrent.ThreadPoolExecutor$Worker.run(ThreadPoolExecutor.java:617) [na:1.8.0_91]
	at java.lang.Thread.run(Thread.java:745) [na:1.8.0_91]
[MASTER] 21:54:14.368 [logback-2] ERROR FileIOUtils - Error while reading file DotSearchTracing_14_tmp__ESTest_scaffolding.java , /tmp/EvoSuite_14_1550523254338/org/sat4j/tools/DotSearchTracing_14_tmp__ESTest_scaffolding.java (Too many open files)
java.io.FileNotFoundException: /tmp/EvoSuite_14_1550523254338/org/sat4j/tools/DotSearchTracing_14_tmp__ESTest_scaffolding.java (Too many open files)
	at java.io.FileOutputStream.open0(Native Method) ~[na:1.8.0_91]
	at java.io.FileOutputStream.open(FileOutputStream.java:270) ~[na:1.8.0_91]
	at java.io.FileOutputStream.<init>(FileOutputStream.java:213) ~[na:1.8.0_91]
	at org.evosuite.shaded.org.apache.commons.io.FileUtils.openOutputStream(FileUtils.java:365) ~[evosuite-master-1.0.7-SNAPSHOT.jar:1.0.7-SNAPSHOT]
	at org.evosuite.shaded.org.apache.commons.io.FileUtils.writeStringToFile(FileUtils.java:2015) ~[evosuite-master-1.0.7-SNAPSHOT.jar:1.0.7-SNAPSHOT]
	at org.evosuite.shaded.org.apache.commons.io.FileUtils.writeStringToFile(FileUtils.java:2048) ~[evosuite-master-1.0.7-SNAPSHOT.jar:1.0.7-SNAPSHOT]
	at org.evosuite.utils.FileIOUtils.writeFile(FileIOUtils.java:98) ~[evosuite-master-1.0.7-SNAPSHOT.jar:1.0.7-SNAPSHOT]
	at org.evosuite.junit.writer.TestSuiteWriter.writeTestSuite(TestSuiteWriter.java:265) [evosuite-master-1.0.7-SNAPSHOT.jar:1.0.7-SNAPSHOT]
	at org.evosuite.junit.JUnitAnalyzer.compileTests(JUnitAnalyzer.java:356) [evosuite-master-1.0.7-SNAPSHOT.jar:1.0.7-SNAPSHOT]
	at org.evosuite.junit.JUnitAnalyzer.removeTestsThatDoNotCompile(JUnitAnalyzer.java:105) [evosuite-master-1.0.7-SNAPSHOT.jar:1.0.7-SNAPSHOT]
	at org.evosuite.TestSuiteGenerator.compileAndCheckTests(TestSuiteGenerator.java:605) [evosuite-master-1.0.7-SNAPSHOT.jar:1.0.7-SNAPSHOT]
	at org.evosuite.TestSuiteGenerator.postProcessTests(TestSuiteGenerator.java:556) [evosuite-master-1.0.7-SNAPSHOT.jar:1.0.7-SNAPSHOT]
	at org.evosuite.TestSuiteGenerator.generateTestSuite(TestSuiteGenerator.java:254) [evosuite-master-1.0.7-SNAPSHOT.jar:1.0.7-SNAPSHOT]
	at org.evosuite.rmi.service.ClientNodeImpl$1.run(ClientNodeImpl.java:160) [evosuite-master-1.0.7-SNAPSHOT.jar:1.0.7-SNAPSHOT]
	at java.util.concurrent.Executors$RunnableAdapter.call(Executors.java:511) [na:1.8.0_91]
	at java.util.concurrent.FutureTask.run(FutureTask.java:266) [na:1.8.0_91]
	at java.util.concurrent.ThreadPoolExecutor.runWorker(ThreadPoolExecutor.java:1142) [na:1.8.0_91]
	at java.util.concurrent.ThreadPoolExecutor$Worker.run(ThreadPoolExecutor.java:617) [na:1.8.0_91]
	at java.lang.Thread.run(Thread.java:745) [na:1.8.0_91]
[MASTER] 21:54:14.373 [logback-2] ERROR JUnitAnalyzer - Supposed to generate /tmp/EvoSuite_14_1550523254338/org/sat4j/tools/DotSearchTracing_14_tmp__ESTest.java but it does not exist
[MASTER] 21:54:14.374 [logback-2] ERROR JUnitAnalyzer - Failed to compile test case:
StatisticsSolver statisticsSolver0 = new StatisticsSolver();
DotSearchTracing<Object> dotSearchTracing0 = new DotSearchTracing<Object>("");
int[] intArray0 = new int[3];
dotSearchTracing0.solutionFound(intArray0, statisticsSolver0);

[MASTER] 21:54:14.374 [logback-2] ERROR JUnitAnalyzer - Cannot delete tmp dir: /tmp/EvoSuite_14_1550523254338
java.io.IOException: Failed to list contents of /tmp/EvoSuite_14_1550523254338
	at org.evosuite.shaded.org.apache.commons.io.FileUtils.verifiedListFiles(FileUtils.java:1751) ~[evosuite-master-1.0.7-SNAPSHOT.jar:1.0.7-SNAPSHOT]
	at org.evosuite.shaded.org.apache.commons.io.FileUtils.cleanDirectory(FileUtils.java:1716) ~[evosuite-master-1.0.7-SNAPSHOT.jar:1.0.7-SNAPSHOT]
	at org.evosuite.shaded.org.apache.commons.io.FileUtils.deleteDirectory(FileUtils.java:1617) ~[evosuite-master-1.0.7-SNAPSHOT.jar:1.0.7-SNAPSHOT]
	at org.evosuite.junit.JUnitAnalyzer.removeTestsThatDoNotCompile(JUnitAnalyzer.java:115) ~[evosuite-master-1.0.7-SNAPSHOT.jar:1.0.7-SNAPSHOT]
	at org.evosuite.TestSuiteGenerator.compileAndCheckTests(TestSuiteGenerator.java:605) [evosuite-master-1.0.7-SNAPSHOT.jar:1.0.7-SNAPSHOT]
	at org.evosuite.TestSuiteGenerator.postProcessTests(TestSuiteGenerator.java:556) [evosuite-master-1.0.7-SNAPSHOT.jar:1.0.7-SNAPSHOT]
	at org.evosuite.TestSuiteGenerator.generateTestSuite(TestSuiteGenerator.java:254) [evosuite-master-1.0.7-SNAPSHOT.jar:1.0.7-SNAPSHOT]
	at org.evosuite.rmi.service.ClientNodeImpl$1.run(ClientNodeImpl.java:160) [evosuite-master-1.0.7-SNAPSHOT.jar:1.0.7-SNAPSHOT]
	at java.util.concurrent.Executors$RunnableAdapter.call(Executors.java:511) [na:1.8.0_91]
	at java.util.concurrent.FutureTask.run(FutureTask.java:266) [na:1.8.0_91]
	at java.util.concurrent.ThreadPoolExecutor.runWorker(ThreadPoolExecutor.java:1142) [na:1.8.0_91]
	at java.util.concurrent.ThreadPoolExecutor$Worker.run(ThreadPoolExecutor.java:617) [na:1.8.0_91]
	at java.lang.Thread.run(Thread.java:745) [na:1.8.0_91]
[MASTER] 21:54:14.429 [logback-2] ERROR FileIOUtils - Error while reading file DotSearchTracing_15_tmp__ESTest.java , /tmp/EvoSuite_15_1550523254375/org/sat4j/tools/DotSearchTracing_15_tmp__ESTest.java (Too many open files)
java.io.FileNotFoundException: /tmp/EvoSuite_15_1550523254375/org/sat4j/tools/DotSearchTracing_15_tmp__ESTest.java (Too many open files)
	at java.io.FileOutputStream.open0(Native Method) ~[na:1.8.0_91]
	at java.io.FileOutputStream.open(FileOutputStream.java:270) ~[na:1.8.0_91]
	at java.io.FileOutputStream.<init>(FileOutputStream.java:213) ~[na:1.8.0_91]
	at org.evosuite.shaded.org.apache.commons.io.FileUtils.openOutputStream(FileUtils.java:365) ~[evosuite-master-1.0.7-SNAPSHOT.jar:1.0.7-SNAPSHOT]
	at org.evosuite.shaded.org.apache.commons.io.FileUtils.writeStringToFile(FileUtils.java:2015) ~[evosuite-master-1.0.7-SNAPSHOT.jar:1.0.7-SNAPSHOT]
	at org.evosuite.shaded.org.apache.commons.io.FileUtils.writeStringToFile(FileUtils.java:2048) ~[evosuite-master-1.0.7-SNAPSHOT.jar:1.0.7-SNAPSHOT]
	at org.evosuite.utils.FileIOUtils.writeFile(FileIOUtils.java:98) ~[evosuite-master-1.0.7-SNAPSHOT.jar:1.0.7-SNAPSHOT]
	at org.evosuite.junit.writer.TestSuiteWriter.writeTestSuite(TestSuiteWriter.java:247) [evosuite-master-1.0.7-SNAPSHOT.jar:1.0.7-SNAPSHOT]
	at org.evosuite.junit.JUnitAnalyzer.compileTests(JUnitAnalyzer.java:356) [evosuite-master-1.0.7-SNAPSHOT.jar:1.0.7-SNAPSHOT]
	at org.evosuite.junit.JUnitAnalyzer.removeTestsThatDoNotCompile(JUnitAnalyzer.java:105) [evosuite-master-1.0.7-SNAPSHOT.jar:1.0.7-SNAPSHOT]
	at org.evosuite.TestSuiteGenerator.compileAndCheckTests(TestSuiteGenerator.java:605) [evosuite-master-1.0.7-SNAPSHOT.jar:1.0.7-SNAPSHOT]
	at org.evosuite.TestSuiteGenerator.postProcessTests(TestSuiteGenerator.java:556) [evosuite-master-1.0.7-SNAPSHOT.jar:1.0.7-SNAPSHOT]
	at org.evosuite.TestSuiteGenerator.generateTestSuite(TestSuiteGenerator.java:254) [evosuite-master-1.0.7-SNAPSHOT.jar:1.0.7-SNAPSHOT]
	at org.evosuite.rmi.service.ClientNodeImpl$1.run(ClientNodeImpl.java:160) [evosuite-master-1.0.7-SNAPSHOT.jar:1.0.7-SNAPSHOT]
	at java.util.concurrent.Executors$RunnableAdapter.call(Executors.java:511) [na:1.8.0_91]
	at java.util.concurrent.FutureTask.run(FutureTask.java:266) [na:1.8.0_91]
	at java.util.concurrent.ThreadPoolExecutor.runWorker(ThreadPoolExecutor.java:1142) [na:1.8.0_91]
	at java.util.concurrent.ThreadPoolExecutor$Worker.run(ThreadPoolExecutor.java:617) [na:1.8.0_91]
	at java.lang.Thread.run(Thread.java:745) [na:1.8.0_91]
[MASTER] 21:54:14.430 [logback-2] ERROR FileIOUtils - Error while reading file DotSearchTracing_15_tmp__ESTest_scaffolding.java , /tmp/EvoSuite_15_1550523254375/org/sat4j/tools/DotSearchTracing_15_tmp__ESTest_scaffolding.java (Too many open files)
java.io.FileNotFoundException: /tmp/EvoSuite_15_1550523254375/org/sat4j/tools/DotSearchTracing_15_tmp__ESTest_scaffolding.java (Too many open files)
	at java.io.FileOutputStream.open0(Native Method) ~[na:1.8.0_91]
	at java.io.FileOutputStream.open(FileOutputStream.java:270) ~[na:1.8.0_91]
	at java.io.FileOutputStream.<init>(FileOutputStream.java:213) ~[na:1.8.0_91]
	at org.evosuite.shaded.org.apache.commons.io.FileUtils.openOutputStream(FileUtils.java:365) ~[evosuite-master-1.0.7-SNAPSHOT.jar:1.0.7-SNAPSHOT]
	at org.evosuite.shaded.org.apache.commons.io.FileUtils.writeStringToFile(FileUtils.java:2015) ~[evosuite-master-1.0.7-SNAPSHOT.jar:1.0.7-SNAPSHOT]
	at org.evosuite.shaded.org.apache.commons.io.FileUtils.writeStringToFile(FileUtils.java:2048) ~[evosuite-master-1.0.7-SNAPSHOT.jar:1.0.7-SNAPSHOT]
	at org.evosuite.utils.FileIOUtils.writeFile(FileIOUtils.java:98) ~[evosuite-master-1.0.7-SNAPSHOT.jar:1.0.7-SNAPSHOT]
	at org.evosuite.junit.writer.TestSuiteWriter.writeTestSuite(TestSuiteWriter.java:265) [evosuite-master-1.0.7-SNAPSHOT.jar:1.0.7-SNAPSHOT]
	at org.evosuite.junit.JUnitAnalyzer.compileTests(JUnitAnalyzer.java:356) [evosuite-master-1.0.7-SNAPSHOT.jar:1.0.7-SNAPSHOT]
	at org.evosuite.junit.JUnitAnalyzer.removeTestsThatDoNotCompile(JUnitAnalyzer.java:105) [evosuite-master-1.0.7-SNAPSHOT.jar:1.0.7-SNAPSHOT]
	at org.evosuite.TestSuiteGenerator.compileAndCheckTests(TestSuiteGenerator.java:605) [evosuite-master-1.0.7-SNAPSHOT.jar:1.0.7-SNAPSHOT]
	at org.evosuite.TestSuiteGenerator.postProcessTests(TestSuiteGenerator.java:556) [evosuite-master-1.0.7-SNAPSHOT.jar:1.0.7-SNAPSHOT]
	at org.evosuite.TestSuiteGenerator.generateTestSuite(TestSuiteGenerator.java:254) [evosuite-master-1.0.7-SNAPSHOT.jar:1.0.7-SNAPSHOT]
	at org.evosuite.rmi.service.ClientNodeImpl$1.run(ClientNodeImpl.java:160) [evosuite-master-1.0.7-SNAPSHOT.jar:1.0.7-SNAPSHOT]
	at java.util.concurrent.Executors$RunnableAdapter.call(Executors.java:511) [na:1.8.0_91]
	at java.util.concurrent.FutureTask.run(FutureTask.java:266) [na:1.8.0_91]
	at java.util.concurrent.ThreadPoolExecutor.runWorker(ThreadPoolExecutor.java:1142) [na:1.8.0_91]
	at java.util.concurrent.ThreadPoolExecutor$Worker.run(ThreadPoolExecutor.java:617) [na:1.8.0_91]
	at java.lang.Thread.run(Thread.java:745) [na:1.8.0_91]
[MASTER] 21:54:14.430 [logback-2] ERROR JUnitAnalyzer - Supposed to generate /tmp/EvoSuite_15_1550523254375/org/sat4j/tools/DotSearchTracing_15_tmp__ESTest.java but it does not exist
[MASTER] 21:54:14.430 [logback-2] ERROR JUnitAnalyzer - Failed to compile test case:
DotSearchTracing<String> dotSearchTracing0 = new DotSearchTracing<String>("b'|)Ta&,_H[W$^wHP");
dotSearchTracing0.assuming(1);

[MASTER] 21:54:14.431 [logback-2] ERROR JUnitAnalyzer - Cannot delete tmp dir: /tmp/EvoSuite_15_1550523254375
java.io.IOException: Failed to list contents of /tmp/EvoSuite_15_1550523254375
	at org.evosuite.shaded.org.apache.commons.io.FileUtils.verifiedListFiles(FileUtils.java:1751) ~[evosuite-master-1.0.7-SNAPSHOT.jar:1.0.7-SNAPSHOT]
	at org.evosuite.shaded.org.apache.commons.io.FileUtils.cleanDirectory(FileUtils.java:1716) ~[evosuite-master-1.0.7-SNAPSHOT.jar:1.0.7-SNAPSHOT]
	at org.evosuite.shaded.org.apache.commons.io.FileUtils.deleteDirectory(FileUtils.java:1617) ~[evosuite-master-1.0.7-SNAPSHOT.jar:1.0.7-SNAPSHOT]
	at org.evosuite.junit.JUnitAnalyzer.removeTestsThatDoNotCompile(JUnitAnalyzer.java:115) ~[evosuite-master-1.0.7-SNAPSHOT.jar:1.0.7-SNAPSHOT]
	at org.evosuite.TestSuiteGenerator.compileAndCheckTests(TestSuiteGenerator.java:605) [evosuite-master-1.0.7-SNAPSHOT.jar:1.0.7-SNAPSHOT]
	at org.evosuite.TestSuiteGenerator.postProcessTests(TestSuiteGenerator.java:556) [evosuite-master-1.0.7-SNAPSHOT.jar:1.0.7-SNAPSHOT]
	at org.evosuite.TestSuiteGenerator.generateTestSuite(TestSuiteGenerator.java:254) [evosuite-master-1.0.7-SNAPSHOT.jar:1.0.7-SNAPSHOT]
	at org.evosuite.rmi.service.ClientNodeImpl$1.run(ClientNodeImpl.java:160) [evosuite-master-1.0.7-SNAPSHOT.jar:1.0.7-SNAPSHOT]
	at java.util.concurrent.Executors$RunnableAdapter.call(Executors.java:511) [na:1.8.0_91]
	at java.util.concurrent.FutureTask.run(FutureTask.java:266) [na:1.8.0_91]
	at java.util.concurrent.ThreadPoolExecutor.runWorker(ThreadPoolExecutor.java:1142) [na:1.8.0_91]
	at java.util.concurrent.ThreadPoolExecutor$Worker.run(ThreadPoolExecutor.java:617) [na:1.8.0_91]
	at java.lang.Thread.run(Thread.java:745) [na:1.8.0_91]
[MASTER] 21:54:14.435 [logback-2] ERROR FileIOUtils - Error while reading file DotSearchTracing_16_tmp__ESTest.java , /tmp/EvoSuite_16_1550523254431/org/sat4j/tools/DotSearchTracing_16_tmp__ESTest.java (Too many open files)
java.io.FileNotFoundException: /tmp/EvoSuite_16_1550523254431/org/sat4j/tools/DotSearchTracing_16_tmp__ESTest.java (Too many open files)
	at java.io.FileOutputStream.open0(Native Method) ~[na:1.8.0_91]
	at java.io.FileOutputStream.open(FileOutputStream.java:270) ~[na:1.8.0_91]
	at java.io.FileOutputStream.<init>(FileOutputStream.java:213) ~[na:1.8.0_91]
	at org.evosuite.shaded.org.apache.commons.io.FileUtils.openOutputStream(FileUtils.java:365) ~[evosuite-master-1.0.7-SNAPSHOT.jar:1.0.7-SNAPSHOT]
	at org.evosuite.shaded.org.apache.commons.io.FileUtils.writeStringToFile(FileUtils.java:2015) ~[evosuite-master-1.0.7-SNAPSHOT.jar:1.0.7-SNAPSHOT]
	at org.evosuite.shaded.org.apache.commons.io.FileUtils.writeStringToFile(FileUtils.java:2048) ~[evosuite-master-1.0.7-SNAPSHOT.jar:1.0.7-SNAPSHOT]
	at org.evosuite.utils.FileIOUtils.writeFile(FileIOUtils.java:98) ~[evosuite-master-1.0.7-SNAPSHOT.jar:1.0.7-SNAPSHOT]
	at org.evosuite.junit.writer.TestSuiteWriter.writeTestSuite(TestSuiteWriter.java:247) [evosuite-master-1.0.7-SNAPSHOT.jar:1.0.7-SNAPSHOT]
	at org.evosuite.junit.JUnitAnalyzer.compileTests(JUnitAnalyzer.java:356) [evosuite-master-1.0.7-SNAPSHOT.jar:1.0.7-SNAPSHOT]
	at org.evosuite.junit.JUnitAnalyzer.removeTestsThatDoNotCompile(JUnitAnalyzer.java:105) [evosuite-master-1.0.7-SNAPSHOT.jar:1.0.7-SNAPSHOT]
	at org.evosuite.TestSuiteGenerator.compileAndCheckTests(TestSuiteGenerator.java:605) [evosuite-master-1.0.7-SNAPSHOT.jar:1.0.7-SNAPSHOT]
	at org.evosuite.TestSuiteGenerator.postProcessTests(TestSuiteGenerator.java:556) [evosuite-master-1.0.7-SNAPSHOT.jar:1.0.7-SNAPSHOT]
	at org.evosuite.TestSuiteGenerator.generateTestSuite(TestSuiteGenerator.java:254) [evosuite-master-1.0.7-SNAPSHOT.jar:1.0.7-SNAPSHOT]
	at org.evosuite.rmi.service.ClientNodeImpl$1.run(ClientNodeImpl.java:160) [evosuite-master-1.0.7-SNAPSHOT.jar:1.0.7-SNAPSHOT]
	at java.util.concurrent.Executors$RunnableAdapter.call(Executors.java:511) [na:1.8.0_91]
	at java.util.concurrent.FutureTask.run(FutureTask.java:266) [na:1.8.0_91]
	at java.util.concurrent.ThreadPoolExecutor.runWorker(ThreadPoolExecutor.java:1142) [na:1.8.0_91]
	at java.util.concurrent.ThreadPoolExecutor$Worker.run(ThreadPoolExecutor.java:617) [na:1.8.0_91]
	at java.lang.Thread.run(Thread.java:745) [na:1.8.0_91]
[MASTER] 21:54:14.436 [logback-2] ERROR FileIOUtils - Error while reading file DotSearchTracing_16_tmp__ESTest_scaffolding.java , /tmp/EvoSuite_16_1550523254431/org/sat4j/tools/DotSearchTracing_16_tmp__ESTest_scaffolding.java (Too many open files)
java.io.FileNotFoundException: /tmp/EvoSuite_16_1550523254431/org/sat4j/tools/DotSearchTracing_16_tmp__ESTest_scaffolding.java (Too many open files)
	at java.io.FileOutputStream.open0(Native Method) ~[na:1.8.0_91]
	at java.io.FileOutputStream.open(FileOutputStream.java:270) ~[na:1.8.0_91]
	at java.io.FileOutputStream.<init>(FileOutputStream.java:213) ~[na:1.8.0_91]
	at org.evosuite.shaded.org.apache.commons.io.FileUtils.openOutputStream(FileUtils.java:365) ~[evosuite-master-1.0.7-SNAPSHOT.jar:1.0.7-SNAPSHOT]
	at org.evosuite.shaded.org.apache.commons.io.FileUtils.writeStringToFile(FileUtils.java:2015) ~[evosuite-master-1.0.7-SNAPSHOT.jar:1.0.7-SNAPSHOT]
	at org.evosuite.shaded.org.apache.commons.io.FileUtils.writeStringToFile(FileUtils.java:2048) ~[evosuite-master-1.0.7-SNAPSHOT.jar:1.0.7-SNAPSHOT]
	at org.evosuite.utils.FileIOUtils.writeFile(FileIOUtils.java:98) ~[evosuite-master-1.0.7-SNAPSHOT.jar:1.0.7-SNAPSHOT]
	at org.evosuite.junit.writer.TestSuiteWriter.writeTestSuite(TestSuiteWriter.java:265) [evosuite-master-1.0.7-SNAPSHOT.jar:1.0.7-SNAPSHOT]
	at org.evosuite.junit.JUnitAnalyzer.compileTests(JUnitAnalyzer.java:356) [evosuite-master-1.0.7-SNAPSHOT.jar:1.0.7-SNAPSHOT]
	at org.evosuite.junit.JUnitAnalyzer.removeTestsThatDoNotCompile(JUnitAnalyzer.java:105) [evosuite-master-1.0.7-SNAPSHOT.jar:1.0.7-SNAPSHOT]
	at org.evosuite.TestSuiteGenerator.compileAndCheckTests(TestSuiteGenerator.java:605) [evosuite-master-1.0.7-SNAPSHOT.jar:1.0.7-SNAPSHOT]
	at org.evosuite.TestSuiteGenerator.postProcessTests(TestSuiteGenerator.java:556) [evosuite-master-1.0.7-SNAPSHOT.jar:1.0.7-SNAPSHOT]
	at org.evosuite.TestSuiteGenerator.generateTestSuite(TestSuiteGenerator.java:254) [evosuite-master-1.0.7-SNAPSHOT.jar:1.0.7-SNAPSHOT]
	at org.evosuite.rmi.service.ClientNodeImpl$1.run(ClientNodeImpl.java:160) [evosuite-master-1.0.7-SNAPSHOT.jar:1.0.7-SNAPSHOT]
	at java.util.concurrent.Executors$RunnableAdapter.call(Executors.java:511) [na:1.8.0_91]
	at java.util.concurrent.FutureTask.run(FutureTask.java:266) [na:1.8.0_91]
	at java.util.concurrent.ThreadPoolExecutor.runWorker(ThreadPoolExecutor.java:1142) [na:1.8.0_91]
	at java.util.concurrent.ThreadPoolExecutor$Worker.run(ThreadPoolExecutor.java:617) [na:1.8.0_91]
	at java.lang.Thread.run(Thread.java:745) [na:1.8.0_91]
[MASTER] 21:54:14.436 [logback-2] ERROR JUnitAnalyzer - Supposed to generate /tmp/EvoSuite_16_1550523254431/org/sat4j/tools/DotSearchTracing_16_tmp__ESTest.java but it does not exist
[MASTER] 21:54:14.437 [logback-2] ERROR JUnitAnalyzer - Failed to compile test case:
DotSearchTracing<Object> dotSearchTracing0 = new DotSearchTracing<Object>("Sequential");
DotSearchTracing<MixedDataStructureDanielWL> dotSearchTracing1 = new DotSearchTracing<MixedDataStructureDanielWL>("Sequential");
Constr constr0 = Constr.TAUTOLOGY;
constr0.size();
dotSearchTracing1.learn(constr0);

[MASTER] 21:54:14.437 [logback-2] ERROR JUnitAnalyzer - Cannot delete tmp dir: /tmp/EvoSuite_16_1550523254431
java.io.IOException: Failed to list contents of /tmp/EvoSuite_16_1550523254431
	at org.evosuite.shaded.org.apache.commons.io.FileUtils.verifiedListFiles(FileUtils.java:1751) ~[evosuite-master-1.0.7-SNAPSHOT.jar:1.0.7-SNAPSHOT]
	at org.evosuite.shaded.org.apache.commons.io.FileUtils.cleanDirectory(FileUtils.java:1716) ~[evosuite-master-1.0.7-SNAPSHOT.jar:1.0.7-SNAPSHOT]
	at org.evosuite.shaded.org.apache.commons.io.FileUtils.deleteDirectory(FileUtils.java:1617) ~[evosuite-master-1.0.7-SNAPSHOT.jar:1.0.7-SNAPSHOT]
	at org.evosuite.junit.JUnitAnalyzer.removeTestsThatDoNotCompile(JUnitAnalyzer.java:115) ~[evosuite-master-1.0.7-SNAPSHOT.jar:1.0.7-SNAPSHOT]
	at org.evosuite.TestSuiteGenerator.compileAndCheckTests(TestSuiteGenerator.java:605) [evosuite-master-1.0.7-SNAPSHOT.jar:1.0.7-SNAPSHOT]
	at org.evosuite.TestSuiteGenerator.postProcessTests(TestSuiteGenerator.java:556) [evosuite-master-1.0.7-SNAPSHOT.jar:1.0.7-SNAPSHOT]
	at org.evosuite.TestSuiteGenerator.generateTestSuite(TestSuiteGenerator.java:254) [evosuite-master-1.0.7-SNAPSHOT.jar:1.0.7-SNAPSHOT]
	at org.evosuite.rmi.service.ClientNodeImpl$1.run(ClientNodeImpl.java:160) [evosuite-master-1.0.7-SNAPSHOT.jar:1.0.7-SNAPSHOT]
	at java.util.concurrent.Executors$RunnableAdapter.call(Executors.java:511) [na:1.8.0_91]
	at java.util.concurrent.FutureTask.run(FutureTask.java:266) [na:1.8.0_91]
	at java.util.concurrent.ThreadPoolExecutor.runWorker(ThreadPoolExecutor.java:1142) [na:1.8.0_91]
	at java.util.concurrent.ThreadPoolExecutor$Worker.run(ThreadPoolExecutor.java:617) [na:1.8.0_91]
	at java.lang.Thread.run(Thread.java:745) [na:1.8.0_91]
[MASTER] 21:54:14.440 [logback-2] ERROR FileIOUtils - Error while reading file DotSearchTracing_ESTest.java , evosuite-tests/org/sat4j/tools/DotSearchTracing_ESTest.java (Too many open files)
java.io.FileNotFoundException: evosuite-tests/org/sat4j/tools/DotSearchTracing_ESTest.java (Too many open files)
	at java.io.FileOutputStream.open0(Native Method) ~[na:1.8.0_91]
	at java.io.FileOutputStream.open(FileOutputStream.java:270) ~[na:1.8.0_91]
	at java.io.FileOutputStream.<init>(FileOutputStream.java:213) ~[na:1.8.0_91]
	at org.evosuite.shaded.org.apache.commons.io.FileUtils.openOutputStream(FileUtils.java:365) ~[evosuite-master-1.0.7-SNAPSHOT.jar:1.0.7-SNAPSHOT]
	at org.evosuite.shaded.org.apache.commons.io.FileUtils.writeStringToFile(FileUtils.java:2015) ~[evosuite-master-1.0.7-SNAPSHOT.jar:1.0.7-SNAPSHOT]
	at org.evosuite.shaded.org.apache.commons.io.FileUtils.writeStringToFile(FileUtils.java:2048) ~[evosuite-master-1.0.7-SNAPSHOT.jar:1.0.7-SNAPSHOT]
	at org.evosuite.utils.FileIOUtils.writeFile(FileIOUtils.java:98) ~[evosuite-master-1.0.7-SNAPSHOT.jar:1.0.7-SNAPSHOT]
	at org.evosuite.junit.writer.TestSuiteWriter.writeTestSuite(TestSuiteWriter.java:247) [evosuite-master-1.0.7-SNAPSHOT.jar:1.0.7-SNAPSHOT]
	at org.evosuite.TestSuiteGenerator.writeJUnitTestsAndCreateResult(TestSuiteGenerator.java:723) [evosuite-master-1.0.7-SNAPSHOT.jar:1.0.7-SNAPSHOT]
	at org.evosuite.TestSuiteGenerator.writeJUnitTestsAndCreateResult(TestSuiteGenerator.java:734) [evosuite-master-1.0.7-SNAPSHOT.jar:1.0.7-SNAPSHOT]
	at org.evosuite.TestSuiteGenerator.generateTestSuite(TestSuiteGenerator.java:260) [evosuite-master-1.0.7-SNAPSHOT.jar:1.0.7-SNAPSHOT]
	at org.evosuite.rmi.service.ClientNodeImpl$1.run(ClientNodeImpl.java:160) [evosuite-master-1.0.7-SNAPSHOT.jar:1.0.7-SNAPSHOT]
	at java.util.concurrent.Executors$RunnableAdapter.call(Executors.java:511) [na:1.8.0_91]
	at java.util.concurrent.FutureTask.run(FutureTask.java:266) [na:1.8.0_91]
	at java.util.concurrent.ThreadPoolExecutor.runWorker(ThreadPoolExecutor.java:1142) [na:1.8.0_91]
	at java.util.concurrent.ThreadPoolExecutor$Worker.run(ThreadPoolExecutor.java:617) [na:1.8.0_91]
	at java.lang.Thread.run(Thread.java:745) [na:1.8.0_91]
[MASTER] 21:54:14.440 [logback-2] ERROR FileIOUtils - Error while reading file DotSearchTracing_ESTest_scaffolding.java , evosuite-tests/org/sat4j/tools/DotSearchTracing_ESTest_scaffolding.java (Too many open files)
java.io.FileNotFoundException: evosuite-tests/org/sat4j/tools/DotSearchTracing_ESTest_scaffolding.java (Too many open files)
	at java.io.FileOutputStream.open0(Native Method) ~[na:1.8.0_91]
	at java.io.FileOutputStream.open(FileOutputStream.java:270) ~[na:1.8.0_91]
	at java.io.FileOutputStream.<init>(FileOutputStream.java:213) ~[na:1.8.0_91]
	at org.evosuite.shaded.org.apache.commons.io.FileUtils.openOutputStream(FileUtils.java:365) ~[evosuite-master-1.0.7-SNAPSHOT.jar:1.0.7-SNAPSHOT]
	at org.evosuite.shaded.org.apache.commons.io.FileUtils.writeStringToFile(FileUtils.java:2015) ~[evosuite-master-1.0.7-SNAPSHOT.jar:1.0.7-SNAPSHOT]
	at org.evosuite.shaded.org.apache.commons.io.FileUtils.writeStringToFile(FileUtils.java:2048) ~[evosuite-master-1.0.7-SNAPSHOT.jar:1.0.7-SNAPSHOT]
	at org.evosuite.utils.FileIOUtils.writeFile(FileIOUtils.java:98) ~[evosuite-master-1.0.7-SNAPSHOT.jar:1.0.7-SNAPSHOT]
	at org.evosuite.junit.writer.TestSuiteWriter.writeTestSuite(TestSuiteWriter.java:265) [evosuite-master-1.0.7-SNAPSHOT.jar:1.0.7-SNAPSHOT]
	at org.evosuite.TestSuiteGenerator.writeJUnitTestsAndCreateResult(TestSuiteGenerator.java:723) [evosuite-master-1.0.7-SNAPSHOT.jar:1.0.7-SNAPSHOT]
	at org.evosuite.TestSuiteGenerator.writeJUnitTestsAndCreateResult(TestSuiteGenerator.java:734) [evosuite-master-1.0.7-SNAPSHOT.jar:1.0.7-SNAPSHOT]
	at org.evosuite.TestSuiteGenerator.generateTestSuite(TestSuiteGenerator.java:260) [evosuite-master-1.0.7-SNAPSHOT.jar:1.0.7-SNAPSHOT]
	at org.evosuite.rmi.service.ClientNodeImpl$1.run(ClientNodeImpl.java:160) [evosuite-master-1.0.7-SNAPSHOT.jar:1.0.7-SNAPSHOT]
	at java.util.concurrent.Executors$RunnableAdapter.call(Executors.java:511) [na:1.8.0_91]
	at java.util.concurrent.FutureTask.run(FutureTask.java:266) [na:1.8.0_91]
	at java.util.concurrent.ThreadPoolExecutor.runWorker(ThreadPoolExecutor.java:1142) [na:1.8.0_91]
	at java.util.concurrent.ThreadPoolExecutor$Worker.run(ThreadPoolExecutor.java:617) [na:1.8.0_91]
	at java.lang.Thread.run(Thread.java:745) [na:1.8.0_91]
