* EvoSuite 1.0.7-SNAPSHOT
* Going to generate test cases for class: org.sat4j.tools.RemiUtils
* Starting Client-0
* Connecting to master process on port 12504
* Analyzing classpath: 
  - bins/sat4j/org.ow2.sat4j.core-2.3.6-SNAPSHOT.jar
  - bins/sat4j/org.ow2.sat4j.core-2.3.6-SNAPSHOT-tests.jar
* Finished analyzing classpath
* Generating tests for class org.sat4j.tools.RemiUtils
* Test criteria:
  - Line Coverage
  - Branch Coverage
  - Exception
  - Mutation testing (weak)
  - Method-Output Coverage
  - Top-Level Method Coverage
  - No-Exception Top-Level Method Coverage
  - Context Branch Coverage
* Total number of test goals for DYNAMOSA: 64
* Using seed 1550387522173
* Starting evolution
* Initialsss Number of Goals in DynMOSA = 15 / 64
Current fitness function value: class org.evosuite.coverage.line.LineCoverageSuiteFitness ** 0.3076923076923077
Current fitness function value: class org.evosuite.coverage.branch.BranchCoverageSuiteFitness ** 0.16666666666666666
Current fitness function value: class org.evosuite.coverage.exception.ExceptionCoverageSuiteFitness ** 1.0
Current fitness function value: class org.evosuite.coverage.mutation.WeakMutationSuiteFitness ** 0.03225806451612903
Current fitness function value: class org.evosuite.coverage.io.output.OutputCoverageSuiteFitness ** 0.3333333333333333
Current fitness function value: class org.evosuite.coverage.method.MethodCoverageSuiteFitness ** 1.0
Current fitness function value: class org.evosuite.coverage.method.MethodNoExceptionCoverageSuiteFitness ** 1.0
Current fitness function value: class org.evosuite.coverage.cbranch.CBranchSuiteFitness ** 0.16666666666666666
* naaame: 
* naaame: org.evosuite.ga.stoppingconditions.RMIStoppingCondition
* naaame: org.evosuite.ga.stoppingconditions.MaxFitnessEvaluationsStoppingCondition
Current fitness evaluations: 200
* naaame: org.evosuite.ShutdownTestWriter
* naaame: org.evosuite.ga.stoppingconditions.ZeroFitnessStoppingCondition
* naaame: org.evosuite.ga.stoppingconditions.GlobalTimeStoppingCondition
* naaame: 
* naaame: org.evosuite.ga.stoppingconditions.RMIStoppingCondition
* naaame: org.evosuite.ga.stoppingconditions.MaxFitnessEvaluationsStoppingCondition
Current fitness evaluations: 282
* naaame: org.evosuite.ShutdownTestWriter
* naaame: org.evosuite.ga.stoppingconditions.ZeroFitnessStoppingCondition
* naaame: org.evosuite.ga.stoppingconditions.GlobalTimeStoppingCondition
[MASTER] 08:12:33.143 [logback-1] WARN  TestChromosome - Functional mock problem: org.evosuite.ga.ConstructionFailedException: Failed to add constructor for org.sat4j.tools.Minimal4InclusionModel due to org.evosuite.ga.ConstructionFailedException: Failed to add constructor for org.sat4j.tools.ModelIterator due to org.evosuite.ga.ConstructionFailedException: Failed to add constructor for org.sat4j.tools.ClausalCardinalitiesDecorator due to org.evosuite.ga.ConstructionFailedException: Failed to add constructor for org.sat4j.tools.Minimal4CardinalityModel due to org.evosuite.ga.ConstructionFailedException: Failed to add constructor for org.sat4j.tools.ManyCore due to org.evosuite.ga.ConstructionFailedException: Max recursion depth reached
[MASTER] 08:12:34.800 [logback-1] WARN  TestChromosome - Functional mock problem: org.evosuite.ga.ConstructionFailedException: Failed to add constructor for org.sat4j.tools.AbstractMinimalModel due to org.evosuite.ga.ConstructionFailedException: Failed to add constructor for org.sat4j.tools.ModelIterator due to org.evosuite.ga.ConstructionFailedException: Failed to add constructor for org.sat4j.tools.ModelIteratorToSATAdapter due to org.evosuite.ga.ConstructionFailedException: Failed to add constructor for org.sat4j.tools.SubModelIterator due to org.evosuite.ga.ConstructionFailedException: Failed to add constructor for org.sat4j.tools.OptToSatAdapter due to org.evosuite.ga.ConstructionFailedException: Max recursion depth reached
[MASTER] 08:12:35.601 [logback-1] WARN  TestChromosome - Functional mock problem: org.evosuite.ga.ConstructionFailedException: Failed to add constructor for org.sat4j.tools.Minimal4InclusionModel due to org.evosuite.ga.ConstructionFailedException: Found no variables of type interface org.sat4j.specs.IVecInt
[MASTER] 08:12:35.674 [logback-1] WARN  TestChromosome - Functional mock problem: org.evosuite.ga.ConstructionFailedException: Failed to add constructor for org.sat4j.tools.Minimal4CardinalityModel due to org.evosuite.ga.ConstructionFailedException: Failed to add constructor for org.sat4j.tools.Minimal4InclusionModel due to org.evosuite.ga.ConstructionFailedException: Failed to add constructor for org.sat4j.tools.ModelIterator due to org.evosuite.ga.ConstructionFailedException: Failed to add constructor for org.sat4j.tools.ModelIteratorToSATAdapter due to org.evosuite.ga.ConstructionFailedException: Failed to add constructor for org.sat4j.minisat.core.Solver due to org.evosuite.ga.ConstructionFailedException: Max recursion depth reached
[MASTER] 08:12:36.423 [logback-1] WARN  TestChromosome - Functional mock problem: org.evosuite.ga.ConstructionFailedException: Failed to add constructor for org.sat4j.tools.AbstractMinimalModel due to org.evosuite.ga.ConstructionFailedException: Failed to add constructor for org.sat4j.tools.ModelIterator due to org.evosuite.ga.ConstructionFailedException: Failed to add constructor for org.sat4j.tools.ManyCore due to org.evosuite.ga.ConstructionFailedException: Failed to add constructor for org.sat4j.tools.Minimal4CardinalityModel due to org.evosuite.ga.ConstructionFailedException: Found no variables of type interface org.sat4j.tools.SolutionFoundListener
* naaame: 
* naaame: org.evosuite.ga.stoppingconditions.RMIStoppingCondition
* naaame: org.evosuite.ga.stoppingconditions.MaxFitnessEvaluationsStoppingCondition
Current fitness evaluations: 364
* naaame: org.evosuite.ShutdownTestWriter
* naaame: org.evosuite.ga.stoppingconditions.ZeroFitnessStoppingCondition
* naaame: org.evosuite.ga.stoppingconditions.GlobalTimeStoppingCondition
Current fitness function value: class org.evosuite.coverage.line.LineCoverageSuiteFitness ** 0.8461538461538461
Current fitness function value: class org.evosuite.coverage.branch.BranchCoverageSuiteFitness ** 1.0
Current fitness function value: class org.evosuite.coverage.exception.ExceptionCoverageSuiteFitness ** 1.0
Current fitness function value: class org.evosuite.coverage.mutation.WeakMutationSuiteFitness ** 1.0
Current fitness function value: class org.evosuite.coverage.io.output.OutputCoverageSuiteFitness ** 0.6666666666666666
Current fitness function value: class org.evosuite.coverage.method.MethodCoverageSuiteFitness ** 1.0
Current fitness function value: class org.evosuite.coverage.method.MethodNoExceptionCoverageSuiteFitness ** 1.0
Current fitness function value: class org.evosuite.coverage.cbranch.CBranchSuiteFitness ** 1.0
[MASTER] 08:12:36.613 [logback-1] WARN  TestChromosome - Functional mock problem: org.evosuite.ga.ConstructionFailedException: Failed to add constructor for org.sat4j.minisat.core.Solver due to org.evosuite.ga.ConstructionFailedException: Found no variables of type interface org.sat4j.minisat.core.RestartStrategy
[MASTER] 08:12:38.295 [logback-1] WARN  TestChromosome - Functional mock problem: org.evosuite.ga.ConstructionFailedException: Failed to add constructor for org.sat4j.tools.Minimal4CardinalityModel due to org.evosuite.ga.ConstructionFailedException: Found no variables of type interface org.sat4j.tools.SolutionFoundListener
* naaame: 
* naaame: org.evosuite.ga.stoppingconditions.RMIStoppingCondition
* naaame: org.evosuite.ga.stoppingconditions.MaxFitnessEvaluationsStoppingCondition
Current fitness evaluations: 451
* naaame: org.evosuite.ShutdownTestWriter
* naaame: org.evosuite.ga.stoppingconditions.ZeroFitnessStoppingCondition
* naaame: org.evosuite.ga.stoppingconditions.GlobalTimeStoppingCondition
* naaame: 
* naaame: org.evosuite.ga.stoppingconditions.RMIStoppingCondition
* naaame: org.evosuite.ga.stoppingconditions.MaxFitnessEvaluationsStoppingCondition
Current fitness evaluations: 532
* naaame: org.evosuite.ShutdownTestWriter
* naaame: org.evosuite.ga.stoppingconditions.ZeroFitnessStoppingCondition
* naaame: org.evosuite.ga.stoppingconditions.GlobalTimeStoppingCondition
[MASTER] 08:12:40.393 [logback-1] WARN  TestChromosome - Functional mock problem: org.evosuite.ga.ConstructionFailedException: Have no generator for class org.sat4j.minisat.orders.LevelBasedVarOrderHeap canUseFunctionalMocks=false, canBeMocked: true
[MASTER] 08:12:40.495 [logback-1] WARN  TestChromosome - Functional mock problem: org.evosuite.ga.ConstructionFailedException: Found no variables of type interface org.sat4j.minisat.core.ILits
[MASTER] 08:12:40.808 [logback-1] WARN  TestChromosome - Functional mock problem: org.evosuite.ga.ConstructionFailedException: Failed to add constructor for org.sat4j.tools.Minimal4CardinalityModel due to org.evosuite.ga.ConstructionFailedException: Have no generator for org.sat4j.core.ASolverFactory<org.sat4j.tools.AbstractMinimalModel> canUseFunctionalMocks=false, canBeMocked: true
[MASTER] 08:12:41.082 [logback-1] WARN  TestChromosome - Functional mock problem: org.evosuite.ga.ConstructionFailedException: Failed to add constructor for org.sat4j.tools.Minimal4InclusionModel due to org.evosuite.ga.ConstructionFailedException: Failed to add constructor for org.sat4j.tools.FullClauseSelectorSolver due to org.evosuite.ga.ConstructionFailedException: Failed to add constructor for org.sat4j.tools.AbstractMinimalModel due to org.evosuite.ga.ConstructionFailedException: Failed to add constructor for org.sat4j.tools.SubModelIterator due to org.evosuite.ga.ConstructionFailedException: Failed to add constructor for org.sat4j.tools.ManyCore due to org.evosuite.ga.ConstructionFailedException: Max recursion depth reached
* naaame: 
* naaame: org.evosuite.ga.stoppingconditions.RMIStoppingCondition
* naaame: org.evosuite.ga.stoppingconditions.MaxFitnessEvaluationsStoppingCondition
Current fitness evaluations: 613
* naaame: org.evosuite.ShutdownTestWriter
* naaame: org.evosuite.ga.stoppingconditions.ZeroFitnessStoppingCondition
* naaame: org.evosuite.ga.stoppingconditions.GlobalTimeStoppingCondition
* naaame: 
* naaame: org.evosuite.ga.stoppingconditions.RMIStoppingCondition
* naaame: org.evosuite.ga.stoppingconditions.MaxFitnessEvaluationsStoppingCondition
Current fitness evaluations: 697
* naaame: org.evosuite.ShutdownTestWriter
* naaame: org.evosuite.ga.stoppingconditions.ZeroFitnessStoppingCondition
* naaame: org.evosuite.ga.stoppingconditions.GlobalTimeStoppingCondition
Current fitness function value: class org.evosuite.coverage.line.LineCoverageSuiteFitness ** 0.8461538461538461
Current fitness function value: class org.evosuite.coverage.branch.BranchCoverageSuiteFitness ** 1.0
Current fitness function value: class org.evosuite.coverage.exception.ExceptionCoverageSuiteFitness ** 1.0
Current fitness function value: class org.evosuite.coverage.mutation.WeakMutationSuiteFitness ** 1.0
Current fitness function value: class org.evosuite.coverage.io.output.OutputCoverageSuiteFitness ** 0.6666666666666666
Current fitness function value: class org.evosuite.coverage.method.MethodCoverageSuiteFitness ** 1.0
Current fitness function value: class org.evosuite.coverage.method.MethodNoExceptionCoverageSuiteFitness ** 1.0
Current fitness function value: class org.evosuite.coverage.cbranch.CBranchSuiteFitness ** 1.0
[MASTER] 08:12:43.908 [logback-1] WARN  TestChromosome - Functional mock problem: org.evosuite.ga.ConstructionFailedException: Failed to add constructor for org.sat4j.minisat.core.Solver due to org.evosuite.ga.ConstructionFailedException: Found no variables of type interface org.sat4j.minisat.core.IOrder
* naaame: 
* naaame: org.evosuite.ga.stoppingconditions.RMIStoppingCondition
* naaame: org.evosuite.ga.stoppingconditions.MaxFitnessEvaluationsStoppingCondition
Current fitness evaluations: 784
* naaame: org.evosuite.ShutdownTestWriter
* naaame: org.evosuite.ga.stoppingconditions.ZeroFitnessStoppingCondition
* naaame: org.evosuite.ga.stoppingconditions.GlobalTimeStoppingCondition
[MASTER] 08:12:45.217 [logback-1] WARN  TestChromosome - Functional mock problem: org.evosuite.ga.ConstructionFailedException: Failed to add constructor for org.sat4j.tools.AbstractMinimalModel due to org.evosuite.ga.ConstructionFailedException: Found no variables of type interface org.sat4j.specs.ISolver
[MASTER] 08:12:45.226 [logback-1] WARN  TestChromosome - Functional mock problem: org.evosuite.ga.ConstructionFailedException: Failed to add constructor for org.sat4j.tools.Minimal4CardinalityModel due to org.evosuite.ga.ConstructionFailedException: Failed to add constructor for org.sat4j.tools.ManyCore due to org.evosuite.ga.ConstructionFailedException: Failed to add constructor for org.sat4j.tools.Minimal4CardinalityModel due to org.evosuite.ga.ConstructionFailedException: Found no variables of type interface org.sat4j.tools.SolutionFoundListener
* naaame: 
* naaame: org.evosuite.ga.stoppingconditions.RMIStoppingCondition
* naaame: org.evosuite.ga.stoppingconditions.MaxFitnessEvaluationsStoppingCondition
Current fitness evaluations: 865
* naaame: org.evosuite.ShutdownTestWriter
* naaame: org.evosuite.ga.stoppingconditions.ZeroFitnessStoppingCondition
* naaame: org.evosuite.ga.stoppingconditions.GlobalTimeStoppingCondition
[MASTER] 08:12:45.500 [logback-1] WARN  TestChromosome - Functional mock problem: org.evosuite.ga.ConstructionFailedException: Failed to add constructor for org.sat4j.tools.AbstractMinimalModel due to org.evosuite.ga.ConstructionFailedException: Failed to add constructor for org.sat4j.tools.ClausalCardinalitiesDecorator due to org.evosuite.ga.ConstructionFailedException: Failed to add constructor for org.sat4j.minisat.core.Solver due to org.evosuite.ga.ConstructionFailedException: Found no variables of type interface org.sat4j.minisat.core.IOrder
[MASTER] 08:12:45.580 [logback-1] WARN  TestChromosome - Functional mock problem: org.evosuite.ga.ConstructionFailedException: Failed to add constructor for org.sat4j.tools.Minimal4CardinalityModel due to org.evosuite.ga.ConstructionFailedException: Failed to add constructor for org.sat4j.tools.ModelIteratorToSATAdapter due to org.evosuite.ga.ConstructionFailedException: Found no variables of type interface org.sat4j.tools.SolutionFoundListener
[MASTER] 08:12:47.188 [logback-1] WARN  TestChromosome - Functional mock problem: org.evosuite.ga.ConstructionFailedException: Failed to add constructor for org.sat4j.tools.AbstractMinimalModel due to org.evosuite.ga.ConstructionFailedException: Failed to add constructor for org.sat4j.tools.Minimal4InclusionModel due to org.evosuite.ga.ConstructionFailedException: Failed to add constructor for org.sat4j.tools.ManyCore due to org.evosuite.ga.ConstructionFailedException: Failed to add constructor for org.sat4j.tools.Minimal4CardinalityModel due to org.evosuite.ga.ConstructionFailedException: Found no variables of type interface org.sat4j.tools.SolutionFoundListener
* naaame: 
* naaame: org.evosuite.ga.stoppingconditions.RMIStoppingCondition
* naaame: org.evosuite.ga.stoppingconditions.MaxFitnessEvaluationsStoppingCondition
Current fitness evaluations: 951
* naaame: org.evosuite.ShutdownTestWriter
* naaame: org.evosuite.ga.stoppingconditions.ZeroFitnessStoppingCondition
* naaame: org.evosuite.ga.stoppingconditions.GlobalTimeStoppingCondition
Current fitness function value: class org.evosuite.coverage.line.LineCoverageSuiteFitness ** 0.8461538461538461
Current fitness function value: class org.evosuite.coverage.branch.BranchCoverageSuiteFitness ** 1.0
Current fitness function value: class org.evosuite.coverage.exception.ExceptionCoverageSuiteFitness ** 1.0
Current fitness function value: class org.evosuite.coverage.mutation.WeakMutationSuiteFitness ** 1.0
Current fitness function value: class org.evosuite.coverage.io.output.OutputCoverageSuiteFitness ** 0.6666666666666666
Current fitness function value: class org.evosuite.coverage.method.MethodCoverageSuiteFitness ** 1.0
Current fitness function value: class org.evosuite.coverage.method.MethodNoExceptionCoverageSuiteFitness ** 1.0
Current fitness function value: class org.evosuite.coverage.cbranch.CBranchSuiteFitness ** 1.0
[MASTER] 08:12:48.355 [logback-1] WARN  TestChromosome - Functional mock problem: org.evosuite.ga.ConstructionFailedException: Failed to add constructor for org.sat4j.tools.AbstractMinimalModel due to org.evosuite.ga.ConstructionFailedException: Found no variables of type interface org.sat4j.tools.SolutionFoundListener
* naaame: 
* naaame: org.evosuite.ga.stoppingconditions.RMIStoppingCondition
* naaame: org.evosuite.ga.stoppingconditions.MaxFitnessEvaluationsStoppingCondition
Current fitness evaluations: 1040
* naaame: org.evosuite.ShutdownTestWriter
* naaame: org.evosuite.ga.stoppingconditions.ZeroFitnessStoppingCondition
* naaame: org.evosuite.ga.stoppingconditions.GlobalTimeStoppingCondition
[MASTER] 08:12:50.623 [logback-1] WARN  TestChromosome - Functional mock problem: org.evosuite.ga.ConstructionFailedException: Failed to add constructor for org.sat4j.tools.AbstractMinimalModel due to org.evosuite.ga.ConstructionFailedException: Failed to add constructor for org.sat4j.opt.MinOneDecorator due to org.evosuite.ga.ConstructionFailedException: Failed to add constructor for org.sat4j.tools.Minimal4CardinalityModel due to org.evosuite.ga.ConstructionFailedException: Failed to add constructor for org.sat4j.tools.ModelIteratorToSATAdapter due to org.evosuite.ga.ConstructionFailedException: Found no variables of type interface org.sat4j.tools.SolutionFoundListener
* naaame: 
* naaame: org.evosuite.ga.stoppingconditions.RMIStoppingCondition
* naaame: org.evosuite.ga.stoppingconditions.MaxFitnessEvaluationsStoppingCondition
Current fitness evaluations: 1123
* naaame: org.evosuite.ShutdownTestWriter
* naaame: org.evosuite.ga.stoppingconditions.ZeroFitnessStoppingCondition
* naaame: org.evosuite.ga.stoppingconditions.GlobalTimeStoppingCondition
[MASTER] 08:12:51.278 [logback-1] WARN  TestChromosome - Functional mock problem: org.evosuite.ga.ConstructionFailedException: Failed to add constructor for org.sat4j.tools.Minimal4InclusionModel due to org.evosuite.ga.ConstructionFailedException: Failed to add constructor for org.sat4j.tools.Minimal4CardinalityModel due to org.evosuite.ga.ConstructionFailedException: Found no variables of type interface org.sat4j.specs.ISolver
[MASTER] 08:12:51.427 [logback-1] WARN  TestChromosome - Functional mock problem: org.evosuite.ga.ConstructionFailedException: Failed to add constructor for org.sat4j.tools.Minimal4CardinalityModel due to org.evosuite.ga.ConstructionFailedException: Failed to add constructor for org.sat4j.tools.GroupClauseSelectorSolver due to org.evosuite.ga.ConstructionFailedException: Failed to add constructor for org.sat4j.minisat.core.Solver due to org.evosuite.ga.ConstructionFailedException: Found no variables of type interface org.sat4j.minisat.core.IOrder
* naaame: 
* naaame: org.evosuite.ga.stoppingconditions.RMIStoppingCondition
* naaame: org.evosuite.ga.stoppingconditions.MaxFitnessEvaluationsStoppingCondition
Current fitness evaluations: 1210
* naaame: org.evosuite.ShutdownTestWriter
* naaame: org.evosuite.ga.stoppingconditions.ZeroFitnessStoppingCondition
* naaame: org.evosuite.ga.stoppingconditions.GlobalTimeStoppingCondition
[MASTER] 08:12:52.422 [logback-1] WARN  TestChromosome - Functional mock problem: org.evosuite.ga.ConstructionFailedException: Failed to add constructor for org.sat4j.tools.AbstractMinimalModel due to org.evosuite.ga.ConstructionFailedException: Failed to add constructor for org.sat4j.tools.Minimal4CardinalityModel due to org.evosuite.ga.ConstructionFailedException: Failed to add constructor for org.sat4j.tools.Minimal4InclusionModel due to org.evosuite.ga.ConstructionFailedException: Found no variables of type interface org.sat4j.tools.SolutionFoundListener
* naaame: 
* naaame: org.evosuite.ga.stoppingconditions.RMIStoppingCondition
* naaame: org.evosuite.ga.stoppingconditions.MaxFitnessEvaluationsStoppingCondition
Current fitness evaluations: 1289
* naaame: org.evosuite.ShutdownTestWriter
* naaame: org.evosuite.ga.stoppingconditions.ZeroFitnessStoppingCondition
* naaame: org.evosuite.ga.stoppingconditions.GlobalTimeStoppingCondition
Current fitness function value: class org.evosuite.coverage.line.LineCoverageSuiteFitness ** 0.8461538461538461
Current fitness function value: class org.evosuite.coverage.branch.BranchCoverageSuiteFitness ** 1.0
Current fitness function value: class org.evosuite.coverage.exception.ExceptionCoverageSuiteFitness ** 1.0
Current fitness function value: class org.evosuite.coverage.mutation.WeakMutationSuiteFitness ** 1.0
Current fitness function value: class org.evosuite.coverage.io.output.OutputCoverageSuiteFitness ** 0.6666666666666666
Current fitness function value: class org.evosuite.coverage.method.MethodCoverageSuiteFitness ** 1.0
Current fitness function value: class org.evosuite.coverage.method.MethodNoExceptionCoverageSuiteFitness ** 1.0
Current fitness function value: class org.evosuite.coverage.cbranch.CBranchSuiteFitness ** 1.0
[MASTER] 08:12:53.102 [logback-1] WARN  TestChromosome - Functional mock problem: org.evosuite.ga.ConstructionFailedException: Failed to add constructor for org.sat4j.tools.Minimal4CardinalityModel due to org.evosuite.ga.ConstructionFailedException: Found no variables of type interface org.sat4j.specs.ISolver
[MASTER] 08:12:53.308 [logback-1] WARN  TestChromosome - Functional mock problem: org.evosuite.ga.ConstructionFailedException: Failed to add constructor for org.sat4j.tools.AbstractMinimalModel due to org.evosuite.ga.ConstructionFailedException: Have no generator for org.sat4j.core.ASolverFactory<org.sat4j.tools.AbstractMinimalModel> canUseFunctionalMocks=false, canBeMocked: true
[MASTER] 08:12:53.317 [logback-1] WARN  TestChromosome - Functional mock problem: org.evosuite.ga.ConstructionFailedException: Failed to add constructor for org.sat4j.tools.Minimal4CardinalityModel due to org.evosuite.ga.ConstructionFailedException: Failed to add constructor for org.sat4j.tools.AbstractMinimalModel due to org.evosuite.ga.ConstructionFailedException: Failed to add constructor for org.sat4j.tools.ClausalCardinalitiesDecorator due to org.evosuite.ga.ConstructionFailedException: Failed to add constructor for org.sat4j.minisat.core.Solver due to org.evosuite.ga.ConstructionFailedException: Found no variables of type interface org.sat4j.minisat.core.RestartStrategy
* naaame: 
* naaame: org.evosuite.ga.stoppingconditions.RMIStoppingCondition
* naaame: org.evosuite.ga.stoppingconditions.MaxFitnessEvaluationsStoppingCondition
Current fitness evaluations: 1364
* naaame: org.evosuite.ShutdownTestWriter
* naaame: org.evosuite.ga.stoppingconditions.ZeroFitnessStoppingCondition
* naaame: org.evosuite.ga.stoppingconditions.GlobalTimeStoppingCondition
[MASTER] 08:12:53.564 [logback-1] WARN  TestChromosome - Functional mock problem: org.evosuite.ga.ConstructionFailedException: Failed to add constructor for org.sat4j.tools.Minimal4CardinalityModel due to org.evosuite.ga.ConstructionFailedException: Have no generator for org.sat4j.core.ASolverFactory<org.sat4j.minisat.core.Solver<org.sat4j.minisat.constraints.MixedDataStructureDanielWLConciseBinary>> canUseFunctionalMocks=false, canBeMocked: true
[MASTER] 08:12:53.595 [logback-1] WARN  TestChromosome - Functional mock problem: org.evosuite.ga.ConstructionFailedException: Failed to add constructor for org.sat4j.tools.Minimal4CardinalityModel due to org.evosuite.ga.ConstructionFailedException: Failed to add constructor for org.sat4j.tools.Minimal4CardinalityModel due to org.evosuite.ga.ConstructionFailedException: Failed to add constructor for org.sat4j.core.ReadOnlyVecInt due to org.evosuite.ga.ConstructionFailedException: Found no variables of type interface org.sat4j.specs.IVecInt
[MASTER] 08:12:53.717 [logback-1] WARN  TestChromosome - Functional mock problem: org.evosuite.ga.ConstructionFailedException: Failed to add constructor for org.sat4j.tools.Minimal4InclusionModel due to org.evosuite.ga.ConstructionFailedException: Failed to add constructor for org.sat4j.tools.Minimal4CardinalityModel due to org.evosuite.ga.ConstructionFailedException: Failed to add constructor for org.sat4j.tools.FullClauseSelectorSolver due to org.evosuite.ga.ConstructionFailedException: Failed to add constructor for org.sat4j.tools.Minimal4CardinalityModel due to org.evosuite.ga.ConstructionFailedException: Failed to add constructor for org.sat4j.tools.AbstractMinimalModel due to org.evosuite.ga.ConstructionFailedException: Max recursion depth reached
[MASTER] 08:12:53.822 [logback-1] WARN  TestChromosome - Functional mock problem: org.evosuite.ga.ConstructionFailedException: Failed to add constructor for org.sat4j.tools.AbstractMinimalModel due to org.evosuite.ga.ConstructionFailedException: Failed to add constructor for org.sat4j.minisat.core.Solver due to org.evosuite.ga.ConstructionFailedException: Found no variables of type interface org.sat4j.specs.ILogAble
* naaame: 
* naaame: org.evosuite.ga.stoppingconditions.RMIStoppingCondition
* naaame: org.evosuite.ga.stoppingconditions.MaxFitnessEvaluationsStoppingCondition
Current fitness evaluations: 1450
* naaame: org.evosuite.ShutdownTestWriter
* naaame: org.evosuite.ga.stoppingconditions.ZeroFitnessStoppingCondition
* naaame: org.evosuite.ga.stoppingconditions.GlobalTimeStoppingCondition
[MASTER] 08:12:54.099 [logback-1] WARN  TestChromosome - Functional mock problem: org.evosuite.ga.ConstructionFailedException: Failed to add constructor for org.sat4j.tools.Minimal4InclusionModel due to org.evosuite.ga.ConstructionFailedException: Have no generator for org.sat4j.core.ASolverFactory<org.sat4j.minisat.core.Solver<org.sat4j.minisat.constraints.MixedDataStructureDanielWLConciseBinary>> canUseFunctionalMocks=false, canBeMocked: true
[MASTER] 08:12:55.163 [logback-1] WARN  TestChromosome - Functional mock problem: org.evosuite.ga.ConstructionFailedException: Failed to add constructor for org.sat4j.tools.Minimal4InclusionModel due to org.evosuite.ga.ConstructionFailedException: Found no variables of type interface org.sat4j.tools.SolutionFoundListener
* naaame: 
* naaame: org.evosuite.ga.stoppingconditions.RMIStoppingCondition
* naaame: org.evosuite.ga.stoppingconditions.MaxFitnessEvaluationsStoppingCondition
Current fitness evaluations: 1539
* naaame: org.evosuite.ShutdownTestWriter
* naaame: org.evosuite.ga.stoppingconditions.ZeroFitnessStoppingCondition
* naaame: org.evosuite.ga.stoppingconditions.GlobalTimeStoppingCondition
[MASTER] 08:12:55.470 [logback-1] WARN  TestChromosome - Functional mock problem: org.evosuite.ga.ConstructionFailedException: Failed to add constructor for org.sat4j.tools.Minimal4CardinalityModel due to org.evosuite.ga.ConstructionFailedException: Failed to add constructor for org.sat4j.tools.Minimal4InclusionModel due to org.evosuite.ga.ConstructionFailedException: Have no generator for org.sat4j.core.ASolverFactory<org.sat4j.tools.AbstractMinimalModel> canUseFunctionalMocks=false, canBeMocked: true
[MASTER] 08:12:55.511 [logback-1] WARN  TestChromosome - Functional mock problem: org.evosuite.ga.ConstructionFailedException: Failed to add constructor for org.sat4j.tools.Minimal4InclusionModel due to org.evosuite.ga.ConstructionFailedException: Failed to add constructor for org.sat4j.tools.OptToSatAdapter due to org.evosuite.ga.ConstructionFailedException: Failed to add constructor for org.sat4j.tools.LexicoDecorator due to org.evosuite.ga.ConstructionFailedException: Failed to add constructor for org.sat4j.tools.Minimal4CardinalityModel due to org.evosuite.ga.ConstructionFailedException: Failed to add constructor for org.sat4j.minisat.core.Solver due to org.evosuite.ga.ConstructionFailedException: Max recursion depth reached
* naaame: 
* naaame: org.evosuite.ga.stoppingconditions.RMIStoppingCondition
* naaame: org.evosuite.ga.stoppingconditions.MaxFitnessEvaluationsStoppingCondition
Current fitness evaluations: 1622
* naaame: org.evosuite.ShutdownTestWriter
* naaame: org.evosuite.ga.stoppingconditions.ZeroFitnessStoppingCondition
* naaame: org.evosuite.ga.stoppingconditions.GlobalTimeStoppingCondition
* naaame: 
* naaame: org.evosuite.ga.stoppingconditions.RMIStoppingCondition
* naaame: org.evosuite.ga.stoppingconditions.MaxFitnessEvaluationsStoppingCondition
Current fitness evaluations: 1706
* naaame: org.evosuite.ShutdownTestWriter
* naaame: org.evosuite.ga.stoppingconditions.ZeroFitnessStoppingCondition
* naaame: org.evosuite.ga.stoppingconditions.GlobalTimeStoppingCondition
* naaame: 
* naaame: org.evosuite.ga.stoppingconditions.RMIStoppingCondition
* naaame: org.evosuite.ga.stoppingconditions.MaxFitnessEvaluationsStoppingCondition
Current fitness evaluations: 1790
* naaame: org.evosuite.ShutdownTestWriter
* naaame: org.evosuite.ga.stoppingconditions.ZeroFitnessStoppingCondition
* naaame: org.evosuite.ga.stoppingconditions.GlobalTimeStoppingCondition
Current fitness function value: class org.evosuite.coverage.line.LineCoverageSuiteFitness ** 0.8461538461538461
Current fitness function value: class org.evosuite.coverage.branch.BranchCoverageSuiteFitness ** 1.0
Current fitness function value: class org.evosuite.coverage.exception.ExceptionCoverageSuiteFitness ** 1.0
Current fitness function value: class org.evosuite.coverage.mutation.WeakMutationSuiteFitness ** 1.0
Current fitness function value: class org.evosuite.coverage.io.output.OutputCoverageSuiteFitness ** 0.6666666666666666
Current fitness function value: class org.evosuite.coverage.method.MethodCoverageSuiteFitness ** 1.0
Current fitness function value: class org.evosuite.coverage.method.MethodNoExceptionCoverageSuiteFitness ** 1.0
Current fitness function value: class org.evosuite.coverage.cbranch.CBranchSuiteFitness ** 1.0
[MASTER] 08:12:58.801 [logback-1] WARN  TestChromosome - Functional mock problem: org.evosuite.ga.ConstructionFailedException: Failed to add constructor for org.sat4j.tools.Minimal4CardinalityModel due to org.evosuite.ga.ConstructionFailedException: Failed to add constructor for org.sat4j.tools.Minimal4CardinalityModel due to org.evosuite.ga.ConstructionFailedException: Found no variables of type interface org.sat4j.specs.ISolver
* naaame: 
* naaame: org.evosuite.ga.stoppingconditions.RMIStoppingCondition
* naaame: org.evosuite.ga.stoppingconditions.MaxFitnessEvaluationsStoppingCondition
Current fitness evaluations: 1873
* naaame: org.evosuite.ShutdownTestWriter
* naaame: org.evosuite.ga.stoppingconditions.ZeroFitnessStoppingCondition
* naaame: org.evosuite.ga.stoppingconditions.GlobalTimeStoppingCondition
[MASTER] 08:12:59.205 [logback-1] WARN  TestChromosome - Functional mock problem: org.evosuite.ga.ConstructionFailedException: Failed to add constructor for org.sat4j.tools.AbstractMinimalModel due to org.evosuite.ga.ConstructionFailedException: Found no variables of type interface org.sat4j.specs.IVecInt
* naaame: 
* naaame: org.evosuite.ga.stoppingconditions.RMIStoppingCondition
* naaame: org.evosuite.ga.stoppingconditions.MaxFitnessEvaluationsStoppingCondition
Current fitness evaluations: 1960
* naaame: org.evosuite.ShutdownTestWriter
* naaame: org.evosuite.ga.stoppingconditions.ZeroFitnessStoppingCondition
* naaame: org.evosuite.ga.stoppingconditions.GlobalTimeStoppingCondition
* naaame: 
* naaame: org.evosuite.ga.stoppingconditions.RMIStoppingCondition
* naaame: org.evosuite.ga.stoppingconditions.MaxFitnessEvaluationsStoppingCondition
Current fitness evaluations: 2052
* naaame: org.evosuite.ShutdownTestWriter
* naaame: org.evosuite.ga.stoppingconditions.ZeroFitnessStoppingCondition
* naaame: org.evosuite.ga.stoppingconditions.GlobalTimeStoppingCondition
* naaame: 
* naaame: org.evosuite.ga.stoppingconditions.RMIStoppingCondition
* naaame: org.evosuite.ga.stoppingconditions.MaxFitnessEvaluationsStoppingCondition
Current fitness evaluations: 2137
* naaame: org.evosuite.ShutdownTestWriter
* naaame: org.evosuite.ga.stoppingconditions.ZeroFitnessStoppingCondition
* naaame: org.evosuite.ga.stoppingconditions.GlobalTimeStoppingCondition
* naaame: 
* naaame: org.evosuite.ga.stoppingconditions.RMIStoppingCondition
* naaame: org.evosuite.ga.stoppingconditions.MaxFitnessEvaluationsStoppingCondition
Current fitness evaluations: 2231
* naaame: org.evosuite.ShutdownTestWriter
* naaame: org.evosuite.ga.stoppingconditions.ZeroFitnessStoppingCondition
* naaame: org.evosuite.ga.stoppingconditions.GlobalTimeStoppingCondition
[MASTER] 08:13:00.766 [logback-1] WARN  TestChromosome - Functional mock problem: org.evosuite.ga.ConstructionFailedException: Failed to add constructor for org.sat4j.tools.Minimal4InclusionModel due to org.evosuite.ga.ConstructionFailedException: Found no variables of type interface org.sat4j.specs.ISolver
[MASTER] 08:13:00.962 [logback-1] WARN  TestChromosome - Functional mock problem: org.evosuite.ga.ConstructionFailedException: Failed to add constructor for org.sat4j.tools.Minimal4CardinalityModel due to org.evosuite.ga.ConstructionFailedException: Failed to add constructor for org.sat4j.tools.ModelIterator due to org.evosuite.ga.ConstructionFailedException: Failed to add constructor for org.sat4j.tools.NegationDecorator due to org.evosuite.ga.ConstructionFailedException: Failed to add constructor for org.sat4j.tools.Minimal4CardinalityModel due to org.evosuite.ga.ConstructionFailedException: Failed to add constructor for org.sat4j.tools.DimacsOutputSolver due to org.evosuite.ga.ConstructionFailedException: Max recursion depth reached
* naaame: 
* naaame: org.evosuite.ga.stoppingconditions.RMIStoppingCondition
* naaame: org.evosuite.ga.stoppingconditions.MaxFitnessEvaluationsStoppingCondition
Current fitness evaluations: 2312
* naaame: org.evosuite.ShutdownTestWriter
* naaame: org.evosuite.ga.stoppingconditions.ZeroFitnessStoppingCondition
* naaame: org.evosuite.ga.stoppingconditions.GlobalTimeStoppingCondition
Current fitness function value: class org.evosuite.coverage.line.LineCoverageSuiteFitness ** 0.8461538461538461
Current fitness function value: class org.evosuite.coverage.branch.BranchCoverageSuiteFitness ** 1.0
Current fitness function value: class org.evosuite.coverage.exception.ExceptionCoverageSuiteFitness ** 1.0
Current fitness function value: class org.evosuite.coverage.mutation.WeakMutationSuiteFitness ** 1.0
Current fitness function value: class org.evosuite.coverage.io.output.OutputCoverageSuiteFitness ** 0.6666666666666666
Current fitness function value: class org.evosuite.coverage.method.MethodCoverageSuiteFitness ** 1.0
Current fitness function value: class org.evosuite.coverage.method.MethodNoExceptionCoverageSuiteFitness ** 1.0
Current fitness function value: class org.evosuite.coverage.cbranch.CBranchSuiteFitness ** 1.0
[MASTER] 08:13:04.217 [logback-1] WARN  TestChromosome - Functional mock problem: org.evosuite.ga.ConstructionFailedException: Failed to add constructor for org.sat4j.tools.AbstractMinimalModel due to org.evosuite.ga.ConstructionFailedException: Failed to add constructor for org.sat4j.tools.SubModelIterator due to org.evosuite.ga.ConstructionFailedException: Failed to add constructor for org.sat4j.tools.SubModelIterator due to org.evosuite.ga.ConstructionFailedException: Failed to add constructor for org.sat4j.tools.ModelIterator due to org.evosuite.ga.ConstructionFailedException: Failed to add constructor for org.sat4j.tools.Minimal4CardinalityModel due to org.evosuite.ga.ConstructionFailedException: Max recursion depth reached
[MASTER] 08:13:04.261 [logback-1] WARN  TestChromosome - Functional mock problem: org.evosuite.ga.ConstructionFailedException: Failed to add constructor for org.sat4j.tools.Minimal4InclusionModel due to org.evosuite.ga.ConstructionFailedException: Failed to add constructor for org.sat4j.tools.ClausalCardinalitiesDecorator due to org.evosuite.ga.ConstructionFailedException: Failed to add constructor for org.sat4j.tools.Minimal4CardinalityModel due to org.evosuite.ga.ConstructionFailedException: Failed to add constructor for org.sat4j.tools.DimacsOutputSolver due to org.evosuite.ga.ConstructionFailedException: Failed to add constructor for org.evosuite.runtime.mock.java.io.MockPrintWriter due to org.evosuite.ga.ConstructionFailedException: Max recursion depth reached
* naaame: 
* naaame: org.evosuite.ga.stoppingconditions.RMIStoppingCondition
* naaame: org.evosuite.ga.stoppingconditions.MaxFitnessEvaluationsStoppingCondition
Current fitness evaluations: 2398
* naaame: org.evosuite.ShutdownTestWriter
* naaame: org.evosuite.ga.stoppingconditions.ZeroFitnessStoppingCondition
* naaame: org.evosuite.ga.stoppingconditions.GlobalTimeStoppingCondition
* naaame: 
* naaame: org.evosuite.ga.stoppingconditions.RMIStoppingCondition
* naaame: org.evosuite.ga.stoppingconditions.MaxFitnessEvaluationsStoppingCondition
Current fitness evaluations: 2476
* naaame: org.evosuite.ShutdownTestWriter
* naaame: org.evosuite.ga.stoppingconditions.ZeroFitnessStoppingCondition
* naaame: org.evosuite.ga.stoppingconditions.GlobalTimeStoppingCondition
[MASTER] 08:13:09.140 [logback-1] WARN  TestChromosome - Functional mock problem: org.evosuite.ga.ConstructionFailedException: Failed to add constructor for org.sat4j.tools.Minimal4InclusionModel due to org.evosuite.ga.ConstructionFailedException: Failed to add constructor for org.sat4j.tools.Minimal4InclusionModel due to org.evosuite.ga.ConstructionFailedException: Found no variables of type interface org.sat4j.specs.IVecInt
* naaame: 
* naaame: org.evosuite.ga.stoppingconditions.RMIStoppingCondition
* naaame: org.evosuite.ga.stoppingconditions.MaxFitnessEvaluationsStoppingCondition
Current fitness evaluations: 2567
* naaame: org.evosuite.ShutdownTestWriter
* naaame: org.evosuite.ga.stoppingconditions.ZeroFitnessStoppingCondition
* naaame: org.evosuite.ga.stoppingconditions.GlobalTimeStoppingCondition
Current fitness function value: class org.evosuite.coverage.line.LineCoverageSuiteFitness ** 0.8461538461538461
Current fitness function value: class org.evosuite.coverage.branch.BranchCoverageSuiteFitness ** 1.0
Current fitness function value: class org.evosuite.coverage.exception.ExceptionCoverageSuiteFitness ** 1.0
Current fitness function value: class org.evosuite.coverage.mutation.WeakMutationSuiteFitness ** 1.0
Current fitness function value: class org.evosuite.coverage.io.output.OutputCoverageSuiteFitness ** 0.6666666666666666
Current fitness function value: class org.evosuite.coverage.method.MethodCoverageSuiteFitness ** 1.0
Current fitness function value: class org.evosuite.coverage.method.MethodNoExceptionCoverageSuiteFitness ** 1.0
Current fitness function value: class org.evosuite.coverage.cbranch.CBranchSuiteFitness ** 1.0
[MASTER] 08:13:09.901 [logback-1] WARN  TestChromosome - Functional mock problem: org.evosuite.ga.ConstructionFailedException: Failed to add constructor for org.sat4j.tools.Minimal4CardinalityModel due to org.evosuite.ga.ConstructionFailedException: Failed to add constructor for org.sat4j.tools.ClausalCardinalitiesDecorator due to org.evosuite.ga.ConstructionFailedException: Failed to add constructor for org.sat4j.tools.Minimal4InclusionModel due to org.evosuite.ga.ConstructionFailedException: Failed to add constructor for org.sat4j.tools.Minimal4CardinalityModel due to org.evosuite.ga.ConstructionFailedException: Failed to add constructor for org.sat4j.tools.NegationDecorator due to org.evosuite.ga.ConstructionFailedException: Max recursion depth reached
* naaame: 
* naaame: org.evosuite.ga.stoppingconditions.RMIStoppingCondition
* naaame: org.evosuite.ga.stoppingconditions.MaxFitnessEvaluationsStoppingCondition
Current fitness evaluations: 2654
* naaame: org.evosuite.ShutdownTestWriter
* naaame: org.evosuite.ga.stoppingconditions.ZeroFitnessStoppingCondition
* naaame: org.evosuite.ga.stoppingconditions.GlobalTimeStoppingCondition
[MASTER] 08:13:10.233 [logback-1] WARN  TestChromosome - Functional mock problem: org.evosuite.ga.ConstructionFailedException: Failed to add constructor for org.sat4j.tools.AbstractMinimalModel due to org.evosuite.ga.ConstructionFailedException: Failed to add constructor for org.sat4j.tools.Minimal4CardinalityModel due to org.evosuite.ga.ConstructionFailedException: Found no variables of type interface org.sat4j.tools.SolutionFoundListener
[MASTER] 08:13:10.295 [logback-1] WARN  TestChromosome - Functional mock problem: org.evosuite.ga.ConstructionFailedException: Failed to add constructor for org.sat4j.tools.AbstractMinimalModel due to org.evosuite.ga.ConstructionFailedException: Failed to add constructor for org.sat4j.tools.ClausalCardinalitiesDecorator due to org.evosuite.ga.ConstructionFailedException: Failed to add constructor for org.sat4j.tools.Minimal4CardinalityModel due to org.evosuite.ga.ConstructionFailedException: Found no variables of type interface org.sat4j.tools.SolutionFoundListener
* naaame: 
* naaame: org.evosuite.ga.stoppingconditions.RMIStoppingCondition
* naaame: org.evosuite.ga.stoppingconditions.MaxFitnessEvaluationsStoppingCondition
Current fitness evaluations: 2736
* naaame: org.evosuite.ShutdownTestWriter
* naaame: org.evosuite.ga.stoppingconditions.ZeroFitnessStoppingCondition
* naaame: org.evosuite.ga.stoppingconditions.GlobalTimeStoppingCondition
[MASTER] 08:13:10.572 [logback-1] WARN  TestChromosome - Functional mock problem: org.evosuite.ga.ConstructionFailedException: Failed to add constructor for org.sat4j.tools.Minimal4CardinalityModel due to org.evosuite.ga.ConstructionFailedException: Failed to add constructor for org.sat4j.tools.AbstractMinimalModel due to org.evosuite.ga.ConstructionFailedException: Failed to add constructor for org.sat4j.tools.Minimal4CardinalityModel due to org.evosuite.ga.ConstructionFailedException: Failed to add constructor for org.sat4j.tools.ModelIteratorToSATAdapter due to org.evosuite.ga.ConstructionFailedException: Failed to add constructor for org.sat4j.tools.AbstractMinimalModel due to org.evosuite.ga.ConstructionFailedException: Max recursion depth reached
* naaame: 
* naaame: org.evosuite.ga.stoppingconditions.RMIStoppingCondition
* naaame: org.evosuite.ga.stoppingconditions.MaxFitnessEvaluationsStoppingCondition
Current fitness evaluations: 2826
* naaame: org.evosuite.ShutdownTestWriter
* naaame: org.evosuite.ga.stoppingconditions.ZeroFitnessStoppingCondition
* naaame: org.evosuite.ga.stoppingconditions.GlobalTimeStoppingCondition
* naaame: 
* naaame: org.evosuite.ga.stoppingconditions.RMIStoppingCondition
* naaame: org.evosuite.ga.stoppingconditions.MaxFitnessEvaluationsStoppingCondition
Current fitness evaluations: 2914
* naaame: org.evosuite.ShutdownTestWriter
* naaame: org.evosuite.ga.stoppingconditions.ZeroFitnessStoppingCondition
* naaame: org.evosuite.ga.stoppingconditions.GlobalTimeStoppingCondition
* naaame: 
* naaame: org.evosuite.ga.stoppingconditions.RMIStoppingCondition
* naaame: org.evosuite.ga.stoppingconditions.MaxFitnessEvaluationsStoppingCondition
Current fitness evaluations: 2995
* naaame: org.evosuite.ShutdownTestWriter
* naaame: org.evosuite.ga.stoppingconditions.ZeroFitnessStoppingCondition
* naaame: org.evosuite.ga.stoppingconditions.GlobalTimeStoppingCondition
[MASTER] 08:13:12.863 [logback-1] WARN  TestChromosome - Functional mock problem: org.evosuite.ga.ConstructionFailedException: Failed to add constructor for org.sat4j.tools.AbstractMinimalModel due to org.evosuite.ga.ConstructionFailedException: Failed to add constructor for org.sat4j.tools.AbstractMinimalModel due to org.evosuite.ga.ConstructionFailedException: Failed to add constructor for org.sat4j.tools.Minimal4InclusionModel due to org.evosuite.ga.ConstructionFailedException: Failed to add constructor for org.sat4j.minisat.core.Solver due to org.evosuite.ga.ConstructionFailedException: Found no variables of type interface org.sat4j.specs.ILogAble
[MASTER] 08:13:12.904 [logback-1] WARN  TestChromosome - Functional mock problem: org.evosuite.ga.ConstructionFailedException: Failed to add constructor for org.sat4j.tools.Minimal4CardinalityModel due to org.evosuite.ga.ConstructionFailedException: Failed to add constructor for org.sat4j.tools.Minimal4InclusionModel due to org.evosuite.ga.ConstructionFailedException: Failed to add constructor for org.sat4j.tools.SolutionCounter due to org.evosuite.ga.ConstructionFailedException: Failed to add constructor for org.sat4j.tools.ManyCore due to org.evosuite.ga.ConstructionFailedException: Failed to add constructor for org.sat4j.minisat.core.Solver due to org.evosuite.ga.ConstructionFailedException: Found no variables of type interface org.sat4j.minisat.core.IOrder
* naaame: 
* naaame: org.evosuite.ga.stoppingconditions.RMIStoppingCondition
* naaame: org.evosuite.ga.stoppingconditions.MaxFitnessEvaluationsStoppingCondition
Current fitness evaluations: 3081
* naaame: org.evosuite.ShutdownTestWriter
* naaame: org.evosuite.ga.stoppingconditions.ZeroFitnessStoppingCondition
* naaame: org.evosuite.ga.stoppingconditions.GlobalTimeStoppingCondition
* naaame: 
* naaame: org.evosuite.ga.stoppingconditions.RMIStoppingCondition
* naaame: org.evosuite.ga.stoppingconditions.MaxFitnessEvaluationsStoppingCondition
Current fitness evaluations: 3165
* naaame: org.evosuite.ShutdownTestWriter
* naaame: org.evosuite.ga.stoppingconditions.ZeroFitnessStoppingCondition
* naaame: org.evosuite.ga.stoppingconditions.GlobalTimeStoppingCondition
Current fitness function value: class org.evosuite.coverage.line.LineCoverageSuiteFitness ** 0.8461538461538461
Current fitness function value: class org.evosuite.coverage.branch.BranchCoverageSuiteFitness ** 1.0
Current fitness function value: class org.evosuite.coverage.exception.ExceptionCoverageSuiteFitness ** 1.0
Current fitness function value: class org.evosuite.coverage.mutation.WeakMutationSuiteFitness ** 1.0
Current fitness function value: class org.evosuite.coverage.io.output.OutputCoverageSuiteFitness ** 0.6666666666666666
Current fitness function value: class org.evosuite.coverage.method.MethodCoverageSuiteFitness ** 1.0
Current fitness function value: class org.evosuite.coverage.method.MethodNoExceptionCoverageSuiteFitness ** 1.0
Current fitness function value: class org.evosuite.coverage.cbranch.CBranchSuiteFitness ** 1.0
* naaame: 
* naaame: org.evosuite.ga.stoppingconditions.RMIStoppingCondition
* naaame: org.evosuite.ga.stoppingconditions.MaxFitnessEvaluationsStoppingCondition
Current fitness evaluations: 3248
* naaame: org.evosuite.ShutdownTestWriter
* naaame: org.evosuite.ga.stoppingconditions.ZeroFitnessStoppingCondition
* naaame: org.evosuite.ga.stoppingconditions.GlobalTimeStoppingCondition
[MASTER] 08:13:14.889 [logback-1] WARN  TestChromosome - Functional mock problem: org.evosuite.ga.ConstructionFailedException: Failed to add constructor for org.sat4j.tools.Minimal4CardinalityModel due to org.evosuite.ga.ConstructionFailedException: Failed to add constructor for org.sat4j.tools.AbstractMinimalModel due to org.evosuite.ga.ConstructionFailedException: Found no variables of type interface org.sat4j.tools.SolutionFoundListener
[MASTER] 08:13:14.897 [logback-1] WARN  TestChromosome - Functional mock problem: org.evosuite.ga.ConstructionFailedException: Failed to add constructor for org.sat4j.minisat.core.Solver due to org.evosuite.ga.ConstructionFailedException: Failed to add constructor for org.sat4j.minisat.core.Solver due to org.evosuite.ga.ConstructionFailedException: Found no variables of type interface org.sat4j.minisat.core.IOrder
[MASTER] 08:13:15.719 [logback-1] WARN  TestChromosome - Functional mock problem: org.evosuite.ga.ConstructionFailedException: Failed to add constructor for org.sat4j.tools.Minimal4CardinalityModel due to org.evosuite.ga.ConstructionFailedException: Failed to add constructor for org.sat4j.opt.MaxSatDecorator due to org.evosuite.ga.ConstructionFailedException: Failed to add constructor for org.sat4j.tools.LexicoDecorator due to org.evosuite.ga.ConstructionFailedException: Failed to add constructor for org.sat4j.minisat.core.Solver due to org.evosuite.ga.ConstructionFailedException: Failed to add constructor for org.sat4j.minisat.orders.TabuListDecorator due to org.evosuite.ga.ConstructionFailedException: Max recursion depth reached
[MASTER] 08:13:15.742 [logback-1] WARN  TestChromosome - Functional mock problem: org.evosuite.ga.ConstructionFailedException: Failed to add constructor for org.sat4j.tools.Minimal4CardinalityModel due to org.evosuite.ga.ConstructionFailedException: Failed to add constructor for org.sat4j.tools.Minimal4InclusionModel due to org.evosuite.ga.ConstructionFailedException: Failed to add constructor for org.sat4j.tools.ModelIteratorToSATAdapter due to org.evosuite.ga.ConstructionFailedException: Found no variables of type interface org.sat4j.tools.SolutionFoundListener
* naaame: 
* naaame: org.evosuite.ga.stoppingconditions.RMIStoppingCondition
* naaame: org.evosuite.ga.stoppingconditions.MaxFitnessEvaluationsStoppingCondition
Current fitness evaluations: 3336
* naaame: org.evosuite.ShutdownTestWriter
* naaame: org.evosuite.ga.stoppingconditions.ZeroFitnessStoppingCondition
* naaame: org.evosuite.ga.stoppingconditions.GlobalTimeStoppingCondition
[MASTER] 08:13:16.425 [logback-1] WARN  TestChromosome - Functional mock problem: org.evosuite.ga.ConstructionFailedException: Failed to add constructor for org.sat4j.tools.Minimal4CardinalityModel due to org.evosuite.ga.ConstructionFailedException: Failed to add constructor for org.sat4j.tools.SubModelIterator due to org.evosuite.ga.ConstructionFailedException: Failed to add constructor for org.sat4j.tools.ModelIteratorToSATAdapter due to org.evosuite.ga.ConstructionFailedException: Failed to add constructor for org.sat4j.tools.AbstractMinimalModel due to org.evosuite.ga.ConstructionFailedException: Failed to add constructor for org.sat4j.tools.SubModelIterator due to org.evosuite.ga.ConstructionFailedException: Max recursion depth reached
* naaame: 
* naaame: org.evosuite.ga.stoppingconditions.RMIStoppingCondition
* naaame: org.evosuite.ga.stoppingconditions.MaxFitnessEvaluationsStoppingCondition
Current fitness evaluations: 3424
* naaame: org.evosuite.ShutdownTestWriter
* naaame: org.evosuite.ga.stoppingconditions.ZeroFitnessStoppingCondition
* naaame: org.evosuite.ga.stoppingconditions.GlobalTimeStoppingCondition
[MASTER] 08:13:16.747 [logback-1] WARN  TestChromosome - Functional mock problem: org.evosuite.ga.ConstructionFailedException: Failed to add constructor for org.sat4j.tools.Minimal4CardinalityModel due to org.evosuite.ga.ConstructionFailedException: Failed to add constructor for org.sat4j.tools.OptToSatAdapter due to org.evosuite.ga.ConstructionFailedException: Failed to add constructor for org.sat4j.opt.MaxSatDecorator due to org.evosuite.ga.ConstructionFailedException: Failed to add constructor for org.sat4j.tools.Minimal4CardinalityModel due to org.evosuite.ga.ConstructionFailedException: Failed to add constructor for org.sat4j.tools.CheckMUSSolutionListener due to org.evosuite.ga.ConstructionFailedException: Max recursion depth reached
[MASTER] 08:13:16.859 [logback-1] WARN  TestChromosome - Functional mock problem: org.evosuite.ga.ConstructionFailedException: Failed to add constructor for org.sat4j.tools.AbstractMinimalModel due to org.evosuite.ga.ConstructionFailedException: Failed to add constructor for org.sat4j.tools.SingleSolutionDetector due to org.evosuite.ga.ConstructionFailedException: Failed to add constructor for org.sat4j.tools.FullClauseSelectorSolver due to org.evosuite.ga.ConstructionFailedException: Failed to add constructor for org.sat4j.tools.AbstractMinimalModel due to org.evosuite.ga.ConstructionFailedException: Failed to add constructor for org.sat4j.tools.GroupClauseSelectorSolver due to org.evosuite.ga.ConstructionFailedException: Max recursion depth reached
[MASTER] 08:13:17.089 [logback-1] WARN  TestChromosome - Functional mock problem: org.evosuite.ga.ConstructionFailedException: Failed to add constructor for org.sat4j.tools.Minimal4InclusionModel due to org.evosuite.ga.ConstructionFailedException: Failed to add constructor for org.sat4j.tools.ModelIteratorToSATAdapter due to org.evosuite.ga.ConstructionFailedException: Failed to add constructor for org.sat4j.tools.AbstractMinimalModel due to org.evosuite.ga.ConstructionFailedException: Found no variables of type interface org.sat4j.tools.SolutionFoundListener
* naaame: 
* naaame: org.evosuite.ga.stoppingconditions.RMIStoppingCondition
* naaame: org.evosuite.ga.stoppingconditions.MaxFitnessEvaluationsStoppingCondition
Current fitness evaluations: 3511
* naaame: org.evosuite.ShutdownTestWriter
* naaame: org.evosuite.ga.stoppingconditions.ZeroFitnessStoppingCondition
* naaame: org.evosuite.ga.stoppingconditions.GlobalTimeStoppingCondition
* naaame: 
* naaame: org.evosuite.ga.stoppingconditions.RMIStoppingCondition
* naaame: org.evosuite.ga.stoppingconditions.MaxFitnessEvaluationsStoppingCondition
Current fitness evaluations: 3589
* naaame: org.evosuite.ShutdownTestWriter
* naaame: org.evosuite.ga.stoppingconditions.ZeroFitnessStoppingCondition
* naaame: org.evosuite.ga.stoppingconditions.GlobalTimeStoppingCondition
[MASTER] 08:13:17.614 [logback-1] WARN  TestChromosome - Functional mock problem: org.evosuite.ga.ConstructionFailedException: Failed to add constructor for org.sat4j.tools.Minimal4InclusionModel due to org.evosuite.ga.ConstructionFailedException: Failed to add constructor for org.sat4j.tools.OptToSatAdapter due to org.evosuite.ga.ConstructionFailedException: Failed to add constructor for org.sat4j.opt.MaxSatDecorator due to org.evosuite.ga.ConstructionFailedException: Failed to add constructor for org.sat4j.tools.ClausalCardinalitiesDecorator due to org.evosuite.ga.ConstructionFailedException: Failed to add constructor for org.sat4j.tools.Minimal4InclusionModel due to org.evosuite.ga.ConstructionFailedException: Max recursion depth reached
* naaame: 
* naaame: org.evosuite.ga.stoppingconditions.RMIStoppingCondition
* naaame: org.evosuite.ga.stoppingconditions.MaxFitnessEvaluationsStoppingCondition
Current fitness evaluations: 3676
* naaame: org.evosuite.ShutdownTestWriter
* naaame: org.evosuite.ga.stoppingconditions.ZeroFitnessStoppingCondition
* naaame: org.evosuite.ga.stoppingconditions.GlobalTimeStoppingCondition
[MASTER] 08:13:17.984 [logback-1] WARN  TestChromosome - Functional mock problem: org.evosuite.ga.ConstructionFailedException: Failed to add constructor for org.sat4j.tools.Minimal4CardinalityModel due to org.evosuite.ga.ConstructionFailedException: Failed to add constructor for org.sat4j.tools.SubModelIterator due to org.evosuite.ga.ConstructionFailedException: Found no variables of type interface org.sat4j.specs.IVecInt
[MASTER] 08:13:18.242 [logback-1] WARN  TestChromosome - Functional mock problem: org.evosuite.ga.ConstructionFailedException: Failed to add constructor for org.sat4j.tools.Minimal4InclusionModel due to org.evosuite.ga.ConstructionFailedException: Failed to add constructor for org.sat4j.minisat.core.Solver due to org.evosuite.ga.ConstructionFailedException: Found no variables of type interface org.sat4j.specs.ILogAble
* naaame: 
* naaame: org.evosuite.ga.stoppingconditions.RMIStoppingCondition
* naaame: org.evosuite.ga.stoppingconditions.MaxFitnessEvaluationsStoppingCondition
Current fitness evaluations: 3763
* naaame: org.evosuite.ShutdownTestWriter
* naaame: org.evosuite.ga.stoppingconditions.ZeroFitnessStoppingCondition
* naaame: org.evosuite.ga.stoppingconditions.GlobalTimeStoppingCondition
* naaame: 
* naaame: org.evosuite.ga.stoppingconditions.RMIStoppingCondition
* naaame: org.evosuite.ga.stoppingconditions.MaxFitnessEvaluationsStoppingCondition
Current fitness evaluations: 3850
* naaame: org.evosuite.ShutdownTestWriter
* naaame: org.evosuite.ga.stoppingconditions.ZeroFitnessStoppingCondition
* naaame: org.evosuite.ga.stoppingconditions.GlobalTimeStoppingCondition
[MASTER] 08:13:18.894 [logback-1] WARN  TestChromosome - Functional mock problem: org.evosuite.ga.ConstructionFailedException: Failed to add constructor for org.sat4j.tools.Minimal4InclusionModel due to org.evosuite.ga.ConstructionFailedException: Found no variables of type interface org.sat4j.specs.Constr
* naaame: 
* naaame: org.evosuite.ga.stoppingconditions.RMIStoppingCondition
* naaame: org.evosuite.ga.stoppingconditions.MaxFitnessEvaluationsStoppingCondition
Current fitness evaluations: 3945
* naaame: org.evosuite.ShutdownTestWriter
* naaame: org.evosuite.ga.stoppingconditions.ZeroFitnessStoppingCondition
* naaame: org.evosuite.ga.stoppingconditions.GlobalTimeStoppingCondition
Current fitness function value: class org.evosuite.coverage.line.LineCoverageSuiteFitness ** 0.8461538461538461
Current fitness function value: class org.evosuite.coverage.branch.BranchCoverageSuiteFitness ** 1.0
Current fitness function value: class org.evosuite.coverage.exception.ExceptionCoverageSuiteFitness ** 1.0
Current fitness function value: class org.evosuite.coverage.mutation.WeakMutationSuiteFitness ** 1.0
Current fitness function value: class org.evosuite.coverage.io.output.OutputCoverageSuiteFitness ** 0.6666666666666666
Current fitness function value: class org.evosuite.coverage.method.MethodCoverageSuiteFitness ** 1.0
Current fitness function value: class org.evosuite.coverage.method.MethodNoExceptionCoverageSuiteFitness ** 1.0
Current fitness function value: class org.evosuite.coverage.cbranch.CBranchSuiteFitness ** 1.0
* naaame: 
* naaame: org.evosuite.ga.stoppingconditions.RMIStoppingCondition
* naaame: org.evosuite.ga.stoppingconditions.MaxFitnessEvaluationsStoppingCondition
Current fitness evaluations: 4039
* naaame: org.evosuite.ShutdownTestWriter
* naaame: org.evosuite.ga.stoppingconditions.ZeroFitnessStoppingCondition
* naaame: org.evosuite.ga.stoppingconditions.GlobalTimeStoppingCondition
* naaame: 
* naaame: org.evosuite.ga.stoppingconditions.RMIStoppingCondition
* naaame: org.evosuite.ga.stoppingconditions.MaxFitnessEvaluationsStoppingCondition
Current fitness evaluations: 4121
* naaame: org.evosuite.ShutdownTestWriter
* naaame: org.evosuite.ga.stoppingconditions.ZeroFitnessStoppingCondition
* naaame: org.evosuite.ga.stoppingconditions.GlobalTimeStoppingCondition
* naaame: 
* naaame: org.evosuite.ga.stoppingconditions.RMIStoppingCondition
* naaame: org.evosuite.ga.stoppingconditions.MaxFitnessEvaluationsStoppingCondition
Current fitness evaluations: 4195
* naaame: org.evosuite.ShutdownTestWriter
* naaame: org.evosuite.ga.stoppingconditions.ZeroFitnessStoppingCondition
* naaame: org.evosuite.ga.stoppingconditions.GlobalTimeStoppingCondition
Current fitness function value: class org.evosuite.coverage.line.LineCoverageSuiteFitness ** 0.8461538461538461
Current fitness function value: class org.evosuite.coverage.branch.BranchCoverageSuiteFitness ** 1.0
Current fitness function value: class org.evosuite.coverage.exception.ExceptionCoverageSuiteFitness ** 1.0
Current fitness function value: class org.evosuite.coverage.mutation.WeakMutationSuiteFitness ** 1.0
Current fitness function value: class org.evosuite.coverage.io.output.OutputCoverageSuiteFitness ** 0.6666666666666666
Current fitness function value: class org.evosuite.coverage.method.MethodCoverageSuiteFitness ** 1.0
Current fitness function value: class org.evosuite.coverage.method.MethodNoExceptionCoverageSuiteFitness ** 1.0
Current fitness function value: class org.evosuite.coverage.cbranch.CBranchSuiteFitness ** 1.0
[MASTER] 08:13:28.609 [logback-1] WARN  TestChromosome - Functional mock problem: org.evosuite.ga.ConstructionFailedException: Failed to add constructor for org.sat4j.tools.Minimal4CardinalityModel due to org.evosuite.ga.ConstructionFailedException: Failed to add constructor for org.sat4j.tools.DimacsOutputSolver due to org.evosuite.ga.ConstructionFailedException: Failed to add constructor for org.evosuite.runtime.mock.java.io.MockPrintWriter due to org.evosuite.ga.ConstructionFailedException: Failed to add constructor for org.evosuite.runtime.mock.java.io.MockPrintStream due to org.evosuite.ga.ConstructionFailedException: Failed to add constructor for org.evosuite.runtime.mock.java.io.MockFile due to org.evosuite.ga.ConstructionFailedException: Max recursion depth reached
[MASTER] 08:13:28.778 [logback-1] WARN  TestChromosome - Functional mock problem: org.evosuite.ga.ConstructionFailedException: Failed to add constructor for org.sat4j.tools.AbstractMinimalModel due to org.evosuite.ga.ConstructionFailedException: Failed to add constructor for org.sat4j.tools.AbstractMinimalModel due to org.evosuite.ga.ConstructionFailedException: Found no variables of type class org.sat4j.opt.MaxSatDecorator
* naaame: 
* naaame: org.evosuite.ga.stoppingconditions.RMIStoppingCondition
* naaame: org.evosuite.ga.stoppingconditions.MaxFitnessEvaluationsStoppingCondition
Current fitness evaluations: 4288
* naaame: org.evosuite.ShutdownTestWriter
* naaame: org.evosuite.ga.stoppingconditions.ZeroFitnessStoppingCondition
* naaame: org.evosuite.ga.stoppingconditions.GlobalTimeStoppingCondition
[MASTER] 08:13:29.015 [logback-1] WARN  TestChromosome - Functional mock problem: org.evosuite.ga.ConstructionFailedException: Failed to add constructor for org.sat4j.tools.AbstractMinimalModel due to org.evosuite.ga.ConstructionFailedException: Have no generator for org.sat4j.core.ASolverFactory<org.sat4j.minisat.core.Solver<org.sat4j.minisat.constraints.MixedDataStructureDanielWLConciseBinary>> canUseFunctionalMocks=false, canBeMocked: true
[MASTER] 08:13:29.034 [logback-1] WARN  TestChromosome - Functional mock problem: org.evosuite.ga.ConstructionFailedException: Failed to add constructor for org.sat4j.tools.Minimal4InclusionModel due to org.evosuite.ga.ConstructionFailedException: Failed to add constructor for org.sat4j.tools.OptToSatAdapter due to org.evosuite.ga.ConstructionFailedException: Failed to add constructor for org.sat4j.tools.LexicoDecorator due to org.evosuite.ga.ConstructionFailedException: Failed to add constructor for org.sat4j.tools.AbstractMinimalModel due to org.evosuite.ga.ConstructionFailedException: Failed to add constructor for org.sat4j.tools.ClausalCardinalitiesDecorator due to org.evosuite.ga.ConstructionFailedException: Max recursion depth reached
* naaame: 
* naaame: org.evosuite.ga.stoppingconditions.RMIStoppingCondition
* naaame: org.evosuite.ga.stoppingconditions.MaxFitnessEvaluationsStoppingCondition
Current fitness evaluations: 4374
* naaame: org.evosuite.ShutdownTestWriter
* naaame: org.evosuite.ga.stoppingconditions.ZeroFitnessStoppingCondition
* naaame: org.evosuite.ga.stoppingconditions.GlobalTimeStoppingCondition
[MASTER] 08:13:29.421 [logback-1] WARN  TestChromosome - Functional mock problem: org.evosuite.ga.ConstructionFailedException: Failed to add constructor for org.sat4j.tools.Minimal4InclusionModel due to org.evosuite.ga.ConstructionFailedException: Found no variables of type class org.sat4j.opt.MaxSatDecorator
* naaame: 
* naaame: org.evosuite.ga.stoppingconditions.RMIStoppingCondition
* naaame: org.evosuite.ga.stoppingconditions.MaxFitnessEvaluationsStoppingCondition
Current fitness evaluations: 4456
* naaame: org.evosuite.ShutdownTestWriter
* naaame: org.evosuite.ga.stoppingconditions.ZeroFitnessStoppingCondition
* naaame: org.evosuite.ga.stoppingconditions.GlobalTimeStoppingCondition
[MASTER] 08:13:29.788 [logback-1] WARN  TestChromosome - Functional mock problem: org.evosuite.ga.ConstructionFailedException: Failed to add constructor for org.sat4j.minisat.core.Solver due to org.evosuite.ga.ConstructionFailedException: Found no variables of type class org.sat4j.minisat.core.SearchParams
[MASTER] 08:13:29.967 [logback-1] WARN  TestChromosome - Functional mock problem: org.evosuite.ga.ConstructionFailedException: Failed to add constructor for org.sat4j.tools.Minimal4CardinalityModel due to org.evosuite.ga.ConstructionFailedException: Failed to add constructor for org.sat4j.tools.GateTranslator due to org.evosuite.ga.ConstructionFailedException: Failed to add constructor for org.sat4j.tools.ModelIteratorToSATAdapter due to org.evosuite.ga.ConstructionFailedException: Failed to add constructor for org.sat4j.tools.ModelIterator due to org.evosuite.ga.ConstructionFailedException: Failed to add constructor for org.sat4j.tools.ManyCore due to org.evosuite.ga.ConstructionFailedException: Max recursion depth reached
* naaame: 
* naaame: org.evosuite.ga.stoppingconditions.RMIStoppingCondition
* naaame: org.evosuite.ga.stoppingconditions.MaxFitnessEvaluationsStoppingCondition
Current fitness evaluations: 4539
* naaame: org.evosuite.ShutdownTestWriter
* naaame: org.evosuite.ga.stoppingconditions.ZeroFitnessStoppingCondition
* naaame: org.evosuite.ga.stoppingconditions.GlobalTimeStoppingCondition
Current fitness function value: class org.evosuite.coverage.line.LineCoverageSuiteFitness ** 0.8461538461538461
Current fitness function value: class org.evosuite.coverage.branch.BranchCoverageSuiteFitness ** 1.0
Current fitness function value: class org.evosuite.coverage.exception.ExceptionCoverageSuiteFitness ** 1.0
Current fitness function value: class org.evosuite.coverage.mutation.WeakMutationSuiteFitness ** 1.0
Current fitness function value: class org.evosuite.coverage.io.output.OutputCoverageSuiteFitness ** 0.6666666666666666
Current fitness function value: class org.evosuite.coverage.method.MethodCoverageSuiteFitness ** 1.0
Current fitness function value: class org.evosuite.coverage.method.MethodNoExceptionCoverageSuiteFitness ** 1.0
Current fitness function value: class org.evosuite.coverage.cbranch.CBranchSuiteFitness ** 1.0
[MASTER] 08:13:34.324 [logback-1] WARN  TestChromosome - Functional mock problem: org.evosuite.ga.ConstructionFailedException: Failed to add constructor for org.sat4j.tools.Minimal4CardinalityModel due to org.evosuite.ga.ConstructionFailedException: Failed to add constructor for org.sat4j.minisat.core.Solver due to org.evosuite.ga.ConstructionFailedException: Found no variables of type interface org.sat4j.specs.ILogAble
* naaame: 
* naaame: org.evosuite.ga.stoppingconditions.RMIStoppingCondition
* naaame: org.evosuite.ga.stoppingconditions.MaxFitnessEvaluationsStoppingCondition
Current fitness evaluations: 4618
* naaame: org.evosuite.ShutdownTestWriter
* naaame: org.evosuite.ga.stoppingconditions.ZeroFitnessStoppingCondition
* naaame: org.evosuite.ga.stoppingconditions.GlobalTimeStoppingCondition
[MASTER] 08:13:34.823 [logback-1] WARN  TestChromosome - Functional mock problem: org.evosuite.ga.ConstructionFailedException: Failed to add constructor for org.sat4j.tools.Minimal4CardinalityModel due to org.evosuite.ga.ConstructionFailedException: Failed to add constructor for org.sat4j.tools.Minimal4InclusionModel due to org.evosuite.ga.ConstructionFailedException: Failed to add constructor for org.sat4j.tools.OptToSatAdapter due to org.evosuite.ga.ConstructionFailedException: Failed to add constructor for org.sat4j.opt.MaxSatDecorator due to org.evosuite.ga.ConstructionFailedException: Failed to add constructor for org.sat4j.tools.Minimal4InclusionModel due to org.evosuite.ga.ConstructionFailedException: Max recursion depth reached
[MASTER] 08:13:34.860 [logback-1] WARN  TestChromosome - Functional mock problem: org.evosuite.ga.ConstructionFailedException: Failed to add constructor for org.sat4j.tools.AbstractMinimalModel due to org.evosuite.ga.ConstructionFailedException: Failed to add constructor for org.sat4j.tools.AbstractMinimalModel due to org.evosuite.ga.ConstructionFailedException: Failed to add constructor for org.sat4j.tools.DimacsOutputSolver due to org.evosuite.ga.ConstructionFailedException: Failed to add constructor for org.evosuite.runtime.mock.java.io.MockPrintWriter due to org.evosuite.ga.ConstructionFailedException: Failed to add constructor for java.io.BufferedOutputStream due to org.evosuite.ga.ConstructionFailedException: Max recursion depth reached
* naaame: 
* naaame: org.evosuite.ga.stoppingconditions.RMIStoppingCondition
* naaame: org.evosuite.ga.stoppingconditions.MaxFitnessEvaluationsStoppingCondition
Current fitness evaluations: 4702
* naaame: org.evosuite.ShutdownTestWriter
* naaame: org.evosuite.ga.stoppingconditions.ZeroFitnessStoppingCondition
* naaame: org.evosuite.ga.stoppingconditions.GlobalTimeStoppingCondition
[MASTER] 08:13:35.369 [logback-1] WARN  TestChromosome - Functional mock problem: org.evosuite.ga.ConstructionFailedException: Failed to add constructor for org.sat4j.tools.AbstractMinimalModel due to org.evosuite.ga.ConstructionFailedException: Failed to add constructor for org.sat4j.tools.Minimal4CardinalityModel due to org.evosuite.ga.ConstructionFailedException: Failed to add constructor for org.sat4j.opt.MaxSatDecorator due to org.evosuite.ga.ConstructionFailedException: Failed to add constructor for org.sat4j.tools.ClausalCardinalitiesDecorator due to org.evosuite.ga.ConstructionFailedException: Failed to add constructor for org.sat4j.minisat.core.Solver due to org.evosuite.ga.ConstructionFailedException: Max recursion depth reached
* naaame: 
* naaame: org.evosuite.ga.stoppingconditions.RMIStoppingCondition
* naaame: org.evosuite.ga.stoppingconditions.MaxFitnessEvaluationsStoppingCondition
Current fitness evaluations: 4787
* naaame: org.evosuite.ShutdownTestWriter
* naaame: org.evosuite.ga.stoppingconditions.ZeroFitnessStoppingCondition
* naaame: org.evosuite.ga.stoppingconditions.GlobalTimeStoppingCondition
Current fitness function value: class org.evosuite.coverage.line.LineCoverageSuiteFitness ** 0.8461538461538461
Current fitness function value: class org.evosuite.coverage.branch.BranchCoverageSuiteFitness ** 1.0
Current fitness function value: class org.evosuite.coverage.exception.ExceptionCoverageSuiteFitness ** 1.0
Current fitness function value: class org.evosuite.coverage.mutation.WeakMutationSuiteFitness ** 1.0
Current fitness function value: class org.evosuite.coverage.io.output.OutputCoverageSuiteFitness ** 0.6666666666666666
Current fitness function value: class org.evosuite.coverage.method.MethodCoverageSuiteFitness ** 1.0
Current fitness function value: class org.evosuite.coverage.method.MethodNoExceptionCoverageSuiteFitness ** 1.0
Current fitness function value: class org.evosuite.coverage.cbranch.CBranchSuiteFitness ** 1.0
[MASTER] 08:13:35.627 [logback-1] WARN  TestChromosome - Functional mock problem: org.evosuite.ga.ConstructionFailedException: Failed to add constructor for org.sat4j.tools.AbstractMinimalModel due to org.evosuite.ga.ConstructionFailedException: Failed to add constructor for org.sat4j.tools.ModelIteratorToSATAdapter due to org.evosuite.ga.ConstructionFailedException: Failed to add constructor for org.sat4j.tools.GroupClauseSelectorSolver due to org.evosuite.ga.ConstructionFailedException: Failed to add constructor for org.sat4j.minisat.core.Solver due to org.evosuite.ga.ConstructionFailedException: Failed to add constructor for org.sat4j.minisat.orders.RandomWalkDecorator due to org.evosuite.ga.ConstructionFailedException: Max recursion depth reached
* naaame: 
* naaame: org.evosuite.ga.stoppingconditions.RMIStoppingCondition
* naaame: org.evosuite.ga.stoppingconditions.MaxFitnessEvaluationsStoppingCondition
Current fitness evaluations: 4878
* naaame: org.evosuite.ShutdownTestWriter
* naaame: org.evosuite.ga.stoppingconditions.ZeroFitnessStoppingCondition
* naaame: org.evosuite.ga.stoppingconditions.GlobalTimeStoppingCondition
[MASTER] 08:13:36.179 [logback-1] WARN  TestChromosome - Functional mock problem: org.evosuite.ga.ConstructionFailedException: Failed to add constructor for org.sat4j.tools.Minimal4InclusionModel due to org.evosuite.ga.ConstructionFailedException: Failed to add constructor for org.sat4j.tools.AbstractMinimalModel due to org.evosuite.ga.ConstructionFailedException: Have no generator for org.sat4j.core.ASolverFactory<org.sat4j.tools.AbstractMinimalModel> canUseFunctionalMocks=false, canBeMocked: true
* naaame: 
* naaame: org.evosuite.ga.stoppingconditions.RMIStoppingCondition
* naaame: org.evosuite.ga.stoppingconditions.MaxFitnessEvaluationsStoppingCondition
Current fitness evaluations: 4965
* naaame: org.evosuite.ShutdownTestWriter
* naaame: org.evosuite.ga.stoppingconditions.ZeroFitnessStoppingCondition
* naaame: org.evosuite.ga.stoppingconditions.GlobalTimeStoppingCondition
[MASTER] 08:13:36.703 [logback-1] WARN  TestChromosome - Functional mock problem: org.evosuite.ga.ConstructionFailedException: Failed to add constructor for org.sat4j.tools.Minimal4CardinalityModel due to org.evosuite.ga.ConstructionFailedException: Found no variables of type class org.sat4j.opt.MaxSatDecorator
[MASTER] 08:13:36.717 [logback-1] WARN  TestChromosome - Functional mock problem: org.evosuite.ga.ConstructionFailedException: Failed to add constructor for org.sat4j.tools.AbstractMinimalModel due to org.evosuite.ga.ConstructionFailedException: Failed to add constructor for org.sat4j.tools.OptToSatAdapter due to org.evosuite.ga.ConstructionFailedException: Failed to add constructor for org.sat4j.opt.MinOneDecorator due to org.evosuite.ga.ConstructionFailedException: Failed to add constructor for org.sat4j.tools.FullClauseSelectorSolver due to org.evosuite.ga.ConstructionFailedException: Failed to add constructor for org.sat4j.tools.Minimal4CardinalityModel due to org.evosuite.ga.ConstructionFailedException: Max recursion depth reached
[MASTER] 08:13:36.762 [logback-1] WARN  TestChromosome - Functional mock problem: org.evosuite.ga.ConstructionFailedException: Failed to add constructor for org.sat4j.tools.AbstractMinimalModel due to org.evosuite.ga.ConstructionFailedException: Failed to add constructor for org.sat4j.tools.Minimal4InclusionModel due to org.evosuite.ga.ConstructionFailedException: Failed to add constructor for org.sat4j.tools.ClausalCardinalitiesDecorator due to org.evosuite.ga.ConstructionFailedException: Failed to add constructor for org.sat4j.minisat.core.Solver due to org.evosuite.ga.ConstructionFailedException: Failed to add constructor for org.sat4j.minisat.orders.RandomWalkDecorator due to org.evosuite.ga.ConstructionFailedException: Max recursion depth reached
* naaame: 
* naaame: org.evosuite.ga.stoppingconditions.RMIStoppingCondition
* naaame: org.evosuite.ga.stoppingconditions.MaxFitnessEvaluationsStoppingCondition
Current fitness evaluations: 5046
* naaame: org.evosuite.ShutdownTestWriter
* naaame: org.evosuite.ga.stoppingconditions.ZeroFitnessStoppingCondition
* naaame: org.evosuite.ga.stoppingconditions.GlobalTimeStoppingCondition
[MASTER] 08:13:37.089 [logback-1] WARN  TestChromosome - Functional mock problem: org.evosuite.ga.ConstructionFailedException: Failed to add constructor for org.sat4j.tools.Minimal4InclusionModel due to org.evosuite.ga.ConstructionFailedException: Failed to add constructor for org.sat4j.tools.Minimal4CardinalityModel due to org.evosuite.ga.ConstructionFailedException: Failed to add constructor for org.sat4j.tools.Minimal4InclusionModel due to org.evosuite.ga.ConstructionFailedException: Failed to add constructor for org.sat4j.tools.OptToSatAdapter due to org.evosuite.ga.ConstructionFailedException: Failed to add constructor for org.sat4j.tools.LexicoDecorator due to org.evosuite.ga.ConstructionFailedException: Max recursion depth reached
* naaame: 
* naaame: org.evosuite.ga.stoppingconditions.RMIStoppingCondition
* naaame: org.evosuite.ga.stoppingconditions.MaxFitnessEvaluationsStoppingCondition
Current fitness evaluations: 5122
* naaame: org.evosuite.ShutdownTestWriter
* naaame: org.evosuite.ga.stoppingconditions.ZeroFitnessStoppingCondition
* naaame: org.evosuite.ga.stoppingconditions.GlobalTimeStoppingCondition
[MASTER] 08:13:37.985 [logback-1] WARN  TestChromosome - Functional mock problem: org.evosuite.ga.ConstructionFailedException: Failed to add constructor for org.sat4j.tools.Minimal4InclusionModel due to org.evosuite.ga.ConstructionFailedException: Failed to add constructor for org.sat4j.tools.AbstractMinimalModel due to org.evosuite.ga.ConstructionFailedException: Found no variables of type interface org.sat4j.tools.SolutionFoundListener
* naaame: 
* naaame: org.evosuite.ga.stoppingconditions.RMIStoppingCondition
* naaame: org.evosuite.ga.stoppingconditions.MaxFitnessEvaluationsStoppingCondition
Current fitness evaluations: 5196
* naaame: org.evosuite.ShutdownTestWriter
* naaame: org.evosuite.ga.stoppingconditions.ZeroFitnessStoppingCondition
* naaame: org.evosuite.ga.stoppingconditions.GlobalTimeStoppingCondition
* naaame: 
* naaame: org.evosuite.ga.stoppingconditions.RMIStoppingCondition
* naaame: org.evosuite.ga.stoppingconditions.MaxFitnessEvaluationsStoppingCondition
Current fitness evaluations: 5275
* naaame: org.evosuite.ShutdownTestWriter
* naaame: org.evosuite.ga.stoppingconditions.ZeroFitnessStoppingCondition
* naaame: org.evosuite.ga.stoppingconditions.GlobalTimeStoppingCondition
[MASTER] 08:13:38.586 [logback-1] WARN  TestChromosome - Functional mock problem: org.evosuite.ga.ConstructionFailedException: Failed to add constructor for org.sat4j.tools.AbstractMinimalModel due to org.evosuite.ga.ConstructionFailedException: Failed to add constructor for org.sat4j.tools.ModelIterator due to org.evosuite.ga.ConstructionFailedException: Found no variables of type interface org.sat4j.specs.ISolver
[MASTER] 08:13:38.864 [logback-1] WARN  TestChromosome - Functional mock problem: org.evosuite.ga.ConstructionFailedException: Failed to add constructor for org.sat4j.tools.Minimal4InclusionModel due to org.evosuite.ga.ConstructionFailedException: Failed to add constructor for org.sat4j.opt.MinOneDecorator due to org.evosuite.ga.ConstructionFailedException: Failed to add constructor for org.sat4j.tools.AbstractMinimalModel due to org.evosuite.ga.ConstructionFailedException: Failed to add constructor for org.sat4j.tools.AbstractMinimalModel due to org.evosuite.ga.ConstructionFailedException: Failed to add constructor for org.sat4j.tools.GroupClauseSelectorSolver due to org.evosuite.ga.ConstructionFailedException: Max recursion depth reached
[MASTER] 08:13:38.986 [logback-1] WARN  TestChromosome - Functional mock problem: org.evosuite.ga.ConstructionFailedException: Failed to add constructor for org.sat4j.tools.Minimal4CardinalityModel due to org.evosuite.ga.ConstructionFailedException: Failed to add constructor for org.sat4j.tools.ModelIterator due to org.evosuite.ga.ConstructionFailedException: Failed to add constructor for org.sat4j.tools.AbstractMinimalModel due to org.evosuite.ga.ConstructionFailedException: Failed to add constructor for org.sat4j.opt.MinOneDecorator due to org.evosuite.ga.ConstructionFailedException: Failed to add constructor for org.sat4j.tools.ManyCore due to org.evosuite.ga.ConstructionFailedException: Failed to add constructor for org.sat4j.tools.Minimal4InclusionModel due to org.evosuite.ga.ConstructionFailedException: Failed to add constructor for org.sat4j.tools.OptToSatAdapter due to org.evosuite.ga.ConstructionFailedException: Found no variables of type interface org.sat4j.specs.IOptimizationProblem
* naaame: 
* naaame: org.evosuite.ga.stoppingconditions.RMIStoppingCondition
* naaame: org.evosuite.ga.stoppingconditions.MaxFitnessEvaluationsStoppingCondition
Current fitness evaluations: 5365
* naaame: org.evosuite.ShutdownTestWriter
* naaame: org.evosuite.ga.stoppingconditions.ZeroFitnessStoppingCondition
* naaame: org.evosuite.ga.stoppingconditions.GlobalTimeStoppingCondition
[MASTER] 08:13:39.273 [logback-1] WARN  TestChromosome - Functional mock problem: org.evosuite.ga.ConstructionFailedException: Failed to add constructor for org.sat4j.tools.AbstractMinimalModel due to org.evosuite.ga.ConstructionFailedException: Failed to add constructor for org.sat4j.minisat.core.Solver due to org.evosuite.ga.ConstructionFailedException: Found no variables of type interface org.sat4j.minisat.core.IOrder
* naaame: 
* naaame: org.evosuite.ga.stoppingconditions.RMIStoppingCondition
* naaame: org.evosuite.ga.stoppingconditions.MaxFitnessEvaluationsStoppingCondition
Current fitness evaluations: 5442
* naaame: org.evosuite.ShutdownTestWriter
* naaame: org.evosuite.ga.stoppingconditions.ZeroFitnessStoppingCondition
* naaame: org.evosuite.ga.stoppingconditions.GlobalTimeStoppingCondition
Current fitness function value: class org.evosuite.coverage.line.LineCoverageSuiteFitness ** 0.8461538461538461
Current fitness function value: class org.evosuite.coverage.branch.BranchCoverageSuiteFitness ** 1.0
Current fitness function value: class org.evosuite.coverage.exception.ExceptionCoverageSuiteFitness ** 1.0
Current fitness function value: class org.evosuite.coverage.mutation.WeakMutationSuiteFitness ** 1.0
Current fitness function value: class org.evosuite.coverage.io.output.OutputCoverageSuiteFitness ** 0.6666666666666666
Current fitness function value: class org.evosuite.coverage.method.MethodCoverageSuiteFitness ** 1.0
Current fitness function value: class org.evosuite.coverage.method.MethodNoExceptionCoverageSuiteFitness ** 1.0
Current fitness function value: class org.evosuite.coverage.cbranch.CBranchSuiteFitness ** 1.0
[MASTER] 08:13:42.647 [logback-1] WARN  TestChromosome - Functional mock problem: org.evosuite.ga.ConstructionFailedException: Failed to add constructor for org.sat4j.tools.Minimal4InclusionModel due to org.evosuite.ga.ConstructionFailedException: Failed to add constructor for org.sat4j.tools.GateTranslator due to org.evosuite.ga.ConstructionFailedException: Have no generator for org.sat4j.core.ASolverFactory<org.sat4j.minisat.core.Solver<org.sat4j.minisat.constraints.MixedDataStructureDanielWLConciseBinary>> canUseFunctionalMocks=false, canBeMocked: true
* naaame: 
* naaame: org.evosuite.ga.stoppingconditions.RMIStoppingCondition
* naaame: org.evosuite.ga.stoppingconditions.MaxFitnessEvaluationsStoppingCondition
Current fitness evaluations: 5531
* naaame: org.evosuite.ShutdownTestWriter
* naaame: org.evosuite.ga.stoppingconditions.ZeroFitnessStoppingCondition
* naaame: org.evosuite.ga.stoppingconditions.GlobalTimeStoppingCondition
[MASTER] 08:13:43.300 [logback-1] WARN  TestChromosome - Functional mock problem: org.evosuite.ga.ConstructionFailedException: Failed to add constructor for org.sat4j.tools.Minimal4InclusionModel due to org.evosuite.ga.ConstructionFailedException: Failed to add constructor for org.sat4j.minisat.core.Solver due to org.evosuite.ga.ConstructionFailedException: Found no variables of type interface org.sat4j.minisat.core.RestartStrategy
[MASTER] 08:13:43.323 [logback-1] WARN  TestChromosome - Functional mock problem: org.evosuite.ga.ConstructionFailedException: Failed to add constructor for org.sat4j.tools.Minimal4CardinalityModel due to org.evosuite.ga.ConstructionFailedException: Found no variables of type interface org.sat4j.specs.IVecInt
* naaame: 
* naaame: org.evosuite.ga.stoppingconditions.RMIStoppingCondition
* naaame: org.evosuite.ga.stoppingconditions.MaxFitnessEvaluationsStoppingCondition
Current fitness evaluations: 5623
* naaame: org.evosuite.ShutdownTestWriter
* naaame: org.evosuite.ga.stoppingconditions.ZeroFitnessStoppingCondition
* naaame: org.evosuite.ga.stoppingconditions.GlobalTimeStoppingCondition
[MASTER] 08:13:43.533 [logback-1] WARN  TestChromosome - Functional mock problem: org.evosuite.ga.ConstructionFailedException: Failed to add constructor for org.sat4j.tools.Minimal4CardinalityModel due to org.evosuite.ga.ConstructionFailedException: Failed to add constructor for org.sat4j.tools.Minimal4InclusionModel due to org.evosuite.ga.ConstructionFailedException: Have no generator for org.sat4j.core.ASolverFactory<org.sat4j.minisat.core.Solver<org.sat4j.minisat.constraints.MixedDataStructureDanielWLConciseBinary>> canUseFunctionalMocks=false, canBeMocked: true
* naaame: 
* naaame: org.evosuite.ga.stoppingconditions.RMIStoppingCondition
* naaame: org.evosuite.ga.stoppingconditions.MaxFitnessEvaluationsStoppingCondition
Current fitness evaluations: 5722
* naaame: org.evosuite.ShutdownTestWriter
* naaame: org.evosuite.ga.stoppingconditions.ZeroFitnessStoppingCondition
* naaame: org.evosuite.ga.stoppingconditions.GlobalTimeStoppingCondition
[MASTER] 08:13:43.966 [logback-1] WARN  TestChromosome - Functional mock problem: org.evosuite.ga.ConstructionFailedException: Failed to add constructor for org.sat4j.tools.AbstractMinimalModel due to org.evosuite.ga.ConstructionFailedException: Failed to add constructor for org.sat4j.tools.FullClauseSelectorSolver due to org.evosuite.ga.ConstructionFailedException: Failed to add constructor for org.sat4j.tools.Minimal4InclusionModel due to org.evosuite.ga.ConstructionFailedException: Failed to add constructor for org.sat4j.tools.ManyCore due to org.evosuite.ga.ConstructionFailedException: Failed to add constructor for org.sat4j.tools.AbstractMinimalModel due to org.evosuite.ga.ConstructionFailedException: Found no variables of type interface org.sat4j.specs.IVecInt
* naaame: 
* naaame: org.evosuite.ga.stoppingconditions.RMIStoppingCondition
* naaame: org.evosuite.ga.stoppingconditions.MaxFitnessEvaluationsStoppingCondition
Current fitness evaluations: 5816
* naaame: org.evosuite.ShutdownTestWriter
* naaame: org.evosuite.ga.stoppingconditions.ZeroFitnessStoppingCondition
* naaame: org.evosuite.ga.stoppingconditions.GlobalTimeStoppingCondition
[MASTER] 08:13:44.480 [logback-1] WARN  TestChromosome - Functional mock problem: org.evosuite.ga.ConstructionFailedException: Failed to add constructor for org.sat4j.tools.Minimal4CardinalityModel due to org.evosuite.ga.ConstructionFailedException: Failed to add constructor for org.sat4j.tools.AbstractMinimalModel due to org.evosuite.ga.ConstructionFailedException: Found no variables of type interface org.sat4j.specs.ISolver
[MASTER] 08:13:44.596 [logback-1] WARN  TestChromosome - Functional mock problem: org.evosuite.ga.ConstructionFailedException: Failed to add constructor for org.sat4j.tools.AbstractMinimalModel due to org.evosuite.ga.ConstructionFailedException: Failed to add constructor for org.sat4j.tools.ClausalCardinalitiesDecorator due to org.evosuite.ga.ConstructionFailedException: Failed to add constructor for org.sat4j.tools.Minimal4InclusionModel due to org.evosuite.ga.ConstructionFailedException: Found no variables of type interface org.sat4j.specs.ISolver
[MASTER] 08:13:44.674 [logback-1] WARN  TestChromosome - Functional mock problem: org.evosuite.ga.ConstructionFailedException: Failed to add constructor for org.sat4j.tools.AbstractMinimalModel due to org.evosuite.ga.ConstructionFailedException: Failed to add constructor for org.sat4j.tools.Minimal4InclusionModel due to org.evosuite.ga.ConstructionFailedException: Found no variables of type interface org.sat4j.tools.SolutionFoundListener
* naaame: 
* naaame: org.evosuite.ga.stoppingconditions.RMIStoppingCondition
* naaame: org.evosuite.ga.stoppingconditions.MaxFitnessEvaluationsStoppingCondition
Current fitness evaluations: 5895
* naaame: org.evosuite.ShutdownTestWriter
* naaame: org.evosuite.ga.stoppingconditions.ZeroFitnessStoppingCondition
* naaame: org.evosuite.ga.stoppingconditions.GlobalTimeStoppingCondition
* naaame: 
* naaame: org.evosuite.ga.stoppingconditions.RMIStoppingCondition
* naaame: org.evosuite.ga.stoppingconditions.MaxFitnessEvaluationsStoppingCondition
Current fitness evaluations: 5979
* naaame: org.evosuite.ShutdownTestWriter
* naaame: org.evosuite.ga.stoppingconditions.ZeroFitnessStoppingCondition
* naaame: org.evosuite.ga.stoppingconditions.GlobalTimeStoppingCondition
Current fitness function value: class org.evosuite.coverage.line.LineCoverageSuiteFitness ** 0.8461538461538461
Current fitness function value: class org.evosuite.coverage.branch.BranchCoverageSuiteFitness ** 1.0
Current fitness function value: class org.evosuite.coverage.exception.ExceptionCoverageSuiteFitness ** 1.0
Current fitness function value: class org.evosuite.coverage.mutation.WeakMutationSuiteFitness ** 1.0
Current fitness function value: class org.evosuite.coverage.io.output.OutputCoverageSuiteFitness ** 0.6666666666666666
Current fitness function value: class org.evosuite.coverage.method.MethodCoverageSuiteFitness ** 1.0
Current fitness function value: class org.evosuite.coverage.method.MethodNoExceptionCoverageSuiteFitness ** 1.0
Current fitness function value: class org.evosuite.coverage.cbranch.CBranchSuiteFitness ** 1.0
* naaame: 
* naaame: org.evosuite.ga.stoppingconditions.RMIStoppingCondition
* naaame: org.evosuite.ga.stoppingconditions.MaxFitnessEvaluationsStoppingCondition
Current fitness evaluations: 6065
* naaame: org.evosuite.ShutdownTestWriter
* naaame: org.evosuite.ga.stoppingconditions.ZeroFitnessStoppingCondition
* naaame: org.evosuite.ga.stoppingconditions.GlobalTimeStoppingCondition
[MASTER] 08:13:49.313 [logback-1] WARN  TestChromosome - Functional mock problem: org.evosuite.ga.ConstructionFailedException: Failed to add constructor for org.sat4j.tools.Minimal4CardinalityModel due to org.evosuite.ga.ConstructionFailedException: Failed to add constructor for org.sat4j.tools.Minimal4InclusionModel due to org.evosuite.ga.ConstructionFailedException: Found no variables of type class org.sat4j.opt.MaxSatDecorator
[MASTER] 08:13:49.514 [logback-1] WARN  TestChromosome - Functional mock problem: org.evosuite.ga.ConstructionFailedException: Failed to add constructor for org.sat4j.tools.Minimal4CardinalityModel due to org.evosuite.ga.ConstructionFailedException: Failed to add constructor for org.sat4j.tools.SingleSolutionDetector due to org.evosuite.ga.ConstructionFailedException: Failed to add constructor for org.sat4j.tools.SolutionCounter due to org.evosuite.ga.ConstructionFailedException: Failed to add constructor for org.sat4j.tools.LexicoDecorator due to org.evosuite.ga.ConstructionFailedException: Failed to add constructor for org.sat4j.minisat.core.Solver due to org.evosuite.ga.ConstructionFailedException: Max recursion depth reached
[MASTER] 08:13:49.636 [logback-1] WARN  TestChromosome - Functional mock problem: org.evosuite.ga.ConstructionFailedException: Failed to add constructor for org.sat4j.tools.Minimal4InclusionModel due to org.evosuite.ga.ConstructionFailedException: Failed to add constructor for org.sat4j.tools.ModelIterator due to org.evosuite.ga.ConstructionFailedException: Failed to add constructor for org.sat4j.tools.Minimal4CardinalityModel due to org.evosuite.ga.ConstructionFailedException: Failed to add constructor for org.sat4j.tools.ModelIteratorToSATAdapter due to org.evosuite.ga.ConstructionFailedException: Failed to add constructor for org.sat4j.tools.LexicoDecorator due to org.evosuite.ga.ConstructionFailedException: Max recursion depth reached
* naaame: 
* naaame: org.evosuite.ga.stoppingconditions.RMIStoppingCondition
* naaame: org.evosuite.ga.stoppingconditions.MaxFitnessEvaluationsStoppingCondition
Current fitness evaluations: 6150
* naaame: org.evosuite.ShutdownTestWriter
* naaame: org.evosuite.ga.stoppingconditions.ZeroFitnessStoppingCondition
* naaame: org.evosuite.ga.stoppingconditions.GlobalTimeStoppingCondition
[MASTER] 08:13:49.997 [logback-1] WARN  TestChromosome - Functional mock problem: org.evosuite.ga.ConstructionFailedException: Failed to add constructor for org.sat4j.tools.Minimal4InclusionModel due to org.evosuite.ga.ConstructionFailedException: Failed to add constructor for org.sat4j.tools.SingleSolutionDetector due to org.evosuite.ga.ConstructionFailedException: Failed to add constructor for org.sat4j.tools.AbstractMinimalModel due to org.evosuite.ga.ConstructionFailedException: Failed to add constructor for org.sat4j.tools.Minimal4InclusionModel due to org.evosuite.ga.ConstructionFailedException: Failed to add constructor for org.sat4j.tools.Minimal4InclusionModel due to org.evosuite.ga.ConstructionFailedException: Max recursion depth reached
* naaame: 
* naaame: org.evosuite.ga.stoppingconditions.RMIStoppingCondition
* naaame: org.evosuite.ga.stoppingconditions.MaxFitnessEvaluationsStoppingCondition
Current fitness evaluations: 6240
* naaame: org.evosuite.ShutdownTestWriter
* naaame: org.evosuite.ga.stoppingconditions.ZeroFitnessStoppingCondition
* naaame: org.evosuite.ga.stoppingconditions.GlobalTimeStoppingCondition
* naaame: 
* naaame: org.evosuite.ga.stoppingconditions.RMIStoppingCondition
* naaame: org.evosuite.ga.stoppingconditions.MaxFitnessEvaluationsStoppingCondition
Current fitness evaluations: 6331
* naaame: org.evosuite.ShutdownTestWriter
* naaame: org.evosuite.ga.stoppingconditions.ZeroFitnessStoppingCondition
* naaame: org.evosuite.ga.stoppingconditions.GlobalTimeStoppingCondition
* naaame: 
* naaame: org.evosuite.ga.stoppingconditions.RMIStoppingCondition
* naaame: org.evosuite.ga.stoppingconditions.MaxFitnessEvaluationsStoppingCondition
Current fitness evaluations: 6417
* naaame: org.evosuite.ShutdownTestWriter
* naaame: org.evosuite.ga.stoppingconditions.ZeroFitnessStoppingCondition
* naaame: org.evosuite.ga.stoppingconditions.GlobalTimeStoppingCondition
[MASTER] 08:13:52.739 [logback-1] WARN  TestChromosome - Functional mock problem: org.evosuite.ga.ConstructionFailedException: Failed to add constructor for org.sat4j.tools.Minimal4CardinalityModel due to org.evosuite.ga.ConstructionFailedException: Failed to add constructor for org.sat4j.tools.Minimal4InclusionModel due to org.evosuite.ga.ConstructionFailedException: Failed to add constructor for org.sat4j.tools.FullClauseSelectorSolver due to org.evosuite.ga.ConstructionFailedException: Failed to add constructor for org.sat4j.tools.Minimal4CardinalityModel due to org.evosuite.ga.ConstructionFailedException: Found no variables of type interface org.sat4j.tools.SolutionFoundListener
[MASTER] 08:13:52.927 [logback-1] WARN  TestChromosome - Functional mock problem: org.evosuite.ga.ConstructionFailedException: Failed to add constructor for org.sat4j.tools.Minimal4CardinalityModel due to org.evosuite.ga.ConstructionFailedException: Failed to add constructor for org.sat4j.tools.ModelIterator due to org.evosuite.ga.ConstructionFailedException: Failed to add constructor for org.sat4j.minisat.core.Solver due to org.evosuite.ga.ConstructionFailedException: Found no variables of type interface org.sat4j.minisat.core.IOrder
* naaame: 
* naaame: org.evosuite.ga.stoppingconditions.RMIStoppingCondition
* naaame: org.evosuite.ga.stoppingconditions.MaxFitnessEvaluationsStoppingCondition
Current fitness evaluations: 6498
* naaame: org.evosuite.ShutdownTestWriter
* naaame: org.evosuite.ga.stoppingconditions.ZeroFitnessStoppingCondition
* naaame: org.evosuite.ga.stoppingconditions.GlobalTimeStoppingCondition
[MASTER] 08:13:53.154 [logback-1] WARN  TestChromosome - Functional mock problem: org.evosuite.ga.ConstructionFailedException: Failed to add constructor for org.sat4j.tools.Minimal4InclusionModel due to org.evosuite.ga.ConstructionFailedException: Found no variables of type class org.sat4j.opt.MinOneDecorator
* naaame: 
* naaame: org.evosuite.ga.stoppingconditions.RMIStoppingCondition
* naaame: org.evosuite.ga.stoppingconditions.MaxFitnessEvaluationsStoppingCondition
Current fitness evaluations: 6575
* naaame: org.evosuite.ShutdownTestWriter
* naaame: org.evosuite.ga.stoppingconditions.ZeroFitnessStoppingCondition
* naaame: org.evosuite.ga.stoppingconditions.GlobalTimeStoppingCondition
* naaame: 
* naaame: org.evosuite.ga.stoppingconditions.RMIStoppingCondition
* naaame: org.evosuite.ga.stoppingconditions.MaxFitnessEvaluationsStoppingCondition
Current fitness evaluations: 6662
* naaame: org.evosuite.ShutdownTestWriter
* naaame: org.evosuite.ga.stoppingconditions.ZeroFitnessStoppingCondition
* naaame: org.evosuite.ga.stoppingconditions.GlobalTimeStoppingCondition
[MASTER] 08:13:54.063 [logback-1] WARN  TestChromosome - Functional mock problem: org.evosuite.ga.ConstructionFailedException: Failed to add constructor for org.sat4j.tools.AbstractMinimalModel due to org.evosuite.ga.ConstructionFailedException: Failed to add constructor for org.sat4j.tools.OptToSatAdapter due to org.evosuite.ga.ConstructionFailedException: Failed to add constructor for org.sat4j.opt.MaxSatDecorator due to org.evosuite.ga.ConstructionFailedException: Failed to add constructor for org.sat4j.tools.ClausalCardinalitiesDecorator due to org.evosuite.ga.ConstructionFailedException: Failed to add constructor for org.sat4j.minisat.core.Solver due to org.evosuite.ga.ConstructionFailedException: Max recursion depth reached
* naaame: 
* naaame: org.evosuite.ga.stoppingconditions.RMIStoppingCondition
* naaame: org.evosuite.ga.stoppingconditions.MaxFitnessEvaluationsStoppingCondition
Current fitness evaluations: 6745
* naaame: org.evosuite.ShutdownTestWriter
* naaame: org.evosuite.ga.stoppingconditions.ZeroFitnessStoppingCondition
* naaame: org.evosuite.ga.stoppingconditions.GlobalTimeStoppingCondition
Current fitness function value: class org.evosuite.coverage.line.LineCoverageSuiteFitness ** 0.8461538461538461
Current fitness function value: class org.evosuite.coverage.branch.BranchCoverageSuiteFitness ** 1.0
Current fitness function value: class org.evosuite.coverage.exception.ExceptionCoverageSuiteFitness ** 1.0
Current fitness function value: class org.evosuite.coverage.mutation.WeakMutationSuiteFitness ** 1.0
Current fitness function value: class org.evosuite.coverage.io.output.OutputCoverageSuiteFitness ** 0.6666666666666666
Current fitness function value: class org.evosuite.coverage.method.MethodCoverageSuiteFitness ** 1.0
Current fitness function value: class org.evosuite.coverage.method.MethodNoExceptionCoverageSuiteFitness ** 1.0
Current fitness function value: class org.evosuite.coverage.cbranch.CBranchSuiteFitness ** 1.0
[MASTER] 08:13:54.314 [logback-1] WARN  TestChromosome - Functional mock problem: org.evosuite.ga.ConstructionFailedException: Failed to add constructor for org.sat4j.tools.AbstractMinimalModel due to org.evosuite.ga.ConstructionFailedException: Failed to add constructor for org.sat4j.tools.OptToSatAdapter due to org.evosuite.ga.ConstructionFailedException: Failed to add constructor for org.sat4j.opt.MaxSatDecorator due to org.evosuite.ga.ConstructionFailedException: Failed to add constructor for org.sat4j.tools.ModelIteratorToSATAdapter due to org.evosuite.ga.ConstructionFailedException: Failed to add constructor for org.sat4j.tools.CheckMUSSolutionListener due to org.evosuite.ga.ConstructionFailedException: Max recursion depth reached
* naaame: 
* naaame: org.evosuite.ga.stoppingconditions.RMIStoppingCondition
* naaame: org.evosuite.ga.stoppingconditions.MaxFitnessEvaluationsStoppingCondition
Current fitness evaluations: 6835
* naaame: org.evosuite.ShutdownTestWriter
* naaame: org.evosuite.ga.stoppingconditions.ZeroFitnessStoppingCondition
* naaame: org.evosuite.ga.stoppingconditions.GlobalTimeStoppingCondition
[MASTER] 08:13:54.843 [logback-1] WARN  TestChromosome - Functional mock problem: org.evosuite.ga.ConstructionFailedException: Failed to add constructor for org.sat4j.minisat.core.Solver due to org.evosuite.ga.ConstructionFailedException: Failed to add constructor for org.sat4j.minisat.core.Solver due to org.evosuite.ga.ConstructionFailedException: Found no variables of type class org.sat4j.minisat.core.SearchParams
[MASTER] 08:13:55.081 [logback-1] WARN  TestChromosome - Functional mock problem: org.evosuite.ga.ConstructionFailedException: Failed to add constructor for org.sat4j.tools.Minimal4CardinalityModel due to org.evosuite.ga.ConstructionFailedException: Failed to add constructor for org.sat4j.tools.ManyCore due to org.evosuite.ga.ConstructionFailedException: Failed to add constructor for org.sat4j.tools.Minimal4InclusionModel due to org.evosuite.ga.ConstructionFailedException: Failed to add constructor for org.sat4j.opt.MaxSatDecorator due to org.evosuite.ga.ConstructionFailedException: Failed to add constructor for org.sat4j.tools.Minimal4InclusionModel due to org.evosuite.ga.ConstructionFailedException: Failed to add constructor for org.sat4j.tools.AbstractMinimalModel due to org.evosuite.ga.ConstructionFailedException: Failed to add constructor for org.sat4j.tools.SingleSolutionDetector due to org.evosuite.ga.ConstructionFailedException: Max recursion depth reached
* naaame: 
* naaame: org.evosuite.ga.stoppingconditions.RMIStoppingCondition
* naaame: org.evosuite.ga.stoppingconditions.MaxFitnessEvaluationsStoppingCondition
Current fitness evaluations: 6919
* naaame: org.evosuite.ShutdownTestWriter
* naaame: org.evosuite.ga.stoppingconditions.ZeroFitnessStoppingCondition
* naaame: org.evosuite.ga.stoppingconditions.GlobalTimeStoppingCondition
[MASTER] 08:13:55.367 [logback-1] WARN  TestChromosome - Functional mock problem: org.evosuite.ga.ConstructionFailedException: Failed to add constructor for org.sat4j.tools.Minimal4CardinalityModel due to org.evosuite.ga.ConstructionFailedException: Failed to add constructor for org.sat4j.tools.GateTranslator due to org.evosuite.ga.ConstructionFailedException: Failed to add constructor for org.sat4j.opt.MaxSatDecorator due to org.evosuite.ga.ConstructionFailedException: Found no variables of type interface org.sat4j.specs.ISolver
* naaame: 
* naaame: org.evosuite.ga.stoppingconditions.RMIStoppingCondition
* naaame: org.evosuite.ga.stoppingconditions.MaxFitnessEvaluationsStoppingCondition
Current fitness evaluations: 6990
* naaame: org.evosuite.ShutdownTestWriter
* naaame: org.evosuite.ga.stoppingconditions.ZeroFitnessStoppingCondition
* naaame: org.evosuite.ga.stoppingconditions.GlobalTimeStoppingCondition
[MASTER] 08:13:55.591 [logback-1] WARN  TestChromosome - Functional mock problem: org.evosuite.ga.ConstructionFailedException: Failed to add constructor for org.sat4j.tools.AbstractMinimalModel due to org.evosuite.ga.ConstructionFailedException: Failed to add constructor for org.sat4j.core.ReadOnlyVecInt due to org.evosuite.ga.ConstructionFailedException: Found no variables of type class org.sat4j.core.VecInt
[MASTER] 08:13:55.885 [logback-1] WARN  TestChromosome - Functional mock problem: org.evosuite.ga.ConstructionFailedException: Failed to add constructor for org.sat4j.tools.Minimal4CardinalityModel due to org.evosuite.ga.ConstructionFailedException: Failed to add constructor for org.sat4j.tools.ManyCore due to org.evosuite.ga.ConstructionFailedException: Failed to add constructor for org.sat4j.tools.Minimal4InclusionModel due to org.evosuite.ga.ConstructionFailedException: Found no variables of type interface org.sat4j.tools.SolutionFoundListener
* naaame: 
* naaame: org.evosuite.ga.stoppingconditions.RMIStoppingCondition
* naaame: org.evosuite.ga.stoppingconditions.MaxFitnessEvaluationsStoppingCondition
Current fitness evaluations: 7081
* naaame: org.evosuite.ShutdownTestWriter
* naaame: org.evosuite.ga.stoppingconditions.ZeroFitnessStoppingCondition
* naaame: org.evosuite.ga.stoppingconditions.GlobalTimeStoppingCondition
* naaame: 
* naaame: org.evosuite.ga.stoppingconditions.RMIStoppingCondition
* naaame: org.evosuite.ga.stoppingconditions.MaxFitnessEvaluationsStoppingCondition
Current fitness evaluations: 7164
* naaame: org.evosuite.ShutdownTestWriter
* naaame: org.evosuite.ga.stoppingconditions.ZeroFitnessStoppingCondition
* naaame: org.evosuite.ga.stoppingconditions.GlobalTimeStoppingCondition
[MASTER] 08:13:57.344 [logback-1] WARN  TestChromosome - Functional mock problem: org.evosuite.ga.ConstructionFailedException: Failed to add constructor for org.sat4j.tools.AbstractMinimalModel due to org.evosuite.ga.ConstructionFailedException: Failed to add constructor for org.sat4j.minisat.core.Solver due to org.evosuite.ga.ConstructionFailedException: Found no variables of type class org.sat4j.minisat.core.SearchParams
* naaame: 
* naaame: org.evosuite.ga.stoppingconditions.RMIStoppingCondition
* naaame: org.evosuite.ga.stoppingconditions.MaxFitnessEvaluationsStoppingCondition
Current fitness evaluations: 7242
* naaame: org.evosuite.ShutdownTestWriter
* naaame: org.evosuite.ga.stoppingconditions.ZeroFitnessStoppingCondition
* naaame: org.evosuite.ga.stoppingconditions.GlobalTimeStoppingCondition
[MASTER] 08:13:57.594 [logback-1] WARN  TestChromosome - Functional mock problem: org.evosuite.ga.ConstructionFailedException: Failed to add constructor for org.sat4j.tools.Minimal4InclusionModel due to org.evosuite.ga.ConstructionFailedException: Failed to add constructor for org.sat4j.tools.ManyCore due to org.evosuite.ga.ConstructionFailedException: Failed to add constructor for org.sat4j.tools.AbstractMinimalModel due to org.evosuite.ga.ConstructionFailedException: Failed to add constructor for org.sat4j.tools.LexicoDecorator due to org.evosuite.ga.ConstructionFailedException: Failed to add constructor for org.sat4j.minisat.core.Solver due to org.evosuite.ga.ConstructionFailedException: Found no variables of type interface org.sat4j.minisat.core.IOrder
[MASTER] 08:13:57.758 [logback-1] WARN  TestChromosome - Functional mock problem: org.evosuite.ga.ConstructionFailedException: Failed to add constructor for org.sat4j.tools.AbstractMinimalModel due to org.evosuite.ga.ConstructionFailedException: Found no variables of type class org.sat4j.opt.MaxSatDecorator
[MASTER] 08:13:57.762 [logback-1] WARN  TestChromosome - Functional mock problem: org.evosuite.ga.ConstructionFailedException: Failed to add constructor for org.sat4j.tools.Minimal4InclusionModel due to org.evosuite.ga.ConstructionFailedException: Failed to add constructor for org.sat4j.tools.SubModelIterator due to org.evosuite.ga.ConstructionFailedException: Failed to add constructor for org.sat4j.tools.ManyCore due to org.evosuite.ga.ConstructionFailedException: Failed to add constructor for org.sat4j.tools.Minimal4InclusionModel due to org.evosuite.ga.ConstructionFailedException: Failed to add constructor for org.sat4j.tools.Minimal4CardinalityModel due to org.evosuite.ga.ConstructionFailedException: Failed to add constructor for org.sat4j.minisat.core.Solver due to org.evosuite.ga.ConstructionFailedException: Found no variables of type interface org.sat4j.specs.ILogAble
[MASTER] 08:13:57.818 [logback-1] WARN  TestChromosome - Functional mock problem: org.evosuite.ga.ConstructionFailedException: Failed to add constructor for org.sat4j.tools.AbstractMinimalModel due to org.evosuite.ga.ConstructionFailedException: Failed to add constructor for org.sat4j.tools.OptToSatAdapter due to org.evosuite.ga.ConstructionFailedException: Failed to add constructor for org.sat4j.opt.MinOneDecorator due to org.evosuite.ga.ConstructionFailedException: Failed to add constructor for org.sat4j.tools.ClausalCardinalitiesDecorator due to org.evosuite.ga.ConstructionFailedException: Failed to add constructor for org.sat4j.tools.Minimal4CardinalityModel due to org.evosuite.ga.ConstructionFailedException: Max recursion depth reached
* naaame: 
* naaame: org.evosuite.ga.stoppingconditions.RMIStoppingCondition
* naaame: org.evosuite.ga.stoppingconditions.MaxFitnessEvaluationsStoppingCondition
Current fitness evaluations: 7333
* naaame: org.evosuite.ShutdownTestWriter
* naaame: org.evosuite.ga.stoppingconditions.ZeroFitnessStoppingCondition
* naaame: org.evosuite.ga.stoppingconditions.GlobalTimeStoppingCondition
* naaame: 
* naaame: org.evosuite.ga.stoppingconditions.RMIStoppingCondition
* naaame: org.evosuite.ga.stoppingconditions.MaxFitnessEvaluationsStoppingCondition
Current fitness evaluations: 7422
* naaame: org.evosuite.ShutdownTestWriter
* naaame: org.evosuite.ga.stoppingconditions.ZeroFitnessStoppingCondition
* naaame: org.evosuite.ga.stoppingconditions.GlobalTimeStoppingCondition
[MASTER] 08:13:58.560 [logback-1] WARN  TestChromosome - Functional mock problem: org.evosuite.ga.ConstructionFailedException: Failed to add constructor for org.sat4j.tools.Minimal4CardinalityModel due to org.evosuite.ga.ConstructionFailedException: Failed to add constructor for org.sat4j.tools.SubModelIterator due to org.evosuite.ga.ConstructionFailedException: Failed to add constructor for org.sat4j.tools.DimacsOutputSolver due to org.evosuite.ga.ConstructionFailedException: Failed to add constructor for org.evosuite.runtime.mock.java.io.MockPrintWriter due to org.evosuite.ga.ConstructionFailedException: Found no variables of type class java.io.File
* naaame: 
* naaame: org.evosuite.ga.stoppingconditions.RMIStoppingCondition
* naaame: org.evosuite.ga.stoppingconditions.MaxFitnessEvaluationsStoppingCondition
Current fitness evaluations: 7514
* naaame: org.evosuite.ShutdownTestWriter
* naaame: org.evosuite.ga.stoppingconditions.ZeroFitnessStoppingCondition
* naaame: org.evosuite.ga.stoppingconditions.GlobalTimeStoppingCondition
[MASTER] 08:13:58.766 [logback-1] WARN  TestChromosome - Functional mock problem: org.evosuite.ga.ConstructionFailedException: Failed to add constructor for org.sat4j.tools.Minimal4InclusionModel due to org.evosuite.ga.ConstructionFailedException: Failed to add constructor for org.sat4j.tools.Minimal4CardinalityModel due to org.evosuite.ga.ConstructionFailedException: Failed to add constructor for org.sat4j.tools.AbstractMinimalModel due to org.evosuite.ga.ConstructionFailedException: Failed to add constructor for org.sat4j.opt.MaxSatDecorator due to org.evosuite.ga.ConstructionFailedException: Failed to add constructor for org.sat4j.tools.Minimal4CardinalityModel due to org.evosuite.ga.ConstructionFailedException: Max recursion depth reached
[MASTER] 08:13:58.891 [logback-1] WARN  TestChromosome - Functional mock problem: org.evosuite.ga.ConstructionFailedException: Failed to add constructor for org.sat4j.tools.Minimal4InclusionModel due to org.evosuite.ga.ConstructionFailedException: Failed to add constructor for org.sat4j.tools.Minimal4CardinalityModel due to org.evosuite.ga.ConstructionFailedException: Found no variables of type interface org.sat4j.tools.SolutionFoundListener
* naaame: 
* naaame: org.evosuite.ga.stoppingconditions.RMIStoppingCondition
* naaame: org.evosuite.ga.stoppingconditions.MaxFitnessEvaluationsStoppingCondition
Current fitness evaluations: 7597
* naaame: org.evosuite.ShutdownTestWriter
* naaame: org.evosuite.ga.stoppingconditions.ZeroFitnessStoppingCondition
* naaame: org.evosuite.ga.stoppingconditions.GlobalTimeStoppingCondition
[MASTER] 08:13:59.047 [logback-1] WARN  TestChromosome - Functional mock problem: org.evosuite.ga.ConstructionFailedException: Failed to add constructor for org.sat4j.tools.Minimal4InclusionModel due to org.evosuite.ga.ConstructionFailedException: Failed to add constructor for org.sat4j.tools.ModelIterator due to org.evosuite.ga.ConstructionFailedException: Failed to add constructor for org.sat4j.tools.AbstractMinimalModel due to org.evosuite.ga.ConstructionFailedException: Failed to add constructor for org.sat4j.tools.AbstractMinimalModel due to org.evosuite.ga.ConstructionFailedException: Failed to add constructor for org.sat4j.tools.GroupClauseSelectorSolver due to org.evosuite.ga.ConstructionFailedException: Max recursion depth reached
[MASTER] 08:13:59.153 [logback-1] WARN  TestChromosome - Functional mock problem: org.evosuite.ga.ConstructionFailedException: Failed to add constructor for org.sat4j.tools.Minimal4CardinalityModel due to org.evosuite.ga.ConstructionFailedException: Failed to add constructor for org.sat4j.tools.AbstractMinimalModel due to org.evosuite.ga.ConstructionFailedException: Failed to add constructor for org.sat4j.tools.AbstractMinimalModel due to org.evosuite.ga.ConstructionFailedException: Failed to add constructor for org.sat4j.tools.ModelIterator due to org.evosuite.ga.ConstructionFailedException: Failed to add constructor for org.sat4j.tools.Minimal4CardinalityModel due to org.evosuite.ga.ConstructionFailedException: Max recursion depth reached
* naaame: 
* naaame: org.evosuite.ga.stoppingconditions.RMIStoppingCondition
* naaame: org.evosuite.ga.stoppingconditions.MaxFitnessEvaluationsStoppingCondition
Current fitness evaluations: 7676
* naaame: org.evosuite.ShutdownTestWriter
* naaame: org.evosuite.ga.stoppingconditions.ZeroFitnessStoppingCondition
* naaame: org.evosuite.ga.stoppingconditions.GlobalTimeStoppingCondition
Current fitness function value: class org.evosuite.coverage.line.LineCoverageSuiteFitness ** 0.8461538461538461
Current fitness function value: class org.evosuite.coverage.branch.BranchCoverageSuiteFitness ** 1.0
Current fitness function value: class org.evosuite.coverage.exception.ExceptionCoverageSuiteFitness ** 1.0
Current fitness function value: class org.evosuite.coverage.mutation.WeakMutationSuiteFitness ** 1.0
Current fitness function value: class org.evosuite.coverage.io.output.OutputCoverageSuiteFitness ** 0.6666666666666666
Current fitness function value: class org.evosuite.coverage.method.MethodCoverageSuiteFitness ** 1.0
Current fitness function value: class org.evosuite.coverage.method.MethodNoExceptionCoverageSuiteFitness ** 1.0
Current fitness function value: class org.evosuite.coverage.cbranch.CBranchSuiteFitness ** 1.0
[MASTER] 08:13:59.356 [logback-1] WARN  TestChromosome - Functional mock problem: org.evosuite.ga.ConstructionFailedException: Failed to add constructor for org.sat4j.tools.AbstractMinimalModel due to org.evosuite.ga.ConstructionFailedException: Failed to add constructor for org.sat4j.tools.AbstractMinimalModel due to org.evosuite.ga.ConstructionFailedException: Failed to add constructor for org.sat4j.tools.FullClauseSelectorSolver due to org.evosuite.ga.ConstructionFailedException: Failed to add constructor for org.sat4j.tools.Minimal4CardinalityModel due to org.evosuite.ga.ConstructionFailedException: Failed to add constructor for org.sat4j.tools.SubModelIterator due to org.evosuite.ga.ConstructionFailedException: Max recursion depth reached
[MASTER] 08:13:59.558 [logback-1] WARN  TestChromosome - Functional mock problem: org.evosuite.ga.ConstructionFailedException: Failed to add constructor for org.sat4j.tools.Minimal4InclusionModel due to org.evosuite.ga.ConstructionFailedException: Failed to add constructor for org.sat4j.tools.NegationDecorator due to org.evosuite.ga.ConstructionFailedException: Failed to add constructor for org.sat4j.tools.Minimal4CardinalityModel due to org.evosuite.ga.ConstructionFailedException: Failed to add constructor for org.sat4j.tools.DimacsOutputSolver due to org.evosuite.ga.ConstructionFailedException: Found no variables of type class java.io.PrintWriter
* naaame: 
* naaame: org.evosuite.ga.stoppingconditions.RMIStoppingCondition
* naaame: org.evosuite.ga.stoppingconditions.MaxFitnessEvaluationsStoppingCondition
Current fitness evaluations: 7754
* naaame: org.evosuite.ShutdownTestWriter
* naaame: org.evosuite.ga.stoppingconditions.ZeroFitnessStoppingCondition
* naaame: org.evosuite.ga.stoppingconditions.GlobalTimeStoppingCondition
[MASTER] 08:13:59.699 [logback-1] WARN  TestChromosome - Functional mock problem: org.evosuite.ga.ConstructionFailedException: Failed to add constructor for org.sat4j.tools.Minimal4CardinalityModel due to org.evosuite.ga.ConstructionFailedException: Failed to add constructor for org.sat4j.tools.ManyCore due to org.evosuite.ga.ConstructionFailedException: Failed to add constructor for org.sat4j.tools.Minimal4CardinalityModel due to org.evosuite.ga.ConstructionFailedException: Failed to add constructor for org.sat4j.tools.ClausalCardinalitiesDecorator due to org.evosuite.ga.ConstructionFailedException: Failed to add constructor for org.sat4j.tools.Minimal4InclusionModel due to org.evosuite.ga.ConstructionFailedException: Failed to add constructor for org.sat4j.tools.AbstractMinimalModel due to org.evosuite.ga.ConstructionFailedException: Found no variables of type interface org.sat4j.tools.SolutionFoundListener
[MASTER] 08:13:59.735 [logback-1] WARN  TestChromosome - Functional mock problem: org.evosuite.ga.ConstructionFailedException: Failed to add constructor for org.sat4j.tools.AbstractMinimalModel due to org.evosuite.ga.ConstructionFailedException: Failed to add constructor for org.sat4j.tools.ModelIteratorToSATAdapter due to org.evosuite.ga.ConstructionFailedException: Failed to add constructor for org.sat4j.tools.Minimal4InclusionModel due to org.evosuite.ga.ConstructionFailedException: Found no variables of type interface org.sat4j.tools.SolutionFoundListener
* naaame: 
* naaame: org.evosuite.ga.stoppingconditions.RMIStoppingCondition
* naaame: org.evosuite.ga.stoppingconditions.MaxFitnessEvaluationsStoppingCondition
Current fitness evaluations: 7835
* naaame: org.evosuite.ShutdownTestWriter
* naaame: org.evosuite.ga.stoppingconditions.ZeroFitnessStoppingCondition
* naaame: org.evosuite.ga.stoppingconditions.GlobalTimeStoppingCondition
* naaame: 
* naaame: org.evosuite.ga.stoppingconditions.RMIStoppingCondition
* naaame: org.evosuite.ga.stoppingconditions.MaxFitnessEvaluationsStoppingCondition
Current fitness evaluations: 7923
* naaame: org.evosuite.ShutdownTestWriter
* naaame: org.evosuite.ga.stoppingconditions.ZeroFitnessStoppingCondition
* naaame: org.evosuite.ga.stoppingconditions.GlobalTimeStoppingCondition
[MASTER] 08:14:01.345 [logback-1] WARN  TestChromosome - Functional mock problem: org.evosuite.ga.ConstructionFailedException: Failed to add constructor for org.sat4j.tools.Minimal4InclusionModel due to org.evosuite.ga.ConstructionFailedException: Have no generator for org.sat4j.core.ASolverFactory<org.sat4j.tools.AbstractMinimalModel> canUseFunctionalMocks=false, canBeMocked: true
[MASTER] 08:14:01.495 [logback-1] WARN  TestChromosome - Functional mock problem: org.evosuite.ga.ConstructionFailedException: Failed to add constructor for org.sat4j.tools.AbstractMinimalModel due to org.evosuite.ga.ConstructionFailedException: Failed to add constructor for org.sat4j.tools.OptToSatAdapter due to org.evosuite.ga.ConstructionFailedException: Found no variables of type interface org.sat4j.tools.SolutionFoundListener
* naaame: 
* naaame: org.evosuite.ga.stoppingconditions.RMIStoppingCondition
* naaame: org.evosuite.ga.stoppingconditions.MaxFitnessEvaluationsStoppingCondition
Current fitness evaluations: 8016
* naaame: org.evosuite.ShutdownTestWriter
* naaame: org.evosuite.ga.stoppingconditions.ZeroFitnessStoppingCondition
* naaame: org.evosuite.ga.stoppingconditions.GlobalTimeStoppingCondition
[MASTER] 08:14:02.051 [logback-1] WARN  TestChromosome - Functional mock problem: org.evosuite.ga.ConstructionFailedException: Failed to add constructor for org.sat4j.tools.AbstractMinimalModel due to org.evosuite.ga.ConstructionFailedException: Failed to add constructor for org.sat4j.tools.Minimal4CardinalityModel due to org.evosuite.ga.ConstructionFailedException: Found no variables of type class org.sat4j.opt.MaxSatDecorator
* naaame: 
* naaame: org.evosuite.ga.stoppingconditions.RMIStoppingCondition
* naaame: org.evosuite.ga.stoppingconditions.MaxFitnessEvaluationsStoppingCondition
Current fitness evaluations: 8106
* naaame: org.evosuite.ShutdownTestWriter
* naaame: org.evosuite.ga.stoppingconditions.ZeroFitnessStoppingCondition
* naaame: org.evosuite.ga.stoppingconditions.GlobalTimeStoppingCondition
* naaame: 
* naaame: org.evosuite.ga.stoppingconditions.RMIStoppingCondition
* naaame: org.evosuite.ga.stoppingconditions.MaxFitnessEvaluationsStoppingCondition
Current fitness evaluations: 8192
* naaame: org.evosuite.ShutdownTestWriter
* naaame: org.evosuite.ga.stoppingconditions.ZeroFitnessStoppingCondition
* naaame: org.evosuite.ga.stoppingconditions.GlobalTimeStoppingCondition
* naaame: 
* naaame: org.evosuite.ga.stoppingconditions.RMIStoppingCondition
* naaame: org.evosuite.ga.stoppingconditions.MaxFitnessEvaluationsStoppingCondition
Current fitness evaluations: 8272
* naaame: org.evosuite.ShutdownTestWriter
* naaame: org.evosuite.ga.stoppingconditions.ZeroFitnessStoppingCondition
* naaame: org.evosuite.ga.stoppingconditions.GlobalTimeStoppingCondition
Current fitness function value: class org.evosuite.coverage.line.LineCoverageSuiteFitness ** 0.8461538461538461
Current fitness function value: class org.evosuite.coverage.branch.BranchCoverageSuiteFitness ** 1.0
Current fitness function value: class org.evosuite.coverage.exception.ExceptionCoverageSuiteFitness ** 1.0
Current fitness function value: class org.evosuite.coverage.mutation.WeakMutationSuiteFitness ** 1.0
Current fitness function value: class org.evosuite.coverage.io.output.OutputCoverageSuiteFitness ** 0.6666666666666666
Current fitness function value: class org.evosuite.coverage.method.MethodCoverageSuiteFitness ** 1.0
Current fitness function value: class org.evosuite.coverage.method.MethodNoExceptionCoverageSuiteFitness ** 1.0
Current fitness function value: class org.evosuite.coverage.cbranch.CBranchSuiteFitness ** 1.0
[MASTER] 08:14:05.447 [logback-1] WARN  TestChromosome - Functional mock problem: org.evosuite.ga.ConstructionFailedException: Failed to add constructor for org.sat4j.tools.Minimal4InclusionModel due to org.evosuite.ga.ConstructionFailedException: Failed to add constructor for org.sat4j.minisat.core.Solver due to org.evosuite.ga.ConstructionFailedException: Found no variables of type interface org.sat4j.minisat.core.IOrder
* naaame: 
* naaame: org.evosuite.ga.stoppingconditions.RMIStoppingCondition
* naaame: org.evosuite.ga.stoppingconditions.MaxFitnessEvaluationsStoppingCondition
Current fitness evaluations: 8354
* naaame: org.evosuite.ShutdownTestWriter
* naaame: org.evosuite.ga.stoppingconditions.ZeroFitnessStoppingCondition
* naaame: org.evosuite.ga.stoppingconditions.GlobalTimeStoppingCondition
* naaame: 
* naaame: org.evosuite.ga.stoppingconditions.RMIStoppingCondition
* naaame: org.evosuite.ga.stoppingconditions.MaxFitnessEvaluationsStoppingCondition
Current fitness evaluations: 8427
* naaame: org.evosuite.ShutdownTestWriter
* naaame: org.evosuite.ga.stoppingconditions.ZeroFitnessStoppingCondition
* naaame: org.evosuite.ga.stoppingconditions.GlobalTimeStoppingCondition
[MASTER] 08:14:06.586 [logback-1] WARN  TestChromosome - Functional mock problem: org.evosuite.ga.ConstructionFailedException: Failed to add constructor for org.sat4j.minisat.orders.LevelBasedVarOrderHeap due to org.evosuite.ga.ConstructionFailedException: Found no variables of type interface org.sat4j.minisat.core.IPhaseSelectionStrategy
* naaame: 
* naaame: org.evosuite.ga.stoppingconditions.RMIStoppingCondition
* naaame: org.evosuite.ga.stoppingconditions.MaxFitnessEvaluationsStoppingCondition
Current fitness evaluations: 8512
* naaame: org.evosuite.ShutdownTestWriter
* naaame: org.evosuite.ga.stoppingconditions.ZeroFitnessStoppingCondition
* naaame: org.evosuite.ga.stoppingconditions.GlobalTimeStoppingCondition
* naaame: 
* naaame: org.evosuite.ga.stoppingconditions.RMIStoppingCondition
* naaame: org.evosuite.ga.stoppingconditions.MaxFitnessEvaluationsStoppingCondition
Current fitness evaluations: 8604
* naaame: org.evosuite.ShutdownTestWriter
* naaame: org.evosuite.ga.stoppingconditions.ZeroFitnessStoppingCondition
* naaame: org.evosuite.ga.stoppingconditions.GlobalTimeStoppingCondition
[MASTER] 08:14:07.182 [logback-1] WARN  TestChromosome - Functional mock problem: org.evosuite.ga.ConstructionFailedException: Failed to add constructor for org.sat4j.tools.Minimal4CardinalityModel due to org.evosuite.ga.ConstructionFailedException: Failed to add constructor for org.sat4j.tools.Minimal4InclusionModel due to org.evosuite.ga.ConstructionFailedException: Found no variables of type interface org.sat4j.tools.SolutionFoundListener
* naaame: 
* naaame: org.evosuite.ga.stoppingconditions.RMIStoppingCondition
* naaame: org.evosuite.ga.stoppingconditions.MaxFitnessEvaluationsStoppingCondition
Current fitness evaluations: 8688
* naaame: org.evosuite.ShutdownTestWriter
* naaame: org.evosuite.ga.stoppingconditions.ZeroFitnessStoppingCondition
* naaame: org.evosuite.ga.stoppingconditions.GlobalTimeStoppingCondition
[MASTER] 08:14:07.571 [logback-1] WARN  TestChromosome - Functional mock problem: org.evosuite.ga.ConstructionFailedException: Failed to add constructor for org.sat4j.tools.Minimal4CardinalityModel due to org.evosuite.ga.ConstructionFailedException: Failed to add constructor for org.sat4j.minisat.core.Solver due to org.evosuite.ga.ConstructionFailedException: Found no variables of type class org.sat4j.minisat.core.SearchParams
[MASTER] 08:14:07.621 [logback-1] WARN  TestChromosome - Functional mock problem: org.evosuite.ga.ConstructionFailedException: Failed to add constructor for org.sat4j.tools.AbstractMinimalModel due to org.evosuite.ga.ConstructionFailedException: Failed to add constructor for org.sat4j.tools.AbstractMinimalModel due to org.evosuite.ga.ConstructionFailedException: Failed to add constructor for org.sat4j.tools.ClausalCardinalitiesDecorator due to org.evosuite.ga.ConstructionFailedException: Failed to add constructor for org.sat4j.tools.Minimal4InclusionModel due to org.evosuite.ga.ConstructionFailedException: Failed to add constructor for org.sat4j.minisat.core.Solver due to org.evosuite.ga.ConstructionFailedException: Max recursion depth reached
* naaame: 
* naaame: org.evosuite.ga.stoppingconditions.RMIStoppingCondition
* naaame: org.evosuite.ga.stoppingconditions.MaxFitnessEvaluationsStoppingCondition
Current fitness evaluations: 8776
* naaame: org.evosuite.ShutdownTestWriter
* naaame: org.evosuite.ga.stoppingconditions.ZeroFitnessStoppingCondition
* naaame: org.evosuite.ga.stoppingconditions.GlobalTimeStoppingCondition
Current fitness function value: class org.evosuite.coverage.line.LineCoverageSuiteFitness ** 0.8461538461538461
Current fitness function value: class org.evosuite.coverage.branch.BranchCoverageSuiteFitness ** 1.0
Current fitness function value: class org.evosuite.coverage.exception.ExceptionCoverageSuiteFitness ** 1.0
Current fitness function value: class org.evosuite.coverage.mutation.WeakMutationSuiteFitness ** 1.0
Current fitness function value: class org.evosuite.coverage.io.output.OutputCoverageSuiteFitness ** 0.6666666666666666
Current fitness function value: class org.evosuite.coverage.method.MethodCoverageSuiteFitness ** 1.0
Current fitness function value: class org.evosuite.coverage.method.MethodNoExceptionCoverageSuiteFitness ** 1.0
Current fitness function value: class org.evosuite.coverage.cbranch.CBranchSuiteFitness ** 1.0
* Search finished after 121s and 101 generations, 73377 statements, best individual has fitness: 4.0
Current fitness function value: class org.evosuite.coverage.line.LineCoverageSuiteFitness ** 0.8461538461538461
Current fitness function value: class org.evosuite.coverage.branch.BranchCoverageSuiteFitness ** 1.0
Current fitness function value: class org.evosuite.coverage.exception.ExceptionCoverageSuiteFitness ** 1.0
Current fitness function value: class org.evosuite.coverage.mutation.WeakMutationSuiteFitness ** 1.0
Current fitness function value: class org.evosuite.coverage.io.output.OutputCoverageSuiteFitness ** 0.6666666666666666
Current fitness function value: class org.evosuite.coverage.method.MethodCoverageSuiteFitness ** 1.0
Current fitness function value: class org.evosuite.coverage.method.MethodNoExceptionCoverageSuiteFitness ** 1.0
Current fitness function value: class org.evosuite.coverage.cbranch.CBranchSuiteFitness ** 1.0
* Minimizing test suite
* Going to analyze the coverage criteria
* Coverage analysis for criterion LINE
* Coverage of criterion LINE: 85%
* Total number of goals: 13
* Number of covered goals: 11
* Coverage analysis for criterion BRANCH
* Coverage of criterion BRANCH: 100%
* Total number of goals: 6
* Number of covered goals: 6
* Coverage analysis for criterion EXCEPTION
* Coverage of criterion EXCEPTION: 100%
* Total number of goals: 5
* Number of covered goals: 5
* Coverage analysis for criterion WEAKMUTATION
* Coverage of criterion WEAKMUTATION: 100%
* Total number of goals: 31
* Number of covered goals: 31
* Coverage analysis for criterion OUTPUT
* Coverage of criterion OUTPUT: 67%
* Total number of goals: 6
* Number of covered goals: 4
* Coverage analysis for criterion METHOD
* Coverage of criterion METHOD: 100%
* Total number of goals: 1
* Number of covered goals: 1
* Coverage analysis for criterion METHODNOEXCEPTION
* Coverage of criterion METHODNOEXCEPTION: 100%
* Total number of goals: 1
* Number of covered goals: 1
* Coverage analysis for criterion CBRANCH
* Coverage of criterion CBRANCH: 100%
* Total number of goals: 6
* Number of covered goals: 6
Current fitness function value: class org.evosuite.coverage.line.LineCoverageSuiteFitness ** 0.8461538461538461
Current fitness function value: class org.evosuite.coverage.branch.BranchCoverageSuiteFitness ** 1.0
Current fitness function value: class org.evosuite.coverage.exception.ExceptionCoverageSuiteFitness ** 1.0
Current fitness function value: class org.evosuite.coverage.mutation.WeakMutationSuiteFitness ** 1.0
Current fitness function value: class org.evosuite.coverage.io.output.OutputCoverageSuiteFitness ** 0.6666666666666666
Current fitness function value: class org.evosuite.coverage.method.MethodCoverageSuiteFitness ** 1.0
Current fitness function value: class org.evosuite.coverage.method.MethodNoExceptionCoverageSuiteFitness ** 1.0
Current fitness function value: class org.evosuite.coverage.cbranch.CBranchSuiteFitness ** 1.0
* Generated 7 tests with total length 31
* Resulting test suite's coverage: 94% (average coverage for all fitness functions)
* Generating assertions
* Resulting test suite's mutation score: 74%
Current fitness function value: class org.evosuite.coverage.line.LineCoverageSuiteFitness ** 0.8461538461538461
Current fitness function value: class org.evosuite.coverage.branch.BranchCoverageSuiteFitness ** 1.0
Current fitness function value: class org.evosuite.coverage.exception.ExceptionCoverageSuiteFitness ** 1.0
Current fitness function value: class org.evosuite.coverage.mutation.WeakMutationSuiteFitness ** 1.0
Current fitness function value: class org.evosuite.coverage.io.output.OutputCoverageSuiteFitness ** 0.6666666666666666
Current fitness function value: class org.evosuite.coverage.method.MethodCoverageSuiteFitness ** 1.0
Current fitness function value: class org.evosuite.coverage.method.MethodNoExceptionCoverageSuiteFitness ** 1.0
Current fitness function value: class org.evosuite.coverage.cbranch.CBranchSuiteFitness ** 1.0
* Compiling and checking tests
* Permissions denied during test execution: 
  - java.lang.RuntimePermission: 
         writeFileDescriptor: 64
* Writing tests to file
* Writing JUnit test case 'RemiUtils_ESTest' to evosuite-tests
* Done!

* Computation finished
