* EvoSuite 1.0.7-SNAPSHOT
* Going to generate test cases for class: org.sat4j.tools.ManyCore
* Starting Client-0
* Connecting to master process on port 5237
* Analyzing classpath: 
  - bins/sat4j/org.ow2.sat4j.core-2.3.6-SNAPSHOT.jar
  - bins/sat4j/org.ow2.sat4j.core-2.3.6-SNAPSHOT-tests.jar
* Finished analyzing classpath
* Generating tests for class org.sat4j.tools.ManyCore
* Test criteria:
  - Line Coverage
  - Branch Coverage
  - Exception
  - Mutation testing (weak)
  - Method-Output Coverage
  - Top-Level Method Coverage
  - No-Exception Top-Level Method Coverage
  - Context Branch Coverage
* Total number of test goals for DYNAMOSA: 1689
* Using seed 1550372887172
* Starting evolution
* Initialsss Number of Goals in DynMOSA = 508 / 1689
Current fitness function value: class org.evosuite.coverage.line.LineCoverageSuiteFitness ** 0.3293172690763052
Current fitness function value: class org.evosuite.coverage.branch.BranchCoverageSuiteFitness ** 0.2714285714285714
Current fitness function value: class org.evosuite.coverage.exception.ExceptionCoverageSuiteFitness ** 1.0
Current fitness function value: class org.evosuite.coverage.mutation.WeakMutationSuiteFitness ** 0.145993413830955
Current fitness function value: class org.evosuite.coverage.io.output.OutputCoverageSuiteFitness ** 0.009009009009009009
Current fitness function value: class org.evosuite.coverage.method.MethodCoverageSuiteFitness ** 0.37681159420289856
Current fitness function value: class org.evosuite.coverage.method.MethodNoExceptionCoverageSuiteFitness ** 0.2463768115942029
Current fitness function value: class org.evosuite.coverage.cbranch.CBranchSuiteFitness ** 0.2571428571428571
* naaame: 
* naaame: org.evosuite.ShutdownTestWriter
* naaame: org.evosuite.ga.stoppingconditions.GlobalTimeStoppingCondition
* naaame: org.evosuite.ga.stoppingconditions.MaxFitnessEvaluationsStoppingCondition
Current fitness evaluations: 200
* naaame: org.evosuite.ga.stoppingconditions.RMIStoppingCondition
* naaame: org.evosuite.ga.stoppingconditions.ZeroFitnessStoppingCondition
[MASTER] 04:09:17.645 [logback-1] WARN  TestChromosome - Functional mock problem: org.evosuite.ga.ConstructionFailedException: Failed to add constructor for org.sat4j.tools.ClausalCardinalitiesDecorator due to org.evosuite.ga.ConstructionFailedException: Have no generator for class org.sat4j.tools.encoding.Policy canUseFunctionalMocks=false, canBeMocked: true
[MASTER] 04:09:23.043 [logback-1] WARN  TestChromosome - Functional mock problem: org.evosuite.ga.ConstructionFailedException: Failed to add constructor for org.sat4j.tools.Minimal4CardinalityModel due to org.evosuite.ga.ConstructionFailedException: Found no variables of type interface org.sat4j.specs.ISolver
[MASTER] 04:09:23.256 [logback-1] WARN  TestChromosome - Functional mock problem: org.evosuite.ga.ConstructionFailedException: Failed to add constructor for org.sat4j.tools.ModelIteratorToSATAdapter due to org.evosuite.ga.ConstructionFailedException: Found no variables of type interface org.sat4j.specs.ISolver
[MASTER] 04:09:24.030 [logback-1] WARN  TestChromosome - Functional mock problem: org.evosuite.ga.ConstructionFailedException: Failed to add constructor for org.sat4j.tools.SubModelIterator due to org.evosuite.ga.ConstructionFailedException: Failed to add constructor for org.sat4j.tools.ClausalCardinalitiesDecorator due to org.evosuite.ga.ConstructionFailedException: Have no generator for org.sat4j.tools.ManyCore<org.sat4j.tools.Minimal4CardinalityModel> canUseFunctionalMocks=true, canBeMocked: false
* naaame: 
* naaame: org.evosuite.ShutdownTestWriter
* naaame: org.evosuite.ga.stoppingconditions.GlobalTimeStoppingCondition
* naaame: org.evosuite.ga.stoppingconditions.MaxFitnessEvaluationsStoppingCondition
Current fitness evaluations: 274
* naaame: org.evosuite.ga.stoppingconditions.RMIStoppingCondition
* naaame: org.evosuite.ga.stoppingconditions.ZeroFitnessStoppingCondition
Current fitness function value: class org.evosuite.coverage.line.LineCoverageSuiteFitness ** 0.41365461847389556
Current fitness function value: class org.evosuite.coverage.branch.BranchCoverageSuiteFitness ** 0.34285714285714286
Current fitness function value: class org.evosuite.coverage.exception.ExceptionCoverageSuiteFitness ** 1.0
Current fitness function value: class org.evosuite.coverage.mutation.WeakMutationSuiteFitness ** 0.20417124039517015
Current fitness function value: class org.evosuite.coverage.io.output.OutputCoverageSuiteFitness ** 0.02702702702702703
Current fitness function value: class org.evosuite.coverage.method.MethodCoverageSuiteFitness ** 0.463768115942029
Current fitness function value: class org.evosuite.coverage.method.MethodNoExceptionCoverageSuiteFitness ** 0.30434782608695654
Current fitness function value: class org.evosuite.coverage.cbranch.CBranchSuiteFitness ** 0.32142857142857145
* naaame: 
* naaame: org.evosuite.ShutdownTestWriter
* naaame: org.evosuite.ga.stoppingconditions.GlobalTimeStoppingCondition
* naaame: org.evosuite.ga.stoppingconditions.MaxFitnessEvaluationsStoppingCondition
Current fitness evaluations: 355
* naaame: org.evosuite.ga.stoppingconditions.RMIStoppingCondition
* naaame: org.evosuite.ga.stoppingconditions.ZeroFitnessStoppingCondition
Current fitness function value: class org.evosuite.coverage.line.LineCoverageSuiteFitness ** 0.43373493975903615
Current fitness function value: class org.evosuite.coverage.branch.BranchCoverageSuiteFitness ** 0.36428571428571427
Current fitness function value: class org.evosuite.coverage.exception.ExceptionCoverageSuiteFitness ** 1.0
Current fitness function value: class org.evosuite.coverage.mutation.WeakMutationSuiteFitness ** 0.2074643249176729
Current fitness function value: class org.evosuite.coverage.io.output.OutputCoverageSuiteFitness ** 0.036036036036036036
Current fitness function value: class org.evosuite.coverage.method.MethodCoverageSuiteFitness ** 0.4927536231884058
Current fitness function value: class org.evosuite.coverage.method.MethodNoExceptionCoverageSuiteFitness ** 0.3188405797101449
Current fitness function value: class org.evosuite.coverage.cbranch.CBranchSuiteFitness ** 0.34285714285714286
[MASTER] 04:09:34.999 [logback-1] WARN  TestChromosome - Functional mock problem: org.evosuite.ga.ConstructionFailedException: Failed to add constructor for org.sat4j.tools.ClausalCardinalitiesDecorator due to org.evosuite.ga.ConstructionFailedException: Failed to add constructor for org.sat4j.tools.DimacsOutputSolver due to org.evosuite.ga.ConstructionFailedException: Failed to add constructor for org.evosuite.runtime.mock.java.io.MockPrintWriter due to org.evosuite.ga.ConstructionFailedException: Found no variables of type class java.io.File
* naaame: 
* naaame: org.evosuite.ShutdownTestWriter
* naaame: org.evosuite.ga.stoppingconditions.GlobalTimeStoppingCondition
* naaame: org.evosuite.ga.stoppingconditions.MaxFitnessEvaluationsStoppingCondition
Current fitness evaluations: 429
* naaame: org.evosuite.ga.stoppingconditions.RMIStoppingCondition
* naaame: org.evosuite.ga.stoppingconditions.ZeroFitnessStoppingCondition
* naaame: 
* naaame: org.evosuite.ShutdownTestWriter
* naaame: org.evosuite.ga.stoppingconditions.GlobalTimeStoppingCondition
* naaame: org.evosuite.ga.stoppingconditions.MaxFitnessEvaluationsStoppingCondition
Current fitness evaluations: 504
* naaame: org.evosuite.ga.stoppingconditions.RMIStoppingCondition
* naaame: org.evosuite.ga.stoppingconditions.ZeroFitnessStoppingCondition
Current fitness function value: class org.evosuite.coverage.line.LineCoverageSuiteFitness ** 0.5502008032128514
Current fitness function value: class org.evosuite.coverage.branch.BranchCoverageSuiteFitness ** 0.4785714285714286
Current fitness function value: class org.evosuite.coverage.exception.ExceptionCoverageSuiteFitness ** 1.0
Current fitness function value: class org.evosuite.coverage.mutation.WeakMutationSuiteFitness ** 0.2996706915477497
Current fitness function value: class org.evosuite.coverage.io.output.OutputCoverageSuiteFitness ** 0.06306306306306306
Current fitness function value: class org.evosuite.coverage.method.MethodCoverageSuiteFitness ** 0.6086956521739131
Current fitness function value: class org.evosuite.coverage.method.MethodNoExceptionCoverageSuiteFitness ** 0.37681159420289856
Current fitness function value: class org.evosuite.coverage.cbranch.CBranchSuiteFitness ** 0.42142857142857143
[MASTER] 04:09:48.013 [logback-1] WARN  TestChromosome - Functional mock problem: org.evosuite.ga.ConstructionFailedException: Failed to add constructor for org.sat4j.minisat.constraints.card.MaxWatchCard due to org.evosuite.ga.ConstructionFailedException: Found no variables of type interface org.sat4j.specs.IVecInt
* naaame: 
* naaame: org.evosuite.ShutdownTestWriter
* naaame: org.evosuite.ga.stoppingconditions.GlobalTimeStoppingCondition
* naaame: org.evosuite.ga.stoppingconditions.MaxFitnessEvaluationsStoppingCondition
Current fitness evaluations: 584
* naaame: org.evosuite.ga.stoppingconditions.RMIStoppingCondition
* naaame: org.evosuite.ga.stoppingconditions.ZeroFitnessStoppingCondition
Current fitness function value: class org.evosuite.coverage.line.LineCoverageSuiteFitness ** 0.5823293172690763
Current fitness function value: class org.evosuite.coverage.branch.BranchCoverageSuiteFitness ** 0.5071428571428571
Current fitness function value: class org.evosuite.coverage.exception.ExceptionCoverageSuiteFitness ** 1.0
Current fitness function value: class org.evosuite.coverage.mutation.WeakMutationSuiteFitness ** 0.3194291986827662
Current fitness function value: class org.evosuite.coverage.io.output.OutputCoverageSuiteFitness ** 0.07207207207207207
Current fitness function value: class org.evosuite.coverage.method.MethodCoverageSuiteFitness ** 0.6521739130434783
Current fitness function value: class org.evosuite.coverage.method.MethodNoExceptionCoverageSuiteFitness ** 0.4057971014492754
Current fitness function value: class org.evosuite.coverage.cbranch.CBranchSuiteFitness ** 0.45
* naaame: 
* naaame: org.evosuite.ShutdownTestWriter
* naaame: org.evosuite.ga.stoppingconditions.GlobalTimeStoppingCondition
* naaame: org.evosuite.ga.stoppingconditions.MaxFitnessEvaluationsStoppingCondition
Current fitness evaluations: 672
* naaame: org.evosuite.ga.stoppingconditions.RMIStoppingCondition
* naaame: org.evosuite.ga.stoppingconditions.ZeroFitnessStoppingCondition
* naaame: 
* naaame: org.evosuite.ShutdownTestWriter
* naaame: org.evosuite.ga.stoppingconditions.GlobalTimeStoppingCondition
* naaame: org.evosuite.ga.stoppingconditions.MaxFitnessEvaluationsStoppingCondition
Current fitness evaluations: 752
* naaame: org.evosuite.ga.stoppingconditions.RMIStoppingCondition
* naaame: org.evosuite.ga.stoppingconditions.ZeroFitnessStoppingCondition
Current fitness function value: class org.evosuite.coverage.line.LineCoverageSuiteFitness ** 0.6104417670682731
Current fitness function value: class org.evosuite.coverage.branch.BranchCoverageSuiteFitness ** 0.55
Current fitness function value: class org.evosuite.coverage.exception.ExceptionCoverageSuiteFitness ** 1.0
Current fitness function value: class org.evosuite.coverage.mutation.WeakMutationSuiteFitness ** 0.3721185510428101
Current fitness function value: class org.evosuite.coverage.io.output.OutputCoverageSuiteFitness ** 0.07207207207207207
Current fitness function value: class org.evosuite.coverage.method.MethodCoverageSuiteFitness ** 0.6811594202898551
Current fitness function value: class org.evosuite.coverage.method.MethodNoExceptionCoverageSuiteFitness ** 0.4057971014492754
Current fitness function value: class org.evosuite.coverage.cbranch.CBranchSuiteFitness ** 0.4928571428571429
[MASTER] 04:09:59.548 [logback-1] WARN  TestChromosome - Functional mock problem: org.evosuite.ga.ConstructionFailedException: Failed to add constructor for org.sat4j.minisat.core.Solver due to org.evosuite.ga.ConstructionFailedException: Failed to add constructor for org.sat4j.minisat.orders.LevelBasedVarOrderHeap due to org.evosuite.ga.ConstructionFailedException: Found no variables of type interface org.sat4j.minisat.core.IPhaseSelectionStrategy
[MASTER] 04:09:59.593 [logback-1] WARN  TestChromosome - Functional mock problem: org.evosuite.ga.ConstructionFailedException: Found no variables of type interface org.sat4j.specs.IVecInt
[MASTER] 04:09:59.664 [logback-1] WARN  TestChromosome - Functional mock problem: org.evosuite.ga.ConstructionFailedException: Found no variables of type interface org.sat4j.specs.IConstr
* naaame: 
* naaame: org.evosuite.ShutdownTestWriter
* naaame: org.evosuite.ga.stoppingconditions.GlobalTimeStoppingCondition
* naaame: org.evosuite.ga.stoppingconditions.MaxFitnessEvaluationsStoppingCondition
Current fitness evaluations: 830
* naaame: org.evosuite.ga.stoppingconditions.RMIStoppingCondition
* naaame: org.evosuite.ga.stoppingconditions.ZeroFitnessStoppingCondition
Current fitness function value: class org.evosuite.coverage.line.LineCoverageSuiteFitness ** 0.6224899598393574
Current fitness function value: class org.evosuite.coverage.branch.BranchCoverageSuiteFitness ** 0.5714285714285714
Current fitness function value: class org.evosuite.coverage.exception.ExceptionCoverageSuiteFitness ** 1.0
Current fitness function value: class org.evosuite.coverage.mutation.WeakMutationSuiteFitness ** 0.407244785949506
Current fitness function value: class org.evosuite.coverage.io.output.OutputCoverageSuiteFitness ** 0.07207207207207207
Current fitness function value: class org.evosuite.coverage.method.MethodCoverageSuiteFitness ** 0.7101449275362319
Current fitness function value: class org.evosuite.coverage.method.MethodNoExceptionCoverageSuiteFitness ** 0.4057971014492754
Current fitness function value: class org.evosuite.coverage.cbranch.CBranchSuiteFitness ** 0.5142857142857142
* naaame: 
* naaame: org.evosuite.ShutdownTestWriter
* naaame: org.evosuite.ga.stoppingconditions.GlobalTimeStoppingCondition
* naaame: org.evosuite.ga.stoppingconditions.MaxFitnessEvaluationsStoppingCondition
Current fitness evaluations: 914
* naaame: org.evosuite.ga.stoppingconditions.RMIStoppingCondition
* naaame: org.evosuite.ga.stoppingconditions.ZeroFitnessStoppingCondition
* naaame: 
* naaame: org.evosuite.ShutdownTestWriter
* naaame: org.evosuite.ga.stoppingconditions.GlobalTimeStoppingCondition
* naaame: org.evosuite.ga.stoppingconditions.MaxFitnessEvaluationsStoppingCondition
Current fitness evaluations: 993
* naaame: org.evosuite.ga.stoppingconditions.RMIStoppingCondition
* naaame: org.evosuite.ga.stoppingconditions.ZeroFitnessStoppingCondition
Current fitness function value: class org.evosuite.coverage.line.LineCoverageSuiteFitness ** 0.6465863453815262
Current fitness function value: class org.evosuite.coverage.branch.BranchCoverageSuiteFitness ** 0.5857142857142857
Current fitness function value: class org.evosuite.coverage.exception.ExceptionCoverageSuiteFitness ** 1.0
Current fitness function value: class org.evosuite.coverage.mutation.WeakMutationSuiteFitness ** 0.411635565312843
Current fitness function value: class org.evosuite.coverage.io.output.OutputCoverageSuiteFitness ** 0.08108108108108109
Current fitness function value: class org.evosuite.coverage.method.MethodCoverageSuiteFitness ** 0.7681159420289855
Current fitness function value: class org.evosuite.coverage.method.MethodNoExceptionCoverageSuiteFitness ** 0.43478260869565216
Current fitness function value: class org.evosuite.coverage.cbranch.CBranchSuiteFitness ** 0.5357142857142857
* naaame: 
* naaame: org.evosuite.ShutdownTestWriter
* naaame: org.evosuite.ga.stoppingconditions.GlobalTimeStoppingCondition
* naaame: org.evosuite.ga.stoppingconditions.MaxFitnessEvaluationsStoppingCondition
Current fitness evaluations: 1067
* naaame: org.evosuite.ga.stoppingconditions.RMIStoppingCondition
* naaame: org.evosuite.ga.stoppingconditions.ZeroFitnessStoppingCondition
* naaame: 
* naaame: org.evosuite.ShutdownTestWriter
* naaame: org.evosuite.ga.stoppingconditions.GlobalTimeStoppingCondition
* naaame: org.evosuite.ga.stoppingconditions.MaxFitnessEvaluationsStoppingCondition
Current fitness evaluations: 1118
* naaame: org.evosuite.ga.stoppingconditions.RMIStoppingCondition
* naaame: org.evosuite.ga.stoppingconditions.ZeroFitnessStoppingCondition
Current fitness function value: class org.evosuite.coverage.line.LineCoverageSuiteFitness ** 0.6706827309236948
Current fitness function value: class org.evosuite.coverage.branch.BranchCoverageSuiteFitness ** 0.6142857142857143
Current fitness function value: class org.evosuite.coverage.exception.ExceptionCoverageSuiteFitness ** 1.0
Current fitness function value: class org.evosuite.coverage.mutation.WeakMutationSuiteFitness ** 0.41822173435784854
Current fitness function value: class org.evosuite.coverage.io.output.OutputCoverageSuiteFitness ** 0.09009009009009009
Current fitness function value: class org.evosuite.coverage.method.MethodCoverageSuiteFitness ** 0.782608695652174
Current fitness function value: class org.evosuite.coverage.method.MethodNoExceptionCoverageSuiteFitness ** 0.4492753623188406
Current fitness function value: class org.evosuite.coverage.cbranch.CBranchSuiteFitness ** 0.5642857142857143
* Search finished after 121s and 12 generations, 15238 statements, best individual has fitness: 881.0
Current fitness function value: class org.evosuite.coverage.line.LineCoverageSuiteFitness ** 0.6706827309236948
Current fitness function value: class org.evosuite.coverage.branch.BranchCoverageSuiteFitness ** 0.6142857142857143
Current fitness function value: class org.evosuite.coverage.exception.ExceptionCoverageSuiteFitness ** 1.0
Current fitness function value: class org.evosuite.coverage.mutation.WeakMutationSuiteFitness ** 0.41822173435784854
Current fitness function value: class org.evosuite.coverage.io.output.OutputCoverageSuiteFitness ** 0.09009009009009009
Current fitness function value: class org.evosuite.coverage.method.MethodCoverageSuiteFitness ** 0.782608695652174
Current fitness function value: class org.evosuite.coverage.method.MethodNoExceptionCoverageSuiteFitness ** 0.4492753623188406
Current fitness function value: class org.evosuite.coverage.cbranch.CBranchSuiteFitness ** 0.5642857142857143
* Minimizing test suite
* Going to analyze the coverage criteria
* Coverage analysis for criterion LINE
* Coverage of criterion LINE: 68%
* Total number of goals: 249
* Number of covered goals: 169
* Coverage analysis for criterion BRANCH
* Coverage of criterion BRANCH: 61%
* Total number of goals: 140
* Number of covered goals: 86
* Coverage analysis for criterion EXCEPTION
* Coverage of criterion EXCEPTION: 100%
* Total number of goals: 47
* Number of covered goals: 47
* Coverage analysis for criterion WEAKMUTATION
* Coverage of criterion WEAKMUTATION: 52%
* Total number of goals: 911
* Number of covered goals: 471
* Coverage analysis for criterion OUTPUT
* Coverage of criterion OUTPUT: 9%
* Total number of goals: 111
* Number of covered goals: 10
* Coverage analysis for criterion METHOD
* Coverage of criterion METHOD: 83%
* Total number of goals: 69
* Number of covered goals: 57
* Coverage analysis for criterion METHODNOEXCEPTION
* Coverage of criterion METHODNOEXCEPTION: 45%
* Total number of goals: 69
* Number of covered goals: 31
* Coverage analysis for criterion CBRANCH
* Coverage of criterion CBRANCH: 56%
* Total number of goals: 140
* Number of covered goals: 79
Current fitness function value: class org.evosuite.coverage.line.LineCoverageSuiteFitness ** 0.6706827309236948
Current fitness function value: class org.evosuite.coverage.branch.BranchCoverageSuiteFitness ** 0.6142857142857143
Current fitness function value: class org.evosuite.coverage.exception.ExceptionCoverageSuiteFitness ** 1.0
Current fitness function value: class org.evosuite.coverage.mutation.WeakMutationSuiteFitness ** 0.41822173435784854
Current fitness function value: class org.evosuite.coverage.io.output.OutputCoverageSuiteFitness ** 0.09009009009009009
Current fitness function value: class org.evosuite.coverage.method.MethodCoverageSuiteFitness ** 0.782608695652174
Current fitness function value: class org.evosuite.coverage.method.MethodNoExceptionCoverageSuiteFitness ** 0.4492753623188406
Current fitness function value: class org.evosuite.coverage.cbranch.CBranchSuiteFitness ** 0.5642857142857143
* Generated 74 tests with total length 451
* Resulting test suite's coverage: 57% (average coverage for all fitness functions)
* Generating assertions
[MASTER] 04:11:43.635 [logback-1] WARN  SimpleMutationAssertionGenerator - Reached maximum time to generate assertions, aborting assertion generation
* Resulting test suite's mutation score: 1%
Current fitness function value: class org.evosuite.coverage.line.LineCoverageSuiteFitness ** 0.6706827309236948
Current fitness function value: class org.evosuite.coverage.branch.BranchCoverageSuiteFitness ** 0.6142857142857143
Current fitness function value: class org.evosuite.coverage.exception.ExceptionCoverageSuiteFitness ** 1.0
Current fitness function value: class org.evosuite.coverage.mutation.WeakMutationSuiteFitness ** 0.41822173435784854
Current fitness function value: class org.evosuite.coverage.io.output.OutputCoverageSuiteFitness ** 0.09009009009009009
Current fitness function value: class org.evosuite.coverage.method.MethodCoverageSuiteFitness ** 0.782608695652174
Current fitness function value: class org.evosuite.coverage.method.MethodNoExceptionCoverageSuiteFitness ** 0.4492753623188406
Current fitness function value: class org.evosuite.coverage.cbranch.CBranchSuiteFitness ** 0.5642857142857143
* Compiling and checking tests
* Permissions denied during test execution: 
  - java.lang.RuntimePermission: 
         writeFileDescriptor: 1
* Writing tests to file
* Writing JUnit test case 'ManyCore_ESTest' to evosuite-tests
* Done!

* Computation finished
