* EvoSuite 1.0.7-SNAPSHOT
* Going to generate test cases for class: org.sat4j.tools.encoding.Sequential
* Starting Client-0
* Connecting to master process on port 12674
* Analyzing classpath: 
  - bins/sat4j/org.ow2.sat4j.core-2.3.6-SNAPSHOT.jar
  - bins/sat4j/org.ow2.sat4j.core-2.3.6-SNAPSHOT-tests.jar
* Finished analyzing classpath
* Generating tests for class org.sat4j.tools.encoding.Sequential
* Test criteria:
  - Line Coverage
  - Branch Coverage
  - Exception
  - Mutation testing (weak)
  - Method-Output Coverage
  - Top-Level Method Coverage
  - No-Exception Top-Level Method Coverage
  - Context Branch Coverage
* Total number of test goals for DYNAMOSA: 216
* Using seed 1550527492038
* Starting evolution
* Initialsss Number of Goals in DynMOSA = 43 / 216
Current fitness function value: class org.evosuite.coverage.line.LineCoverageSuiteFitness ** 0.21818181818181817
Current fitness function value: class org.evosuite.coverage.branch.BranchCoverageSuiteFitness ** 0.4375
Current fitness function value: class org.evosuite.coverage.exception.ExceptionCoverageSuiteFitness ** 1.0
Current fitness function value: class org.evosuite.coverage.mutation.WeakMutationSuiteFitness ** 0.6486486486486487
Current fitness function value: class org.evosuite.coverage.io.output.OutputCoverageSuiteFitness ** 0.0
Current fitness function value: class org.evosuite.coverage.method.MethodCoverageSuiteFitness ** 0.8
Current fitness function value: class org.evosuite.coverage.method.MethodNoExceptionCoverageSuiteFitness ** 0.2
Current fitness function value: class org.evosuite.coverage.cbranch.CBranchSuiteFitness ** 0.4375
* naaame: 
* naaame: org.evosuite.ga.stoppingconditions.GlobalTimeStoppingCondition
* naaame: org.evosuite.ga.stoppingconditions.MaxFitnessEvaluationsStoppingCondition
Current fitness evaluations: 200
* naaame: org.evosuite.ga.stoppingconditions.ZeroFitnessStoppingCondition
* naaame: org.evosuite.ShutdownTestWriter
* naaame: org.evosuite.ga.stoppingconditions.RMIStoppingCondition
[MASTER] 23:05:40.567 [logback-1] WARN  TestChromosome - Functional mock problem: org.evosuite.ga.ConstructionFailedException: Found no variables of type interface org.sat4j.specs.IConstr
* naaame: 
* naaame: org.evosuite.ga.stoppingconditions.GlobalTimeStoppingCondition
* naaame: org.evosuite.ga.stoppingconditions.MaxFitnessEvaluationsStoppingCondition
Current fitness evaluations: 282
* naaame: org.evosuite.ga.stoppingconditions.ZeroFitnessStoppingCondition
* naaame: org.evosuite.ShutdownTestWriter
* naaame: org.evosuite.ga.stoppingconditions.RMIStoppingCondition
Current fitness function value: class org.evosuite.coverage.line.LineCoverageSuiteFitness ** 0.2545454545454545
Current fitness function value: class org.evosuite.coverage.branch.BranchCoverageSuiteFitness ** 0.5
Current fitness function value: class org.evosuite.coverage.exception.ExceptionCoverageSuiteFitness ** 1.0
Current fitness function value: class org.evosuite.coverage.mutation.WeakMutationSuiteFitness ** 0.6846846846846847
Current fitness function value: class org.evosuite.coverage.io.output.OutputCoverageSuiteFitness ** 0.0
Current fitness function value: class org.evosuite.coverage.method.MethodCoverageSuiteFitness ** 1.0
Current fitness function value: class org.evosuite.coverage.method.MethodNoExceptionCoverageSuiteFitness ** 0.2
Current fitness function value: class org.evosuite.coverage.cbranch.CBranchSuiteFitness ** 0.5
[MASTER] 23:05:46.932 [logback-1] WARN  TestChromosome - Functional mock problem: org.evosuite.ga.ConstructionFailedException: Found no variables of type interface org.sat4j.specs.IVecInt
[MASTER] 23:05:49.276 [logback-1] WARN  TestChromosome - Functional mock problem: org.evosuite.ga.ConstructionFailedException: Failed to add constructor for org.sat4j.minisat.core.Solver due to org.evosuite.ga.ConstructionFailedException: Found no variables of type class org.sat4j.minisat.core.SearchParams
* naaame: 
* naaame: org.evosuite.ga.stoppingconditions.GlobalTimeStoppingCondition
* naaame: org.evosuite.ga.stoppingconditions.MaxFitnessEvaluationsStoppingCondition
Current fitness evaluations: 369
* naaame: org.evosuite.ga.stoppingconditions.ZeroFitnessStoppingCondition
* naaame: org.evosuite.ShutdownTestWriter
* naaame: org.evosuite.ga.stoppingconditions.RMIStoppingCondition
Current fitness function value: class org.evosuite.coverage.line.LineCoverageSuiteFitness ** 0.7454545454545455
Current fitness function value: class org.evosuite.coverage.branch.BranchCoverageSuiteFitness ** 0.8125
Current fitness function value: class org.evosuite.coverage.exception.ExceptionCoverageSuiteFitness ** 1.0
Current fitness function value: class org.evosuite.coverage.mutation.WeakMutationSuiteFitness ** 0.9459459459459459
Current fitness function value: class org.evosuite.coverage.io.output.OutputCoverageSuiteFitness ** 0.0
Current fitness function value: class org.evosuite.coverage.method.MethodCoverageSuiteFitness ** 1.0
Current fitness function value: class org.evosuite.coverage.method.MethodNoExceptionCoverageSuiteFitness ** 0.2
Current fitness function value: class org.evosuite.coverage.cbranch.CBranchSuiteFitness ** 0.6875
[MASTER] 23:05:55.381 [logback-1] WARN  TestChromosome - Functional mock problem: org.evosuite.ga.ConstructionFailedException: Have no generator for class org.sat4j.minisat.constraints.ClausalDataStructureWL canUseFunctionalMocks=false, canBeMocked: true
[MASTER] 23:05:55.485 [logback-1] WARN  TestChromosome - Functional mock problem: org.evosuite.ga.ConstructionFailedException: Found no variables of type interface org.sat4j.specs.UnitPropagationListener
* naaame: 
* naaame: org.evosuite.ga.stoppingconditions.GlobalTimeStoppingCondition
* naaame: org.evosuite.ga.stoppingconditions.MaxFitnessEvaluationsStoppingCondition
Current fitness evaluations: 459
* naaame: org.evosuite.ga.stoppingconditions.ZeroFitnessStoppingCondition
* naaame: org.evosuite.ShutdownTestWriter
* naaame: org.evosuite.ga.stoppingconditions.RMIStoppingCondition
* naaame: 
* naaame: org.evosuite.ga.stoppingconditions.GlobalTimeStoppingCondition
* naaame: org.evosuite.ga.stoppingconditions.MaxFitnessEvaluationsStoppingCondition
Current fitness evaluations: 547
* naaame: org.evosuite.ga.stoppingconditions.ZeroFitnessStoppingCondition
* naaame: org.evosuite.ShutdownTestWriter
* naaame: org.evosuite.ga.stoppingconditions.RMIStoppingCondition
Current fitness function value: class org.evosuite.coverage.line.LineCoverageSuiteFitness ** 0.8
Current fitness function value: class org.evosuite.coverage.branch.BranchCoverageSuiteFitness ** 0.9375
Current fitness function value: class org.evosuite.coverage.exception.ExceptionCoverageSuiteFitness ** 1.0
Current fitness function value: class org.evosuite.coverage.mutation.WeakMutationSuiteFitness ** 0.9459459459459459
Current fitness function value: class org.evosuite.coverage.io.output.OutputCoverageSuiteFitness ** 0.125
Current fitness function value: class org.evosuite.coverage.method.MethodCoverageSuiteFitness ** 1.0
Current fitness function value: class org.evosuite.coverage.method.MethodNoExceptionCoverageSuiteFitness ** 0.4
Current fitness function value: class org.evosuite.coverage.cbranch.CBranchSuiteFitness ** 0.6875
* naaame: 
* naaame: org.evosuite.ga.stoppingconditions.GlobalTimeStoppingCondition
* naaame: org.evosuite.ga.stoppingconditions.MaxFitnessEvaluationsStoppingCondition
Current fitness evaluations: 629
* naaame: org.evosuite.ga.stoppingconditions.ZeroFitnessStoppingCondition
* naaame: org.evosuite.ShutdownTestWriter
* naaame: org.evosuite.ga.stoppingconditions.RMIStoppingCondition
Current fitness function value: class org.evosuite.coverage.line.LineCoverageSuiteFitness ** 0.8
Current fitness function value: class org.evosuite.coverage.branch.BranchCoverageSuiteFitness ** 0.9375
Current fitness function value: class org.evosuite.coverage.exception.ExceptionCoverageSuiteFitness ** 1.0
Current fitness function value: class org.evosuite.coverage.mutation.WeakMutationSuiteFitness ** 0.9459459459459459
Current fitness function value: class org.evosuite.coverage.io.output.OutputCoverageSuiteFitness ** 0.125
Current fitness function value: class org.evosuite.coverage.method.MethodCoverageSuiteFitness ** 1.0
Current fitness function value: class org.evosuite.coverage.method.MethodNoExceptionCoverageSuiteFitness ** 0.4
Current fitness function value: class org.evosuite.coverage.cbranch.CBranchSuiteFitness ** 0.6875
* naaame: 
* naaame: org.evosuite.ga.stoppingconditions.GlobalTimeStoppingCondition
* naaame: org.evosuite.ga.stoppingconditions.MaxFitnessEvaluationsStoppingCondition
Current fitness evaluations: 715
* naaame: org.evosuite.ga.stoppingconditions.ZeroFitnessStoppingCondition
* naaame: org.evosuite.ShutdownTestWriter
* naaame: org.evosuite.ga.stoppingconditions.RMIStoppingCondition
Current fitness function value: class org.evosuite.coverage.line.LineCoverageSuiteFitness ** 0.9636363636363636
Current fitness function value: class org.evosuite.coverage.branch.BranchCoverageSuiteFitness ** 1.0
Current fitness function value: class org.evosuite.coverage.exception.ExceptionCoverageSuiteFitness ** 1.0
Current fitness function value: class org.evosuite.coverage.mutation.WeakMutationSuiteFitness ** 0.9459459459459459
Current fitness function value: class org.evosuite.coverage.io.output.OutputCoverageSuiteFitness ** 0.125
Current fitness function value: class org.evosuite.coverage.method.MethodCoverageSuiteFitness ** 1.0
Current fitness function value: class org.evosuite.coverage.method.MethodNoExceptionCoverageSuiteFitness ** 0.4
Current fitness function value: class org.evosuite.coverage.cbranch.CBranchSuiteFitness ** 0.875
* naaame: 
* naaame: org.evosuite.ga.stoppingconditions.GlobalTimeStoppingCondition
* naaame: org.evosuite.ga.stoppingconditions.MaxFitnessEvaluationsStoppingCondition
Current fitness evaluations: 803
* naaame: org.evosuite.ga.stoppingconditions.ZeroFitnessStoppingCondition
* naaame: org.evosuite.ShutdownTestWriter
* naaame: org.evosuite.ga.stoppingconditions.RMIStoppingCondition
Current fitness function value: class org.evosuite.coverage.line.LineCoverageSuiteFitness ** 0.9636363636363636
Current fitness function value: class org.evosuite.coverage.branch.BranchCoverageSuiteFitness ** 1.0
Current fitness function value: class org.evosuite.coverage.exception.ExceptionCoverageSuiteFitness ** 1.0
Current fitness function value: class org.evosuite.coverage.mutation.WeakMutationSuiteFitness ** 0.9459459459459459
Current fitness function value: class org.evosuite.coverage.io.output.OutputCoverageSuiteFitness ** 0.375
Current fitness function value: class org.evosuite.coverage.method.MethodCoverageSuiteFitness ** 1.0
Current fitness function value: class org.evosuite.coverage.method.MethodNoExceptionCoverageSuiteFitness ** 0.8
Current fitness function value: class org.evosuite.coverage.cbranch.CBranchSuiteFitness ** 0.9375
* naaame: 
* naaame: org.evosuite.ga.stoppingconditions.GlobalTimeStoppingCondition
* naaame: org.evosuite.ga.stoppingconditions.MaxFitnessEvaluationsStoppingCondition
Current fitness evaluations: 891
* naaame: org.evosuite.ga.stoppingconditions.ZeroFitnessStoppingCondition
* naaame: org.evosuite.ShutdownTestWriter
* naaame: org.evosuite.ga.stoppingconditions.RMIStoppingCondition
Current fitness function value: class org.evosuite.coverage.line.LineCoverageSuiteFitness ** 0.9636363636363636
Current fitness function value: class org.evosuite.coverage.branch.BranchCoverageSuiteFitness ** 1.0
Current fitness function value: class org.evosuite.coverage.exception.ExceptionCoverageSuiteFitness ** 1.0
Current fitness function value: class org.evosuite.coverage.mutation.WeakMutationSuiteFitness ** 0.9459459459459459
Current fitness function value: class org.evosuite.coverage.io.output.OutputCoverageSuiteFitness ** 0.375
Current fitness function value: class org.evosuite.coverage.method.MethodCoverageSuiteFitness ** 1.0
Current fitness function value: class org.evosuite.coverage.method.MethodNoExceptionCoverageSuiteFitness ** 0.8
Current fitness function value: class org.evosuite.coverage.cbranch.CBranchSuiteFitness ** 1.0
* naaame: 
* naaame: org.evosuite.ga.stoppingconditions.GlobalTimeStoppingCondition
* naaame: org.evosuite.ga.stoppingconditions.MaxFitnessEvaluationsStoppingCondition
Current fitness evaluations: 973
* naaame: org.evosuite.ga.stoppingconditions.ZeroFitnessStoppingCondition
* naaame: org.evosuite.ShutdownTestWriter
* naaame: org.evosuite.ga.stoppingconditions.RMIStoppingCondition
Current fitness function value: class org.evosuite.coverage.line.LineCoverageSuiteFitness ** 0.9636363636363636
Current fitness function value: class org.evosuite.coverage.branch.BranchCoverageSuiteFitness ** 1.0
Current fitness function value: class org.evosuite.coverage.exception.ExceptionCoverageSuiteFitness ** 1.0
Current fitness function value: class org.evosuite.coverage.mutation.WeakMutationSuiteFitness ** 0.9459459459459459
Current fitness function value: class org.evosuite.coverage.io.output.OutputCoverageSuiteFitness ** 0.375
Current fitness function value: class org.evosuite.coverage.method.MethodCoverageSuiteFitness ** 1.0
Current fitness function value: class org.evosuite.coverage.method.MethodNoExceptionCoverageSuiteFitness ** 0.8
Current fitness function value: class org.evosuite.coverage.cbranch.CBranchSuiteFitness ** 1.0
Current fitness function value: class org.evosuite.coverage.line.LineCoverageSuiteFitness ** 0.9636363636363636
Current fitness function value: class org.evosuite.coverage.branch.BranchCoverageSuiteFitness ** 1.0
Current fitness function value: class org.evosuite.coverage.exception.ExceptionCoverageSuiteFitness ** 1.0
Current fitness function value: class org.evosuite.coverage.mutation.WeakMutationSuiteFitness ** 0.9459459459459459
Current fitness function value: class org.evosuite.coverage.io.output.OutputCoverageSuiteFitness ** 0.375
Current fitness function value: class org.evosuite.coverage.method.MethodCoverageSuiteFitness ** 1.0
Current fitness function value: class org.evosuite.coverage.method.MethodNoExceptionCoverageSuiteFitness ** 0.8
Current fitness function value: class org.evosuite.coverage.cbranch.CBranchSuiteFitness ** 1.0
* Search finished after 121s and 9 generations, 9061 statements, best individual has fitness: 14.0
Current fitness function value: class org.evosuite.coverage.line.LineCoverageSuiteFitness ** 0.9636363636363636
Current fitness function value: class org.evosuite.coverage.branch.BranchCoverageSuiteFitness ** 1.0
Current fitness function value: class org.evosuite.coverage.exception.ExceptionCoverageSuiteFitness ** 1.0
Current fitness function value: class org.evosuite.coverage.mutation.WeakMutationSuiteFitness ** 0.9459459459459459
Current fitness function value: class org.evosuite.coverage.io.output.OutputCoverageSuiteFitness ** 0.375
Current fitness function value: class org.evosuite.coverage.method.MethodCoverageSuiteFitness ** 1.0
Current fitness function value: class org.evosuite.coverage.method.MethodNoExceptionCoverageSuiteFitness ** 0.8
Current fitness function value: class org.evosuite.coverage.cbranch.CBranchSuiteFitness ** 1.0
* Minimizing test suite
* Going to analyze the coverage criteria
* Coverage analysis for criterion LINE
* Coverage of criterion LINE: 96%
* Total number of goals: 55
* Number of covered goals: 53
* Coverage analysis for criterion BRANCH
* Coverage of criterion BRANCH: 100%
* Total number of goals: 16
* Number of covered goals: 16
* Coverage analysis for criterion EXCEPTION
* Coverage of criterion EXCEPTION: 100%
* Total number of goals: 16
* Number of covered goals: 16
* Coverage analysis for criterion WEAKMUTATION
* Coverage of criterion WEAKMUTATION: 95%
* Total number of goals: 111
* Number of covered goals: 105
* Coverage analysis for criterion OUTPUT
* Coverage of criterion OUTPUT: 38%
* Total number of goals: 8
* Number of covered goals: 3
* Coverage analysis for criterion METHOD
* Coverage of criterion METHOD: 100%
* Total number of goals: 5
* Number of covered goals: 5
* Coverage analysis for criterion METHODNOEXCEPTION
* Coverage of criterion METHODNOEXCEPTION: 80%
* Total number of goals: 5
* Number of covered goals: 4
* Coverage analysis for criterion CBRANCH
* Coverage of criterion CBRANCH: 100%
* Total number of goals: 16
* Number of covered goals: 16
Current fitness function value: class org.evosuite.coverage.line.LineCoverageSuiteFitness ** 0.9636363636363636
Current fitness function value: class org.evosuite.coverage.branch.BranchCoverageSuiteFitness ** 1.0
Current fitness function value: class org.evosuite.coverage.exception.ExceptionCoverageSuiteFitness ** 1.0
Current fitness function value: class org.evosuite.coverage.mutation.WeakMutationSuiteFitness ** 0.9459459459459459
Current fitness function value: class org.evosuite.coverage.io.output.OutputCoverageSuiteFitness ** 0.375
Current fitness function value: class org.evosuite.coverage.method.MethodCoverageSuiteFitness ** 1.0
Current fitness function value: class org.evosuite.coverage.method.MethodNoExceptionCoverageSuiteFitness ** 0.8
Current fitness function value: class org.evosuite.coverage.cbranch.CBranchSuiteFitness ** 1.0
* Generated 20 tests with total length 115
* Resulting test suite's coverage: 89% (average coverage for all fitness functions)
* Generating assertions
[MASTER] 23:08:05.378 [logback-1] WARN  SimpleMutationAssertionGenerator - Assertion minimization is taking too long (0.6681833333333334% of time used, but only 2/20 tests minimized), falling back to using all assertions
* Resulting test suite's mutation score: 66%
Current fitness function value: class org.evosuite.coverage.line.LineCoverageSuiteFitness ** 0.9636363636363636
Current fitness function value: class org.evosuite.coverage.branch.BranchCoverageSuiteFitness ** 1.0
Current fitness function value: class org.evosuite.coverage.exception.ExceptionCoverageSuiteFitness ** 1.0
Current fitness function value: class org.evosuite.coverage.mutation.WeakMutationSuiteFitness ** 0.9459459459459459
Current fitness function value: class org.evosuite.coverage.io.output.OutputCoverageSuiteFitness ** 0.375
Current fitness function value: class org.evosuite.coverage.method.MethodCoverageSuiteFitness ** 1.0
Current fitness function value: class org.evosuite.coverage.method.MethodNoExceptionCoverageSuiteFitness ** 0.8
Current fitness function value: class org.evosuite.coverage.cbranch.CBranchSuiteFitness ** 1.0
* Compiling and checking tests
[MASTER] 23:08:37.311 [logback-1] WARN  JUnitAnalyzer - Found unstable test named test0 -> class java.lang.AssertionError: null
[MASTER] 23:08:37.315 [logback-1] WARN  JUnitAnalyzer - Failing test:
 Sequential sequential0 = new Sequential();
assertNotNull(sequential0);

FixedLengthLearning<CardinalityDataStructureYanMax> fixedLengthLearning0 = new FixedLengthLearning<CardinalityDataStructureYanMax>(834);
assertNotNull(fixedLengthLearning0);
assertEquals(834, fixedLengthLearning0.getMaxLength());

CardinalityDataStructureYanMax cardinalityDataStructureYanMax0 = new CardinalityDataStructureYanMax();
assertNotNull(cardinalityDataStructureYanMax0);

SearchParams searchParams0 = new SearchParams();
assertNotNull(searchParams0);
assertEquals(0.95, searchParams0.getVarDecay(), 0.01);
assertEquals(1.5, searchParams0.getConflictBoundIncFactor(), 0.01);
assertEquals(100, searchParams0.getInitConflictBound());
assertEquals(0.999, searchParams0.getClaDecay(), 0.01);

NaturalStaticOrder naturalStaticOrder0 = new NaturalStaticOrder();
assertNotNull(naturalStaticOrder0);
assertEquals("Natural static ordering", naturalStaticOrder0.toString());

NegativeLiteralSelectionStrategy negativeLiteralSelectionStrategy0 = (NegativeLiteralSelectionStrategy)naturalStaticOrder0.getPhaseSelectionStrategy();
assertNotNull(negativeLiteralSelectionStrategy0);
assertEquals("Natural static ordering", naturalStaticOrder0.toString());
assertEquals("negative phase selection", negativeLiteralSelectionStrategy0.toString());

VarOrderHeap varOrderHeap0 = new VarOrderHeap(negativeLiteralSelectionStrategy0);
assertNotNull(varOrderHeap0);
assertEquals("Natural static ordering", naturalStaticOrder0.toString());
assertEquals("negative phase selection", negativeLiteralSelectionStrategy0.toString());
assertEquals(0, varOrderHeap0.numberOfInterestingVariables());

RandomWalkDecorator randomWalkDecorator0 = new RandomWalkDecorator(varOrderHeap0);
assertNotNull(randomWalkDecorator0);
assertEquals("Natural static ordering", naturalStaticOrder0.toString());
assertEquals("negative phase selection", negativeLiteralSelectionStrategy0.toString());
assertEquals(0, varOrderHeap0.numberOfInterestingVariables());
assertEquals(0.01, randomWalkDecorator0.getProbability(), 0.01);

LubyRestarts lubyRestarts0 = new LubyRestarts();
assertNotNull(lubyRestarts0);
assertEquals(32, LubyRestarts.DEFAULT_LUBY_FACTOR);
assertTrue(lubyRestarts0.shouldRestart());
assertEquals(32, lubyRestarts0.getFactor());
assertEquals(0L, lubyRestarts0.nextRestartNumberOfConflict());
assertEquals(1, lubyRestarts0.luby());

MUSLauncher mUSLauncher0 = new MUSLauncher();
assertNotNull(mUSLauncher0);
assertEquals(ExitCode.UNKNOWN, mUSLauncher0.getExitCode());
assertFalse(mUSLauncher0.isSilent());
assertEquals(0L, mUSLauncher0.getBeginTime());

Solver<CardinalityDataStructureYanMax> solver0 = new Solver<CardinalityDataStructureYanMax>(fixedLengthLearning0, cardinalityDataStructureYanMax0, searchParams0, randomWalkDecorator0, lubyRestarts0, mUSLauncher0);
assertNotNull(solver0);
assertEquals(32, LubyRestarts.DEFAULT_LUBY_FACTOR);
assertEquals(834, fixedLengthLearning0.getMaxLength());
assertEquals(0.95, searchParams0.getVarDecay(), 0.01);
assertEquals(1.5, searchParams0.getConflictBoundIncFactor(), 0.01);
assertEquals(100, searchParams0.getInitConflictBound());
assertEquals(0.999, searchParams0.getClaDecay(), 0.01);
assertEquals("Natural static ordering", naturalStaticOrder0.toString());
assertEquals("negative phase selection", negativeLiteralSelectionStrategy0.toString());
assertEquals(0, varOrderHeap0.numberOfInterestingVariables());
assertEquals(0.01, randomWalkDecorator0.getProbability(), 0.01);
assertTrue(lubyRestarts0.shouldRestart());
assertEquals(32, lubyRestarts0.getFactor());
assertEquals(0L, lubyRestarts0.nextRestartNumberOfConflict());
assertEquals(1, lubyRestarts0.luby());
assertEquals(ExitCode.UNKNOWN, mUSLauncher0.getExitCode());
assertFalse(mUSLauncher0.isSilent());
assertEquals(0L, mUSLauncher0.getBeginTime());
assertFalse(solver0.isSolverKeptHot());
assertEquals(2147483, solver0.getTimeout());
assertFalse(solver0.isVerbose());
assertFalse(solver0.isDBSimplificationAllowed());
assertEquals(0, solver0.currentDecisionLevel());
assertEquals("c ", solver0.getLogPrefix());
assertEquals(0, solver0.getPropagationLevel());
assertEquals(0, solver0.decisionLevel());
assertEquals(0, solver0.nVars());
assertEquals(0, solver0.realNumberOfVariables());
assertEquals(0, solver0.nConstraints());

GroupClauseSelectorSolver<Solver<CardinalityDataStructureYanMax>> groupClauseSelectorSolver0 = new GroupClauseSelectorSolver<Solver<CardinalityDataStructureYanMax>>(solver0);
assertNotNull(groupClauseSelectorSolver0);
assertEquals(32, LubyRestarts.DEFAULT_LUBY_FACTOR);
assertEquals(834, fixedLengthLearning0.getMaxLength());
assertEquals(0.95, searchParams0.getVarDecay(), 0.01);
assertEquals(1.5, searchParams0.getConflictBoundIncFactor(), 0.01);
assertEquals(100, searchParams0.getInitConflictBound());
assertEquals(0.999, searchParams0.getClaDecay(), 0.01);
assertEquals("Natural static ordering", naturalStaticOrder0.toString());
assertEquals("negative phase selection", negativeLiteralSelectionStrategy0.toString());
assertEquals(0, varOrderHeap0.numberOfInterestingVariables());
assertEquals(0.01, randomWalkDecorator0.getProbability(), 0.01);
assertEquals(32, lubyRestarts0.getFactor());
assertFalse(lubyRestarts0.shouldRestart());
assertEquals(32L, lubyRestarts0.nextRestartNumberOfConflict());
assertEquals(1, lubyRestarts0.luby());
assertEquals(ExitCode.UNKNOWN, mUSLauncher0.getExitCode());
assertFalse(mUSLauncher0.isSilent());
assertEquals(0L, mUSLauncher0.getBeginTime());
assertFalse(solver0.isSolverKeptHot());
assertEquals(2147483, solver0.getTimeout());
assertFalse(solver0.isVerbose());
assertFalse(solver0.isDBSimplificationAllowed());
assertEquals(0, solver0.currentDecisionLevel());
assertEquals("c ", solver0.getLogPrefix());
assertEquals(0, solver0.getPropagationLevel());
assertEquals(0, solver0.decisionLevel());
assertEquals(0, solver0.nVars());
assertEquals(0, solver0.realNumberOfVariables());
assertEquals(0, solver0.nConstraints());
assertTrue(groupClauseSelectorSolver0.isSatisfiable());

VecInt vecInt0 = (VecInt)solver0.getOutLearnt();
assertNotNull(vecInt0);
assertEquals(32, LubyRestarts.DEFAULT_LUBY_FACTOR);
assertEquals(834, fixedLengthLearning0.getMaxLength());
assertEquals(0.95, searchParams0.getVarDecay(), 0.01);
assertEquals(1.5, searchParams0.getConflictBoundIncFactor(), 0.01);
assertEquals(100, searchParams0.getInitConflictBound());
assertEquals(0.999, searchParams0.getClaDecay(), 0.01);
assertEquals("Natural static ordering", naturalStaticOrder0.toString());
assertEquals("negative phase selection", negativeLiteralSelectionStrategy0.toString());
assertEquals(0, varOrderHeap0.numberOfInterestingVariables());
assertEquals(0.01, randomWalkDecorator0.getProbability(), 0.01);
assertEquals(32, lubyRestarts0.getFactor());
assertFalse(lubyRestarts0.shouldRestart());
assertEquals(32L, lubyRestarts0.nextRestartNumberOfConflict());
assertEquals(1, lubyRestarts0.luby());
assertEquals(ExitCode.UNKNOWN, mUSLauncher0.getExitCode());
assertFalse(mUSLauncher0.isSilent());
assertEquals(0L, mUSLauncher0.getBeginTime());
assertFalse(solver0.isSolverKeptHot());
assertEquals(2147483, solver0.getTimeout());
assertFalse(solver0.isVerbose());
assertFalse(solver0.isDBSimplificationAllowed());
assertEquals(0, solver0.currentDecisionLevel());
assertEquals("c ", solver0.getLogPrefix());
assertEquals(0, solver0.getPropagationLevel());
assertEquals(0, solver0.decisionLevel());
assertEquals(0, solver0.nVars());
assertEquals(0, solver0.realNumberOfVariables());
assertEquals(0, solver0.nConstraints());
assertEquals(0, vecInt0.size());
assertTrue(vecInt0.isEmpty());

sequential0.addExactlyOne(groupClauseSelectorSolver0, vecInt0);

* Writing tests to file
* Writing JUnit test case 'Sequential_ESTest' to evosuite-tests
* Done!

* Computation finished
