* EvoSuite 1.0.7-SNAPSHOT
* Going to generate test cases for class: org.sat4j.tools.ClausalCardinalitiesDecorator
* Starting Client-0
* Connecting to master process on port 8808
* Analyzing classpath: 
  - bins/sat4j/org.ow2.sat4j.core-2.3.6-SNAPSHOT.jar
  - bins/sat4j/org.ow2.sat4j.core-2.3.6-SNAPSHOT-tests.jar
* Finished analyzing classpath
* Generating tests for class org.sat4j.tools.ClausalCardinalitiesDecorator
* Test criteria:
  - Line Coverage
  - Branch Coverage
  - Exception
  - Mutation testing (weak)
  - Method-Output Coverage
  - Top-Level Method Coverage
  - No-Exception Top-Level Method Coverage
  - Context Branch Coverage
* Total number of test goals for DYNAMOSA: 89
* Using seed 1550564032928
* Starting evolution
* Initialsss Number of Goals in DynMOSA = 50 / 89
Current fitness function value: class org.evosuite.coverage.line.LineCoverageSuiteFitness ** 0.7058823529411765
Current fitness function value: class org.evosuite.coverage.branch.BranchCoverageSuiteFitness ** 0.6
Current fitness function value: class org.evosuite.coverage.exception.ExceptionCoverageSuiteFitness ** 1.0
Current fitness function value: class org.evosuite.coverage.mutation.WeakMutationSuiteFitness ** 0.6923076923076923
Current fitness function value: class org.evosuite.coverage.io.output.OutputCoverageSuiteFitness ** 0.3333333333333333
Current fitness function value: class org.evosuite.coverage.method.MethodCoverageSuiteFitness ** 0.8571428571428571
Current fitness function value: class org.evosuite.coverage.method.MethodNoExceptionCoverageSuiteFitness ** 0.8571428571428571
Current fitness function value: class org.evosuite.coverage.cbranch.CBranchSuiteFitness ** 0.6
* naaame: 
* naaame: org.evosuite.ga.stoppingconditions.GlobalTimeStoppingCondition
* naaame: org.evosuite.ga.stoppingconditions.MaxFitnessEvaluationsStoppingCondition
Current fitness evaluations: 200
* naaame: org.evosuite.ShutdownTestWriter
* naaame: org.evosuite.ga.stoppingconditions.ZeroFitnessStoppingCondition
* naaame: org.evosuite.ga.stoppingconditions.RMIStoppingCondition
[MASTER] 09:14:57.629 [logback-1] WARN  TestChromosome - Functional mock problem: org.evosuite.ga.ConstructionFailedException: Found no variables of type interface org.sat4j.specs.ISolver
[MASTER] 09:14:59.050 [logback-1] WARN  TestChromosome - Functional mock problem: org.evosuite.ga.ConstructionFailedException: Have no generator for org.sat4j.tools.ManyCore<org.sat4j.tools.ClausalCardinalitiesDecorator<org.sat4j.tools.Minimal4CardinalityModel>> canUseFunctionalMocks=false, canBeMocked: true
[MASTER] 09:15:03.929 [logback-1] WARN  TestChromosome - Functional mock problem: org.evosuite.ga.ConstructionFailedException: Found no variables of type interface org.sat4j.specs.UnitPropagationListener
[MASTER] 09:15:04.567 [logback-1] WARN  TestChromosome - Functional mock problem: org.evosuite.ga.ConstructionFailedException: Found no variables of type class org.sat4j.minisat.core.Pair
[MASTER] 09:15:05.231 [logback-1] WARN  TestChromosome - Functional mock problem: org.evosuite.ga.ConstructionFailedException: Found no variables of type interface org.sat4j.minisat.core.ILits
[MASTER] 09:15:07.160 [logback-1] WARN  TestChromosome - Functional mock problem: org.evosuite.ga.ConstructionFailedException: Failed to add constructor for org.sat4j.tools.Minimal4InclusionModel due to org.evosuite.ga.ConstructionFailedException: Have no generator for org.sat4j.core.ASolverFactory<org.sat4j.opt.MinOneDecorator> canUseFunctionalMocks=false, canBeMocked: true
* naaame: 
* naaame: org.evosuite.ga.stoppingconditions.GlobalTimeStoppingCondition
* naaame: org.evosuite.ga.stoppingconditions.MaxFitnessEvaluationsStoppingCondition
Current fitness evaluations: 253
* naaame: org.evosuite.ShutdownTestWriter
* naaame: org.evosuite.ga.stoppingconditions.ZeroFitnessStoppingCondition
* naaame: org.evosuite.ga.stoppingconditions.RMIStoppingCondition
Current fitness function value: class org.evosuite.coverage.line.LineCoverageSuiteFitness ** 0.7058823529411765
Current fitness function value: class org.evosuite.coverage.branch.BranchCoverageSuiteFitness ** 0.6
Current fitness function value: class org.evosuite.coverage.exception.ExceptionCoverageSuiteFitness ** 1.0
Current fitness function value: class org.evosuite.coverage.mutation.WeakMutationSuiteFitness ** 0.6923076923076923
Current fitness function value: class org.evosuite.coverage.io.output.OutputCoverageSuiteFitness ** 0.3333333333333333
Current fitness function value: class org.evosuite.coverage.method.MethodCoverageSuiteFitness ** 0.8571428571428571
Current fitness function value: class org.evosuite.coverage.method.MethodNoExceptionCoverageSuiteFitness ** 0.8571428571428571
Current fitness function value: class org.evosuite.coverage.cbranch.CBranchSuiteFitness ** 0.6
[MASTER] 09:15:10.656 [logback-1] WARN  TestChromosome - Functional mock problem: org.evosuite.ga.ConstructionFailedException: Found no variables of type interface org.sat4j.specs.IConstr
[MASTER] 09:15:14.923 [logback-1] WARN  TestChromosome - Functional mock problem: org.evosuite.ga.ConstructionFailedException: Found no variables of type interface org.sat4j.specs.IteratorInt
* naaame: 
* naaame: org.evosuite.ga.stoppingconditions.GlobalTimeStoppingCondition
* naaame: org.evosuite.ga.stoppingconditions.MaxFitnessEvaluationsStoppingCondition
Current fitness evaluations: 313
* naaame: org.evosuite.ShutdownTestWriter
* naaame: org.evosuite.ga.stoppingconditions.ZeroFitnessStoppingCondition
* naaame: org.evosuite.ga.stoppingconditions.RMIStoppingCondition
Current fitness function value: class org.evosuite.coverage.line.LineCoverageSuiteFitness ** 0.8235294117647058
Current fitness function value: class org.evosuite.coverage.branch.BranchCoverageSuiteFitness ** 0.7
Current fitness function value: class org.evosuite.coverage.exception.ExceptionCoverageSuiteFitness ** 1.0
Current fitness function value: class org.evosuite.coverage.mutation.WeakMutationSuiteFitness ** 1.0
Current fitness function value: class org.evosuite.coverage.io.output.OutputCoverageSuiteFitness ** 0.4166666666666667
Current fitness function value: class org.evosuite.coverage.method.MethodCoverageSuiteFitness ** 1.0
Current fitness function value: class org.evosuite.coverage.method.MethodNoExceptionCoverageSuiteFitness ** 0.8571428571428571
Current fitness function value: class org.evosuite.coverage.cbranch.CBranchSuiteFitness ** 0.7
* naaame: 
* naaame: org.evosuite.ga.stoppingconditions.GlobalTimeStoppingCondition
* naaame: org.evosuite.ga.stoppingconditions.MaxFitnessEvaluationsStoppingCondition
Current fitness evaluations: 385
* naaame: org.evosuite.ShutdownTestWriter
* naaame: org.evosuite.ga.stoppingconditions.ZeroFitnessStoppingCondition
* naaame: org.evosuite.ga.stoppingconditions.RMIStoppingCondition
Current fitness function value: class org.evosuite.coverage.line.LineCoverageSuiteFitness ** 0.8235294117647058
Current fitness function value: class org.evosuite.coverage.branch.BranchCoverageSuiteFitness ** 0.7
Current fitness function value: class org.evosuite.coverage.exception.ExceptionCoverageSuiteFitness ** 1.0
Current fitness function value: class org.evosuite.coverage.mutation.WeakMutationSuiteFitness ** 1.0
Current fitness function value: class org.evosuite.coverage.io.output.OutputCoverageSuiteFitness ** 0.5
Current fitness function value: class org.evosuite.coverage.method.MethodCoverageSuiteFitness ** 1.0
Current fitness function value: class org.evosuite.coverage.method.MethodNoExceptionCoverageSuiteFitness ** 1.0
Current fitness function value: class org.evosuite.coverage.cbranch.CBranchSuiteFitness ** 0.7
* naaame: 
* naaame: org.evosuite.ga.stoppingconditions.GlobalTimeStoppingCondition
* naaame: org.evosuite.ga.stoppingconditions.MaxFitnessEvaluationsStoppingCondition
Current fitness evaluations: 460
* naaame: org.evosuite.ShutdownTestWriter
* naaame: org.evosuite.ga.stoppingconditions.ZeroFitnessStoppingCondition
* naaame: org.evosuite.ga.stoppingconditions.RMIStoppingCondition
Current fitness function value: class org.evosuite.coverage.line.LineCoverageSuiteFitness ** 0.8823529411764706
Current fitness function value: class org.evosuite.coverage.branch.BranchCoverageSuiteFitness ** 0.8
Current fitness function value: class org.evosuite.coverage.exception.ExceptionCoverageSuiteFitness ** 1.0
Current fitness function value: class org.evosuite.coverage.mutation.WeakMutationSuiteFitness ** 1.0
Current fitness function value: class org.evosuite.coverage.io.output.OutputCoverageSuiteFitness ** 0.5833333333333334
Current fitness function value: class org.evosuite.coverage.method.MethodCoverageSuiteFitness ** 1.0
Current fitness function value: class org.evosuite.coverage.method.MethodNoExceptionCoverageSuiteFitness ** 1.0
Current fitness function value: class org.evosuite.coverage.cbranch.CBranchSuiteFitness ** 0.8
[MASTER] 09:15:38.371 [logback-1] WARN  TestChromosome - Functional mock problem: org.evosuite.ga.ConstructionFailedException: Found no variables of type interface org.sat4j.specs.IVecInt
* naaame: 
* naaame: org.evosuite.ga.stoppingconditions.GlobalTimeStoppingCondition
* naaame: org.evosuite.ga.stoppingconditions.MaxFitnessEvaluationsStoppingCondition
Current fitness evaluations: 530
* naaame: org.evosuite.ShutdownTestWriter
* naaame: org.evosuite.ga.stoppingconditions.ZeroFitnessStoppingCondition
* naaame: org.evosuite.ga.stoppingconditions.RMIStoppingCondition
* naaame: 
* naaame: org.evosuite.ga.stoppingconditions.GlobalTimeStoppingCondition
* naaame: org.evosuite.ga.stoppingconditions.MaxFitnessEvaluationsStoppingCondition
Current fitness evaluations: 601
* naaame: org.evosuite.ShutdownTestWriter
* naaame: org.evosuite.ga.stoppingconditions.ZeroFitnessStoppingCondition
* naaame: org.evosuite.ga.stoppingconditions.RMIStoppingCondition
Current fitness function value: class org.evosuite.coverage.line.LineCoverageSuiteFitness ** 0.8823529411764706
Current fitness function value: class org.evosuite.coverage.branch.BranchCoverageSuiteFitness ** 0.8
Current fitness function value: class org.evosuite.coverage.exception.ExceptionCoverageSuiteFitness ** 1.0
Current fitness function value: class org.evosuite.coverage.mutation.WeakMutationSuiteFitness ** 1.0
Current fitness function value: class org.evosuite.coverage.io.output.OutputCoverageSuiteFitness ** 0.6666666666666666
Current fitness function value: class org.evosuite.coverage.method.MethodCoverageSuiteFitness ** 1.0
Current fitness function value: class org.evosuite.coverage.method.MethodNoExceptionCoverageSuiteFitness ** 1.0
Current fitness function value: class org.evosuite.coverage.cbranch.CBranchSuiteFitness ** 0.8
* naaame: 
* naaame: org.evosuite.ga.stoppingconditions.GlobalTimeStoppingCondition
* naaame: org.evosuite.ga.stoppingconditions.MaxFitnessEvaluationsStoppingCondition
Current fitness evaluations: 674
* naaame: org.evosuite.ShutdownTestWriter
* naaame: org.evosuite.ga.stoppingconditions.ZeroFitnessStoppingCondition
* naaame: org.evosuite.ga.stoppingconditions.RMIStoppingCondition
* naaame: 
* naaame: org.evosuite.ga.stoppingconditions.GlobalTimeStoppingCondition
* naaame: org.evosuite.ga.stoppingconditions.MaxFitnessEvaluationsStoppingCondition
Current fitness evaluations: 743
* naaame: org.evosuite.ShutdownTestWriter
* naaame: org.evosuite.ga.stoppingconditions.ZeroFitnessStoppingCondition
* naaame: org.evosuite.ga.stoppingconditions.RMIStoppingCondition
Current fitness function value: class org.evosuite.coverage.line.LineCoverageSuiteFitness ** 0.8823529411764706
Current fitness function value: class org.evosuite.coverage.branch.BranchCoverageSuiteFitness ** 0.8
Current fitness function value: class org.evosuite.coverage.exception.ExceptionCoverageSuiteFitness ** 1.0
Current fitness function value: class org.evosuite.coverage.mutation.WeakMutationSuiteFitness ** 1.0
Current fitness function value: class org.evosuite.coverage.io.output.OutputCoverageSuiteFitness ** 0.6666666666666666
Current fitness function value: class org.evosuite.coverage.method.MethodCoverageSuiteFitness ** 1.0
Current fitness function value: class org.evosuite.coverage.method.MethodNoExceptionCoverageSuiteFitness ** 1.0
Current fitness function value: class org.evosuite.coverage.cbranch.CBranchSuiteFitness ** 0.8
[MASTER] 09:15:53.698 [logback-1] WARN  TestChromosome - Functional mock problem: org.evosuite.ga.ConstructionFailedException: Have no generator for org.sat4j.tools.ManyCore<org.sat4j.tools.LexicoDecorator<org.sat4j.tools.Minimal4CardinalityModel>> canUseFunctionalMocks=false, canBeMocked: true
* naaame: 
* naaame: org.evosuite.ga.stoppingconditions.GlobalTimeStoppingCondition
* naaame: org.evosuite.ga.stoppingconditions.MaxFitnessEvaluationsStoppingCondition
Current fitness evaluations: 816
* naaame: org.evosuite.ShutdownTestWriter
* naaame: org.evosuite.ga.stoppingconditions.ZeroFitnessStoppingCondition
* naaame: org.evosuite.ga.stoppingconditions.RMIStoppingCondition
Current fitness function value: class org.evosuite.coverage.line.LineCoverageSuiteFitness ** 0.8823529411764706
Current fitness function value: class org.evosuite.coverage.branch.BranchCoverageSuiteFitness ** 0.8
Current fitness function value: class org.evosuite.coverage.exception.ExceptionCoverageSuiteFitness ** 1.0
Current fitness function value: class org.evosuite.coverage.mutation.WeakMutationSuiteFitness ** 1.0
Current fitness function value: class org.evosuite.coverage.io.output.OutputCoverageSuiteFitness ** 0.6666666666666666
Current fitness function value: class org.evosuite.coverage.method.MethodCoverageSuiteFitness ** 1.0
Current fitness function value: class org.evosuite.coverage.method.MethodNoExceptionCoverageSuiteFitness ** 1.0
Current fitness function value: class org.evosuite.coverage.cbranch.CBranchSuiteFitness ** 0.8
[MASTER] 09:15:55.060 [logback-1] WARN  TestChromosome - Functional mock problem: org.evosuite.ga.ConstructionFailedException: Found no variables of type class org.sat4j.tools.GateTranslator
* naaame: 
* naaame: org.evosuite.ga.stoppingconditions.GlobalTimeStoppingCondition
* naaame: org.evosuite.ga.stoppingconditions.MaxFitnessEvaluationsStoppingCondition
Current fitness evaluations: 887
* naaame: org.evosuite.ShutdownTestWriter
* naaame: org.evosuite.ga.stoppingconditions.ZeroFitnessStoppingCondition
* naaame: org.evosuite.ga.stoppingconditions.RMIStoppingCondition
* naaame: 
* naaame: org.evosuite.ga.stoppingconditions.GlobalTimeStoppingCondition
* naaame: org.evosuite.ga.stoppingconditions.MaxFitnessEvaluationsStoppingCondition
Current fitness evaluations: 977
* naaame: org.evosuite.ShutdownTestWriter
* naaame: org.evosuite.ga.stoppingconditions.ZeroFitnessStoppingCondition
* naaame: org.evosuite.ga.stoppingconditions.RMIStoppingCondition
* naaame: 
* naaame: org.evosuite.ga.stoppingconditions.GlobalTimeStoppingCondition
* naaame: org.evosuite.ga.stoppingconditions.MaxFitnessEvaluationsStoppingCondition
Current fitness evaluations: 1052
* naaame: org.evosuite.ShutdownTestWriter
* naaame: org.evosuite.ga.stoppingconditions.ZeroFitnessStoppingCondition
* naaame: org.evosuite.ga.stoppingconditions.RMIStoppingCondition
Current fitness function value: class org.evosuite.coverage.line.LineCoverageSuiteFitness ** 0.9411764705882353
Current fitness function value: class org.evosuite.coverage.branch.BranchCoverageSuiteFitness ** 0.9
Current fitness function value: class org.evosuite.coverage.exception.ExceptionCoverageSuiteFitness ** 1.0
Current fitness function value: class org.evosuite.coverage.mutation.WeakMutationSuiteFitness ** 1.0
Current fitness function value: class org.evosuite.coverage.io.output.OutputCoverageSuiteFitness ** 0.6666666666666666
Current fitness function value: class org.evosuite.coverage.method.MethodCoverageSuiteFitness ** 1.0
Current fitness function value: class org.evosuite.coverage.method.MethodNoExceptionCoverageSuiteFitness ** 1.0
Current fitness function value: class org.evosuite.coverage.cbranch.CBranchSuiteFitness ** 0.9
* naaame: 
* naaame: org.evosuite.ga.stoppingconditions.GlobalTimeStoppingCondition
* naaame: org.evosuite.ga.stoppingconditions.MaxFitnessEvaluationsStoppingCondition
Current fitness evaluations: 1127
* naaame: org.evosuite.ShutdownTestWriter
* naaame: org.evosuite.ga.stoppingconditions.ZeroFitnessStoppingCondition
* naaame: org.evosuite.ga.stoppingconditions.RMIStoppingCondition
* naaame: 
* naaame: org.evosuite.ga.stoppingconditions.GlobalTimeStoppingCondition
* naaame: org.evosuite.ga.stoppingconditions.MaxFitnessEvaluationsStoppingCondition
Current fitness evaluations: 1205
* naaame: org.evosuite.ShutdownTestWriter
* naaame: org.evosuite.ga.stoppingconditions.ZeroFitnessStoppingCondition
* naaame: org.evosuite.ga.stoppingconditions.RMIStoppingCondition
* naaame: 
* naaame: org.evosuite.ga.stoppingconditions.GlobalTimeStoppingCondition
* naaame: org.evosuite.ga.stoppingconditions.MaxFitnessEvaluationsStoppingCondition
Current fitness evaluations: 1280
* naaame: org.evosuite.ShutdownTestWriter
* naaame: org.evosuite.ga.stoppingconditions.ZeroFitnessStoppingCondition
* naaame: org.evosuite.ga.stoppingconditions.RMIStoppingCondition
Current fitness function value: class org.evosuite.coverage.line.LineCoverageSuiteFitness ** 0.9411764705882353
Current fitness function value: class org.evosuite.coverage.branch.BranchCoverageSuiteFitness ** 0.9
Current fitness function value: class org.evosuite.coverage.exception.ExceptionCoverageSuiteFitness ** 1.0
Current fitness function value: class org.evosuite.coverage.mutation.WeakMutationSuiteFitness ** 1.0
Current fitness function value: class org.evosuite.coverage.io.output.OutputCoverageSuiteFitness ** 0.6666666666666666
Current fitness function value: class org.evosuite.coverage.method.MethodCoverageSuiteFitness ** 1.0
Current fitness function value: class org.evosuite.coverage.method.MethodNoExceptionCoverageSuiteFitness ** 1.0
Current fitness function value: class org.evosuite.coverage.cbranch.CBranchSuiteFitness ** 0.9
* naaame: 
* naaame: org.evosuite.ga.stoppingconditions.GlobalTimeStoppingCondition
* naaame: org.evosuite.ga.stoppingconditions.MaxFitnessEvaluationsStoppingCondition
Current fitness evaluations: 1328
* naaame: org.evosuite.ShutdownTestWriter
* naaame: org.evosuite.ga.stoppingconditions.ZeroFitnessStoppingCondition
* naaame: org.evosuite.ga.stoppingconditions.RMIStoppingCondition
Current fitness function value: class org.evosuite.coverage.line.LineCoverageSuiteFitness ** 0.9411764705882353
Current fitness function value: class org.evosuite.coverage.branch.BranchCoverageSuiteFitness ** 0.9
Current fitness function value: class org.evosuite.coverage.exception.ExceptionCoverageSuiteFitness ** 1.0
Current fitness function value: class org.evosuite.coverage.mutation.WeakMutationSuiteFitness ** 1.0
Current fitness function value: class org.evosuite.coverage.io.output.OutputCoverageSuiteFitness ** 0.6666666666666666
Current fitness function value: class org.evosuite.coverage.method.MethodCoverageSuiteFitness ** 1.0
Current fitness function value: class org.evosuite.coverage.method.MethodNoExceptionCoverageSuiteFitness ** 1.0
Current fitness function value: class org.evosuite.coverage.cbranch.CBranchSuiteFitness ** 0.9
* Search finished after 124s and 16 generations, 28933 statements, best individual has fitness: 7.0
Current fitness function value: class org.evosuite.coverage.line.LineCoverageSuiteFitness ** 0.9411764705882353
Current fitness function value: class org.evosuite.coverage.branch.BranchCoverageSuiteFitness ** 0.9
Current fitness function value: class org.evosuite.coverage.exception.ExceptionCoverageSuiteFitness ** 1.0
Current fitness function value: class org.evosuite.coverage.mutation.WeakMutationSuiteFitness ** 1.0
Current fitness function value: class org.evosuite.coverage.io.output.OutputCoverageSuiteFitness ** 0.6666666666666666
Current fitness function value: class org.evosuite.coverage.method.MethodCoverageSuiteFitness ** 1.0
Current fitness function value: class org.evosuite.coverage.method.MethodNoExceptionCoverageSuiteFitness ** 1.0
Current fitness function value: class org.evosuite.coverage.cbranch.CBranchSuiteFitness ** 0.9
* Minimizing test suite
* Going to analyze the coverage criteria
* Coverage analysis for criterion LINE
* Coverage of criterion LINE: 94%
* Total number of goals: 17
* Number of covered goals: 16
* Coverage analysis for criterion BRANCH
* Coverage of criterion BRANCH: 90%
* Total number of goals: 10
* Number of covered goals: 9
* Coverage analysis for criterion EXCEPTION
* Coverage of criterion EXCEPTION: 100%
* Total number of goals: 9
* Number of covered goals: 9
* Coverage analysis for criterion WEAKMUTATION
* Coverage of criterion WEAKMUTATION: 100%
* Total number of goals: 26
* Number of covered goals: 26
* Coverage analysis for criterion OUTPUT
* Coverage of criterion OUTPUT: 67%
* Total number of goals: 12
* Number of covered goals: 8
* Coverage analysis for criterion METHOD
* Coverage of criterion METHOD: 100%
* Total number of goals: 7
* Number of covered goals: 7
* Coverage analysis for criterion METHODNOEXCEPTION
* Coverage of criterion METHODNOEXCEPTION: 100%
* Total number of goals: 7
* Number of covered goals: 7
* Coverage analysis for criterion CBRANCH
* Coverage of criterion CBRANCH: 90%
* Total number of goals: 10
* Number of covered goals: 9
Current fitness function value: class org.evosuite.coverage.line.LineCoverageSuiteFitness ** 0.9411764705882353
Current fitness function value: class org.evosuite.coverage.branch.BranchCoverageSuiteFitness ** 0.9
Current fitness function value: class org.evosuite.coverage.exception.ExceptionCoverageSuiteFitness ** 1.0
Current fitness function value: class org.evosuite.coverage.mutation.WeakMutationSuiteFitness ** 1.0
Current fitness function value: class org.evosuite.coverage.io.output.OutputCoverageSuiteFitness ** 0.6666666666666666
Current fitness function value: class org.evosuite.coverage.method.MethodCoverageSuiteFitness ** 1.0
Current fitness function value: class org.evosuite.coverage.method.MethodNoExceptionCoverageSuiteFitness ** 1.0
Current fitness function value: class org.evosuite.coverage.cbranch.CBranchSuiteFitness ** 0.9
* Generated 17 tests with total length 101
* Resulting test suite's coverage: 93% (average coverage for all fitness functions)
* Generating assertions
* Resulting test suite's mutation score: 54%
Current fitness function value: class org.evosuite.coverage.line.LineCoverageSuiteFitness ** 0.9411764705882353
Current fitness function value: class org.evosuite.coverage.branch.BranchCoverageSuiteFitness ** 0.9
Current fitness function value: class org.evosuite.coverage.exception.ExceptionCoverageSuiteFitness ** 1.0
Current fitness function value: class org.evosuite.coverage.mutation.WeakMutationSuiteFitness ** 1.0
Current fitness function value: class org.evosuite.coverage.io.output.OutputCoverageSuiteFitness ** 0.6666666666666666
Current fitness function value: class org.evosuite.coverage.method.MethodCoverageSuiteFitness ** 1.0
Current fitness function value: class org.evosuite.coverage.method.MethodNoExceptionCoverageSuiteFitness ** 1.0
Current fitness function value: class org.evosuite.coverage.cbranch.CBranchSuiteFitness ** 0.9
* Compiling and checking tests
* Writing tests to file
* Writing JUnit test case 'ClausalCardinalitiesDecorator_ESTest' to evosuite-tests
* Done!

* Computation finished
