* EvoSuite 1.0.7-SNAPSHOT
* Going to generate test cases for class: org.sat4j.tools.encoding.Binary
* Starting Client-0
* Connecting to master process on port 13097
* Analyzing classpath: 
  - bins/sat4j/org.ow2.sat4j.core-2.3.6-SNAPSHOT.jar
  - bins/sat4j/org.ow2.sat4j.core-2.3.6-SNAPSHOT-tests.jar
* Finished analyzing classpath
* Executing tests from 6 test classes for carving
[MASTER] 11:44:05.103 [logback-1] WARN  CarvingClassLoader - Instrumenting class 'org.sat4j.tools.encoding.Binary'.
[MASTER] 11:44:05.175 [logback-1] WARN  CarvingClassLoader - Instrumenting class 'org.sat4j.tools.encoding.EncodingStrategyAdapter'.
[MASTER] 11:44:05.186 [logback-1] WARN  CarvingClassLoader - Instrumenting class 'org.sat4j.tools.TestClausalCardinalitiesSequentialEncoding'.
[MASTER] 11:44:05.194 [logback-1] WARN  CarvingClassLoader - Instrumenting class 'org.sat4j.tools.TestClausalCardinalitiesCommanderEncoding'.
[MASTER] 11:44:05.215 [logback-1] WARN  CarvingClassLoader - Instrumenting class 'org.sat4j.tools.TestClausalCardinalitiesProductEncoding'.
[MASTER] 11:44:05.245 [logback-1] WARN  CarvingClassLoader - Instrumenting class 'org.sat4j.tools.TestClausalCardinalitiesBinaryEncoding'.
[MASTER] 11:44:05.249 [logback-1] WARN  CarvingClassLoader - Instrumenting class 'org.sat4j.tools.TestClausalCardinalitiesBinomialEncoding'.
[MASTER] 11:44:05.259 [logback-1] WARN  CarvingClassLoader - Instrumenting class 'org.sat4j.tools.TestClausalCardinalitiesLadderEncoding'.
[MASTER] 11:44:05.290 [logback-1] WARN  CarvingClassLoader - Instrumenting class 'org.sat4j.tools.encoding.Policy'.
[MASTER] 11:44:05.303 [logback-1] WARN  CarvingClassLoader - Instrumenting class 'org.sat4j.specs.ISolver'.
[MASTER] 11:44:05.304 [logback-1] WARN  CarvingClassLoader - Instrumenting class 'org.sat4j.specs.IProblem'.
[MASTER] 11:44:05.305 [logback-1] WARN  CarvingClassLoader - Instrumenting class 'org.sat4j.specs.RandomAccessModel'.
[MASTER] 11:44:05.305 [logback-1] WARN  CarvingClassLoader - Instrumenting class 'org.sat4j.specs.IVecInt'.
[MASTER] 11:44:05.307 [logback-1] WARN  CarvingClassLoader - Instrumenting class 'org.sat4j.specs.ContradictionException'.
[MASTER] 11:44:05.309 [logback-1] WARN  CarvingClassLoader - Instrumenting class 'org.sat4j.specs.TimeoutException'.
[MASTER] 11:44:05.417 [logback-1] WARN  CarvingClassLoader - Instrumenting class 'org.sat4j.tools.encoding.Binomial'.
[MASTER] 11:44:05.424 [logback-1] WARN  CarvingClassLoader - Instrumenting class 'org.sat4j.tools.encoding.Commander'.
[MASTER] 11:44:05.437 [logback-1] WARN  CarvingClassLoader - Instrumenting class 'org.sat4j.tools.encoding.Ladder'.
[MASTER] 11:44:05.448 [logback-1] WARN  CarvingClassLoader - Instrumenting class 'org.sat4j.tools.encoding.Product'.
[MASTER] 11:44:05.468 [logback-1] WARN  CarvingClassLoader - Instrumenting class 'org.sat4j.tools.encoding.Sequential'.
[MASTER] 11:44:05.472 [logback-1] WARN  CarvingClassLoader - Instrumenting class 'org.sat4j.specs.IConstr'.
[MASTER] 11:44:05.475 [logback-1] WARN  CarvingClassLoader - Instrumenting class 'org.sat4j.tools.encoding.EncodingStrategy'.
[MASTER] 11:44:05.485 [logback-1] WARN  CarvingClassLoader - Instrumenting class 'org.sat4j.tools.ClausalCardinalitiesDecorator'.
[MASTER] 11:44:05.491 [logback-1] WARN  CarvingClassLoader - Instrumenting class 'org.sat4j.tools.SolverDecorator'.
[MASTER] 11:44:05.532 [logback-1] WARN  CarvingClassLoader - Instrumenting class 'org.sat4j.minisat.SolverFactory'.
[MASTER] 11:44:05.548 [logback-1] WARN  CarvingClassLoader - Instrumenting class 'org.sat4j.core.ASolverFactory'.
[MASTER] 11:44:05.553 [logback-1] WARN  CarvingClassLoader - Instrumenting class 'org.sat4j.minisat.core.IPhaseSelectionStrategy'.
[MASTER] 11:44:05.554 [logback-1] WARN  CarvingClassLoader - Instrumenting class 'org.sat4j.minisat.core.IOrder'.
[MASTER] 11:44:05.554 [logback-1] WARN  CarvingClassLoader - Instrumenting class 'org.sat4j.minisat.core.ICDCL'.
[MASTER] 11:44:05.554 [logback-1] WARN  CarvingClassLoader - Instrumenting class 'org.sat4j.specs.UnitPropagationListener'.
[MASTER] 11:44:05.555 [logback-1] WARN  CarvingClassLoader - Instrumenting class 'org.sat4j.minisat.core.ActivityListener'.
[MASTER] 11:44:05.555 [logback-1] WARN  CarvingClassLoader - Instrumenting class 'org.sat4j.minisat.core.VarActivityListener'.
[MASTER] 11:44:05.556 [logback-1] WARN  CarvingClassLoader - Instrumenting class 'org.sat4j.minisat.core.ConstrActivityListener'.
[MASTER] 11:44:05.557 [logback-1] WARN  CarvingClassLoader - Instrumenting class 'org.sat4j.minisat.core.Learner'.
[MASTER] 11:44:05.557 [logback-1] WARN  CarvingClassLoader - Instrumenting class 'org.sat4j.minisat.core.DataStructureFactory'.
[MASTER] 11:44:05.557 [logback-1] WARN  CarvingClassLoader - Instrumenting class 'org.sat4j.minisat.core.LearningStrategy'.
[MASTER] 11:44:05.558 [logback-1] WARN  CarvingClassLoader - Instrumenting class 'org.sat4j.minisat.core.RestartStrategy'.
[MASTER] 11:44:05.558 [logback-1] WARN  CarvingClassLoader - Instrumenting class 'org.sat4j.minisat.core.ConflictTimer'.
[MASTER] 11:44:05.559 [logback-1] WARN  CarvingClassLoader - Instrumenting class 'org.sat4j.minisat.learning.LimitedLearning'.
[MASTER] 11:44:05.563 [logback-1] WARN  CarvingClassLoader - Instrumenting class 'org.sat4j.minisat.learning.PercentLengthLearning'.
[MASTER] 11:44:05.568 [logback-1] WARN  CarvingClassLoader - Instrumenting class 'org.sat4j.specs.IOptimizationProblem'.
[MASTER] 11:44:05.579 [logback-1] WARN  CarvingClassLoader - Instrumenting class 'org.sat4j.minisat.constraints.MixedDataStructureDanielWL'.
[MASTER] 11:44:05.582 [logback-1] WARN  CarvingClassLoader - Instrumenting class 'org.sat4j.minisat.constraints.AbstractDataStructureFactory'.
[MASTER] 11:44:05.587 [logback-1] WARN  CarvingClassLoader - Instrumenting class 'org.sat4j.specs.IVec'.
[MASTER] 11:44:05.590 [logback-1] WARN  CarvingClassLoader - Instrumenting class 'org.sat4j.minisat.core.Constr'.
[MASTER] 11:44:05.592 [logback-1] WARN  CarvingClassLoader - Instrumenting class 'org.sat4j.minisat.core.ILits'.
[MASTER] 11:44:05.594 [logback-1] WARN  CarvingClassLoader - Instrumenting class 'org.sat4j.core.Vec'.
[MASTER] 11:44:05.633 [logback-1] WARN  CarvingClassLoader - Instrumenting class 'org.sat4j.minisat.constraints.cnf.Lits'.
[MASTER] 11:44:05.657 [logback-1] WARN  CarvingClassLoader - Instrumenting class 'org.sat4j.minisat.orders.VarOrderHeap'.
[MASTER] 11:44:05.680 [logback-1] WARN  CarvingClassLoader - Instrumenting class 'org.sat4j.minisat.orders.PhaseInLastLearnedClauseSelectionStrategy'.
[MASTER] 11:44:05.685 [logback-1] WARN  CarvingClassLoader - Instrumenting class 'org.sat4j.minisat.orders.AbstractPhaserecordingSelectionStrategy'.
[MASTER] 11:44:05.688 [logback-1] WARN  CarvingClassLoader - Instrumenting class 'org.sat4j.minisat.core.Heap'.
[MASTER] 11:44:05.692 [logback-1] WARN  CarvingClassLoader - Instrumenting class 'org.sat4j.minisat.learning.MiniSATLearning'.
[MASTER] 11:44:05.694 [logback-1] WARN  CarvingClassLoader - Instrumenting class 'org.sat4j.minisat.learning.AbstractLearning'.
[MASTER] 11:44:05.696 [logback-1] WARN  CarvingClassLoader - Instrumenting class 'org.sat4j.minisat.core.Solver'.
[MASTER] 11:44:05.746 [logback-1] WARN  CarvingClassLoader - Instrumenting class 'org.sat4j.specs.ISolverService'.
[MASTER] 11:44:05.749 [logback-1] WARN  CarvingClassLoader - Instrumenting class 'org.sat4j.minisat.core.ISimplifier'.
[MASTER] 11:44:05.751 [logback-1] WARN  CarvingClassLoader - Instrumenting class 'org.sat4j.minisat.core.LearnedConstraintsDeletionStrategy'.
[MASTER] 11:44:05.760 [logback-1] WARN  CarvingClassLoader - Instrumenting class 'org.sat4j.minisat.core.Solver$10'.
[MASTER] 11:44:05.777 [logback-1] WARN  CarvingClassLoader - Instrumenting class 'org.sat4j.minisat.core.Counter'.
[MASTER] 11:44:05.781 [logback-1] WARN  CarvingClassLoader - Instrumenting class 'org.sat4j.specs.SearchListener'.
[MASTER] 11:44:05.794 [logback-1] WARN  CarvingClassLoader - Instrumenting class 'org.sat4j.minisat.core.Solver$1'.
[MASTER] 11:44:05.795 [logback-1] WARN  CarvingClassLoader - Instrumenting class 'org.sat4j.minisat.restarts.MiniSATRestarts'.
[MASTER] 11:44:05.801 [logback-1] WARN  CarvingClassLoader - Instrumenting class 'org.sat4j.minisat.core.SearchParams'.
[MASTER] 11:44:05.807 [logback-1] WARN  CarvingClassLoader - Instrumenting class 'org.sat4j.specs.ILogAble'.
[MASTER] 11:44:05.807 [logback-1] WARN  CarvingClassLoader - Instrumenting class 'org.sat4j.specs.ILogAble$1'.
 - Carving test org.sat4j.tools.TestClausalCardinalitiesSequentialEncoding.testExactly2
 - Carving test org.sat4j.tools.TestClausalCardinalitiesSequentialEncoding.testAtMost2
 - Carving test org.sat4j.tools.TestClausalCardinalitiesSequentialEncoding.testExactly4With11Vars
 - Carving test org.sat4j.tools.TestClausalCardinalitiesSequentialEncoding.testAtMost4With11Vars
 - Carving test org.sat4j.tools.TestClausalCardinalitiesSequentialEncoding.testAtLeastOne
 - Carving test org.sat4j.tools.TestClausalCardinalitiesSequentialEncoding.testAtLeast2
 - Carving test org.sat4j.tools.TestClausalCardinalitiesSequentialEncoding.testAtMostOne
 - Carving test org.sat4j.tools.TestClausalCardinalitiesSequentialEncoding.testExactlyOne
 - Carving test org.sat4j.tools.TestClausalCardinalitiesSequentialEncoding.testAtMostOneWith8Vars
 - Carving test org.sat4j.tools.TestClausalCardinalitiesCommanderEncoding.testExactly2
 - Carving test org.sat4j.tools.TestClausalCardinalitiesCommanderEncoding.testAtMost2
 - Carving test org.sat4j.tools.TestClausalCardinalitiesCommanderEncoding.testExactly4With11Vars
 - Carving test org.sat4j.tools.TestClausalCardinalitiesCommanderEncoding.testAtMost4With11Vars
 - Carving test org.sat4j.tools.TestClausalCardinalitiesCommanderEncoding.testAtLeastOne
 - Carving test org.sat4j.tools.TestClausalCardinalitiesCommanderEncoding.testAtLeast2
 - Carving test org.sat4j.tools.TestClausalCardinalitiesCommanderEncoding.testAtMostOne
 - Carving test org.sat4j.tools.TestClausalCardinalitiesCommanderEncoding.testExactlyOne
 - Carving test org.sat4j.tools.TestClausalCardinalitiesCommanderEncoding.testAtMostOneWith8Vars
 - Carving test org.sat4j.tools.TestClausalCardinalitiesProductEncoding.testExactly2
 - Carving test org.sat4j.tools.TestClausalCardinalitiesProductEncoding.testAtMost2
 - Carving test org.sat4j.tools.TestClausalCardinalitiesProductEncoding.testExactly4With11Vars
 - Carving test org.sat4j.tools.TestClausalCardinalitiesProductEncoding.testAtMost4With11Vars
 - Carving test org.sat4j.tools.TestClausalCardinalitiesProductEncoding.testAtLeastOne
 - Carving test org.sat4j.tools.TestClausalCardinalitiesProductEncoding.testAtLeast2
 - Carving test org.sat4j.tools.TestClausalCardinalitiesProductEncoding.testAtMostOne
 - Carving test org.sat4j.tools.TestClausalCardinalitiesProductEncoding.testExactlyOne
 - Carving test org.sat4j.tools.TestClausalCardinalitiesProductEncoding.testAtMostOneWith8Vars
 - Carving test org.sat4j.tools.TestClausalCardinalitiesBinaryEncoding.testExactly2
 - Carving test org.sat4j.tools.TestClausalCardinalitiesBinaryEncoding.testAtMost2
 - Carving test org.sat4j.tools.TestClausalCardinalitiesBinaryEncoding.testAtLeastOne
 - Carving test org.sat4j.tools.TestClausalCardinalitiesBinaryEncoding.testAtLeast2
 - Carving test org.sat4j.tools.TestClausalCardinalitiesBinaryEncoding.testAtMostOne
 - Carving test org.sat4j.tools.TestClausalCardinalitiesBinaryEncoding.testExactlyOne
 - Carving test org.sat4j.tools.TestClausalCardinalitiesBinomialEncoding.testExactly2
 - Carving test org.sat4j.tools.TestClausalCardinalitiesBinomialEncoding.testAtMost2
 - Carving test org.sat4j.tools.TestClausalCardinalitiesBinomialEncoding.testAtLeastOne
 - Carving test org.sat4j.tools.TestClausalCardinalitiesBinomialEncoding.testAtLeast2
 - Carving test org.sat4j.tools.TestClausalCardinalitiesBinomialEncoding.testAtMostOne
 - Carving test org.sat4j.tools.TestClausalCardinalitiesBinomialEncoding.testExactlyOne
 - Carving test org.sat4j.tools.TestClausalCardinalitiesLadderEncoding.testExactly2
 - Carving test org.sat4j.tools.TestClausalCardinalitiesLadderEncoding.testAtMost2
 - Carving test org.sat4j.tools.TestClausalCardinalitiesLadderEncoding.testExactly4With11Vars
 - Carving test org.sat4j.tools.TestClausalCardinalitiesLadderEncoding.testAtMost4With11Vars
 - Carving test org.sat4j.tools.TestClausalCardinalitiesLadderEncoding.testAtLeastOne
 - Carving test org.sat4j.tools.TestClausalCardinalitiesLadderEncoding.testAtLeast2
 - Carving test org.sat4j.tools.TestClausalCardinalitiesLadderEncoding.testAtMostOne
 - Carving test org.sat4j.tools.TestClausalCardinalitiesLadderEncoding.testExactlyOne
 - Carving test org.sat4j.tools.TestClausalCardinalitiesLadderEncoding.testAtMostOneWith8Vars
 -> Carved 48 tests for class class org.sat4j.tools.encoding.Binary from existing JUnit tests
 -> Carved 48 tests for class class org.sat4j.tools.encoding.Policy from existing JUnit tests
 -> Carved 48 tests for class class org.sat4j.tools.encoding.Sequential from existing JUnit tests
 -> Carved 48 tests for class class org.sat4j.tools.encoding.Product from existing JUnit tests
 -> Carved 48 tests for class class org.sat4j.tools.encoding.Commander from existing JUnit tests
 -> Carved 48 tests for class class org.sat4j.tools.encoding.Binomial from existing JUnit tests
 -> Carved 48 tests for class class org.sat4j.tools.encoding.Ladder from existing JUnit tests
 -> Carved 48 tests for class class org.sat4j.tools.encoding.EncodingStrategy from existing JUnit tests
 -> Carved 48 tests for class class org.sat4j.minisat.SolverFactory from existing JUnit tests
 -> Carved 48 tests for class class org.sat4j.core.Vec from existing JUnit tests
 -> Carved 48 tests for class class org.sat4j.minisat.constraints.cnf.Lits from existing JUnit tests
 -> Carved 48 tests for class class org.sat4j.minisat.constraints.MixedDataStructureDanielWL from existing JUnit tests
 -> Carved 48 tests for class class org.sat4j.minisat.orders.PhaseInLastLearnedClauseSelectionStrategy from existing JUnit tests
 -> Carved 48 tests for class class org.sat4j.minisat.orders.VarOrderHeap from existing JUnit tests
 -> Carved 48 tests for class class org.sat4j.minisat.learning.MiniSATLearning from existing JUnit tests
 -> Carved 48 tests for class class org.sat4j.minisat.restarts.MiniSATRestarts from existing JUnit tests
 -> Carved 48 tests for class class org.sat4j.minisat.core.SearchParams from existing JUnit tests
* Generating tests for class org.sat4j.tools.encoding.Binary
* Test criteria:
  - Line Coverage
  - Branch Coverage
  - Exception
  - Mutation testing (weak)
  - Method-Output Coverage
  - Top-Level Method Coverage
  - No-Exception Top-Level Method Coverage
  - Context Branch Coverage
* Total number of test goals for DYNAMOSA: 450
* Using seed 1550400238516
* Starting evolution
[Progress:>                             0%] [Cov:>                                  0%]* Initialsss Number of Goals in DynMOSA = 122 / 450
[Progress:>                             0%] [Cov:=====================>             62%]Current fitness function value: class org.evosuite.coverage.line.LineCoverageSuiteFitness ** 0.6578947368421053
Current fitness function value: class org.evosuite.coverage.branch.BranchCoverageSuiteFitness ** 0.5609756097560976
Current fitness function value: class org.evosuite.coverage.exception.ExceptionCoverageSuiteFitness ** 1.0
Current fitness function value: class org.evosuite.coverage.mutation.WeakMutationSuiteFitness ** 0.6861313868613139
Current fitness function value: class org.evosuite.coverage.io.output.OutputCoverageSuiteFitness ** 0.25
Current fitness function value: class org.evosuite.coverage.method.MethodCoverageSuiteFitness ** 1.0
Current fitness function value: class org.evosuite.coverage.method.MethodNoExceptionCoverageSuiteFitness ** 0.6
Current fitness function value: class org.evosuite.coverage.cbranch.CBranchSuiteFitness ** 0.2682926829268293
* naaame: 
* naaame: org.evosuite.ga.stoppingconditions.MaxFitnessEvaluationsStoppingCondition
Current fitness evaluations: 200
* naaame: org.evosuite.ga.stoppingconditions.GlobalTimeStoppingCondition
* naaame: org.evosuite.ga.stoppingconditions.RMIStoppingCondition
* naaame: org.evosuite.ga.stoppingconditions.ZeroFitnessStoppingCondition
* naaame: org.evosuite.ShutdownTestWriter
[MASTER] 11:44:16.053 [logback-1] WARN  TestChromosome - Functional mock problem: org.evosuite.ga.ConstructionFailedException: Failed to add constructor for org.sat4j.opt.MaxSatDecorator due to org.evosuite.ga.ConstructionFailedException: Failed to add constructor for org.sat4j.tools.GateTranslator due to org.evosuite.ga.ConstructionFailedException: Failed to add constructor for org.sat4j.tools.Minimal4CardinalityModel due to org.evosuite.ga.ConstructionFailedException: Failed to add constructor for org.sat4j.tools.NegationDecorator due to org.evosuite.ga.ConstructionFailedException: Failed to add constructor for org.sat4j.tools.SolutionCounter due to org.evosuite.ga.ConstructionFailedException: Max recursion depth reached
[MASTER] 11:44:16.081 [logback-1] WARN  TestChromosome - Functional mock problem: org.evosuite.ga.ConstructionFailedException: Have no generator for org.sat4j.tools.FullClauseSelectorSolver<org.sat4j.tools.GroupClauseSelectorSolver<org.sat4j.tools.SolutionCounter>> canUseFunctionalMocks=false, canBeMocked: true
[MASTER] 11:44:17.228 [logback-1] WARN  TestChromosome - Functional mock problem: org.evosuite.ga.ConstructionFailedException: Failed to add constructor for org.sat4j.tools.FullClauseSelectorSolver due to org.evosuite.ga.ConstructionFailedException: Failed to add constructor for org.sat4j.tools.GroupClauseSelectorSolver due to org.evosuite.ga.ConstructionFailedException: Failed to add constructor for org.sat4j.tools.SolutionCounter due to org.evosuite.ga.ConstructionFailedException: Failed to add constructor for org.sat4j.tools.Minimal4CardinalityModel due to org.evosuite.ga.ConstructionFailedException: Max recursion depth reached
* naaame: 
* naaame: org.evosuite.ga.stoppingconditions.MaxFitnessEvaluationsStoppingCondition
Current fitness evaluations: 298
* naaame: org.evosuite.ga.stoppingconditions.GlobalTimeStoppingCondition
* naaame: org.evosuite.ga.stoppingconditions.RMIStoppingCondition
* naaame: org.evosuite.ga.stoppingconditions.ZeroFitnessStoppingCondition
* naaame: org.evosuite.ShutdownTestWriter
[Progress:>                             0%] [Cov:================================>  93%][MASTER] 11:44:18.348 [logback-1] WARN  TestChromosome - Functional mock problem: org.evosuite.ga.ConstructionFailedException: Failed to add constructor for org.sat4j.tools.Minimal4CardinalityModel due to org.evosuite.ga.ConstructionFailedException: Failed to add constructor for org.sat4j.opt.MaxSatDecorator due to org.evosuite.ga.ConstructionFailedException: Failed to add constructor for org.sat4j.tools.Minimal4InclusionModel due to org.evosuite.ga.ConstructionFailedException: Failed to add constructor for org.sat4j.tools.ClausalCardinalitiesDecorator due to org.evosuite.ga.ConstructionFailedException: Max recursion depth reached
* naaame: 
* naaame: org.evosuite.ga.stoppingconditions.MaxFitnessEvaluationsStoppingCondition
Current fitness evaluations: 396
* naaame: org.evosuite.ga.stoppingconditions.GlobalTimeStoppingCondition
* naaame: org.evosuite.ga.stoppingconditions.RMIStoppingCondition
* naaame: org.evosuite.ga.stoppingconditions.ZeroFitnessStoppingCondition
* naaame: org.evosuite.ShutdownTestWriter
[Progress:>                             0%] [Cov:================================>  93%]Current fitness function value: class org.evosuite.coverage.line.LineCoverageSuiteFitness ** 1.0
Current fitness function value: class org.evosuite.coverage.branch.BranchCoverageSuiteFitness ** 1.0
Current fitness function value: class org.evosuite.coverage.exception.ExceptionCoverageSuiteFitness ** 1.0
Current fitness function value: class org.evosuite.coverage.mutation.WeakMutationSuiteFitness ** 0.9744525547445255
Current fitness function value: class org.evosuite.coverage.io.output.OutputCoverageSuiteFitness ** 0.5
Current fitness function value: class org.evosuite.coverage.method.MethodCoverageSuiteFitness ** 1.0
Current fitness function value: class org.evosuite.coverage.method.MethodNoExceptionCoverageSuiteFitness ** 1.0
Current fitness function value: class org.evosuite.coverage.cbranch.CBranchSuiteFitness ** 1.0
* naaame: 
* naaame: org.evosuite.ga.stoppingconditions.MaxFitnessEvaluationsStoppingCondition
Current fitness evaluations: 490
* naaame: org.evosuite.ga.stoppingconditions.GlobalTimeStoppingCondition
* naaame: org.evosuite.ga.stoppingconditions.RMIStoppingCondition
* naaame: org.evosuite.ga.stoppingconditions.ZeroFitnessStoppingCondition
* naaame: org.evosuite.ShutdownTestWriter
[Progress:>                             0%] [Cov:================================>  93%][MASTER] 11:44:23.037 [logback-1] WARN  TestChromosome - Functional mock problem: org.evosuite.ga.ConstructionFailedException: Failed to add constructor for org.sat4j.tools.FullClauseSelectorSolver due to org.evosuite.ga.ConstructionFailedException: Failed to add constructor for org.sat4j.tools.SolutionCounter due to org.evosuite.ga.ConstructionFailedException: Failed to add constructor for org.sat4j.tools.OptToSatAdapter due to org.evosuite.ga.ConstructionFailedException: Failed to add constructor for org.sat4j.opt.MinOneDecorator due to org.evosuite.ga.ConstructionFailedException: Failed to add constructor for org.sat4j.tools.ModelIteratorToSATAdapter due to org.evosuite.ga.ConstructionFailedException: Max recursion depth reached
* naaame: 
* naaame: org.evosuite.ga.stoppingconditions.MaxFitnessEvaluationsStoppingCondition
Current fitness evaluations: 595
* naaame: org.evosuite.ga.stoppingconditions.GlobalTimeStoppingCondition
* naaame: org.evosuite.ga.stoppingconditions.RMIStoppingCondition
* naaame: org.evosuite.ga.stoppingconditions.ZeroFitnessStoppingCondition
* naaame: org.evosuite.ShutdownTestWriter
[Progress:>                             0%] [Cov:================================>  93%][MASTER] 11:44:25.522 [logback-1] WARN  TestChromosome - Functional mock problem: org.evosuite.ga.ConstructionFailedException: Failed to add constructor for org.sat4j.tools.GateTranslator due to org.evosuite.ga.ConstructionFailedException: Failed to add constructor for org.sat4j.tools.OptToSatAdapter due to org.evosuite.ga.ConstructionFailedException: Failed to add constructor for org.sat4j.tools.LexicoDecorator due to org.evosuite.ga.ConstructionFailedException: Failed to add constructor for org.sat4j.tools.GroupClauseSelectorSolver due to org.evosuite.ga.ConstructionFailedException: Failed to add constructor for org.sat4j.tools.SolutionCounter due to org.evosuite.ga.ConstructionFailedException: Max recursion depth reached
* naaame: 
* naaame: org.evosuite.ga.stoppingconditions.MaxFitnessEvaluationsStoppingCondition
Current fitness evaluations: 695
* naaame: org.evosuite.ga.stoppingconditions.GlobalTimeStoppingCondition
* naaame: org.evosuite.ga.stoppingconditions.RMIStoppingCondition
* naaame: org.evosuite.ga.stoppingconditions.ZeroFitnessStoppingCondition
* naaame: org.evosuite.ShutdownTestWriter
[Progress:>                             0%] [Cov:================================>  93%]Current fitness function value: class org.evosuite.coverage.line.LineCoverageSuiteFitness ** 1.0
Current fitness function value: class org.evosuite.coverage.branch.BranchCoverageSuiteFitness ** 1.0
Current fitness function value: class org.evosuite.coverage.exception.ExceptionCoverageSuiteFitness ** 1.0
Current fitness function value: class org.evosuite.coverage.mutation.WeakMutationSuiteFitness ** 0.9744525547445255
Current fitness function value: class org.evosuite.coverage.io.output.OutputCoverageSuiteFitness ** 0.5
Current fitness function value: class org.evosuite.coverage.method.MethodCoverageSuiteFitness ** 1.0
Current fitness function value: class org.evosuite.coverage.method.MethodNoExceptionCoverageSuiteFitness ** 1.0
Current fitness function value: class org.evosuite.coverage.cbranch.CBranchSuiteFitness ** 1.0
[MASTER] 11:44:30.661 [logback-1] WARN  TestChromosome - Functional mock problem: org.evosuite.ga.ConstructionFailedException: Failed to add constructor for org.sat4j.tools.Minimal4InclusionModel due to org.evosuite.ga.ConstructionFailedException: Failed to add constructor for org.sat4j.opt.MinOneDecorator due to org.evosuite.ga.ConstructionFailedException: Failed to add constructor for org.sat4j.tools.DimacsOutputSolver due to org.evosuite.ga.ConstructionFailedException: Failed to add constructor for org.evosuite.runtime.mock.java.io.MockPrintWriter due to org.evosuite.ga.ConstructionFailedException: Max recursion depth reached
* naaame: 
* naaame: org.evosuite.ga.stoppingconditions.MaxFitnessEvaluationsStoppingCondition
Current fitness evaluations: 789
* naaame: org.evosuite.ga.stoppingconditions.GlobalTimeStoppingCondition
* naaame: org.evosuite.ga.stoppingconditions.RMIStoppingCondition
* naaame: org.evosuite.ga.stoppingconditions.ZeroFitnessStoppingCondition
* naaame: org.evosuite.ShutdownTestWriter
[Progress:>                             0%] [Cov:================================>  93%][MASTER] 11:44:33.860 [logback-1] WARN  TestChromosome - Functional mock problem: org.evosuite.ga.ConstructionFailedException: Failed to add constructor for org.sat4j.tools.GroupClauseSelectorSolver due to org.evosuite.ga.ConstructionFailedException: Failed to add constructor for org.sat4j.tools.SolutionCounter due to org.evosuite.ga.ConstructionFailedException: Failed to add constructor for org.sat4j.tools.AbstractMinimalModel due to org.evosuite.ga.ConstructionFailedException: Failed to add constructor for org.sat4j.tools.AbstractMinimalModel due to org.evosuite.ga.ConstructionFailedException: Failed to add constructor for org.sat4j.tools.ManyCore due to org.evosuite.ga.ConstructionFailedException: Max recursion depth reached
* naaame: 
* naaame: org.evosuite.ga.stoppingconditions.MaxFitnessEvaluationsStoppingCondition
Current fitness evaluations: 892
* naaame: org.evosuite.ga.stoppingconditions.GlobalTimeStoppingCondition
* naaame: org.evosuite.ga.stoppingconditions.RMIStoppingCondition
* naaame: org.evosuite.ga.stoppingconditions.ZeroFitnessStoppingCondition
* naaame: org.evosuite.ShutdownTestWriter
[Progress:>                             0%] [Cov:================================>  93%]Current fitness function value: class org.evosuite.coverage.line.LineCoverageSuiteFitness ** 1.0
Current fitness function value: class org.evosuite.coverage.branch.BranchCoverageSuiteFitness ** 1.0
Current fitness function value: class org.evosuite.coverage.exception.ExceptionCoverageSuiteFitness ** 1.0
Current fitness function value: class org.evosuite.coverage.mutation.WeakMutationSuiteFitness ** 0.9744525547445255
Current fitness function value: class org.evosuite.coverage.io.output.OutputCoverageSuiteFitness ** 0.5
Current fitness function value: class org.evosuite.coverage.method.MethodCoverageSuiteFitness ** 1.0
Current fitness function value: class org.evosuite.coverage.method.MethodNoExceptionCoverageSuiteFitness ** 1.0
Current fitness function value: class org.evosuite.coverage.cbranch.CBranchSuiteFitness ** 1.0
[MASTER] 11:44:34.794 [logback-1] WARN  TestChromosome - Functional mock problem: org.evosuite.ga.ConstructionFailedException: Failed to add constructor for org.sat4j.opt.MaxSatDecorator due to org.evosuite.ga.ConstructionFailedException: Failed to add constructor for org.sat4j.tools.OptToSatAdapter due to org.evosuite.ga.ConstructionFailedException: Failed to add constructor for org.sat4j.tools.LexicoDecorator due to org.evosuite.ga.ConstructionFailedException: Failed to add constructor for org.sat4j.tools.GroupClauseSelectorSolver due to org.evosuite.ga.ConstructionFailedException: Failed to add constructor for org.sat4j.tools.SolutionCounter due to org.evosuite.ga.ConstructionFailedException: Max recursion depth reached
* naaame: 
* naaame: org.evosuite.ga.stoppingconditions.MaxFitnessEvaluationsStoppingCondition
Current fitness evaluations: 987
* naaame: org.evosuite.ga.stoppingconditions.GlobalTimeStoppingCondition
* naaame: org.evosuite.ga.stoppingconditions.RMIStoppingCondition
* naaame: org.evosuite.ga.stoppingconditions.ZeroFitnessStoppingCondition
* naaame: org.evosuite.ShutdownTestWriter
[Progress:>                             0%] [Cov:================================>  93%][MASTER] 11:44:42.496 [logback-1] WARN  TestChromosome - Functional mock problem: org.evosuite.ga.ConstructionFailedException: Failed to add constructor for org.sat4j.tools.Minimal4InclusionModel due to org.evosuite.ga.ConstructionFailedException: Failed to add constructor for org.sat4j.tools.Minimal4CardinalityModel due to org.evosuite.ga.ConstructionFailedException: Failed to add constructor for org.sat4j.tools.ModelIteratorToSATAdapter due to org.evosuite.ga.ConstructionFailedException: Failed to add constructor for org.sat4j.tools.Minimal4CardinalityModel due to org.evosuite.ga.ConstructionFailedException: Max recursion depth reached
* naaame: 
* naaame: org.evosuite.ga.stoppingconditions.MaxFitnessEvaluationsStoppingCondition
Current fitness evaluations: 1087
* naaame: org.evosuite.ga.stoppingconditions.GlobalTimeStoppingCondition
* naaame: org.evosuite.ga.stoppingconditions.RMIStoppingCondition
* naaame: org.evosuite.ga.stoppingconditions.ZeroFitnessStoppingCondition
* naaame: org.evosuite.ShutdownTestWriter
[Progress:>                             0%] [Cov:================================>  93%]Current fitness function value: class org.evosuite.coverage.line.LineCoverageSuiteFitness ** 1.0
Current fitness function value: class org.evosuite.coverage.branch.BranchCoverageSuiteFitness ** 1.0
Current fitness function value: class org.evosuite.coverage.exception.ExceptionCoverageSuiteFitness ** 1.0
Current fitness function value: class org.evosuite.coverage.mutation.WeakMutationSuiteFitness ** 0.9744525547445255
Current fitness function value: class org.evosuite.coverage.io.output.OutputCoverageSuiteFitness ** 0.5
Current fitness function value: class org.evosuite.coverage.method.MethodCoverageSuiteFitness ** 1.0
Current fitness function value: class org.evosuite.coverage.method.MethodNoExceptionCoverageSuiteFitness ** 1.0
Current fitness function value: class org.evosuite.coverage.cbranch.CBranchSuiteFitness ** 1.0
[MASTER] 11:44:45.075 [logback-1] WARN  TestChromosome - Functional mock problem: org.evosuite.ga.ConstructionFailedException: Failed to add constructor for org.sat4j.tools.SubModelIterator due to org.evosuite.ga.ConstructionFailedException: Failed to add constructor for org.sat4j.tools.FullClauseSelectorSolver due to org.evosuite.ga.ConstructionFailedException: Failed to add constructor for org.sat4j.tools.GroupClauseSelectorSolver due to org.evosuite.ga.ConstructionFailedException: Failed to add constructor for org.sat4j.tools.SolutionCounter due to org.evosuite.ga.ConstructionFailedException: Max recursion depth reached
[MASTER] 11:44:46.480 [logback-1] WARN  TestChromosome - Functional mock problem: org.evosuite.ga.ConstructionFailedException: Failed to add constructor for org.sat4j.opt.MaxSatDecorator due to org.evosuite.ga.ConstructionFailedException: Failed to add constructor for org.sat4j.opt.MaxSatDecorator due to org.evosuite.ga.ConstructionFailedException: Failed to add constructor for org.sat4j.tools.ModelIteratorToSATAdapter due to org.evosuite.ga.ConstructionFailedException: Failed to add constructor for org.sat4j.tools.ModelIteratorToSATAdapter due to org.evosuite.ga.ConstructionFailedException: Failed to add constructor for org.sat4j.tools.SolutionCounter due to org.evosuite.ga.ConstructionFailedException: Max recursion depth reached
* naaame: 
* naaame: org.evosuite.ga.stoppingconditions.MaxFitnessEvaluationsStoppingCondition
Current fitness evaluations: 1187
* naaame: org.evosuite.ga.stoppingconditions.GlobalTimeStoppingCondition
* naaame: org.evosuite.ga.stoppingconditions.RMIStoppingCondition
* naaame: org.evosuite.ga.stoppingconditions.ZeroFitnessStoppingCondition
* naaame: org.evosuite.ShutdownTestWriter
[Progress:>                             0%] [Cov:================================>  93%]* naaame: 
* naaame: org.evosuite.ga.stoppingconditions.MaxFitnessEvaluationsStoppingCondition
Current fitness evaluations: 1292
* naaame: org.evosuite.ga.stoppingconditions.GlobalTimeStoppingCondition
* naaame: org.evosuite.ga.stoppingconditions.RMIStoppingCondition
* naaame: org.evosuite.ga.stoppingconditions.ZeroFitnessStoppingCondition
* naaame: org.evosuite.ShutdownTestWriter
[Progress:>                             0%] [Cov:================================>  93%]Current fitness function value: class org.evosuite.coverage.line.LineCoverageSuiteFitness ** 1.0
Current fitness function value: class org.evosuite.coverage.branch.BranchCoverageSuiteFitness ** 1.0
Current fitness function value: class org.evosuite.coverage.exception.ExceptionCoverageSuiteFitness ** 1.0
Current fitness function value: class org.evosuite.coverage.mutation.WeakMutationSuiteFitness ** 0.9744525547445255
Current fitness function value: class org.evosuite.coverage.io.output.OutputCoverageSuiteFitness ** 0.5
Current fitness function value: class org.evosuite.coverage.method.MethodCoverageSuiteFitness ** 1.0
Current fitness function value: class org.evosuite.coverage.method.MethodNoExceptionCoverageSuiteFitness ** 1.0
Current fitness function value: class org.evosuite.coverage.cbranch.CBranchSuiteFitness ** 1.0
* naaame: 
* naaame: org.evosuite.ga.stoppingconditions.MaxFitnessEvaluationsStoppingCondition
Current fitness evaluations: 1395
* naaame: org.evosuite.ga.stoppingconditions.GlobalTimeStoppingCondition
* naaame: org.evosuite.ga.stoppingconditions.RMIStoppingCondition
* naaame: org.evosuite.ga.stoppingconditions.ZeroFitnessStoppingCondition
* naaame: org.evosuite.ShutdownTestWriter
[Progress:>                             0%] [Cov:================================>  93%]* naaame: 
* naaame: org.evosuite.ga.stoppingconditions.MaxFitnessEvaluationsStoppingCondition
Current fitness evaluations: 1502
* naaame: org.evosuite.ga.stoppingconditions.GlobalTimeStoppingCondition
* naaame: org.evosuite.ga.stoppingconditions.RMIStoppingCondition
* naaame: org.evosuite.ga.stoppingconditions.ZeroFitnessStoppingCondition
* naaame: org.evosuite.ShutdownTestWriter
[Progress:>                             0%] [Cov:================================>  93%]Current fitness function value: class org.evosuite.coverage.line.LineCoverageSuiteFitness ** 1.0
Current fitness function value: class org.evosuite.coverage.branch.BranchCoverageSuiteFitness ** 1.0
Current fitness function value: class org.evosuite.coverage.exception.ExceptionCoverageSuiteFitness ** 1.0
Current fitness function value: class org.evosuite.coverage.mutation.WeakMutationSuiteFitness ** 0.9744525547445255
Current fitness function value: class org.evosuite.coverage.io.output.OutputCoverageSuiteFitness ** 0.5
Current fitness function value: class org.evosuite.coverage.method.MethodCoverageSuiteFitness ** 1.0
Current fitness function value: class org.evosuite.coverage.method.MethodNoExceptionCoverageSuiteFitness ** 1.0
Current fitness function value: class org.evosuite.coverage.cbranch.CBranchSuiteFitness ** 1.0
* naaame: 
* naaame: org.evosuite.ga.stoppingconditions.MaxFitnessEvaluationsStoppingCondition
Current fitness evaluations: 1602
* naaame: org.evosuite.ga.stoppingconditions.GlobalTimeStoppingCondition
* naaame: org.evosuite.ga.stoppingconditions.RMIStoppingCondition
* naaame: org.evosuite.ga.stoppingconditions.ZeroFitnessStoppingCondition
* naaame: org.evosuite.ShutdownTestWriter
[Progress:>                             0%] [Cov:================================>  93%]* naaame: 
* naaame: org.evosuite.ga.stoppingconditions.MaxFitnessEvaluationsStoppingCondition
Current fitness evaluations: 1704
* naaame: org.evosuite.ga.stoppingconditions.GlobalTimeStoppingCondition
* naaame: org.evosuite.ga.stoppingconditions.RMIStoppingCondition
* naaame: org.evosuite.ga.stoppingconditions.ZeroFitnessStoppingCondition
* naaame: org.evosuite.ShutdownTestWriter
[Progress:>                             0%] [Cov:================================>  93%]Current fitness function value: class org.evosuite.coverage.line.LineCoverageSuiteFitness ** 1.0
Current fitness function value: class org.evosuite.coverage.branch.BranchCoverageSuiteFitness ** 1.0
Current fitness function value: class org.evosuite.coverage.exception.ExceptionCoverageSuiteFitness ** 1.0
Current fitness function value: class org.evosuite.coverage.mutation.WeakMutationSuiteFitness ** 0.9744525547445255
Current fitness function value: class org.evosuite.coverage.io.output.OutputCoverageSuiteFitness ** 0.5
Current fitness function value: class org.evosuite.coverage.method.MethodCoverageSuiteFitness ** 1.0
Current fitness function value: class org.evosuite.coverage.method.MethodNoExceptionCoverageSuiteFitness ** 1.0
Current fitness function value: class org.evosuite.coverage.cbranch.CBranchSuiteFitness ** 1.0
* naaame: 
* naaame: org.evosuite.ga.stoppingconditions.MaxFitnessEvaluationsStoppingCondition
Current fitness evaluations: 1807
* naaame: org.evosuite.ga.stoppingconditions.GlobalTimeStoppingCondition
* naaame: org.evosuite.ga.stoppingconditions.RMIStoppingCondition
* naaame: org.evosuite.ga.stoppingconditions.ZeroFitnessStoppingCondition
* naaame: org.evosuite.ShutdownTestWriter
[Progress:>                             0%] [Cov:================================>  93%]* naaame: 
* naaame: org.evosuite.ga.stoppingconditions.MaxFitnessEvaluationsStoppingCondition
Current fitness evaluations: 1902
* naaame: org.evosuite.ga.stoppingconditions.GlobalTimeStoppingCondition
* naaame: org.evosuite.ga.stoppingconditions.RMIStoppingCondition
* naaame: org.evosuite.ga.stoppingconditions.ZeroFitnessStoppingCondition
* naaame: org.evosuite.ShutdownTestWriter
[Progress:>                             0%] [Cov:================================>  93%]Current fitness function value: class org.evosuite.coverage.line.LineCoverageSuiteFitness ** 1.0
Current fitness function value: class org.evosuite.coverage.branch.BranchCoverageSuiteFitness ** 1.0
Current fitness function value: class org.evosuite.coverage.exception.ExceptionCoverageSuiteFitness ** 1.0
Current fitness function value: class org.evosuite.coverage.mutation.WeakMutationSuiteFitness ** 0.9744525547445255
Current fitness function value: class org.evosuite.coverage.io.output.OutputCoverageSuiteFitness ** 0.5
Current fitness function value: class org.evosuite.coverage.method.MethodCoverageSuiteFitness ** 1.0
Current fitness function value: class org.evosuite.coverage.method.MethodNoExceptionCoverageSuiteFitness ** 1.0
Current fitness function value: class org.evosuite.coverage.cbranch.CBranchSuiteFitness ** 1.0
* naaame: 
* naaame: org.evosuite.ga.stoppingconditions.MaxFitnessEvaluationsStoppingCondition
Current fitness evaluations: 2004
* naaame: org.evosuite.ga.stoppingconditions.GlobalTimeStoppingCondition
* naaame: org.evosuite.ga.stoppingconditions.RMIStoppingCondition
* naaame: org.evosuite.ga.stoppingconditions.ZeroFitnessStoppingCondition
* naaame: org.evosuite.ShutdownTestWriter
[Progress:>                             0%] [Cov:================================>  93%]* naaame: 
* naaame: org.evosuite.ga.stoppingconditions.MaxFitnessEvaluationsStoppingCondition
Current fitness evaluations: 2104
* naaame: org.evosuite.ga.stoppingconditions.GlobalTimeStoppingCondition
* naaame: org.evosuite.ga.stoppingconditions.RMIStoppingCondition
* naaame: org.evosuite.ga.stoppingconditions.ZeroFitnessStoppingCondition
* naaame: org.evosuite.ShutdownTestWriter
[Progress:>                             0%] [Cov:================================>  93%]Current fitness function value: class org.evosuite.coverage.line.LineCoverageSuiteFitness ** 1.0
Current fitness function value: class org.evosuite.coverage.branch.BranchCoverageSuiteFitness ** 1.0
Current fitness function value: class org.evosuite.coverage.exception.ExceptionCoverageSuiteFitness ** 1.0
Current fitness function value: class org.evosuite.coverage.mutation.WeakMutationSuiteFitness ** 0.9744525547445255
Current fitness function value: class org.evosuite.coverage.io.output.OutputCoverageSuiteFitness ** 0.5
Current fitness function value: class org.evosuite.coverage.method.MethodCoverageSuiteFitness ** 1.0
Current fitness function value: class org.evosuite.coverage.method.MethodNoExceptionCoverageSuiteFitness ** 1.0
Current fitness function value: class org.evosuite.coverage.cbranch.CBranchSuiteFitness ** 1.0
* naaame: 
* naaame: org.evosuite.ga.stoppingconditions.MaxFitnessEvaluationsStoppingCondition
Current fitness evaluations: 2207
* naaame: org.evosuite.ga.stoppingconditions.GlobalTimeStoppingCondition
* naaame: org.evosuite.ga.stoppingconditions.RMIStoppingCondition
* naaame: org.evosuite.ga.stoppingconditions.ZeroFitnessStoppingCondition
* naaame: org.evosuite.ShutdownTestWriter
[Progress:>                             1%] [Cov:================================>  93%]* naaame: 
* naaame: org.evosuite.ga.stoppingconditions.MaxFitnessEvaluationsStoppingCondition
Current fitness evaluations: 2303
* naaame: org.evosuite.ga.stoppingconditions.GlobalTimeStoppingCondition
* naaame: org.evosuite.ga.stoppingconditions.RMIStoppingCondition
* naaame: org.evosuite.ga.stoppingconditions.ZeroFitnessStoppingCondition
* naaame: org.evosuite.ShutdownTestWriter
[Progress:>                             1%] [Cov:================================>  93%]Current fitness function value: class org.evosuite.coverage.line.LineCoverageSuiteFitness ** 1.0
Current fitness function value: class org.evosuite.coverage.branch.BranchCoverageSuiteFitness ** 1.0
Current fitness function value: class org.evosuite.coverage.exception.ExceptionCoverageSuiteFitness ** 1.0
Current fitness function value: class org.evosuite.coverage.mutation.WeakMutationSuiteFitness ** 0.9744525547445255
Current fitness function value: class org.evosuite.coverage.io.output.OutputCoverageSuiteFitness ** 0.5
Current fitness function value: class org.evosuite.coverage.method.MethodCoverageSuiteFitness ** 1.0
Current fitness function value: class org.evosuite.coverage.method.MethodNoExceptionCoverageSuiteFitness ** 1.0
Current fitness function value: class org.evosuite.coverage.cbranch.CBranchSuiteFitness ** 1.0
* naaame: 
* naaame: org.evosuite.ga.stoppingconditions.MaxFitnessEvaluationsStoppingCondition
Current fitness evaluations: 2404
* naaame: org.evosuite.ga.stoppingconditions.GlobalTimeStoppingCondition
* naaame: org.evosuite.ga.stoppingconditions.RMIStoppingCondition
* naaame: org.evosuite.ga.stoppingconditions.ZeroFitnessStoppingCondition
* naaame: org.evosuite.ShutdownTestWriter
[Progress:>                             1%] [Cov:================================>  93%]Current fitness function value: class org.evosuite.coverage.line.LineCoverageSuiteFitness ** 1.0
Current fitness function value: class org.evosuite.coverage.branch.BranchCoverageSuiteFitness ** 1.0
Current fitness function value: class org.evosuite.coverage.exception.ExceptionCoverageSuiteFitness ** 1.0
Current fitness function value: class org.evosuite.coverage.mutation.WeakMutationSuiteFitness ** 0.9744525547445255
Current fitness function value: class org.evosuite.coverage.io.output.OutputCoverageSuiteFitness ** 0.5
Current fitness function value: class org.evosuite.coverage.method.MethodCoverageSuiteFitness ** 1.0
Current fitness function value: class org.evosuite.coverage.method.MethodNoExceptionCoverageSuiteFitness ** 1.0
Current fitness function value: class org.evosuite.coverage.cbranch.CBranchSuiteFitness ** 1.0
* naaame: 
* naaame: org.evosuite.ga.stoppingconditions.MaxFitnessEvaluationsStoppingCondition
Current fitness evaluations: 2505
* naaame: org.evosuite.ga.stoppingconditions.GlobalTimeStoppingCondition
* naaame: org.evosuite.ga.stoppingconditions.RMIStoppingCondition
* naaame: org.evosuite.ga.stoppingconditions.ZeroFitnessStoppingCondition
* naaame: org.evosuite.ShutdownTestWriter
[Progress:>                             1%] [Cov:================================>  93%]* naaame: 
* naaame: org.evosuite.ga.stoppingconditions.MaxFitnessEvaluationsStoppingCondition
Current fitness evaluations: 2608
* naaame: org.evosuite.ga.stoppingconditions.GlobalTimeStoppingCondition
* naaame: org.evosuite.ga.stoppingconditions.RMIStoppingCondition
* naaame: org.evosuite.ga.stoppingconditions.ZeroFitnessStoppingCondition
* naaame: org.evosuite.ShutdownTestWriter
[Progress:>                             1%] [Cov:================================>  93%]Current fitness function value: class org.evosuite.coverage.line.LineCoverageSuiteFitness ** 1.0
Current fitness function value: class org.evosuite.coverage.branch.BranchCoverageSuiteFitness ** 1.0
Current fitness function value: class org.evosuite.coverage.exception.ExceptionCoverageSuiteFitness ** 1.0
Current fitness function value: class org.evosuite.coverage.mutation.WeakMutationSuiteFitness ** 0.9744525547445255
Current fitness function value: class org.evosuite.coverage.io.output.OutputCoverageSuiteFitness ** 0.5
Current fitness function value: class org.evosuite.coverage.method.MethodCoverageSuiteFitness ** 1.0
Current fitness function value: class org.evosuite.coverage.method.MethodNoExceptionCoverageSuiteFitness ** 1.0
Current fitness function value: class org.evosuite.coverage.cbranch.CBranchSuiteFitness ** 1.0
* naaame: 
* naaame: org.evosuite.ga.stoppingconditions.MaxFitnessEvaluationsStoppingCondition
Current fitness evaluations: 2710
* naaame: org.evosuite.ga.stoppingconditions.GlobalTimeStoppingCondition
* naaame: org.evosuite.ga.stoppingconditions.RMIStoppingCondition
* naaame: org.evosuite.ga.stoppingconditions.ZeroFitnessStoppingCondition
* naaame: org.evosuite.ShutdownTestWriter
[Progress:>                             1%] [Cov:================================>  93%]Current fitness function value: class org.evosuite.coverage.line.LineCoverageSuiteFitness ** 1.0
Current fitness function value: class org.evosuite.coverage.branch.BranchCoverageSuiteFitness ** 1.0
Current fitness function value: class org.evosuite.coverage.exception.ExceptionCoverageSuiteFitness ** 1.0
Current fitness function value: class org.evosuite.coverage.mutation.WeakMutationSuiteFitness ** 0.9744525547445255
Current fitness function value: class org.evosuite.coverage.io.output.OutputCoverageSuiteFitness ** 0.5
Current fitness function value: class org.evosuite.coverage.method.MethodCoverageSuiteFitness ** 1.0
Current fitness function value: class org.evosuite.coverage.method.MethodNoExceptionCoverageSuiteFitness ** 1.0
Current fitness function value: class org.evosuite.coverage.cbranch.CBranchSuiteFitness ** 1.0
* naaame: 
* naaame: org.evosuite.ga.stoppingconditions.MaxFitnessEvaluationsStoppingCondition
Current fitness evaluations: 2811
* naaame: org.evosuite.ga.stoppingconditions.GlobalTimeStoppingCondition
* naaame: org.evosuite.ga.stoppingconditions.RMIStoppingCondition
* naaame: org.evosuite.ga.stoppingconditions.ZeroFitnessStoppingCondition
* naaame: org.evosuite.ShutdownTestWriter
[Progress:>                             1%] [Cov:================================>  93%]Current fitness function value: class org.evosuite.coverage.line.LineCoverageSuiteFitness ** 1.0
Current fitness function value: class org.evosuite.coverage.branch.BranchCoverageSuiteFitness ** 1.0
Current fitness function value: class org.evosuite.coverage.exception.ExceptionCoverageSuiteFitness ** 1.0
Current fitness function value: class org.evosuite.coverage.mutation.WeakMutationSuiteFitness ** 0.9744525547445255
Current fitness function value: class org.evosuite.coverage.io.output.OutputCoverageSuiteFitness ** 0.5
Current fitness function value: class org.evosuite.coverage.method.MethodCoverageSuiteFitness ** 1.0
Current fitness function value: class org.evosuite.coverage.method.MethodNoExceptionCoverageSuiteFitness ** 1.0
Current fitness function value: class org.evosuite.coverage.cbranch.CBranchSuiteFitness ** 1.0
* naaame: 
* naaame: org.evosuite.ga.stoppingconditions.MaxFitnessEvaluationsStoppingCondition
Current fitness evaluations: 2918
* naaame: org.evosuite.ga.stoppingconditions.GlobalTimeStoppingCondition
* naaame: org.evosuite.ga.stoppingconditions.RMIStoppingCondition
* naaame: org.evosuite.ga.stoppingconditions.ZeroFitnessStoppingCondition
* naaame: org.evosuite.ShutdownTestWriter
[Progress:>                             1%] [Cov:================================>  93%]* naaame: 
* naaame: org.evosuite.ga.stoppingconditions.MaxFitnessEvaluationsStoppingCondition
Current fitness evaluations: 3024
* naaame: org.evosuite.ga.stoppingconditions.GlobalTimeStoppingCondition
* naaame: org.evosuite.ga.stoppingconditions.RMIStoppingCondition
* naaame: org.evosuite.ga.stoppingconditions.ZeroFitnessStoppingCondition
* naaame: org.evosuite.ShutdownTestWriter
[Progress:>                             1%] [Cov:================================>  93%]Current fitness function value: class org.evosuite.coverage.line.LineCoverageSuiteFitness ** 1.0
Current fitness function value: class org.evosuite.coverage.branch.BranchCoverageSuiteFitness ** 1.0
Current fitness function value: class org.evosuite.coverage.exception.ExceptionCoverageSuiteFitness ** 1.0
Current fitness function value: class org.evosuite.coverage.mutation.WeakMutationSuiteFitness ** 0.9744525547445255
Current fitness function value: class org.evosuite.coverage.io.output.OutputCoverageSuiteFitness ** 0.5
Current fitness function value: class org.evosuite.coverage.method.MethodCoverageSuiteFitness ** 1.0
Current fitness function value: class org.evosuite.coverage.method.MethodNoExceptionCoverageSuiteFitness ** 1.0
Current fitness function value: class org.evosuite.coverage.cbranch.CBranchSuiteFitness ** 1.0
* naaame: 
* naaame: org.evosuite.ga.stoppingconditions.MaxFitnessEvaluationsStoppingCondition
Current fitness evaluations: 3124
* naaame: org.evosuite.ga.stoppingconditions.GlobalTimeStoppingCondition
* naaame: org.evosuite.ga.stoppingconditions.RMIStoppingCondition
* naaame: org.evosuite.ga.stoppingconditions.ZeroFitnessStoppingCondition
* naaame: org.evosuite.ShutdownTestWriter
[Progress:>                             1%] [Cov:================================>  93%]Current fitness function value: class org.evosuite.coverage.line.LineCoverageSuiteFitness ** 1.0
Current fitness function value: class org.evosuite.coverage.branch.BranchCoverageSuiteFitness ** 1.0
Current fitness function value: class org.evosuite.coverage.exception.ExceptionCoverageSuiteFitness ** 1.0
Current fitness function value: class org.evosuite.coverage.mutation.WeakMutationSuiteFitness ** 0.9744525547445255
Current fitness function value: class org.evosuite.coverage.io.output.OutputCoverageSuiteFitness ** 0.5
Current fitness function value: class org.evosuite.coverage.method.MethodCoverageSuiteFitness ** 1.0
Current fitness function value: class org.evosuite.coverage.method.MethodNoExceptionCoverageSuiteFitness ** 1.0
Current fitness function value: class org.evosuite.coverage.cbranch.CBranchSuiteFitness ** 1.0
* naaame: 
* naaame: org.evosuite.ga.stoppingconditions.MaxFitnessEvaluationsStoppingCondition
Current fitness evaluations: 3143
* naaame: org.evosuite.ga.stoppingconditions.GlobalTimeStoppingCondition
* naaame: org.evosuite.ga.stoppingconditions.RMIStoppingCondition
* naaame: org.evosuite.ga.stoppingconditions.ZeroFitnessStoppingCondition
* naaame: org.evosuite.ShutdownTestWriter
[Progress:>                             1%] [Cov:================================>  93%]Current fitness function value: class org.evosuite.coverage.line.LineCoverageSuiteFitness ** 1.0
Current fitness function value: class org.evosuite.coverage.branch.BranchCoverageSuiteFitness ** 1.0
Current fitness function value: class org.evosuite.coverage.exception.ExceptionCoverageSuiteFitness ** 1.0
Current fitness function value: class org.evosuite.coverage.mutation.WeakMutationSuiteFitness ** 0.9744525547445255
Current fitness function value: class org.evosuite.coverage.io.output.OutputCoverageSuiteFitness ** 0.5
Current fitness function value: class org.evosuite.coverage.method.MethodCoverageSuiteFitness ** 1.0
Current fitness function value: class org.evosuite.coverage.method.MethodNoExceptionCoverageSuiteFitness ** 1.0
Current fitness function value: class org.evosuite.coverage.cbranch.CBranchSuiteFitness ** 1.0

* Search finished after 121s and 30 generations, 51260 statements, best individual has fitness: 11.0
Current fitness function value: class org.evosuite.coverage.line.LineCoverageSuiteFitness ** 1.0
Current fitness function value: class org.evosuite.coverage.branch.BranchCoverageSuiteFitness ** 1.0
Current fitness function value: class org.evosuite.coverage.exception.ExceptionCoverageSuiteFitness ** 1.0
Current fitness function value: class org.evosuite.coverage.mutation.WeakMutationSuiteFitness ** 0.9744525547445255
Current fitness function value: class org.evosuite.coverage.io.output.OutputCoverageSuiteFitness ** 0.5
Current fitness function value: class org.evosuite.coverage.method.MethodCoverageSuiteFitness ** 1.0
Current fitness function value: class org.evosuite.coverage.method.MethodNoExceptionCoverageSuiteFitness ** 1.0
Current fitness function value: class org.evosuite.coverage.cbranch.CBranchSuiteFitness ** 1.0
* Minimizing test suite
* Going to analyze the coverage criteria
* Coverage analysis for criterion LINE
* Coverage of criterion LINE: 100%
* Total number of goals: 76
* Number of covered goals: 76
* Coverage analysis for criterion BRANCH
* Coverage of criterion BRANCH: 100%
* Total number of goals: 41
* Number of covered goals: 41
* Coverage analysis for criterion EXCEPTION
* Coverage of criterion EXCEPTION: 100%
* Total number of goals: 23
* Number of covered goals: 23
* Coverage analysis for criterion WEAKMUTATION
* Coverage of criterion WEAKMUTATION: 97%
* Total number of goals: 274
* Number of covered goals: 267
* Coverage analysis for criterion OUTPUT
* Coverage of criterion OUTPUT: 50%
* Total number of goals: 8
* Number of covered goals: 4
* Coverage analysis for criterion METHOD
* Coverage of criterion METHOD: 100%
* Total number of goals: 5
* Number of covered goals: 5
* Coverage analysis for criterion METHODNOEXCEPTION
* Coverage of criterion METHODNOEXCEPTION: 100%
* Total number of goals: 5
* Number of covered goals: 5
* Coverage analysis for criterion CBRANCH
* Coverage of criterion CBRANCH: 100%
* Total number of goals: 41
* Number of covered goals: 41
Current fitness function value: class org.evosuite.coverage.line.LineCoverageSuiteFitness ** 1.0
Current fitness function value: class org.evosuite.coverage.branch.BranchCoverageSuiteFitness ** 1.0
Current fitness function value: class org.evosuite.coverage.exception.ExceptionCoverageSuiteFitness ** 1.0
Current fitness function value: class org.evosuite.coverage.mutation.WeakMutationSuiteFitness ** 0.9744525547445255
Current fitness function value: class org.evosuite.coverage.io.output.OutputCoverageSuiteFitness ** 0.5
Current fitness function value: class org.evosuite.coverage.method.MethodCoverageSuiteFitness ** 1.0
Current fitness function value: class org.evosuite.coverage.method.MethodNoExceptionCoverageSuiteFitness ** 1.0
Current fitness function value: class org.evosuite.coverage.cbranch.CBranchSuiteFitness ** 1.0
* Generated 27 tests with total length 144
* Resulting test suite's coverage: 93% (average coverage for all fitness functions)
* Generating assertions
* Resulting test suite's mutation score: 47%
Current fitness function value: class org.evosuite.coverage.line.LineCoverageSuiteFitness ** 1.0
Current fitness function value: class org.evosuite.coverage.branch.BranchCoverageSuiteFitness ** 1.0
Current fitness function value: class org.evosuite.coverage.exception.ExceptionCoverageSuiteFitness ** 1.0
Current fitness function value: class org.evosuite.coverage.mutation.WeakMutationSuiteFitness ** 0.9744525547445255
Current fitness function value: class org.evosuite.coverage.io.output.OutputCoverageSuiteFitness ** 0.5
Current fitness function value: class org.evosuite.coverage.method.MethodCoverageSuiteFitness ** 1.0
Current fitness function value: class org.evosuite.coverage.method.MethodNoExceptionCoverageSuiteFitness ** 1.0
Current fitness function value: class org.evosuite.coverage.cbranch.CBranchSuiteFitness ** 1.0
* Compiling and checking tests
* Writing tests to file
* Writing JUnit test case 'Binary_ESTest' to evosuite-tests
* Done!

* Computation finished
