* EvoSuite 1.0.7-SNAPSHOT
* Going to generate test cases for class: org.sat4j.tools.CheckMUSSolutionListener
* Starting Client-0
* Connecting to master process on port 16625
* Analyzing classpath: 
  - bins/sat4j/org.ow2.sat4j.core-2.3.6-SNAPSHOT.jar
  - bins/sat4j/org.ow2.sat4j.core-2.3.6-SNAPSHOT-tests.jar
* Finished analyzing classpath
* Executing tests from 1 test class for carving
[MASTER] 11:30:11.997 [logback-1] WARN  CarvingClassLoader - Instrumenting class 'org.sat4j.tools.CheckMUSSolutionListener'.
[MASTER] 11:30:12.085 [logback-1] WARN  CarvingClassLoader - Instrumenting class 'org.sat4j.tools.SolutionFoundListener'.
[MASTER] 11:30:12.088 [logback-1] WARN  CarvingClassLoader - Instrumenting class 'org.sat4j.tools.TestCheckItIsAMUS'.
[MASTER] 11:30:12.201 [logback-1] WARN  CarvingClassLoader - Instrumenting class 'org.sat4j.specs.IVecInt'.
[MASTER] 11:30:12.214 [logback-1] WARN  CarvingClassLoader - Instrumenting class 'org.sat4j.core.ASolverFactory'.
[MASTER] 11:30:12.224 [logback-1] WARN  CarvingClassLoader - Instrumenting class 'org.sat4j.minisat.SolverFactory'.
[MASTER] 11:30:12.665 [logback-1] WARN  CarvingClassLoader - Instrumenting class 'org.sat4j.specs.TimeoutException'.
[MASTER] 11:30:12.669 [logback-1] WARN  CarvingClassLoader - Instrumenting class 'org.sat4j.specs.ContradictionException'.
[MASTER] 11:30:12.675 [logback-1] WARN  CarvingClassLoader - Instrumenting class 'org.sat4j.minisat.core.ICDCL'.
[MASTER] 11:30:12.675 [logback-1] WARN  CarvingClassLoader - Instrumenting class 'org.sat4j.specs.ISolver'.
[MASTER] 11:30:12.676 [logback-1] WARN  CarvingClassLoader - Instrumenting class 'org.sat4j.specs.IProblem'.
[MASTER] 11:30:12.676 [logback-1] WARN  CarvingClassLoader - Instrumenting class 'org.sat4j.specs.RandomAccessModel'.
[MASTER] 11:30:12.676 [logback-1] WARN  CarvingClassLoader - Instrumenting class 'org.sat4j.specs.UnitPropagationListener'.
[MASTER] 11:30:12.676 [logback-1] WARN  CarvingClassLoader - Instrumenting class 'org.sat4j.minisat.core.ActivityListener'.
[MASTER] 11:30:12.677 [logback-1] WARN  CarvingClassLoader - Instrumenting class 'org.sat4j.minisat.core.VarActivityListener'.
[MASTER] 11:30:12.677 [logback-1] WARN  CarvingClassLoader - Instrumenting class 'org.sat4j.minisat.core.ConstrActivityListener'.
[MASTER] 11:30:12.677 [logback-1] WARN  CarvingClassLoader - Instrumenting class 'org.sat4j.minisat.core.Learner'.
[MASTER] 11:30:12.677 [logback-1] WARN  CarvingClassLoader - Instrumenting class 'org.sat4j.minisat.core.RestartStrategy'.
[MASTER] 11:30:12.677 [logback-1] WARN  CarvingClassLoader - Instrumenting class 'org.sat4j.minisat.core.ConflictTimer'.
[MASTER] 11:30:12.678 [logback-1] WARN  CarvingClassLoader - Instrumenting class 'org.sat4j.specs.IOptimizationProblem'.
[MASTER] 11:30:12.678 [logback-1] WARN  CarvingClassLoader - Instrumenting class 'org.sat4j.minisat.core.LearningStrategy'.
[MASTER] 11:30:12.682 [logback-1] WARN  CarvingClassLoader - Instrumenting class 'org.sat4j.minisat.core.DataStructureFactory'.
[MASTER] 11:30:12.683 [logback-1] WARN  CarvingClassLoader - Instrumenting class 'org.sat4j.minisat.core.IOrder'.
[MASTER] 11:30:12.690 [logback-1] WARN  CarvingClassLoader - Instrumenting class 'org.sat4j.minisat.learning.LimitedLearning'.
[MASTER] 11:30:12.694 [logback-1] WARN  CarvingClassLoader - Instrumenting class 'org.sat4j.minisat.learning.PercentLengthLearning'.
[MASTER] 11:30:12.724 [logback-1] WARN  CarvingClassLoader - Instrumenting class 'org.sat4j.minisat.core.IPhaseSelectionStrategy'.
[MASTER] 11:30:12.742 [logback-1] WARN  CarvingClassLoader - Instrumenting class 'org.sat4j.core.VecInt'.
[MASTER] 11:30:12.896 [logback-1] WARN  CarvingClassLoader - Instrumenting class 'org.sat4j.specs.IteratorInt'.
[MASTER] 11:30:12.902 [logback-1] WARN  CarvingClassLoader - Instrumenting class 'org.sat4j.core.VecInt$1'.
[MASTER] 11:30:12.905 [logback-1] WARN  CarvingClassLoader - Instrumenting class 'org.sat4j.minisat.constraints.MixedDataStructureDanielWL'.
[MASTER] 11:30:12.932 [logback-1] WARN  CarvingClassLoader - Instrumenting class 'org.sat4j.minisat.constraints.AbstractDataStructureFactory'.
[MASTER] 11:30:12.936 [logback-1] WARN  CarvingClassLoader - Instrumenting class 'org.sat4j.specs.IVec'.
[MASTER] 11:30:12.938 [logback-1] WARN  CarvingClassLoader - Instrumenting class 'org.sat4j.minisat.core.Constr'.
[MASTER] 11:30:12.939 [logback-1] WARN  CarvingClassLoader - Instrumenting class 'org.sat4j.specs.IConstr'.
[MASTER] 11:30:12.969 [logback-1] WARN  CarvingClassLoader - Instrumenting class 'org.sat4j.minisat.core.ILits'.
[MASTER] 11:30:12.980 [logback-1] WARN  CarvingClassLoader - Instrumenting class 'org.sat4j.core.Vec'.
[MASTER] 11:30:13.002 [logback-1] WARN  CarvingClassLoader - Instrumenting class 'org.sat4j.minisat.constraints.cnf.Lits'.
[MASTER] 11:30:13.044 [logback-1] WARN  CarvingClassLoader - Instrumenting class 'org.sat4j.minisat.orders.VarOrderHeap'.
[MASTER] 11:30:13.086 [logback-1] WARN  CarvingClassLoader - Instrumenting class 'org.sat4j.minisat.orders.PhaseInLastLearnedClauseSelectionStrategy'.
[MASTER] 11:30:13.120 [logback-1] WARN  CarvingClassLoader - Instrumenting class 'org.sat4j.minisat.orders.AbstractPhaserecordingSelectionStrategy'.
[MASTER] 11:30:13.121 [logback-1] WARN  CarvingClassLoader - Instrumenting class 'org.sat4j.minisat.core.Heap'.
[MASTER] 11:30:13.149 [logback-1] WARN  CarvingClassLoader - Instrumenting class 'org.sat4j.minisat.learning.MiniSATLearning'.
[MASTER] 11:30:13.155 [logback-1] WARN  CarvingClassLoader - Instrumenting class 'org.sat4j.minisat.learning.AbstractLearning'.
[MASTER] 11:30:13.156 [logback-1] WARN  CarvingClassLoader - Instrumenting class 'org.sat4j.minisat.core.Solver'.
[MASTER] 11:30:13.281 [logback-1] WARN  CarvingClassLoader - Instrumenting class 'org.sat4j.specs.ISolverService'.
[MASTER] 11:30:13.293 [logback-1] WARN  CarvingClassLoader - Instrumenting class 'org.sat4j.minisat.core.ISimplifier'.
[MASTER] 11:30:13.302 [logback-1] WARN  CarvingClassLoader - Instrumenting class 'org.sat4j.minisat.core.LearnedConstraintsDeletionStrategy'.
[MASTER] 11:30:13.307 [logback-1] WARN  CarvingClassLoader - Instrumenting class 'org.sat4j.minisat.core.Solver$10'.
[MASTER] 11:30:13.313 [logback-1] WARN  CarvingClassLoader - Instrumenting class 'org.sat4j.minisat.core.Counter'.
[MASTER] 11:30:13.322 [logback-1] WARN  CarvingClassLoader - Instrumenting class 'org.sat4j.specs.SearchListener'.
[MASTER] 11:30:13.337 [logback-1] WARN  CarvingClassLoader - Instrumenting class 'org.sat4j.minisat.core.Solver$1'.
[MASTER] 11:30:13.337 [logback-1] WARN  CarvingClassLoader - Instrumenting class 'org.sat4j.minisat.restarts.MiniSATRestarts'.
[MASTER] 11:30:13.366 [logback-1] WARN  CarvingClassLoader - Instrumenting class 'org.sat4j.minisat.core.SearchParams'.
[MASTER] 11:30:13.383 [logback-1] WARN  CarvingClassLoader - Instrumenting class 'org.sat4j.specs.ILogAble'.
[MASTER] 11:30:13.384 [logback-1] WARN  CarvingClassLoader - Instrumenting class 'org.sat4j.specs.ILogAble$1'.
 - Carving test org.sat4j.tools.TestCheckItIsAMUS.testItWorksOnSimpleNonMUSes
 - Carving test org.sat4j.tools.TestCheckItIsAMUS.testItWorksOnSimpleMUSes
 -> Carved 2 tests for class class org.sat4j.tools.CheckMUSSolutionListener from existing JUnit tests
 -> Carved 2 tests for class class org.sat4j.minisat.SolverFactory from existing JUnit tests
 -> Carved 2 tests for class class org.sat4j.core.VecInt from existing JUnit tests
 -> Carved 2 tests for class class org.sat4j.core.Vec from existing JUnit tests
 -> Carved 2 tests for class class org.sat4j.minisat.constraints.cnf.Lits from existing JUnit tests
 -> Carved 2 tests for class class org.sat4j.minisat.constraints.MixedDataStructureDanielWL from existing JUnit tests
 -> Carved 2 tests for class class org.sat4j.minisat.orders.PhaseInLastLearnedClauseSelectionStrategy from existing JUnit tests
 -> Carved 2 tests for class class org.sat4j.minisat.orders.VarOrderHeap from existing JUnit tests
 -> Carved 2 tests for class class org.sat4j.minisat.learning.MiniSATLearning from existing JUnit tests
 -> Carved 2 tests for class class org.sat4j.minisat.restarts.MiniSATRestarts from existing JUnit tests
 -> Carved 2 tests for class class org.sat4j.minisat.core.SearchParams from existing JUnit tests
* Generating tests for class org.sat4j.tools.CheckMUSSolutionListener
* Test criteria:
  - Line Coverage
  - Branch Coverage
  - Exception
  - Mutation testing (weak)
  - Method-Output Coverage
  - Top-Level Method Coverage
  - No-Exception Top-Level Method Coverage
  - Context Branch Coverage
* Total number of test goals for DYNAMOSA: 158
* Using seed 1550485798771
* Starting evolution
[Progress:>                             0%] [Cov:>                                  0%]* Initialsss Number of Goals in DynMOSA = 36 / 158
[Progress:>                             0%] [Cov:================>                  46%]Current fitness function value: class org.evosuite.coverage.line.LineCoverageSuiteFitness ** 0.3541666666666667
Current fitness function value: class org.evosuite.coverage.branch.BranchCoverageSuiteFitness ** 0.24
Current fitness function value: class org.evosuite.coverage.exception.ExceptionCoverageSuiteFitness ** 1.0
Current fitness function value: class org.evosuite.coverage.mutation.WeakMutationSuiteFitness ** 0.41304347826086957
Current fitness function value: class org.evosuite.coverage.io.output.OutputCoverageSuiteFitness ** 0.0
Current fitness function value: class org.evosuite.coverage.method.MethodCoverageSuiteFitness ** 0.8333333333333334
Current fitness function value: class org.evosuite.coverage.method.MethodNoExceptionCoverageSuiteFitness ** 0.6666666666666666
Current fitness function value: class org.evosuite.coverage.cbranch.CBranchSuiteFitness ** 0.24
* naaame: 
* naaame: org.evosuite.ShutdownTestWriter
* naaame: org.evosuite.ga.stoppingconditions.MaxFitnessEvaluationsStoppingCondition
Current fitness evaluations: 200
* naaame: org.evosuite.ga.stoppingconditions.GlobalTimeStoppingCondition
* naaame: org.evosuite.ga.stoppingconditions.RMIStoppingCondition
* naaame: org.evosuite.ga.stoppingconditions.ZeroFitnessStoppingCondition
[MASTER] 11:30:25.741 [logback-1] WARN  TestChromosome - Functional mock problem: org.evosuite.ga.ConstructionFailedException: Failed to add constructor for org.sat4j.tools.SolutionCounter due to org.evosuite.ga.ConstructionFailedException: Failed to add constructor for org.sat4j.tools.SubModelIterator due to org.evosuite.ga.ConstructionFailedException: Failed to add constructor for org.sat4j.tools.Minimal4CardinalityModel due to org.evosuite.ga.ConstructionFailedException: Failed to add constructor for org.sat4j.tools.Minimal4InclusionModel due to org.evosuite.ga.ConstructionFailedException: Failed to add constructor for org.sat4j.tools.SubModelIterator due to org.evosuite.ga.ConstructionFailedException: Max recursion depth reached
[MASTER] 11:30:26.173 [logback-1] WARN  TestChromosome - Functional mock problem: org.evosuite.ga.ConstructionFailedException: Failed to add constructor for org.sat4j.tools.Minimal4InclusionModel due to org.evosuite.ga.ConstructionFailedException: Failed to add constructor for org.sat4j.tools.LexicoDecorator due to org.evosuite.ga.ConstructionFailedException: Failed to add constructor for org.sat4j.tools.ClausalCardinalitiesDecorator due to org.evosuite.ga.ConstructionFailedException: Failed to add constructor for org.sat4j.tools.Minimal4CardinalityModel due to org.evosuite.ga.ConstructionFailedException: Failed to add constructor for org.sat4j.tools.Minimal4CardinalityModel due to org.evosuite.ga.ConstructionFailedException: Max recursion depth reached
[MASTER] 11:30:26.365 [logback-1] WARN  TestChromosome - Functional mock problem: org.evosuite.ga.ConstructionFailedException: Failed to add constructor for org.sat4j.tools.OptToSatAdapter due to org.evosuite.ga.ConstructionFailedException: Failed to add constructor for org.sat4j.opt.MinOneDecorator due to org.evosuite.ga.ConstructionFailedException: Failed to add constructor for org.sat4j.tools.ModelIteratorToSATAdapter due to org.evosuite.ga.ConstructionFailedException: Failed to add constructor for org.sat4j.tools.GroupClauseSelectorSolver due to org.evosuite.ga.ConstructionFailedException: Failed to add constructor for org.sat4j.tools.ModelIterator due to org.evosuite.ga.ConstructionFailedException: Max recursion depth reached
[MASTER] 11:30:26.511 [logback-1] WARN  TestChromosome - Functional mock problem: org.evosuite.ga.ConstructionFailedException: Failed to add constructor for org.sat4j.tools.Minimal4InclusionModel due to org.evosuite.ga.ConstructionFailedException: Failed to add constructor for org.sat4j.tools.LexicoDecorator due to org.evosuite.ga.ConstructionFailedException: Failed to add constructor for org.sat4j.tools.ClausalCardinalitiesDecorator due to org.evosuite.ga.ConstructionFailedException: Failed to add constructor for org.sat4j.tools.Minimal4CardinalityModel due to org.evosuite.ga.ConstructionFailedException: Failed to add constructor for org.sat4j.tools.AbstractMinimalModel due to org.evosuite.ga.ConstructionFailedException: Max recursion depth reached
[MASTER] 11:30:26.573 [logback-1] WARN  TestChromosome - Functional mock problem: org.evosuite.ga.ConstructionFailedException: Failed to add constructor for org.sat4j.tools.OptToSatAdapter due to org.evosuite.ga.ConstructionFailedException: Failed to add constructor for org.sat4j.tools.LexicoDecorator due to org.evosuite.ga.ConstructionFailedException: Failed to add constructor for org.sat4j.opt.MinOneDecorator due to org.evosuite.ga.ConstructionFailedException: Failed to add constructor for org.sat4j.tools.ClausalCardinalitiesDecorator due to org.evosuite.ga.ConstructionFailedException: Failed to add constructor for org.sat4j.tools.ClausalCardinalitiesDecorator due to org.evosuite.ga.ConstructionFailedException: Max recursion depth reached
[MASTER] 11:30:28.361 [logback-1] WARN  TestChromosome - Functional mock problem: org.evosuite.ga.ConstructionFailedException: Failed to add constructor for org.sat4j.tools.ModelIteratorToSATAdapter due to org.evosuite.ga.ConstructionFailedException: Failed to add constructor for org.sat4j.tools.ClausalCardinalitiesDecorator due to org.evosuite.ga.ConstructionFailedException: Failed to add constructor for org.sat4j.tools.ClausalCardinalitiesDecorator due to org.evosuite.ga.ConstructionFailedException: Failed to add constructor for org.sat4j.tools.SubModelIterator due to org.evosuite.ga.ConstructionFailedException: Failed to add constructor for org.sat4j.tools.NegationDecorator due to org.evosuite.ga.ConstructionFailedException: Max recursion depth reached
[MASTER] 11:30:28.719 [logback-1] WARN  TestChromosome - Functional mock problem: org.evosuite.ga.ConstructionFailedException: Failed to add constructor for org.sat4j.tools.Minimal4InclusionModel due to org.evosuite.ga.ConstructionFailedException: Failed to add constructor for org.sat4j.tools.ModelIteratorToSATAdapter due to org.evosuite.ga.ConstructionFailedException: Failed to add constructor for org.sat4j.tools.GroupClauseSelectorSolver due to org.evosuite.ga.ConstructionFailedException: Failed to add constructor for org.sat4j.tools.ModelIteratorToSATAdapter due to org.evosuite.ga.ConstructionFailedException: Failed to add constructor for org.sat4j.tools.Minimal4CardinalityModel due to org.evosuite.ga.ConstructionFailedException: Max recursion depth reached
[MASTER] 11:30:28.809 [logback-1] WARN  TestChromosome - Functional mock problem: org.evosuite.ga.ConstructionFailedException: Failed to add constructor for org.sat4j.tools.OptToSatAdapter due to org.evosuite.ga.ConstructionFailedException: Failed to add constructor for org.sat4j.opt.MaxSatDecorator due to org.evosuite.ga.ConstructionFailedException: Failed to add constructor for org.sat4j.tools.GroupClauseSelectorSolver due to org.evosuite.ga.ConstructionFailedException: Failed to add constructor for org.sat4j.tools.ModelIterator due to org.evosuite.ga.ConstructionFailedException: Failed to add constructor for org.sat4j.tools.SolutionCounter due to org.evosuite.ga.ConstructionFailedException: Max recursion depth reached
[MASTER] 11:30:28.902 [logback-1] WARN  TestChromosome - Functional mock problem: org.evosuite.ga.ConstructionFailedException: Failed to add constructor for org.sat4j.tools.SingleSolutionDetector due to org.evosuite.ga.ConstructionFailedException: Failed to add constructor for org.sat4j.tools.ModelIteratorToSATAdapter due to org.evosuite.ga.ConstructionFailedException: Failed to add constructor for org.sat4j.tools.AbstractMinimalModel due to org.evosuite.ga.ConstructionFailedException: Failed to add constructor for org.sat4j.tools.ClausalCardinalitiesDecorator due to org.evosuite.ga.ConstructionFailedException: Failed to add constructor for org.sat4j.tools.ClausalCardinalitiesDecorator due to org.evosuite.ga.ConstructionFailedException: Max recursion depth reached
[MASTER] 11:30:29.173 [logback-1] WARN  TestChromosome - Functional mock problem: org.evosuite.ga.ConstructionFailedException: Failed to add constructor for org.sat4j.tools.OptToSatAdapter due to org.evosuite.ga.ConstructionFailedException: Failed to add constructor for org.sat4j.opt.MinOneDecorator due to org.evosuite.ga.ConstructionFailedException: Failed to add constructor for org.sat4j.tools.SolutionCounter due to org.evosuite.ga.ConstructionFailedException: Failed to add constructor for org.sat4j.tools.SubModelIterator due to org.evosuite.ga.ConstructionFailedException: Max recursion depth reached
[MASTER] 11:30:29.656 [logback-1] WARN  TestChromosome - Functional mock problem: org.evosuite.ga.ConstructionFailedException: Failed to add constructor for org.sat4j.tools.Minimal4CardinalityModel due to org.evosuite.ga.ConstructionFailedException: Failed to add constructor for org.sat4j.tools.LexicoDecorator due to org.evosuite.ga.ConstructionFailedException: Failed to add constructor for org.sat4j.tools.ClausalCardinalitiesDecorator due to org.evosuite.ga.ConstructionFailedException: Failed to add constructor for org.sat4j.tools.Minimal4CardinalityModel due to org.evosuite.ga.ConstructionFailedException: Failed to add constructor for org.sat4j.tools.DimacsOutputSolver due to org.evosuite.ga.ConstructionFailedException: Max recursion depth reached
* naaame: 
* naaame: org.evosuite.ShutdownTestWriter
* naaame: org.evosuite.ga.stoppingconditions.MaxFitnessEvaluationsStoppingCondition
Current fitness evaluations: 302
* naaame: org.evosuite.ga.stoppingconditions.GlobalTimeStoppingCondition
* naaame: org.evosuite.ga.stoppingconditions.RMIStoppingCondition
* naaame: org.evosuite.ga.stoppingconditions.ZeroFitnessStoppingCondition
[Progress:>                             0%] [Cov:========================>          71%]Current fitness function value: class org.evosuite.coverage.line.LineCoverageSuiteFitness ** 0.5833333333333334
Current fitness function value: class org.evosuite.coverage.branch.BranchCoverageSuiteFitness ** 0.4
Current fitness function value: class org.evosuite.coverage.exception.ExceptionCoverageSuiteFitness ** 1.0
Current fitness function value: class org.evosuite.coverage.mutation.WeakMutationSuiteFitness ** 0.8260869565217391
Current fitness function value: class org.evosuite.coverage.io.output.OutputCoverageSuiteFitness ** 0.5
Current fitness function value: class org.evosuite.coverage.method.MethodCoverageSuiteFitness ** 1.0
Current fitness function value: class org.evosuite.coverage.method.MethodNoExceptionCoverageSuiteFitness ** 1.0
Current fitness function value: class org.evosuite.coverage.cbranch.CBranchSuiteFitness ** 0.4
[MASTER] 11:30:39.527 [logback-1] WARN  TestChromosome - Functional mock problem: org.evosuite.ga.ConstructionFailedException: Failed to add constructor for org.sat4j.tools.OptToSatAdapter due to org.evosuite.ga.ConstructionFailedException: Failed to add constructor for org.sat4j.tools.LexicoDecorator due to org.evosuite.ga.ConstructionFailedException: Failed to add constructor for org.sat4j.opt.MinOneDecorator due to org.evosuite.ga.ConstructionFailedException: Failed to add constructor for org.sat4j.minisat.core.Solver due to org.evosuite.ga.ConstructionFailedException: Failed to add constructor for org.sat4j.minisat.orders.TabuListDecorator due to org.evosuite.ga.ConstructionFailedException: Max recursion depth reached
[MASTER] 11:30:44.175 [logback-1] WARN  TestChromosome - Functional mock problem: org.evosuite.ga.ConstructionFailedException: Failed to add constructor for org.sat4j.tools.SingleSolutionDetector due to org.evosuite.ga.ConstructionFailedException: Failed to add constructor for org.sat4j.tools.ModelIterator due to org.evosuite.ga.ConstructionFailedException: Failed to add constructor for org.sat4j.tools.FullClauseSelectorSolver due to org.evosuite.ga.ConstructionFailedException: Failed to add constructor for org.sat4j.tools.AbstractMinimalModel due to org.evosuite.ga.ConstructionFailedException: Failed to add constructor for org.sat4j.tools.LexicoDecorator due to org.evosuite.ga.ConstructionFailedException: Max recursion depth reached
* naaame: 
* naaame: org.evosuite.ShutdownTestWriter
* naaame: org.evosuite.ga.stoppingconditions.MaxFitnessEvaluationsStoppingCondition
Current fitness evaluations: 402
* naaame: org.evosuite.ga.stoppingconditions.GlobalTimeStoppingCondition
[Progress:>                             0%] [Cov:============================>      80%]* naaame: org.evosuite.ga.stoppingconditions.RMIStoppingCondition
* naaame: org.evosuite.ga.stoppingconditions.ZeroFitnessStoppingCondition
Current fitness function value: class org.evosuite.coverage.line.LineCoverageSuiteFitness ** 0.6041666666666666
Current fitness function value: class org.evosuite.coverage.branch.BranchCoverageSuiteFitness ** 0.48
Current fitness function value: class org.evosuite.coverage.exception.ExceptionCoverageSuiteFitness ** 1.0
Current fitness function value: class org.evosuite.coverage.mutation.WeakMutationSuiteFitness ** 0.8478260869565217
Current fitness function value: class org.evosuite.coverage.io.output.OutputCoverageSuiteFitness ** 1.0
Current fitness function value: class org.evosuite.coverage.method.MethodCoverageSuiteFitness ** 1.0
Current fitness function value: class org.evosuite.coverage.method.MethodNoExceptionCoverageSuiteFitness ** 1.0
Current fitness function value: class org.evosuite.coverage.cbranch.CBranchSuiteFitness ** 0.48
* naaame: 
* naaame: org.evosuite.ShutdownTestWriter
[Progress:>                             0%] [Cov:============================>      80%]* naaame: org.evosuite.ga.stoppingconditions.MaxFitnessEvaluationsStoppingCondition
Current fitness evaluations: 512
* naaame: org.evosuite.ga.stoppingconditions.GlobalTimeStoppingCondition
* naaame: org.evosuite.ga.stoppingconditions.RMIStoppingCondition
* naaame: org.evosuite.ga.stoppingconditions.ZeroFitnessStoppingCondition
Current fitness function value: class org.evosuite.coverage.line.LineCoverageSuiteFitness ** 0.6041666666666666
Current fitness function value: class org.evosuite.coverage.branch.BranchCoverageSuiteFitness ** 0.48
Current fitness function value: class org.evosuite.coverage.exception.ExceptionCoverageSuiteFitness ** 1.0
Current fitness function value: class org.evosuite.coverage.mutation.WeakMutationSuiteFitness ** 0.8478260869565217
Current fitness function value: class org.evosuite.coverage.io.output.OutputCoverageSuiteFitness ** 1.0
Current fitness function value: class org.evosuite.coverage.method.MethodCoverageSuiteFitness ** 1.0
Current fitness function value: class org.evosuite.coverage.method.MethodNoExceptionCoverageSuiteFitness ** 1.0
Current fitness function value: class org.evosuite.coverage.cbranch.CBranchSuiteFitness ** 0.48
* naaame: 
* naaame: org.evosuite.ShutdownTestWriter
* naaame: org.evosuite.ga.stoppingconditions.MaxFitnessEvaluationsStoppingCondition
Current fitness evaluations: 620
* naaame: org.evosuite.ga.stoppingconditions.GlobalTimeStoppingCondition
* naaame: org.evosuite.ga.stoppingconditions.RMIStoppingCondition
* naaame: org.evosuite.ga.stoppingconditions.ZeroFitnessStoppingCondition
[Progress:>                             0%] [Cov:============================>      80%]Current fitness function value: class org.evosuite.coverage.line.LineCoverageSuiteFitness ** 0.6041666666666666
Current fitness function value: class org.evosuite.coverage.branch.BranchCoverageSuiteFitness ** 0.48
Current fitness function value: class org.evosuite.coverage.exception.ExceptionCoverageSuiteFitness ** 1.0
Current fitness function value: class org.evosuite.coverage.mutation.WeakMutationSuiteFitness ** 0.8478260869565217
Current fitness function value: class org.evosuite.coverage.io.output.OutputCoverageSuiteFitness ** 1.0
Current fitness function value: class org.evosuite.coverage.method.MethodCoverageSuiteFitness ** 1.0
Current fitness function value: class org.evosuite.coverage.method.MethodNoExceptionCoverageSuiteFitness ** 1.0
Current fitness function value: class org.evosuite.coverage.cbranch.CBranchSuiteFitness ** 0.48
[Progress:>                             0%] [Cov:===============================>   91%]* naaame: 
* naaame: org.evosuite.ShutdownTestWriter
* naaame: org.evosuite.ga.stoppingconditions.MaxFitnessEvaluationsStoppingCondition
Current fitness evaluations: 727
* naaame: org.evosuite.ga.stoppingconditions.GlobalTimeStoppingCondition
* naaame: org.evosuite.ga.stoppingconditions.RMIStoppingCondition
* naaame: org.evosuite.ga.stoppingconditions.ZeroFitnessStoppingCondition
Current fitness function value: class org.evosuite.coverage.line.LineCoverageSuiteFitness ** 0.7916666666666666
Current fitness function value: class org.evosuite.coverage.branch.BranchCoverageSuiteFitness ** 0.8
Current fitness function value: class org.evosuite.coverage.exception.ExceptionCoverageSuiteFitness ** 1.0
Current fitness function value: class org.evosuite.coverage.mutation.WeakMutationSuiteFitness ** 0.9347826086956522
Current fitness function value: class org.evosuite.coverage.io.output.OutputCoverageSuiteFitness ** 1.0
Current fitness function value: class org.evosuite.coverage.method.MethodCoverageSuiteFitness ** 1.0
Current fitness function value: class org.evosuite.coverage.method.MethodNoExceptionCoverageSuiteFitness ** 1.0
Current fitness function value: class org.evosuite.coverage.cbranch.CBranchSuiteFitness ** 0.8
[MASTER] 11:31:49.824 [logback-1] WARN  TestChromosome - Functional mock problem: org.evosuite.ga.ConstructionFailedException: Failed to add constructor for org.sat4j.tools.ModelIterator due to org.evosuite.ga.ConstructionFailedException: Failed to add constructor for org.sat4j.tools.Minimal4InclusionModel due to org.evosuite.ga.ConstructionFailedException: Failed to add constructor for org.sat4j.tools.OptToSatAdapter due to org.evosuite.ga.ConstructionFailedException: Failed to add constructor for org.sat4j.tools.LexicoDecorator due to org.evosuite.ga.ConstructionFailedException: Failed to add constructor for org.sat4j.opt.MinOneDecorator due to org.evosuite.ga.ConstructionFailedException: Max recursion depth reached
* naaame: 
* naaame: org.evosuite.ShutdownTestWriter
* naaame: org.evosuite.ga.stoppingconditions.MaxFitnessEvaluationsStoppingCondition
Current fitness evaluations: 833
* naaame: org.evosuite.ga.stoppingconditions.GlobalTimeStoppingCondition
* naaame: org.evosuite.ga.stoppingconditions.RMIStoppingCondition
* naaame: org.evosuite.ga.stoppingconditions.ZeroFitnessStoppingCondition
[Progress:>                             0%] [Cov:=================================> 95%]Current fitness function value: class org.evosuite.coverage.line.LineCoverageSuiteFitness ** 0.9166666666666666
Current fitness function value: class org.evosuite.coverage.branch.BranchCoverageSuiteFitness ** 0.88
Current fitness function value: class org.evosuite.coverage.exception.ExceptionCoverageSuiteFitness ** 1.0
Current fitness function value: class org.evosuite.coverage.mutation.WeakMutationSuiteFitness ** 0.9347826086956522
Current fitness function value: class org.evosuite.coverage.io.output.OutputCoverageSuiteFitness ** 1.0
Current fitness function value: class org.evosuite.coverage.method.MethodCoverageSuiteFitness ** 1.0
Current fitness function value: class org.evosuite.coverage.method.MethodNoExceptionCoverageSuiteFitness ** 1.0
Current fitness function value: class org.evosuite.coverage.cbranch.CBranchSuiteFitness ** 0.88
* naaame: 
* naaame: org.evosuite.ShutdownTestWriter
* naaame: org.evosuite.ga.stoppingconditions.MaxFitnessEvaluationsStoppingCondition
Current fitness evaluations: 938
* naaame: org.evosuite.ga.stoppingconditions.GlobalTimeStoppingCondition
* naaame: org.evosuite.ga.stoppingconditions.RMIStoppingCondition
* naaame: org.evosuite.ga.stoppingconditions.ZeroFitnessStoppingCondition
[Progress:>                             0%] [Cov:=================================> 95%]* naaame: 
* naaame: org.evosuite.ShutdownTestWriter
* naaame: org.evosuite.ga.stoppingconditions.MaxFitnessEvaluationsStoppingCondition
Current fitness evaluations: 1045
* naaame: org.evosuite.ga.stoppingconditions.GlobalTimeStoppingCondition
* naaame: org.evosuite.ga.stoppingconditions.RMIStoppingCondition
* naaame: org.evosuite.ga.stoppingconditions.ZeroFitnessStoppingCondition
[Progress:>                             0%] [Cov:=================================> 96%]Current fitness function value: class org.evosuite.coverage.line.LineCoverageSuiteFitness ** 0.9375
Current fitness function value: class org.evosuite.coverage.branch.BranchCoverageSuiteFitness ** 0.92
Current fitness function value: class org.evosuite.coverage.exception.ExceptionCoverageSuiteFitness ** 1.0
Current fitness function value: class org.evosuite.coverage.mutation.WeakMutationSuiteFitness ** 0.9565217391304348
Current fitness function value: class org.evosuite.coverage.io.output.OutputCoverageSuiteFitness ** 1.0
Current fitness function value: class org.evosuite.coverage.method.MethodCoverageSuiteFitness ** 1.0
Current fitness function value: class org.evosuite.coverage.method.MethodNoExceptionCoverageSuiteFitness ** 1.0
Current fitness function value: class org.evosuite.coverage.cbranch.CBranchSuiteFitness ** 0.92
* naaame: 
* naaame: org.evosuite.ShutdownTestWriter
* naaame: org.evosuite.ga.stoppingconditions.MaxFitnessEvaluationsStoppingCondition
Current fitness evaluations: 1149
* naaame: org.evosuite.ga.stoppingconditions.GlobalTimeStoppingCondition
* naaame: org.evosuite.ga.stoppingconditions.RMIStoppingCondition
* naaame: org.evosuite.ga.stoppingconditions.ZeroFitnessStoppingCondition
[Progress:>                             0%] [Cov:=================================> 96%]* naaame: 
* naaame: org.evosuite.ShutdownTestWriter
* naaame: org.evosuite.ga.stoppingconditions.MaxFitnessEvaluationsStoppingCondition
Current fitness evaluations: 1255
* naaame: org.evosuite.ga.stoppingconditions.GlobalTimeStoppingCondition
* naaame: org.evosuite.ga.stoppingconditions.RMIStoppingCondition
[Progress:>                             0%] [Cov:=================================> 96%]* naaame: org.evosuite.ga.stoppingconditions.ZeroFitnessStoppingCondition
Current fitness function value: class org.evosuite.coverage.line.LineCoverageSuiteFitness ** 0.9375
Current fitness function value: class org.evosuite.coverage.branch.BranchCoverageSuiteFitness ** 0.92
Current fitness function value: class org.evosuite.coverage.exception.ExceptionCoverageSuiteFitness ** 1.0
Current fitness function value: class org.evosuite.coverage.mutation.WeakMutationSuiteFitness ** 0.9782608695652174
Current fitness function value: class org.evosuite.coverage.io.output.OutputCoverageSuiteFitness ** 1.0
Current fitness function value: class org.evosuite.coverage.method.MethodCoverageSuiteFitness ** 1.0
Current fitness function value: class org.evosuite.coverage.method.MethodNoExceptionCoverageSuiteFitness ** 1.0
Current fitness function value: class org.evosuite.coverage.cbranch.CBranchSuiteFitness ** 0.92
[Progress:>                             0%] [Cov:=================================> 96%]* naaame: 
* naaame: org.evosuite.ShutdownTestWriter
* naaame: org.evosuite.ga.stoppingconditions.MaxFitnessEvaluationsStoppingCondition
Current fitness evaluations: 1357
* naaame: org.evosuite.ga.stoppingconditions.GlobalTimeStoppingCondition
* naaame: org.evosuite.ga.stoppingconditions.RMIStoppingCondition
* naaame: org.evosuite.ga.stoppingconditions.ZeroFitnessStoppingCondition
* naaame: 
* naaame: org.evosuite.ShutdownTestWriter
* naaame: org.evosuite.ga.stoppingconditions.MaxFitnessEvaluationsStoppingCondition
Current fitness evaluations: 1464
* naaame: org.evosuite.ga.stoppingconditions.GlobalTimeStoppingCondition
* naaame: org.evosuite.ga.stoppingconditions.RMIStoppingCondition
* naaame: org.evosuite.ga.stoppingconditions.ZeroFitnessStoppingCondition
[Progress:>                             0%] [Cov:=================================> 96%][Progress:>                             0%] [Cov:=================================> 96%]* naaame: 
* naaame: org.evosuite.ShutdownTestWriter
* naaame: org.evosuite.ga.stoppingconditions.MaxFitnessEvaluationsStoppingCondition
Current fitness evaluations: 1572
* naaame: org.evosuite.ga.stoppingconditions.GlobalTimeStoppingCondition
* naaame: org.evosuite.ga.stoppingconditions.RMIStoppingCondition
* naaame: org.evosuite.ga.stoppingconditions.ZeroFitnessStoppingCondition
Current fitness function value: class org.evosuite.coverage.line.LineCoverageSuiteFitness ** 0.9375
Current fitness function value: class org.evosuite.coverage.branch.BranchCoverageSuiteFitness ** 0.92
Current fitness function value: class org.evosuite.coverage.exception.ExceptionCoverageSuiteFitness ** 1.0
Current fitness function value: class org.evosuite.coverage.mutation.WeakMutationSuiteFitness ** 0.9782608695652174
Current fitness function value: class org.evosuite.coverage.io.output.OutputCoverageSuiteFitness ** 1.0
Current fitness function value: class org.evosuite.coverage.method.MethodCoverageSuiteFitness ** 1.0
Current fitness function value: class org.evosuite.coverage.method.MethodNoExceptionCoverageSuiteFitness ** 1.0
Current fitness function value: class org.evosuite.coverage.cbranch.CBranchSuiteFitness ** 0.92
* naaame: 
* naaame: org.evosuite.ShutdownTestWriter
* naaame: org.evosuite.ga.stoppingconditions.MaxFitnessEvaluationsStoppingCondition
Current fitness evaluations: 1625
* naaame: org.evosuite.ga.stoppingconditions.GlobalTimeStoppingCondition
* naaame: org.evosuite.ga.stoppingconditions.RMIStoppingCondition
* naaame: org.evosuite.ga.stoppingconditions.ZeroFitnessStoppingCondition
[Progress:>                             0%] [Cov:=================================> 96%]Current fitness function value: class org.evosuite.coverage.line.LineCoverageSuiteFitness ** 0.9375
Current fitness function value: class org.evosuite.coverage.branch.BranchCoverageSuiteFitness ** 0.92
Current fitness function value: class org.evosuite.coverage.exception.ExceptionCoverageSuiteFitness ** 1.0
Current fitness function value: class org.evosuite.coverage.mutation.WeakMutationSuiteFitness ** 0.9782608695652174
Current fitness function value: class org.evosuite.coverage.io.output.OutputCoverageSuiteFitness ** 1.0
Current fitness function value: class org.evosuite.coverage.method.MethodCoverageSuiteFitness ** 1.0
Current fitness function value: class org.evosuite.coverage.method.MethodNoExceptionCoverageSuiteFitness ** 1.0
Current fitness function value: class org.evosuite.coverage.cbranch.CBranchSuiteFitness ** 0.92

* Search finished after 121s and 14 generations, 33517 statements, best individual has fitness: 8.0
Current fitness function value: class org.evosuite.coverage.line.LineCoverageSuiteFitness ** 0.9375
Current fitness function value: class org.evosuite.coverage.branch.BranchCoverageSuiteFitness ** 0.92
Current fitness function value: class org.evosuite.coverage.exception.ExceptionCoverageSuiteFitness ** 1.0
Current fitness function value: class org.evosuite.coverage.mutation.WeakMutationSuiteFitness ** 0.9782608695652174
Current fitness function value: class org.evosuite.coverage.io.output.OutputCoverageSuiteFitness ** 1.0
Current fitness function value: class org.evosuite.coverage.method.MethodCoverageSuiteFitness ** 1.0
Current fitness function value: class org.evosuite.coverage.method.MethodNoExceptionCoverageSuiteFitness ** 1.0
Current fitness function value: class org.evosuite.coverage.cbranch.CBranchSuiteFitness ** 0.92
* Minimizing test suite
* Going to analyze the coverage criteria
* Coverage analysis for criterion LINE
* Coverage of criterion LINE: 94%
* Total number of goals: 48
* Number of covered goals: 45
* Coverage analysis for criterion BRANCH
* Coverage of criterion BRANCH: 92%
* Total number of goals: 25
* Number of covered goals: 23
* Coverage analysis for criterion EXCEPTION
* Coverage of criterion EXCEPTION: 100%
* Total number of goals: 10
* Number of covered goals: 10
* Coverage analysis for criterion WEAKMUTATION
* Coverage of criterion WEAKMUTATION: 98%
* Total number of goals: 46
* Number of covered goals: 45
* Coverage analysis for criterion OUTPUT
* Coverage of criterion OUTPUT: 100%
* Total number of goals: 2
* Number of covered goals: 2
* Coverage analysis for criterion METHOD
* Coverage of criterion METHOD: 100%
* Total number of goals: 6
* Number of covered goals: 6
* Coverage analysis for criterion METHODNOEXCEPTION
* Coverage of criterion METHODNOEXCEPTION: 100%
* Total number of goals: 6
* Number of covered goals: 6
* Coverage analysis for criterion CBRANCH
* Coverage of criterion CBRANCH: 92%
* Total number of goals: 25
* Number of covered goals: 23
Current fitness function value: class org.evosuite.coverage.line.LineCoverageSuiteFitness ** 0.9375
Current fitness function value: class org.evosuite.coverage.branch.BranchCoverageSuiteFitness ** 0.92
Current fitness function value: class org.evosuite.coverage.exception.ExceptionCoverageSuiteFitness ** 1.0
Current fitness function value: class org.evosuite.coverage.mutation.WeakMutationSuiteFitness ** 0.9782608695652174
Current fitness function value: class org.evosuite.coverage.io.output.OutputCoverageSuiteFitness ** 1.0
Current fitness function value: class org.evosuite.coverage.method.MethodCoverageSuiteFitness ** 1.0
Current fitness function value: class org.evosuite.coverage.method.MethodNoExceptionCoverageSuiteFitness ** 1.0
Current fitness function value: class org.evosuite.coverage.cbranch.CBranchSuiteFitness ** 0.92
* Generated 18 tests with total length 99
* Resulting test suite's coverage: 97% (average coverage for all fitness functions)
* Generating assertions
* Resulting test suite's mutation score: 59%
Current fitness function value: class org.evosuite.coverage.line.LineCoverageSuiteFitness ** 0.9375
Current fitness function value: class org.evosuite.coverage.branch.BranchCoverageSuiteFitness ** 0.92
Current fitness function value: class org.evosuite.coverage.exception.ExceptionCoverageSuiteFitness ** 1.0
Current fitness function value: class org.evosuite.coverage.mutation.WeakMutationSuiteFitness ** 0.9782608695652174
Current fitness function value: class org.evosuite.coverage.io.output.OutputCoverageSuiteFitness ** 1.0
Current fitness function value: class org.evosuite.coverage.method.MethodCoverageSuiteFitness ** 1.0
Current fitness function value: class org.evosuite.coverage.method.MethodNoExceptionCoverageSuiteFitness ** 1.0
Current fitness function value: class org.evosuite.coverage.cbranch.CBranchSuiteFitness ** 0.92
* Compiling and checking tests
* Writing tests to file
* Writing JUnit test case 'CheckMUSSolutionListener_ESTest' to evosuite-tests
* Done!

* Computation finished
