* EvoSuite 1.0.7-SNAPSHOT
* Going to generate test cases for class: org.sat4j.tools.CheckMUSSolutionListener
* Starting Client-0
* Connecting to master process on port 21395
* Analyzing classpath: 
  - bins/sat4j/org.ow2.sat4j.core-2.3.6-SNAPSHOT.jar
  - bins/sat4j/org.ow2.sat4j.core-2.3.6-SNAPSHOT-tests.jar
* Finished analyzing classpath
* Executing tests from 1 test class for carving
[MASTER] 13:20:06.638 [logback-1] WARN  CarvingClassLoader - Instrumenting class 'org.sat4j.tools.CheckMUSSolutionListener'.
[MASTER] 13:20:06.762 [logback-1] WARN  CarvingClassLoader - Instrumenting class 'org.sat4j.tools.SolutionFoundListener'.
[MASTER] 13:20:06.762 [logback-1] WARN  CarvingClassLoader - Instrumenting class 'org.sat4j.tools.TestCheckItIsAMUS'.
[MASTER] 13:20:06.845 [logback-1] WARN  CarvingClassLoader - Instrumenting class 'org.sat4j.core.ASolverFactory'.
[MASTER] 13:20:06.877 [logback-1] WARN  CarvingClassLoader - Instrumenting class 'org.sat4j.minisat.SolverFactory'.
[MASTER] 13:20:06.998 [logback-1] WARN  CarvingClassLoader - Instrumenting class 'org.sat4j.specs.IVecInt'.
[MASTER] 13:20:07.227 [logback-1] WARN  CarvingClassLoader - Instrumenting class 'org.sat4j.specs.TimeoutException'.
[MASTER] 13:20:07.240 [logback-1] WARN  CarvingClassLoader - Instrumenting class 'org.sat4j.specs.ContradictionException'.
[MASTER] 13:20:07.259 [logback-1] WARN  CarvingClassLoader - Instrumenting class 'org.sat4j.minisat.core.RestartStrategy'.
[MASTER] 13:20:07.259 [logback-1] WARN  CarvingClassLoader - Instrumenting class 'org.sat4j.minisat.core.ConflictTimer'.
[MASTER] 13:20:07.259 [logback-1] WARN  CarvingClassLoader - Instrumenting class 'org.sat4j.specs.ISolver'.
[MASTER] 13:20:07.260 [logback-1] WARN  CarvingClassLoader - Instrumenting class 'org.sat4j.specs.IProblem'.
[MASTER] 13:20:07.260 [logback-1] WARN  CarvingClassLoader - Instrumenting class 'org.sat4j.specs.RandomAccessModel'.
[MASTER] 13:20:07.260 [logback-1] WARN  CarvingClassLoader - Instrumenting class 'org.sat4j.specs.IOptimizationProblem'.
[MASTER] 13:20:07.261 [logback-1] WARN  CarvingClassLoader - Instrumenting class 'org.sat4j.minisat.core.LearningStrategy'.
[MASTER] 13:20:07.261 [logback-1] WARN  CarvingClassLoader - Instrumenting class 'org.sat4j.minisat.core.DataStructureFactory'.
[MASTER] 13:20:07.261 [logback-1] WARN  CarvingClassLoader - Instrumenting class 'org.sat4j.minisat.core.IOrder'.
[MASTER] 13:20:07.262 [logback-1] WARN  CarvingClassLoader - Instrumenting class 'org.sat4j.minisat.core.VarActivityListener'.
[MASTER] 13:20:07.262 [logback-1] WARN  CarvingClassLoader - Instrumenting class 'org.sat4j.minisat.core.ICDCL'.
[MASTER] 13:20:07.295 [logback-1] WARN  CarvingClassLoader - Instrumenting class 'org.sat4j.specs.UnitPropagationListener'.
[MASTER] 13:20:07.305 [logback-1] WARN  CarvingClassLoader - Instrumenting class 'org.sat4j.minisat.core.ActivityListener'.
[MASTER] 13:20:07.326 [logback-1] WARN  CarvingClassLoader - Instrumenting class 'org.sat4j.minisat.core.ConstrActivityListener'.
[MASTER] 13:20:07.334 [logback-1] WARN  CarvingClassLoader - Instrumenting class 'org.sat4j.minisat.core.Learner'.
[MASTER] 13:20:07.367 [logback-1] WARN  CarvingClassLoader - Instrumenting class 'org.sat4j.minisat.learning.LimitedLearning'.
[MASTER] 13:20:07.371 [logback-1] WARN  CarvingClassLoader - Instrumenting class 'org.sat4j.minisat.learning.PercentLengthLearning'.
[MASTER] 13:20:07.386 [logback-1] WARN  CarvingClassLoader - Instrumenting class 'org.sat4j.minisat.core.IPhaseSelectionStrategy'.
[MASTER] 13:20:07.415 [logback-1] WARN  CarvingClassLoader - Instrumenting class 'org.sat4j.core.VecInt'.
[MASTER] 13:20:07.505 [logback-1] WARN  CarvingClassLoader - Instrumenting class 'org.sat4j.specs.IteratorInt'.
[MASTER] 13:20:07.516 [logback-1] WARN  CarvingClassLoader - Instrumenting class 'org.sat4j.core.VecInt$1'.
[MASTER] 13:20:07.528 [logback-1] WARN  CarvingClassLoader - Instrumenting class 'org.sat4j.minisat.constraints.MixedDataStructureDanielWL'.
[MASTER] 13:20:07.531 [logback-1] WARN  CarvingClassLoader - Instrumenting class 'org.sat4j.minisat.constraints.AbstractDataStructureFactory'.
[MASTER] 13:20:07.533 [logback-1] WARN  CarvingClassLoader - Instrumenting class 'org.sat4j.specs.IVec'.
[MASTER] 13:20:07.534 [logback-1] WARN  CarvingClassLoader - Instrumenting class 'org.sat4j.minisat.core.Constr'.
[MASTER] 13:20:07.534 [logback-1] WARN  CarvingClassLoader - Instrumenting class 'org.sat4j.specs.IConstr'.
[MASTER] 13:20:07.545 [logback-1] WARN  CarvingClassLoader - Instrumenting class 'org.sat4j.minisat.core.ILits'.
[MASTER] 13:20:07.545 [logback-1] WARN  CarvingClassLoader - Instrumenting class 'org.sat4j.core.Vec'.
[MASTER] 13:20:07.596 [logback-1] WARN  CarvingClassLoader - Instrumenting class 'org.sat4j.minisat.constraints.cnf.Lits'.
[MASTER] 13:20:07.644 [logback-1] WARN  CarvingClassLoader - Instrumenting class 'org.sat4j.minisat.orders.VarOrderHeap'.
[MASTER] 13:20:07.657 [logback-1] WARN  CarvingClassLoader - Instrumenting class 'org.sat4j.minisat.orders.PhaseInLastLearnedClauseSelectionStrategy'.
[MASTER] 13:20:07.667 [logback-1] WARN  CarvingClassLoader - Instrumenting class 'org.sat4j.minisat.orders.AbstractPhaserecordingSelectionStrategy'.
[MASTER] 13:20:07.668 [logback-1] WARN  CarvingClassLoader - Instrumenting class 'org.sat4j.minisat.core.Heap'.
[MASTER] 13:20:07.683 [logback-1] WARN  CarvingClassLoader - Instrumenting class 'org.sat4j.minisat.learning.MiniSATLearning'.
[MASTER] 13:20:07.685 [logback-1] WARN  CarvingClassLoader - Instrumenting class 'org.sat4j.minisat.learning.AbstractLearning'.
[MASTER] 13:20:07.687 [logback-1] WARN  CarvingClassLoader - Instrumenting class 'org.sat4j.minisat.core.Solver'.
[MASTER] 13:20:07.907 [logback-1] WARN  CarvingClassLoader - Instrumenting class 'org.sat4j.specs.ISolverService'.
[MASTER] 13:20:07.909 [logback-1] WARN  CarvingClassLoader - Instrumenting class 'org.sat4j.minisat.core.ISimplifier'.
[MASTER] 13:20:07.958 [logback-1] WARN  CarvingClassLoader - Instrumenting class 'org.sat4j.minisat.core.LearnedConstraintsDeletionStrategy'.
[MASTER] 13:20:07.974 [logback-1] WARN  CarvingClassLoader - Instrumenting class 'org.sat4j.minisat.core.Solver$10'.
[MASTER] 13:20:07.977 [logback-1] WARN  CarvingClassLoader - Instrumenting class 'org.sat4j.minisat.core.Counter'.
[MASTER] 13:20:07.979 [logback-1] WARN  CarvingClassLoader - Instrumenting class 'org.sat4j.specs.SearchListener'.
[MASTER] 13:20:07.981 [logback-1] WARN  CarvingClassLoader - Instrumenting class 'org.sat4j.minisat.core.Solver$1'.
[MASTER] 13:20:07.981 [logback-1] WARN  CarvingClassLoader - Instrumenting class 'org.sat4j.minisat.restarts.MiniSATRestarts'.
[MASTER] 13:20:07.998 [logback-1] WARN  CarvingClassLoader - Instrumenting class 'org.sat4j.minisat.core.SearchParams'.
[MASTER] 13:20:08.002 [logback-1] WARN  CarvingClassLoader - Instrumenting class 'org.sat4j.specs.ILogAble'.
[MASTER] 13:20:08.002 [logback-1] WARN  CarvingClassLoader - Instrumenting class 'org.sat4j.specs.ILogAble$1'.
 - Carving test org.sat4j.tools.TestCheckItIsAMUS.testItWorksOnSimpleNonMUSes
 - Carving test org.sat4j.tools.TestCheckItIsAMUS.testItWorksOnSimpleMUSes
 -> Carved 2 tests for class class org.sat4j.tools.CheckMUSSolutionListener from existing JUnit tests
 -> Carved 2 tests for class class org.sat4j.minisat.SolverFactory from existing JUnit tests
 -> Carved 2 tests for class class org.sat4j.core.VecInt from existing JUnit tests
 -> Carved 2 tests for class class org.sat4j.core.Vec from existing JUnit tests
 -> Carved 2 tests for class class org.sat4j.minisat.constraints.cnf.Lits from existing JUnit tests
 -> Carved 2 tests for class class org.sat4j.minisat.constraints.MixedDataStructureDanielWL from existing JUnit tests
 -> Carved 2 tests for class class org.sat4j.minisat.orders.PhaseInLastLearnedClauseSelectionStrategy from existing JUnit tests
 -> Carved 2 tests for class class org.sat4j.minisat.orders.VarOrderHeap from existing JUnit tests
 -> Carved 2 tests for class class org.sat4j.minisat.learning.MiniSATLearning from existing JUnit tests
 -> Carved 2 tests for class class org.sat4j.minisat.restarts.MiniSATRestarts from existing JUnit tests
 -> Carved 2 tests for class class org.sat4j.minisat.core.SearchParams from existing JUnit tests
* Generating tests for class org.sat4j.tools.CheckMUSSolutionListener
* Test criteria:
  - Line Coverage
  - Branch Coverage
  - Exception
  - Mutation testing (weak)
  - Method-Output Coverage
  - Top-Level Method Coverage
  - No-Exception Top-Level Method Coverage
  - Context Branch Coverage
* Total number of test goals for DYNAMOSA: 158
* Using seed 1550492394102
* Starting evolution
[Progress:>                             0%] [Cov:>                                  0%]* Initialsss Number of Goals in DynMOSA = 36 / 158
[Progress:>                             0%] [Cov:================>                  46%]Current fitness function value: class org.evosuite.coverage.line.LineCoverageSuiteFitness ** 0.3541666666666667
Current fitness function value: class org.evosuite.coverage.branch.BranchCoverageSuiteFitness ** 0.24
Current fitness function value: class org.evosuite.coverage.exception.ExceptionCoverageSuiteFitness ** 1.0
Current fitness function value: class org.evosuite.coverage.mutation.WeakMutationSuiteFitness ** 0.41304347826086957
Current fitness function value: class org.evosuite.coverage.io.output.OutputCoverageSuiteFitness ** 0.0
Current fitness function value: class org.evosuite.coverage.method.MethodCoverageSuiteFitness ** 0.8333333333333334
Current fitness function value: class org.evosuite.coverage.method.MethodNoExceptionCoverageSuiteFitness ** 0.6666666666666666
Current fitness function value: class org.evosuite.coverage.cbranch.CBranchSuiteFitness ** 0.24
* naaame: 
* naaame: org.evosuite.ShutdownTestWriter
* naaame: org.evosuite.ga.stoppingconditions.MaxFitnessEvaluationsStoppingCondition
Current fitness evaluations: 200
* naaame: org.evosuite.ga.stoppingconditions.GlobalTimeStoppingCondition
* naaame: org.evosuite.ga.stoppingconditions.RMIStoppingCondition
* naaame: org.evosuite.ga.stoppingconditions.ZeroFitnessStoppingCondition
[MASTER] 13:20:18.626 [logback-1] WARN  TestChromosome - Functional mock problem: org.evosuite.ga.ConstructionFailedException: Failed to add constructor for org.sat4j.tools.DimacsOutputSolver due to org.evosuite.ga.ConstructionFailedException: Failed to add constructor for org.evosuite.runtime.mock.java.io.MockPrintWriter due to org.evosuite.ga.ConstructionFailedException: Failed to add constructor for org.evosuite.runtime.mock.java.io.MockPrintWriter due to org.evosuite.ga.ConstructionFailedException: Failed to add constructor for java.io.BufferedOutputStream due to org.evosuite.ga.ConstructionFailedException: Failed to add constructor for org.evosuite.runtime.mock.java.io.MockPrintStream due to org.evosuite.ga.ConstructionFailedException: Max recursion depth reached
[MASTER] 13:20:18.679 [logback-1] WARN  TestChromosome - Functional mock problem: org.evosuite.ga.ConstructionFailedException: Failed to add constructor for org.sat4j.tools.OptToSatAdapter due to org.evosuite.ga.ConstructionFailedException: Failed to add constructor for org.sat4j.tools.LexicoDecorator due to org.evosuite.ga.ConstructionFailedException: Failed to add constructor for org.sat4j.tools.GateTranslator due to org.evosuite.ga.ConstructionFailedException: Failed to add constructor for org.sat4j.tools.NegationDecorator due to org.evosuite.ga.ConstructionFailedException: Failed to add constructor for org.sat4j.tools.ModelIteratorToSATAdapter due to org.evosuite.ga.ConstructionFailedException: Max recursion depth reached
[MASTER] 13:20:18.929 [logback-1] WARN  TestChromosome - Functional mock problem: org.evosuite.ga.ConstructionFailedException: Failed to add constructor for org.sat4j.tools.OptToSatAdapter due to org.evosuite.ga.ConstructionFailedException: Failed to add constructor for org.sat4j.opt.MinOneDecorator due to org.evosuite.ga.ConstructionFailedException: Failed to add constructor for org.sat4j.tools.ModelIteratorToSATAdapter due to org.evosuite.ga.ConstructionFailedException: Failed to add constructor for org.sat4j.tools.SingleSolutionDetector due to org.evosuite.ga.ConstructionFailedException: Failed to add constructor for org.sat4j.tools.FullClauseSelectorSolver due to org.evosuite.ga.ConstructionFailedException: Max recursion depth reached
[MASTER] 13:20:19.855 [logback-1] WARN  TestChromosome - Functional mock problem: org.evosuite.ga.ConstructionFailedException: Failed to add constructor for org.sat4j.opt.MaxSatDecorator due to org.evosuite.ga.ConstructionFailedException: Failed to add constructor for org.sat4j.tools.Minimal4InclusionModel due to org.evosuite.ga.ConstructionFailedException: Failed to add constructor for org.sat4j.tools.Minimal4CardinalityModel due to org.evosuite.ga.ConstructionFailedException: Failed to add constructor for org.sat4j.tools.SubModelIterator due to org.evosuite.ga.ConstructionFailedException: Failed to add constructor for org.sat4j.tools.FullClauseSelectorSolver due to org.evosuite.ga.ConstructionFailedException: Max recursion depth reached
[MASTER] 13:20:19.952 [logback-1] WARN  TestChromosome - Functional mock problem: org.evosuite.ga.ConstructionFailedException: Failed to add constructor for org.sat4j.tools.Minimal4InclusionModel due to org.evosuite.ga.ConstructionFailedException: Failed to add constructor for org.sat4j.tools.ManyCore due to org.evosuite.ga.ConstructionFailedException: Failed to add constructor for org.sat4j.tools.ModelIterator due to org.evosuite.ga.ConstructionFailedException: Failed to add constructor for org.sat4j.opt.MaxSatDecorator due to org.evosuite.ga.ConstructionFailedException: Failed to add constructor for org.sat4j.tools.ModelIteratorToSATAdapter due to org.evosuite.ga.ConstructionFailedException: Failed to add constructor for org.sat4j.tools.SubModelIterator due to org.evosuite.ga.ConstructionFailedException: Failed to add constructor for org.sat4j.tools.AbstractMinimalModel due to org.evosuite.ga.ConstructionFailedException: Max recursion depth reached
[MASTER] 13:20:20.204 [logback-1] WARN  TestChromosome - Functional mock problem: org.evosuite.ga.ConstructionFailedException: Failed to add constructor for org.sat4j.tools.GateTranslator due to org.evosuite.ga.ConstructionFailedException: Failed to add constructor for org.sat4j.tools.GroupClauseSelectorSolver due to org.evosuite.ga.ConstructionFailedException: Failed to add constructor for org.sat4j.tools.Minimal4InclusionModel due to org.evosuite.ga.ConstructionFailedException: Failed to add constructor for org.sat4j.tools.DimacsOutputSolver due to org.evosuite.ga.ConstructionFailedException: Failed to add constructor for org.evosuite.runtime.mock.java.io.MockPrintWriter due to org.evosuite.ga.ConstructionFailedException: Max recursion depth reached
[MASTER] 13:20:20.276 [logback-1] WARN  TestChromosome - Functional mock problem: org.evosuite.ga.ConstructionFailedException: Failed to add constructor for org.sat4j.tools.ModelIterator due to org.evosuite.ga.ConstructionFailedException: Failed to add constructor for org.sat4j.tools.Minimal4CardinalityModel due to org.evosuite.ga.ConstructionFailedException: Failed to add constructor for org.sat4j.tools.ManyCore due to org.evosuite.ga.ConstructionFailedException: Failed to add constructor for org.sat4j.tools.ModelIteratorToSATAdapter due to org.evosuite.ga.ConstructionFailedException: Failed to add constructor for org.sat4j.tools.LexicoDecorator due to org.evosuite.ga.ConstructionFailedException: Failed to add constructor for org.sat4j.tools.ManyCore due to org.evosuite.ga.ConstructionFailedException: Failed to add constructor for org.sat4j.opt.MinOneDecorator due to org.evosuite.ga.ConstructionFailedException: Failed to add constructor for org.sat4j.tools.AbstractMinimalModel due to org.evosuite.ga.ConstructionFailedException: Failed to add constructor for org.sat4j.tools.SolutionCounter due to org.evosuite.ga.ConstructionFailedException: Failed to add constructor for org.sat4j.tools.ModelIteratorToSATAdapter due to org.evosuite.ga.ConstructionFailedException: Failed to add constructor for org.sat4j.opt.MaxSatDecorator due to org.evosuite.ga.ConstructionFailedException: Max recursion depth reached
[MASTER] 13:20:21.802 [logback-1] WARN  TestChromosome - Functional mock problem: org.evosuite.ga.ConstructionFailedException: Failed to add constructor for org.sat4j.tools.Minimal4InclusionModel due to org.evosuite.ga.ConstructionFailedException: Failed to add constructor for org.sat4j.tools.Minimal4CardinalityModel due to org.evosuite.ga.ConstructionFailedException: Failed to add constructor for org.sat4j.tools.FullClauseSelectorSolver due to org.evosuite.ga.ConstructionFailedException: Failed to add constructor for org.sat4j.opt.MinOneDecorator due to org.evosuite.ga.ConstructionFailedException: Failed to add constructor for org.sat4j.tools.ManyCore due to org.evosuite.ga.ConstructionFailedException: Max recursion depth reached
[MASTER] 13:20:22.341 [logback-1] WARN  TestChromosome - Functional mock problem: org.evosuite.ga.ConstructionFailedException: Failed to add constructor for org.sat4j.tools.Minimal4InclusionModel due to org.evosuite.ga.ConstructionFailedException: Failed to add constructor for org.sat4j.tools.SingleSolutionDetector due to org.evosuite.ga.ConstructionFailedException: Failed to add constructor for org.sat4j.tools.ManyCore due to org.evosuite.ga.ConstructionFailedException: Failed to add constructor for org.sat4j.tools.ModelIterator due to org.evosuite.ga.ConstructionFailedException: Failed to add constructor for org.sat4j.tools.ClausalCardinalitiesDecorator due to org.evosuite.ga.ConstructionFailedException: Failed to add constructor for org.sat4j.opt.MinOneDecorator due to org.evosuite.ga.ConstructionFailedException: Failed to add constructor for org.sat4j.tools.GroupClauseSelectorSolver due to org.evosuite.ga.ConstructionFailedException: Failed to add constructor for org.sat4j.tools.Minimal4InclusionModel due to org.evosuite.ga.ConstructionFailedException: Max recursion depth reached
[MASTER] 13:20:22.517 [logback-1] WARN  TestChromosome - Functional mock problem: org.evosuite.ga.ConstructionFailedException: Failed to add constructor for org.sat4j.tools.Minimal4CardinalityModel due to org.evosuite.ga.ConstructionFailedException: Failed to add constructor for org.sat4j.tools.GateTranslator due to org.evosuite.ga.ConstructionFailedException: Failed to add constructor for org.sat4j.opt.MinOneDecorator due to org.evosuite.ga.ConstructionFailedException: Failed to add constructor for org.sat4j.tools.GroupClauseSelectorSolver due to org.evosuite.ga.ConstructionFailedException: Failed to add constructor for org.sat4j.tools.Minimal4InclusionModel due to org.evosuite.ga.ConstructionFailedException: Max recursion depth reached
* naaame: 
* naaame: org.evosuite.ShutdownTestWriter
* naaame: org.evosuite.ga.stoppingconditions.MaxFitnessEvaluationsStoppingCondition
Current fitness evaluations: 304
* naaame: org.evosuite.ga.stoppingconditions.GlobalTimeStoppingCondition
* naaame: org.evosuite.ga.stoppingconditions.RMIStoppingCondition
* naaame: org.evosuite.ga.stoppingconditions.ZeroFitnessStoppingCondition
[Progress:>                             0%] [Cov:===============================>   89%]Current fitness function value: class org.evosuite.coverage.line.LineCoverageSuiteFitness ** 0.7708333333333334
Current fitness function value: class org.evosuite.coverage.branch.BranchCoverageSuiteFitness ** 0.72
Current fitness function value: class org.evosuite.coverage.exception.ExceptionCoverageSuiteFitness ** 1.0
Current fitness function value: class org.evosuite.coverage.mutation.WeakMutationSuiteFitness ** 0.9130434782608695
Current fitness function value: class org.evosuite.coverage.io.output.OutputCoverageSuiteFitness ** 1.0
Current fitness function value: class org.evosuite.coverage.method.MethodCoverageSuiteFitness ** 1.0
Current fitness function value: class org.evosuite.coverage.method.MethodNoExceptionCoverageSuiteFitness ** 1.0
Current fitness function value: class org.evosuite.coverage.cbranch.CBranchSuiteFitness ** 0.72
[MASTER] 13:20:27.505 [logback-1] WARN  TestChromosome - Functional mock problem: org.evosuite.ga.ConstructionFailedException: Failed to add constructor for org.sat4j.opt.MaxSatDecorator due to org.evosuite.ga.ConstructionFailedException: Failed to add constructor for org.sat4j.tools.SingleSolutionDetector due to org.evosuite.ga.ConstructionFailedException: Failed to add constructor for org.sat4j.tools.ModelIterator due to org.evosuite.ga.ConstructionFailedException: Failed to add constructor for org.sat4j.tools.DimacsOutputSolver due to org.evosuite.ga.ConstructionFailedException: Failed to add constructor for org.evosuite.runtime.mock.java.io.MockPrintWriter due to org.evosuite.ga.ConstructionFailedException: Max recursion depth reached
[MASTER] 13:20:27.720 [logback-1] WARN  TestChromosome - Functional mock problem: org.evosuite.ga.ConstructionFailedException: Failed to add constructor for org.sat4j.tools.SolutionCounter due to org.evosuite.ga.ConstructionFailedException: Failed to add constructor for org.sat4j.tools.ManyCore due to org.evosuite.ga.ConstructionFailedException: Failed to add constructor for org.sat4j.tools.ModelIterator due to org.evosuite.ga.ConstructionFailedException: Failed to add constructor for org.sat4j.tools.NegationDecorator due to org.evosuite.ga.ConstructionFailedException: Failed to add constructor for org.sat4j.tools.SubModelIterator due to org.evosuite.ga.ConstructionFailedException: Failed to add constructor for org.sat4j.tools.GroupClauseSelectorSolver due to org.evosuite.ga.ConstructionFailedException: Failed to add constructor for org.sat4j.tools.Minimal4InclusionModel due to org.evosuite.ga.ConstructionFailedException: Max recursion depth reached
* naaame: 
* naaame: org.evosuite.ShutdownTestWriter
* naaame: org.evosuite.ga.stoppingconditions.MaxFitnessEvaluationsStoppingCondition
Current fitness evaluations: 409
* naaame: org.evosuite.ga.stoppingconditions.GlobalTimeStoppingCondition
* naaame: org.evosuite.ga.stoppingconditions.RMIStoppingCondition
* naaame: org.evosuite.ga.stoppingconditions.ZeroFitnessStoppingCondition
[Progress:>                             0%] [Cov:===============================>   90%]* naaame: 
* naaame: org.evosuite.ShutdownTestWriter
* naaame: org.evosuite.ga.stoppingconditions.MaxFitnessEvaluationsStoppingCondition
Current fitness evaluations: 515
* naaame: org.evosuite.ga.stoppingconditions.GlobalTimeStoppingCondition
* naaame: org.evosuite.ga.stoppingconditions.RMIStoppingCondition
* naaame: org.evosuite.ga.stoppingconditions.ZeroFitnessStoppingCondition
[Progress:>                             0%] [Cov:================================>  93%]Current fitness function value: class org.evosuite.coverage.line.LineCoverageSuiteFitness ** 0.8958333333333334
Current fitness function value: class org.evosuite.coverage.branch.BranchCoverageSuiteFitness ** 0.84
Current fitness function value: class org.evosuite.coverage.exception.ExceptionCoverageSuiteFitness ** 1.0
Current fitness function value: class org.evosuite.coverage.mutation.WeakMutationSuiteFitness ** 0.9347826086956522
Current fitness function value: class org.evosuite.coverage.io.output.OutputCoverageSuiteFitness ** 1.0
Current fitness function value: class org.evosuite.coverage.method.MethodCoverageSuiteFitness ** 1.0
Current fitness function value: class org.evosuite.coverage.method.MethodNoExceptionCoverageSuiteFitness ** 1.0
Current fitness function value: class org.evosuite.coverage.cbranch.CBranchSuiteFitness ** 0.84
* naaame: 
* naaame: org.evosuite.ShutdownTestWriter
* naaame: org.evosuite.ga.stoppingconditions.MaxFitnessEvaluationsStoppingCondition
Current fitness evaluations: 615
* naaame: org.evosuite.ga.stoppingconditions.GlobalTimeStoppingCondition
* naaame: org.evosuite.ga.stoppingconditions.RMIStoppingCondition
* naaame: org.evosuite.ga.stoppingconditions.ZeroFitnessStoppingCondition
[Progress:>                             0%] [Cov:================================>  94%]* naaame: 
* naaame: org.evosuite.ShutdownTestWriter
* naaame: org.evosuite.ga.stoppingconditions.MaxFitnessEvaluationsStoppingCondition
Current fitness evaluations: 703
* naaame: org.evosuite.ga.stoppingconditions.GlobalTimeStoppingCondition
* naaame: org.evosuite.ga.stoppingconditions.RMIStoppingCondition
* naaame: org.evosuite.ga.stoppingconditions.ZeroFitnessStoppingCondition
[Progress:>                             0%] [Cov:================================>  94%]Current fitness function value: class org.evosuite.coverage.line.LineCoverageSuiteFitness ** 0.8958333333333334
Current fitness function value: class org.evosuite.coverage.branch.BranchCoverageSuiteFitness ** 0.84
Current fitness function value: class org.evosuite.coverage.exception.ExceptionCoverageSuiteFitness ** 1.0
Current fitness function value: class org.evosuite.coverage.mutation.WeakMutationSuiteFitness ** 0.9782608695652174
Current fitness function value: class org.evosuite.coverage.io.output.OutputCoverageSuiteFitness ** 1.0
Current fitness function value: class org.evosuite.coverage.method.MethodCoverageSuiteFitness ** 1.0
Current fitness function value: class org.evosuite.coverage.method.MethodNoExceptionCoverageSuiteFitness ** 1.0
Current fitness function value: class org.evosuite.coverage.cbranch.CBranchSuiteFitness ** 0.84
[Progress:>                             0%] [Cov:================================>  94%]* naaame: 
* naaame: org.evosuite.ShutdownTestWriter
* naaame: org.evosuite.ga.stoppingconditions.MaxFitnessEvaluationsStoppingCondition
Current fitness evaluations: 808
* naaame: org.evosuite.ga.stoppingconditions.GlobalTimeStoppingCondition
* naaame: org.evosuite.ga.stoppingconditions.RMIStoppingCondition
* naaame: org.evosuite.ga.stoppingconditions.ZeroFitnessStoppingCondition
* naaame: 
* naaame: org.evosuite.ShutdownTestWriter
* naaame: org.evosuite.ga.stoppingconditions.MaxFitnessEvaluationsStoppingCondition
Current fitness evaluations: 915
* naaame: org.evosuite.ga.stoppingconditions.GlobalTimeStoppingCondition
* naaame: org.evosuite.ga.stoppingconditions.RMIStoppingCondition
* naaame: org.evosuite.ga.stoppingconditions.ZeroFitnessStoppingCondition
[Progress:>                             0%] [Cov:================================>  94%][Progress:>                             0%] [Cov:================================>  94%]* naaame: 
* naaame: org.evosuite.ShutdownTestWriter
* naaame: org.evosuite.ga.stoppingconditions.MaxFitnessEvaluationsStoppingCondition
Current fitness evaluations: 1018
* naaame: org.evosuite.ga.stoppingconditions.GlobalTimeStoppingCondition
* naaame: org.evosuite.ga.stoppingconditions.RMIStoppingCondition
* naaame: org.evosuite.ga.stoppingconditions.ZeroFitnessStoppingCondition
Current fitness function value: class org.evosuite.coverage.line.LineCoverageSuiteFitness ** 0.8958333333333334
Current fitness function value: class org.evosuite.coverage.branch.BranchCoverageSuiteFitness ** 0.84
Current fitness function value: class org.evosuite.coverage.exception.ExceptionCoverageSuiteFitness ** 1.0
Current fitness function value: class org.evosuite.coverage.mutation.WeakMutationSuiteFitness ** 0.9782608695652174
Current fitness function value: class org.evosuite.coverage.io.output.OutputCoverageSuiteFitness ** 1.0
Current fitness function value: class org.evosuite.coverage.method.MethodCoverageSuiteFitness ** 1.0
Current fitness function value: class org.evosuite.coverage.method.MethodNoExceptionCoverageSuiteFitness ** 1.0
Current fitness function value: class org.evosuite.coverage.cbranch.CBranchSuiteFitness ** 0.84
* naaame: 
* naaame: org.evosuite.ShutdownTestWriter
* naaame: org.evosuite.ga.stoppingconditions.MaxFitnessEvaluationsStoppingCondition
Current fitness evaluations: 1122
* naaame: org.evosuite.ga.stoppingconditions.GlobalTimeStoppingCondition
* naaame: org.evosuite.ga.stoppingconditions.RMIStoppingCondition
* naaame: org.evosuite.ga.stoppingconditions.ZeroFitnessStoppingCondition
[Progress:>                             0%] [Cov:================================>  94%]* naaame: 
* naaame: org.evosuite.ShutdownTestWriter
* naaame: org.evosuite.ga.stoppingconditions.MaxFitnessEvaluationsStoppingCondition
Current fitness evaluations: 1222
* naaame: org.evosuite.ga.stoppingconditions.GlobalTimeStoppingCondition
* naaame: org.evosuite.ga.stoppingconditions.RMIStoppingCondition
* naaame: org.evosuite.ga.stoppingconditions.ZeroFitnessStoppingCondition
[Progress:>                             0%] [Cov:================================>  94%]* naaame: 
* naaame: org.evosuite.ShutdownTestWriter
* naaame: org.evosuite.ga.stoppingconditions.MaxFitnessEvaluationsStoppingCondition
Current fitness evaluations: 1325
* naaame: org.evosuite.ga.stoppingconditions.GlobalTimeStoppingCondition
* naaame: org.evosuite.ga.stoppingconditions.RMIStoppingCondition
* naaame: org.evosuite.ga.stoppingconditions.ZeroFitnessStoppingCondition
[Progress:>                             0%] [Cov:================================>  94%]Current fitness function value: class org.evosuite.coverage.line.LineCoverageSuiteFitness ** 0.8958333333333334
Current fitness function value: class org.evosuite.coverage.branch.BranchCoverageSuiteFitness ** 0.84
Current fitness function value: class org.evosuite.coverage.exception.ExceptionCoverageSuiteFitness ** 1.0
Current fitness function value: class org.evosuite.coverage.mutation.WeakMutationSuiteFitness ** 0.9782608695652174
Current fitness function value: class org.evosuite.coverage.io.output.OutputCoverageSuiteFitness ** 1.0
Current fitness function value: class org.evosuite.coverage.method.MethodCoverageSuiteFitness ** 1.0
Current fitness function value: class org.evosuite.coverage.method.MethodNoExceptionCoverageSuiteFitness ** 1.0
Current fitness function value: class org.evosuite.coverage.cbranch.CBranchSuiteFitness ** 0.84
[MASTER] 13:20:51.040 [logback-1] WARN  TestChromosome - Functional mock problem: org.evosuite.ga.ConstructionFailedException: Failed to add constructor for org.sat4j.tools.Minimal4CardinalityModel due to org.evosuite.ga.ConstructionFailedException: Failed to add constructor for org.sat4j.tools.Minimal4CardinalityModel due to org.evosuite.ga.ConstructionFailedException: Failed to add constructor for org.sat4j.tools.OptToSatAdapter due to org.evosuite.ga.ConstructionFailedException: Failed to add constructor for org.sat4j.opt.MaxSatDecorator due to org.evosuite.ga.ConstructionFailedException: Failed to add constructor for org.sat4j.tools.ModelIterator due to org.evosuite.ga.ConstructionFailedException: Max recursion depth reached
[MASTER] 13:20:51.155 [logback-1] WARN  TestChromosome - Functional mock problem: org.evosuite.ga.ConstructionFailedException: Failed to add constructor for org.sat4j.tools.Minimal4CardinalityModel due to org.evosuite.ga.ConstructionFailedException: Failed to add constructor for org.sat4j.tools.ClausalCardinalitiesDecorator due to org.evosuite.ga.ConstructionFailedException: Failed to add constructor for org.sat4j.opt.MinOneDecorator due to org.evosuite.ga.ConstructionFailedException: Failed to add constructor for org.sat4j.tools.Minimal4CardinalityModel due to org.evosuite.ga.ConstructionFailedException: Failed to add constructor for org.sat4j.tools.Minimal4InclusionModel due to org.evosuite.ga.ConstructionFailedException: Max recursion depth reached
* naaame: 
* naaame: org.evosuite.ShutdownTestWriter
* naaame: org.evosuite.ga.stoppingconditions.MaxFitnessEvaluationsStoppingCondition
Current fitness evaluations: 1425
* naaame: org.evosuite.ga.stoppingconditions.GlobalTimeStoppingCondition
* naaame: org.evosuite.ga.stoppingconditions.RMIStoppingCondition
* naaame: org.evosuite.ga.stoppingconditions.ZeroFitnessStoppingCondition
[Progress:>                             0%] [Cov:================================>  94%][Progress:>                             0%] [Cov:================================>  94%]* naaame: 
* naaame: org.evosuite.ShutdownTestWriter
* naaame: org.evosuite.ga.stoppingconditions.MaxFitnessEvaluationsStoppingCondition
Current fitness evaluations: 1528
* naaame: org.evosuite.ga.stoppingconditions.GlobalTimeStoppingCondition
* naaame: org.evosuite.ga.stoppingconditions.RMIStoppingCondition
* naaame: org.evosuite.ga.stoppingconditions.ZeroFitnessStoppingCondition
* naaame: 
* naaame: org.evosuite.ShutdownTestWriter
* naaame: org.evosuite.ga.stoppingconditions.MaxFitnessEvaluationsStoppingCondition
Current fitness evaluations: 1630
* naaame: org.evosuite.ga.stoppingconditions.GlobalTimeStoppingCondition
* naaame: org.evosuite.ga.stoppingconditions.RMIStoppingCondition
* naaame: org.evosuite.ga.stoppingconditions.ZeroFitnessStoppingCondition
[Progress:>                             0%] [Cov:================================>  94%]Current fitness function value: class org.evosuite.coverage.line.LineCoverageSuiteFitness ** 0.8958333333333334
Current fitness function value: class org.evosuite.coverage.branch.BranchCoverageSuiteFitness ** 0.84
Current fitness function value: class org.evosuite.coverage.exception.ExceptionCoverageSuiteFitness ** 1.0
Current fitness function value: class org.evosuite.coverage.mutation.WeakMutationSuiteFitness ** 0.9782608695652174
Current fitness function value: class org.evosuite.coverage.io.output.OutputCoverageSuiteFitness ** 1.0
Current fitness function value: class org.evosuite.coverage.method.MethodCoverageSuiteFitness ** 1.0
Current fitness function value: class org.evosuite.coverage.method.MethodNoExceptionCoverageSuiteFitness ** 1.0
Current fitness function value: class org.evosuite.coverage.cbranch.CBranchSuiteFitness ** 0.84
* naaame: 
* naaame: org.evosuite.ShutdownTestWriter
* naaame: org.evosuite.ga.stoppingconditions.MaxFitnessEvaluationsStoppingCondition
Current fitness evaluations: 1737
* naaame: org.evosuite.ga.stoppingconditions.GlobalTimeStoppingCondition
* naaame: org.evosuite.ga.stoppingconditions.RMIStoppingCondition
* naaame: org.evosuite.ga.stoppingconditions.ZeroFitnessStoppingCondition
[Progress:>                             0%] [Cov:================================>  94%][MASTER] 13:20:58.778 [logback-1] WARN  TestChromosome - Functional mock problem: org.evosuite.ga.ConstructionFailedException: Failed to add constructor for org.sat4j.tools.OptToSatAdapter due to org.evosuite.ga.ConstructionFailedException: Failed to add constructor for org.sat4j.tools.LexicoDecorator due to org.evosuite.ga.ConstructionFailedException: Failed to add constructor for org.sat4j.tools.GateTranslator due to org.evosuite.ga.ConstructionFailedException: Failed to add constructor for org.sat4j.tools.Minimal4CardinalityModel due to org.evosuite.ga.ConstructionFailedException: Failed to add constructor for org.sat4j.tools.ModelIteratorToSATAdapter due to org.evosuite.ga.ConstructionFailedException: Max recursion depth reached
* naaame: 
* naaame: org.evosuite.ShutdownTestWriter
* naaame: org.evosuite.ga.stoppingconditions.MaxFitnessEvaluationsStoppingCondition
Current fitness evaluations: 1834
* naaame: org.evosuite.ga.stoppingconditions.GlobalTimeStoppingCondition
* naaame: org.evosuite.ga.stoppingconditions.RMIStoppingCondition
* naaame: org.evosuite.ga.stoppingconditions.ZeroFitnessStoppingCondition
[Progress:>                             0%] [Cov:================================>  94%]* naaame: 
* naaame: org.evosuite.ShutdownTestWriter
* naaame: org.evosuite.ga.stoppingconditions.MaxFitnessEvaluationsStoppingCondition
Current fitness evaluations: 1926
* naaame: org.evosuite.ga.stoppingconditions.GlobalTimeStoppingCondition
* naaame: org.evosuite.ga.stoppingconditions.RMIStoppingCondition
* naaame: org.evosuite.ga.stoppingconditions.ZeroFitnessStoppingCondition
[Progress:>                             0%] [Cov:================================>  94%]* naaame: 
* naaame: org.evosuite.ShutdownTestWriter
* naaame: org.evosuite.ga.stoppingconditions.MaxFitnessEvaluationsStoppingCondition
Current fitness evaluations: 2028
* naaame: org.evosuite.ga.stoppingconditions.GlobalTimeStoppingCondition
* naaame: org.evosuite.ga.stoppingconditions.RMIStoppingCondition
* naaame: org.evosuite.ga.stoppingconditions.ZeroFitnessStoppingCondition
[Progress:>                             0%] [Cov:================================>  94%]Current fitness function value: class org.evosuite.coverage.line.LineCoverageSuiteFitness ** 0.8958333333333334
Current fitness function value: class org.evosuite.coverage.branch.BranchCoverageSuiteFitness ** 0.84
Current fitness function value: class org.evosuite.coverage.exception.ExceptionCoverageSuiteFitness ** 1.0
Current fitness function value: class org.evosuite.coverage.mutation.WeakMutationSuiteFitness ** 0.9782608695652174
Current fitness function value: class org.evosuite.coverage.io.output.OutputCoverageSuiteFitness ** 1.0
Current fitness function value: class org.evosuite.coverage.method.MethodCoverageSuiteFitness ** 1.0
Current fitness function value: class org.evosuite.coverage.method.MethodNoExceptionCoverageSuiteFitness ** 1.0
Current fitness function value: class org.evosuite.coverage.cbranch.CBranchSuiteFitness ** 0.84
* naaame: 
* naaame: org.evosuite.ShutdownTestWriter
* naaame: org.evosuite.ga.stoppingconditions.MaxFitnessEvaluationsStoppingCondition
Current fitness evaluations: 2129
* naaame: org.evosuite.ga.stoppingconditions.GlobalTimeStoppingCondition
* naaame: org.evosuite.ga.stoppingconditions.RMIStoppingCondition
* naaame: org.evosuite.ga.stoppingconditions.ZeroFitnessStoppingCondition
[Progress:>                             0%] [Cov:================================>  94%]* naaame: 
* naaame: org.evosuite.ShutdownTestWriter
* naaame: org.evosuite.ga.stoppingconditions.MaxFitnessEvaluationsStoppingCondition
Current fitness evaluations: 2233
* naaame: org.evosuite.ga.stoppingconditions.GlobalTimeStoppingCondition
* naaame: org.evosuite.ga.stoppingconditions.RMIStoppingCondition
* naaame: org.evosuite.ga.stoppingconditions.ZeroFitnessStoppingCondition
[Progress:>                             1%] [Cov:================================>  94%]* naaame: 
* naaame: org.evosuite.ShutdownTestWriter
* naaame: org.evosuite.ga.stoppingconditions.MaxFitnessEvaluationsStoppingCondition
Current fitness evaluations: 2329
* naaame: org.evosuite.ga.stoppingconditions.GlobalTimeStoppingCondition
* naaame: org.evosuite.ga.stoppingconditions.RMIStoppingCondition
* naaame: org.evosuite.ga.stoppingconditions.ZeroFitnessStoppingCondition
[Progress:>                             1%] [Cov:================================>  94%]Current fitness function value: class org.evosuite.coverage.line.LineCoverageSuiteFitness ** 0.8958333333333334
Current fitness function value: class org.evosuite.coverage.branch.BranchCoverageSuiteFitness ** 0.84
Current fitness function value: class org.evosuite.coverage.exception.ExceptionCoverageSuiteFitness ** 1.0
Current fitness function value: class org.evosuite.coverage.mutation.WeakMutationSuiteFitness ** 0.9782608695652174
Current fitness function value: class org.evosuite.coverage.io.output.OutputCoverageSuiteFitness ** 1.0
Current fitness function value: class org.evosuite.coverage.method.MethodCoverageSuiteFitness ** 1.0
Current fitness function value: class org.evosuite.coverage.method.MethodNoExceptionCoverageSuiteFitness ** 1.0
Current fitness function value: class org.evosuite.coverage.cbranch.CBranchSuiteFitness ** 0.84
[MASTER] 13:21:08.230 [logback-1] WARN  TestChromosome - Functional mock problem: org.evosuite.ga.ConstructionFailedException: Failed to add constructor for org.sat4j.tools.AbstractMinimalModel due to org.evosuite.ga.ConstructionFailedException: Failed to add constructor for org.sat4j.tools.ModelIterator due to org.evosuite.ga.ConstructionFailedException: Failed to add constructor for org.sat4j.tools.OptToSatAdapter due to org.evosuite.ga.ConstructionFailedException: Failed to add constructor for org.sat4j.tools.LexicoDecorator due to org.evosuite.ga.ConstructionFailedException: Failed to add constructor for org.sat4j.tools.GateTranslator due to org.evosuite.ga.ConstructionFailedException: Max recursion depth reached
[MASTER] 13:21:08.908 [logback-1] WARN  TestChromosome - Functional mock problem: org.evosuite.ga.ConstructionFailedException: Failed to add constructor for org.sat4j.tools.SolutionCounter due to org.evosuite.ga.ConstructionFailedException: Failed to add constructor for org.sat4j.tools.Minimal4InclusionModel due to org.evosuite.ga.ConstructionFailedException: Failed to add constructor for org.sat4j.opt.MaxSatDecorator due to org.evosuite.ga.ConstructionFailedException: Failed to add constructor for org.sat4j.tools.AbstractMinimalModel due to org.evosuite.ga.ConstructionFailedException: Failed to add constructor for org.sat4j.minisat.core.Solver due to org.evosuite.ga.ConstructionFailedException: Max recursion depth reached
* naaame: 
* naaame: org.evosuite.ShutdownTestWriter
* naaame: org.evosuite.ga.stoppingconditions.MaxFitnessEvaluationsStoppingCondition
Current fitness evaluations: 2432
* naaame: org.evosuite.ga.stoppingconditions.GlobalTimeStoppingCondition
* naaame: org.evosuite.ga.stoppingconditions.RMIStoppingCondition
* naaame: org.evosuite.ga.stoppingconditions.ZeroFitnessStoppingCondition
[Progress:>                             1%] [Cov:================================>  94%]* naaame: 
* naaame: org.evosuite.ShutdownTestWriter
* naaame: org.evosuite.ga.stoppingconditions.MaxFitnessEvaluationsStoppingCondition
Current fitness evaluations: 2529
* naaame: org.evosuite.ga.stoppingconditions.GlobalTimeStoppingCondition
* naaame: org.evosuite.ga.stoppingconditions.RMIStoppingCondition
* naaame: org.evosuite.ga.stoppingconditions.ZeroFitnessStoppingCondition
[Progress:>                             1%] [Cov:================================>  94%][MASTER] 13:21:12.120 [logback-1] WARN  TestChromosome - Functional mock problem: org.evosuite.ga.ConstructionFailedException: Failed to add constructor for org.sat4j.tools.Minimal4CardinalityModel due to org.evosuite.ga.ConstructionFailedException: Failed to add constructor for org.sat4j.opt.MinOneDecorator due to org.evosuite.ga.ConstructionFailedException: Failed to add constructor for org.sat4j.tools.Minimal4CardinalityModel due to org.evosuite.ga.ConstructionFailedException: Failed to add constructor for org.sat4j.tools.GroupClauseSelectorSolver due to org.evosuite.ga.ConstructionFailedException: Failed to add constructor for org.sat4j.tools.Minimal4InclusionModel due to org.evosuite.ga.ConstructionFailedException: Max recursion depth reached
[MASTER] 13:21:13.189 [logback-1] WARN  TestChromosome - Functional mock problem: org.evosuite.ga.ConstructionFailedException: Failed to add constructor for org.sat4j.tools.Minimal4CardinalityModel due to org.evosuite.ga.ConstructionFailedException: Failed to add constructor for org.sat4j.tools.OptToSatAdapter due to org.evosuite.ga.ConstructionFailedException: Failed to add constructor for org.sat4j.opt.MaxSatDecorator due to org.evosuite.ga.ConstructionFailedException: Failed to add constructor for org.sat4j.tools.SubModelIterator due to org.evosuite.ga.ConstructionFailedException: Failed to add constructor for org.sat4j.tools.ClausalCardinalitiesDecorator due to org.evosuite.ga.ConstructionFailedException: Max recursion depth reached
[MASTER] 13:21:13.420 [logback-1] WARN  TestChromosome - Functional mock problem: org.evosuite.ga.ConstructionFailedException: Failed to add constructor for org.sat4j.tools.Minimal4CardinalityModel due to org.evosuite.ga.ConstructionFailedException: Failed to add constructor for org.sat4j.tools.SingleSolutionDetector due to org.evosuite.ga.ConstructionFailedException: Failed to add constructor for org.sat4j.tools.GroupClauseSelectorSolver due to org.evosuite.ga.ConstructionFailedException: Failed to add constructor for org.sat4j.tools.Minimal4InclusionModel due to org.evosuite.ga.ConstructionFailedException: Failed to add constructor for org.sat4j.tools.GateTranslator due to org.evosuite.ga.ConstructionFailedException: Max recursion depth reached
* naaame: 
* naaame: org.evosuite.ShutdownTestWriter
* naaame: org.evosuite.ga.stoppingconditions.MaxFitnessEvaluationsStoppingCondition
Current fitness evaluations: 2622
* naaame: org.evosuite.ga.stoppingconditions.GlobalTimeStoppingCondition
* naaame: org.evosuite.ga.stoppingconditions.RMIStoppingCondition
* naaame: org.evosuite.ga.stoppingconditions.ZeroFitnessStoppingCondition
[Progress:>                             1%] [Cov:================================>  94%]Current fitness function value: class org.evosuite.coverage.line.LineCoverageSuiteFitness ** 0.8958333333333334
Current fitness function value: class org.evosuite.coverage.branch.BranchCoverageSuiteFitness ** 0.84
Current fitness function value: class org.evosuite.coverage.exception.ExceptionCoverageSuiteFitness ** 1.0
Current fitness function value: class org.evosuite.coverage.mutation.WeakMutationSuiteFitness ** 0.9782608695652174
Current fitness function value: class org.evosuite.coverage.io.output.OutputCoverageSuiteFitness ** 1.0
Current fitness function value: class org.evosuite.coverage.method.MethodCoverageSuiteFitness ** 1.0
Current fitness function value: class org.evosuite.coverage.method.MethodNoExceptionCoverageSuiteFitness ** 1.0
Current fitness function value: class org.evosuite.coverage.cbranch.CBranchSuiteFitness ** 0.84
* naaame: 
* naaame: org.evosuite.ShutdownTestWriter
* naaame: org.evosuite.ga.stoppingconditions.MaxFitnessEvaluationsStoppingCondition
Current fitness evaluations: 2727
* naaame: org.evosuite.ga.stoppingconditions.GlobalTimeStoppingCondition
* naaame: org.evosuite.ga.stoppingconditions.RMIStoppingCondition
* naaame: org.evosuite.ga.stoppingconditions.ZeroFitnessStoppingCondition
[Progress:>                             1%] [Cov:================================>  94%][Progress:>                             1%] [Cov:================================>  94%]* naaame: 
* naaame: org.evosuite.ShutdownTestWriter
* naaame: org.evosuite.ga.stoppingconditions.MaxFitnessEvaluationsStoppingCondition
Current fitness evaluations: 2819
* naaame: org.evosuite.ga.stoppingconditions.GlobalTimeStoppingCondition
* naaame: org.evosuite.ga.stoppingconditions.RMIStoppingCondition
* naaame: org.evosuite.ga.stoppingconditions.ZeroFitnessStoppingCondition
* naaame: 
* naaame: org.evosuite.ShutdownTestWriter
* naaame: org.evosuite.ga.stoppingconditions.MaxFitnessEvaluationsStoppingCondition
Current fitness evaluations: 2920
* naaame: org.evosuite.ga.stoppingconditions.GlobalTimeStoppingCondition
* naaame: org.evosuite.ga.stoppingconditions.RMIStoppingCondition
* naaame: org.evosuite.ga.stoppingconditions.ZeroFitnessStoppingCondition
[Progress:>                             1%] [Cov:================================>  94%][MASTER] 13:21:19.339 [logback-1] WARN  TestChromosome - Functional mock problem: org.evosuite.ga.ConstructionFailedException: Failed to add constructor for org.sat4j.opt.MaxSatDecorator due to org.evosuite.ga.ConstructionFailedException: Failed to add constructor for org.sat4j.tools.OptToSatAdapter due to org.evosuite.ga.ConstructionFailedException: Failed to add constructor for org.sat4j.opt.MinOneDecorator due to org.evosuite.ga.ConstructionFailedException: Failed to add constructor for org.sat4j.tools.Minimal4CardinalityModel due to org.evosuite.ga.ConstructionFailedException: Failed to add constructor for org.sat4j.tools.AbstractMinimalModel due to org.evosuite.ga.ConstructionFailedException: Max recursion depth reached
[MASTER] 13:21:20.071 [logback-1] WARN  TestChromosome - Functional mock problem: org.evosuite.ga.ConstructionFailedException: Failed to add constructor for org.sat4j.tools.SolutionCounter due to org.evosuite.ga.ConstructionFailedException: Failed to add constructor for org.sat4j.tools.GroupClauseSelectorSolver due to org.evosuite.ga.ConstructionFailedException: Failed to add constructor for org.sat4j.tools.Minimal4InclusionModel due to org.evosuite.ga.ConstructionFailedException: Failed to add constructor for org.sat4j.opt.MinOneDecorator due to org.evosuite.ga.ConstructionFailedException: Failed to add constructor for org.sat4j.tools.ModelIteratorToSATAdapter due to org.evosuite.ga.ConstructionFailedException: Max recursion depth reached
* naaame: 
* naaame: org.evosuite.ShutdownTestWriter
* naaame: org.evosuite.ga.stoppingconditions.MaxFitnessEvaluationsStoppingCondition
Current fitness evaluations: 3024
* naaame: org.evosuite.ga.stoppingconditions.GlobalTimeStoppingCondition
* naaame: org.evosuite.ga.stoppingconditions.RMIStoppingCondition
* naaame: org.evosuite.ga.stoppingconditions.ZeroFitnessStoppingCondition
[Progress:>                             1%] [Cov:================================>  94%]Current fitness function value: class org.evosuite.coverage.line.LineCoverageSuiteFitness ** 0.8958333333333334
Current fitness function value: class org.evosuite.coverage.branch.BranchCoverageSuiteFitness ** 0.84
Current fitness function value: class org.evosuite.coverage.exception.ExceptionCoverageSuiteFitness ** 1.0
Current fitness function value: class org.evosuite.coverage.mutation.WeakMutationSuiteFitness ** 0.9782608695652174
Current fitness function value: class org.evosuite.coverage.io.output.OutputCoverageSuiteFitness ** 1.0
Current fitness function value: class org.evosuite.coverage.method.MethodCoverageSuiteFitness ** 1.0
Current fitness function value: class org.evosuite.coverage.method.MethodNoExceptionCoverageSuiteFitness ** 1.0
Current fitness function value: class org.evosuite.coverage.cbranch.CBranchSuiteFitness ** 0.84
* naaame: 
* naaame: org.evosuite.ShutdownTestWriter
[Progress:>                             1%] [Cov:================================>  94%]* naaame: org.evosuite.ga.stoppingconditions.MaxFitnessEvaluationsStoppingCondition
Current fitness evaluations: 3129
* naaame: org.evosuite.ga.stoppingconditions.GlobalTimeStoppingCondition
* naaame: org.evosuite.ga.stoppingconditions.RMIStoppingCondition
* naaame: org.evosuite.ga.stoppingconditions.ZeroFitnessStoppingCondition
* naaame: 
* naaame: org.evosuite.ShutdownTestWriter
* naaame: org.evosuite.ga.stoppingconditions.MaxFitnessEvaluationsStoppingCondition
Current fitness evaluations: 3224
* naaame: org.evosuite.ga.stoppingconditions.GlobalTimeStoppingCondition
* naaame: org.evosuite.ga.stoppingconditions.RMIStoppingCondition
* naaame: org.evosuite.ga.stoppingconditions.ZeroFitnessStoppingCondition
[Progress:>                             1%] [Cov:================================>  94%]* naaame: 
* naaame: org.evosuite.ShutdownTestWriter
* naaame: org.evosuite.ga.stoppingconditions.MaxFitnessEvaluationsStoppingCondition
Current fitness evaluations: 3325
* naaame: org.evosuite.ga.stoppingconditions.GlobalTimeStoppingCondition
* naaame: org.evosuite.ga.stoppingconditions.RMIStoppingCondition
* naaame: org.evosuite.ga.stoppingconditions.ZeroFitnessStoppingCondition
[Progress:>                             1%] [Cov:================================>  94%]Current fitness function value: class org.evosuite.coverage.line.LineCoverageSuiteFitness ** 0.8958333333333334
Current fitness function value: class org.evosuite.coverage.branch.BranchCoverageSuiteFitness ** 0.84
Current fitness function value: class org.evosuite.coverage.exception.ExceptionCoverageSuiteFitness ** 1.0
Current fitness function value: class org.evosuite.coverage.mutation.WeakMutationSuiteFitness ** 0.9782608695652174
Current fitness function value: class org.evosuite.coverage.io.output.OutputCoverageSuiteFitness ** 1.0
Current fitness function value: class org.evosuite.coverage.method.MethodCoverageSuiteFitness ** 1.0
Current fitness function value: class org.evosuite.coverage.method.MethodNoExceptionCoverageSuiteFitness ** 1.0
Current fitness function value: class org.evosuite.coverage.cbranch.CBranchSuiteFitness ** 0.84
* naaame: 
* naaame: org.evosuite.ShutdownTestWriter
* naaame: org.evosuite.ga.stoppingconditions.MaxFitnessEvaluationsStoppingCondition
Current fitness evaluations: 3426
* naaame: org.evosuite.ga.stoppingconditions.GlobalTimeStoppingCondition
* naaame: org.evosuite.ga.stoppingconditions.RMIStoppingCondition
* naaame: org.evosuite.ga.stoppingconditions.ZeroFitnessStoppingCondition
[Progress:>                             1%] [Cov:================================>  94%]* naaame: 
* naaame: org.evosuite.ShutdownTestWriter
* naaame: org.evosuite.ga.stoppingconditions.MaxFitnessEvaluationsStoppingCondition
Current fitness evaluations: 3530
* naaame: org.evosuite.ga.stoppingconditions.GlobalTimeStoppingCondition
* naaame: org.evosuite.ga.stoppingconditions.RMIStoppingCondition
* naaame: org.evosuite.ga.stoppingconditions.ZeroFitnessStoppingCondition
[Progress:>                             1%] [Cov:================================>  94%]* naaame: 
* naaame: org.evosuite.ShutdownTestWriter
* naaame: org.evosuite.ga.stoppingconditions.MaxFitnessEvaluationsStoppingCondition
Current fitness evaluations: 3627
* naaame: org.evosuite.ga.stoppingconditions.GlobalTimeStoppingCondition
* naaame: org.evosuite.ga.stoppingconditions.RMIStoppingCondition
* naaame: org.evosuite.ga.stoppingconditions.ZeroFitnessStoppingCondition
[Progress:>                             1%] [Cov:================================>  94%]Current fitness function value: class org.evosuite.coverage.line.LineCoverageSuiteFitness ** 0.8958333333333334
Current fitness function value: class org.evosuite.coverage.branch.BranchCoverageSuiteFitness ** 0.84
Current fitness function value: class org.evosuite.coverage.exception.ExceptionCoverageSuiteFitness ** 1.0
Current fitness function value: class org.evosuite.coverage.mutation.WeakMutationSuiteFitness ** 0.9782608695652174
Current fitness function value: class org.evosuite.coverage.io.output.OutputCoverageSuiteFitness ** 1.0
Current fitness function value: class org.evosuite.coverage.method.MethodCoverageSuiteFitness ** 1.0
Current fitness function value: class org.evosuite.coverage.method.MethodNoExceptionCoverageSuiteFitness ** 1.0
Current fitness function value: class org.evosuite.coverage.cbranch.CBranchSuiteFitness ** 0.84
* naaame: 
* naaame: org.evosuite.ShutdownTestWriter
* naaame: org.evosuite.ga.stoppingconditions.MaxFitnessEvaluationsStoppingCondition
Current fitness evaluations: 3731
* naaame: org.evosuite.ga.stoppingconditions.GlobalTimeStoppingCondition
* naaame: org.evosuite.ga.stoppingconditions.RMIStoppingCondition
* naaame: org.evosuite.ga.stoppingconditions.ZeroFitnessStoppingCondition
[Progress:>                             1%] [Cov:================================>  94%]* naaame: 
* naaame: org.evosuite.ShutdownTestWriter
* naaame: org.evosuite.ga.stoppingconditions.MaxFitnessEvaluationsStoppingCondition
Current fitness evaluations: 3826
* naaame: org.evosuite.ga.stoppingconditions.GlobalTimeStoppingCondition
* naaame: org.evosuite.ga.stoppingconditions.RMIStoppingCondition
* naaame: org.evosuite.ga.stoppingconditions.ZeroFitnessStoppingCondition
[Progress:>                             1%] [Cov:================================>  94%]* naaame: 
* naaame: org.evosuite.ShutdownTestWriter
* naaame: org.evosuite.ga.stoppingconditions.MaxFitnessEvaluationsStoppingCondition
Current fitness evaluations: 3933
* naaame: org.evosuite.ga.stoppingconditions.GlobalTimeStoppingCondition
* naaame: org.evosuite.ga.stoppingconditions.RMIStoppingCondition
* naaame: org.evosuite.ga.stoppingconditions.ZeroFitnessStoppingCondition
[Progress:>                             1%] [Cov:================================>  94%]Current fitness function value: class org.evosuite.coverage.line.LineCoverageSuiteFitness ** 0.8958333333333334
Current fitness function value: class org.evosuite.coverage.branch.BranchCoverageSuiteFitness ** 0.84
Current fitness function value: class org.evosuite.coverage.exception.ExceptionCoverageSuiteFitness ** 1.0
Current fitness function value: class org.evosuite.coverage.mutation.WeakMutationSuiteFitness ** 0.9782608695652174
Current fitness function value: class org.evosuite.coverage.io.output.OutputCoverageSuiteFitness ** 1.0
Current fitness function value: class org.evosuite.coverage.method.MethodCoverageSuiteFitness ** 1.0
Current fitness function value: class org.evosuite.coverage.method.MethodNoExceptionCoverageSuiteFitness ** 1.0
Current fitness function value: class org.evosuite.coverage.cbranch.CBranchSuiteFitness ** 0.84
* naaame: 
* naaame: org.evosuite.ShutdownTestWriter
* naaame: org.evosuite.ga.stoppingconditions.MaxFitnessEvaluationsStoppingCondition
Current fitness evaluations: 4030
* naaame: org.evosuite.ga.stoppingconditions.GlobalTimeStoppingCondition
* naaame: org.evosuite.ga.stoppingconditions.RMIStoppingCondition
* naaame: org.evosuite.ga.stoppingconditions.ZeroFitnessStoppingCondition
[Progress:>                             1%] [Cov:================================>  94%][MASTER] 13:21:40.486 [logback-1] WARN  TestChromosome - Functional mock problem: org.evosuite.ga.ConstructionFailedException: Failed to add constructor for org.sat4j.tools.Minimal4InclusionModel due to org.evosuite.ga.ConstructionFailedException: Failed to add constructor for org.sat4j.opt.MinOneDecorator due to org.evosuite.ga.ConstructionFailedException: Failed to add constructor for org.sat4j.tools.SingleSolutionDetector due to org.evosuite.ga.ConstructionFailedException: Failed to add constructor for org.sat4j.tools.Minimal4CardinalityModel due to org.evosuite.ga.ConstructionFailedException: Failed to add constructor for org.sat4j.minisat.core.Solver due to org.evosuite.ga.ConstructionFailedException: Max recursion depth reached
[MASTER] 13:21:40.516 [logback-1] WARN  TestChromosome - Functional mock problem: org.evosuite.ga.ConstructionFailedException: Failed to add constructor for org.sat4j.tools.Minimal4InclusionModel due to org.evosuite.ga.ConstructionFailedException: Failed to add constructor for org.sat4j.tools.ManyCore due to org.evosuite.ga.ConstructionFailedException: Failed to add constructor for org.sat4j.tools.Minimal4InclusionModel due to org.evosuite.ga.ConstructionFailedException: Failed to add constructor for org.sat4j.tools.GateTranslator due to org.evosuite.ga.ConstructionFailedException: Failed to add constructor for org.sat4j.tools.AbstractMinimalModel due to org.evosuite.ga.ConstructionFailedException: Failed to add constructor for org.sat4j.opt.MaxSatDecorator due to org.evosuite.ga.ConstructionFailedException: Failed to add constructor for org.sat4j.tools.OptToSatAdapter due to org.evosuite.ga.ConstructionFailedException: Max recursion depth reached
[Progress:>                             1%] [Cov:================================>  94%]* naaame: 
* naaame: org.evosuite.ShutdownTestWriter
* naaame: org.evosuite.ga.stoppingconditions.MaxFitnessEvaluationsStoppingCondition
Current fitness evaluations: 4137
* naaame: org.evosuite.ga.stoppingconditions.GlobalTimeStoppingCondition
* naaame: org.evosuite.ga.stoppingconditions.RMIStoppingCondition
* naaame: org.evosuite.ga.stoppingconditions.ZeroFitnessStoppingCondition
* naaame: 
* naaame: org.evosuite.ShutdownTestWriter
* naaame: org.evosuite.ga.stoppingconditions.MaxFitnessEvaluationsStoppingCondition
Current fitness evaluations: 4234
* naaame: org.evosuite.ga.stoppingconditions.GlobalTimeStoppingCondition
* naaame: org.evosuite.ga.stoppingconditions.RMIStoppingCondition
* naaame: org.evosuite.ga.stoppingconditions.ZeroFitnessStoppingCondition
[Progress:>                             1%] [Cov:================================>  94%]Current fitness function value: class org.evosuite.coverage.line.LineCoverageSuiteFitness ** 0.8958333333333334
Current fitness function value: class org.evosuite.coverage.branch.BranchCoverageSuiteFitness ** 0.84
Current fitness function value: class org.evosuite.coverage.exception.ExceptionCoverageSuiteFitness ** 1.0
Current fitness function value: class org.evosuite.coverage.mutation.WeakMutationSuiteFitness ** 0.9782608695652174
Current fitness function value: class org.evosuite.coverage.io.output.OutputCoverageSuiteFitness ** 1.0
Current fitness function value: class org.evosuite.coverage.method.MethodCoverageSuiteFitness ** 1.0
Current fitness function value: class org.evosuite.coverage.method.MethodNoExceptionCoverageSuiteFitness ** 1.0
Current fitness function value: class org.evosuite.coverage.cbranch.CBranchSuiteFitness ** 0.84
* naaame: 
* naaame: org.evosuite.ShutdownTestWriter
* naaame: org.evosuite.ga.stoppingconditions.MaxFitnessEvaluationsStoppingCondition
Current fitness evaluations: 4336
* naaame: org.evosuite.ga.stoppingconditions.GlobalTimeStoppingCondition
* naaame: org.evosuite.ga.stoppingconditions.RMIStoppingCondition
* naaame: org.evosuite.ga.stoppingconditions.ZeroFitnessStoppingCondition
[Progress:>                             2%] [Cov:================================>  94%]* naaame: 
* naaame: org.evosuite.ShutdownTestWriter
* naaame: org.evosuite.ga.stoppingconditions.MaxFitnessEvaluationsStoppingCondition
Current fitness evaluations: 4434
* naaame: org.evosuite.ga.stoppingconditions.GlobalTimeStoppingCondition
* naaame: org.evosuite.ga.stoppingconditions.RMIStoppingCondition
* naaame: org.evosuite.ga.stoppingconditions.ZeroFitnessStoppingCondition
[Progress:>                             2%] [Cov:================================>  94%]* naaame: 
* naaame: org.evosuite.ShutdownTestWriter
* naaame: org.evosuite.ga.stoppingconditions.MaxFitnessEvaluationsStoppingCondition
Current fitness evaluations: 4540
* naaame: org.evosuite.ga.stoppingconditions.GlobalTimeStoppingCondition
* naaame: org.evosuite.ga.stoppingconditions.RMIStoppingCondition
* naaame: org.evosuite.ga.stoppingconditions.ZeroFitnessStoppingCondition
[Progress:>                             2%] [Cov:================================>  94%]Current fitness function value: class org.evosuite.coverage.line.LineCoverageSuiteFitness ** 0.8958333333333334
Current fitness function value: class org.evosuite.coverage.branch.BranchCoverageSuiteFitness ** 0.84
Current fitness function value: class org.evosuite.coverage.exception.ExceptionCoverageSuiteFitness ** 1.0
Current fitness function value: class org.evosuite.coverage.mutation.WeakMutationSuiteFitness ** 0.9782608695652174
Current fitness function value: class org.evosuite.coverage.io.output.OutputCoverageSuiteFitness ** 1.0
Current fitness function value: class org.evosuite.coverage.method.MethodCoverageSuiteFitness ** 1.0
Current fitness function value: class org.evosuite.coverage.method.MethodNoExceptionCoverageSuiteFitness ** 1.0
Current fitness function value: class org.evosuite.coverage.cbranch.CBranchSuiteFitness ** 0.84
[MASTER] 13:21:50.171 [logback-1] WARN  TestChromosome - Functional mock problem: org.evosuite.ga.ConstructionFailedException: Failed to add constructor for org.sat4j.tools.OptToSatAdapter due to org.evosuite.ga.ConstructionFailedException: Failed to add constructor for org.sat4j.opt.MaxSatDecorator due to org.evosuite.ga.ConstructionFailedException: Failed to add constructor for org.sat4j.tools.OptToSatAdapter due to org.evosuite.ga.ConstructionFailedException: Failed to add constructor for org.sat4j.tools.LexicoDecorator due to org.evosuite.ga.ConstructionFailedException: Failed to add constructor for org.sat4j.tools.GateTranslator due to org.evosuite.ga.ConstructionFailedException: Max recursion depth reached
* naaame: 
* naaame: org.evosuite.ShutdownTestWriter
* naaame: org.evosuite.ga.stoppingconditions.MaxFitnessEvaluationsStoppingCondition
Current fitness evaluations: 4645
* naaame: org.evosuite.ga.stoppingconditions.GlobalTimeStoppingCondition
* naaame: org.evosuite.ga.stoppingconditions.RMIStoppingCondition
* naaame: org.evosuite.ga.stoppingconditions.ZeroFitnessStoppingCondition
[Progress:>                             2%] [Cov:================================>  94%][Progress:>                             2%] [Cov:================================>  94%]* naaame: 
* naaame: org.evosuite.ShutdownTestWriter
* naaame: org.evosuite.ga.stoppingconditions.MaxFitnessEvaluationsStoppingCondition
Current fitness evaluations: 4753
* naaame: org.evosuite.ga.stoppingconditions.GlobalTimeStoppingCondition
* naaame: org.evosuite.ga.stoppingconditions.RMIStoppingCondition
* naaame: org.evosuite.ga.stoppingconditions.ZeroFitnessStoppingCondition
[Progress:>                             2%] [Cov:================================>  94%]* naaame: 
* naaame: org.evosuite.ShutdownTestWriter
* naaame: org.evosuite.ga.stoppingconditions.MaxFitnessEvaluationsStoppingCondition
Current fitness evaluations: 4849
* naaame: org.evosuite.ga.stoppingconditions.GlobalTimeStoppingCondition
* naaame: org.evosuite.ga.stoppingconditions.RMIStoppingCondition
* naaame: org.evosuite.ga.stoppingconditions.ZeroFitnessStoppingCondition
Current fitness function value: class org.evosuite.coverage.line.LineCoverageSuiteFitness ** 0.8958333333333334
Current fitness function value: class org.evosuite.coverage.branch.BranchCoverageSuiteFitness ** 0.84
Current fitness function value: class org.evosuite.coverage.exception.ExceptionCoverageSuiteFitness ** 1.0
Current fitness function value: class org.evosuite.coverage.mutation.WeakMutationSuiteFitness ** 0.9782608695652174
Current fitness function value: class org.evosuite.coverage.io.output.OutputCoverageSuiteFitness ** 1.0
Current fitness function value: class org.evosuite.coverage.method.MethodCoverageSuiteFitness ** 1.0
Current fitness function value: class org.evosuite.coverage.method.MethodNoExceptionCoverageSuiteFitness ** 1.0
Current fitness function value: class org.evosuite.coverage.cbranch.CBranchSuiteFitness ** 0.84
* naaame: 
* naaame: org.evosuite.ShutdownTestWriter
* naaame: org.evosuite.ga.stoppingconditions.MaxFitnessEvaluationsStoppingCondition
Current fitness evaluations: 4954
* naaame: org.evosuite.ga.stoppingconditions.GlobalTimeStoppingCondition
* naaame: org.evosuite.ga.stoppingconditions.RMIStoppingCondition
* naaame: org.evosuite.ga.stoppingconditions.ZeroFitnessStoppingCondition
[Progress:>                             2%] [Cov:================================>  94%][MASTER] 13:21:56.255 [logback-1] WARN  TestChromosome - Functional mock problem: org.evosuite.ga.ConstructionFailedException: Failed to add constructor for org.sat4j.tools.Minimal4CardinalityModel due to org.evosuite.ga.ConstructionFailedException: Failed to add constructor for org.sat4j.tools.SubModelIterator due to org.evosuite.ga.ConstructionFailedException: Failed to add constructor for org.sat4j.tools.Minimal4CardinalityModel due to org.evosuite.ga.ConstructionFailedException: Failed to add constructor for org.sat4j.tools.OptToSatAdapter due to org.evosuite.ga.ConstructionFailedException: Failed to add constructor for org.sat4j.opt.MinOneDecorator due to org.evosuite.ga.ConstructionFailedException: Max recursion depth reached
[MASTER] 13:21:57.183 [logback-1] WARN  TestChromosome - Functional mock problem: org.evosuite.ga.ConstructionFailedException: Failed to add constructor for org.sat4j.tools.Minimal4CardinalityModel due to org.evosuite.ga.ConstructionFailedException: Failed to add constructor for org.sat4j.tools.GroupClauseSelectorSolver due to org.evosuite.ga.ConstructionFailedException: Failed to add constructor for org.sat4j.tools.Minimal4InclusionModel due to org.evosuite.ga.ConstructionFailedException: Failed to add constructor for org.sat4j.tools.ModelIterator due to org.evosuite.ga.ConstructionFailedException: Failed to add constructor for org.sat4j.opt.MaxSatDecorator due to org.evosuite.ga.ConstructionFailedException: Max recursion depth reached
* naaame: 
* naaame: org.evosuite.ShutdownTestWriter
* naaame: org.evosuite.ga.stoppingconditions.MaxFitnessEvaluationsStoppingCondition
Current fitness evaluations: 5054
* naaame: org.evosuite.ga.stoppingconditions.GlobalTimeStoppingCondition
* naaame: org.evosuite.ga.stoppingconditions.RMIStoppingCondition
* naaame: org.evosuite.ga.stoppingconditions.ZeroFitnessStoppingCondition
[Progress:>                             2%] [Cov:================================>  94%]* naaame: 
* naaame: org.evosuite.ShutdownTestWriter
* naaame: org.evosuite.ga.stoppingconditions.MaxFitnessEvaluationsStoppingCondition
Current fitness evaluations: 5155
* naaame: org.evosuite.ga.stoppingconditions.GlobalTimeStoppingCondition
* naaame: org.evosuite.ga.stoppingconditions.RMIStoppingCondition
* naaame: org.evosuite.ga.stoppingconditions.ZeroFitnessStoppingCondition
[Progress:>                             2%] [Cov:================================>  94%][Progress:>                             2%] [Cov:================================>  94%]* naaame: 
* naaame: org.evosuite.ShutdownTestWriter
* naaame: org.evosuite.ga.stoppingconditions.MaxFitnessEvaluationsStoppingCondition
Current fitness evaluations: 5249
* naaame: org.evosuite.ga.stoppingconditions.GlobalTimeStoppingCondition
* naaame: org.evosuite.ga.stoppingconditions.RMIStoppingCondition
* naaame: org.evosuite.ga.stoppingconditions.ZeroFitnessStoppingCondition
Current fitness function value: class org.evosuite.coverage.line.LineCoverageSuiteFitness ** 0.8958333333333334
Current fitness function value: class org.evosuite.coverage.branch.BranchCoverageSuiteFitness ** 0.84
Current fitness function value: class org.evosuite.coverage.exception.ExceptionCoverageSuiteFitness ** 1.0
Current fitness function value: class org.evosuite.coverage.mutation.WeakMutationSuiteFitness ** 0.9782608695652174
Current fitness function value: class org.evosuite.coverage.io.output.OutputCoverageSuiteFitness ** 1.0
Current fitness function value: class org.evosuite.coverage.method.MethodCoverageSuiteFitness ** 1.0
Current fitness function value: class org.evosuite.coverage.method.MethodNoExceptionCoverageSuiteFitness ** 1.0
Current fitness function value: class org.evosuite.coverage.cbranch.CBranchSuiteFitness ** 0.84
* naaame: 
* naaame: org.evosuite.ShutdownTestWriter
* naaame: org.evosuite.ga.stoppingconditions.MaxFitnessEvaluationsStoppingCondition
Current fitness evaluations: 5350
* naaame: org.evosuite.ga.stoppingconditions.GlobalTimeStoppingCondition
* naaame: org.evosuite.ga.stoppingconditions.RMIStoppingCondition
* naaame: org.evosuite.ga.stoppingconditions.ZeroFitnessStoppingCondition
[Progress:>                             2%] [Cov:================================>  94%][MASTER] 13:22:04.544 [logback-1] WARN  TestChromosome - Functional mock problem: org.evosuite.ga.ConstructionFailedException: Failed to add constructor for org.sat4j.tools.Minimal4CardinalityModel due to org.evosuite.ga.ConstructionFailedException: Failed to add constructor for org.sat4j.tools.ManyCore due to org.evosuite.ga.ConstructionFailedException: Failed to add constructor for org.sat4j.opt.MaxSatDecorator due to org.evosuite.ga.ConstructionFailedException: Failed to add constructor for org.sat4j.tools.ModelIteratorToSATAdapter due to org.evosuite.ga.ConstructionFailedException: Failed to add constructor for org.sat4j.opt.MaxSatDecorator due to org.evosuite.ga.ConstructionFailedException: Failed to add constructor for org.sat4j.tools.Minimal4InclusionModel due to org.evosuite.ga.ConstructionFailedException: Failed to add constructor for org.sat4j.tools.NegationDecorator due to org.evosuite.ga.ConstructionFailedException: Max recursion depth reached
* naaame: 
* naaame: org.evosuite.ShutdownTestWriter
* naaame: org.evosuite.ga.stoppingconditions.MaxFitnessEvaluationsStoppingCondition
Current fitness evaluations: 5449
* naaame: org.evosuite.ga.stoppingconditions.GlobalTimeStoppingCondition
* naaame: org.evosuite.ga.stoppingconditions.RMIStoppingCondition
* naaame: org.evosuite.ga.stoppingconditions.ZeroFitnessStoppingCondition
[Progress:>                             2%] [Cov:================================>  94%]* naaame: 
* naaame: org.evosuite.ShutdownTestWriter
* naaame: org.evosuite.ga.stoppingconditions.MaxFitnessEvaluationsStoppingCondition
Current fitness evaluations: 5550
* naaame: org.evosuite.ga.stoppingconditions.GlobalTimeStoppingCondition
* naaame: org.evosuite.ga.stoppingconditions.RMIStoppingCondition
* naaame: org.evosuite.ga.stoppingconditions.ZeroFitnessStoppingCondition
[Progress:>                             2%] [Cov:================================>  94%]Current fitness function value: class org.evosuite.coverage.line.LineCoverageSuiteFitness ** 0.8958333333333334
Current fitness function value: class org.evosuite.coverage.branch.BranchCoverageSuiteFitness ** 0.84
Current fitness function value: class org.evosuite.coverage.exception.ExceptionCoverageSuiteFitness ** 1.0
Current fitness function value: class org.evosuite.coverage.mutation.WeakMutationSuiteFitness ** 0.9782608695652174
Current fitness function value: class org.evosuite.coverage.io.output.OutputCoverageSuiteFitness ** 1.0
Current fitness function value: class org.evosuite.coverage.method.MethodCoverageSuiteFitness ** 1.0
Current fitness function value: class org.evosuite.coverage.method.MethodNoExceptionCoverageSuiteFitness ** 1.0
Current fitness function value: class org.evosuite.coverage.cbranch.CBranchSuiteFitness ** 0.84
* naaame: 
* naaame: org.evosuite.ShutdownTestWriter
[Progress:>                             2%] [Cov:================================>  94%]* naaame: org.evosuite.ga.stoppingconditions.MaxFitnessEvaluationsStoppingCondition
Current fitness evaluations: 5649
* naaame: org.evosuite.ga.stoppingconditions.GlobalTimeStoppingCondition
* naaame: org.evosuite.ga.stoppingconditions.RMIStoppingCondition
* naaame: org.evosuite.ga.stoppingconditions.ZeroFitnessStoppingCondition
* naaame: 
* naaame: org.evosuite.ShutdownTestWriter
* naaame: org.evosuite.ga.stoppingconditions.MaxFitnessEvaluationsStoppingCondition
Current fitness evaluations: 5697
* naaame: org.evosuite.ga.stoppingconditions.GlobalTimeStoppingCondition
* naaame: org.evosuite.ga.stoppingconditions.RMIStoppingCondition
* naaame: org.evosuite.ga.stoppingconditions.ZeroFitnessStoppingCondition
[Progress:>                             2%] [Cov:================================>  94%]Current fitness function value: class org.evosuite.coverage.line.LineCoverageSuiteFitness ** 0.8958333333333334
Current fitness function value: class org.evosuite.coverage.branch.BranchCoverageSuiteFitness ** 0.84
Current fitness function value: class org.evosuite.coverage.exception.ExceptionCoverageSuiteFitness ** 1.0
Current fitness function value: class org.evosuite.coverage.mutation.WeakMutationSuiteFitness ** 0.9782608695652174
Current fitness function value: class org.evosuite.coverage.io.output.OutputCoverageSuiteFitness ** 1.0
Current fitness function value: class org.evosuite.coverage.method.MethodCoverageSuiteFitness ** 1.0
Current fitness function value: class org.evosuite.coverage.method.MethodNoExceptionCoverageSuiteFitness ** 1.0
Current fitness function value: class org.evosuite.coverage.cbranch.CBranchSuiteFitness ** 0.84

* Search finished after 121s and 55 generations, 113824 statements, best individual has fitness: 14.0
Current fitness function value: class org.evosuite.coverage.line.LineCoverageSuiteFitness ** 0.8958333333333334
Current fitness function value: class org.evosuite.coverage.branch.BranchCoverageSuiteFitness ** 0.84
Current fitness function value: class org.evosuite.coverage.exception.ExceptionCoverageSuiteFitness ** 1.0
Current fitness function value: class org.evosuite.coverage.mutation.WeakMutationSuiteFitness ** 0.9782608695652174
Current fitness function value: class org.evosuite.coverage.io.output.OutputCoverageSuiteFitness ** 1.0
Current fitness function value: class org.evosuite.coverage.method.MethodCoverageSuiteFitness ** 1.0
Current fitness function value: class org.evosuite.coverage.method.MethodNoExceptionCoverageSuiteFitness ** 1.0
Current fitness function value: class org.evosuite.coverage.cbranch.CBranchSuiteFitness ** 0.84
* Minimizing test suite
* Going to analyze the coverage criteria
* Coverage analysis for criterion LINE
* Coverage of criterion LINE: 92%
* Total number of goals: 48
* Number of covered goals: 44
* Coverage analysis for criterion BRANCH
* Coverage of criterion BRANCH: 84%
* Total number of goals: 25
* Number of covered goals: 21
* Coverage analysis for criterion EXCEPTION
* Coverage of criterion EXCEPTION: 100%
* Total number of goals: 14
* Number of covered goals: 14
* Coverage analysis for criterion WEAKMUTATION
* Coverage of criterion WEAKMUTATION: 98%
* Total number of goals: 46
* Number of covered goals: 45
* Coverage analysis for criterion OUTPUT
* Coverage of criterion OUTPUT: 100%
* Total number of goals: 2
* Number of covered goals: 2
* Coverage analysis for criterion METHOD
* Coverage of criterion METHOD: 100%
* Total number of goals: 6
* Number of covered goals: 6
* Coverage analysis for criterion METHODNOEXCEPTION
* Coverage of criterion METHODNOEXCEPTION: 100%
* Total number of goals: 6
* Number of covered goals: 6
* Coverage analysis for criterion CBRANCH
* Coverage of criterion CBRANCH: 84%
* Total number of goals: 25
* Number of covered goals: 21
Current fitness function value: class org.evosuite.coverage.line.LineCoverageSuiteFitness ** 0.8958333333333334
Current fitness function value: class org.evosuite.coverage.branch.BranchCoverageSuiteFitness ** 0.84
Current fitness function value: class org.evosuite.coverage.exception.ExceptionCoverageSuiteFitness ** 1.0
Current fitness function value: class org.evosuite.coverage.mutation.WeakMutationSuiteFitness ** 0.9782608695652174
Current fitness function value: class org.evosuite.coverage.io.output.OutputCoverageSuiteFitness ** 1.0
Current fitness function value: class org.evosuite.coverage.method.MethodCoverageSuiteFitness ** 1.0
Current fitness function value: class org.evosuite.coverage.method.MethodNoExceptionCoverageSuiteFitness ** 1.0
Current fitness function value: class org.evosuite.coverage.cbranch.CBranchSuiteFitness ** 0.84
* Generated 20 tests with total length 118
* Resulting test suite's coverage: 94% (average coverage for all fitness functions)
* Generating assertions
* Resulting test suite's mutation score: 59%
Current fitness function value: class org.evosuite.coverage.line.LineCoverageSuiteFitness ** 0.8958333333333334
Current fitness function value: class org.evosuite.coverage.branch.BranchCoverageSuiteFitness ** 0.84
Current fitness function value: class org.evosuite.coverage.exception.ExceptionCoverageSuiteFitness ** 1.0
Current fitness function value: class org.evosuite.coverage.mutation.WeakMutationSuiteFitness ** 0.9782608695652174
Current fitness function value: class org.evosuite.coverage.io.output.OutputCoverageSuiteFitness ** 1.0
Current fitness function value: class org.evosuite.coverage.method.MethodCoverageSuiteFitness ** 1.0
Current fitness function value: class org.evosuite.coverage.method.MethodNoExceptionCoverageSuiteFitness ** 1.0
Current fitness function value: class org.evosuite.coverage.cbranch.CBranchSuiteFitness ** 0.84
* Compiling and checking tests
* Permissions denied during test execution: 
  - java.lang.RuntimePermission: 
         writeFileDescriptor: 1
* Writing tests to file
* Writing JUnit test case 'CheckMUSSolutionListener_ESTest' to evosuite-tests
* Done!

* Computation finished
